Device:  cuda
{'alpha_loss': 0.5,
 'batch_size': 64,
 'dataset': 'food_pd',
 'datatype': 'order',
 'device': device(type='cuda'),
 'early_stop': 10,
 'edge_fea_dim': 5,
 'embedding_dim': 32,
 'eval_end_1': 11,
 'eval_end_2': 25,
 'eval_start': 1,
 'gcn_num_layers': 2,
 'hidden_size': 8,
 'is_eval': False,
 'is_test': False,
 'k_min_nodes': 3,
 'k_nearest_neighbors': 'n-1',
 'lr': 0.001,
 'max_task_num': 25,
 'min_task_num': 0,
 'modelArrivalTime': 'RankPETA',
 'modelRoute': 'graph2route_pd',
 'no_cuda': False,
 'node_fea_dim': 8,
 'node_features_test': '/home/sentanoe/joint_training/data/dataset/food_pd/node_features_test_full.npy',
 'node_features_train': '/home/sentanoe/joint_training/data/dataset/food_pd/node_features_train_full.npy',
 'node_features_val': '/home/sentanoe/joint_training/data/dataset/food_pd/node_features_val_full.npy',
 'num_block': 2,
 'num_epoch': 1000,
 'num_head': 2,
 'num_worker_logistics': 2346,
 'num_worker_pd': 920,
 'pad_value': 26,
 'seed': 1000,
 'sort_mode': 'pnn_idx',
 'spatial_encoder': 'gcn',
 'temporal_encoder': 'tft',
 'test_path': '/home/sentanoe/joint_training/data/dataset/food_pd/test_full.npy',
 'train_mode': 'sort',
 'train_path': '/home/sentanoe/joint_training/data/dataset/food_pd/train_full.npy',
 'val_path': '/home/sentanoe/joint_training/data/dataset/food_pd/val_full.npy',
 'wd': 1e-05,
 'worker_emb_dim': 10,
 'workers': 2}
last_x_size:13;unpick_x_size:12;input_size:53
#train:2521 | #val:1257 | #test:1261
*** Epoch: 0 ***
-----------------G2R RESULT-------------------

val result: krc:0.76 | lsd:0.703 | ed:1.019 | hr@1:0.634 | hr@2:0.855 | hr@3:0.903 | acc@1:0.634 | acc@2:0.574 | acc@3:0.537 | Best krc: -1 | Best epoch: -1
best model saved
[2024-01-10 03:03:18] INFO (nni/MainThread) Intermediate result: 0.7603340609899422  (Index 0)
-----------------ETPA RESULT-------------------
Epoch 0: Validation	rmse: 24.4	mae: 19.2	mape: 72.65%	acc@10: 31.85%	acc@20: 59.63%	acc@30: 79.26%	
[2024-01-10 03:03:18] INFO (nni/MainThread) Intermediate result: 24.396581241426663  (Index 1)
*** Epoch: 1 ***
-----------------G2R RESULT-------------------

val result: krc:0.747 | lsd:0.738 | ed:1.058 | hr@1:0.628 | hr@2:0.847 | hr@3:0.9 | acc@1:0.628 | acc@2:0.561 | acc@3:0.519 | Best krc: 0.76 | Best epoch: 0
[2024-01-10 03:05:06] INFO (nni/MainThread) Intermediate result: 0.7472243104512454  (Index 2)
-----------------ETPA RESULT-------------------
Epoch 1: Validation	rmse: 23.88	mae: 18.17	mape: 97.8%	acc@10: 35.93%	acc@20: 64.81%	acc@30: 81.48%	
[2024-01-10 03:05:06] INFO (nni/MainThread) Intermediate result: 23.88430609921035  (Index 3)
*** Epoch: 2 ***
-----------------G2R RESULT-------------------

val result: krc:0.764 | lsd:0.701 | ed:1.02 | hr@1:0.634 | hr@2:0.858 | hr@3:0.903 | acc@1:0.634 | acc@2:0.573 | acc@3:0.533 | Best krc: 0.76 | Best epoch: 0
best model saved
[2024-01-10 03:06:54] INFO (nni/MainThread) Intermediate result: 0.7641872652279299  (Index 4)
-----------------ETPA RESULT-------------------
Epoch 2: Validation	rmse: 22.62	mae: 17.51	mape: 105.37%	acc@10: 35.8%	acc@20: 66.42%	acc@30: 83.46%	
[2024-01-10 03:06:54] INFO (nni/MainThread) Intermediate result: 22.621332358916806  (Index 5)
*** Epoch: 3 ***
-----------------G2R RESULT-------------------

val result: krc:0.768 | lsd:0.678 | ed:1.017 | hr@1:0.644 | hr@2:0.859 | hr@3:0.903 | acc@1:0.644 | acc@2:0.577 | acc@3:0.532 | Best krc: 0.764 | Best epoch: 2
best model saved
[2024-01-10 03:08:43] INFO (nni/MainThread) Intermediate result: 0.7684319751569423  (Index 6)
-----------------ETPA RESULT-------------------
Epoch 3: Validation	rmse: 21.43	mae: 16.67	mape: 104.04%	acc@10: 37.59%	acc@20: 68.24%	acc@30: 85.0%	
[2024-01-10 03:08:43] INFO (nni/MainThread) Intermediate result: 21.433856914398138  (Index 7)
*** Epoch: 4 ***
-----------------G2R RESULT-------------------

val result: krc:0.758 | lsd:0.695 | ed:1.028 | hr@1:0.636 | hr@2:0.855 | hr@3:0.903 | acc@1:0.636 | acc@2:0.568 | acc@3:0.528 | Best krc: 0.768 | Best epoch: 3
[2024-01-10 03:10:31] INFO (nni/MainThread) Intermediate result: 0.7575871520340256  (Index 8)
-----------------ETPA RESULT-------------------
Epoch 4: Validation	rmse: 20.59	mae: 16.04	mape: 103.13%	acc@10: 39.26%	acc@20: 69.85%	acc@30: 86.3%	
[2024-01-10 03:10:31] INFO (nni/MainThread) Intermediate result: 20.588931683170358  (Index 9)
*** Epoch: 5 ***
-----------------G2R RESULT-------------------

val result: krc:0.773 | lsd:0.672 | ed:0.982 | hr@1:0.649 | hr@2:0.862 | hr@3:0.909 | acc@1:0.649 | acc@2:0.589 | acc@3:0.554 | Best krc: 0.768 | Best epoch: 3
best model saved
[2024-01-10 03:12:19] INFO (nni/MainThread) Intermediate result: 0.7729828680768777  (Index 10)
-----------------ETPA RESULT-------------------
Epoch 5: Validation	rmse: 19.79	mae: 15.43	mape: 100.57%	acc@10: 40.99%	acc@20: 71.36%	acc@30: 87.59%	
[2024-01-10 03:12:19] INFO (nni/MainThread) Intermediate result: 19.788617071467872  (Index 11)
*** Epoch: 6 ***
-----------------G2R RESULT-------------------

val result: krc:0.763 | lsd:0.695 | ed:1.016 | hr@1:0.638 | hr@2:0.863 | hr@3:0.907 | acc@1:0.638 | acc@2:0.582 | acc@3:0.541 | Best krc: 0.773 | Best epoch: 5
[2024-01-10 03:14:07] INFO (nni/MainThread) Intermediate result: 0.7629041392137151  (Index 12)
-----------------ETPA RESULT-------------------
Epoch 6: Validation	rmse: 19.09	mae: 14.91	mape: 98.32%	acc@10: 42.38%	acc@20: 73.12%	acc@30: 88.73%	
[2024-01-10 03:14:07] INFO (nni/MainThread) Intermediate result: 19.092432193176556  (Index 13)
*** Epoch: 7 ***
-----------------G2R RESULT-------------------

val result: krc:0.782 | lsd:0.657 | ed:0.94 | hr@1:0.662 | hr@2:0.863 | hr@3:0.912 | acc@1:0.662 | acc@2:0.601 | acc@3:0.562 | Best krc: 0.773 | Best epoch: 5
best model saved
[2024-01-10 03:15:56] INFO (nni/MainThread) Intermediate result: 0.7820199405770022  (Index 14)
-----------------ETPA RESULT-------------------
Epoch 7: Validation	rmse: 18.54	mae: 14.48	mape: 95.8%	acc@10: 43.56%	acc@20: 74.44%	acc@30: 89.49%	
[2024-01-10 03:15:56] INFO (nni/MainThread) Intermediate result: 18.53607738325237  (Index 15)
*** Epoch: 8 ***
-----------------G2R RESULT-------------------

val result: krc:0.795 | lsd:0.618 | ed:0.908 | hr@1:0.679 | hr@2:0.869 | hr@3:0.915 | acc@1:0.679 | acc@2:0.619 | acc@3:0.583 | Best krc: 0.782 | Best epoch: 7
best model saved
[2024-01-10 03:17:45] INFO (nni/MainThread) Intermediate result: 0.7945240938594677  (Index 16)
-----------------ETPA RESULT-------------------
Epoch 8: Validation	rmse: 18.13	mae: 14.18	mape: 94.4%	acc@10: 44.4%	acc@20: 75.31%	acc@30: 90.08%	
[2024-01-10 03:17:45] INFO (nni/MainThread) Intermediate result: 18.125216632977136  (Index 17)
*** Epoch: 9 ***
-----------------G2R RESULT-------------------

val result: krc:0.789 | lsd:0.629 | ed:0.934 | hr@1:0.678 | hr@2:0.866 | hr@3:0.914 | acc@1:0.678 | acc@2:0.614 | acc@3:0.578 | Best krc: 0.795 | Best epoch: 8
[2024-01-10 03:19:32] INFO (nni/MainThread) Intermediate result: 0.7891252157452417  (Index 18)
-----------------ETPA RESULT-------------------
Epoch 9: Validation	rmse: 17.72	mae: 13.86	mape: 92.06%	acc@10: 45.37%	acc@20: 76.26%	acc@30: 90.67%	
[2024-01-10 03:19:32] INFO (nni/MainThread) Intermediate result: 17.72064885278884  (Index 19)
*** Epoch: 10 ***
-----------------G2R RESULT-------------------

val result: krc:0.793 | lsd:0.632 | ed:0.917 | hr@1:0.682 | hr@2:0.869 | hr@3:0.914 | acc@1:0.682 | acc@2:0.62 | acc@3:0.585 | Best krc: 0.795 | Best epoch: 8
[2024-01-10 03:21:20] INFO (nni/MainThread) Intermediate result: 0.7931882753920358  (Index 20)
-----------------ETPA RESULT-------------------
Epoch 10: Validation	rmse: 17.41	mae: 13.63	mape: 90.79%	acc@10: 46.06%	acc@20: 77.0%	acc@30: 91.21%	
[2024-01-10 03:21:20] INFO (nni/MainThread) Intermediate result: 17.405992255129384  (Index 21)
*** Epoch: 11 ***
-----------------G2R RESULT-------------------

val result: krc:0.791 | lsd:0.627 | ed:0.93 | hr@1:0.672 | hr@2:0.863 | hr@3:0.915 | acc@1:0.672 | acc@2:0.605 | acc@3:0.576 | Best krc: 0.795 | Best epoch: 8
[2024-01-10 03:23:08] INFO (nni/MainThread) Intermediate result: 0.7911373036427694  (Index 22)
-----------------ETPA RESULT-------------------
Epoch 11: Validation	rmse: 17.1	mae: 13.38	mape: 88.78%	acc@10: 47.01%	acc@20: 77.69%	acc@30: 91.67%	
[2024-01-10 03:23:08] INFO (nni/MainThread) Intermediate result: 17.098505480789537  (Index 23)
*** Epoch: 12 ***
-----------------G2R RESULT-------------------

val result: krc:0.795 | lsd:0.659 | ed:0.92 | hr@1:0.672 | hr@2:0.865 | hr@3:0.914 | acc@1:0.672 | acc@2:0.611 | acc@3:0.575 | Best krc: 0.795 | Best epoch: 8
best model saved
[2024-01-10 03:24:57] INFO (nni/MainThread) Intermediate result: 0.7954723305488501  (Index 24)
-----------------ETPA RESULT-------------------
Epoch 12: Validation	rmse: 16.89	mae: 13.21	mape: 87.68%	acc@10: 47.58%	acc@20: 78.15%	acc@30: 91.82%	
[2024-01-10 03:24:57] INFO (nni/MainThread) Intermediate result: 16.892279289667986  (Index 25)
*** Epoch: 13 ***
-----------------G2R RESULT-------------------

val result: krc:0.792 | lsd:0.657 | ed:0.919 | hr@1:0.669 | hr@2:0.865 | hr@3:0.914 | acc@1:0.669 | acc@2:0.608 | acc@3:0.568 | Best krc: 0.795 | Best epoch: 12
[2024-01-10 03:26:44] INFO (nni/MainThread) Intermediate result: 0.7921139276277012  (Index 26)
-----------------ETPA RESULT-------------------
Epoch 13: Validation	rmse: 16.67	mae: 13.05	mape: 86.67%	acc@10: 48.12%	acc@20: 78.7%	acc@30: 92.17%	
[2024-01-10 03:26:44] INFO (nni/MainThread) Intermediate result: 16.67474836374943  (Index 27)
*** Epoch: 14 ***
-----------------G2R RESULT-------------------

val result: krc:0.796 | lsd:0.636 | ed:0.928 | hr@1:0.684 | hr@2:0.871 | hr@3:0.918 | acc@1:0.684 | acc@2:0.623 | acc@3:0.585 | Best krc: 0.795 | Best epoch: 12
best model saved
[2024-01-10 03:28:33] INFO (nni/MainThread) Intermediate result: 0.7960921609281907  (Index 28)
-----------------ETPA RESULT-------------------
Epoch 14: Validation	rmse: 16.49	mae: 12.9	mape: 85.61%	acc@10: 48.62%	acc@20: 79.09%	acc@30: 92.37%	
[2024-01-10 03:28:33] INFO (nni/MainThread) Intermediate result: 16.49325205289831  (Index 29)
*** Epoch: 15 ***
-----------------G2R RESULT-------------------

val result: krc:0.795 | lsd:0.663 | ed:0.93 | hr@1:0.68 | hr@2:0.863 | hr@3:0.913 | acc@1:0.68 | acc@2:0.612 | acc@3:0.578 | Best krc: 0.796 | Best epoch: 14
[2024-01-10 03:30:21] INFO (nni/MainThread) Intermediate result: 0.7950345908282067  (Index 30)
-----------------ETPA RESULT-------------------
Epoch 15: Validation	rmse: 16.33	mae: 12.76	mape: 84.01%	acc@10: 49.35%	acc@20: 79.47%	acc@30: 92.52%	
[2024-01-10 03:30:21] INFO (nni/MainThread) Intermediate result: 16.33109738016054  (Index 31)
*** Epoch: 16 ***
-----------------G2R RESULT-------------------

val result: krc:0.799 | lsd:0.648 | ed:0.938 | hr@1:0.681 | hr@2:0.866 | hr@3:0.914 | acc@1:0.681 | acc@2:0.614 | acc@3:0.58 | Best krc: 0.796 | Best epoch: 14
best model saved
[2024-01-10 03:32:11] INFO (nni/MainThread) Intermediate result: 0.7990225201768707  (Index 32)
-----------------ETPA RESULT-------------------
Epoch 16: Validation	rmse: 16.18	mae: 12.64	mape: 83.08%	acc@10: 49.87%	acc@20: 79.8%	acc@30: 92.77%	
[2024-01-10 03:32:11] INFO (nni/MainThread) Intermediate result: 16.183763192263246  (Index 33)
*** Epoch: 17 ***
-----------------G2R RESULT-------------------

val result: krc:0.8 | lsd:0.666 | ed:0.915 | hr@1:0.685 | hr@2:0.861 | hr@3:0.912 | acc@1:0.685 | acc@2:0.613 | acc@3:0.583 | Best krc: 0.799 | Best epoch: 16
best model saved
[2024-01-10 03:34:01] INFO (nni/MainThread) Intermediate result: 0.7999652057282142  (Index 34)
-----------------ETPA RESULT-------------------
Epoch 17: Validation	rmse: 16.04	mae: 12.53	mape: 82.37%	acc@10: 50.31%	acc@20: 80.1%	acc@30: 92.98%	
[2024-01-10 03:34:01] INFO (nni/MainThread) Intermediate result: 16.04376092923259  (Index 35)
*** Epoch: 18 ***
-----------------G2R RESULT-------------------

val result: krc:0.795 | lsd:0.674 | ed:0.922 | hr@1:0.676 | hr@2:0.866 | hr@3:0.915 | acc@1:0.676 | acc@2:0.613 | acc@3:0.578 | Best krc: 0.8 | Best epoch: 17
[2024-01-10 03:35:50] INFO (nni/MainThread) Intermediate result: 0.7949520576105622  (Index 36)
-----------------ETPA RESULT-------------------
Epoch 18: Validation	rmse: 15.93	mae: 12.44	mape: 81.34%	acc@10: 50.82%	acc@20: 80.31%	acc@30: 93.16%	
[2024-01-10 03:35:50] INFO (nni/MainThread) Intermediate result: 15.93254732059174  (Index 37)
*** Epoch: 19 ***
-----------------G2R RESULT-------------------

val result: krc:0.798 | lsd:0.66 | ed:0.942 | hr@1:0.704 | hr@2:0.865 | hr@3:0.912 | acc@1:0.704 | acc@2:0.627 | acc@3:0.589 | Best krc: 0.8 | Best epoch: 17
[2024-01-10 03:37:38] INFO (nni/MainThread) Intermediate result: 0.7982438158126832  (Index 38)
-----------------ETPA RESULT-------------------
Epoch 19: Validation	rmse: 15.83	mae: 12.36	mape: 80.6%	acc@10: 51.09%	acc@20: 80.5%	acc@30: 93.31%	
[2024-01-10 03:37:38] INFO (nni/MainThread) Intermediate result: 15.834826080117558  (Index 39)
*** Epoch: 20 ***
-----------------G2R RESULT-------------------

val result: krc:0.8 | lsd:0.648 | ed:0.932 | hr@1:0.699 | hr@2:0.865 | hr@3:0.912 | acc@1:0.699 | acc@2:0.623 | acc@3:0.587 | Best krc: 0.8 | Best epoch: 17
best model saved
[2024-01-10 03:39:28] INFO (nni/MainThread) Intermediate result: 0.8001991553281452  (Index 40)
-----------------ETPA RESULT-------------------
Epoch 20: Validation	rmse: 15.75	mae: 12.31	mape: 80.48%	acc@10: 51.13%	acc@20: 80.67%	acc@30: 93.49%	
[2024-01-10 03:39:28] INFO (nni/MainThread) Intermediate result: 15.746797815714151  (Index 41)
*** Epoch: 21 ***
-----------------G2R RESULT-------------------

val result: krc:0.804 | lsd:0.638 | ed:0.908 | hr@1:0.686 | hr@2:0.872 | hr@3:0.916 | acc@1:0.686 | acc@2:0.624 | acc@3:0.589 | Best krc: 0.8 | Best epoch: 20
best model saved
[2024-01-10 03:41:17] INFO (nni/MainThread) Intermediate result: 0.8035782756814676  (Index 42)
-----------------ETPA RESULT-------------------
Epoch 21: Validation	rmse: 15.67	mae: 12.25	mape: 80.19%	acc@10: 51.25%	acc@20: 80.82%	acc@30: 93.65%	
[2024-01-10 03:41:17] INFO (nni/MainThread) Intermediate result: 15.667500333856683  (Index 43)
*** Epoch: 22 ***
-----------------G2R RESULT-------------------

val result: krc:0.802 | lsd:0.652 | ed:0.916 | hr@1:0.688 | hr@2:0.87 | hr@3:0.916 | acc@1:0.688 | acc@2:0.622 | acc@3:0.586 | Best krc: 0.804 | Best epoch: 21
[2024-01-10 03:43:05] INFO (nni/MainThread) Intermediate result: 0.8020863300006282  (Index 44)
-----------------ETPA RESULT-------------------
Epoch 22: Validation	rmse: 15.59	mae: 12.19	mape: 79.8%	acc@10: 51.4%	acc@20: 81.06%	acc@30: 93.8%	
[2024-01-10 03:43:05] INFO (nni/MainThread) Intermediate result: 15.587502472967264  (Index 45)
*** Epoch: 23 ***
-----------------G2R RESULT-------------------

val result: krc:0.804 | lsd:0.624 | ed:0.904 | hr@1:0.696 | hr@2:0.871 | hr@3:0.916 | acc@1:0.696 | acc@2:0.631 | acc@3:0.591 | Best krc: 0.804 | Best epoch: 21
best model saved
[2024-01-10 03:44:54] INFO (nni/MainThread) Intermediate result: 0.8044586067060924  (Index 46)
-----------------ETPA RESULT-------------------
Epoch 23: Validation	rmse: 15.52	mae: 12.14	mape: 79.32%	acc@10: 51.62%	acc@20: 81.19%	acc@30: 93.94%	
[2024-01-10 03:44:54] INFO (nni/MainThread) Intermediate result: 15.518318210269001  (Index 47)
*** Epoch: 24 ***
-----------------G2R RESULT-------------------

val result: krc:0.806 | lsd:0.642 | ed:0.908 | hr@1:0.696 | hr@2:0.868 | hr@3:0.915 | acc@1:0.696 | acc@2:0.627 | acc@3:0.59 | Best krc: 0.804 | Best epoch: 23
best model saved
[2024-01-10 03:46:43] INFO (nni/MainThread) Intermediate result: 0.8055946246501559  (Index 48)
-----------------ETPA RESULT-------------------
Epoch 24: Validation	rmse: 15.47	mae: 12.1	mape: 78.92%	acc@10: 51.81%	acc@20: 81.23%	acc@30: 93.97%	
[2024-01-10 03:46:43] INFO (nni/MainThread) Intermediate result: 15.46927608993851  (Index 49)
*** Epoch: 25 ***
-----------------G2R RESULT-------------------

val result: krc:0.802 | lsd:0.657 | ed:0.924 | hr@1:0.697 | hr@2:0.868 | hr@3:0.915 | acc@1:0.697 | acc@2:0.624 | acc@3:0.585 | Best krc: 0.806 | Best epoch: 24
[2024-01-10 03:48:32] INFO (nni/MainThread) Intermediate result: 0.8020159574510253  (Index 50)
-----------------ETPA RESULT-------------------
Epoch 25: Validation	rmse: 15.42	mae: 12.06	mape: 78.75%	acc@10: 51.91%	acc@20: 81.34%	acc@30: 94.07%	
[2024-01-10 03:48:32] INFO (nni/MainThread) Intermediate result: 15.417300285588276  (Index 51)
*** Epoch: 26 ***
-----------------G2R RESULT-------------------

val result: krc:0.805 | lsd:0.652 | ed:0.9 | hr@1:0.687 | hr@2:0.87 | hr@3:0.917 | acc@1:0.687 | acc@2:0.624 | acc@3:0.59 | Best krc: 0.806 | Best epoch: 24
[2024-01-10 03:50:22] INFO (nni/MainThread) Intermediate result: 0.8046858053766668  (Index 52)
-----------------ETPA RESULT-------------------
Epoch 26: Validation	rmse: 15.37	mae: 12.02	mape: 78.22%	acc@10: 52.11%	acc@20: 81.5%	acc@30: 94.14%	
[2024-01-10 03:50:22] INFO (nni/MainThread) Intermediate result: 15.368637582342728  (Index 53)
*** Epoch: 27 ***
-----------------G2R RESULT-------------------

val result: krc:0.806 | lsd:0.66 | ed:0.907 | hr@1:0.693 | hr@2:0.87 | hr@3:0.917 | acc@1:0.693 | acc@2:0.627 | acc@3:0.596 | Best krc: 0.806 | Best epoch: 24
best model saved
[2024-01-10 03:52:11] INFO (nni/MainThread) Intermediate result: 0.8064681037921091  (Index 54)
-----------------ETPA RESULT-------------------
Epoch 27: Validation	rmse: 15.32	mae: 11.99	mape: 78.06%	acc@10: 52.17%	acc@20: 81.59%	acc@30: 94.25%	
[2024-01-10 03:52:11] INFO (nni/MainThread) Intermediate result: 15.316107929535068  (Index 55)
*** Epoch: 28 ***
-----------------G2R RESULT-------------------

val result: krc:0.814 | lsd:0.623 | ed:0.876 | hr@1:0.715 | hr@2:0.874 | hr@3:0.921 | acc@1:0.715 | acc@2:0.648 | acc@3:0.614 | Best krc: 0.806 | Best epoch: 27
best model saved
[2024-01-10 03:54:01] INFO (nni/MainThread) Intermediate result: 0.8137380674678444  (Index 56)
-----------------ETPA RESULT-------------------
Epoch 28: Validation	rmse: 15.27	mae: 11.95	mape: 77.64%	acc@10: 52.22%	acc@20: 81.74%	acc@30: 94.32%	
[2024-01-10 03:54:01] INFO (nni/MainThread) Intermediate result: 15.266696645695873  (Index 57)
*** Epoch: 29 ***
-----------------G2R RESULT-------------------

val result: krc:0.812 | lsd:0.63 | ed:0.882 | hr@1:0.704 | hr@2:0.871 | hr@3:0.92 | acc@1:0.704 | acc@2:0.636 | acc@3:0.602 | Best krc: 0.814 | Best epoch: 28
[2024-01-10 03:55:51] INFO (nni/MainThread) Intermediate result: 0.8120907853745633  (Index 58)
-----------------ETPA RESULT-------------------
Epoch 29: Validation	rmse: 15.23	mae: 11.95	mape: 77.87%	acc@10: 52.05%	acc@20: 81.84%	acc@30: 94.44%	
[2024-01-10 03:55:51] INFO (nni/MainThread) Intermediate result: 15.234295911840224  (Index 59)
*** Epoch: 30 ***
-----------------G2R RESULT-------------------

val result: krc:0.809 | lsd:0.635 | ed:0.882 | hr@1:0.698 | hr@2:0.87 | hr@3:0.917 | acc@1:0.698 | acc@2:0.632 | acc@3:0.596 | Best krc: 0.814 | Best epoch: 28
[2024-01-10 03:57:40] INFO (nni/MainThread) Intermediate result: 0.8093267467119674  (Index 60)
-----------------ETPA RESULT-------------------
Epoch 30: Validation	rmse: 15.18	mae: 11.91	mape: 77.52%	acc@10: 52.1%	acc@20: 81.98%	acc@30: 94.53%	
[2024-01-10 03:57:40] INFO (nni/MainThread) Intermediate result: 15.182263655020467  (Index 61)
*** Epoch: 31 ***
-----------------G2R RESULT-------------------

val result: krc:0.807 | lsd:0.617 | ed:0.897 | hr@1:0.691 | hr@2:0.871 | hr@3:0.917 | acc@1:0.691 | acc@2:0.627 | acc@3:0.591 | Best krc: 0.814 | Best epoch: 28
[2024-01-10 03:59:28] INFO (nni/MainThread) Intermediate result: 0.8066715806986903  (Index 62)
-----------------ETPA RESULT-------------------
Epoch 31: Validation	rmse: 15.14	mae: 11.87	mape: 77.08%	acc@10: 52.25%	acc@20: 82.09%	acc@30: 94.58%	
[2024-01-10 03:59:28] INFO (nni/MainThread) Intermediate result: 15.135246535433845  (Index 63)
*** Epoch: 32 ***
-----------------G2R RESULT-------------------

val result: krc:0.812 | lsd:0.612 | ed:0.871 | hr@1:0.713 | hr@2:0.876 | hr@3:0.919 | acc@1:0.713 | acc@2:0.646 | acc@3:0.61 | Best krc: 0.814 | Best epoch: 28
[2024-01-10 04:01:18] INFO (nni/MainThread) Intermediate result: 0.8121820850286089  (Index 64)
-----------------ETPA RESULT-------------------
Epoch 32: Validation	rmse: 15.09	mae: 11.84	mape: 76.7%	acc@10: 52.32%	acc@20: 82.2%	acc@30: 94.64%	
[2024-01-10 04:01:18] INFO (nni/MainThread) Intermediate result: 15.093452348913159  (Index 65)
*** Epoch: 33 ***
-----------------G2R RESULT-------------------

val result: krc:0.806 | lsd:0.625 | ed:0.889 | hr@1:0.703 | hr@2:0.873 | hr@3:0.92 | acc@1:0.703 | acc@2:0.639 | acc@3:0.602 | Best krc: 0.814 | Best epoch: 28
[2024-01-10 04:03:07] INFO (nni/MainThread) Intermediate result: 0.806259259210724  (Index 66)
-----------------ETPA RESULT-------------------
Epoch 33: Validation	rmse: 15.06	mae: 11.81	mape: 76.34%	acc@10: 52.41%	acc@20: 82.29%	acc@30: 94.68%	
[2024-01-10 04:03:07] INFO (nni/MainThread) Intermediate result: 15.055405212508845  (Index 67)
*** Epoch: 34 ***
-----------------G2R RESULT-------------------

val result: krc:0.806 | lsd:0.617 | ed:0.906 | hr@1:0.713 | hr@2:0.875 | hr@3:0.921 | acc@1:0.713 | acc@2:0.638 | acc@3:0.603 | Best krc: 0.814 | Best epoch: 28
[2024-01-10 04:04:56] INFO (nni/MainThread) Intermediate result: 0.8064944157204761  (Index 68)
-----------------ETPA RESULT-------------------
Epoch 34: Validation	rmse: 15.02	mae: 11.79	mape: 76.18%	acc@10: 52.5%	acc@20: 82.34%	acc@30: 94.74%	
[2024-01-10 04:04:56] INFO (nni/MainThread) Intermediate result: 15.020186952419879  (Index 69)
*** Epoch: 35 ***
-----------------G2R RESULT-------------------

val result: krc:0.807 | lsd:0.614 | ed:0.902 | hr@1:0.71 | hr@2:0.873 | hr@3:0.919 | acc@1:0.71 | acc@2:0.635 | acc@3:0.597 | Best krc: 0.814 | Best epoch: 28
[2024-01-10 04:06:44] INFO (nni/MainThread) Intermediate result: 0.8069544797135526  (Index 70)
-----------------ETPA RESULT-------------------
Epoch 35: Validation	rmse: 14.99	mae: 11.77	mape: 75.97%	acc@10: 52.57%	acc@20: 82.39%	acc@30: 94.78%	
[2024-01-10 04:06:44] INFO (nni/MainThread) Intermediate result: 14.99000319951444  (Index 71)
*** Epoch: 36 ***
-----------------G2R RESULT-------------------

val result: krc:0.807 | lsd:0.633 | ed:0.895 | hr@1:0.694 | hr@2:0.873 | hr@3:0.92 | acc@1:0.694 | acc@2:0.628 | acc@3:0.59 | Best krc: 0.814 | Best epoch: 28
[2024-01-10 04:08:32] INFO (nni/MainThread) Intermediate result: 0.8067348868398277  (Index 72)
-----------------ETPA RESULT-------------------
Epoch 36: Validation	rmse: 14.97	mae: 11.76	mape: 76.03%	acc@10: 52.5%	acc@20: 82.35%	acc@30: 94.83%	
[2024-01-10 04:08:32] INFO (nni/MainThread) Intermediate result: 14.970579693747595  (Index 73)
*** Epoch: 37 ***
-----------------G2R RESULT-------------------

val result: krc:0.808 | lsd:0.62 | ed:0.889 | hr@1:0.7 | hr@2:0.874 | hr@3:0.92 | acc@1:0.7 | acc@2:0.633 | acc@3:0.596 | Best krc: 0.814 | Best epoch: 28
[2024-01-10 04:10:22] INFO (nni/MainThread) Intermediate result: 0.8078073556429481  (Index 74)
-----------------ETPA RESULT-------------------
Epoch 37: Validation	rmse: 14.94	mae: 11.74	mape: 75.91%	acc@10: 52.53%	acc@20: 82.45%	acc@30: 94.87%	
[2024-01-10 04:10:22] INFO (nni/MainThread) Intermediate result: 14.938530439429826  (Index 75)
*** Epoch: 38 ***
-----------------G2R RESULT-------------------

val result: krc:0.81 | lsd:0.618 | ed:0.873 | hr@1:0.711 | hr@2:0.874 | hr@3:0.922 | acc@1:0.711 | acc@2:0.644 | acc@3:0.608 | Best krc: 0.814 | Best epoch: 28
[2024-01-10 04:12:11] INFO (nni/MainThread) Intermediate result: 0.8104273691943127  (Index 76)
-----------------ETPA RESULT-------------------
Epoch 38: Validation	rmse: 14.91	mae: 11.72	mape: 75.75%	acc@10: 52.63%	acc@20: 82.53%	acc@30: 94.91%	
[2024-01-10 04:12:11] INFO (nni/MainThread) Intermediate result: 14.912737180290291  (Index 77)
loaded model path: /home/sentanoe/joint_training/data/dataset/food_pd/sort_model/hidden_size-8.gcnru-pd_1704852091.07516671704852091.0751803
best model loaded !!!
krc:0.802 | lsd:0.455 | ed:0.909 | hr@1:0.726 | hr@2:0.904 | hr@3:0.945 | acc@1:0.726 | acc@2:0.659 | acc@3:0.61 |

-------------------------------------------------------------
Best epoch for G2R:  28
Best epoch for ETPA:  38
graph2route_pd Evaluation in test: krc:0.802 | lsd:0.455 | ed:0.909 | hr@1:0.726 | hr@2:0.904 | hr@3:0.945 | acc@1:0.726 | acc@2:0.659 | acc@3:0.61 |
RankPETA Evaluation in test: rmse: 11.36	mae: 8.89	mape: 77.79%	acc@10: 66.24%	acc@20: 91.56%	acc@30: 97.89%	
