Device:  cuda
{'alpha_loss': 0.5,
 'batch_size': 64,
 'dataset': 'food_pd',
 'datatype': 'order',
 'device': device(type='cuda'),
 'early_stop': 20,
 'edge_fea_dim': 5,
 'embedding_dim': 32,
 'eval_end_1': 11,
 'eval_end_2': 25,
 'eval_start': 1,
 'gcn_num_layers': 2,
 'hidden_size': 8,
 'is_eval': False,
 'is_test': False,
 'k_min_nodes': 3,
 'k_nearest_neighbors': 'n-1',
 'lr': 0.001,
 'max_task_num': 25,
 'min_task_num': 0,
 'modelArrivalTime': 'RankPETA',
 'modelRoute': 'graph2route_pd',
 'no_cuda': False,
 'node_fea_dim': 8,
 'node_features_test': '/home/sentanoe/joint_training/data/dataset/food_pd/node_features_test_full.npy',
 'node_features_train': '/home/sentanoe/joint_training/data/dataset/food_pd/node_features_train_full.npy',
 'node_features_val': '/home/sentanoe/joint_training/data/dataset/food_pd/node_features_val_full.npy',
 'num_block': 4,
 'num_epoch': 1000,
 'num_head': 2,
 'num_worker_logistics': 2346,
 'num_worker_pd': 920,
 'pad_value': 26,
 'seed': 2022,
 'sort_mode': 'true_idx',
 'spatial_encoder': 'gatv2',
 'temporal_encoder': 'gru',
 'test_path': '/home/sentanoe/joint_training/data/dataset/food_pd/test_full.npy',
 'train_mode': 'sort',
 'train_path': '/home/sentanoe/joint_training/data/dataset/food_pd/train_full.npy',
 'val_path': '/home/sentanoe/joint_training/data/dataset/food_pd/val_full.npy',
 'wd': 1e-05,
 'worker_emb_dim': 10,
 'workers': 2}
last_x_size:13;unpick_x_size:12;input_size:38
#train:2521 | #val:1257 | #test:1261
*** Epoch: 0 ***
-----------------G2R RESULT-------------------

val result: krc:0.763 | lsd:0.679 | ed:1.006 | hr@1:0.628 | hr@2:0.863 | hr@3:0.909 | acc@1:0.628 | acc@2:0.576 | acc@3:0.543 | Best krc: -1 | Best epoch: -1
best model saved
[2023-11-29 03:59:28] INFO (nni/MainThread) Intermediate result: 0.7632043756661159  (Index 0)
-----------------ETPA RESULT-------------------
Epoch 0: Validation	rmse: 42.78	mae: 35.79	mape: 72.5%	acc@10: 15.62%	acc@20: 25.0%	acc@30: 37.5%	
[2023-11-29 03:59:28] INFO (nni/MainThread) Intermediate result: 42.77889163285951  (Index 1)
*** Epoch: 1 ***
-----------------G2R RESULT-------------------

val result: krc:0.76 | lsd:0.682 | ed:1.027 | hr@1:0.627 | hr@2:0.867 | hr@3:0.909 | acc@1:0.627 | acc@2:0.57 | acc@3:0.531 | Best krc: 0.763 | Best epoch: 0
[2023-11-29 03:59:55] INFO (nni/MainThread) Intermediate result: 0.7596804782287947  (Index 2)
-----------------ETPA RESULT-------------------
Epoch 1: Validation	rmse: 37.47	mae: 30.95	mape: 61.86%	acc@10: 14.06%	acc@20: 31.25%	acc@30: 56.25%	
[2023-11-29 03:59:55] INFO (nni/MainThread) Intermediate result: 37.47355814610446  (Index 3)
*** Epoch: 2 ***
-----------------G2R RESULT-------------------

val result: krc:0.761 | lsd:0.722 | ed:1.019 | hr@1:0.627 | hr@2:0.859 | hr@3:0.906 | acc@1:0.627 | acc@2:0.571 | acc@3:0.529 | Best krc: 0.763 | Best epoch: 0
[2023-11-29 04:00:22] INFO (nni/MainThread) Intermediate result: 0.7606386089901611  (Index 4)
-----------------ETPA RESULT-------------------
Epoch 2: Validation	rmse: 33.54	mae: 26.53	mape: 52.88%	acc@10: 22.92%	acc@20: 44.79%	acc@30: 65.62%	
[2023-11-29 04:00:22] INFO (nni/MainThread) Intermediate result: 33.541308843312834  (Index 5)
*** Epoch: 3 ***
-----------------G2R RESULT-------------------

val result: krc:0.766 | lsd:0.707 | ed:1.006 | hr@1:0.631 | hr@2:0.86 | hr@3:0.912 | acc@1:0.631 | acc@2:0.568 | acc@3:0.534 | Best krc: 0.763 | Best epoch: 0
best model saved
[2023-11-29 04:00:50] INFO (nni/MainThread) Intermediate result: 0.7655261126183732  (Index 6)
-----------------ETPA RESULT-------------------
Epoch 3: Validation	rmse: 30.73	mae: 23.63	mape: 48.47%	acc@10: 28.12%	acc@20: 53.91%	acc@30: 71.09%	
[2023-11-29 04:00:50] INFO (nni/MainThread) Intermediate result: 30.725638030117725  (Index 7)
*** Epoch: 4 ***
-----------------G2R RESULT-------------------

val result: krc:0.773 | lsd:0.718 | ed:0.989 | hr@1:0.639 | hr@2:0.859 | hr@3:0.907 | acc@1:0.639 | acc@2:0.579 | acc@3:0.544 | Best krc: 0.766 | Best epoch: 3
best model saved
[2023-11-29 04:01:18] INFO (nni/MainThread) Intermediate result: 0.772969331919922  (Index 8)
-----------------ETPA RESULT-------------------
Epoch 4: Validation	rmse: 28.63	mae: 21.57	mape: 44.88%	acc@10: 33.12%	acc@20: 60.0%	acc@30: 75.0%	
[2023-11-29 04:01:18] INFO (nni/MainThread) Intermediate result: 28.62761753013108  (Index 9)
*** Epoch: 5 ***
-----------------G2R RESULT-------------------

val result: krc:0.759 | lsd:0.713 | ed:1.019 | hr@1:0.632 | hr@2:0.857 | hr@3:0.906 | acc@1:0.632 | acc@2:0.569 | acc@3:0.531 | Best krc: 0.773 | Best epoch: 4
[2023-11-29 04:01:45] INFO (nni/MainThread) Intermediate result: 0.7590388454927149  (Index 10)
-----------------ETPA RESULT-------------------
Epoch 5: Validation	rmse: 27.15	mae: 20.26	mape: 42.79%	acc@10: 35.42%	acc@20: 62.5%	acc@30: 77.6%	
[2023-11-29 04:01:45] INFO (nni/MainThread) Intermediate result: 27.147501692895574  (Index 11)
*** Epoch: 6 ***
-----------------G2R RESULT-------------------

val result: krc:0.771 | lsd:0.674 | ed:0.982 | hr@1:0.633 | hr@2:0.864 | hr@3:0.911 | acc@1:0.633 | acc@2:0.575 | acc@3:0.543 | Best krc: 0.773 | Best epoch: 4
[2023-11-29 04:02:12] INFO (nni/MainThread) Intermediate result: 0.7714423230820258  (Index 12)
-----------------ETPA RESULT-------------------
Epoch 6: Validation	rmse: 25.98	mae: 19.27	mape: 41.19%	acc@10: 37.95%	acc@20: 65.18%	acc@30: 79.91%	
[2023-11-29 04:02:12] INFO (nni/MainThread) Intermediate result: 25.981579211916337  (Index 13)
*** Epoch: 7 ***
-----------------G2R RESULT-------------------

val result: krc:0.765 | lsd:0.687 | ed:1.003 | hr@1:0.634 | hr@2:0.862 | hr@3:0.909 | acc@1:0.634 | acc@2:0.574 | acc@3:0.535 | Best krc: 0.773 | Best epoch: 4
[2023-11-29 04:02:39] INFO (nni/MainThread) Intermediate result: 0.7653980394251493  (Index 14)
-----------------ETPA RESULT-------------------
Epoch 7: Validation	rmse: 25.02	mae: 18.66	mape: 40.35%	acc@10: 38.28%	acc@20: 66.8%	acc@30: 81.64%	
[2023-11-29 04:02:39] INFO (nni/MainThread) Intermediate result: 25.02311855604135  (Index 15)
*** Epoch: 8 ***
-----------------G2R RESULT-------------------

val result: krc:0.77 | lsd:0.669 | ed:0.972 | hr@1:0.637 | hr@2:0.866 | hr@3:0.912 | acc@1:0.637 | acc@2:0.583 | acc@3:0.544 | Best krc: 0.773 | Best epoch: 4
[2023-11-29 04:03:07] INFO (nni/MainThread) Intermediate result: 0.7698237162600958  (Index 16)
-----------------ETPA RESULT-------------------
Epoch 8: Validation	rmse: 24.39	mae: 18.29	mape: 40.17%	acc@10: 38.54%	acc@20: 67.71%	acc@30: 82.64%	
[2023-11-29 04:03:07] INFO (nni/MainThread) Intermediate result: 24.39070303668394  (Index 17)
*** Epoch: 9 ***
-----------------G2R RESULT-------------------

val result: krc:0.771 | lsd:0.694 | ed:0.989 | hr@1:0.642 | hr@2:0.866 | hr@3:0.907 | acc@1:0.642 | acc@2:0.585 | acc@3:0.546 | Best krc: 0.773 | Best epoch: 4
[2023-11-29 04:03:34] INFO (nni/MainThread) Intermediate result: 0.7709132888844301  (Index 18)
-----------------ETPA RESULT-------------------
Epoch 9: Validation	rmse: 23.81	mae: 17.88	mape: 39.64%	acc@10: 38.75%	acc@20: 68.44%	acc@30: 83.75%	
[2023-11-29 04:03:34] INFO (nni/MainThread) Intermediate result: 23.807704345603458  (Index 19)
*** Epoch: 10 ***
-----------------G2R RESULT-------------------

val result: krc:0.77 | lsd:0.667 | ed:0.987 | hr@1:0.625 | hr@2:0.865 | hr@3:0.912 | acc@1:0.625 | acc@2:0.569 | acc@3:0.536 | Best krc: 0.773 | Best epoch: 4
[2023-11-29 04:04:02] INFO (nni/MainThread) Intermediate result: 0.7699122429336684  (Index 20)
-----------------ETPA RESULT-------------------
Epoch 10: Validation	rmse: 23.26	mae: 17.52	mape: 38.99%	acc@10: 39.49%	acc@20: 69.6%	acc@30: 84.66%	
[2023-11-29 04:04:02] INFO (nni/MainThread) Intermediate result: 23.26444169469177  (Index 21)
*** Epoch: 11 ***
-----------------G2R RESULT-------------------

val result: krc:0.766 | lsd:0.685 | ed:0.998 | hr@1:0.634 | hr@2:0.861 | hr@3:0.908 | acc@1:0.634 | acc@2:0.577 | acc@3:0.533 | Best krc: 0.773 | Best epoch: 4
[2023-11-29 04:04:29] INFO (nni/MainThread) Intermediate result: 0.765834238637037  (Index 22)
-----------------ETPA RESULT-------------------
Epoch 11: Validation	rmse: 22.95	mae: 17.3	mape: 38.7%	acc@10: 39.84%	acc@20: 70.05%	acc@30: 85.42%	
[2023-11-29 04:04:29] INFO (nni/MainThread) Intermediate result: 22.945629515615696  (Index 23)
*** Epoch: 12 ***
-----------------G2R RESULT-------------------

val result: krc:0.779 | lsd:0.647 | ed:0.961 | hr@1:0.647 | hr@2:0.868 | hr@3:0.914 | acc@1:0.647 | acc@2:0.587 | acc@3:0.554 | Best krc: 0.773 | Best epoch: 4
best model saved
[2023-11-29 04:04:58] INFO (nni/MainThread) Intermediate result: 0.7794375214576351  (Index 24)
-----------------ETPA RESULT-------------------
Epoch 12: Validation	rmse: 22.54	mae: 16.99	mape: 38.07%	acc@10: 40.38%	acc@20: 70.91%	acc@30: 86.06%	
[2023-11-29 04:04:58] INFO (nni/MainThread) Intermediate result: 22.53629184963236  (Index 25)
*** Epoch: 13 ***
-----------------G2R RESULT-------------------

val result: krc:0.779 | lsd:0.647 | ed:0.951 | hr@1:0.649 | hr@2:0.868 | hr@3:0.911 | acc@1:0.649 | acc@2:0.592 | acc@3:0.556 | Best krc: 0.779 | Best epoch: 12
[2023-11-29 04:05:26] INFO (nni/MainThread) Intermediate result: 0.7793331146982218  (Index 26)
-----------------ETPA RESULT-------------------
Epoch 13: Validation	rmse: 22.17	mae: 16.71	mape: 37.64%	acc@10: 41.29%	acc@20: 71.65%	acc@30: 86.61%	
[2023-11-29 04:05:26] INFO (nni/MainThread) Intermediate result: 22.173328023055443  (Index 27)
*** Epoch: 14 ***
-----------------G2R RESULT-------------------

val result: krc:0.776 | lsd:0.65 | ed:0.971 | hr@1:0.642 | hr@2:0.868 | hr@3:0.912 | acc@1:0.642 | acc@2:0.587 | acc@3:0.547 | Best krc: 0.779 | Best epoch: 12
[2023-11-29 04:05:54] INFO (nni/MainThread) Intermediate result: 0.7762321906178486  (Index 28)
-----------------ETPA RESULT-------------------
Epoch 14: Validation	rmse: 21.88	mae: 16.52	mape: 37.34%	acc@10: 42.08%	acc@20: 71.88%	acc@30: 87.08%	
[2023-11-29 04:05:54] INFO (nni/MainThread) Intermediate result: 21.88095959115652  (Index 29)
*** Epoch: 15 ***
-----------------G2R RESULT-------------------

val result: krc:0.775 | lsd:0.637 | ed:0.964 | hr@1:0.642 | hr@2:0.871 | hr@3:0.915 | acc@1:0.642 | acc@2:0.585 | acc@3:0.546 | Best krc: 0.779 | Best epoch: 12
[2023-11-29 04:06:22] INFO (nni/MainThread) Intermediate result: 0.7747443626674059  (Index 30)
-----------------ETPA RESULT-------------------
Epoch 15: Validation	rmse: 21.85	mae: 16.48	mape: 37.25%	acc@10: 41.99%	acc@20: 71.88%	acc@30: 87.11%	
[2023-11-29 04:06:22] INFO (nni/MainThread) Intermediate result: 21.848678908129074  (Index 31)
*** Epoch: 16 ***
-----------------G2R RESULT-------------------

val result: krc:0.775 | lsd:0.651 | ed:0.975 | hr@1:0.638 | hr@2:0.871 | hr@3:0.916 | acc@1:0.638 | acc@2:0.585 | acc@3:0.551 | Best krc: 0.779 | Best epoch: 12
[2023-11-29 04:06:52] INFO (nni/MainThread) Intermediate result: 0.7753658597471453  (Index 32)
-----------------ETPA RESULT-------------------
Epoch 16: Validation	rmse: 21.55	mae: 16.29	mape: 37.01%	acc@10: 42.28%	acc@20: 72.43%	acc@30: 87.32%	
[2023-11-29 04:06:52] INFO (nni/MainThread) Intermediate result: 21.54857821341723  (Index 33)
*** Epoch: 17 ***
-----------------G2R RESULT-------------------

val result: krc:0.771 | lsd:0.649 | ed:0.98 | hr@1:0.638 | hr@2:0.87 | hr@3:0.915 | acc@1:0.638 | acc@2:0.584 | acc@3:0.545 | Best krc: 0.779 | Best epoch: 12
[2023-11-29 04:07:20] INFO (nni/MainThread) Intermediate result: 0.77122641306288  (Index 34)
-----------------ETPA RESULT-------------------
Epoch 17: Validation	rmse: 21.36	mae: 16.15	mape: 36.78%	acc@10: 42.88%	acc@20: 72.4%	acc@30: 87.67%	
[2023-11-29 04:07:20] INFO (nni/MainThread) Intermediate result: 21.358398412319175  (Index 35)
*** Epoch: 18 ***
-----------------G2R RESULT-------------------

val result: krc:0.783 | lsd:0.635 | ed:0.946 | hr@1:0.649 | hr@2:0.869 | hr@3:0.916 | acc@1:0.649 | acc@2:0.592 | acc@3:0.558 | Best krc: 0.779 | Best epoch: 12
best model saved
[2023-11-29 04:07:49] INFO (nni/MainThread) Intermediate result: 0.7830129335595011  (Index 36)
-----------------ETPA RESULT-------------------
Epoch 18: Validation	rmse: 21.28	mae: 16.11	mape: 36.68%	acc@10: 42.76%	acc@20: 72.2%	acc@30: 87.5%	
[2023-11-29 04:07:49] INFO (nni/MainThread) Intermediate result: 21.277246097237224  (Index 37)
*** Epoch: 19 ***
-----------------G2R RESULT-------------------

val result: krc:0.777 | lsd:0.65 | ed:0.952 | hr@1:0.647 | hr@2:0.868 | hr@3:0.914 | acc@1:0.647 | acc@2:0.592 | acc@3:0.557 | Best krc: 0.783 | Best epoch: 18
[2023-11-29 04:08:16] INFO (nni/MainThread) Intermediate result: 0.776951865443339  (Index 38)
-----------------ETPA RESULT-------------------
Epoch 19: Validation	rmse: 21.03	mae: 15.92	mape: 36.28%	acc@10: 43.44%	acc@20: 72.5%	acc@30: 87.81%	
[2023-11-29 04:08:16] INFO (nni/MainThread) Intermediate result: 21.032793917331638  (Index 39)
*** Epoch: 20 ***
-----------------G2R RESULT-------------------

val result: krc:0.769 | lsd:0.672 | ed:0.98 | hr@1:0.641 | hr@2:0.866 | hr@3:0.911 | acc@1:0.641 | acc@2:0.583 | acc@3:0.542 | Best krc: 0.783 | Best epoch: 18
[2023-11-29 04:08:44] INFO (nni/MainThread) Intermediate result: 0.7692215044991607  (Index 40)
-----------------ETPA RESULT-------------------
Epoch 20: Validation	rmse: 20.78	mae: 15.71	mape: 35.85%	acc@10: 44.2%	acc@20: 72.92%	acc@30: 87.95%	
[2023-11-29 04:08:44] INFO (nni/MainThread) Intermediate result: 20.77673158364376  (Index 41)
*** Epoch: 21 ***
-----------------G2R RESULT-------------------

val result: krc:0.78 | lsd:0.65 | ed:0.954 | hr@1:0.641 | hr@2:0.872 | hr@3:0.915 | acc@1:0.641 | acc@2:0.587 | acc@3:0.552 | Best krc: 0.783 | Best epoch: 18
[2023-11-29 04:09:13] INFO (nni/MainThread) Intermediate result: 0.7798103951142866  (Index 42)
-----------------ETPA RESULT-------------------
Epoch 21: Validation	rmse: 20.57	mae: 15.55	mape: 35.54%	acc@10: 44.74%	acc@20: 73.01%	acc@30: 88.21%	
[2023-11-29 04:09:13] INFO (nni/MainThread) Intermediate result: 20.56946224650683  (Index 43)
*** Epoch: 22 ***
-----------------G2R RESULT-------------------

val result: krc:0.78 | lsd:0.655 | ed:0.955 | hr@1:0.648 | hr@2:0.871 | hr@3:0.918 | acc@1:0.648 | acc@2:0.59 | acc@3:0.558 | Best krc: 0.783 | Best epoch: 18
[2023-11-29 04:09:41] INFO (nni/MainThread) Intermediate result: 0.7803448701131254  (Index 44)
-----------------ETPA RESULT-------------------
Epoch 22: Validation	rmse: 20.32	mae: 15.37	mape: 35.15%	acc@10: 45.52%	acc@20: 73.37%	acc@30: 88.59%	
[2023-11-29 04:09:42] INFO (nni/MainThread) Intermediate result: 20.32340381773737  (Index 45)
*** Epoch: 23 ***
-----------------G2R RESULT-------------------

val result: krc:0.783 | lsd:0.621 | ed:0.944 | hr@1:0.65 | hr@2:0.872 | hr@3:0.917 | acc@1:0.65 | acc@2:0.591 | acc@3:0.56 | Best krc: 0.783 | Best epoch: 18
best model saved
[2023-11-29 04:10:12] INFO (nni/MainThread) Intermediate result: 0.7832009976128907  (Index 46)
-----------------ETPA RESULT-------------------
Epoch 23: Validation	rmse: 20.16	mae: 15.24	mape: 34.91%	acc@10: 45.96%	acc@20: 73.57%	acc@30: 88.8%	
[2023-11-29 04:10:12] INFO (nni/MainThread) Intermediate result: 20.163159432437624  (Index 47)
*** Epoch: 24 ***
-----------------G2R RESULT-------------------

val result: krc:0.771 | lsd:0.679 | ed:0.985 | hr@1:0.641 | hr@2:0.864 | hr@3:0.909 | acc@1:0.641 | acc@2:0.584 | acc@3:0.546 | Best krc: 0.783 | Best epoch: 23
[2023-11-29 04:10:42] INFO (nni/MainThread) Intermediate result: 0.7713623360234643  (Index 48)
-----------------ETPA RESULT-------------------
Epoch 24: Validation	rmse: 19.97	mae: 15.1	mape: 34.61%	acc@10: 46.5%	acc@20: 73.88%	acc@30: 89.12%	
[2023-11-29 04:10:42] INFO (nni/MainThread) Intermediate result: 19.973356931638953  (Index 49)
*** Epoch: 25 ***
-----------------G2R RESULT-------------------

val result: krc:0.785 | lsd:0.636 | ed:0.935 | hr@1:0.652 | hr@2:0.869 | hr@3:0.916 | acc@1:0.652 | acc@2:0.595 | acc@3:0.561 | Best krc: 0.783 | Best epoch: 23
best model saved
[2023-11-29 04:11:12] INFO (nni/MainThread) Intermediate result: 0.785490539194081  (Index 50)
-----------------ETPA RESULT-------------------
Epoch 25: Validation	rmse: 19.76	mae: 14.97	mape: 34.38%	acc@10: 46.63%	acc@20: 74.16%	acc@30: 89.42%	
[2023-11-29 04:11:12] INFO (nni/MainThread) Intermediate result: 19.76282387671377  (Index 51)
*** Epoch: 26 ***
-----------------G2R RESULT-------------------

val result: krc:0.781 | lsd:0.636 | ed:0.955 | hr@1:0.641 | hr@2:0.871 | hr@3:0.92 | acc@1:0.641 | acc@2:0.585 | acc@3:0.553 | Best krc: 0.785 | Best epoch: 25
[2023-11-29 04:11:42] INFO (nni/MainThread) Intermediate result: 0.781343709327968  (Index 52)
-----------------ETPA RESULT-------------------
Epoch 26: Validation	rmse: 19.57	mae: 14.86	mape: 34.12%	acc@10: 46.64%	acc@20: 74.42%	acc@30: 89.7%	
[2023-11-29 04:11:42] INFO (nni/MainThread) Intermediate result: 19.573456650919905  (Index 53)
*** Epoch: 27 ***
-----------------G2R RESULT-------------------

val result: krc:0.778 | lsd:0.628 | ed:0.965 | hr@1:0.642 | hr@2:0.873 | hr@3:0.916 | acc@1:0.642 | acc@2:0.584 | acc@3:0.548 | Best krc: 0.785 | Best epoch: 25
[2023-11-29 04:12:12] INFO (nni/MainThread) Intermediate result: 0.7775425882640575  (Index 54)
-----------------ETPA RESULT-------------------
Epoch 27: Validation	rmse: 19.47	mae: 14.82	mape: 34.08%	acc@10: 46.43%	acc@20: 74.44%	acc@30: 89.96%	
[2023-11-29 04:12:12] INFO (nni/MainThread) Intermediate result: 19.46654179083819  (Index 55)
*** Epoch: 28 ***
-----------------G2R RESULT-------------------

val result: krc:0.783 | lsd:0.608 | ed:0.946 | hr@1:0.652 | hr@2:0.874 | hr@3:0.919 | acc@1:0.652 | acc@2:0.589 | acc@3:0.556 | Best krc: 0.785 | Best epoch: 25
[2023-11-29 04:12:40] INFO (nni/MainThread) Intermediate result: 0.7825479361203016  (Index 56)
-----------------ETPA RESULT-------------------
Epoch 28: Validation	rmse: 19.28	mae: 14.72	mape: 33.85%	acc@10: 46.66%	acc@20: 74.78%	acc@30: 90.19%	
[2023-11-29 04:12:40] INFO (nni/MainThread) Intermediate result: 19.27576677325966  (Index 57)
*** Epoch: 29 ***
-----------------G2R RESULT-------------------

val result: krc:0.782 | lsd:0.653 | ed:0.943 | hr@1:0.648 | hr@2:0.868 | hr@3:0.914 | acc@1:0.648 | acc@2:0.592 | acc@3:0.559 | Best krc: 0.785 | Best epoch: 25
[2023-11-29 04:13:11] INFO (nni/MainThread) Intermediate result: 0.782372865276232  (Index 58)
-----------------ETPA RESULT-------------------
Epoch 29: Validation	rmse: 19.09	mae: 14.61	mape: 33.61%	acc@10: 46.67%	acc@20: 75.21%	acc@30: 90.42%	
[2023-11-29 04:13:11] INFO (nni/MainThread) Intermediate result: 19.08824905102739  (Index 59)
*** Epoch: 30 ***
-----------------G2R RESULT-------------------

val result: krc:0.783 | lsd:0.636 | ed:0.935 | hr@1:0.655 | hr@2:0.868 | hr@3:0.913 | acc@1:0.655 | acc@2:0.597 | acc@3:0.564 | Best krc: 0.785 | Best epoch: 25
[2023-11-29 04:13:41] INFO (nni/MainThread) Intermediate result: 0.7831108996915731  (Index 60)
-----------------ETPA RESULT-------------------
Epoch 30: Validation	rmse: 18.92	mae: 14.51	mape: 33.47%	acc@10: 46.47%	acc@20: 75.5%	acc@30: 90.62%	
[2023-11-29 04:13:41] INFO (nni/MainThread) Intermediate result: 18.921218682565364  (Index 61)
*** Epoch: 31 ***
-----------------G2R RESULT-------------------

val result: krc:0.785 | lsd:0.637 | ed:0.928 | hr@1:0.651 | hr@2:0.869 | hr@3:0.916 | acc@1:0.651 | acc@2:0.598 | acc@3:0.568 | Best krc: 0.785 | Best epoch: 25
[2023-11-29 04:14:14] INFO (nni/MainThread) Intermediate result: 0.7849529514680368  (Index 62)
-----------------ETPA RESULT-------------------
Epoch 31: Validation	rmse: 18.87	mae: 14.5	mape: 33.42%	acc@10: 46.19%	acc@20: 75.49%	acc@30: 90.72%	
[2023-11-29 04:14:14] INFO (nni/MainThread) Intermediate result: 18.869941350334745  (Index 63)
*** Epoch: 32 ***
-----------------G2R RESULT-------------------

val result: krc:0.773 | lsd:0.655 | ed:0.989 | hr@1:0.642 | hr@2:0.867 | hr@3:0.91 | acc@1:0.642 | acc@2:0.585 | acc@3:0.544 | Best krc: 0.785 | Best epoch: 25
[2023-11-29 04:14:43] INFO (nni/MainThread) Intermediate result: 0.7728168988859849  (Index 64)
-----------------ETPA RESULT-------------------
Epoch 32: Validation	rmse: 18.74	mae: 14.43	mape: 33.25%	acc@10: 46.02%	acc@20: 75.76%	acc@30: 90.91%	
[2023-11-29 04:14:43] INFO (nni/MainThread) Intermediate result: 18.736189838856053  (Index 65)
*** Epoch: 33 ***
-----------------G2R RESULT-------------------

val result: krc:0.787 | lsd:0.621 | ed:0.922 | hr@1:0.655 | hr@2:0.871 | hr@3:0.915 | acc@1:0.655 | acc@2:0.601 | acc@3:0.571 | Best krc: 0.785 | Best epoch: 25
best model saved
[2023-11-29 04:15:14] INFO (nni/MainThread) Intermediate result: 0.7870397402885378  (Index 66)
-----------------ETPA RESULT-------------------
Epoch 33: Validation	rmse: 18.66	mae: 14.41	mape: 33.23%	acc@10: 45.96%	acc@20: 75.74%	acc@30: 91.08%	
[2023-11-29 04:15:14] INFO (nni/MainThread) Intermediate result: 18.664917058724903  (Index 67)
*** Epoch: 34 ***
-----------------G2R RESULT-------------------

val result: krc:0.783 | lsd:0.635 | ed:0.948 | hr@1:0.649 | hr@2:0.87 | hr@3:0.913 | acc@1:0.649 | acc@2:0.594 | acc@3:0.56 | Best krc: 0.787 | Best epoch: 33
[2023-11-29 04:15:43] INFO (nni/MainThread) Intermediate result: 0.7825692010300668  (Index 68)
-----------------ETPA RESULT-------------------
Epoch 34: Validation	rmse: 18.65	mae: 14.43	mape: 33.26%	acc@10: 45.54%	acc@20: 75.54%	acc@30: 91.16%	
[2023-11-29 04:15:43] INFO (nni/MainThread) Intermediate result: 18.65102755294977  (Index 69)
*** Epoch: 35 ***
-----------------G2R RESULT-------------------

val result: krc:0.785 | lsd:0.646 | ed:0.944 | hr@1:0.656 | hr@2:0.868 | hr@3:0.914 | acc@1:0.656 | acc@2:0.596 | acc@3:0.559 | Best krc: 0.787 | Best epoch: 33
[2023-11-29 04:16:11] INFO (nni/MainThread) Intermediate result: 0.7845928357865392  (Index 70)
-----------------ETPA RESULT-------------------
Epoch 35: Validation	rmse: 18.57	mae: 14.38	mape: 33.14%	acc@10: 45.75%	acc@20: 75.61%	acc@30: 91.32%	
[2023-11-29 04:16:11] INFO (nni/MainThread) Intermediate result: 18.56751531104757  (Index 71)
*** Epoch: 36 ***
-----------------G2R RESULT-------------------

val result: krc:0.785 | lsd:0.63 | ed:0.942 | hr@1:0.654 | hr@2:0.875 | hr@3:0.918 | acc@1:0.654 | acc@2:0.598 | acc@3:0.564 | Best krc: 0.787 | Best epoch: 33
[2023-11-29 04:16:40] INFO (nni/MainThread) Intermediate result: 0.7846786739309696  (Index 72)
-----------------ETPA RESULT-------------------
Epoch 36: Validation	rmse: 18.51	mae: 14.37	mape: 33.12%	acc@10: 45.61%	acc@20: 75.51%	acc@30: 91.47%	
[2023-11-29 04:16:40] INFO (nni/MainThread) Intermediate result: 18.5063265895766  (Index 73)
*** Epoch: 37 ***
-----------------G2R RESULT-------------------

val result: krc:0.785 | lsd:0.633 | ed:0.938 | hr@1:0.652 | hr@2:0.868 | hr@3:0.914 | acc@1:0.652 | acc@2:0.595 | acc@3:0.561 | Best krc: 0.787 | Best epoch: 33
[2023-11-29 04:17:08] INFO (nni/MainThread) Intermediate result: 0.7852697908578976  (Index 74)
-----------------ETPA RESULT-------------------
Epoch 37: Validation	rmse: 18.45	mae: 14.34	mape: 33.06%	acc@10: 45.48%	acc@20: 75.41%	acc@30: 91.53%	
[2023-11-29 04:17:08] INFO (nni/MainThread) Intermediate result: 18.44859342472975  (Index 75)
*** Epoch: 38 ***
-----------------G2R RESULT-------------------

val result: krc:0.782 | lsd:0.64 | ed:0.944 | hr@1:0.648 | hr@2:0.87 | hr@3:0.917 | acc@1:0.648 | acc@2:0.59 | acc@3:0.56 | Best krc: 0.787 | Best epoch: 33
[2023-11-29 04:17:37] INFO (nni/MainThread) Intermediate result: 0.7821860243110789  (Index 76)
-----------------ETPA RESULT-------------------
Epoch 38: Validation	rmse: 18.37	mae: 14.31	mape: 32.98%	acc@10: 45.27%	acc@20: 75.48%	acc@30: 91.67%	
[2023-11-29 04:17:37] INFO (nni/MainThread) Intermediate result: 18.373906793531198  (Index 77)
*** Epoch: 39 ***
-----------------G2R RESULT-------------------

val result: krc:0.786 | lsd:0.637 | ed:0.934 | hr@1:0.659 | hr@2:0.873 | hr@3:0.915 | acc@1:0.659 | acc@2:0.599 | acc@3:0.562 | Best krc: 0.787 | Best epoch: 33
[2023-11-29 04:18:06] INFO (nni/MainThread) Intermediate result: 0.7857763153784142  (Index 78)
-----------------ETPA RESULT-------------------
Epoch 39: Validation	rmse: 18.3	mae: 14.28	mape: 32.96%	acc@10: 45.0%	acc@20: 75.47%	acc@30: 91.88%	
[2023-11-29 04:18:06] INFO (nni/MainThread) Intermediate result: 18.297625632513586  (Index 79)
*** Epoch: 40 ***
-----------------G2R RESULT-------------------

val result: krc:0.787 | lsd:0.636 | ed:0.938 | hr@1:0.656 | hr@2:0.871 | hr@3:0.915 | acc@1:0.656 | acc@2:0.599 | acc@3:0.567 | Best krc: 0.787 | Best epoch: 33
[2023-11-29 04:18:34] INFO (nni/MainThread) Intermediate result: 0.7868325167844187  (Index 80)
-----------------ETPA RESULT-------------------
Epoch 40: Validation	rmse: 18.27	mae: 14.27	mape: 32.9%	acc@10: 44.97%	acc@20: 75.23%	acc@30: 91.92%	
[2023-11-29 04:18:34] INFO (nni/MainThread) Intermediate result: 18.267609313413445  (Index 81)
*** Epoch: 41 ***
-----------------G2R RESULT-------------------

val result: krc:0.781 | lsd:0.639 | ed:0.948 | hr@1:0.649 | hr@2:0.874 | hr@3:0.916 | acc@1:0.649 | acc@2:0.596 | acc@3:0.563 | Best krc: 0.787 | Best epoch: 33
[2023-11-29 04:19:03] INFO (nni/MainThread) Intermediate result: 0.7807991584117513  (Index 82)
-----------------ETPA RESULT-------------------
Epoch 41: Validation	rmse: 18.22	mae: 14.25	mape: 32.88%	acc@10: 44.79%	acc@20: 75.3%	acc@30: 91.96%	
[2023-11-29 04:19:03] INFO (nni/MainThread) Intermediate result: 18.220088599456037  (Index 83)
*** Epoch: 42 ***
-----------------G2R RESULT-------------------

val result: krc:0.787 | lsd:0.626 | ed:0.927 | hr@1:0.652 | hr@2:0.873 | hr@3:0.916 | acc@1:0.652 | acc@2:0.602 | acc@3:0.568 | Best krc: 0.787 | Best epoch: 33
best model saved
[2023-11-29 04:19:33] INFO (nni/MainThread) Intermediate result: 0.787411340056727  (Index 84)
-----------------ETPA RESULT-------------------
Epoch 42: Validation	rmse: 18.16	mae: 14.22	mape: 32.81%	acc@10: 44.69%	acc@20: 75.36%	acc@30: 92.01%	
[2023-11-29 04:19:33] INFO (nni/MainThread) Intermediate result: 18.16471035403257  (Index 85)
*** Epoch: 43 ***
-----------------G2R RESULT-------------------

val result: krc:0.786 | lsd:0.646 | ed:0.938 | hr@1:0.654 | hr@2:0.869 | hr@3:0.915 | acc@1:0.654 | acc@2:0.599 | acc@3:0.564 | Best krc: 0.787 | Best epoch: 42
[2023-11-29 04:20:03] INFO (nni/MainThread) Intermediate result: 0.7859910725236479  (Index 86)
-----------------ETPA RESULT-------------------
Epoch 43: Validation	rmse: 18.16	mae: 14.23	mape: 32.81%	acc@10: 44.67%	acc@20: 75.21%	acc@30: 92.05%	
[2023-11-29 04:20:03] INFO (nni/MainThread) Intermediate result: 18.161116761557356  (Index 87)
*** Epoch: 44 ***
-----------------G2R RESULT-------------------

val result: krc:0.787 | lsd:0.632 | ed:0.943 | hr@1:0.649 | hr@2:0.869 | hr@3:0.914 | acc@1:0.649 | acc@2:0.594 | acc@3:0.561 | Best krc: 0.787 | Best epoch: 42
[2023-11-29 04:20:32] INFO (nni/MainThread) Intermediate result: 0.7870691908295756  (Index 88)
-----------------ETPA RESULT-------------------
Epoch 44: Validation	rmse: 18.14	mae: 14.26	mape: 32.86%	acc@10: 44.38%	acc@20: 75.21%	acc@30: 92.08%	
[2023-11-29 04:20:32] INFO (nni/MainThread) Intermediate result: 18.1448869784911  (Index 89)
*** Epoch: 45 ***
-----------------G2R RESULT-------------------

val result: krc:0.783 | lsd:0.631 | ed:0.942 | hr@1:0.652 | hr@2:0.871 | hr@3:0.914 | acc@1:0.652 | acc@2:0.598 | acc@3:0.564 | Best krc: 0.787 | Best epoch: 42
[2023-11-29 04:21:02] INFO (nni/MainThread) Intermediate result: 0.7833756455531707  (Index 90)
-----------------ETPA RESULT-------------------
Epoch 45: Validation	rmse: 18.11	mae: 14.25	mape: 32.87%	acc@10: 44.29%	acc@20: 75.14%	acc@30: 92.19%	
[2023-11-29 04:21:02] INFO (nni/MainThread) Intermediate result: 18.10851241796265  (Index 91)
*** Epoch: 46 ***
-----------------G2R RESULT-------------------

val result: krc:0.787 | lsd:0.629 | ed:0.923 | hr@1:0.661 | hr@2:0.873 | hr@3:0.916 | acc@1:0.661 | acc@2:0.61 | acc@3:0.572 | Best krc: 0.787 | Best epoch: 42
best model saved
[2023-11-29 04:21:32] INFO (nni/MainThread) Intermediate result: 0.7874430940806103  (Index 92)
-----------------ETPA RESULT-------------------
Epoch 46: Validation	rmse: 18.08	mae: 14.24	mape: 32.84%	acc@10: 44.15%	acc@20: 75.13%	acc@30: 92.22%	
[2023-11-29 04:21:32] INFO (nni/MainThread) Intermediate result: 18.084442834400537  (Index 93)
*** Epoch: 47 ***
-----------------G2R RESULT-------------------

val result: krc:0.788 | lsd:0.645 | ed:0.941 | hr@1:0.657 | hr@2:0.873 | hr@3:0.916 | acc@1:0.657 | acc@2:0.601 | acc@3:0.565 | Best krc: 0.787 | Best epoch: 46
best model saved
[2023-11-29 04:22:03] INFO (nni/MainThread) Intermediate result: 0.7877651141227879  (Index 94)
-----------------ETPA RESULT-------------------
Epoch 47: Validation	rmse: 18.04	mae: 14.21	mape: 32.75%	acc@10: 44.21%	acc@20: 75.13%	acc@30: 92.25%	
[2023-11-29 04:22:03] INFO (nni/MainThread) Intermediate result: 18.04123244248845  (Index 95)
*** Epoch: 48 ***
-----------------G2R RESULT-------------------

val result: krc:0.789 | lsd:0.63 | ed:0.93 | hr@1:0.663 | hr@2:0.873 | hr@3:0.914 | acc@1:0.663 | acc@2:0.609 | acc@3:0.573 | Best krc: 0.788 | Best epoch: 47
best model saved
[2023-11-29 04:22:34] INFO (nni/MainThread) Intermediate result: 0.7886780265354818  (Index 96)
-----------------ETPA RESULT-------------------
Epoch 48: Validation	rmse: 18.06	mae: 14.23	mape: 32.81%	acc@10: 44.13%	acc@20: 74.94%	acc@30: 92.28%	
[2023-11-29 04:22:34] INFO (nni/MainThread) Intermediate result: 18.060823334132607  (Index 97)
*** Epoch: 49 ***
-----------------G2R RESULT-------------------

val result: krc:0.773 | lsd:0.649 | ed:0.993 | hr@1:0.645 | hr@2:0.869 | hr@3:0.91 | acc@1:0.645 | acc@2:0.589 | acc@3:0.544 | Best krc: 0.789 | Best epoch: 48
[2023-11-29 04:23:03] INFO (nni/MainThread) Intermediate result: 0.7731846621046445  (Index 98)
-----------------ETPA RESULT-------------------
Epoch 49: Validation	rmse: 18.03	mae: 14.23	mape: 32.84%	acc@10: 43.94%	acc@20: 75.06%	acc@30: 92.38%	
[2023-11-29 04:23:03] INFO (nni/MainThread) Intermediate result: 18.0257691146881  (Index 99)
*** Epoch: 50 ***
-----------------G2R RESULT-------------------

val result: krc:0.79 | lsd:0.611 | ed:0.922 | hr@1:0.665 | hr@2:0.871 | hr@3:0.917 | acc@1:0.665 | acc@2:0.605 | acc@3:0.57 | Best krc: 0.789 | Best epoch: 48
best model saved
[2023-11-29 04:23:33] INFO (nni/MainThread) Intermediate result: 0.7897009958575327  (Index 100)
-----------------ETPA RESULT-------------------
Epoch 50: Validation	rmse: 17.99	mae: 14.22	mape: 32.82%	acc@10: 43.69%	acc@20: 75.18%	acc@30: 92.46%	
[2023-11-29 04:23:33] INFO (nni/MainThread) Intermediate result: 17.98685474601959  (Index 101)
*** Epoch: 51 ***
-----------------G2R RESULT-------------------

val result: krc:0.791 | lsd:0.609 | ed:0.915 | hr@1:0.661 | hr@2:0.872 | hr@3:0.916 | acc@1:0.661 | acc@2:0.606 | acc@3:0.57 | Best krc: 0.79 | Best epoch: 50
best model saved
[2023-11-29 04:24:03] INFO (nni/MainThread) Intermediate result: 0.7913950669000953  (Index 102)
-----------------ETPA RESULT-------------------
Epoch 51: Validation	rmse: 17.98	mae: 14.22	mape: 32.8%	acc@10: 43.75%	acc@20: 75.12%	acc@30: 92.49%	
[2023-11-29 04:24:03] INFO (nni/MainThread) Intermediate result: 17.975205477579287  (Index 103)
*** Epoch: 52 ***
-----------------G2R RESULT-------------------

val result: krc:0.788 | lsd:0.613 | ed:0.925 | hr@1:0.656 | hr@2:0.874 | hr@3:0.919 | acc@1:0.656 | acc@2:0.599 | acc@3:0.569 | Best krc: 0.791 | Best epoch: 51
[2023-11-29 04:24:32] INFO (nni/MainThread) Intermediate result: 0.7884850034740719  (Index 104)
-----------------ETPA RESULT-------------------
Epoch 52: Validation	rmse: 17.94	mae: 14.21	mape: 32.82%	acc@10: 43.51%	acc@20: 75.24%	acc@30: 92.51%	
[2023-11-29 04:24:32] INFO (nni/MainThread) Intermediate result: 17.93766495373362  (Index 105)
*** Epoch: 53 ***
-----------------G2R RESULT-------------------

val result: krc:0.788 | lsd:0.613 | ed:0.935 | hr@1:0.654 | hr@2:0.874 | hr@3:0.918 | acc@1:0.654 | acc@2:0.598 | acc@3:0.565 | Best krc: 0.791 | Best epoch: 51
[2023-11-29 04:25:01] INFO (nni/MainThread) Intermediate result: 0.7880732191095111  (Index 106)
-----------------ETPA RESULT-------------------
Epoch 53: Validation	rmse: 17.93	mae: 14.21	mape: 32.8%	acc@10: 43.46%	acc@20: 75.17%	acc@30: 92.53%	
[2023-11-29 04:25:01] INFO (nni/MainThread) Intermediate result: 17.9291013453016  (Index 107)
*** Epoch: 54 ***
-----------------G2R RESULT-------------------

val result: krc:0.779 | lsd:0.63 | ed:0.977 | hr@1:0.649 | hr@2:0.871 | hr@3:0.916 | acc@1:0.649 | acc@2:0.589 | acc@3:0.55 | Best krc: 0.791 | Best epoch: 51
[2023-11-29 04:25:31] INFO (nni/MainThread) Intermediate result: 0.7792285956606025  (Index 108)
-----------------ETPA RESULT-------------------
Epoch 54: Validation	rmse: 17.97	mae: 14.24	mape: 32.83%	acc@10: 43.35%	acc@20: 74.94%	acc@30: 92.44%	
[2023-11-29 04:25:31] INFO (nni/MainThread) Intermediate result: 17.974186864558423  (Index 109)
*** Epoch: 55 ***
-----------------G2R RESULT-------------------

val result: krc:0.779 | lsd:0.63 | ed:0.965 | hr@1:0.65 | hr@2:0.871 | hr@3:0.915 | acc@1:0.65 | acc@2:0.594 | acc@3:0.551 | Best krc: 0.791 | Best epoch: 51
[2023-11-29 04:26:01] INFO (nni/MainThread) Intermediate result: 0.7789802333571464  (Index 110)
-----------------ETPA RESULT-------------------
Epoch 55: Validation	rmse: 17.94	mae: 14.23	mape: 32.79%	acc@10: 43.42%	acc@20: 74.78%	acc@30: 92.52%	
[2023-11-29 04:26:01] INFO (nni/MainThread) Intermediate result: 17.944365702425426  (Index 111)
*** Epoch: 56 ***
-----------------G2R RESULT-------------------

val result: krc:0.792 | lsd:0.614 | ed:0.912 | hr@1:0.661 | hr@2:0.873 | hr@3:0.918 | acc@1:0.661 | acc@2:0.606 | acc@3:0.572 | Best krc: 0.791 | Best epoch: 51
best model saved
[2023-11-29 04:26:31] INFO (nni/MainThread) Intermediate result: 0.7919780726164635  (Index 112)
-----------------ETPA RESULT-------------------
Epoch 56: Validation	rmse: 17.95	mae: 14.24	mape: 32.82%	acc@10: 43.26%	acc@20: 74.78%	acc@30: 92.54%	
[2023-11-29 04:26:31] INFO (nni/MainThread) Intermediate result: 17.951432826396747  (Index 113)
*** Epoch: 57 ***
-----------------G2R RESULT-------------------

val result: krc:0.783 | lsd:0.635 | ed:0.945 | hr@1:0.656 | hr@2:0.871 | hr@3:0.919 | acc@1:0.656 | acc@2:0.599 | acc@3:0.564 | Best krc: 0.792 | Best epoch: 56
[2023-11-29 04:27:00] INFO (nni/MainThread) Intermediate result: 0.7826857024495852  (Index 114)
-----------------ETPA RESULT-------------------
Epoch 57: Validation	rmse: 17.95	mae: 14.24	mape: 32.8%	acc@10: 43.27%	acc@20: 74.73%	acc@30: 92.56%	
[2023-11-29 04:27:00] INFO (nni/MainThread) Intermediate result: 17.954196699561127  (Index 115)
*** Epoch: 58 ***
-----------------G2R RESULT-------------------

val result: krc:0.793 | lsd:0.601 | ed:0.933 | hr@1:0.661 | hr@2:0.876 | hr@3:0.92 | acc@1:0.661 | acc@2:0.606 | acc@3:0.571 | Best krc: 0.792 | Best epoch: 56
best model saved
[2023-11-29 04:27:31] INFO (nni/MainThread) Intermediate result: 0.7932828489103085  (Index 116)
-----------------ETPA RESULT-------------------
Epoch 58: Validation	rmse: 17.98	mae: 14.26	mape: 32.81%	acc@10: 43.17%	acc@20: 74.68%	acc@30: 92.58%	
[2023-11-29 04:27:31] INFO (nni/MainThread) Intermediate result: 17.97624891869662  (Index 117)
*** Epoch: 59 ***
-----------------G2R RESULT-------------------

val result: krc:0.782 | lsd:0.62 | ed:0.96 | hr@1:0.654 | hr@2:0.871 | hr@3:0.918 | acc@1:0.654 | acc@2:0.594 | acc@3:0.558 | Best krc: 0.793 | Best epoch: 58
[2023-11-29 04:28:01] INFO (nni/MainThread) Intermediate result: 0.7815335151496062  (Index 118)
-----------------ETPA RESULT-------------------
Epoch 59: Validation	rmse: 17.98	mae: 14.26	mape: 32.8%	acc@10: 43.18%	acc@20: 74.69%	acc@30: 92.6%	
[2023-11-29 04:28:01] INFO (nni/MainThread) Intermediate result: 17.979643100879915  (Index 119)
*** Epoch: 60 ***
-----------------G2R RESULT-------------------

val result: krc:0.79 | lsd:0.614 | ed:0.934 | hr@1:0.664 | hr@2:0.873 | hr@3:0.917 | acc@1:0.664 | acc@2:0.605 | acc@3:0.568 | Best krc: 0.793 | Best epoch: 58
[2023-11-29 04:28:30] INFO (nni/MainThread) Intermediate result: 0.7897408416778771  (Index 120)
-----------------ETPA RESULT-------------------
Epoch 60: Validation	rmse: 18.03	mae: 14.3	mape: 32.83%	acc@10: 43.08%	acc@20: 74.39%	acc@30: 92.62%	
[2023-11-29 04:28:30] INFO (nni/MainThread) Intermediate result: 18.02990911789621  (Index 121)
*** Epoch: 61 ***
-----------------G2R RESULT-------------------

val result: krc:0.794 | lsd:0.629 | ed:0.916 | hr@1:0.664 | hr@2:0.875 | hr@3:0.919 | acc@1:0.664 | acc@2:0.607 | acc@3:0.575 | Best krc: 0.793 | Best epoch: 58
best model saved
[2023-11-29 04:29:00] INFO (nni/MainThread) Intermediate result: 0.7944380732225069  (Index 122)
-----------------ETPA RESULT-------------------
Epoch 61: Validation	rmse: 18.05	mae: 14.32	mape: 32.86%	acc@10: 42.94%	acc@20: 74.34%	acc@30: 92.64%	
[2023-11-29 04:29:00] INFO (nni/MainThread) Intermediate result: 18.050342597535927  (Index 123)
*** Epoch: 62 ***
-----------------G2R RESULT-------------------

val result: krc:0.786 | lsd:0.62 | ed:0.943 | hr@1:0.659 | hr@2:0.872 | hr@3:0.917 | acc@1:0.659 | acc@2:0.599 | acc@3:0.563 | Best krc: 0.794 | Best epoch: 61
[2023-11-29 04:29:30] INFO (nni/MainThread) Intermediate result: 0.7864035240860777  (Index 124)
-----------------ETPA RESULT-------------------
Epoch 62: Validation	rmse: 18.05	mae: 14.33	mape: 32.88%	acc@10: 42.96%	acc@20: 74.36%	acc@30: 92.66%	
[2023-11-29 04:29:30] INFO (nni/MainThread) Intermediate result: 18.05370113667998  (Index 125)
*** Epoch: 63 ***
-----------------G2R RESULT-------------------

val result: krc:0.794 | lsd:0.603 | ed:0.909 | hr@1:0.669 | hr@2:0.874 | hr@3:0.919 | acc@1:0.669 | acc@2:0.61 | acc@3:0.578 | Best krc: 0.794 | Best epoch: 61
[2023-11-29 04:30:01] INFO (nni/MainThread) Intermediate result: 0.7944311368885046  (Index 126)
-----------------ETPA RESULT-------------------
Epoch 63: Validation	rmse: 18.04	mae: 14.33	mape: 32.89%	acc@10: 43.02%	acc@20: 74.17%	acc@30: 92.68%	
[2023-11-29 04:30:01] INFO (nni/MainThread) Intermediate result: 18.042681726035294  (Index 127)
*** Epoch: 64 ***
-----------------G2R RESULT-------------------

val result: krc:0.793 | lsd:0.61 | ed:0.925 | hr@1:0.664 | hr@2:0.872 | hr@3:0.919 | acc@1:0.664 | acc@2:0.604 | acc@3:0.571 | Best krc: 0.794 | Best epoch: 61
[2023-11-29 04:30:32] INFO (nni/MainThread) Intermediate result: 0.7929011473392756  (Index 128)
-----------------ETPA RESULT-------------------
Epoch 64: Validation	rmse: 18.07	mae: 14.35	mape: 32.9%	acc@10: 43.03%	acc@20: 74.04%	acc@30: 92.6%	
[2023-11-29 04:30:32] INFO (nni/MainThread) Intermediate result: 18.07236794711691  (Index 129)
*** Epoch: 65 ***
-----------------G2R RESULT-------------------

val result: krc:0.797 | lsd:0.589 | ed:0.901 | hr@1:0.672 | hr@2:0.874 | hr@3:0.92 | acc@1:0.672 | acc@2:0.614 | acc@3:0.582 | Best krc: 0.794 | Best epoch: 61
best model saved
[2023-11-29 04:31:08] INFO (nni/MainThread) Intermediate result: 0.7974451498719098  (Index 130)
-----------------ETPA RESULT-------------------
Epoch 65: Validation	rmse: 18.05	mae: 14.33	mape: 32.84%	acc@10: 43.13%	acc@20: 74.1%	acc@30: 92.61%	
[2023-11-29 04:31:08] INFO (nni/MainThread) Intermediate result: 18.047259543756287  (Index 131)
*** Epoch: 66 ***
-----------------G2R RESULT-------------------

val result: krc:0.795 | lsd:0.599 | ed:0.909 | hr@1:0.669 | hr@2:0.874 | hr@3:0.92 | acc@1:0.669 | acc@2:0.611 | acc@3:0.577 | Best krc: 0.797 | Best epoch: 65
[2023-11-29 04:31:41] INFO (nni/MainThread) Intermediate result: 0.7949574288446173  (Index 132)
-----------------ETPA RESULT-------------------
Epoch 66: Validation	rmse: 18.1	mae: 14.37	mape: 32.89%	acc@10: 43.0%	acc@20: 73.93%	acc@30: 92.54%	
[2023-11-29 04:31:41] INFO (nni/MainThread) Intermediate result: 18.09945324644833  (Index 133)
*** Epoch: 67 ***
-----------------G2R RESULT-------------------

val result: krc:0.792 | lsd:0.601 | ed:0.917 | hr@1:0.665 | hr@2:0.873 | hr@3:0.922 | acc@1:0.665 | acc@2:0.607 | acc@3:0.576 | Best krc: 0.797 | Best epoch: 65
[2023-11-29 04:32:11] INFO (nni/MainThread) Intermediate result: 0.7924796882820495  (Index 134)
-----------------ETPA RESULT-------------------
Epoch 67: Validation	rmse: 18.11	mae: 14.38	mape: 32.9%	acc@10: 43.06%	acc@20: 73.76%	acc@30: 92.51%	
[2023-11-29 04:32:11] INFO (nni/MainThread) Intermediate result: 18.111443293620447  (Index 135)
*** Epoch: 68 ***
-----------------G2R RESULT-------------------

val result: krc:0.794 | lsd:0.596 | ed:0.917 | hr@1:0.668 | hr@2:0.875 | hr@3:0.919 | acc@1:0.668 | acc@2:0.608 | acc@3:0.572 | Best krc: 0.797 | Best epoch: 65
[2023-11-29 04:32:42] INFO (nni/MainThread) Intermediate result: 0.7936774475908713  (Index 136)
-----------------ETPA RESULT-------------------
Epoch 68: Validation	rmse: 18.11	mae: 14.38	mape: 32.9%	acc@10: 43.03%	acc@20: 73.69%	acc@30: 92.53%	
[2023-11-29 04:32:42] INFO (nni/MainThread) Intermediate result: 18.11174818712413  (Index 137)
*** Epoch: 69 ***
-----------------G2R RESULT-------------------

val result: krc:0.798 | lsd:0.598 | ed:0.911 | hr@1:0.668 | hr@2:0.879 | hr@3:0.921 | acc@1:0.668 | acc@2:0.617 | acc@3:0.58 | Best krc: 0.797 | Best epoch: 65
best model saved
[2023-11-29 04:33:13] INFO (nni/MainThread) Intermediate result: 0.7981764767160482  (Index 138)
-----------------ETPA RESULT-------------------
Epoch 69: Validation	rmse: 18.16	mae: 14.42	mape: 32.96%	acc@10: 42.86%	acc@20: 73.53%	acc@30: 92.41%	
[2023-11-29 04:33:13] INFO (nni/MainThread) Intermediate result: 18.156119595971102  (Index 139)
*** Epoch: 70 ***
-----------------G2R RESULT-------------------

val result: krc:0.798 | lsd:0.606 | ed:0.91 | hr@1:0.672 | hr@2:0.877 | hr@3:0.921 | acc@1:0.672 | acc@2:0.621 | acc@3:0.585 | Best krc: 0.798 | Best epoch: 69
best model saved
[2023-11-29 04:33:45] INFO (nni/MainThread) Intermediate result: 0.7984376979479733  (Index 140)
-----------------ETPA RESULT-------------------
Epoch 70: Validation	rmse: 18.18	mae: 14.44	mape: 32.98%	acc@10: 42.83%	acc@20: 73.37%	acc@30: 92.39%	
[2023-11-29 04:33:45] INFO (nni/MainThread) Intermediate result: 18.18062089725288  (Index 141)
*** Epoch: 71 ***
-----------------G2R RESULT-------------------

val result: krc:0.8 | lsd:0.594 | ed:0.901 | hr@1:0.675 | hr@2:0.878 | hr@3:0.921 | acc@1:0.675 | acc@2:0.619 | acc@3:0.583 | Best krc: 0.798 | Best epoch: 70
best model saved
[2023-11-29 04:34:17] INFO (nni/MainThread) Intermediate result: 0.8002673127290528  (Index 142)
-----------------ETPA RESULT-------------------
Epoch 71: Validation	rmse: 18.2	mae: 14.45	mape: 32.99%	acc@10: 42.8%	acc@20: 73.18%	acc@30: 92.36%	
[2023-11-29 04:34:17] INFO (nni/MainThread) Intermediate result: 18.199616033521092  (Index 143)
*** Epoch: 72 ***
-----------------G2R RESULT-------------------

val result: krc:0.799 | lsd:0.585 | ed:0.907 | hr@1:0.673 | hr@2:0.877 | hr@3:0.921 | acc@1:0.673 | acc@2:0.617 | acc@3:0.58 | Best krc: 0.8 | Best epoch: 71
[2023-11-29 04:34:50] INFO (nni/MainThread) Intermediate result: 0.7985786232747316  (Index 144)
-----------------ETPA RESULT-------------------
Epoch 72: Validation	rmse: 18.19	mae: 14.44	mape: 32.96%	acc@10: 42.85%	acc@20: 73.16%	acc@30: 92.38%	
[2023-11-29 04:34:50] INFO (nni/MainThread) Intermediate result: 18.18513189050347  (Index 145)
*** Epoch: 73 ***
-----------------G2R RESULT-------------------

val result: krc:0.796 | lsd:0.595 | ed:0.92 | hr@1:0.677 | hr@2:0.878 | hr@3:0.92 | acc@1:0.677 | acc@2:0.616 | acc@3:0.578 | Best krc: 0.8 | Best epoch: 71
[2023-11-29 04:35:20] INFO (nni/MainThread) Intermediate result: 0.7960176253486266  (Index 146)
-----------------ETPA RESULT-------------------
Epoch 73: Validation	rmse: 18.21	mae: 14.46	mape: 32.99%	acc@10: 42.78%	acc@20: 72.97%	acc@30: 92.36%	
[2023-11-29 04:35:20] INFO (nni/MainThread) Intermediate result: 18.20627837054928  (Index 147)
*** Epoch: 74 ***
-----------------G2R RESULT-------------------

val result: krc:0.8 | lsd:0.586 | ed:0.897 | hr@1:0.675 | hr@2:0.878 | hr@3:0.921 | acc@1:0.675 | acc@2:0.617 | acc@3:0.586 | Best krc: 0.8 | Best epoch: 71
[2023-11-29 04:35:55] INFO (nni/MainThread) Intermediate result: 0.8001216946909995  (Index 148)
-----------------ETPA RESULT-------------------
Epoch 74: Validation	rmse: 18.24	mae: 14.49	mape: 33.04%	acc@10: 42.62%	acc@20: 72.92%	acc@30: 92.29%	
[2023-11-29 04:35:55] INFO (nni/MainThread) Intermediate result: 18.236418119006476  (Index 149)
*** Epoch: 75 ***
-----------------G2R RESULT-------------------

val result: krc:0.794 | lsd:0.592 | ed:0.926 | hr@1:0.672 | hr@2:0.875 | hr@3:0.92 | acc@1:0.672 | acc@2:0.612 | acc@3:0.575 | Best krc: 0.8 | Best epoch: 71
[2023-11-29 04:36:28] INFO (nni/MainThread) Intermediate result: 0.7939744198860944  (Index 150)
-----------------ETPA RESULT-------------------
Epoch 75: Validation	rmse: 18.33	mae: 14.57	mape: 33.2%	acc@10: 42.39%	acc@20: 72.7%	acc@30: 92.15%	
[2023-11-29 04:36:28] INFO (nni/MainThread) Intermediate result: 18.329856540987397  (Index 151)
*** Epoch: 76 ***
-----------------G2R RESULT-------------------

val result: krc:0.788 | lsd:0.602 | ed:0.95 | hr@1:0.672 | hr@2:0.874 | hr@3:0.917 | acc@1:0.672 | acc@2:0.608 | acc@3:0.571 | Best krc: 0.8 | Best epoch: 71
[2023-11-29 04:36:59] INFO (nni/MainThread) Intermediate result: 0.7884039421686995  (Index 152)
-----------------ETPA RESULT-------------------
Epoch 76: Validation	rmse: 18.35	mae: 14.59	mape: 33.22%	acc@10: 42.37%	acc@20: 72.65%	acc@30: 92.13%	
[2023-11-29 04:36:59] INFO (nni/MainThread) Intermediate result: 18.3539967010313  (Index 153)
*** Epoch: 77 ***
-----------------G2R RESULT-------------------

val result: krc:0.799 | lsd:0.603 | ed:0.911 | hr@1:0.669 | hr@2:0.875 | hr@3:0.92 | acc@1:0.669 | acc@2:0.614 | acc@3:0.582 | Best krc: 0.8 | Best epoch: 71
[2023-11-29 04:37:29] INFO (nni/MainThread) Intermediate result: 0.7987952813838253  (Index 154)
-----------------ETPA RESULT-------------------
Epoch 77: Validation	rmse: 18.33	mae: 14.57	mape: 33.2%	acc@10: 42.47%	acc@20: 72.64%	acc@30: 92.15%	
[2023-11-29 04:37:29] INFO (nni/MainThread) Intermediate result: 18.328190814264214  (Index 155)
*** Epoch: 78 ***
-----------------G2R RESULT-------------------

val result: krc:0.8 | lsd:0.596 | ed:0.899 | hr@1:0.684 | hr@2:0.878 | hr@3:0.922 | acc@1:0.684 | acc@2:0.625 | acc@3:0.59 | Best krc: 0.8 | Best epoch: 71
best model saved
[2023-11-29 04:38:03] INFO (nni/MainThread) Intermediate result: 0.8003672846611193  (Index 156)
-----------------ETPA RESULT-------------------
Epoch 78: Validation	rmse: 18.34	mae: 14.59	mape: 33.23%	acc@10: 42.44%	acc@20: 72.55%	acc@30: 92.17%	
[2023-11-29 04:38:03] INFO (nni/MainThread) Intermediate result: 18.33893930178083  (Index 157)
*** Epoch: 79 ***
-----------------G2R RESULT-------------------

val result: krc:0.803 | lsd:0.596 | ed:0.883 | hr@1:0.683 | hr@2:0.877 | hr@3:0.92 | acc@1:0.683 | acc@2:0.628 | acc@3:0.593 | Best krc: 0.8 | Best epoch: 78
best model saved
[2023-11-29 04:38:37] INFO (nni/MainThread) Intermediate result: 0.8026105569437445  (Index 158)
-----------------ETPA RESULT-------------------
Epoch 79: Validation	rmse: 18.34	mae: 14.59	mape: 33.24%	acc@10: 42.42%	acc@20: 72.42%	acc@30: 92.19%	
[2023-11-29 04:38:37] INFO (nni/MainThread) Intermediate result: 18.338877103811743  (Index 159)
*** Epoch: 80 ***
-----------------G2R RESULT-------------------

val result: krc:0.805 | lsd:0.581 | ed:0.883 | hr@1:0.681 | hr@2:0.878 | hr@3:0.92 | acc@1:0.681 | acc@2:0.627 | acc@3:0.591 | Best krc: 0.803 | Best epoch: 79
best model saved
[2023-11-29 04:39:08] INFO (nni/MainThread) Intermediate result: 0.8050653953408654  (Index 160)
-----------------ETPA RESULT-------------------
Epoch 80: Validation	rmse: 18.38	mae: 14.64	mape: 33.32%	acc@10: 42.25%	acc@20: 72.22%	acc@30: 92.09%	
[2023-11-29 04:39:08] INFO (nni/MainThread) Intermediate result: 18.382449464904134  (Index 161)
*** Epoch: 81 ***
-----------------G2R RESULT-------------------

val result: krc:0.803 | lsd:0.599 | ed:0.899 | hr@1:0.675 | hr@2:0.88 | hr@3:0.921 | acc@1:0.675 | acc@2:0.622 | acc@3:0.589 | Best krc: 0.805 | Best epoch: 80
[2023-11-29 04:39:43] INFO (nni/MainThread) Intermediate result: 0.8029468311409718  (Index 162)
-----------------ETPA RESULT-------------------
Epoch 81: Validation	rmse: 18.4	mae: 14.65	mape: 33.34%	acc@10: 42.23%	acc@20: 72.1%	acc@30: 92.04%	
[2023-11-29 04:39:43] INFO (nni/MainThread) Intermediate result: 18.397127763395737  (Index 163)
*** Epoch: 82 ***
-----------------G2R RESULT-------------------

val result: krc:0.805 | lsd:0.589 | ed:0.888 | hr@1:0.686 | hr@2:0.881 | hr@3:0.923 | acc@1:0.686 | acc@2:0.629 | acc@3:0.593 | Best krc: 0.805 | Best epoch: 80
[2023-11-29 04:40:15] INFO (nni/MainThread) Intermediate result: 0.8046394930435157  (Index 164)
-----------------ETPA RESULT-------------------
Epoch 82: Validation	rmse: 18.42	mae: 14.67	mape: 33.38%	acc@10: 42.17%	acc@20: 71.95%	acc@30: 91.94%	
[2023-11-29 04:40:15] INFO (nni/MainThread) Intermediate result: 18.419487927590875  (Index 165)
*** Epoch: 83 ***
-----------------G2R RESULT-------------------

val result: krc:0.795 | lsd:0.601 | ed:0.919 | hr@1:0.669 | hr@2:0.877 | hr@3:0.92 | acc@1:0.669 | acc@2:0.611 | acc@3:0.579 | Best krc: 0.805 | Best epoch: 80
[2023-11-29 04:40:48] INFO (nni/MainThread) Intermediate result: 0.7952345906696584  (Index 166)
-----------------ETPA RESULT-------------------
Epoch 83: Validation	rmse: 18.45	mae: 14.7	mape: 33.44%	acc@10: 42.04%	acc@20: 71.76%	acc@30: 91.82%	
[2023-11-29 04:40:48] INFO (nni/MainThread) Intermediate result: 18.45114528050678  (Index 167)
*** Epoch: 84 ***
-----------------G2R RESULT-------------------

val result: krc:0.806 | lsd:0.594 | ed:0.886 | hr@1:0.688 | hr@2:0.88 | hr@3:0.922 | acc@1:0.688 | acc@2:0.631 | acc@3:0.599 | Best krc: 0.805 | Best epoch: 80
best model saved
[2023-11-29 04:41:23] INFO (nni/MainThread) Intermediate result: 0.8063386295480742  (Index 168)
-----------------ETPA RESULT-------------------
Epoch 84: Validation	rmse: 18.47	mae: 14.72	mape: 33.46%	acc@10: 42.02%	acc@20: 71.65%	acc@30: 91.8%	
[2023-11-29 04:41:23] INFO (nni/MainThread) Intermediate result: 18.474140442447275  (Index 169)
*** Epoch: 85 ***
-----------------G2R RESULT-------------------

val result: krc:0.805 | lsd:0.604 | ed:0.889 | hr@1:0.68 | hr@2:0.879 | hr@3:0.921 | acc@1:0.68 | acc@2:0.623 | acc@3:0.592 | Best krc: 0.806 | Best epoch: 84
[2023-11-29 04:41:55] INFO (nni/MainThread) Intermediate result: 0.8051665842133704  (Index 170)
-----------------ETPA RESULT-------------------
Epoch 85: Validation	rmse: 18.49	mae: 14.75	mape: 33.52%	acc@10: 41.82%	acc@20: 71.58%	acc@30: 91.79%	
[2023-11-29 04:41:55] INFO (nni/MainThread) Intermediate result: 18.491173532856344  (Index 171)
*** Epoch: 86 ***
-----------------G2R RESULT-------------------

val result: krc:0.802 | lsd:0.598 | ed:0.896 | hr@1:0.685 | hr@2:0.879 | hr@3:0.923 | acc@1:0.685 | acc@2:0.622 | acc@3:0.591 | Best krc: 0.806 | Best epoch: 84
[2023-11-29 04:42:27] INFO (nni/MainThread) Intermediate result: 0.8019665226836191  (Index 172)
-----------------ETPA RESULT-------------------
Epoch 86: Validation	rmse: 18.51	mae: 14.77	mape: 33.57%	acc@10: 41.81%	acc@20: 71.48%	acc@30: 91.74%	
[2023-11-29 04:42:27] INFO (nni/MainThread) Intermediate result: 18.512849882279497  (Index 173)
*** Epoch: 87 ***
-----------------G2R RESULT-------------------

val result: krc:0.805 | lsd:0.588 | ed:0.899 | hr@1:0.683 | hr@2:0.878 | hr@3:0.922 | acc@1:0.683 | acc@2:0.624 | acc@3:0.59 | Best krc: 0.806 | Best epoch: 84
[2023-11-29 04:42:58] INFO (nni/MainThread) Intermediate result: 0.8051724521247914  (Index 174)
-----------------ETPA RESULT-------------------
Epoch 87: Validation	rmse: 18.53	mae: 14.79	mape: 33.6%	acc@10: 41.73%	acc@20: 71.34%	acc@30: 91.69%	
[2023-11-29 04:42:58] INFO (nni/MainThread) Intermediate result: 18.534978360171458  (Index 175)
*** Epoch: 88 ***
-----------------G2R RESULT-------------------

val result: krc:0.779 | lsd:0.672 | ed:0.987 | hr@1:0.657 | hr@2:0.869 | hr@3:0.914 | acc@1:0.657 | acc@2:0.592 | acc@3:0.554 | Best krc: 0.806 | Best epoch: 84
[2023-11-29 04:43:30] INFO (nni/MainThread) Intermediate result: 0.7794525130248785  (Index 176)
-----------------ETPA RESULT-------------------
Epoch 88: Validation	rmse: 18.52	mae: 14.78	mape: 33.58%	acc@10: 41.75%	acc@20: 71.38%	acc@30: 91.71%	
[2023-11-29 04:43:30] INFO (nni/MainThread) Intermediate result: 18.521209192779065  (Index 177)
*** Epoch: 89 ***
-----------------G2R RESULT-------------------

val result: krc:0.797 | lsd:0.61 | ed:0.917 | hr@1:0.672 | hr@2:0.879 | hr@3:0.919 | acc@1:0.672 | acc@2:0.616 | acc@3:0.582 | Best krc: 0.806 | Best epoch: 84
[2023-11-29 04:44:00] INFO (nni/MainThread) Intermediate result: 0.797265662320319  (Index 178)
-----------------ETPA RESULT-------------------
Epoch 89: Validation	rmse: 18.53	mae: 14.79	mape: 33.6%	acc@10: 41.74%	acc@20: 71.28%	acc@30: 91.63%	
[2023-11-29 04:44:00] INFO (nni/MainThread) Intermediate result: 18.53472420577573  (Index 179)
*** Epoch: 90 ***
-----------------G2R RESULT-------------------

val result: krc:0.803 | lsd:0.608 | ed:0.879 | hr@1:0.683 | hr@2:0.877 | hr@3:0.92 | acc@1:0.683 | acc@2:0.629 | acc@3:0.596 | Best krc: 0.806 | Best epoch: 84
[2023-11-29 04:44:34] INFO (nni/MainThread) Intermediate result: 0.8027618846683123  (Index 180)
-----------------ETPA RESULT-------------------
Epoch 90: Validation	rmse: 18.55	mae: 14.81	mape: 33.64%	acc@10: 41.69%	acc@20: 71.19%	acc@30: 91.59%	
[2023-11-29 04:44:34] INFO (nni/MainThread) Intermediate result: 18.548102231286396  (Index 181)
*** Epoch: 91 ***
-----------------G2R RESULT-------------------

val result: krc:0.787 | lsd:0.618 | ed:0.955 | hr@1:0.661 | hr@2:0.876 | hr@3:0.916 | acc@1:0.661 | acc@2:0.602 | acc@3:0.565 | Best krc: 0.806 | Best epoch: 84
[2023-11-29 04:45:06] INFO (nni/MainThread) Intermediate result: 0.7865643582477863  (Index 182)
-----------------ETPA RESULT-------------------
Epoch 91: Validation	rmse: 18.55	mae: 14.81	mape: 33.66%	acc@10: 41.68%	acc@20: 71.09%	acc@30: 91.58%	
[2023-11-29 04:45:06] INFO (nni/MainThread) Intermediate result: 18.54671840158326  (Index 183)
*** Epoch: 92 ***
-----------------G2R RESULT-------------------

val result: krc:0.801 | lsd:0.605 | ed:0.906 | hr@1:0.681 | hr@2:0.882 | hr@3:0.921 | acc@1:0.681 | acc@2:0.627 | acc@3:0.587 | Best krc: 0.806 | Best epoch: 84
[2023-11-29 04:45:38] INFO (nni/MainThread) Intermediate result: 0.8010947374218034  (Index 184)
-----------------ETPA RESULT-------------------
Epoch 92: Validation	rmse: 18.55	mae: 14.81	mape: 33.65%	acc@10: 41.63%	acc@20: 71.0%	acc@30: 91.6%	
[2023-11-29 04:45:38] INFO (nni/MainThread) Intermediate result: 18.546109323884046  (Index 185)
*** Epoch: 93 ***
-----------------G2R RESULT-------------------

val result: krc:0.773 | lsd:0.643 | ed:1.017 | hr@1:0.654 | hr@2:0.87 | hr@3:0.909 | acc@1:0.654 | acc@2:0.589 | acc@3:0.543 | Best krc: 0.806 | Best epoch: 84
[2023-11-29 04:46:09] INFO (nni/MainThread) Intermediate result: 0.7728074807829945  (Index 186)
-----------------ETPA RESULT-------------------
Epoch 93: Validation	rmse: 18.55	mae: 14.82	mape: 33.67%	acc@10: 41.62%	acc@20: 70.91%	acc@30: 91.62%	
[2023-11-29 04:46:09] INFO (nni/MainThread) Intermediate result: 18.54659633845552  (Index 187)
*** Epoch: 94 ***
-----------------G2R RESULT-------------------

val result: krc:0.805 | lsd:0.612 | ed:0.887 | hr@1:0.681 | hr@2:0.876 | hr@3:0.919 | acc@1:0.681 | acc@2:0.628 | acc@3:0.594 | Best krc: 0.806 | Best epoch: 84
[2023-11-29 04:46:41] INFO (nni/MainThread) Intermediate result: 0.8045800160098365  (Index 188)
-----------------ETPA RESULT-------------------
Epoch 94: Validation	rmse: 18.55	mae: 14.82	mape: 33.67%	acc@10: 41.58%	acc@20: 70.86%	acc@30: 91.64%	
[2023-11-29 04:46:41] INFO (nni/MainThread) Intermediate result: 18.549732036691072  (Index 189)
*** Epoch: 95 ***
-----------------G2R RESULT-------------------

val result: krc:0.801 | lsd:0.604 | ed:0.906 | hr@1:0.677 | hr@2:0.884 | hr@3:0.925 | acc@1:0.677 | acc@2:0.626 | acc@3:0.589 | Best krc: 0.806 | Best epoch: 84
[2023-11-29 04:47:13] INFO (nni/MainThread) Intermediate result: 0.800998406927572  (Index 190)
-----------------ETPA RESULT-------------------
Epoch 95: Validation	rmse: 18.56	mae: 14.83	mape: 33.69%	acc@10: 41.54%	acc@20: 70.77%	acc@30: 91.67%	
[2023-11-29 04:47:13] INFO (nni/MainThread) Intermediate result: 18.559181636487363  (Index 191)
*** Epoch: 96 ***
-----------------G2R RESULT-------------------

val result: krc:0.801 | lsd:0.606 | ed:0.896 | hr@1:0.678 | hr@2:0.879 | hr@3:0.922 | acc@1:0.678 | acc@2:0.625 | acc@3:0.592 | Best krc: 0.806 | Best epoch: 84
[2023-11-29 04:47:44] INFO (nni/MainThread) Intermediate result: 0.8011443685951775  (Index 192)
-----------------ETPA RESULT-------------------
Epoch 96: Validation	rmse: 18.57	mae: 14.84	mape: 33.71%	acc@10: 41.46%	acc@20: 70.65%	acc@30: 91.69%	
[2023-11-29 04:47:44] INFO (nni/MainThread) Intermediate result: 18.56831367322258  (Index 193)
*** Epoch: 97 ***
-----------------G2R RESULT-------------------

val result: krc:0.794 | lsd:0.608 | ed:0.922 | hr@1:0.68 | hr@2:0.875 | hr@3:0.917 | acc@1:0.68 | acc@2:0.619 | acc@3:0.577 | Best krc: 0.806 | Best epoch: 84
[2023-11-29 04:48:16] INFO (nni/MainThread) Intermediate result: 0.7938467000294722  (Index 194)
-----------------ETPA RESULT-------------------
Epoch 97: Validation	rmse: 18.57	mae: 14.85	mape: 33.73%	acc@10: 41.42%	acc@20: 70.57%	acc@30: 91.71%	
[2023-11-29 04:48:16] INFO (nni/MainThread) Intermediate result: 18.570817942048482  (Index 195)
*** Epoch: 98 ***
-----------------G2R RESULT-------------------

val result: krc:0.802 | lsd:0.593 | ed:0.893 | hr@1:0.686 | hr@2:0.876 | hr@3:0.919 | acc@1:0.686 | acc@2:0.627 | acc@3:0.586 | Best krc: 0.806 | Best epoch: 84
[2023-11-29 04:48:48] INFO (nni/MainThread) Intermediate result: 0.8018191136949335  (Index 196)
-----------------ETPA RESULT-------------------
Epoch 98: Validation	rmse: 18.6	mae: 14.88	mape: 33.79%	acc@10: 41.29%	acc@20: 70.36%	acc@30: 91.7%	
[2023-11-29 04:48:48] INFO (nni/MainThread) Intermediate result: 18.5992362062316  (Index 197)
*** Epoch: 99 ***
-----------------G2R RESULT-------------------

val result: krc:0.8 | lsd:0.619 | ed:0.898 | hr@1:0.686 | hr@2:0.874 | hr@3:0.917 | acc@1:0.686 | acc@2:0.628 | acc@3:0.587 | Best krc: 0.806 | Best epoch: 84
[2023-11-29 04:49:20] INFO (nni/MainThread) Intermediate result: 0.7997111049406632  (Index 198)
-----------------ETPA RESULT-------------------
Epoch 99: Validation	rmse: 18.62	mae: 14.9	mape: 33.82%	acc@10: 41.19%	acc@20: 70.28%	acc@30: 91.72%	
[2023-11-29 04:49:20] INFO (nni/MainThread) Intermediate result: 18.617033749015874  (Index 199)
*** Epoch: 100 ***
-----------------G2R RESULT-------------------

val result: krc:0.805 | lsd:0.598 | ed:0.878 | hr@1:0.684 | hr@2:0.876 | hr@3:0.92 | acc@1:0.684 | acc@2:0.631 | acc@3:0.595 | Best krc: 0.806 | Best epoch: 84
[2023-11-29 04:49:51] INFO (nni/MainThread) Intermediate result: 0.8054292996837814  (Index 200)
-----------------ETPA RESULT-------------------
Epoch 100: Validation	rmse: 18.63	mae: 14.92	mape: 33.85%	acc@10: 41.12%	acc@20: 70.14%	acc@30: 91.74%	
[2023-11-29 04:49:51] INFO (nni/MainThread) Intermediate result: 18.634844376840363  (Index 201)
*** Epoch: 101 ***
-----------------G2R RESULT-------------------

val result: krc:0.796 | lsd:0.603 | ed:0.924 | hr@1:0.679 | hr@2:0.879 | hr@3:0.919 | acc@1:0.679 | acc@2:0.62 | acc@3:0.58 | Best krc: 0.806 | Best epoch: 84
[2023-11-29 04:50:24] INFO (nni/MainThread) Intermediate result: 0.7957115125720285  (Index 202)
-----------------ETPA RESULT-------------------
Epoch 101: Validation	rmse: 18.63	mae: 14.93	mape: 33.89%	acc@10: 41.02%	acc@20: 70.13%	acc@30: 91.76%	
[2023-11-29 04:50:24] INFO (nni/MainThread) Intermediate result: 18.631746652977924  (Index 203)
*** Epoch: 102 ***
-----------------G2R RESULT-------------------

val result: krc:0.806 | lsd:0.594 | ed:0.876 | hr@1:0.687 | hr@2:0.878 | hr@3:0.921 | acc@1:0.687 | acc@2:0.632 | acc@3:0.596 | Best krc: 0.806 | Best epoch: 84
[2023-11-29 04:50:57] INFO (nni/MainThread) Intermediate result: 0.80595030291576  (Index 204)
-----------------ETPA RESULT-------------------
Epoch 102: Validation	rmse: 18.64	mae: 14.94	mape: 33.92%	acc@10: 40.96%	acc@20: 70.12%	acc@30: 91.78%	
[2023-11-29 04:50:57] INFO (nni/MainThread) Intermediate result: 18.635217371566572  (Index 205)
*** Epoch: 103 ***
-----------------G2R RESULT-------------------

val result: krc:0.803 | lsd:0.591 | ed:0.891 | hr@1:0.679 | hr@2:0.878 | hr@3:0.922 | acc@1:0.679 | acc@2:0.625 | acc@3:0.588 | Best krc: 0.806 | Best epoch: 84
[2023-11-29 04:51:29] INFO (nni/MainThread) Intermediate result: 0.8034906119645951  (Index 206)
-----------------ETPA RESULT-------------------
Epoch 103: Validation	rmse: 18.62	mae: 14.94	mape: 33.96%	acc@10: 40.87%	acc@20: 70.07%	acc@30: 91.83%	
[2023-11-29 04:51:29] INFO (nni/MainThread) Intermediate result: 18.622233888331422  (Index 207)
*** Epoch: 104 ***
-----------------G2R RESULT-------------------

val result: krc:0.804 | lsd:0.585 | ed:0.875 | hr@1:0.686 | hr@2:0.878 | hr@3:0.922 | acc@1:0.686 | acc@2:0.628 | acc@3:0.592 | Best krc: 0.806 | Best epoch: 84
[2023-11-29 04:52:02] INFO (nni/MainThread) Intermediate result: 0.8043777809584542  (Index 208)
-----------------ETPA RESULT-------------------
Epoch 104: Validation	rmse: 18.62	mae: 14.95	mape: 34.0%	acc@10: 40.71%	acc@20: 70.03%	acc@30: 91.85%	
[2023-11-29 04:52:02] INFO (nni/MainThread) Intermediate result: 18.617120494225997  (Index 209)
loaded model path: /home/sentanoe/joint_training/data/dataset/food_pd/sort_model/hidden_size-8.gcnru-pd_1701226740.17049221701226740.1705048
best model loaded !!!
krc:0.793 | lsd:0.449 | ed:0.93 | hr@1:0.684 | hr@2:0.912 | hr@3:0.942 | acc@1:0.684 | acc@2:0.634 | acc@3:0.585 |

-------------------------------------------------------------
Best epoch for G2R:  84
Best epoch for ETPA:  53
graph2route_pd Evaluation in test: krc:0.793 | lsd:0.449 | ed:0.93 | hr@1:0.684 | hr@2:0.912 | hr@3:0.942 | acc@1:0.684 | acc@2:0.634 | acc@3:0.585 |
RankPETA Evaluation in test: rmse: 11.96	mae: 9.08	mape: 78.24%	acc@10: 50.0%	acc@20: 90.0%	acc@30: 95.0%	
