Device:  cuda
{'alpha_loss': 0.5,
 'batch_size': 64,
 'dataset': 'food_pd',
 'datatype': 'order',
 'device': device(type='cuda'),
 'early_stop': 20,
 'edge_fea_dim': 5,
 'embedding_dim': 32,
 'eval_end_1': 11,
 'eval_end_2': 25,
 'eval_start': 1,
 'gcn_num_layers': 2,
 'hidden_size': 8,
 'is_eval': False,
 'is_test': False,
 'k_min_nodes': 3,
 'k_nearest_neighbors': 'n-1',
 'lr': 0.001,
 'max_task_num': 25,
 'min_task_num': 0,
 'modelArrivalTime': 'RankPETA',
 'modelRoute': 'graph2route_pd',
 'no_cuda': False,
 'node_fea_dim': 8,
 'node_features_test': '/home/sentanoe/joint_training/data/dataset/food_pd/node_features_test_full.npy',
 'node_features_train': '/home/sentanoe/joint_training/data/dataset/food_pd/node_features_train_full.npy',
 'node_features_val': '/home/sentanoe/joint_training/data/dataset/food_pd/node_features_val_full.npy',
 'num_block': 4,
 'num_epoch': 1000,
 'num_head': 2,
 'num_worker_logistics': 2346,
 'num_worker_pd': 920,
 'pad_value': 26,
 'seed': 2022,
 'sort_mode': 'true_idx',
 'spatial_encoder': 'gcn',
 'temporal_encoder': 'gru',
 'test_path': '/home/sentanoe/joint_training/data/dataset/food_pd/test_full.npy',
 'train_mode': 'sort',
 'train_path': '/home/sentanoe/joint_training/data/dataset/food_pd/train_full.npy',
 'val_path': '/home/sentanoe/joint_training/data/dataset/food_pd/val_full.npy',
 'wd': 1e-05,
 'worker_emb_dim': 10,
 'workers': 2}
last_x_size:13;unpick_x_size:12;input_size:38
#train:2521 | #val:1257 | #test:1261
*** Epoch: 0 ***
-----------------G2R RESULT-------------------

val result: krc:0.756 | lsd:0.71 | ed:1.065 | hr@1:0.624 | hr@2:0.856 | hr@3:0.9 | acc@1:0.624 | acc@2:0.566 | acc@3:0.518 | Best krc: -1 | Best epoch: -1
best model saved
[2023-11-29 12:10:25] INFO (nni/MainThread) Intermediate result: 0.7555487687101153  (Index 0)
-----------------ETPA RESULT-------------------
Epoch 0: Validation	rmse: 42.33	mae: 35.33	mape: 71.36%	acc@10: 15.62%	acc@20: 25.0%	acc@30: 37.5%	
[2023-11-29 12:10:25] INFO (nni/MainThread) Intermediate result: 42.32719925621113  (Index 1)
*** Epoch: 1 ***
-----------------G2R RESULT-------------------

val result: krc:0.762 | lsd:0.69 | ed:1.015 | hr@1:0.626 | hr@2:0.864 | hr@3:0.906 | acc@1:0.626 | acc@2:0.571 | acc@3:0.53 | Best krc: 0.756 | Best epoch: 0
best model saved
[2023-11-29 12:10:55] INFO (nni/MainThread) Intermediate result: 0.7624078232735865  (Index 2)
-----------------ETPA RESULT-------------------
Epoch 1: Validation	rmse: 36.86	mae: 30.33	mape: 60.71%	acc@10: 17.19%	acc@20: 34.38%	acc@30: 56.25%	
[2023-11-29 12:10:55] INFO (nni/MainThread) Intermediate result: 36.856308393594  (Index 3)
*** Epoch: 2 ***
-----------------G2R RESULT-------------------

val result: krc:0.772 | lsd:0.667 | ed:0.997 | hr@1:0.634 | hr@2:0.866 | hr@3:0.911 | acc@1:0.634 | acc@2:0.575 | acc@3:0.539 | Best krc: 0.762 | Best epoch: 1
best model saved
[2023-11-29 12:11:23] INFO (nni/MainThread) Intermediate result: 0.7718234402886784  (Index 4)
-----------------ETPA RESULT-------------------
Epoch 2: Validation	rmse: 33.45	mae: 26.23	mape: 51.84%	acc@10: 28.12%	acc@20: 44.79%	acc@30: 63.54%	
[2023-11-29 12:11:23] INFO (nni/MainThread) Intermediate result: 33.449573716901  (Index 5)
*** Epoch: 3 ***
-----------------G2R RESULT-------------------

val result: krc:0.741 | lsd:0.767 | ed:1.104 | hr@1:0.61 | hr@2:0.854 | hr@3:0.895 | acc@1:0.61 | acc@2:0.552 | acc@3:0.504 | Best krc: 0.772 | Best epoch: 2
[2023-11-29 12:11:50] INFO (nni/MainThread) Intermediate result: 0.7405813170133242  (Index 6)
-----------------ETPA RESULT-------------------
Epoch 3: Validation	rmse: 30.41	mae: 23.29	mape: 47.27%	acc@10: 32.81%	acc@20: 53.12%	acc@30: 69.53%	
[2023-11-29 12:11:50] INFO (nni/MainThread) Intermediate result: 30.410549403497622  (Index 7)
*** Epoch: 4 ***
-----------------G2R RESULT-------------------

val result: krc:0.759 | lsd:0.703 | ed:1.028 | hr@1:0.624 | hr@2:0.859 | hr@3:0.906 | acc@1:0.624 | acc@2:0.563 | acc@3:0.519 | Best krc: 0.772 | Best epoch: 2
[2023-11-29 12:12:18] INFO (nni/MainThread) Intermediate result: 0.7588120231320932  (Index 8)
-----------------ETPA RESULT-------------------
Epoch 4: Validation	rmse: 28.29	mae: 21.22	mape: 43.62%	acc@10: 37.5%	acc@20: 60.0%	acc@30: 74.38%	
[2023-11-29 12:12:18] INFO (nni/MainThread) Intermediate result: 28.29016466637902  (Index 9)
*** Epoch: 5 ***
-----------------G2R RESULT-------------------

val result: krc:0.765 | lsd:0.671 | ed:1.014 | hr@1:0.628 | hr@2:0.861 | hr@3:0.909 | acc@1:0.628 | acc@2:0.568 | acc@3:0.533 | Best krc: 0.772 | Best epoch: 2
[2023-11-29 12:12:57] INFO (nni/MainThread) Intermediate result: 0.7653319878068457  (Index 10)
-----------------ETPA RESULT-------------------
Epoch 5: Validation	rmse: 27.14	mae: 20.21	mape: 42.39%	acc@10: 39.06%	acc@20: 61.46%	acc@30: 76.56%	
[2023-11-29 12:12:57] INFO (nni/MainThread) Intermediate result: 27.135884736918936  (Index 11)
*** Epoch: 6 ***
-----------------G2R RESULT-------------------

val result: krc:0.775 | lsd:0.636 | ed:0.973 | hr@1:0.63 | hr@2:0.868 | hr@3:0.914 | acc@1:0.63 | acc@2:0.574 | acc@3:0.544 | Best krc: 0.772 | Best epoch: 2
best model saved
[2023-11-29 12:13:38] INFO (nni/MainThread) Intermediate result: 0.775247766371509  (Index 12)
-----------------ETPA RESULT-------------------
Epoch 6: Validation	rmse: 26.02	mae: 19.21	mape: 40.83%	acc@10: 40.18%	acc@20: 63.84%	acc@30: 79.02%	
[2023-11-29 12:13:38] INFO (nni/MainThread) Intermediate result: 26.015361902384974  (Index 13)
*** Epoch: 7 ***
-----------------G2R RESULT-------------------

val result: krc:0.771 | lsd:0.683 | ed:0.986 | hr@1:0.637 | hr@2:0.861 | hr@3:0.907 | acc@1:0.637 | acc@2:0.578 | acc@3:0.54 | Best krc: 0.775 | Best epoch: 6
[2023-11-29 12:14:15] INFO (nni/MainThread) Intermediate result: 0.7711554797693845  (Index 14)
-----------------ETPA RESULT-------------------
Epoch 7: Validation	rmse: 25.13	mae: 18.68	mape: 40.31%	acc@10: 39.84%	acc@20: 65.23%	acc@30: 80.86%	
[2023-11-29 12:14:15] INFO (nni/MainThread) Intermediate result: 25.12528860714516  (Index 15)
*** Epoch: 8 ***
-----------------G2R RESULT-------------------

val result: krc:0.776 | lsd:0.666 | ed:0.982 | hr@1:0.63 | hr@2:0.866 | hr@3:0.913 | acc@1:0.63 | acc@2:0.575 | acc@3:0.545 | Best krc: 0.775 | Best epoch: 6
best model saved
[2023-11-29 12:14:55] INFO (nni/MainThread) Intermediate result: 0.7760841257561851  (Index 16)
-----------------ETPA RESULT-------------------
Epoch 8: Validation	rmse: 24.47	mae: 18.28	mape: 40.09%	acc@10: 39.93%	acc@20: 66.67%	acc@30: 81.94%	
[2023-11-29 12:14:55] INFO (nni/MainThread) Intermediate result: 24.46586961996641  (Index 17)
*** Epoch: 9 ***
-----------------G2R RESULT-------------------

val result: krc:0.768 | lsd:0.699 | ed:0.998 | hr@1:0.639 | hr@2:0.86 | hr@3:0.905 | acc@1:0.639 | acc@2:0.579 | acc@3:0.538 | Best krc: 0.776 | Best epoch: 8
[2023-11-29 12:15:34] INFO (nni/MainThread) Intermediate result: 0.7675084053746056  (Index 18)
-----------------ETPA RESULT-------------------
Epoch 9: Validation	rmse: 23.88	mae: 17.88	mape: 39.52%	acc@10: 40.62%	acc@20: 67.19%	acc@30: 83.12%	
[2023-11-29 12:15:34] INFO (nni/MainThread) Intermediate result: 23.88011028119535  (Index 19)
*** Epoch: 10 ***
-----------------G2R RESULT-------------------

val result: krc:0.771 | lsd:0.67 | ed:0.991 | hr@1:0.642 | hr@2:0.862 | hr@3:0.908 | acc@1:0.642 | acc@2:0.583 | acc@3:0.54 | Best krc: 0.776 | Best epoch: 8
[2023-11-29 12:16:02] INFO (nni/MainThread) Intermediate result: 0.7705320551931831  (Index 20)
-----------------ETPA RESULT-------------------
Epoch 10: Validation	rmse: 23.31	mae: 17.46	mape: 38.78%	acc@10: 40.91%	acc@20: 68.75%	acc@30: 84.09%	
[2023-11-29 12:16:02] INFO (nni/MainThread) Intermediate result: 23.3105423148575  (Index 21)
*** Epoch: 11 ***
-----------------G2R RESULT-------------------

val result: krc:0.777 | lsd:0.664 | ed:0.979 | hr@1:0.629 | hr@2:0.87 | hr@3:0.914 | acc@1:0.629 | acc@2:0.573 | acc@3:0.545 | Best krc: 0.776 | Best epoch: 8
best model saved
[2023-11-29 12:16:32] INFO (nni/MainThread) Intermediate result: 0.7765511357903138  (Index 22)
-----------------ETPA RESULT-------------------
Epoch 11: Validation	rmse: 22.96	mae: 17.22	mape: 38.48%	acc@10: 41.41%	acc@20: 69.01%	acc@30: 84.9%	
[2023-11-29 12:16:32] INFO (nni/MainThread) Intermediate result: 22.95680465285531  (Index 23)
*** Epoch: 12 ***
-----------------G2R RESULT-------------------

val result: krc:0.777 | lsd:0.66 | ed:0.972 | hr@1:0.633 | hr@2:0.87 | hr@3:0.915 | acc@1:0.633 | acc@2:0.579 | acc@3:0.551 | Best krc: 0.777 | Best epoch: 11
best model saved
[2023-11-29 12:17:01] INFO (nni/MainThread) Intermediate result: 0.777180033848158  (Index 24)
-----------------ETPA RESULT-------------------
Epoch 12: Validation	rmse: 22.54	mae: 16.91	mape: 37.94%	acc@10: 41.83%	acc@20: 69.95%	acc@30: 85.58%	
[2023-11-29 12:17:01] INFO (nni/MainThread) Intermediate result: 22.541388558283778  (Index 25)
*** Epoch: 13 ***
-----------------G2R RESULT-------------------

val result: krc:0.767 | lsd:0.751 | ed:1.002 | hr@1:0.627 | hr@2:0.864 | hr@3:0.907 | acc@1:0.627 | acc@2:0.574 | acc@3:0.537 | Best krc: 0.777 | Best epoch: 12
[2023-11-29 12:17:29] INFO (nni/MainThread) Intermediate result: 0.7665807971361096  (Index 26)
-----------------ETPA RESULT-------------------
Epoch 13: Validation	rmse: 22.14	mae: 16.61	mape: 37.37%	acc@10: 42.63%	acc@20: 70.31%	acc@30: 86.16%	
[2023-11-29 12:17:29] INFO (nni/MainThread) Intermediate result: 22.13934267783365  (Index 27)
*** Epoch: 14 ***
-----------------G2R RESULT-------------------

val result: krc:0.777 | lsd:0.648 | ed:0.966 | hr@1:0.643 | hr@2:0.868 | hr@3:0.913 | acc@1:0.643 | acc@2:0.584 | acc@3:0.549 | Best krc: 0.777 | Best epoch: 12
best model saved
[2023-11-29 12:17:58] INFO (nni/MainThread) Intermediate result: 0.7772039698143763  (Index 28)
-----------------ETPA RESULT-------------------
Epoch 14: Validation	rmse: 21.82	mae: 16.42	mape: 37.14%	acc@10: 42.71%	acc@20: 71.25%	acc@30: 86.67%	
[2023-11-29 12:17:58] INFO (nni/MainThread) Intermediate result: 21.816715556647832  (Index 29)
*** Epoch: 15 ***
-----------------G2R RESULT-------------------

val result: krc:0.778 | lsd:0.654 | ed:0.958 | hr@1:0.645 | hr@2:0.865 | hr@3:0.911 | acc@1:0.645 | acc@2:0.588 | acc@3:0.553 | Best krc: 0.777 | Best epoch: 14
best model saved
[2023-11-29 12:18:27] INFO (nni/MainThread) Intermediate result: 0.778495057550589  (Index 30)
-----------------ETPA RESULT-------------------
Epoch 15: Validation	rmse: 21.65	mae: 16.3	mape: 36.88%	acc@10: 43.55%	acc@20: 71.48%	acc@30: 86.72%	
[2023-11-29 12:18:27] INFO (nni/MainThread) Intermediate result: 21.648916735044573  (Index 31)
*** Epoch: 16 ***
-----------------G2R RESULT-------------------

val result: krc:0.776 | lsd:0.657 | ed:0.987 | hr@1:0.636 | hr@2:0.87 | hr@3:0.914 | acc@1:0.636 | acc@2:0.581 | acc@3:0.544 | Best krc: 0.778 | Best epoch: 15
[2023-11-29 12:18:55] INFO (nni/MainThread) Intermediate result: 0.7758331726412182  (Index 32)
-----------------ETPA RESULT-------------------
Epoch 16: Validation	rmse: 21.22	mae: 15.99	mape: 36.35%	acc@10: 44.3%	acc@20: 72.06%	acc@30: 87.32%	
[2023-11-29 12:18:55] INFO (nni/MainThread) Intermediate result: 21.215438622457953  (Index 33)
*** Epoch: 17 ***
-----------------G2R RESULT-------------------

val result: krc:0.778 | lsd:0.646 | ed:0.964 | hr@1:0.644 | hr@2:0.867 | hr@3:0.911 | acc@1:0.644 | acc@2:0.587 | acc@3:0.548 | Best krc: 0.778 | Best epoch: 15
[2023-11-29 12:19:23] INFO (nni/MainThread) Intermediate result: 0.7781591564276302  (Index 34)
-----------------ETPA RESULT-------------------
Epoch 17: Validation	rmse: 20.93	mae: 15.8	mape: 36.07%	acc@10: 44.27%	acc@20: 72.74%	acc@30: 87.67%	
[2023-11-29 12:19:23] INFO (nni/MainThread) Intermediate result: 20.933114168986453  (Index 35)
*** Epoch: 18 ***
-----------------G2R RESULT-------------------

val result: krc:0.782 | lsd:0.631 | ed:0.951 | hr@1:0.641 | hr@2:0.868 | hr@3:0.914 | acc@1:0.641 | acc@2:0.585 | acc@3:0.554 | Best krc: 0.778 | Best epoch: 15
best model saved
[2023-11-29 12:19:52] INFO (nni/MainThread) Intermediate result: 0.7821263676969842  (Index 36)
-----------------ETPA RESULT-------------------
Epoch 18: Validation	rmse: 20.77	mae: 15.73	mape: 35.9%	acc@10: 44.24%	acc@20: 72.7%	acc@30: 87.99%	
[2023-11-29 12:19:52] INFO (nni/MainThread) Intermediate result: 20.77369007770746  (Index 37)
*** Epoch: 19 ***
-----------------G2R RESULT-------------------

val result: krc:0.778 | lsd:0.67 | ed:0.973 | hr@1:0.632 | hr@2:0.868 | hr@3:0.915 | acc@1:0.632 | acc@2:0.576 | acc@3:0.55 | Best krc: 0.782 | Best epoch: 18
[2023-11-29 12:20:21] INFO (nni/MainThread) Intermediate result: 0.7783948798290731  (Index 38)
-----------------ETPA RESULT-------------------
Epoch 19: Validation	rmse: 20.53	mae: 15.58	mape: 35.65%	acc@10: 44.22%	acc@20: 73.28%	acc@30: 88.28%	
[2023-11-29 12:20:21] INFO (nni/MainThread) Intermediate result: 20.526607112227282  (Index 39)
*** Epoch: 20 ***
-----------------G2R RESULT-------------------

val result: krc:0.779 | lsd:0.671 | ed:0.961 | hr@1:0.643 | hr@2:0.868 | hr@3:0.913 | acc@1:0.643 | acc@2:0.584 | acc@3:0.549 | Best krc: 0.782 | Best epoch: 18
[2023-11-29 12:20:49] INFO (nni/MainThread) Intermediate result: 0.77913395484012  (Index 40)
-----------------ETPA RESULT-------------------
Epoch 20: Validation	rmse: 20.27	mae: 15.42	mape: 35.35%	acc@10: 44.2%	acc@20: 73.81%	acc@30: 88.54%	
[2023-11-29 12:20:49] INFO (nni/MainThread) Intermediate result: 20.26842627891896  (Index 41)
*** Epoch: 21 ***
-----------------G2R RESULT-------------------

val result: krc:0.781 | lsd:0.627 | ed:0.942 | hr@1:0.647 | hr@2:0.867 | hr@3:0.915 | acc@1:0.647 | acc@2:0.589 | acc@3:0.556 | Best krc: 0.782 | Best epoch: 18
[2023-11-29 12:21:18] INFO (nni/MainThread) Intermediate result: 0.7805141028140591  (Index 42)
-----------------ETPA RESULT-------------------
Epoch 21: Validation	rmse: 20.07	mae: 15.31	mape: 35.19%	acc@10: 44.18%	acc@20: 73.86%	acc@30: 88.92%	
[2023-11-29 12:21:18] INFO (nni/MainThread) Intermediate result: 20.065189227266554  (Index 43)
*** Epoch: 22 ***
-----------------G2R RESULT-------------------

val result: krc:0.783 | lsd:0.631 | ed:0.943 | hr@1:0.644 | hr@2:0.871 | hr@3:0.918 | acc@1:0.644 | acc@2:0.589 | acc@3:0.559 | Best krc: 0.782 | Best epoch: 18
best model saved
[2023-11-29 12:21:48] INFO (nni/MainThread) Intermediate result: 0.7827841529634268  (Index 44)
-----------------ETPA RESULT-------------------
Epoch 22: Validation	rmse: 19.88	mae: 15.17	mape: 34.86%	acc@10: 44.57%	acc@20: 74.18%	acc@30: 88.99%	
[2023-11-29 12:21:48] INFO (nni/MainThread) Intermediate result: 19.879499844115436  (Index 45)
*** Epoch: 23 ***
-----------------G2R RESULT-------------------

val result: krc:0.774 | lsd:0.67 | ed:0.974 | hr@1:0.638 | hr@2:0.867 | hr@3:0.91 | acc@1:0.638 | acc@2:0.584 | acc@3:0.542 | Best krc: 0.783 | Best epoch: 22
[2023-11-29 12:22:15] INFO (nni/MainThread) Intermediate result: 0.7740276717889311  (Index 46)
-----------------ETPA RESULT-------------------
Epoch 23: Validation	rmse: 19.69	mae: 15.07	mape: 34.65%	acc@10: 44.79%	acc@20: 74.22%	acc@30: 89.32%	
[2023-11-29 12:22:15] INFO (nni/MainThread) Intermediate result: 19.689600390735567  (Index 47)
*** Epoch: 24 ***
-----------------G2R RESULT-------------------

val result: krc:0.776 | lsd:0.628 | ed:0.962 | hr@1:0.645 | hr@2:0.868 | hr@3:0.916 | acc@1:0.645 | acc@2:0.584 | acc@3:0.549 | Best krc: 0.783 | Best epoch: 22
[2023-11-29 12:22:44] INFO (nni/MainThread) Intermediate result: 0.7764359069649845  (Index 48)
-----------------ETPA RESULT-------------------
Epoch 24: Validation	rmse: 19.52	mae: 14.96	mape: 34.39%	acc@10: 45.25%	acc@20: 74.5%	acc@30: 89.62%	
[2023-11-29 12:22:44] INFO (nni/MainThread) Intermediate result: 19.521112376061115  (Index 49)
*** Epoch: 25 ***
-----------------G2R RESULT-------------------

val result: krc:0.781 | lsd:0.658 | ed:0.948 | hr@1:0.654 | hr@2:0.867 | hr@3:0.911 | acc@1:0.654 | acc@2:0.597 | acc@3:0.559 | Best krc: 0.783 | Best epoch: 22
[2023-11-29 12:23:12] INFO (nni/MainThread) Intermediate result: 0.7811961324073262  (Index 50)
-----------------ETPA RESULT-------------------
Epoch 25: Validation	rmse: 19.36	mae: 14.86	mape: 34.19%	acc@10: 45.55%	acc@20: 74.64%	acc@30: 89.9%	
[2023-11-29 12:23:12] INFO (nni/MainThread) Intermediate result: 19.3640915128069  (Index 51)
*** Epoch: 26 ***
-----------------G2R RESULT-------------------

val result: krc:0.774 | lsd:0.633 | ed:0.978 | hr@1:0.64 | hr@2:0.869 | hr@3:0.915 | acc@1:0.64 | acc@2:0.582 | acc@3:0.543 | Best krc: 0.783 | Best epoch: 22
[2023-11-29 12:23:39] INFO (nni/MainThread) Intermediate result: 0.7743464047005806  (Index 52)
-----------------ETPA RESULT-------------------
Epoch 26: Validation	rmse: 19.19	mae: 14.74	mape: 33.95%	acc@10: 45.72%	acc@20: 75.0%	acc@30: 90.16%	
[2023-11-29 12:23:39] INFO (nni/MainThread) Intermediate result: 19.18604136253414  (Index 53)
*** Epoch: 27 ***
-----------------G2R RESULT-------------------

val result: krc:0.772 | lsd:0.653 | ed:0.977 | hr@1:0.65 | hr@2:0.864 | hr@3:0.912 | acc@1:0.65 | acc@2:0.587 | acc@3:0.547 | Best krc: 0.783 | Best epoch: 22
[2023-11-29 12:24:08] INFO (nni/MainThread) Intermediate result: 0.7720708568019456  (Index 54)
-----------------ETPA RESULT-------------------
Epoch 27: Validation	rmse: 19.08	mae: 14.69	mape: 33.85%	acc@10: 45.76%	acc@20: 75.0%	acc@30: 90.29%	
[2023-11-29 12:24:08] INFO (nni/MainThread) Intermediate result: 19.079594325376345  (Index 55)
*** Epoch: 28 ***
-----------------G2R RESULT-------------------

val result: krc:0.779 | lsd:0.675 | ed:0.956 | hr@1:0.642 | hr@2:0.865 | hr@3:0.912 | acc@1:0.642 | acc@2:0.585 | acc@3:0.553 | Best krc: 0.783 | Best epoch: 22
[2023-11-29 12:24:36] INFO (nni/MainThread) Intermediate result: 0.7794253132250509  (Index 56)
-----------------ETPA RESULT-------------------
Epoch 28: Validation	rmse: 18.93	mae: 14.59	mape: 33.62%	acc@10: 46.12%	acc@20: 75.22%	acc@30: 90.52%	
[2023-11-29 12:24:36] INFO (nni/MainThread) Intermediate result: 18.9327235146252  (Index 57)
*** Epoch: 29 ***
-----------------G2R RESULT-------------------

val result: krc:0.771 | lsd:0.657 | ed:0.978 | hr@1:0.648 | hr@2:0.862 | hr@3:0.911 | acc@1:0.648 | acc@2:0.584 | acc@3:0.544 | Best krc: 0.783 | Best epoch: 22
[2023-11-29 12:25:04] INFO (nni/MainThread) Intermediate result: 0.7707212973588137  (Index 58)
-----------------ETPA RESULT-------------------
Epoch 29: Validation	rmse: 18.77	mae: 14.49	mape: 33.44%	acc@10: 46.15%	acc@20: 75.62%	acc@30: 90.73%	
[2023-11-29 12:25:04] INFO (nni/MainThread) Intermediate result: 18.769380248244712  (Index 59)
*** Epoch: 30 ***
-----------------G2R RESULT-------------------

val result: krc:0.776 | lsd:0.668 | ed:0.969 | hr@1:0.643 | hr@2:0.863 | hr@3:0.909 | acc@1:0.643 | acc@2:0.583 | acc@3:0.547 | Best krc: 0.783 | Best epoch: 22
[2023-11-29 12:25:32] INFO (nni/MainThread) Intermediate result: 0.7761643205456061  (Index 60)
-----------------ETPA RESULT-------------------
Epoch 30: Validation	rmse: 18.63	mae: 14.42	mape: 33.35%	acc@10: 45.97%	acc@20: 75.91%	acc@30: 90.93%	
[2023-11-29 12:25:32] INFO (nni/MainThread) Intermediate result: 18.632476624369687  (Index 61)
*** Epoch: 31 ***
-----------------G2R RESULT-------------------

val result: krc:0.772 | lsd:0.664 | ed:0.977 | hr@1:0.644 | hr@2:0.866 | hr@3:0.911 | acc@1:0.644 | acc@2:0.587 | acc@3:0.545 | Best krc: 0.783 | Best epoch: 22
[2023-11-29 12:25:59] INFO (nni/MainThread) Intermediate result: 0.772360915736517  (Index 62)
-----------------ETPA RESULT-------------------
Epoch 31: Validation	rmse: 18.61	mae: 14.42	mape: 33.36%	acc@10: 45.9%	acc@20: 75.78%	acc@30: 91.02%	
[2023-11-29 12:25:59] INFO (nni/MainThread) Intermediate result: 18.60897164789766  (Index 63)
*** Epoch: 32 ***
-----------------G2R RESULT-------------------

val result: krc:0.782 | lsd:0.653 | ed:0.944 | hr@1:0.652 | hr@2:0.871 | hr@3:0.912 | acc@1:0.652 | acc@2:0.599 | acc@3:0.561 | Best krc: 0.783 | Best epoch: 22
[2023-11-29 12:26:28] INFO (nni/MainThread) Intermediate result: 0.7815064279515525  (Index 64)
-----------------ETPA RESULT-------------------
Epoch 32: Validation	rmse: 18.56	mae: 14.39	mape: 33.23%	acc@10: 46.02%	acc@20: 75.76%	acc@30: 91.1%	
[2023-11-29 12:26:28] INFO (nni/MainThread) Intermediate result: 18.56082100963558  (Index 65)
*** Epoch: 33 ***
-----------------G2R RESULT-------------------

val result: krc:0.784 | lsd:0.627 | ed:0.939 | hr@1:0.652 | hr@2:0.871 | hr@3:0.916 | acc@1:0.652 | acc@2:0.594 | acc@3:0.56 | Best krc: 0.783 | Best epoch: 22
best model saved
[2023-11-29 12:27:03] INFO (nni/MainThread) Intermediate result: 0.7838781520023321  (Index 66)
-----------------ETPA RESULT-------------------
Epoch 33: Validation	rmse: 18.51	mae: 14.36	mape: 33.16%	acc@10: 46.14%	acc@20: 75.74%	acc@30: 91.18%	
[2023-11-29 12:27:03] INFO (nni/MainThread) Intermediate result: 18.50813696675884  (Index 67)
*** Epoch: 34 ***
-----------------G2R RESULT-------------------

val result: krc:0.784 | lsd:0.624 | ed:0.932 | hr@1:0.651 | hr@2:0.871 | hr@3:0.917 | acc@1:0.651 | acc@2:0.595 | acc@3:0.562 | Best krc: 0.784 | Best epoch: 33
best model saved
[2023-11-29 12:27:46] INFO (nni/MainThread) Intermediate result: 0.7842263681354195  (Index 68)
-----------------ETPA RESULT-------------------
Epoch 34: Validation	rmse: 18.55	mae: 14.4	mape: 33.16%	acc@10: 45.98%	acc@20: 75.62%	acc@30: 91.07%	
[2023-11-29 12:27:46] INFO (nni/MainThread) Intermediate result: 18.549211627512122  (Index 69)
*** Epoch: 35 ***
-----------------G2R RESULT-------------------

val result: krc:0.778 | lsd:0.635 | ed:0.948 | hr@1:0.648 | hr@2:0.869 | hr@3:0.913 | acc@1:0.648 | acc@2:0.594 | acc@3:0.556 | Best krc: 0.784 | Best epoch: 34
[2023-11-29 12:28:23] INFO (nni/MainThread) Intermediate result: 0.7783275617643786  (Index 70)
-----------------ETPA RESULT-------------------
Epoch 35: Validation	rmse: 18.52	mae: 14.37	mape: 33.06%	acc@10: 45.92%	acc@20: 75.78%	acc@30: 91.15%	
[2023-11-29 12:28:23] INFO (nni/MainThread) Intermediate result: 18.517284461771933  (Index 71)
*** Epoch: 36 ***
-----------------G2R RESULT-------------------

val result: krc:0.778 | lsd:0.631 | ed:0.958 | hr@1:0.649 | hr@2:0.871 | hr@3:0.916 | acc@1:0.649 | acc@2:0.592 | acc@3:0.553 | Best krc: 0.784 | Best epoch: 34
[2023-11-29 12:28:52] INFO (nni/MainThread) Intermediate result: 0.7784175321997797  (Index 72)
-----------------ETPA RESULT-------------------
Epoch 36: Validation	rmse: 18.48	mae: 14.34	mape: 33.02%	acc@10: 45.95%	acc@20: 75.68%	acc@30: 91.22%	
[2023-11-29 12:28:52] INFO (nni/MainThread) Intermediate result: 18.47599691157112  (Index 73)
*** Epoch: 37 ***
-----------------G2R RESULT-------------------

val result: krc:0.784 | lsd:0.627 | ed:0.927 | hr@1:0.652 | hr@2:0.871 | hr@3:0.916 | acc@1:0.652 | acc@2:0.596 | acc@3:0.564 | Best krc: 0.784 | Best epoch: 34
best model saved
[2023-11-29 12:29:22] INFO (nni/MainThread) Intermediate result: 0.7842842253861058  (Index 74)
-----------------ETPA RESULT-------------------
Epoch 37: Validation	rmse: 18.42	mae: 14.3	mape: 32.92%	acc@10: 45.89%	acc@20: 75.74%	acc@30: 91.28%	
[2023-11-29 12:29:22] INFO (nni/MainThread) Intermediate result: 18.418477706443685  (Index 75)
*** Epoch: 38 ***
-----------------G2R RESULT-------------------

val result: krc:0.775 | lsd:0.631 | ed:0.962 | hr@1:0.646 | hr@2:0.871 | hr@3:0.915 | acc@1:0.646 | acc@2:0.589 | acc@3:0.551 | Best krc: 0.784 | Best epoch: 37
[2023-11-29 12:29:50] INFO (nni/MainThread) Intermediate result: 0.774501468992068  (Index 76)
-----------------ETPA RESULT-------------------
Epoch 38: Validation	rmse: 18.4	mae: 14.3	mape: 32.85%	acc@10: 45.99%	acc@20: 75.56%	acc@30: 91.27%	
[2023-11-29 12:29:51] INFO (nni/MainThread) Intermediate result: 18.40296874348236  (Index 77)
*** Epoch: 39 ***
-----------------G2R RESULT-------------------

val result: krc:0.791 | lsd:0.611 | ed:0.898 | hr@1:0.664 | hr@2:0.869 | hr@3:0.918 | acc@1:0.664 | acc@2:0.609 | acc@3:0.577 | Best krc: 0.784 | Best epoch: 37
best model saved
[2023-11-29 12:30:20] INFO (nni/MainThread) Intermediate result: 0.7913392005652607  (Index 78)
-----------------ETPA RESULT-------------------
Epoch 39: Validation	rmse: 18.34	mae: 14.28	mape: 32.81%	acc@10: 45.62%	acc@20: 75.47%	acc@30: 91.41%	
[2023-11-29 12:30:20] INFO (nni/MainThread) Intermediate result: 18.342164237789536  (Index 79)
*** Epoch: 40 ***
-----------------G2R RESULT-------------------

val result: krc:0.79 | lsd:0.613 | ed:0.901 | hr@1:0.662 | hr@2:0.871 | hr@3:0.917 | acc@1:0.662 | acc@2:0.608 | acc@3:0.575 | Best krc: 0.791 | Best epoch: 39
[2023-11-29 12:30:49] INFO (nni/MainThread) Intermediate result: 0.7900300237423105  (Index 80)
-----------------ETPA RESULT-------------------
Epoch 40: Validation	rmse: 18.39	mae: 14.29	mape: 32.74%	acc@10: 45.73%	acc@20: 75.53%	acc@30: 91.31%	
[2023-11-29 12:30:49] INFO (nni/MainThread) Intermediate result: 18.387825917193336  (Index 81)
*** Epoch: 41 ***
-----------------G2R RESULT-------------------

val result: krc:0.791 | lsd:0.612 | ed:0.909 | hr@1:0.665 | hr@2:0.871 | hr@3:0.917 | acc@1:0.665 | acc@2:0.61 | acc@3:0.575 | Best krc: 0.791 | Best epoch: 39
[2023-11-29 12:31:19] INFO (nni/MainThread) Intermediate result: 0.7912158676478745  (Index 82)
-----------------ETPA RESULT-------------------
Epoch 41: Validation	rmse: 18.35	mae: 14.27	mape: 32.68%	acc@10: 45.76%	acc@20: 75.6%	acc@30: 91.37%	
[2023-11-29 12:31:19] INFO (nni/MainThread) Intermediate result: 18.346331986533773  (Index 83)
*** Epoch: 42 ***
-----------------G2R RESULT-------------------

val result: krc:0.79 | lsd:0.613 | ed:0.923 | hr@1:0.659 | hr@2:0.872 | hr@3:0.918 | acc@1:0.659 | acc@2:0.606 | acc@3:0.571 | Best krc: 0.791 | Best epoch: 39
[2023-11-29 12:31:48] INFO (nni/MainThread) Intermediate result: 0.7903313483549602  (Index 84)
-----------------ETPA RESULT-------------------
Epoch 42: Validation	rmse: 18.3	mae: 14.24	mape: 32.62%	acc@10: 45.64%	acc@20: 75.65%	acc@30: 91.42%	
[2023-11-29 12:31:48] INFO (nni/MainThread) Intermediate result: 18.303696036387407  (Index 85)
*** Epoch: 43 ***
-----------------G2R RESULT-------------------

val result: krc:0.781 | lsd:0.623 | ed:0.943 | hr@1:0.656 | hr@2:0.869 | hr@3:0.914 | acc@1:0.656 | acc@2:0.598 | acc@3:0.561 | Best krc: 0.791 | Best epoch: 39
[2023-11-29 12:32:17] INFO (nni/MainThread) Intermediate result: 0.7814928225509774  (Index 86)
-----------------ETPA RESULT-------------------
Epoch 43: Validation	rmse: 18.36	mae: 14.29	mape: 32.65%	acc@10: 45.6%	acc@20: 75.5%	acc@30: 91.34%	
[2023-11-29 12:32:17] INFO (nni/MainThread) Intermediate result: 18.364273316889353  (Index 87)
*** Epoch: 44 ***
-----------------G2R RESULT-------------------

val result: krc:0.793 | lsd:0.609 | ed:0.908 | hr@1:0.663 | hr@2:0.876 | hr@3:0.921 | acc@1:0.663 | acc@2:0.61 | acc@3:0.577 | Best krc: 0.791 | Best epoch: 39
best model saved
[2023-11-29 12:32:48] INFO (nni/MainThread) Intermediate result: 0.7925457987897865  (Index 88)
-----------------ETPA RESULT-------------------
Epoch 44: Validation	rmse: 18.33	mae: 14.3	mape: 32.66%	acc@10: 45.42%	acc@20: 75.49%	acc@30: 91.46%	
[2023-11-29 12:32:48] INFO (nni/MainThread) Intermediate result: 18.33293278613001  (Index 89)
*** Epoch: 45 ***
-----------------G2R RESULT-------------------

val result: krc:0.799 | lsd:0.588 | ed:0.89 | hr@1:0.675 | hr@2:0.876 | hr@3:0.921 | acc@1:0.675 | acc@2:0.617 | acc@3:0.585 | Best krc: 0.793 | Best epoch: 44
best model saved
[2023-11-29 12:33:18] INFO (nni/MainThread) Intermediate result: 0.7987301173134143  (Index 90)
-----------------ETPA RESULT-------------------
Epoch 45: Validation	rmse: 18.33	mae: 14.3	mape: 32.66%	acc@10: 45.31%	acc@20: 75.54%	acc@30: 91.51%	
[2023-11-29 12:33:18] INFO (nni/MainThread) Intermediate result: 18.328019381077503  (Index 91)
*** Epoch: 46 ***
-----------------G2R RESULT-------------------

val result: krc:0.799 | lsd:0.595 | ed:0.888 | hr@1:0.67 | hr@2:0.875 | hr@3:0.92 | acc@1:0.67 | acc@2:0.615 | acc@3:0.585 | Best krc: 0.799 | Best epoch: 45
[2023-11-29 12:33:47] INFO (nni/MainThread) Intermediate result: 0.798595598639324  (Index 92)
-----------------ETPA RESULT-------------------
Epoch 46: Validation	rmse: 18.32	mae: 14.3	mape: 32.67%	acc@10: 45.08%	acc@20: 75.6%	acc@30: 91.56%	
[2023-11-29 12:33:47] INFO (nni/MainThread) Intermediate result: 18.32270827988775  (Index 93)
*** Epoch: 47 ***
-----------------G2R RESULT-------------------

val result: krc:0.782 | lsd:0.635 | ed:0.94 | hr@1:0.659 | hr@2:0.871 | hr@3:0.916 | acc@1:0.659 | acc@2:0.599 | acc@3:0.56 | Best krc: 0.799 | Best epoch: 45
[2023-11-29 12:34:16] INFO (nni/MainThread) Intermediate result: 0.7815797896252641  (Index 94)
-----------------ETPA RESULT-------------------
Epoch 47: Validation	rmse: 18.31	mae: 14.3	mape: 32.62%	acc@10: 45.12%	acc@20: 75.59%	acc@30: 91.6%	
[2023-11-29 12:34:16] INFO (nni/MainThread) Intermediate result: 18.313681685783475  (Index 95)
*** Epoch: 48 ***
-----------------G2R RESULT-------------------

val result: krc:0.793 | lsd:0.611 | ed:0.908 | hr@1:0.667 | hr@2:0.873 | hr@3:0.918 | acc@1:0.667 | acc@2:0.607 | acc@3:0.572 | Best krc: 0.799 | Best epoch: 45
[2023-11-29 12:34:46] INFO (nni/MainThread) Intermediate result: 0.7927854354264499  (Index 96)
-----------------ETPA RESULT-------------------
Epoch 48: Validation	rmse: 18.32	mae: 14.31	mape: 32.63%	acc@10: 45.09%	acc@20: 75.45%	acc@30: 91.65%	
[2023-11-29 12:34:46] INFO (nni/MainThread) Intermediate result: 18.32379867849286  (Index 97)
*** Epoch: 49 ***
-----------------G2R RESULT-------------------

val result: krc:0.793 | lsd:0.609 | ed:0.91 | hr@1:0.669 | hr@2:0.87 | hr@3:0.917 | acc@1:0.669 | acc@2:0.609 | acc@3:0.573 | Best krc: 0.799 | Best epoch: 45
[2023-11-29 12:35:15] INFO (nni/MainThread) Intermediate result: 0.7931549763294407  (Index 98)
-----------------ETPA RESULT-------------------
Epoch 49: Validation	rmse: 18.28	mae: 14.3	mape: 32.63%	acc@10: 44.88%	acc@20: 75.5%	acc@30: 91.75%	
[2023-11-29 12:35:15] INFO (nni/MainThread) Intermediate result: 18.280390598359553  (Index 99)
*** Epoch: 50 ***
-----------------G2R RESULT-------------------

val result: krc:0.778 | lsd:0.633 | ed:0.973 | hr@1:0.655 | hr@2:0.868 | hr@3:0.916 | acc@1:0.655 | acc@2:0.595 | acc@3:0.554 | Best krc: 0.799 | Best epoch: 45
[2023-11-29 12:35:45] INFO (nni/MainThread) Intermediate result: 0.7777699335110791  (Index 100)
-----------------ETPA RESULT-------------------
Epoch 50: Validation	rmse: 18.3	mae: 14.33	mape: 32.65%	acc@10: 44.73%	acc@20: 75.37%	acc@30: 91.67%	
[2023-11-29 12:35:45] INFO (nni/MainThread) Intermediate result: 18.299781483901352  (Index 101)
*** Epoch: 51 ***
-----------------G2R RESULT-------------------

val result: krc:0.79 | lsd:0.63 | ed:0.915 | hr@1:0.67 | hr@2:0.871 | hr@3:0.917 | acc@1:0.67 | acc@2:0.613 | acc@3:0.575 | Best krc: 0.799 | Best epoch: 45
[2023-11-29 12:36:14] INFO (nni/MainThread) Intermediate result: 0.7904284379404625  (Index 102)
-----------------ETPA RESULT-------------------
Epoch 51: Validation	rmse: 18.31	mae: 14.35	mape: 32.69%	acc@10: 44.65%	acc@20: 75.24%	acc@30: 91.65%	
[2023-11-29 12:36:14] INFO (nni/MainThread) Intermediate result: 18.314251596068257  (Index 103)
*** Epoch: 52 ***
-----------------G2R RESULT-------------------

val result: krc:0.791 | lsd:0.621 | ed:0.915 | hr@1:0.668 | hr@2:0.873 | hr@3:0.916 | acc@1:0.668 | acc@2:0.616 | acc@3:0.576 | Best krc: 0.799 | Best epoch: 45
[2023-11-29 12:36:44] INFO (nni/MainThread) Intermediate result: 0.7907708350209444  (Index 104)
-----------------ETPA RESULT-------------------
Epoch 52: Validation	rmse: 18.31	mae: 14.35	mape: 32.68%	acc@10: 44.63%	acc@20: 75.12%	acc@30: 91.63%	
[2023-11-29 12:36:44] INFO (nni/MainThread) Intermediate result: 18.312346631457416  (Index 105)
*** Epoch: 53 ***
-----------------G2R RESULT-------------------

val result: krc:0.79 | lsd:0.615 | ed:0.911 | hr@1:0.665 | hr@2:0.869 | hr@3:0.916 | acc@1:0.665 | acc@2:0.607 | acc@3:0.574 | Best krc: 0.799 | Best epoch: 45
[2023-11-29 12:37:13] INFO (nni/MainThread) Intermediate result: 0.7904203221999461  (Index 106)
-----------------ETPA RESULT-------------------
Epoch 53: Validation	rmse: 18.31	mae: 14.36	mape: 32.69%	acc@10: 44.5%	acc@20: 74.94%	acc@30: 91.67%	
[2023-11-29 12:37:13] INFO (nni/MainThread) Intermediate result: 18.310936229761843  (Index 107)
*** Epoch: 54 ***
-----------------G2R RESULT-------------------

val result: krc:0.778 | lsd:0.631 | ed:0.948 | hr@1:0.662 | hr@2:0.867 | hr@3:0.915 | acc@1:0.662 | acc@2:0.602 | acc@3:0.565 | Best krc: 0.799 | Best epoch: 45
[2023-11-29 12:37:43] INFO (nni/MainThread) Intermediate result: 0.7780885001086136  (Index 108)
-----------------ETPA RESULT-------------------
Epoch 54: Validation	rmse: 18.41	mae: 14.46	mape: 32.86%	acc@10: 44.09%	acc@20: 74.72%	acc@30: 91.48%	
[2023-11-29 12:37:43] INFO (nni/MainThread) Intermediate result: 18.4055041421981  (Index 109)
*** Epoch: 55 ***
-----------------G2R RESULT-------------------

val result: krc:0.794 | lsd:0.618 | ed:0.903 | hr@1:0.67 | hr@2:0.876 | hr@3:0.92 | acc@1:0.67 | acc@2:0.617 | acc@3:0.584 | Best krc: 0.799 | Best epoch: 45
[2023-11-29 12:38:12] INFO (nni/MainThread) Intermediate result: 0.7944966054367015  (Index 110)
-----------------ETPA RESULT-------------------
Epoch 55: Validation	rmse: 18.41	mae: 14.47	mape: 32.84%	acc@10: 44.08%	acc@20: 74.55%	acc@30: 91.41%	
[2023-11-29 12:38:12] INFO (nni/MainThread) Intermediate result: 18.41301882859356  (Index 111)
*** Epoch: 56 ***
-----------------G2R RESULT-------------------

val result: krc:0.798 | lsd:0.596 | ed:0.901 | hr@1:0.672 | hr@2:0.875 | hr@3:0.922 | acc@1:0.672 | acc@2:0.615 | acc@3:0.586 | Best krc: 0.799 | Best epoch: 45
[2023-11-29 12:38:42] INFO (nni/MainThread) Intermediate result: 0.7980737415105584  (Index 112)
-----------------ETPA RESULT-------------------
Epoch 56: Validation	rmse: 18.44	mae: 14.5	mape: 32.88%	acc@10: 43.97%	acc@20: 74.51%	acc@30: 91.34%	
[2023-11-29 12:38:42] INFO (nni/MainThread) Intermediate result: 18.441297883519685  (Index 113)
*** Epoch: 57 ***
-----------------G2R RESULT-------------------

val result: krc:0.801 | lsd:0.597 | ed:0.898 | hr@1:0.676 | hr@2:0.877 | hr@3:0.922 | acc@1:0.676 | acc@2:0.62 | acc@3:0.588 | Best krc: 0.799 | Best epoch: 45
best model saved
[2023-11-29 12:39:13] INFO (nni/MainThread) Intermediate result: 0.8007300002140404  (Index 114)
-----------------ETPA RESULT-------------------
Epoch 57: Validation	rmse: 18.41	mae: 14.48	mape: 32.85%	acc@10: 43.97%	acc@20: 74.46%	acc@30: 91.38%	
[2023-11-29 12:39:13] INFO (nni/MainThread) Intermediate result: 18.41302693266877  (Index 115)
*** Epoch: 58 ***
-----------------G2R RESULT-------------------

val result: krc:0.799 | lsd:0.585 | ed:0.895 | hr@1:0.677 | hr@2:0.878 | hr@3:0.924 | acc@1:0.677 | acc@2:0.621 | acc@3:0.587 | Best krc: 0.801 | Best epoch: 57
[2023-11-29 12:39:46] INFO (nni/MainThread) Intermediate result: 0.7991128775999786  (Index 116)
-----------------ETPA RESULT-------------------
Epoch 58: Validation	rmse: 18.43	mae: 14.51	mape: 32.87%	acc@10: 43.91%	acc@20: 74.31%	acc@30: 91.42%	
[2023-11-29 12:39:46] INFO (nni/MainThread) Intermediate result: 18.432114001973158  (Index 117)
*** Epoch: 59 ***
-----------------G2R RESULT-------------------

val result: krc:0.784 | lsd:0.637 | ed:0.94 | hr@1:0.669 | hr@2:0.871 | hr@3:0.915 | acc@1:0.669 | acc@2:0.609 | acc@3:0.568 | Best krc: 0.801 | Best epoch: 57
[2023-11-29 12:40:16] INFO (nni/MainThread) Intermediate result: 0.7843206711505794  (Index 118)
-----------------ETPA RESULT-------------------
Epoch 59: Validation	rmse: 18.46	mae: 14.52	mape: 32.87%	acc@10: 43.8%	acc@20: 74.17%	acc@30: 91.35%	
[2023-11-29 12:40:16] INFO (nni/MainThread) Intermediate result: 18.45832817850329  (Index 119)
*** Epoch: 60 ***
-----------------G2R RESULT-------------------

val result: krc:0.799 | lsd:0.581 | ed:0.898 | hr@1:0.679 | hr@2:0.877 | hr@3:0.921 | acc@1:0.679 | acc@2:0.622 | acc@3:0.584 | Best krc: 0.801 | Best epoch: 57
[2023-11-29 12:40:45] INFO (nni/MainThread) Intermediate result: 0.7988316006330871  (Index 120)
-----------------ETPA RESULT-------------------
Epoch 60: Validation	rmse: 18.48	mae: 14.54	mape: 32.86%	acc@10: 43.75%	acc@20: 74.13%	acc@30: 91.29%	
[2023-11-29 12:40:45] INFO (nni/MainThread) Intermediate result: 18.482859106955075  (Index 121)
*** Epoch: 61 ***
-----------------G2R RESULT-------------------

val result: krc:0.799 | lsd:0.597 | ed:0.895 | hr@1:0.67 | hr@2:0.878 | hr@3:0.924 | acc@1:0.67 | acc@2:0.617 | acc@3:0.588 | Best krc: 0.801 | Best epoch: 57
[2023-11-29 12:41:16] INFO (nni/MainThread) Intermediate result: 0.7990032186796509  (Index 122)
-----------------ETPA RESULT-------------------
Epoch 61: Validation	rmse: 18.51	mae: 14.56	mape: 32.91%	acc@10: 43.8%	acc@20: 73.94%	acc@30: 91.23%	
[2023-11-29 12:41:16] INFO (nni/MainThread) Intermediate result: 18.507720149244378  (Index 123)
*** Epoch: 62 ***
-----------------G2R RESULT-------------------

val result: krc:0.797 | lsd:0.596 | ed:0.899 | hr@1:0.668 | hr@2:0.875 | hr@3:0.92 | acc@1:0.668 | acc@2:0.617 | acc@3:0.582 | Best krc: 0.801 | Best epoch: 57
[2023-11-29 12:41:47] INFO (nni/MainThread) Intermediate result: 0.7967310931631001  (Index 124)
-----------------ETPA RESULT-------------------
Epoch 62: Validation	rmse: 18.55	mae: 14.58	mape: 32.91%	acc@10: 43.8%	acc@20: 73.91%	acc@30: 91.22%	
[2023-11-29 12:41:47] INFO (nni/MainThread) Intermediate result: 18.54993361097616  (Index 125)
*** Epoch: 63 ***
-----------------G2R RESULT-------------------

val result: krc:0.801 | lsd:0.591 | ed:0.892 | hr@1:0.674 | hr@2:0.875 | hr@3:0.922 | acc@1:0.674 | acc@2:0.619 | acc@3:0.589 | Best krc: 0.801 | Best epoch: 57
[2023-11-29 12:42:18] INFO (nni/MainThread) Intermediate result: 0.8006633186082246  (Index 126)
-----------------ETPA RESULT-------------------
Epoch 63: Validation	rmse: 18.58	mae: 14.61	mape: 32.97%	acc@10: 43.75%	acc@20: 73.73%	acc@30: 91.16%	
[2023-11-29 12:42:18] INFO (nni/MainThread) Intermediate result: 18.579569639205882  (Index 127)
*** Epoch: 64 ***
-----------------G2R RESULT-------------------

val result: krc:0.805 | lsd:0.587 | ed:0.888 | hr@1:0.675 | hr@2:0.877 | hr@3:0.924 | acc@1:0.675 | acc@2:0.619 | acc@3:0.59 | Best krc: 0.801 | Best epoch: 57
best model saved
[2023-11-29 12:42:49] INFO (nni/MainThread) Intermediate result: 0.8048203382877629  (Index 128)
-----------------ETPA RESULT-------------------
Epoch 64: Validation	rmse: 18.64	mae: 14.66	mape: 33.04%	acc@10: 43.56%	acc@20: 73.51%	acc@30: 91.11%	
[2023-11-29 12:42:49] INFO (nni/MainThread) Intermediate result: 18.636499434302408  (Index 129)
*** Epoch: 65 ***
-----------------G2R RESULT-------------------

val result: krc:0.793 | lsd:0.6 | ed:0.934 | hr@1:0.667 | hr@2:0.874 | hr@3:0.919 | acc@1:0.667 | acc@2:0.609 | acc@3:0.572 | Best krc: 0.805 | Best epoch: 64
[2023-11-29 12:43:20] INFO (nni/MainThread) Intermediate result: 0.7934098611230225  (Index 130)
-----------------ETPA RESULT-------------------
Epoch 65: Validation	rmse: 18.65	mae: 14.66	mape: 33.05%	acc@10: 43.51%	acc@20: 73.44%	acc@30: 91.1%	
[2023-11-29 12:43:20] INFO (nni/MainThread) Intermediate result: 18.645865412003605  (Index 131)
*** Epoch: 66 ***
-----------------G2R RESULT-------------------

val result: krc:0.8 | lsd:0.6 | ed:0.903 | hr@1:0.672 | hr@2:0.875 | hr@3:0.923 | acc@1:0.672 | acc@2:0.614 | acc@3:0.582 | Best krc: 0.805 | Best epoch: 64
[2023-11-29 12:43:51] INFO (nni/MainThread) Intermediate result: 0.7996351488961896  (Index 132)
-----------------ETPA RESULT-------------------
Epoch 66: Validation	rmse: 18.68	mae: 14.7	mape: 33.1%	acc@10: 43.42%	acc@20: 73.18%	acc@30: 91.04%	
[2023-11-29 12:43:51] INFO (nni/MainThread) Intermediate result: 18.68222584228896  (Index 133)
*** Epoch: 67 ***
-----------------G2R RESULT-------------------

val result: krc:0.798 | lsd:0.607 | ed:0.902 | hr@1:0.683 | hr@2:0.873 | hr@3:0.921 | acc@1:0.683 | acc@2:0.62 | acc@3:0.582 | Best krc: 0.805 | Best epoch: 64
[2023-11-29 12:44:24] INFO (nni/MainThread) Intermediate result: 0.7981547736947825  (Index 134)
-----------------ETPA RESULT-------------------
Epoch 67: Validation	rmse: 18.68	mae: 14.7	mape: 33.1%	acc@10: 43.38%	acc@20: 73.02%	acc@30: 91.04%	
[2023-11-29 12:44:24] INFO (nni/MainThread) Intermediate result: 18.681349826343645  (Index 135)
*** Epoch: 68 ***
-----------------G2R RESULT-------------------

val result: krc:0.808 | lsd:0.589 | ed:0.875 | hr@1:0.688 | hr@2:0.877 | hr@3:0.924 | acc@1:0.688 | acc@2:0.628 | acc@3:0.6 | Best krc: 0.805 | Best epoch: 64
best model saved
[2023-11-29 12:44:56] INFO (nni/MainThread) Intermediate result: 0.8084425684600587  (Index 136)
-----------------ETPA RESULT-------------------
Epoch 68: Validation	rmse: 18.7	mae: 14.71	mape: 33.11%	acc@10: 43.43%	acc@20: 73.01%	acc@30: 90.99%	
[2023-11-29 12:44:56] INFO (nni/MainThread) Intermediate result: 18.696038312872254  (Index 137)
*** Epoch: 69 ***
-----------------G2R RESULT-------------------

val result: krc:0.807 | lsd:0.588 | ed:0.877 | hr@1:0.681 | hr@2:0.878 | hr@3:0.925 | acc@1:0.681 | acc@2:0.623 | acc@3:0.596 | Best krc: 0.808 | Best epoch: 68
[2023-11-29 12:45:28] INFO (nni/MainThread) Intermediate result: 0.8074216149686196  (Index 138)
-----------------ETPA RESULT-------------------
Epoch 69: Validation	rmse: 18.71	mae: 14.73	mape: 33.14%	acc@10: 43.35%	acc@20: 72.86%	acc@30: 90.98%	
[2023-11-29 12:45:28] INFO (nni/MainThread) Intermediate result: 18.70714582312222  (Index 139)
*** Epoch: 70 ***
-----------------G2R RESULT-------------------

val result: krc:0.806 | lsd:0.593 | ed:0.877 | hr@1:0.681 | hr@2:0.878 | hr@3:0.923 | acc@1:0.681 | acc@2:0.625 | acc@3:0.595 | Best krc: 0.808 | Best epoch: 68
[2023-11-29 12:46:00] INFO (nni/MainThread) Intermediate result: 0.8056331008058161  (Index 140)
-----------------ETPA RESULT-------------------
Epoch 70: Validation	rmse: 18.72	mae: 14.74	mape: 33.14%	acc@10: 43.35%	acc@20: 72.67%	acc@30: 90.98%	
[2023-11-29 12:46:00] INFO (nni/MainThread) Intermediate result: 18.71828776419858  (Index 141)
*** Epoch: 71 ***
-----------------G2R RESULT-------------------

val result: krc:0.797 | lsd:0.615 | ed:0.912 | hr@1:0.679 | hr@2:0.876 | hr@3:0.92 | acc@1:0.679 | acc@2:0.619 | acc@3:0.582 | Best krc: 0.808 | Best epoch: 68
[2023-11-29 12:46:33] INFO (nni/MainThread) Intermediate result: 0.7969978192627952  (Index 142)
-----------------ETPA RESULT-------------------
Epoch 71: Validation	rmse: 18.73	mae: 14.75	mape: 33.17%	acc@10: 43.27%	acc@20: 72.53%	acc@30: 90.97%	
[2023-11-29 12:46:33] INFO (nni/MainThread) Intermediate result: 18.72830990079265  (Index 143)
*** Epoch: 72 ***
-----------------G2R RESULT-------------------

val result: krc:0.801 | lsd:0.602 | ed:0.909 | hr@1:0.683 | hr@2:0.879 | hr@3:0.923 | acc@1:0.683 | acc@2:0.624 | acc@3:0.585 | Best krc: 0.808 | Best epoch: 68
[2023-11-29 12:47:03] INFO (nni/MainThread) Intermediate result: 0.8014083223615361  (Index 144)
-----------------ETPA RESULT-------------------
Epoch 72: Validation	rmse: 18.71	mae: 14.75	mape: 33.18%	acc@10: 43.36%	acc@20: 72.47%	acc@30: 91.01%	
[2023-11-29 12:47:03] INFO (nni/MainThread) Intermediate result: 18.713117887606632  (Index 145)
*** Epoch: 73 ***
-----------------G2R RESULT-------------------

val result: krc:0.787 | lsd:0.605 | ed:0.962 | hr@1:0.664 | hr@2:0.875 | hr@3:0.914 | acc@1:0.664 | acc@2:0.605 | acc@3:0.557 | Best krc: 0.808 | Best epoch: 68
[2023-11-29 12:47:35] INFO (nni/MainThread) Intermediate result: 0.7865470068968101  (Index 146)
-----------------ETPA RESULT-------------------
Epoch 73: Validation	rmse: 18.73	mae: 14.77	mape: 33.23%	acc@10: 43.2%	acc@20: 72.34%	acc@30: 91.01%	
[2023-11-29 12:47:35] INFO (nni/MainThread) Intermediate result: 18.73164831438402  (Index 147)
*** Epoch: 74 ***
-----------------G2R RESULT-------------------

val result: krc:0.809 | lsd:0.581 | ed:0.879 | hr@1:0.679 | hr@2:0.882 | hr@3:0.925 | acc@1:0.679 | acc@2:0.623 | acc@3:0.592 | Best krc: 0.808 | Best epoch: 68
best model saved
[2023-11-29 12:48:07] INFO (nni/MainThread) Intermediate result: 0.8086648728362764  (Index 148)
-----------------ETPA RESULT-------------------
Epoch 74: Validation	rmse: 18.74	mae: 14.78	mape: 33.23%	acc@10: 43.17%	acc@20: 72.21%	acc@30: 91.04%	
[2023-11-29 12:48:07] INFO (nni/MainThread) Intermediate result: 18.7435485773682  (Index 149)
*** Epoch: 75 ***
-----------------G2R RESULT-------------------

val result: krc:0.809 | lsd:0.573 | ed:0.878 | hr@1:0.684 | hr@2:0.881 | hr@3:0.926 | acc@1:0.684 | acc@2:0.624 | acc@3:0.594 | Best krc: 0.809 | Best epoch: 74
best model saved
[2023-11-29 12:48:38] INFO (nni/MainThread) Intermediate result: 0.8091373081403688  (Index 150)
-----------------ETPA RESULT-------------------
Epoch 75: Validation	rmse: 18.77	mae: 14.82	mape: 33.33%	acc@10: 42.97%	acc@20: 72.04%	acc@30: 90.95%	
[2023-11-29 12:48:38] INFO (nni/MainThread) Intermediate result: 18.772452757382993  (Index 151)
*** Epoch: 76 ***
-----------------G2R RESULT-------------------

val result: krc:0.802 | lsd:0.581 | ed:0.913 | hr@1:0.683 | hr@2:0.88 | hr@3:0.922 | acc@1:0.683 | acc@2:0.624 | acc@3:0.582 | Best krc: 0.809 | Best epoch: 75
[2023-11-29 12:49:10] INFO (nni/MainThread) Intermediate result: 0.802071037191282  (Index 152)
-----------------ETPA RESULT-------------------
Epoch 76: Validation	rmse: 18.79	mae: 14.84	mape: 33.38%	acc@10: 42.86%	acc@20: 71.96%	acc@30: 90.91%	
[2023-11-29 12:49:10] INFO (nni/MainThread) Intermediate result: 18.78982979066531  (Index 153)
*** Epoch: 77 ***
-----------------G2R RESULT-------------------

val result: krc:0.809 | lsd:0.584 | ed:0.888 | hr@1:0.687 | hr@2:0.879 | hr@3:0.925 | acc@1:0.687 | acc@2:0.624 | acc@3:0.592 | Best krc: 0.809 | Best epoch: 75
[2023-11-29 12:49:41] INFO (nni/MainThread) Intermediate result: 0.808761412679209  (Index 154)
-----------------ETPA RESULT-------------------
Epoch 77: Validation	rmse: 18.79	mae: 14.84	mape: 33.38%	acc@10: 42.87%	acc@20: 71.96%	acc@30: 90.91%	
[2023-11-29 12:49:41] INFO (nni/MainThread) Intermediate result: 18.791616616878823  (Index 155)
*** Epoch: 78 ***
-----------------G2R RESULT-------------------

val result: krc:0.807 | lsd:0.598 | ed:0.896 | hr@1:0.683 | hr@2:0.88 | hr@3:0.924 | acc@1:0.683 | acc@2:0.625 | acc@3:0.592 | Best krc: 0.809 | Best epoch: 75
[2023-11-29 12:50:12] INFO (nni/MainThread) Intermediate result: 0.8068986137022864  (Index 156)
-----------------ETPA RESULT-------------------
Epoch 78: Validation	rmse: 18.78	mae: 14.83	mape: 33.37%	acc@10: 42.88%	acc@20: 71.91%	acc@30: 90.94%	
[2023-11-29 12:50:12] INFO (nni/MainThread) Intermediate result: 18.784474757165878  (Index 157)
*** Epoch: 79 ***
-----------------G2R RESULT-------------------

val result: krc:0.807 | lsd:0.573 | ed:0.889 | hr@1:0.69 | hr@2:0.88 | hr@3:0.923 | acc@1:0.69 | acc@2:0.63 | acc@3:0.589 | Best krc: 0.809 | Best epoch: 75
[2023-11-29 12:50:44] INFO (nni/MainThread) Intermediate result: 0.8070270289072212  (Index 158)
-----------------ETPA RESULT-------------------
Epoch 79: Validation	rmse: 18.79	mae: 14.84	mape: 33.38%	acc@10: 42.77%	acc@20: 71.8%	acc@30: 90.94%	
[2023-11-29 12:50:44] INFO (nni/MainThread) Intermediate result: 18.789323428303977  (Index 159)
*** Epoch: 80 ***
-----------------G2R RESULT-------------------

val result: krc:0.81 | lsd:0.572 | ed:0.87 | hr@1:0.689 | hr@2:0.877 | hr@3:0.922 | acc@1:0.689 | acc@2:0.629 | acc@3:0.596 | Best krc: 0.809 | Best epoch: 75
best model saved
[2023-11-29 12:51:16] INFO (nni/MainThread) Intermediate result: 0.8095088050138333  (Index 160)
-----------------ETPA RESULT-------------------
Epoch 80: Validation	rmse: 18.8	mae: 14.86	mape: 33.41%	acc@10: 42.63%	acc@20: 71.68%	acc@30: 90.93%	
[2023-11-29 12:51:16] INFO (nni/MainThread) Intermediate result: 18.80327891709633  (Index 161)
*** Epoch: 81 ***
-----------------G2R RESULT-------------------

val result: krc:0.796 | lsd:0.628 | ed:0.929 | hr@1:0.682 | hr@2:0.877 | hr@3:0.919 | acc@1:0.682 | acc@2:0.62 | acc@3:0.579 | Best krc: 0.81 | Best epoch: 80
[2023-11-29 12:51:47] INFO (nni/MainThread) Intermediate result: 0.7960851310829448  (Index 162)
-----------------ETPA RESULT-------------------
Epoch 81: Validation	rmse: 18.8	mae: 14.86	mape: 33.41%	acc@10: 42.61%	acc@20: 71.68%	acc@30: 90.93%	
[2023-11-29 12:51:47] INFO (nni/MainThread) Intermediate result: 18.799704723116477  (Index 163)
*** Epoch: 82 ***
-----------------G2R RESULT-------------------

val result: krc:0.813 | lsd:0.579 | ed:0.873 | hr@1:0.69 | hr@2:0.883 | hr@3:0.926 | acc@1:0.69 | acc@2:0.633 | acc@3:0.603 | Best krc: 0.81 | Best epoch: 80
best model saved
[2023-11-29 12:52:22] INFO (nni/MainThread) Intermediate result: 0.8130628832858828  (Index 164)
-----------------ETPA RESULT-------------------
Epoch 82: Validation	rmse: 18.83	mae: 14.88	mape: 33.45%	acc@10: 42.51%	acc@20: 71.54%	acc@30: 90.85%	
[2023-11-29 12:52:22] INFO (nni/MainThread) Intermediate result: 18.826271936679902  (Index 165)
*** Epoch: 83 ***
-----------------G2R RESULT-------------------

val result: krc:0.814 | lsd:0.565 | ed:0.863 | hr@1:0.695 | hr@2:0.881 | hr@3:0.928 | acc@1:0.695 | acc@2:0.633 | acc@3:0.604 | Best krc: 0.813 | Best epoch: 82
best model saved
[2023-11-29 12:52:54] INFO (nni/MainThread) Intermediate result: 0.8138535202024489  (Index 166)
-----------------ETPA RESULT-------------------
Epoch 83: Validation	rmse: 18.83	mae: 14.9	mape: 33.5%	acc@10: 42.41%	acc@20: 71.47%	acc@30: 90.85%	
[2023-11-29 12:52:54] INFO (nni/MainThread) Intermediate result: 18.8278757783512  (Index 167)
*** Epoch: 84 ***
-----------------G2R RESULT-------------------

val result: krc:0.816 | lsd:0.543 | ed:0.854 | hr@1:0.704 | hr@2:0.885 | hr@3:0.926 | acc@1:0.704 | acc@2:0.645 | acc@3:0.607 | Best krc: 0.814 | Best epoch: 83
best model saved
[2023-11-29 12:53:25] INFO (nni/MainThread) Intermediate result: 0.8162176827852387  (Index 168)
-----------------ETPA RESULT-------------------
Epoch 84: Validation	rmse: 18.81	mae: 14.89	mape: 33.47%	acc@10: 42.43%	acc@20: 71.54%	acc@30: 90.88%	
[2023-11-29 12:53:25] INFO (nni/MainThread) Intermediate result: 18.808402155626624  (Index 169)
*** Epoch: 85 ***
-----------------G2R RESULT-------------------

val result: krc:0.817 | lsd:0.554 | ed:0.85 | hr@1:0.706 | hr@2:0.886 | hr@3:0.928 | acc@1:0.706 | acc@2:0.645 | acc@3:0.613 | Best krc: 0.816 | Best epoch: 84
best model saved
[2023-11-29 12:53:58] INFO (nni/MainThread) Intermediate result: 0.8174552442326819  (Index 170)
-----------------ETPA RESULT-------------------
Epoch 85: Validation	rmse: 18.8	mae: 14.89	mape: 33.48%	acc@10: 42.3%	acc@20: 71.51%	acc@30: 90.88%	
[2023-11-29 12:53:58] INFO (nni/MainThread) Intermediate result: 18.800063552451956  (Index 171)
*** Epoch: 86 ***
-----------------G2R RESULT-------------------

val result: krc:0.809 | lsd:0.572 | ed:0.887 | hr@1:0.695 | hr@2:0.883 | hr@3:0.925 | acc@1:0.695 | acc@2:0.632 | acc@3:0.599 | Best krc: 0.817 | Best epoch: 85
[2023-11-29 12:54:38] INFO (nni/MainThread) Intermediate result: 0.8087785802433812  (Index 172)
-----------------ETPA RESULT-------------------
Epoch 86: Validation	rmse: 18.8	mae: 14.89	mape: 33.5%	acc@10: 42.21%	acc@20: 71.55%	acc@30: 90.91%	
[2023-11-29 12:54:38] INFO (nni/MainThread) Intermediate result: 18.79831688699233  (Index 173)
*** Epoch: 87 ***
-----------------G2R RESULT-------------------

val result: krc:0.811 | lsd:0.546 | ed:0.879 | hr@1:0.7 | hr@2:0.885 | hr@3:0.924 | acc@1:0.7 | acc@2:0.638 | acc@3:0.602 | Best krc: 0.817 | Best epoch: 85
[2023-11-29 12:55:17] INFO (nni/MainThread) Intermediate result: 0.8112124886239448  (Index 174)
-----------------ETPA RESULT-------------------
Epoch 87: Validation	rmse: 18.81	mae: 14.91	mape: 33.54%	acc@10: 42.15%	acc@20: 71.45%	acc@30: 90.91%	
[2023-11-29 12:55:17] INFO (nni/MainThread) Intermediate result: 18.811344903347393  (Index 175)
*** Epoch: 88 ***
-----------------G2R RESULT-------------------

val result: krc:0.819 | lsd:0.55 | ed:0.859 | hr@1:0.697 | hr@2:0.885 | hr@3:0.928 | acc@1:0.697 | acc@2:0.638 | acc@3:0.607 | Best krc: 0.817 | Best epoch: 85
best model saved
[2023-11-29 12:56:04] INFO (nni/MainThread) Intermediate result: 0.8187783707328963  (Index 176)
-----------------ETPA RESULT-------------------
Epoch 88: Validation	rmse: 18.82	mae: 14.92	mape: 33.55%	acc@10: 42.1%	acc@20: 71.42%	acc@30: 90.91%	
[2023-11-29 12:56:04] INFO (nni/MainThread) Intermediate result: 18.822255367101477  (Index 177)
*** Epoch: 89 ***
-----------------G2R RESULT-------------------

val result: krc:0.815 | lsd:0.545 | ed:0.855 | hr@1:0.706 | hr@2:0.888 | hr@3:0.926 | acc@1:0.706 | acc@2:0.649 | acc@3:0.617 | Best krc: 0.819 | Best epoch: 88
[2023-11-29 12:56:45] INFO (nni/MainThread) Intermediate result: 0.8146142665250667  (Index 178)
-----------------ETPA RESULT-------------------
Epoch 89: Validation	rmse: 18.81	mae: 14.92	mape: 33.56%	acc@10: 42.01%	acc@20: 71.46%	acc@30: 90.94%	
[2023-11-29 12:56:45] INFO (nni/MainThread) Intermediate result: 18.810879732283965  (Index 179)
*** Epoch: 90 ***
-----------------G2R RESULT-------------------

val result: krc:0.82 | lsd:0.547 | ed:0.848 | hr@1:0.707 | hr@2:0.889 | hr@3:0.927 | acc@1:0.707 | acc@2:0.649 | acc@3:0.615 | Best krc: 0.819 | Best epoch: 88
best model saved
[2023-11-29 12:57:30] INFO (nni/MainThread) Intermediate result: 0.8200051314699325  (Index 180)
-----------------ETPA RESULT-------------------
Epoch 90: Validation	rmse: 18.83	mae: 14.93	mape: 33.59%	acc@10: 41.96%	acc@20: 71.36%	acc@30: 90.93%	
[2023-11-29 12:57:30] INFO (nni/MainThread) Intermediate result: 18.83283656189734  (Index 181)
*** Epoch: 91 ***
-----------------G2R RESULT-------------------

val result: krc:0.802 | lsd:0.563 | ed:0.919 | hr@1:0.689 | hr@2:0.882 | hr@3:0.921 | acc@1:0.689 | acc@2:0.628 | acc@3:0.588 | Best krc: 0.82 | Best epoch: 90
[2023-11-29 12:58:15] INFO (nni/MainThread) Intermediate result: 0.8024377484893445  (Index 182)
-----------------ETPA RESULT-------------------
Epoch 91: Validation	rmse: 18.82	mae: 14.93	mape: 33.61%	acc@10: 41.95%	acc@20: 71.33%	acc@30: 90.93%	
[2023-11-29 12:58:15] INFO (nni/MainThread) Intermediate result: 18.823169772403816  (Index 183)
*** Epoch: 92 ***
-----------------G2R RESULT-------------------

val result: krc:0.821 | lsd:0.547 | ed:0.852 | hr@1:0.708 | hr@2:0.888 | hr@3:0.927 | acc@1:0.708 | acc@2:0.648 | acc@3:0.615 | Best krc: 0.82 | Best epoch: 90
best model saved
[2023-11-29 12:59:02] INFO (nni/MainThread) Intermediate result: 0.8209062197256338  (Index 184)
-----------------ETPA RESULT-------------------
Epoch 92: Validation	rmse: 18.83	mae: 14.94	mape: 33.64%	acc@10: 41.87%	acc@20: 71.27%	acc@30: 90.93%	
[2023-11-29 12:59:02] INFO (nni/MainThread) Intermediate result: 18.8318218653139  (Index 185)
*** Epoch: 93 ***
-----------------G2R RESULT-------------------

val result: krc:0.823 | lsd:0.534 | ed:0.838 | hr@1:0.715 | hr@2:0.892 | hr@3:0.931 | acc@1:0.715 | acc@2:0.659 | acc@3:0.626 | Best krc: 0.821 | Best epoch: 92
best model saved
[2023-11-29 12:59:49] INFO (nni/MainThread) Intermediate result: 0.8228481606006747  (Index 186)
-----------------ETPA RESULT-------------------
Epoch 93: Validation	rmse: 18.85	mae: 14.97	mape: 33.7%	acc@10: 41.79%	acc@20: 71.18%	acc@30: 90.92%	
[2023-11-29 12:59:49] INFO (nni/MainThread) Intermediate result: 18.854537167080505  (Index 187)
*** Epoch: 94 ***
-----------------G2R RESULT-------------------

val result: krc:0.827 | lsd:0.522 | ed:0.834 | hr@1:0.721 | hr@2:0.893 | hr@3:0.932 | acc@1:0.721 | acc@2:0.66 | acc@3:0.626 | Best krc: 0.823 | Best epoch: 93
best model saved
[2023-11-29 13:00:36] INFO (nni/MainThread) Intermediate result: 0.8266615248425478  (Index 188)
-----------------ETPA RESULT-------------------
Epoch 94: Validation	rmse: 18.86	mae: 14.97	mape: 33.72%	acc@10: 41.71%	acc@20: 71.12%	acc@30: 90.92%	
[2023-11-29 13:00:36] INFO (nni/MainThread) Intermediate result: 18.860595944262666  (Index 189)
*** Epoch: 95 ***
-----------------G2R RESULT-------------------

val result: krc:0.818 | lsd:0.531 | ed:0.86 | hr@1:0.706 | hr@2:0.889 | hr@3:0.929 | acc@1:0.706 | acc@2:0.648 | acc@3:0.61 | Best krc: 0.827 | Best epoch: 94
[2023-11-29 13:01:20] INFO (nni/MainThread) Intermediate result: 0.8184736188846375  (Index 190)
-----------------ETPA RESULT-------------------
Epoch 95: Validation	rmse: 18.87	mae: 14.99	mape: 33.78%	acc@10: 41.6%	acc@20: 71.06%	acc@30: 90.92%	
[2023-11-29 13:01:20] INFO (nni/MainThread) Intermediate result: 18.870741776959353  (Index 191)
*** Epoch: 96 ***
-----------------G2R RESULT-------------------

val result: krc:0.828 | lsd:0.526 | ed:0.832 | hr@1:0.728 | hr@2:0.893 | hr@3:0.932 | acc@1:0.728 | acc@2:0.667 | acc@3:0.631 | Best krc: 0.827 | Best epoch: 94
best model saved
[2023-11-29 13:01:58] INFO (nni/MainThread) Intermediate result: 0.8284645215996334  (Index 192)
-----------------ETPA RESULT-------------------
Epoch 96: Validation	rmse: 18.87	mae: 15.0	mape: 33.82%	acc@10: 41.49%	acc@20: 71.01%	acc@30: 90.91%	
[2023-11-29 13:01:58] INFO (nni/MainThread) Intermediate result: 18.87386539294615  (Index 193)
*** Epoch: 97 ***
-----------------G2R RESULT-------------------

val result: krc:0.826 | lsd:0.555 | ed:0.841 | hr@1:0.726 | hr@2:0.887 | hr@3:0.928 | acc@1:0.726 | acc@2:0.662 | acc@3:0.63 | Best krc: 0.828 | Best epoch: 96
[2023-11-29 13:02:42] INFO (nni/MainThread) Intermediate result: 0.8257042110911811  (Index 194)
-----------------ETPA RESULT-------------------
Epoch 97: Validation	rmse: 18.88	mae: 15.01	mape: 33.84%	acc@10: 41.49%	acc@20: 70.98%	acc@30: 90.91%	
[2023-11-29 13:02:42] INFO (nni/MainThread) Intermediate result: 18.881713925551992  (Index 195)
*** Epoch: 98 ***
-----------------G2R RESULT-------------------

val result: krc:0.83 | lsd:0.515 | ed:0.814 | hr@1:0.728 | hr@2:0.891 | hr@3:0.933 | acc@1:0.728 | acc@2:0.666 | acc@3:0.636 | Best krc: 0.828 | Best epoch: 96
best model saved
[2023-11-29 13:03:19] INFO (nni/MainThread) Intermediate result: 0.8304341052395271  (Index 196)
-----------------ETPA RESULT-------------------
Epoch 98: Validation	rmse: 18.9	mae: 15.03	mape: 33.87%	acc@10: 41.41%	acc@20: 70.86%	acc@30: 90.91%	
[2023-11-29 13:03:19] INFO (nni/MainThread) Intermediate result: 18.895653623054695  (Index 197)
*** Epoch: 99 ***
-----------------G2R RESULT-------------------

val result: krc:0.831 | lsd:0.514 | ed:0.815 | hr@1:0.728 | hr@2:0.894 | hr@3:0.931 | acc@1:0.728 | acc@2:0.669 | acc@3:0.635 | Best krc: 0.83 | Best epoch: 98
best model saved
[2023-11-29 13:03:53] INFO (nni/MainThread) Intermediate result: 0.830808220104241  (Index 198)
-----------------ETPA RESULT-------------------
Epoch 99: Validation	rmse: 18.92	mae: 15.05	mape: 33.94%	acc@10: 41.31%	acc@20: 70.75%	acc@30: 90.88%	
[2023-11-29 13:03:53] INFO (nni/MainThread) Intermediate result: 18.922182506434044  (Index 199)
*** Epoch: 100 ***
-----------------G2R RESULT-------------------

val result: krc:0.827 | lsd:0.522 | ed:0.834 | hr@1:0.725 | hr@2:0.893 | hr@3:0.933 | acc@1:0.725 | acc@2:0.667 | acc@3:0.633 | Best krc: 0.831 | Best epoch: 99
[2023-11-29 13:04:24] INFO (nni/MainThread) Intermediate result: 0.8274240543501584  (Index 200)
-----------------ETPA RESULT-------------------
Epoch 100: Validation	rmse: 18.92	mae: 15.05	mape: 33.94%	acc@10: 41.34%	acc@20: 70.73%	acc@30: 90.87%	
[2023-11-29 13:04:24] INFO (nni/MainThread) Intermediate result: 18.918933258845996  (Index 201)
*** Epoch: 101 ***
-----------------G2R RESULT-------------------

val result: krc:0.799 | lsd:0.604 | ed:0.923 | hr@1:0.696 | hr@2:0.883 | hr@3:0.924 | acc@1:0.696 | acc@2:0.628 | acc@3:0.589 | Best krc: 0.831 | Best epoch: 99
[2023-11-29 13:04:55] INFO (nni/MainThread) Intermediate result: 0.7994409609888403  (Index 202)
-----------------ETPA RESULT-------------------
Epoch 101: Validation	rmse: 18.91	mae: 15.05	mape: 33.96%	acc@10: 41.39%	acc@20: 70.74%	acc@30: 90.87%	
[2023-11-29 13:04:55] INFO (nni/MainThread) Intermediate result: 18.913104810294296  (Index 203)
*** Epoch: 102 ***
-----------------G2R RESULT-------------------

val result: krc:0.801 | lsd:0.604 | ed:0.905 | hr@1:0.693 | hr@2:0.883 | hr@3:0.924 | acc@1:0.693 | acc@2:0.632 | acc@3:0.593 | Best krc: 0.831 | Best epoch: 99
[2023-11-29 13:05:27] INFO (nni/MainThread) Intermediate result: 0.8012578022634868  (Index 204)
-----------------ETPA RESULT-------------------
Epoch 102: Validation	rmse: 18.93	mae: 15.06	mape: 33.96%	acc@10: 41.38%	acc@20: 70.72%	acc@30: 90.87%	
[2023-11-29 13:05:27] INFO (nni/MainThread) Intermediate result: 18.92571984550092  (Index 205)
*** Epoch: 103 ***
-----------------G2R RESULT-------------------

val result: krc:0.827 | lsd:0.525 | ed:0.837 | hr@1:0.72 | hr@2:0.891 | hr@3:0.931 | acc@1:0.72 | acc@2:0.658 | acc@3:0.627 | Best krc: 0.831 | Best epoch: 99
[2023-11-29 13:05:58] INFO (nni/MainThread) Intermediate result: 0.8274239171571921  (Index 206)
-----------------ETPA RESULT-------------------
Epoch 103: Validation	rmse: 18.94	mae: 15.08	mape: 34.0%	acc@10: 41.29%	acc@20: 70.7%	acc@30: 90.87%	
[2023-11-29 13:05:58] INFO (nni/MainThread) Intermediate result: 18.937300079135635  (Index 207)
*** Epoch: 104 ***
-----------------G2R RESULT-------------------

val result: krc:0.817 | lsd:0.558 | ed:0.87 | hr@1:0.709 | hr@2:0.89 | hr@3:0.926 | acc@1:0.709 | acc@2:0.65 | acc@3:0.609 | Best krc: 0.831 | Best epoch: 99
[2023-11-29 13:06:30] INFO (nni/MainThread) Intermediate result: 0.8174356592896166  (Index 208)
-----------------ETPA RESULT-------------------
Epoch 104: Validation	rmse: 18.94	mae: 15.08	mape: 34.03%	acc@10: 41.22%	acc@20: 70.74%	acc@30: 90.89%	
[2023-11-29 13:06:30] INFO (nni/MainThread) Intermediate result: 18.939076025720418  (Index 209)
*** Epoch: 105 ***
-----------------G2R RESULT-------------------

val result: krc:0.799 | lsd:0.571 | ed:0.914 | hr@1:0.697 | hr@2:0.883 | hr@3:0.925 | acc@1:0.697 | acc@2:0.634 | acc@3:0.593 | Best krc: 0.831 | Best epoch: 99
[2023-11-29 13:07:00] INFO (nni/MainThread) Intermediate result: 0.7989028947052559  (Index 210)
-----------------ETPA RESULT-------------------
Epoch 105: Validation	rmse: 18.95	mae: 15.1	mape: 34.06%	acc@10: 41.21%	acc@20: 70.67%	acc@30: 90.86%	
[2023-11-29 13:07:00] INFO (nni/MainThread) Intermediate result: 18.95491614704606  (Index 211)
*** Epoch: 106 ***
-----------------G2R RESULT-------------------

val result: krc:0.83 | lsd:0.51 | ed:0.837 | hr@1:0.726 | hr@2:0.895 | hr@3:0.935 | acc@1:0.726 | acc@2:0.662 | acc@3:0.631 | Best krc: 0.831 | Best epoch: 99
[2023-11-29 13:07:31] INFO (nni/MainThread) Intermediate result: 0.8299509549706315  (Index 212)
-----------------ETPA RESULT-------------------
Epoch 106: Validation	rmse: 19.0	mae: 15.13	mape: 34.11%	acc@10: 41.18%	acc@20: 70.53%	acc@30: 90.8%	
[2023-11-29 13:07:31] INFO (nni/MainThread) Intermediate result: 19.00000640735934  (Index 213)
*** Epoch: 107 ***
-----------------G2R RESULT-------------------

val result: krc:0.832 | lsd:0.521 | ed:0.815 | hr@1:0.74 | hr@2:0.895 | hr@3:0.933 | acc@1:0.74 | acc@2:0.675 | acc@3:0.638 | Best krc: 0.831 | Best epoch: 99
best model saved
[2023-11-29 13:08:03] INFO (nni/MainThread) Intermediate result: 0.8323011639933372  (Index 214)
-----------------ETPA RESULT-------------------
Epoch 107: Validation	rmse: 19.02	mae: 15.15	mape: 34.14%	acc@10: 41.12%	acc@20: 70.46%	acc@30: 90.8%	
[2023-11-29 13:08:03] INFO (nni/MainThread) Intermediate result: 19.021469774659472  (Index 215)
*** Epoch: 108 ***
-----------------G2R RESULT-------------------

val result: krc:0.836 | lsd:0.502 | ed:0.811 | hr@1:0.739 | hr@2:0.893 | hr@3:0.934 | acc@1:0.739 | acc@2:0.672 | acc@3:0.638 | Best krc: 0.832 | Best epoch: 107
best model saved
[2023-11-29 13:08:33] INFO (nni/MainThread) Intermediate result: 0.8363070057604384  (Index 216)
-----------------ETPA RESULT-------------------
Epoch 108: Validation	rmse: 19.05	mae: 15.16	mape: 34.18%	acc@10: 41.14%	acc@20: 70.41%	acc@30: 90.8%	
[2023-11-29 13:08:33] INFO (nni/MainThread) Intermediate result: 19.050369500045782  (Index 217)
*** Epoch: 109 ***
-----------------G2R RESULT-------------------

val result: krc:0.836 | lsd:0.499 | ed:0.8 | hr@1:0.738 | hr@2:0.895 | hr@3:0.936 | acc@1:0.738 | acc@2:0.675 | acc@3:0.64 | Best krc: 0.836 | Best epoch: 108
[2023-11-29 13:09:03] INFO (nni/MainThread) Intermediate result: 0.8358634783733166  (Index 218)
-----------------ETPA RESULT-------------------
Epoch 109: Validation	rmse: 19.06	mae: 15.17	mape: 34.19%	acc@10: 41.16%	acc@20: 70.4%	acc@30: 90.8%	
[2023-11-29 13:09:03] INFO (nni/MainThread) Intermediate result: 19.058460592598742  (Index 219)
*** Epoch: 110 ***
-----------------G2R RESULT-------------------

val result: krc:0.838 | lsd:0.514 | ed:0.808 | hr@1:0.746 | hr@2:0.893 | hr@3:0.934 | acc@1:0.746 | acc@2:0.678 | acc@3:0.645 | Best krc: 0.836 | Best epoch: 108
best model saved
[2023-11-29 13:09:34] INFO (nni/MainThread) Intermediate result: 0.838448002304583  (Index 220)
-----------------ETPA RESULT-------------------
Epoch 110: Validation	rmse: 19.08	mae: 15.19	mape: 34.22%	acc@10: 41.1%	acc@20: 70.3%	acc@30: 90.74%	
[2023-11-29 13:09:34] INFO (nni/MainThread) Intermediate result: 19.082042439365793  (Index 221)
*** Epoch: 111 ***
-----------------G2R RESULT-------------------

val result: krc:0.792 | lsd:0.605 | ed:0.935 | hr@1:0.689 | hr@2:0.881 | hr@3:0.921 | acc@1:0.689 | acc@2:0.625 | acc@3:0.579 | Best krc: 0.838 | Best epoch: 110
[2023-11-29 13:10:04] INFO (nni/MainThread) Intermediate result: 0.7916050064366636  (Index 222)
-----------------ETPA RESULT-------------------
Epoch 111: Validation	rmse: 19.12	mae: 15.22	mape: 34.28%	acc@10: 41.04%	acc@20: 70.17%	acc@30: 90.65%	
[2023-11-29 13:10:04] INFO (nni/MainThread) Intermediate result: 19.12007631058496  (Index 223)
*** Epoch: 112 ***
-----------------G2R RESULT-------------------

val result: krc:0.835 | lsd:0.49 | ed:0.808 | hr@1:0.741 | hr@2:0.894 | hr@3:0.933 | acc@1:0.741 | acc@2:0.68 | acc@3:0.645 | Best krc: 0.838 | Best epoch: 110
[2023-11-29 13:10:33] INFO (nni/MainThread) Intermediate result: 0.8352753583361365  (Index 224)
-----------------ETPA RESULT-------------------
Epoch 112: Validation	rmse: 19.14	mae: 15.23	mape: 34.31%	acc@10: 40.98%	acc@20: 70.08%	acc@30: 90.65%	
[2023-11-29 13:10:33] INFO (nni/MainThread) Intermediate result: 19.14031756212564  (Index 225)
*** Epoch: 113 ***
-----------------G2R RESULT-------------------

val result: krc:0.82 | lsd:0.545 | ed:0.856 | hr@1:0.728 | hr@2:0.894 | hr@3:0.932 | acc@1:0.728 | acc@2:0.661 | acc@3:0.62 | Best krc: 0.838 | Best epoch: 110
[2023-11-29 13:11:04] INFO (nni/MainThread) Intermediate result: 0.8202766622355603  (Index 226)
-----------------ETPA RESULT-------------------
Epoch 113: Validation	rmse: 19.16	mae: 15.25	mape: 34.35%	acc@10: 40.9%	acc@20: 70.01%	acc@30: 90.65%	
[2023-11-29 13:11:04] INFO (nni/MainThread) Intermediate result: 19.164039038619922  (Index 227)
*** Epoch: 114 ***
-----------------G2R RESULT-------------------

val result: krc:0.842 | lsd:0.489 | ed:0.79 | hr@1:0.752 | hr@2:0.899 | hr@3:0.938 | acc@1:0.752 | acc@2:0.687 | acc@3:0.652 | Best krc: 0.838 | Best epoch: 110
best model saved
[2023-11-29 13:11:35] INFO (nni/MainThread) Intermediate result: 0.841809056868086  (Index 228)
-----------------ETPA RESULT-------------------
Epoch 114: Validation	rmse: 19.19	mae: 15.27	mape: 34.38%	acc@10: 40.82%	acc@20: 69.89%	acc@30: 90.65%	
[2023-11-29 13:11:35] INFO (nni/MainThread) Intermediate result: 19.191656629389307  (Index 229)
*** Epoch: 115 ***
-----------------G2R RESULT-------------------

val result: krc:0.814 | lsd:0.53 | ed:0.879 | hr@1:0.725 | hr@2:0.891 | hr@3:0.925 | acc@1:0.725 | acc@2:0.659 | acc@3:0.612 | Best krc: 0.842 | Best epoch: 114
[2023-11-29 13:12:06] INFO (nni/MainThread) Intermediate result: 0.8142844769604717  (Index 230)
-----------------ETPA RESULT-------------------
Epoch 115: Validation	rmse: 19.22	mae: 15.29	mape: 34.41%	acc@10: 40.76%	acc@20: 69.88%	acc@30: 90.65%	
[2023-11-29 13:12:06] INFO (nni/MainThread) Intermediate result: 19.22194727094507  (Index 231)
*** Epoch: 116 ***
-----------------G2R RESULT-------------------

val result: krc:0.801 | lsd:0.579 | ed:0.907 | hr@1:0.698 | hr@2:0.886 | hr@3:0.926 | acc@1:0.698 | acc@2:0.636 | acc@3:0.596 | Best krc: 0.842 | Best epoch: 114
[2023-11-29 13:12:36] INFO (nni/MainThread) Intermediate result: 0.8009218558409638  (Index 232)
-----------------ETPA RESULT-------------------
Epoch 116: Validation	rmse: 19.25	mae: 15.31	mape: 34.44%	acc@10: 40.71%	acc@20: 69.79%	acc@30: 90.62%	
[2023-11-29 13:12:36] INFO (nni/MainThread) Intermediate result: 19.25189871081613  (Index 233)
*** Epoch: 117 ***
-----------------G2R RESULT-------------------

val result: krc:0.836 | lsd:0.482 | ed:0.813 | hr@1:0.742 | hr@2:0.899 | hr@3:0.932 | acc@1:0.742 | acc@2:0.678 | acc@3:0.64 | Best krc: 0.842 | Best epoch: 114
[2023-11-29 13:13:09] INFO (nni/MainThread) Intermediate result: 0.835934146664361  (Index 234)
-----------------ETPA RESULT-------------------
Epoch 117: Validation	rmse: 19.28	mae: 15.33	mape: 34.46%	acc@10: 40.68%	acc@20: 69.7%	acc@30: 90.6%	
[2023-11-29 13:13:09] INFO (nni/MainThread) Intermediate result: 19.278453778924725  (Index 235)
*** Epoch: 118 ***
-----------------G2R RESULT-------------------

val result: krc:0.834 | lsd:0.497 | ed:0.819 | hr@1:0.742 | hr@2:0.897 | hr@3:0.931 | acc@1:0.742 | acc@2:0.676 | acc@3:0.641 | Best krc: 0.842 | Best epoch: 114
[2023-11-29 13:13:40] INFO (nni/MainThread) Intermediate result: 0.8342439940341122  (Index 236)
-----------------ETPA RESULT-------------------
Epoch 118: Validation	rmse: 19.31	mae: 15.35	mape: 34.51%	acc@10: 40.62%	acc@20: 69.59%	acc@30: 90.57%	
[2023-11-29 13:13:40] INFO (nni/MainThread) Intermediate result: 19.31051707944629  (Index 237)
*** Epoch: 119 ***
-----------------G2R RESULT-------------------

val result: krc:0.816 | lsd:0.531 | ed:0.875 | hr@1:0.71 | hr@2:0.894 | hr@3:0.926 | acc@1:0.71 | acc@2:0.649 | acc@3:0.607 | Best krc: 0.842 | Best epoch: 114
[2023-11-29 13:14:14] INFO (nni/MainThread) Intermediate result: 0.8161168090682738  (Index 238)
-----------------ETPA RESULT-------------------
Epoch 119: Validation	rmse: 19.34	mae: 15.38	mape: 34.57%	acc@10: 40.55%	acc@20: 69.51%	acc@30: 90.55%	
[2023-11-29 13:14:14] INFO (nni/MainThread) Intermediate result: 19.338678264041004  (Index 239)
*** Epoch: 120 ***
-----------------G2R RESULT-------------------

val result: krc:0.839 | lsd:0.488 | ed:0.814 | hr@1:0.752 | hr@2:0.896 | hr@3:0.936 | acc@1:0.752 | acc@2:0.685 | acc@3:0.646 | Best krc: 0.842 | Best epoch: 114
[2023-11-29 13:14:44] INFO (nni/MainThread) Intermediate result: 0.8385602866582315  (Index 240)
-----------------ETPA RESULT-------------------
Epoch 120: Validation	rmse: 19.36	mae: 15.4	mape: 34.62%	acc@10: 40.5%	acc@20: 69.45%	acc@30: 90.55%	
[2023-11-29 13:14:44] INFO (nni/MainThread) Intermediate result: 19.362342914706744  (Index 241)
*** Epoch: 121 ***
-----------------G2R RESULT-------------------

val result: krc:0.844 | lsd:0.458 | ed:0.8 | hr@1:0.756 | hr@2:0.902 | hr@3:0.94 | acc@1:0.756 | acc@2:0.691 | acc@3:0.653 | Best krc: 0.842 | Best epoch: 114
best model saved
[2023-11-29 13:15:17] INFO (nni/MainThread) Intermediate result: 0.8437656680070322  (Index 242)
-----------------ETPA RESULT-------------------
Epoch 121: Validation	rmse: 19.37	mae: 15.4	mape: 34.64%	acc@10: 40.47%	acc@20: 69.44%	acc@30: 90.55%	
[2023-11-29 13:15:17] INFO (nni/MainThread) Intermediate result: 19.373402367408165  (Index 243)
*** Epoch: 122 ***
-----------------G2R RESULT-------------------

val result: krc:0.843 | lsd:0.478 | ed:0.796 | hr@1:0.753 | hr@2:0.897 | hr@3:0.935 | acc@1:0.753 | acc@2:0.689 | acc@3:0.652 | Best krc: 0.844 | Best epoch: 121
[2023-11-29 13:15:48] INFO (nni/MainThread) Intermediate result: 0.843351902433669  (Index 244)
-----------------ETPA RESULT-------------------
Epoch 122: Validation	rmse: 19.4	mae: 15.43	mape: 34.69%	acc@10: 40.4%	acc@20: 69.36%	acc@30: 90.52%	
[2023-11-29 13:15:48] INFO (nni/MainThread) Intermediate result: 19.3970513945371  (Index 245)
*** Epoch: 123 ***
-----------------G2R RESULT-------------------

val result: krc:0.842 | lsd:0.483 | ed:0.799 | hr@1:0.748 | hr@2:0.897 | hr@3:0.936 | acc@1:0.748 | acc@2:0.682 | acc@3:0.648 | Best krc: 0.844 | Best epoch: 121
[2023-11-29 13:16:18] INFO (nni/MainThread) Intermediate result: 0.8419516126555917  (Index 246)
-----------------ETPA RESULT-------------------
Epoch 123: Validation	rmse: 19.42	mae: 15.44	mape: 34.72%	acc@10: 40.35%	acc@20: 69.28%	acc@30: 90.5%	
[2023-11-29 13:16:18] INFO (nni/MainThread) Intermediate result: 19.418156917116132  (Index 247)
*** Epoch: 124 ***
-----------------G2R RESULT-------------------

val result: krc:0.841 | lsd:0.478 | ed:0.808 | hr@1:0.761 | hr@2:0.9 | hr@3:0.934 | acc@1:0.761 | acc@2:0.692 | acc@3:0.648 | Best krc: 0.844 | Best epoch: 121
[2023-11-29 13:16:48] INFO (nni/MainThread) Intermediate result: 0.840793845096425  (Index 248)
-----------------ETPA RESULT-------------------
Epoch 124: Validation	rmse: 19.44	mae: 15.46	mape: 34.76%	acc@10: 40.3%	acc@20: 69.23%	acc@30: 90.5%	
[2023-11-29 13:16:48] INFO (nni/MainThread) Intermediate result: 19.441091791596016  (Index 249)
*** Epoch: 125 ***
-----------------G2R RESULT-------------------

val result: krc:0.839 | lsd:0.494 | ed:0.815 | hr@1:0.754 | hr@2:0.894 | hr@3:0.933 | acc@1:0.754 | acc@2:0.685 | acc@3:0.645 | Best krc: 0.844 | Best epoch: 121
[2023-11-29 13:17:18] INFO (nni/MainThread) Intermediate result: 0.8391960162139436  (Index 250)
-----------------ETPA RESULT-------------------
Epoch 125: Validation	rmse: 19.45	mae: 15.47	mape: 34.78%	acc@10: 40.25%	acc@20: 69.15%	acc@30: 90.5%	
[2023-11-29 13:17:18] INFO (nni/MainThread) Intermediate result: 19.453768970102995  (Index 251)
*** Epoch: 126 ***
-----------------G2R RESULT-------------------

val result: krc:0.842 | lsd:0.48 | ed:0.801 | hr@1:0.755 | hr@2:0.896 | hr@3:0.937 | acc@1:0.755 | acc@2:0.685 | acc@3:0.652 | Best krc: 0.844 | Best epoch: 121
[2023-11-29 13:17:48] INFO (nni/MainThread) Intermediate result: 0.8424781010176723  (Index 252)
-----------------ETPA RESULT-------------------
Epoch 126: Validation	rmse: 19.45	mae: 15.47	mape: 34.78%	acc@10: 40.23%	acc@20: 69.14%	acc@30: 90.5%	
[2023-11-29 13:17:48] INFO (nni/MainThread) Intermediate result: 19.454387373656836  (Index 253)
*** Epoch: 127 ***
-----------------G2R RESULT-------------------

val result: krc:0.835 | lsd:0.502 | ed:0.815 | hr@1:0.739 | hr@2:0.893 | hr@3:0.934 | acc@1:0.739 | acc@2:0.671 | acc@3:0.643 | Best krc: 0.844 | Best epoch: 121
[2023-11-29 13:18:19] INFO (nni/MainThread) Intermediate result: 0.8351680744072523  (Index 254)
-----------------ETPA RESULT-------------------
Epoch 127: Validation	rmse: 19.47	mae: 15.49	mape: 34.81%	acc@10: 40.19%	acc@20: 69.07%	acc@30: 90.48%	
[2023-11-29 13:18:19] INFO (nni/MainThread) Intermediate result: 19.471241567066095  (Index 255)
*** Epoch: 128 ***
-----------------G2R RESULT-------------------

val result: krc:0.822 | lsd:0.555 | ed:0.854 | hr@1:0.726 | hr@2:0.888 | hr@3:0.931 | acc@1:0.726 | acc@2:0.662 | acc@3:0.626 | Best krc: 0.844 | Best epoch: 121
[2023-11-29 13:18:50] INFO (nni/MainThread) Intermediate result: 0.8222241565136187  (Index 256)
-----------------ETPA RESULT-------------------
Epoch 128: Validation	rmse: 19.48	mae: 15.5	mape: 34.85%	acc@10: 40.16%	acc@20: 68.99%	acc@30: 90.48%	
[2023-11-29 13:18:50] INFO (nni/MainThread) Intermediate result: 19.483159084291277  (Index 257)
*** Epoch: 129 ***
-----------------G2R RESULT-------------------

val result: krc:0.845 | lsd:0.467 | ed:0.794 | hr@1:0.754 | hr@2:0.9 | hr@3:0.939 | acc@1:0.754 | acc@2:0.688 | acc@3:0.656 | Best krc: 0.844 | Best epoch: 121
best model saved
[2023-11-29 13:19:22] INFO (nni/MainThread) Intermediate result: 0.8452088910943305  (Index 258)
-----------------ETPA RESULT-------------------
Epoch 129: Validation	rmse: 19.5	mae: 15.52	mape: 34.89%	acc@10: 40.07%	acc@20: 68.89%	acc@30: 90.46%	
[2023-11-29 13:19:22] INFO (nni/MainThread) Intermediate result: 19.502800801762692  (Index 259)
*** Epoch: 130 ***
-----------------G2R RESULT-------------------

val result: krc:0.845 | lsd:0.478 | ed:0.793 | hr@1:0.751 | hr@2:0.899 | hr@3:0.94 | acc@1:0.751 | acc@2:0.686 | acc@3:0.653 | Best krc: 0.845 | Best epoch: 129
[2023-11-29 13:19:53] INFO (nni/MainThread) Intermediate result: 0.845089342631975  (Index 260)
-----------------ETPA RESULT-------------------
Epoch 130: Validation	rmse: 19.53	mae: 15.54	mape: 34.92%	acc@10: 40.03%	acc@20: 68.82%	acc@30: 90.43%	
[2023-11-29 13:19:53] INFO (nni/MainThread) Intermediate result: 19.52910554679922  (Index 261)
*** Epoch: 131 ***
-----------------G2R RESULT-------------------

val result: krc:0.847 | lsd:0.464 | ed:0.786 | hr@1:0.756 | hr@2:0.9 | hr@3:0.943 | acc@1:0.756 | acc@2:0.69 | acc@3:0.659 | Best krc: 0.845 | Best epoch: 129
best model saved
[2023-11-29 13:20:31] INFO (nni/MainThread) Intermediate result: 0.846621351247499  (Index 262)
-----------------ETPA RESULT-------------------
Epoch 131: Validation	rmse: 19.56	mae: 15.55	mape: 34.94%	acc@10: 40.01%	acc@20: 68.8%	acc@30: 90.34%	
[2023-11-29 13:20:31] INFO (nni/MainThread) Intermediate result: 19.55798955158439  (Index 263)
*** Epoch: 132 ***
-----------------G2R RESULT-------------------

val result: krc:0.845 | lsd:0.49 | ed:0.794 | hr@1:0.759 | hr@2:0.897 | hr@3:0.937 | acc@1:0.759 | acc@2:0.69 | acc@3:0.657 | Best krc: 0.847 | Best epoch: 131
[2023-11-29 13:21:02] INFO (nni/MainThread) Intermediate result: 0.8450818552611294  (Index 264)
-----------------ETPA RESULT-------------------
Epoch 132: Validation	rmse: 19.58	mae: 15.57	mape: 34.99%	acc@10: 39.99%	acc@20: 68.7%	acc@30: 90.32%	
[2023-11-29 13:21:02] INFO (nni/MainThread) Intermediate result: 19.582151644798454  (Index 265)
*** Epoch: 133 ***
-----------------G2R RESULT-------------------

val result: krc:0.838 | lsd:0.491 | ed:0.803 | hr@1:0.751 | hr@2:0.896 | hr@3:0.935 | acc@1:0.751 | acc@2:0.686 | acc@3:0.648 | Best krc: 0.847 | Best epoch: 131
[2023-11-29 13:21:33] INFO (nni/MainThread) Intermediate result: 0.8375029954741368  (Index 266)
-----------------ETPA RESULT-------------------
Epoch 133: Validation	rmse: 19.6	mae: 15.59	mape: 35.01%	acc@10: 39.95%	acc@20: 68.66%	acc@30: 90.3%	
[2023-11-29 13:21:33] INFO (nni/MainThread) Intermediate result: 19.596619382142826  (Index 267)
*** Epoch: 134 ***
-----------------G2R RESULT-------------------

val result: krc:0.832 | lsd:0.523 | ed:0.821 | hr@1:0.742 | hr@2:0.891 | hr@3:0.932 | acc@1:0.742 | acc@2:0.68 | acc@3:0.641 | Best krc: 0.847 | Best epoch: 131
[2023-11-29 13:22:07] INFO (nni/MainThread) Intermediate result: 0.8317682210904772  (Index 268)
-----------------ETPA RESULT-------------------
Epoch 134: Validation	rmse: 19.59	mae: 15.58	mape: 35.01%	acc@10: 39.93%	acc@20: 68.68%	acc@30: 90.32%	
[2023-11-29 13:22:07] INFO (nni/MainThread) Intermediate result: 19.588462179657864  (Index 269)
*** Epoch: 135 ***
-----------------G2R RESULT-------------------

val result: krc:0.826 | lsd:0.537 | ed:0.829 | hr@1:0.728 | hr@2:0.89 | hr@3:0.932 | acc@1:0.728 | acc@2:0.665 | acc@3:0.63 | Best krc: 0.847 | Best epoch: 131
[2023-11-29 13:22:42] INFO (nni/MainThread) Intermediate result: 0.8259454189755896  (Index 270)
-----------------ETPA RESULT-------------------
Epoch 135: Validation	rmse: 19.6	mae: 15.59	mape: 35.02%	acc@10: 39.91%	acc@20: 68.66%	acc@30: 90.3%	
[2023-11-29 13:22:42] INFO (nni/MainThread) Intermediate result: 19.598025579084503  (Index 271)
*** Epoch: 136 ***
-----------------G2R RESULT-------------------

val result: krc:0.827 | lsd:0.545 | ed:0.836 | hr@1:0.742 | hr@2:0.887 | hr@3:0.929 | acc@1:0.742 | acc@2:0.673 | acc@3:0.631 | Best krc: 0.847 | Best epoch: 131
[2023-11-29 13:23:15] INFO (nni/MainThread) Intermediate result: 0.827305607961489  (Index 272)
-----------------ETPA RESULT-------------------
Epoch 136: Validation	rmse: 19.6	mae: 15.6	mape: 35.05%	acc@10: 39.85%	acc@20: 68.61%	acc@30: 90.31%	
[2023-11-29 13:23:15] INFO (nni/MainThread) Intermediate result: 19.60010578337771  (Index 273)
*** Epoch: 137 ***
-----------------G2R RESULT-------------------

val result: krc:0.842 | lsd:0.482 | ed:0.812 | hr@1:0.76 | hr@2:0.9 | hr@3:0.937 | acc@1:0.76 | acc@2:0.69 | acc@3:0.655 | Best krc: 0.847 | Best epoch: 131
[2023-11-29 13:23:49] INFO (nni/MainThread) Intermediate result: 0.8421386539095327  (Index 274)
-----------------ETPA RESULT-------------------
Epoch 137: Validation	rmse: 19.61	mae: 15.61	mape: 35.08%	acc@10: 39.81%	acc@20: 68.59%	acc@30: 90.33%	
[2023-11-29 13:23:49] INFO (nni/MainThread) Intermediate result: 19.60555578338207  (Index 275)
*** Epoch: 138 ***
-----------------G2R RESULT-------------------

val result: krc:0.816 | lsd:0.573 | ed:0.867 | hr@1:0.723 | hr@2:0.887 | hr@3:0.928 | acc@1:0.723 | acc@2:0.653 | acc@3:0.616 | Best krc: 0.847 | Best epoch: 131
[2023-11-29 13:24:20] INFO (nni/MainThread) Intermediate result: 0.8159387403637512  (Index 276)
-----------------ETPA RESULT-------------------
Epoch 138: Validation	rmse: 19.63	mae: 15.63	mape: 35.13%	acc@10: 39.77%	acc@20: 68.48%	acc@30: 90.29%	
[2023-11-29 13:24:20] INFO (nni/MainThread) Intermediate result: 19.634257068185683  (Index 277)
*** Epoch: 139 ***
-----------------G2R RESULT-------------------

val result: krc:0.839 | lsd:0.503 | ed:0.807 | hr@1:0.76 | hr@2:0.891 | hr@3:0.935 | acc@1:0.76 | acc@2:0.685 | acc@3:0.652 | Best krc: 0.847 | Best epoch: 131
[2023-11-29 13:24:51] INFO (nni/MainThread) Intermediate result: 0.8392134643118464  (Index 278)
-----------------ETPA RESULT-------------------
Epoch 139: Validation	rmse: 19.67	mae: 15.66	mape: 35.2%	acc@10: 39.71%	acc@20: 68.35%	acc@30: 90.2%	
[2023-11-29 13:24:51] INFO (nni/MainThread) Intermediate result: 19.672992671962202  (Index 279)
*** Epoch: 140 ***
-----------------G2R RESULT-------------------

val result: krc:0.842 | lsd:0.493 | ed:0.8 | hr@1:0.755 | hr@2:0.899 | hr@3:0.937 | acc@1:0.755 | acc@2:0.689 | acc@3:0.659 | Best krc: 0.847 | Best epoch: 131
[2023-11-29 13:25:22] INFO (nni/MainThread) Intermediate result: 0.8418396120713567  (Index 280)
-----------------ETPA RESULT-------------------
Epoch 140: Validation	rmse: 19.67	mae: 15.67	mape: 35.21%	acc@10: 39.65%	acc@20: 68.37%	acc@30: 90.23%	
[2023-11-29 13:25:22] INFO (nni/MainThread) Intermediate result: 19.673710322420906  (Index 281)
*** Epoch: 141 ***
-----------------G2R RESULT-------------------

val result: krc:0.842 | lsd:0.495 | ed:0.8 | hr@1:0.76 | hr@2:0.895 | hr@3:0.937 | acc@1:0.76 | acc@2:0.688 | acc@3:0.655 | Best krc: 0.847 | Best epoch: 131
[2023-11-29 13:25:58] INFO (nni/MainThread) Intermediate result: 0.8420499411841782  (Index 282)
-----------------ETPA RESULT-------------------
Epoch 141: Validation	rmse: 19.67	mae: 15.67	mape: 35.23%	acc@10: 39.59%	acc@20: 68.38%	acc@30: 90.23%	
[2023-11-29 13:25:58] INFO (nni/MainThread) Intermediate result: 19.674715144691763  (Index 283)
*** Epoch: 142 ***
-----------------G2R RESULT-------------------

val result: krc:0.844 | lsd:0.482 | ed:0.789 | hr@1:0.767 | hr@2:0.898 | hr@3:0.936 | acc@1:0.767 | acc@2:0.696 | acc@3:0.658 | Best krc: 0.847 | Best epoch: 131
[2023-11-29 13:26:30] INFO (nni/MainThread) Intermediate result: 0.8441175744367698  (Index 284)
-----------------ETPA RESULT-------------------
Epoch 142: Validation	rmse: 19.69	mae: 15.68	mape: 35.24%	acc@10: 39.58%	acc@20: 68.36%	acc@30: 90.21%	
[2023-11-29 13:26:30] INFO (nni/MainThread) Intermediate result: 19.687371613594518  (Index 285)
*** Epoch: 143 ***
-----------------G2R RESULT-------------------

val result: krc:0.837 | lsd:0.488 | ed:0.806 | hr@1:0.75 | hr@2:0.894 | hr@3:0.936 | acc@1:0.75 | acc@2:0.683 | acc@3:0.65 | Best krc: 0.847 | Best epoch: 131
[2023-11-29 13:27:02] INFO (nni/MainThread) Intermediate result: 0.8374905643029823  (Index 286)
-----------------ETPA RESULT-------------------
Epoch 143: Validation	rmse: 19.68	mae: 15.68	mape: 35.25%	acc@10: 39.54%	acc@20: 68.36%	acc@30: 90.23%	
[2023-11-29 13:27:02] INFO (nni/MainThread) Intermediate result: 19.683613110462602  (Index 287)
*** Epoch: 144 ***
-----------------G2R RESULT-------------------

val result: krc:0.837 | lsd:0.491 | ed:0.822 | hr@1:0.741 | hr@2:0.896 | hr@3:0.935 | acc@1:0.741 | acc@2:0.678 | acc@3:0.64 | Best krc: 0.847 | Best epoch: 131
[2023-11-29 13:27:34] INFO (nni/MainThread) Intermediate result: 0.8366463632401543  (Index 288)
-----------------ETPA RESULT-------------------
Epoch 144: Validation	rmse: 19.7	mae: 15.7	mape: 35.28%	acc@10: 39.53%	acc@20: 68.28%	acc@30: 90.19%	
[2023-11-29 13:27:34] INFO (nni/MainThread) Intermediate result: 19.703848110308765  (Index 289)
*** Epoch: 145 ***
-----------------G2R RESULT-------------------

val result: krc:0.842 | lsd:0.495 | ed:0.801 | hr@1:0.746 | hr@2:0.898 | hr@3:0.937 | acc@1:0.746 | acc@2:0.683 | acc@3:0.654 | Best krc: 0.847 | Best epoch: 131
[2023-11-29 13:28:07] INFO (nni/MainThread) Intermediate result: 0.8422107374883937  (Index 290)
-----------------ETPA RESULT-------------------
Epoch 145: Validation	rmse: 19.71	mae: 15.71	mape: 35.31%	acc@10: 39.47%	acc@20: 68.21%	acc@30: 90.2%	
[2023-11-29 13:28:07] INFO (nni/MainThread) Intermediate result: 19.713295486427157  (Index 291)
*** Epoch: 146 ***
-----------------G2R RESULT-------------------

val result: krc:0.843 | lsd:0.483 | ed:0.798 | hr@1:0.746 | hr@2:0.899 | hr@3:0.94 | acc@1:0.746 | acc@2:0.681 | acc@3:0.651 | Best krc: 0.847 | Best epoch: 131
[2023-11-29 13:28:39] INFO (nni/MainThread) Intermediate result: 0.8432731449347103  (Index 292)
-----------------ETPA RESULT-------------------
Epoch 146: Validation	rmse: 19.71	mae: 15.72	mape: 35.32%	acc@10: 39.46%	acc@20: 68.18%	acc@30: 90.2%	
[2023-11-29 13:28:39] INFO (nni/MainThread) Intermediate result: 19.713968927238007  (Index 293)
*** Epoch: 147 ***
-----------------G2R RESULT-------------------

val result: krc:0.841 | lsd:0.485 | ed:0.797 | hr@1:0.749 | hr@2:0.9 | hr@3:0.936 | acc@1:0.749 | acc@2:0.688 | acc@3:0.653 | Best krc: 0.847 | Best epoch: 131
[2023-11-29 13:29:10] INFO (nni/MainThread) Intermediate result: 0.8408045167030737  (Index 294)
-----------------ETPA RESULT-------------------
Epoch 147: Validation	rmse: 19.72	mae: 15.73	mape: 35.34%	acc@10: 39.44%	acc@20: 68.12%	acc@30: 90.2%	
[2023-11-29 13:29:10] INFO (nni/MainThread) Intermediate result: 19.72248649713608  (Index 295)
*** Epoch: 148 ***
-----------------G2R RESULT-------------------

val result: krc:0.841 | lsd:0.497 | ed:0.803 | hr@1:0.745 | hr@2:0.899 | hr@3:0.936 | acc@1:0.745 | acc@2:0.681 | acc@3:0.649 | Best krc: 0.847 | Best epoch: 131
[2023-11-29 13:29:41] INFO (nni/MainThread) Intermediate result: 0.8406727978656271  (Index 296)
-----------------ETPA RESULT-------------------
Epoch 148: Validation	rmse: 19.75	mae: 15.75	mape: 35.39%	acc@10: 39.39%	acc@20: 68.02%	acc@30: 90.16%	
[2023-11-29 13:29:41] INFO (nni/MainThread) Intermediate result: 19.74934698167935  (Index 297)
*** Epoch: 149 ***
-----------------G2R RESULT-------------------

val result: krc:0.838 | lsd:0.493 | ed:0.806 | hr@1:0.743 | hr@2:0.896 | hr@3:0.934 | acc@1:0.743 | acc@2:0.676 | acc@3:0.642 | Best krc: 0.847 | Best epoch: 131
[2023-11-29 13:30:12] INFO (nni/MainThread) Intermediate result: 0.8383530680076374  (Index 298)
-----------------ETPA RESULT-------------------
Epoch 149: Validation	rmse: 19.79	mae: 15.78	mape: 35.44%	acc@10: 39.29%	acc@20: 67.94%	acc@30: 90.12%	
[2023-11-29 13:30:12] INFO (nni/MainThread) Intermediate result: 19.78720749371965  (Index 299)
*** Epoch: 150 ***
-----------------G2R RESULT-------------------

val result: krc:0.835 | lsd:0.508 | ed:0.815 | hr@1:0.739 | hr@2:0.898 | hr@3:0.936 | acc@1:0.739 | acc@2:0.678 | acc@3:0.646 | Best krc: 0.847 | Best epoch: 131
[2023-11-29 13:30:43] INFO (nni/MainThread) Intermediate result: 0.8353787804771626  (Index 300)
-----------------ETPA RESULT-------------------
Epoch 150: Validation	rmse: 19.8	mae: 15.79	mape: 35.47%	acc@10: 39.26%	acc@20: 67.86%	acc@30: 90.09%	
[2023-11-29 13:30:43] INFO (nni/MainThread) Intermediate result: 19.80261667384538  (Index 301)
*** Epoch: 151 ***
-----------------G2R RESULT-------------------

val result: krc:0.835 | lsd:0.541 | ed:0.833 | hr@1:0.746 | hr@2:0.892 | hr@3:0.93 | acc@1:0.746 | acc@2:0.676 | acc@3:0.642 | Best krc: 0.847 | Best epoch: 131
[2023-11-29 13:31:15] INFO (nni/MainThread) Intermediate result: 0.8354075282278167  (Index 302)
-----------------ETPA RESULT-------------------
Epoch 151: Validation	rmse: 19.82	mae: 15.8	mape: 35.5%	acc@10: 39.21%	acc@20: 67.82%	acc@30: 90.07%	
[2023-11-29 13:31:15] INFO (nni/MainThread) Intermediate result: 19.815743067044878  (Index 303)
loaded model path: /home/sentanoe/joint_training/data/dataset/food_pd/sort_model/hidden_size-8.gcnru-pd_1701256197.59702161701256197.5970342
best model loaded !!!
krc:0.836 | lsd:0.365 | ed:0.803 | hr@1:0.758 | hr@2:0.922 | hr@3:0.949 | acc@1:0.758 | acc@2:0.699 | acc@3:0.649 |

-------------------------------------------------------------
Best epoch for G2R:  131
Best epoch for ETPA:  49
graph2route_pd Evaluation in test: krc:0.836 | lsd:0.365 | ed:0.803 | hr@1:0.758 | hr@2:0.922 | hr@3:0.949 | acc@1:0.758 | acc@2:0.699 | acc@3:0.649 |
RankPETA Evaluation in test: rmse: 12.25	mae: 10.09	mape: 86.76%	acc@10: 55.0%	acc@20: 90.0%	acc@30: 100.0%	
