Device:  cuda
{'alpha_loss': 0.5,
 'batch_size': 64,
 'dataset': 'food_pd',
 'datatype': 'order',
 'device': device(type='cuda'),
 'early_stop': 10,
 'edge_fea_dim': 5,
 'embedding_dim': 32,
 'eval_end_1': 11,
 'eval_end_2': 25,
 'eval_start': 1,
 'gcn_num_layers': 2,
 'hidden_size': 8,
 'is_eval': False,
 'is_test': False,
 'k_min_nodes': 3,
 'k_nearest_neighbors': 'n-1',
 'lr': 0.001,
 'max_task_num': 25,
 'min_task_num': 0,
 'modelArrivalTime': 'RankPETA',
 'modelRoute': 'graph2route_pd',
 'no_cuda': False,
 'node_fea_dim': 8,
 'node_features_test': '/home/sentanoe/joint_training/data/dataset/food_pd/node_features_test_full.npy',
 'node_features_train': '/home/sentanoe/joint_training/data/dataset/food_pd/node_features_train_full.npy',
 'node_features_val': '/home/sentanoe/joint_training/data/dataset/food_pd/node_features_val_full.npy',
 'num_block': 2,
 'num_epoch': 1000,
 'num_head': 2,
 'num_worker_logistics': 2346,
 'num_worker_pd': 920,
 'pad_value': 26,
 'seed': 1999,
 'sort_mode': 'pnn_idx',
 'spatial_encoder': 'gcn',
 'temporal_encoder': 'gru',
 'test_path': '/home/sentanoe/joint_training/data/dataset/food_pd/test_full.npy',
 'train_mode': 'sort',
 'train_path': '/home/sentanoe/joint_training/data/dataset/food_pd/train_full.npy',
 'val_path': '/home/sentanoe/joint_training/data/dataset/food_pd/val_full.npy',
 'wd': 1e-05,
 'worker_emb_dim': 10,
 'workers': 2}
last_x_size:13;unpick_x_size:12;input_size:53
#train:2521 | #val:1257 | #test:1261
*** Epoch: 0 ***
-----------------G2R RESULT-------------------

val result: krc:0.703 | lsd:0.901 | ed:1.175 | hr@1:0.596 | hr@2:0.825 | hr@3:0.878 | acc@1:0.596 | acc@2:0.522 | acc@3:0.476 | Best krc: -1 | Best epoch: -1
best model saved
[2023-12-18 10:06:28] INFO (nni/MainThread) Intermediate result: 0.702933715622828  (Index 0)
-----------------ETPA RESULT-------------------
Epoch 0: Validation	rmse: 24.16	mae: 18.91	mape: 69.38%	acc@10: 38.89%	acc@20: 61.48%	acc@30: 78.89%	
[2023-12-18 10:06:28] INFO (nni/MainThread) Intermediate result: 24.16396651694484  (Index 1)
*** Epoch: 1 ***
-----------------G2R RESULT-------------------

val result: krc:0.768 | lsd:0.69 | ed:1.002 | hr@1:0.634 | hr@2:0.857 | hr@3:0.907 | acc@1:0.634 | acc@2:0.576 | acc@3:0.538 | Best krc: 0.703 | Best epoch: 0
best model saved
[2023-12-18 10:06:52] INFO (nni/MainThread) Intermediate result: 0.7677999766674886  (Index 2)
-----------------ETPA RESULT-------------------
Epoch 1: Validation	rmse: 22.08	mae: 17.19	mape: 88.18%	acc@10: 40.19%	acc@20: 64.81%	acc@30: 83.7%	
[2023-12-18 10:06:52] INFO (nni/MainThread) Intermediate result: 22.082462754422888  (Index 3)
*** Epoch: 2 ***
-----------------G2R RESULT-------------------

val result: krc:0.756 | lsd:0.717 | ed:1.039 | hr@1:0.622 | hr@2:0.854 | hr@3:0.903 | acc@1:0.622 | acc@2:0.564 | acc@3:0.526 | Best krc: 0.768 | Best epoch: 1
[2023-12-18 10:07:15] INFO (nni/MainThread) Intermediate result: 0.7562898145757787  (Index 4)
-----------------ETPA RESULT-------------------
Epoch 2: Validation	rmse: 22.33	mae: 17.29	mape: 102.41%	acc@10: 39.88%	acc@20: 64.2%	acc@30: 84.2%	
[2023-12-18 10:07:15] INFO (nni/MainThread) Intermediate result: 22.328883384253437  (Index 5)
*** Epoch: 3 ***
-----------------G2R RESULT-------------------

val result: krc:0.763 | lsd:0.676 | ed:0.998 | hr@1:0.637 | hr@2:0.857 | hr@3:0.907 | acc@1:0.637 | acc@2:0.58 | acc@3:0.538 | Best krc: 0.768 | Best epoch: 1
[2023-12-18 10:07:39] INFO (nni/MainThread) Intermediate result: 0.7633460435821608  (Index 6)
-----------------ETPA RESULT-------------------
Epoch 3: Validation	rmse: 21.39	mae: 16.44	mape: 100.69%	acc@10: 42.22%	acc@20: 66.85%	acc@30: 84.72%	
[2023-12-18 10:07:39] INFO (nni/MainThread) Intermediate result: 21.38642371785453  (Index 7)
*** Epoch: 4 ***
-----------------G2R RESULT-------------------

val result: krc:0.748 | lsd:0.741 | ed:1.059 | hr@1:0.617 | hr@2:0.854 | hr@3:0.901 | acc@1:0.617 | acc@2:0.561 | acc@3:0.516 | Best krc: 0.768 | Best epoch: 1
[2023-12-18 10:08:03] INFO (nni/MainThread) Intermediate result: 0.7482371537028292  (Index 8)
-----------------ETPA RESULT-------------------
Epoch 4: Validation	rmse: 20.79	mae: 16.06	mape: 102.38%	acc@10: 42.59%	acc@20: 68.15%	acc@30: 85.63%	
[2023-12-18 10:08:03] INFO (nni/MainThread) Intermediate result: 20.790782065297385  (Index 9)
*** Epoch: 5 ***
-----------------G2R RESULT-------------------

val result: krc:0.753 | lsd:0.71 | ed:1.034 | hr@1:0.628 | hr@2:0.856 | hr@3:0.902 | acc@1:0.628 | acc@2:0.568 | acc@3:0.527 | Best krc: 0.768 | Best epoch: 1
[2023-12-18 10:08:26] INFO (nni/MainThread) Intermediate result: 0.7532471593249905  (Index 10)
-----------------ETPA RESULT-------------------
Epoch 5: Validation	rmse: 20.0	mae: 15.49	mape: 100.33%	acc@10: 43.52%	acc@20: 69.75%	acc@30: 86.85%	
[2023-12-18 10:08:26] INFO (nni/MainThread) Intermediate result: 19.999552050969193  (Index 11)
*** Epoch: 6 ***
-----------------G2R RESULT-------------------

val result: krc:0.767 | lsd:0.682 | ed:0.995 | hr@1:0.635 | hr@2:0.858 | hr@3:0.904 | acc@1:0.635 | acc@2:0.581 | acc@3:0.537 | Best krc: 0.768 | Best epoch: 1
[2023-12-18 10:08:49] INFO (nni/MainThread) Intermediate result: 0.7668683215600575  (Index 12)
-----------------ETPA RESULT-------------------
Epoch 6: Validation	rmse: 19.48	mae: 15.12	mape: 99.43%	acc@10: 44.34%	acc@20: 71.16%	acc@30: 87.67%	
[2023-12-18 10:08:49] INFO (nni/MainThread) Intermediate result: 19.48331614346538  (Index 13)
*** Epoch: 7 ***
-----------------G2R RESULT-------------------

val result: krc:0.761 | lsd:0.69 | ed:1.022 | hr@1:0.631 | hr@2:0.858 | hr@3:0.904 | acc@1:0.631 | acc@2:0.572 | acc@3:0.531 | Best krc: 0.768 | Best epoch: 1
[2023-12-18 10:09:13] INFO (nni/MainThread) Intermediate result: 0.7612823966912292  (Index 14)
-----------------ETPA RESULT-------------------
Epoch 7: Validation	rmse: 19.12	mae: 14.88	mape: 99.3%	acc@10: 44.44%	acc@20: 71.94%	acc@30: 88.29%	
[2023-12-18 10:09:13] INFO (nni/MainThread) Intermediate result: 19.115861207556417  (Index 15)
*** Epoch: 8 ***
-----------------G2R RESULT-------------------

val result: krc:0.76 | lsd:0.699 | ed:1.03 | hr@1:0.627 | hr@2:0.86 | hr@3:0.906 | acc@1:0.627 | acc@2:0.571 | acc@3:0.53 | Best krc: 0.768 | Best epoch: 1
[2023-12-18 10:09:37] INFO (nni/MainThread) Intermediate result: 0.7597677636943049  (Index 16)
-----------------ETPA RESULT-------------------
Epoch 8: Validation	rmse: 18.72	mae: 14.6	mape: 98.05%	acc@10: 44.81%	acc@20: 72.88%	acc@30: 89.05%	
[2023-12-18 10:09:37] INFO (nni/MainThread) Intermediate result: 18.716511440826757  (Index 17)
*** Epoch: 9 ***
-----------------G2R RESULT-------------------

val result: krc:0.768 | lsd:0.717 | ed:0.991 | hr@1:0.645 | hr@2:0.861 | hr@3:0.909 | acc@1:0.645 | acc@2:0.583 | acc@3:0.544 | Best krc: 0.768 | Best epoch: 1
[2023-12-18 10:10:00] INFO (nni/MainThread) Intermediate result: 0.7677090682075378  (Index 18)
-----------------ETPA RESULT-------------------
Epoch 9: Validation	rmse: 18.7	mae: 14.68	mape: 99.91%	acc@10: 43.93%	acc@20: 72.52%	acc@30: 89.3%	
[2023-12-18 10:10:00] INFO (nni/MainThread) Intermediate result: 18.7000532038716  (Index 19)
*** Epoch: 10 ***
-----------------G2R RESULT-------------------

val result: krc:0.771 | lsd:0.674 | ed:1.0 | hr@1:0.642 | hr@2:0.864 | hr@3:0.911 | acc@1:0.642 | acc@2:0.586 | acc@3:0.549 | Best krc: 0.768 | Best epoch: 1
best model saved
[2023-12-18 10:10:25] INFO (nni/MainThread) Intermediate result: 0.7705679618928417  (Index 20)
-----------------ETPA RESULT-------------------
Epoch 10: Validation	rmse: 18.37	mae: 14.45	mape: 98.75%	acc@10: 44.21%	acc@20: 73.37%	acc@30: 89.87%	
[2023-12-18 10:10:25] INFO (nni/MainThread) Intermediate result: 18.366062197061712  (Index 21)
*** Epoch: 11 ***
-----------------G2R RESULT-------------------

val result: krc:0.767 | lsd:0.689 | ed:1.012 | hr@1:0.639 | hr@2:0.862 | hr@3:0.908 | acc@1:0.639 | acc@2:0.578 | acc@3:0.536 | Best krc: 0.771 | Best epoch: 10
[2023-12-18 10:10:49] INFO (nni/MainThread) Intermediate result: 0.7674200346609615  (Index 22)
-----------------ETPA RESULT-------------------
Epoch 11: Validation	rmse: 18.06	mae: 14.22	mape: 97.14%	acc@10: 44.85%	acc@20: 74.32%	acc@30: 90.28%	
[2023-12-18 10:10:49] INFO (nni/MainThread) Intermediate result: 18.06372891368592  (Index 23)
*** Epoch: 12 ***
-----------------G2R RESULT-------------------

val result: krc:0.768 | lsd:0.671 | ed:0.997 | hr@1:0.645 | hr@2:0.868 | hr@3:0.912 | acc@1:0.645 | acc@2:0.586 | acc@3:0.546 | Best krc: 0.771 | Best epoch: 10
[2023-12-18 10:11:13] INFO (nni/MainThread) Intermediate result: 0.7677423281183665  (Index 24)
-----------------ETPA RESULT-------------------
Epoch 12: Validation	rmse: 17.88	mae: 14.11	mape: 96.83%	acc@10: 44.96%	acc@20: 74.56%	acc@30: 90.57%	
[2023-12-18 10:11:13] INFO (nni/MainThread) Intermediate result: 17.8848021212953  (Index 25)
*** Epoch: 13 ***
-----------------G2R RESULT-------------------

val result: krc:0.776 | lsd:0.655 | ed:0.965 | hr@1:0.649 | hr@2:0.868 | hr@3:0.912 | acc@1:0.649 | acc@2:0.59 | acc@3:0.55 | Best krc: 0.771 | Best epoch: 10
best model saved
[2023-12-18 10:11:39] INFO (nni/MainThread) Intermediate result: 0.7759432916756923  (Index 26)
-----------------ETPA RESULT-------------------
Epoch 13: Validation	rmse: 17.71	mae: 14.01	mape: 96.55%	acc@10: 44.97%	acc@20: 74.84%	acc@30: 91.01%	
[2023-12-18 10:11:39] INFO (nni/MainThread) Intermediate result: 17.713593066156143  (Index 27)
*** Epoch: 14 ***
-----------------G2R RESULT-------------------

val result: krc:0.77 | lsd:0.666 | ed:0.983 | hr@1:0.639 | hr@2:0.864 | hr@3:0.911 | acc@1:0.639 | acc@2:0.581 | acc@3:0.542 | Best krc: 0.776 | Best epoch: 13
[2023-12-18 10:12:03] INFO (nni/MainThread) Intermediate result: 0.7702987718204158  (Index 28)
-----------------ETPA RESULT-------------------
Epoch 14: Validation	rmse: 17.6	mae: 13.93	mape: 96.44%	acc@10: 45.09%	acc@20: 74.96%	acc@30: 91.14%	
[2023-12-18 10:12:03] INFO (nni/MainThread) Intermediate result: 17.602016994356184  (Index 29)
*** Epoch: 15 ***
-----------------G2R RESULT-------------------

val result: krc:0.771 | lsd:0.672 | ed:0.984 | hr@1:0.638 | hr@2:0.866 | hr@3:0.912 | acc@1:0.638 | acc@2:0.584 | acc@3:0.545 | Best krc: 0.776 | Best epoch: 13
[2023-12-18 10:12:27] INFO (nni/MainThread) Intermediate result: 0.7712264340948206  (Index 30)
-----------------ETPA RESULT-------------------
Epoch 15: Validation	rmse: 17.43	mae: 13.8	mape: 95.69%	acc@10: 45.49%	acc@20: 75.44%	acc@30: 91.39%	
[2023-12-18 10:12:27] INFO (nni/MainThread) Intermediate result: 17.432593805342165  (Index 31)
*** Epoch: 16 ***
-----------------G2R RESULT-------------------

val result: krc:0.768 | lsd:0.689 | ed:1.003 | hr@1:0.632 | hr@2:0.863 | hr@3:0.909 | acc@1:0.632 | acc@2:0.577 | acc@3:0.537 | Best krc: 0.776 | Best epoch: 13
[2023-12-18 10:12:52] INFO (nni/MainThread) Intermediate result: 0.7680397194345597  (Index 32)
-----------------ETPA RESULT-------------------
Epoch 16: Validation	rmse: 17.3	mae: 13.71	mape: 95.17%	acc@10: 45.58%	acc@20: 75.69%	acc@30: 91.68%	
[2023-12-18 10:12:52] INFO (nni/MainThread) Intermediate result: 17.296479731124457  (Index 33)
*** Epoch: 17 ***
-----------------G2R RESULT-------------------

val result: krc:0.771 | lsd:0.667 | ed:0.987 | hr@1:0.639 | hr@2:0.864 | hr@3:0.915 | acc@1:0.639 | acc@2:0.579 | acc@3:0.542 | Best krc: 0.776 | Best epoch: 13
[2023-12-18 10:13:16] INFO (nni/MainThread) Intermediate result: 0.7710021831316103  (Index 34)
-----------------ETPA RESULT-------------------
Epoch 17: Validation	rmse: 17.18	mae: 13.63	mape: 94.8%	acc@10: 45.82%	acc@20: 75.93%	acc@30: 91.87%	
[2023-12-18 10:13:16] INFO (nni/MainThread) Intermediate result: 17.18048343016645  (Index 35)
*** Epoch: 18 ***
-----------------G2R RESULT-------------------

val result: krc:0.768 | lsd:0.682 | ed:1.01 | hr@1:0.631 | hr@2:0.867 | hr@3:0.912 | acc@1:0.631 | acc@2:0.574 | acc@3:0.533 | Best krc: 0.776 | Best epoch: 13
[2023-12-18 10:13:40] INFO (nni/MainThread) Intermediate result: 0.7682502200385889  (Index 36)
-----------------ETPA RESULT-------------------
Epoch 18: Validation	rmse: 17.05	mae: 13.53	mape: 94.21%	acc@10: 46.02%	acc@20: 76.28%	acc@30: 92.07%	
[2023-12-18 10:13:41] INFO (nni/MainThread) Intermediate result: 17.04966025810677  (Index 37)
*** Epoch: 19 ***
-----------------G2R RESULT-------------------

val result: krc:0.772 | lsd:0.663 | ed:0.986 | hr@1:0.632 | hr@2:0.866 | hr@3:0.913 | acc@1:0.632 | acc@2:0.578 | acc@3:0.541 | Best krc: 0.776 | Best epoch: 13
[2023-12-18 10:14:05] INFO (nni/MainThread) Intermediate result: 0.7719025342986865  (Index 38)
-----------------ETPA RESULT-------------------
Epoch 19: Validation	rmse: 16.95	mae: 13.48	mape: 94.01%	acc@10: 46.02%	acc@20: 76.48%	acc@30: 92.31%	
[2023-12-18 10:14:05] INFO (nni/MainThread) Intermediate result: 16.94856095818093  (Index 39)
*** Epoch: 20 ***
-----------------G2R RESULT-------------------

val result: krc:0.768 | lsd:0.685 | ed:0.99 | hr@1:0.64 | hr@2:0.862 | hr@3:0.91 | acc@1:0.64 | acc@2:0.583 | acc@3:0.543 | Best krc: 0.776 | Best epoch: 13
[2023-12-18 10:14:29] INFO (nni/MainThread) Intermediate result: 0.7680901753835729  (Index 40)
-----------------ETPA RESULT-------------------
Epoch 20: Validation	rmse: 16.83	mae: 13.39	mape: 93.47%	acc@10: 46.31%	acc@20: 76.75%	acc@30: 92.49%	
[2023-12-18 10:14:29] INFO (nni/MainThread) Intermediate result: 16.833736296971587  (Index 41)
*** Epoch: 21 ***
-----------------G2R RESULT-------------------

val result: krc:0.766 | lsd:0.665 | ed:1.007 | hr@1:0.636 | hr@2:0.866 | hr@3:0.912 | acc@1:0.636 | acc@2:0.581 | acc@3:0.536 | Best krc: 0.776 | Best epoch: 13
[2023-12-18 10:14:53] INFO (nni/MainThread) Intermediate result: 0.7658108566197765  (Index 42)
-----------------ETPA RESULT-------------------
Epoch 21: Validation	rmse: 16.75	mae: 13.33	mape: 93.18%	acc@10: 46.41%	acc@20: 77.0%	acc@30: 92.66%	
[2023-12-18 10:14:53] INFO (nni/MainThread) Intermediate result: 16.745915985816527  (Index 43)
*** Epoch: 22 ***
-----------------G2R RESULT-------------------

val result: krc:0.78 | lsd:0.635 | ed:0.961 | hr@1:0.641 | hr@2:0.868 | hr@3:0.915 | acc@1:0.641 | acc@2:0.587 | acc@3:0.553 | Best krc: 0.776 | Best epoch: 13
best model saved
[2023-12-18 10:15:18] INFO (nni/MainThread) Intermediate result: 0.7796598005955243  (Index 44)
-----------------ETPA RESULT-------------------
Epoch 22: Validation	rmse: 16.68	mae: 13.28	mape: 92.96%	acc@10: 46.51%	acc@20: 77.17%	acc@30: 92.72%	
[2023-12-18 10:15:18] INFO (nni/MainThread) Intermediate result: 16.679027345404297  (Index 45)
*** Epoch: 23 ***
-----------------G2R RESULT-------------------

val result: krc:0.776 | lsd:0.645 | ed:0.961 | hr@1:0.642 | hr@2:0.872 | hr@3:0.915 | acc@1:0.642 | acc@2:0.592 | acc@3:0.556 | Best krc: 0.78 | Best epoch: 22
[2023-12-18 10:15:42] INFO (nni/MainThread) Intermediate result: 0.7756344133606923  (Index 46)
-----------------ETPA RESULT-------------------
Epoch 23: Validation	rmse: 16.63	mae: 13.25	mape: 92.84%	acc@10: 46.7%	acc@20: 77.25%	acc@30: 92.79%	
[2023-12-18 10:15:42] INFO (nni/MainThread) Intermediate result: 16.62606492184621  (Index 47)
*** Epoch: 24 ***
-----------------G2R RESULT-------------------

val result: krc:0.778 | lsd:0.64 | ed:0.961 | hr@1:0.648 | hr@2:0.871 | hr@3:0.915 | acc@1:0.648 | acc@2:0.594 | acc@3:0.557 | Best krc: 0.78 | Best epoch: 22
[2023-12-18 10:16:07] INFO (nni/MainThread) Intermediate result: 0.7784552651190166  (Index 48)
-----------------ETPA RESULT-------------------
Epoch 24: Validation	rmse: 16.56	mae: 13.2	mape: 92.49%	acc@10: 46.95%	acc@20: 77.39%	acc@30: 92.84%	
[2023-12-18 10:16:07] INFO (nni/MainThread) Intermediate result: 16.561993341003397  (Index 49)
*** Epoch: 25 ***
-----------------G2R RESULT-------------------

val result: krc:0.78 | lsd:0.646 | ed:0.963 | hr@1:0.642 | hr@2:0.869 | hr@3:0.915 | acc@1:0.642 | acc@2:0.588 | acc@3:0.552 | Best krc: 0.78 | Best epoch: 22
best model saved
[2023-12-18 10:16:32] INFO (nni/MainThread) Intermediate result: 0.7798884964166992  (Index 50)
-----------------ETPA RESULT-------------------
Epoch 25: Validation	rmse: 16.49	mae: 13.13	mape: 92.01%	acc@10: 47.17%	acc@20: 77.56%	acc@30: 92.95%	
[2023-12-18 10:16:32] INFO (nni/MainThread) Intermediate result: 16.48627715651489  (Index 51)
*** Epoch: 26 ***
-----------------G2R RESULT-------------------

val result: krc:0.775 | lsd:0.645 | ed:0.966 | hr@1:0.642 | hr@2:0.869 | hr@3:0.913 | acc@1:0.642 | acc@2:0.587 | acc@3:0.549 | Best krc: 0.78 | Best epoch: 25
[2023-12-18 10:16:57] INFO (nni/MainThread) Intermediate result: 0.774961244038638  (Index 52)
-----------------ETPA RESULT-------------------
Epoch 26: Validation	rmse: 16.41	mae: 13.08	mape: 91.6%	acc@10: 47.42%	acc@20: 77.75%	acc@30: 93.03%	
[2023-12-18 10:16:57] INFO (nni/MainThread) Intermediate result: 16.413983518974053  (Index 53)
*** Epoch: 27 ***
-----------------G2R RESULT-------------------

val result: krc:0.774 | lsd:0.674 | ed:0.989 | hr@1:0.633 | hr@2:0.869 | hr@3:0.913 | acc@1:0.633 | acc@2:0.58 | acc@3:0.541 | Best krc: 0.78 | Best epoch: 25
[2023-12-18 10:17:21] INFO (nni/MainThread) Intermediate result: 0.7735884850707763  (Index 54)
-----------------ETPA RESULT-------------------
Epoch 27: Validation	rmse: 16.32	mae: 13.0	mape: 90.93%	acc@10: 47.75%	acc@20: 78.04%	acc@30: 93.11%	
[2023-12-18 10:17:21] INFO (nni/MainThread) Intermediate result: 16.322152499775452  (Index 55)
*** Epoch: 28 ***
-----------------G2R RESULT-------------------

val result: krc:0.764 | lsd:0.681 | ed:0.997 | hr@1:0.638 | hr@2:0.859 | hr@3:0.908 | acc@1:0.638 | acc@2:0.578 | acc@3:0.539 | Best krc: 0.78 | Best epoch: 25
[2023-12-18 10:17:46] INFO (nni/MainThread) Intermediate result: 0.7636207618192751  (Index 56)
-----------------ETPA RESULT-------------------
Epoch 28: Validation	rmse: 16.24	mae: 12.93	mape: 90.3%	acc@10: 47.96%	acc@20: 78.28%	acc@30: 93.23%	
[2023-12-18 10:17:46] INFO (nni/MainThread) Intermediate result: 16.238177216521148  (Index 57)
*** Epoch: 29 ***
-----------------G2R RESULT-------------------

val result: krc:0.773 | lsd:0.656 | ed:0.962 | hr@1:0.636 | hr@2:0.867 | hr@3:0.914 | acc@1:0.636 | acc@2:0.584 | acc@3:0.55 | Best krc: 0.78 | Best epoch: 25
[2023-12-18 10:18:11] INFO (nni/MainThread) Intermediate result: 0.7731626555762978  (Index 58)
-----------------ETPA RESULT-------------------
Epoch 29: Validation	rmse: 16.18	mae: 12.89	mape: 90.1%	acc@10: 48.1%	acc@20: 78.43%	acc@30: 93.33%	
[2023-12-18 10:18:11] INFO (nni/MainThread) Intermediate result: 16.180649174501077  (Index 59)
*** Epoch: 30 ***
-----------------G2R RESULT-------------------

val result: krc:0.781 | lsd:0.646 | ed:0.953 | hr@1:0.646 | hr@2:0.87 | hr@3:0.914 | acc@1:0.646 | acc@2:0.594 | acc@3:0.558 | Best krc: 0.78 | Best epoch: 25
best model saved
[2023-12-18 10:18:37] INFO (nni/MainThread) Intermediate result: 0.780613994501183  (Index 60)
-----------------ETPA RESULT-------------------
Epoch 30: Validation	rmse: 16.1	mae: 12.81	mape: 89.36%	acc@10: 48.38%	acc@20: 78.66%	acc@30: 93.44%	
[2023-12-18 10:18:37] INFO (nni/MainThread) Intermediate result: 16.096046574614967  (Index 61)
*** Epoch: 31 ***
-----------------G2R RESULT-------------------

val result: krc:0.782 | lsd:0.64 | ed:0.948 | hr@1:0.651 | hr@2:0.869 | hr@3:0.914 | acc@1:0.651 | acc@2:0.596 | acc@3:0.56 | Best krc: 0.781 | Best epoch: 30
best model saved
[2023-12-18 10:19:03] INFO (nni/MainThread) Intermediate result: 0.7822234216899716  (Index 62)
-----------------ETPA RESULT-------------------
Epoch 31: Validation	rmse: 16.02	mae: 12.74	mape: 88.81%	acc@10: 48.62%	acc@20: 78.87%	acc@30: 93.55%	
[2023-12-18 10:19:03] INFO (nni/MainThread) Intermediate result: 16.01827275565204  (Index 63)
*** Epoch: 32 ***
-----------------G2R RESULT-------------------

val result: krc:0.775 | lsd:0.654 | ed:0.975 | hr@1:0.648 | hr@2:0.866 | hr@3:0.913 | acc@1:0.648 | acc@2:0.589 | acc@3:0.551 | Best krc: 0.782 | Best epoch: 31
[2023-12-18 10:19:28] INFO (nni/MainThread) Intermediate result: 0.7752645246217612  (Index 64)
-----------------ETPA RESULT-------------------
Epoch 32: Validation	rmse: 15.95	mae: 12.68	mape: 88.29%	acc@10: 48.83%	acc@20: 79.07%	acc@30: 93.66%	
[2023-12-18 10:19:28] INFO (nni/MainThread) Intermediate result: 15.948756884679689  (Index 65)
*** Epoch: 33 ***
-----------------G2R RESULT-------------------

val result: krc:0.772 | lsd:0.673 | ed:0.981 | hr@1:0.646 | hr@2:0.865 | hr@3:0.912 | acc@1:0.646 | acc@2:0.584 | acc@3:0.548 | Best krc: 0.782 | Best epoch: 31
[2023-12-18 10:19:53] INFO (nni/MainThread) Intermediate result: 0.7719946580812344  (Index 66)
-----------------ETPA RESULT-------------------
Epoch 33: Validation	rmse: 15.9	mae: 12.64	mape: 87.98%	acc@10: 48.97%	acc@20: 79.2%	acc@30: 93.74%	
[2023-12-18 10:19:53] INFO (nni/MainThread) Intermediate result: 15.899655618628517  (Index 67)
*** Epoch: 34 ***
-----------------G2R RESULT-------------------

val result: krc:0.783 | lsd:0.636 | ed:0.966 | hr@1:0.653 | hr@2:0.871 | hr@3:0.915 | acc@1:0.653 | acc@2:0.598 | acc@3:0.559 | Best krc: 0.782 | Best epoch: 31
best model saved
[2023-12-18 10:20:20] INFO (nni/MainThread) Intermediate result: 0.7826051248788459  (Index 68)
-----------------ETPA RESULT-------------------
Epoch 34: Validation	rmse: 15.84	mae: 12.59	mape: 87.45%	acc@10: 49.19%	acc@20: 79.38%	acc@30: 93.83%	
[2023-12-18 10:20:20] INFO (nni/MainThread) Intermediate result: 15.836681342156572  (Index 69)
*** Epoch: 35 ***
-----------------G2R RESULT-------------------

val result: krc:0.775 | lsd:0.642 | ed:0.969 | hr@1:0.652 | hr@2:0.869 | hr@3:0.911 | acc@1:0.652 | acc@2:0.594 | acc@3:0.552 | Best krc: 0.783 | Best epoch: 34
[2023-12-18 10:20:45] INFO (nni/MainThread) Intermediate result: 0.775448944001633  (Index 70)
-----------------ETPA RESULT-------------------
Epoch 35: Validation	rmse: 15.79	mae: 12.55	mape: 87.15%	acc@10: 49.29%	acc@20: 79.49%	acc@30: 93.9%	
[2023-12-18 10:20:45] INFO (nni/MainThread) Intermediate result: 15.79317167216332  (Index 71)
*** Epoch: 36 ***
-----------------G2R RESULT-------------------

val result: krc:0.775 | lsd:0.648 | ed:0.979 | hr@1:0.653 | hr@2:0.868 | hr@3:0.91 | acc@1:0.653 | acc@2:0.59 | acc@3:0.546 | Best krc: 0.783 | Best epoch: 34
[2023-12-18 10:21:10] INFO (nni/MainThread) Intermediate result: 0.7753807374183411  (Index 72)
-----------------ETPA RESULT-------------------
Epoch 36: Validation	rmse: 15.74	mae: 12.5	mape: 86.62%	acc@10: 49.47%	acc@20: 79.6%	acc@30: 93.97%	
[2023-12-18 10:21:10] INFO (nni/MainThread) Intermediate result: 15.739449663283095  (Index 73)
*** Epoch: 37 ***
-----------------G2R RESULT-------------------

val result: krc:0.787 | lsd:0.617 | ed:0.937 | hr@1:0.66 | hr@2:0.873 | hr@3:0.914 | acc@1:0.66 | acc@2:0.602 | acc@3:0.562 | Best krc: 0.783 | Best epoch: 34
best model saved
[2023-12-18 10:21:36] INFO (nni/MainThread) Intermediate result: 0.7869351850112671  (Index 74)
-----------------ETPA RESULT-------------------
Epoch 37: Validation	rmse: 15.69	mae: 12.45	mape: 86.19%	acc@10: 49.61%	acc@20: 79.73%	acc@30: 94.04%	
[2023-12-18 10:21:36] INFO (nni/MainThread) Intermediate result: 15.692485334693291  (Index 75)
*** Epoch: 38 ***
-----------------G2R RESULT-------------------

val result: krc:0.763 | lsd:0.668 | ed:1.008 | hr@1:0.648 | hr@2:0.864 | hr@3:0.906 | acc@1:0.648 | acc@2:0.588 | acc@3:0.541 | Best krc: 0.787 | Best epoch: 37
[2023-12-18 10:22:01] INFO (nni/MainThread) Intermediate result: 0.7633141067421784  (Index 76)
-----------------ETPA RESULT-------------------
Epoch 38: Validation	rmse: 15.65	mae: 12.43	mape: 86.09%	acc@10: 49.64%	acc@20: 79.78%	acc@30: 94.11%	
[2023-12-18 10:22:01] INFO (nni/MainThread) Intermediate result: 15.652080056465346  (Index 77)
*** Epoch: 39 ***
-----------------G2R RESULT-------------------

val result: krc:0.787 | lsd:0.632 | ed:0.934 | hr@1:0.655 | hr@2:0.869 | hr@3:0.912 | acc@1:0.655 | acc@2:0.604 | acc@3:0.564 | Best krc: 0.787 | Best epoch: 37
best model saved
[2023-12-18 10:22:27] INFO (nni/MainThread) Intermediate result: 0.7873172162984144  (Index 78)
-----------------ETPA RESULT-------------------
Epoch 39: Validation	rmse: 15.61	mae: 12.4	mape: 85.87%	acc@10: 49.75%	acc@20: 79.9%	acc@30: 94.17%	
[2023-12-18 10:22:27] INFO (nni/MainThread) Intermediate result: 15.613409635387018  (Index 79)
*** Epoch: 40 ***
-----------------G2R RESULT-------------------

val result: krc:0.773 | lsd:0.651 | ed:0.982 | hr@1:0.642 | hr@2:0.865 | hr@3:0.912 | acc@1:0.642 | acc@2:0.583 | acc@3:0.545 | Best krc: 0.787 | Best epoch: 39
[2023-12-18 10:22:51] INFO (nni/MainThread) Intermediate result: 0.7732296455427196  (Index 80)
-----------------ETPA RESULT-------------------
Epoch 40: Validation	rmse: 15.56	mae: 12.36	mape: 85.45%	acc@10: 49.88%	acc@20: 80.1%	acc@30: 94.24%	
[2023-12-18 10:22:51] INFO (nni/MainThread) Intermediate result: 15.559157519732844  (Index 81)
*** Epoch: 41 ***
-----------------G2R RESULT-------------------

val result: krc:0.778 | lsd:0.626 | ed:0.964 | hr@1:0.648 | hr@2:0.869 | hr@3:0.915 | acc@1:0.648 | acc@2:0.592 | acc@3:0.555 | Best krc: 0.787 | Best epoch: 39
[2023-12-18 10:23:16] INFO (nni/MainThread) Intermediate result: 0.7781165861620605  (Index 82)
-----------------ETPA RESULT-------------------
Epoch 41: Validation	rmse: 15.51	mae: 12.31	mape: 85.01%	acc@10: 49.99%	acc@20: 80.28%	acc@30: 94.28%	
[2023-12-18 10:23:16] INFO (nni/MainThread) Intermediate result: 15.511049044051795  (Index 83)
*** Epoch: 42 ***
-----------------G2R RESULT-------------------

val result: krc:0.784 | lsd:0.628 | ed:0.941 | hr@1:0.651 | hr@2:0.87 | hr@3:0.915 | acc@1:0.651 | acc@2:0.594 | acc@3:0.56 | Best krc: 0.787 | Best epoch: 39
[2023-12-18 10:23:41] INFO (nni/MainThread) Intermediate result: 0.7840048749449711  (Index 84)
-----------------ETPA RESULT-------------------
Epoch 42: Validation	rmse: 15.47	mae: 12.27	mape: 84.59%	acc@10: 50.12%	acc@20: 80.34%	acc@30: 94.34%	
[2023-12-18 10:23:41] INFO (nni/MainThread) Intermediate result: 15.466412580272497  (Index 85)
*** Epoch: 43 ***
-----------------G2R RESULT-------------------

val result: krc:0.788 | lsd:0.623 | ed:0.926 | hr@1:0.661 | hr@2:0.873 | hr@3:0.92 | acc@1:0.661 | acc@2:0.609 | acc@3:0.575 | Best krc: 0.787 | Best epoch: 39
best model saved
[2023-12-18 10:24:08] INFO (nni/MainThread) Intermediate result: 0.7878425407852605  (Index 86)
-----------------ETPA RESULT-------------------
Epoch 43: Validation	rmse: 15.43	mae: 12.24	mape: 84.28%	acc@10: 50.21%	acc@20: 80.41%	acc@30: 94.37%	
[2023-12-18 10:24:08] INFO (nni/MainThread) Intermediate result: 15.433116677088414  (Index 87)
*** Epoch: 44 ***
-----------------G2R RESULT-------------------

val result: krc:0.785 | lsd:0.655 | ed:0.931 | hr@1:0.654 | hr@2:0.869 | hr@3:0.914 | acc@1:0.654 | acc@2:0.602 | acc@3:0.567 | Best krc: 0.788 | Best epoch: 43
[2023-12-18 10:24:33] INFO (nni/MainThread) Intermediate result: 0.7850454609440182  (Index 88)
-----------------ETPA RESULT-------------------
Epoch 44: Validation	rmse: 15.41	mae: 12.23	mape: 84.25%	acc@10: 50.22%	acc@20: 80.48%	acc@30: 94.43%	
[2023-12-18 10:24:33] INFO (nni/MainThread) Intermediate result: 15.408872062142997  (Index 89)
*** Epoch: 45 ***
-----------------G2R RESULT-------------------

val result: krc:0.783 | lsd:0.62 | ed:0.949 | hr@1:0.656 | hr@2:0.873 | hr@3:0.918 | acc@1:0.656 | acc@2:0.603 | acc@3:0.566 | Best krc: 0.788 | Best epoch: 43
[2023-12-18 10:24:59] INFO (nni/MainThread) Intermediate result: 0.7829151049439635  (Index 90)
-----------------ETPA RESULT-------------------
Epoch 45: Validation	rmse: 15.38	mae: 12.2	mape: 83.99%	acc@10: 50.35%	acc@20: 80.53%	acc@30: 94.46%	
[2023-12-18 10:24:59] INFO (nni/MainThread) Intermediate result: 15.382678969623557  (Index 91)
*** Epoch: 46 ***
-----------------G2R RESULT-------------------

val result: krc:0.782 | lsd:0.646 | ed:0.941 | hr@1:0.653 | hr@2:0.867 | hr@3:0.914 | acc@1:0.653 | acc@2:0.599 | acc@3:0.561 | Best krc: 0.788 | Best epoch: 43
[2023-12-18 10:25:26] INFO (nni/MainThread) Intermediate result: 0.7819979554041644  (Index 92)
-----------------ETPA RESULT-------------------
Epoch 46: Validation	rmse: 15.35	mae: 12.17	mape: 83.74%	acc@10: 50.49%	acc@20: 80.64%	acc@30: 94.49%	
[2023-12-18 10:25:26] INFO (nni/MainThread) Intermediate result: 15.349627640115058  (Index 93)
*** Epoch: 47 ***
-----------------G2R RESULT-------------------

val result: krc:0.786 | lsd:0.662 | ed:0.927 | hr@1:0.659 | hr@2:0.867 | hr@3:0.915 | acc@1:0.659 | acc@2:0.605 | acc@3:0.57 | Best krc: 0.788 | Best epoch: 43
[2023-12-18 10:25:51] INFO (nni/MainThread) Intermediate result: 0.786366708483018  (Index 94)
-----------------ETPA RESULT-------------------
Epoch 47: Validation	rmse: 15.32	mae: 12.14	mape: 83.39%	acc@10: 50.62%	acc@20: 80.71%	acc@30: 94.51%	
[2023-12-18 10:25:51] INFO (nni/MainThread) Intermediate result: 15.318021999496597  (Index 95)
*** Epoch: 48 ***
-----------------G2R RESULT-------------------

val result: krc:0.79 | lsd:0.651 | ed:0.921 | hr@1:0.662 | hr@2:0.868 | hr@3:0.917 | acc@1:0.662 | acc@2:0.607 | acc@3:0.572 | Best krc: 0.788 | Best epoch: 43
best model saved
[2023-12-18 10:26:17] INFO (nni/MainThread) Intermediate result: 0.7897715062472387  (Index 96)
-----------------ETPA RESULT-------------------
Epoch 48: Validation	rmse: 15.29	mae: 12.11	mape: 83.04%	acc@10: 50.7%	acc@20: 80.77%	acc@30: 94.55%	
[2023-12-18 10:26:17] INFO (nni/MainThread) Intermediate result: 15.286707182898528  (Index 97)
*** Epoch: 49 ***
-----------------G2R RESULT-------------------

val result: krc:0.786 | lsd:0.63 | ed:0.931 | hr@1:0.662 | hr@2:0.868 | hr@3:0.919 | acc@1:0.662 | acc@2:0.606 | acc@3:0.572 | Best krc: 0.79 | Best epoch: 48
[2023-12-18 10:26:42] INFO (nni/MainThread) Intermediate result: 0.7862773269419531  (Index 98)
-----------------ETPA RESULT-------------------
Epoch 49: Validation	rmse: 15.26	mae: 12.08	mape: 82.7%	acc@10: 50.82%	acc@20: 80.84%	acc@30: 94.58%	
[2023-12-18 10:26:42] INFO (nni/MainThread) Intermediate result: 15.25535095334097  (Index 99)
*** Epoch: 50 ***
-----------------G2R RESULT-------------------

val result: krc:0.786 | lsd:0.624 | ed:0.938 | hr@1:0.655 | hr@2:0.869 | hr@3:0.916 | acc@1:0.655 | acc@2:0.598 | acc@3:0.561 | Best krc: 0.79 | Best epoch: 48
[2023-12-18 10:27:08] INFO (nni/MainThread) Intermediate result: 0.7862072766663933  (Index 100)
-----------------ETPA RESULT-------------------
Epoch 50: Validation	rmse: 15.23	mae: 12.05	mape: 82.27%	acc@10: 50.97%	acc@20: 80.94%	acc@30: 94.59%	
[2023-12-18 10:27:08] INFO (nni/MainThread) Intermediate result: 15.226673614649025  (Index 101)
*** Epoch: 51 ***
-----------------G2R RESULT-------------------

val result: krc:0.769 | lsd:0.672 | ed:0.985 | hr@1:0.643 | hr@2:0.868 | hr@3:0.914 | acc@1:0.643 | acc@2:0.583 | acc@3:0.544 | Best krc: 0.79 | Best epoch: 48
[2023-12-18 10:27:33] INFO (nni/MainThread) Intermediate result: 0.7694746921769222  (Index 102)
-----------------ETPA RESULT-------------------
Epoch 51: Validation	rmse: 15.2	mae: 12.03	mape: 82.09%	acc@10: 51.0%	acc@20: 81.05%	acc@30: 94.62%	
[2023-12-18 10:27:34] INFO (nni/MainThread) Intermediate result: 15.203678958249919  (Index 103)
*** Epoch: 52 ***
-----------------G2R RESULT-------------------

val result: krc:0.776 | lsd:0.647 | ed:0.968 | hr@1:0.648 | hr@2:0.866 | hr@3:0.913 | acc@1:0.648 | acc@2:0.59 | acc@3:0.553 | Best krc: 0.79 | Best epoch: 48
[2023-12-18 10:27:59] INFO (nni/MainThread) Intermediate result: 0.7760603353957093  (Index 104)
-----------------ETPA RESULT-------------------
Epoch 52: Validation	rmse: 15.18	mae: 12.0	mape: 81.89%	acc@10: 51.12%	acc@20: 81.11%	acc@30: 94.67%	
[2023-12-18 10:27:59] INFO (nni/MainThread) Intermediate result: 15.17637228923776  (Index 105)
*** Epoch: 53 ***
-----------------G2R RESULT-------------------

val result: krc:0.78 | lsd:0.638 | ed:0.951 | hr@1:0.652 | hr@2:0.869 | hr@3:0.915 | acc@1:0.652 | acc@2:0.595 | acc@3:0.557 | Best krc: 0.79 | Best epoch: 48
[2023-12-18 10:28:25] INFO (nni/MainThread) Intermediate result: 0.7796310120752621  (Index 106)
-----------------ETPA RESULT-------------------
Epoch 53: Validation	rmse: 15.15	mae: 11.98	mape: 81.66%	acc@10: 51.21%	acc@20: 81.19%	acc@30: 94.69%	
[2023-12-18 10:28:25] INFO (nni/MainThread) Intermediate result: 15.145843402848195  (Index 107)
*** Epoch: 54 ***
-----------------G2R RESULT-------------------

val result: krc:0.789 | lsd:0.62 | ed:0.92 | hr@1:0.658 | hr@2:0.871 | hr@3:0.919 | acc@1:0.658 | acc@2:0.603 | acc@3:0.571 | Best krc: 0.79 | Best epoch: 48
[2023-12-18 10:28:50] INFO (nni/MainThread) Intermediate result: 0.7891807792201322  (Index 108)
-----------------ETPA RESULT-------------------
Epoch 54: Validation	rmse: 15.12	mae: 11.95	mape: 81.45%	acc@10: 51.26%	acc@20: 81.27%	acc@30: 94.73%	
[2023-12-18 10:28:50] INFO (nni/MainThread) Intermediate result: 15.117029289071187  (Index 109)
*** Epoch: 55 ***
-----------------G2R RESULT-------------------

val result: krc:0.788 | lsd:0.626 | ed:0.922 | hr@1:0.662 | hr@2:0.868 | hr@3:0.913 | acc@1:0.662 | acc@2:0.61 | acc@3:0.571 | Best krc: 0.79 | Best epoch: 48
[2023-12-18 10:29:17] INFO (nni/MainThread) Intermediate result: 0.7883968531104518  (Index 110)
-----------------ETPA RESULT-------------------
Epoch 55: Validation	rmse: 15.09	mae: 11.93	mape: 81.24%	acc@10: 51.34%	acc@20: 81.38%	acc@30: 94.76%	
[2023-12-18 10:29:17] INFO (nni/MainThread) Intermediate result: 15.089010620794081  (Index 111)
*** Epoch: 56 ***
-----------------G2R RESULT-------------------

val result: krc:0.795 | lsd:0.598 | ed:0.917 | hr@1:0.669 | hr@2:0.874 | hr@3:0.921 | acc@1:0.669 | acc@2:0.61 | acc@3:0.578 | Best krc: 0.79 | Best epoch: 48
best model saved
[2023-12-18 10:29:44] INFO (nni/MainThread) Intermediate result: 0.7945852282100643  (Index 112)
-----------------ETPA RESULT-------------------
Epoch 56: Validation	rmse: 15.07	mae: 11.91	mape: 81.1%	acc@10: 51.42%	acc@20: 81.43%	acc@30: 94.8%	
[2023-12-18 10:29:44] INFO (nni/MainThread) Intermediate result: 15.066424478498247  (Index 113)
*** Epoch: 57 ***
-----------------G2R RESULT-------------------

val result: krc:0.785 | lsd:0.64 | ed:0.94 | hr@1:0.665 | hr@2:0.868 | hr@3:0.912 | acc@1:0.665 | acc@2:0.603 | acc@3:0.561 | Best krc: 0.795 | Best epoch: 56
[2023-12-18 10:30:10] INFO (nni/MainThread) Intermediate result: 0.7846896920792854  (Index 114)
-----------------ETPA RESULT-------------------
Epoch 57: Validation	rmse: 15.04	mae: 11.89	mape: 80.85%	acc@10: 51.49%	acc@20: 81.5%	acc@30: 94.8%	
[2023-12-18 10:30:10] INFO (nni/MainThread) Intermediate result: 15.043226889677891  (Index 115)
*** Epoch: 58 ***
-----------------G2R RESULT-------------------

val result: krc:0.786 | lsd:0.612 | ed:0.935 | hr@1:0.663 | hr@2:0.87 | hr@3:0.916 | acc@1:0.663 | acc@2:0.602 | acc@3:0.57 | Best krc: 0.795 | Best epoch: 56
[2023-12-18 10:30:36] INFO (nni/MainThread) Intermediate result: 0.78561333725304  (Index 116)
-----------------ETPA RESULT-------------------
Epoch 58: Validation	rmse: 15.03	mae: 11.87	mape: 80.7%	acc@10: 51.52%	acc@20: 81.54%	acc@30: 94.82%	
[2023-12-18 10:30:36] INFO (nni/MainThread) Intermediate result: 15.025305896924205  (Index 117)
*** Epoch: 59 ***
-----------------G2R RESULT-------------------

val result: krc:0.778 | lsd:0.677 | ed:0.958 | hr@1:0.659 | hr@2:0.867 | hr@3:0.911 | acc@1:0.659 | acc@2:0.599 | acc@3:0.561 | Best krc: 0.795 | Best epoch: 56
[2023-12-18 10:31:02] INFO (nni/MainThread) Intermediate result: 0.7776440858207364  (Index 118)
-----------------ETPA RESULT-------------------
Epoch 59: Validation	rmse: 15.01	mae: 11.85	mape: 80.49%	acc@10: 51.6%	acc@20: 81.59%	acc@30: 94.83%	
[2023-12-18 10:31:02] INFO (nni/MainThread) Intermediate result: 15.006583312217986  (Index 119)
*** Epoch: 60 ***
-----------------G2R RESULT-------------------

val result: krc:0.772 | lsd:0.678 | ed:0.968 | hr@1:0.656 | hr@2:0.861 | hr@3:0.906 | acc@1:0.656 | acc@2:0.592 | acc@3:0.549 | Best krc: 0.795 | Best epoch: 56
[2023-12-18 10:31:28] INFO (nni/MainThread) Intermediate result: 0.7719016677827347  (Index 120)
-----------------ETPA RESULT-------------------
Epoch 60: Validation	rmse: 14.99	mae: 11.83	mape: 80.25%	acc@10: 51.7%	acc@20: 81.65%	acc@30: 94.84%	
[2023-12-18 10:31:28] INFO (nni/MainThread) Intermediate result: 14.985052801749152  (Index 121)
*** Epoch: 61 ***
-----------------G2R RESULT-------------------

val result: krc:0.781 | lsd:0.624 | ed:0.945 | hr@1:0.653 | hr@2:0.87 | hr@3:0.915 | acc@1:0.653 | acc@2:0.598 | acc@3:0.558 | Best krc: 0.795 | Best epoch: 56
[2023-12-18 10:31:55] INFO (nni/MainThread) Intermediate result: 0.7809413861009838  (Index 122)
-----------------ETPA RESULT-------------------
Epoch 61: Validation	rmse: 14.97	mae: 11.81	mape: 80.08%	acc@10: 51.77%	acc@20: 81.71%	acc@30: 94.86%	
[2023-12-18 10:31:55] INFO (nni/MainThread) Intermediate result: 14.96509547885065  (Index 123)
*** Epoch: 62 ***
-----------------G2R RESULT-------------------

val result: krc:0.789 | lsd:0.614 | ed:0.924 | hr@1:0.656 | hr@2:0.873 | hr@3:0.916 | acc@1:0.656 | acc@2:0.602 | acc@3:0.568 | Best krc: 0.795 | Best epoch: 56
[2023-12-18 10:32:20] INFO (nni/MainThread) Intermediate result: 0.7887116689040606  (Index 124)
-----------------ETPA RESULT-------------------
Epoch 62: Validation	rmse: 14.96	mae: 11.8	mape: 79.99%	acc@10: 51.85%	acc@20: 81.73%	acc@30: 94.86%	
[2023-12-18 10:32:20] INFO (nni/MainThread) Intermediate result: 14.958575225460569  (Index 125)
*** Epoch: 63 ***
-----------------G2R RESULT-------------------

val result: krc:0.782 | lsd:0.628 | ed:0.954 | hr@1:0.651 | hr@2:0.87 | hr@3:0.915 | acc@1:0.651 | acc@2:0.596 | acc@3:0.556 | Best krc: 0.795 | Best epoch: 56
[2023-12-18 10:32:49] INFO (nni/MainThread) Intermediate result: 0.7824212888926486  (Index 126)
-----------------ETPA RESULT-------------------
Epoch 63: Validation	rmse: 14.94	mae: 11.79	mape: 79.92%	acc@10: 51.85%	acc@20: 81.79%	acc@30: 94.89%	
[2023-12-18 10:32:49] INFO (nni/MainThread) Intermediate result: 14.944862370691332  (Index 127)
*** Epoch: 64 ***
-----------------G2R RESULT-------------------

val result: krc:0.788 | lsd:0.626 | ed:0.94 | hr@1:0.655 | hr@2:0.874 | hr@3:0.917 | acc@1:0.655 | acc@2:0.599 | acc@3:0.561 | Best krc: 0.795 | Best epoch: 56
[2023-12-18 10:33:15] INFO (nni/MainThread) Intermediate result: 0.7879411540539657  (Index 128)
-----------------ETPA RESULT-------------------
Epoch 64: Validation	rmse: 14.93	mae: 11.78	mape: 79.87%	acc@10: 51.91%	acc@20: 81.82%	acc@30: 94.91%	
[2023-12-18 10:33:15] INFO (nni/MainThread) Intermediate result: 14.932244890362902  (Index 129)
*** Epoch: 65 ***
-----------------G2R RESULT-------------------

val result: krc:0.792 | lsd:0.64 | ed:0.927 | hr@1:0.658 | hr@2:0.873 | hr@3:0.918 | acc@1:0.658 | acc@2:0.603 | acc@3:0.567 | Best krc: 0.795 | Best epoch: 56
[2023-12-18 10:33:41] INFO (nni/MainThread) Intermediate result: 0.7915959164319462  (Index 130)
-----------------ETPA RESULT-------------------
Epoch 65: Validation	rmse: 14.93	mae: 11.78	mape: 79.87%	acc@10: 51.94%	acc@20: 81.84%	acc@30: 94.93%	
[2023-12-18 10:33:41] INFO (nni/MainThread) Intermediate result: 14.928465348449803  (Index 131)
*** Epoch: 66 ***
-----------------G2R RESULT-------------------

val result: krc:0.766 | lsd:0.685 | ed:1.013 | hr@1:0.64 | hr@2:0.864 | hr@3:0.911 | acc@1:0.64 | acc@2:0.581 | acc@3:0.541 | Best krc: 0.795 | Best epoch: 56
[2023-12-18 10:34:07] INFO (nni/MainThread) Intermediate result: 0.7659297954794239  (Index 132)
-----------------ETPA RESULT-------------------
Epoch 66: Validation	rmse: 14.91	mae: 11.76	mape: 79.64%	acc@10: 52.02%	acc@20: 81.88%	acc@30: 94.96%	
[2023-12-18 10:34:08] INFO (nni/MainThread) Intermediate result: 14.905756571313486  (Index 133)
loaded model path: /home/sentanoe/joint_training/data/dataset/food_pd/sort_model/hidden_size-8.gcnru-pd_1702890358.07125951702890358.0712755
best model loaded !!!
krc:0.787 | lsd:0.459 | ed:0.934 | hr@1:0.679 | hr@2:0.907 | hr@3:0.943 | acc@1:0.679 | acc@2:0.625 | acc@3:0.578 |

-------------------------------------------------------------
Best epoch for G2R:  56
Best epoch for ETPA:  66
graph2route_pd Evaluation in test: krc:0.787 | lsd:0.459 | ed:0.934 | hr@1:0.679 | hr@2:0.907 | hr@3:0.943 | acc@1:0.679 | acc@2:0.625 | acc@3:0.578 |
RankPETA Evaluation in test: rmse: 11.41	mae: 8.83	mape: 69.64%	acc@10: 68.35%	acc@20: 93.25%	acc@30: 98.31%	
