Device:  cuda
{'alpha_loss': 0.5,
 'batch_size': 64,
 'dataset': 'food_pd',
 'datatype': 'order',
 'device': device(type='cuda'),
 'early_stop': 10,
 'edge_fea_dim': 5,
 'embedding_dim': 64,
 'eval_end_1': 11,
 'eval_end_2': 25,
 'eval_start': 1,
 'gcn_num_layers': 2,
 'hidden_size': 8,
 'is_eval': False,
 'is_test': False,
 'k_min_nodes': 3,
 'k_nearest_neighbors': 'n-1',
 'lr': 0.0005,
 'max_task_num': 25,
 'min_task_num': 0,
 'modelArrivalTime': 'RankPETA',
 'modelRoute': 'graph2route_pd',
 'no_cuda': False,
 'node_fea_dim': 8,
 'node_features_test': '/home/sentanoe/joint_training/data/dataset/food_pd/node_features_test_full.npy',
 'node_features_train': '/home/sentanoe/joint_training/data/dataset/food_pd/node_features_train_full.npy',
 'node_features_val': '/home/sentanoe/joint_training/data/dataset/food_pd/node_features_val_full.npy',
 'num_block': 2,
 'num_epoch': 1000,
 'num_head': 4,
 'num_worker_logistics': 2346,
 'num_worker_pd': 920,
 'pad_value': 26,
 'seed': 9999,
 'sort_mode': 'pnn_order',
 'spatial_encoder': 'gcn',
 'temporal_encoder': 'tft',
 'test_path': '/home/sentanoe/joint_training/data/dataset/food_pd/test_full.npy',
 'train_mode': 'sort',
 'train_path': '/home/sentanoe/joint_training/data/dataset/food_pd/train_full.npy',
 'val_path': '/home/sentanoe/joint_training/data/dataset/food_pd/val_full.npy',
 'wd': 1e-05,
 'worker_emb_dim': 10,
 'workers': 2}
last_x_size:13;unpick_x_size:12;input_size:53
#train:2521 | #val:1257 | #test:1261
*** Epoch: 0 ***
-----------------G2R RESULT-------------------

val result: krc:0.62 | lsd:1.267 | ed:1.418 | hr@1:0.6 | hr@2:0.75 | hr@3:0.838 | acc@1:0.6 | acc@2:0.464 | acc@3:0.423 | Best krc: -1 | Best epoch: -1
best model saved
[2023-12-06 11:10:02] INFO (nni/MainThread) Intermediate result: 0.6203715117576071  (Index 0)
-----------------ETPA RESULT-------------------
Epoch 0: Validation	rmse: 25.96	mae: 20.4	mape: 64.69%	acc@10: 31.85%	acc@20: 57.41%	acc@30: 75.93%	
[2023-12-06 11:10:02] INFO (nni/MainThread) Intermediate result: 25.9647364997973  (Index 1)
*** Epoch: 1 ***
-----------------G2R RESULT-------------------

val result: krc:0.723 | lsd:0.851 | ed:1.135 | hr@1:0.64 | hr@2:0.831 | hr@3:0.89 | acc@1:0.64 | acc@2:0.551 | acc@3:0.504 | Best krc: 0.62 | Best epoch: 0
best model saved
[2023-12-06 11:11:40] INFO (nni/MainThread) Intermediate result: 0.7233553319342564  (Index 2)
-----------------ETPA RESULT-------------------
Epoch 1: Validation	rmse: 24.03	mae: 18.67	mape: 77.9%	acc@10: 35.19%	acc@20: 63.52%	acc@30: 80.0%	
[2023-12-06 11:11:40] INFO (nni/MainThread) Intermediate result: 24.02531489163457  (Index 3)
*** Epoch: 2 ***
-----------------G2R RESULT-------------------

val result: krc:0.765 | lsd:0.73 | ed:1.01 | hr@1:0.659 | hr@2:0.853 | hr@3:0.906 | acc@1:0.659 | acc@2:0.587 | acc@3:0.553 | Best krc: 0.723 | Best epoch: 1
best model saved
[2023-12-06 11:13:18] INFO (nni/MainThread) Intermediate result: 0.764515231485061  (Index 4)
-----------------ETPA RESULT-------------------
Epoch 2: Validation	rmse: 23.91	mae: 18.42	mape: 90.71%	acc@10: 35.56%	acc@20: 65.56%	acc@30: 80.99%	
[2023-12-06 11:13:18] INFO (nni/MainThread) Intermediate result: 23.910632419259244  (Index 5)
*** Epoch: 3 ***
-----------------G2R RESULT-------------------

val result: krc:0.779 | lsd:0.703 | ed:0.971 | hr@1:0.674 | hr@2:0.859 | hr@3:0.909 | acc@1:0.674 | acc@2:0.604 | acc@3:0.571 | Best krc: 0.765 | Best epoch: 2
best model saved
[2023-12-06 11:14:55] INFO (nni/MainThread) Intermediate result: 0.7787907145406052  (Index 6)
-----------------ETPA RESULT-------------------
Epoch 3: Validation	rmse: 23.24	mae: 17.92	mape: 95.87%	acc@10: 36.11%	acc@20: 67.13%	acc@30: 82.04%	
[2023-12-06 11:14:55] INFO (nni/MainThread) Intermediate result: 23.23646650534519  (Index 7)
*** Epoch: 4 ***
-----------------G2R RESULT-------------------

val result: krc:0.784 | lsd:0.682 | ed:0.962 | hr@1:0.677 | hr@2:0.86 | hr@3:0.912 | acc@1:0.677 | acc@2:0.604 | acc@3:0.571 | Best krc: 0.779 | Best epoch: 3
best model saved
[2023-12-06 11:16:34] INFO (nni/MainThread) Intermediate result: 0.7835998699837791  (Index 8)
-----------------ETPA RESULT-------------------
Epoch 4: Validation	rmse: 22.78	mae: 17.59	mape: 100.01%	acc@10: 36.52%	acc@20: 68.15%	acc@30: 82.96%	
[2023-12-06 11:16:34] INFO (nni/MainThread) Intermediate result: 22.778523308633034  (Index 9)
*** Epoch: 5 ***
-----------------G2R RESULT-------------------

val result: krc:0.797 | lsd:0.668 | ed:0.934 | hr@1:0.704 | hr@2:0.86 | hr@3:0.913 | acc@1:0.704 | acc@2:0.627 | acc@3:0.591 | Best krc: 0.784 | Best epoch: 4
best model saved
[2023-12-06 11:18:12] INFO (nni/MainThread) Intermediate result: 0.797000222081114  (Index 10)
-----------------ETPA RESULT-------------------
Epoch 5: Validation	rmse: 22.25	mae: 17.21	mape: 101.06%	acc@10: 37.47%	acc@20: 68.21%	acc@30: 83.58%	
[2023-12-06 11:18:12] INFO (nni/MainThread) Intermediate result: 22.25007071861865  (Index 11)
*** Epoch: 6 ***
-----------------G2R RESULT-------------------

val result: krc:0.796 | lsd:0.655 | ed:0.922 | hr@1:0.702 | hr@2:0.866 | hr@3:0.915 | acc@1:0.702 | acc@2:0.625 | acc@3:0.593 | Best krc: 0.797 | Best epoch: 5
[2023-12-06 11:19:49] INFO (nni/MainThread) Intermediate result: 0.7956857096166233  (Index 12)
-----------------ETPA RESULT-------------------
Epoch 6: Validation	rmse: 21.84	mae: 16.97	mape: 103.43%	acc@10: 37.46%	acc@20: 68.68%	acc@30: 84.02%	
[2023-12-06 11:19:49] INFO (nni/MainThread) Intermediate result: 21.83613272161977  (Index 13)
*** Epoch: 7 ***
-----------------G2R RESULT-------------------

val result: krc:0.803 | lsd:0.652 | ed:0.906 | hr@1:0.723 | hr@2:0.865 | hr@3:0.918 | acc@1:0.723 | acc@2:0.641 | acc@3:0.606 | Best krc: 0.797 | Best epoch: 5
best model saved
[2023-12-06 11:21:31] INFO (nni/MainThread) Intermediate result: 0.8026919327575207  (Index 14)
-----------------ETPA RESULT-------------------
Epoch 7: Validation	rmse: 21.39	mae: 16.72	mape: 104.82%	acc@10: 37.73%	acc@20: 68.8%	acc@30: 84.91%	
[2023-12-06 11:21:31] INFO (nni/MainThread) Intermediate result: 21.388435861081877  (Index 15)
*** Epoch: 8 ***
-----------------G2R RESULT-------------------

val result: krc:0.808 | lsd:0.624 | ed:0.894 | hr@1:0.723 | hr@2:0.871 | hr@3:0.922 | acc@1:0.723 | acc@2:0.644 | acc@3:0.612 | Best krc: 0.803 | Best epoch: 7
best model saved
[2023-12-06 11:23:10] INFO (nni/MainThread) Intermediate result: 0.807919185383112  (Index 16)
-----------------ETPA RESULT-------------------
Epoch 8: Validation	rmse: 21.09	mae: 16.56	mape: 106.36%	acc@10: 38.02%	acc@20: 69.05%	acc@30: 85.35%	
[2023-12-06 11:23:10] INFO (nni/MainThread) Intermediate result: 21.089148421242346  (Index 17)
*** Epoch: 9 ***
-----------------G2R RESULT-------------------

val result: krc:0.809 | lsd:0.622 | ed:0.887 | hr@1:0.729 | hr@2:0.873 | hr@3:0.924 | acc@1:0.729 | acc@2:0.645 | acc@3:0.613 | Best krc: 0.808 | Best epoch: 8
best model saved
[2023-12-06 11:24:48] INFO (nni/MainThread) Intermediate result: 0.8091908946128447  (Index 18)
-----------------ETPA RESULT-------------------
Epoch 9: Validation	rmse: 20.78	mae: 16.37	mape: 107.01%	acc@10: 38.11%	acc@20: 69.52%	acc@30: 85.85%	
[2023-12-06 11:24:48] INFO (nni/MainThread) Intermediate result: 20.780817133206593  (Index 19)
*** Epoch: 10 ***
-----------------G2R RESULT-------------------

val result: krc:0.812 | lsd:0.616 | ed:0.868 | hr@1:0.728 | hr@2:0.871 | hr@3:0.923 | acc@1:0.728 | acc@2:0.651 | acc@3:0.617 | Best krc: 0.809 | Best epoch: 9
best model saved
[2023-12-06 11:26:26] INFO (nni/MainThread) Intermediate result: 0.8119641032015321  (Index 20)
-----------------ETPA RESULT-------------------
Epoch 10: Validation	rmse: 20.78	mae: 16.41	mape: 109.4%	acc@10: 37.71%	acc@20: 69.19%	acc@30: 85.96%	
[2023-12-06 11:26:26] INFO (nni/MainThread) Intermediate result: 20.777574172299428  (Index 21)
*** Epoch: 11 ***
-----------------G2R RESULT-------------------

val result: krc:0.815 | lsd:0.588 | ed:0.859 | hr@1:0.718 | hr@2:0.876 | hr@3:0.926 | acc@1:0.718 | acc@2:0.648 | acc@3:0.616 | Best krc: 0.812 | Best epoch: 10
best model saved
[2023-12-06 11:28:05] INFO (nni/MainThread) Intermediate result: 0.814666874203385  (Index 22)
-----------------ETPA RESULT-------------------
Epoch 11: Validation	rmse: 20.6	mae: 16.31	mape: 110.36%	acc@10: 37.72%	acc@20: 69.44%	acc@30: 86.33%	
[2023-12-06 11:28:05] INFO (nni/MainThread) Intermediate result: 20.595568103290155  (Index 23)
*** Epoch: 12 ***
-----------------G2R RESULT-------------------

val result: krc:0.818 | lsd:0.572 | ed:0.852 | hr@1:0.739 | hr@2:0.877 | hr@3:0.928 | acc@1:0.739 | acc@2:0.662 | acc@3:0.629 | Best krc: 0.815 | Best epoch: 11
best model saved
[2023-12-06 11:29:44] INFO (nni/MainThread) Intermediate result: 0.8175443057646817  (Index 24)
-----------------ETPA RESULT-------------------
Epoch 12: Validation	rmse: 20.34	mae: 16.13	mape: 110.51%	acc@10: 38.03%	acc@20: 69.77%	acc@30: 86.72%	
[2023-12-06 11:29:44] INFO (nni/MainThread) Intermediate result: 20.338277472319838  (Index 25)
*** Epoch: 13 ***
-----------------G2R RESULT-------------------

val result: krc:0.818 | lsd:0.582 | ed:0.855 | hr@1:0.733 | hr@2:0.879 | hr@3:0.928 | acc@1:0.733 | acc@2:0.657 | acc@3:0.627 | Best krc: 0.818 | Best epoch: 12
best model saved
[2023-12-06 11:31:22] INFO (nni/MainThread) Intermediate result: 0.818000194108633  (Index 26)
-----------------ETPA RESULT-------------------
Epoch 13: Validation	rmse: 20.21	mae: 16.05	mape: 110.99%	acc@10: 38.02%	acc@20: 69.97%	acc@30: 86.88%	
[2023-12-06 11:31:22] INFO (nni/MainThread) Intermediate result: 20.21252871158442  (Index 27)
*** Epoch: 14 ***
-----------------G2R RESULT-------------------

val result: krc:0.816 | lsd:0.602 | ed:0.867 | hr@1:0.728 | hr@2:0.878 | hr@3:0.926 | acc@1:0.728 | acc@2:0.652 | acc@3:0.621 | Best krc: 0.818 | Best epoch: 13
[2023-12-06 11:33:01] INFO (nni/MainThread) Intermediate result: 0.8159471838789724  (Index 28)
-----------------ETPA RESULT-------------------
Epoch 14: Validation	rmse: 20.02	mae: 15.91	mape: 110.93%	acc@10: 38.25%	acc@20: 70.25%	acc@30: 87.23%	
[2023-12-06 11:33:01] INFO (nni/MainThread) Intermediate result: 20.017681092969504  (Index 29)
*** Epoch: 15 ***
-----------------G2R RESULT-------------------

val result: krc:0.824 | lsd:0.575 | ed:0.841 | hr@1:0.754 | hr@2:0.878 | hr@3:0.928 | acc@1:0.754 | acc@2:0.671 | acc@3:0.636 | Best krc: 0.818 | Best epoch: 13
best model saved
[2023-12-06 11:34:38] INFO (nni/MainThread) Intermediate result: 0.8240394527495534  (Index 30)
-----------------ETPA RESULT-------------------
Epoch 15: Validation	rmse: 19.78	mae: 15.74	mape: 110.5%	acc@10: 38.52%	acc@20: 70.53%	acc@30: 87.71%	
[2023-12-06 11:34:38] INFO (nni/MainThread) Intermediate result: 19.782222856230156  (Index 31)
*** Epoch: 16 ***
-----------------G2R RESULT-------------------

val result: krc:0.822 | lsd:0.562 | ed:0.839 | hr@1:0.735 | hr@2:0.884 | hr@3:0.929 | acc@1:0.735 | acc@2:0.662 | acc@3:0.631 | Best krc: 0.824 | Best epoch: 15
[2023-12-06 11:36:15] INFO (nni/MainThread) Intermediate result: 0.822219685123052  (Index 32)
-----------------ETPA RESULT-------------------
Epoch 16: Validation	rmse: 19.74	mae: 15.72	mape: 111.16%	acc@10: 38.39%	acc@20: 70.48%	acc@30: 87.71%	
[2023-12-06 11:36:15] INFO (nni/MainThread) Intermediate result: 19.74251223353562  (Index 33)
*** Epoch: 17 ***
-----------------G2R RESULT-------------------

val result: krc:0.824 | lsd:0.564 | ed:0.848 | hr@1:0.729 | hr@2:0.883 | hr@3:0.928 | acc@1:0.729 | acc@2:0.659 | acc@3:0.628 | Best krc: 0.824 | Best epoch: 15
[2023-12-06 11:37:53] INFO (nni/MainThread) Intermediate result: 0.8235131381436586  (Index 34)
-----------------ETPA RESULT-------------------
Epoch 17: Validation	rmse: 19.73	mae: 15.75	mape: 112.06%	acc@10: 38.05%	acc@20: 70.31%	acc@30: 87.74%	
[2023-12-06 11:37:53] INFO (nni/MainThread) Intermediate result: 19.729139661172425  (Index 35)
*** Epoch: 18 ***
-----------------G2R RESULT-------------------

val result: krc:0.818 | lsd:0.579 | ed:0.865 | hr@1:0.725 | hr@2:0.883 | hr@3:0.926 | acc@1:0.725 | acc@2:0.657 | acc@3:0.625 | Best krc: 0.824 | Best epoch: 15
[2023-12-06 11:39:31] INFO (nni/MainThread) Intermediate result: 0.8177418474576322  (Index 36)
-----------------ETPA RESULT-------------------
Epoch 18: Validation	rmse: 19.65	mae: 15.7	mape: 112.18%	acc@10: 37.97%	acc@20: 70.29%	acc@30: 87.89%	
[2023-12-06 11:39:31] INFO (nni/MainThread) Intermediate result: 19.645025708877068  (Index 37)
*** Epoch: 19 ***
-----------------G2R RESULT-------------------

val result: krc:0.822 | lsd:0.598 | ed:0.85 | hr@1:0.736 | hr@2:0.883 | hr@3:0.925 | acc@1:0.736 | acc@2:0.666 | acc@3:0.627 | Best krc: 0.824 | Best epoch: 15
[2023-12-06 11:41:09] INFO (nni/MainThread) Intermediate result: 0.8220193591247373  (Index 38)
-----------------ETPA RESULT-------------------
Epoch 19: Validation	rmse: 19.51	mae: 15.6	mape: 111.86%	acc@10: 38.15%	acc@20: 70.41%	acc@30: 88.15%	
[2023-12-06 11:41:09] INFO (nni/MainThread) Intermediate result: 19.508440875799174  (Index 39)
*** Epoch: 20 ***
-----------------G2R RESULT-------------------

val result: krc:0.823 | lsd:0.571 | ed:0.836 | hr@1:0.749 | hr@2:0.88 | hr@3:0.927 | acc@1:0.749 | acc@2:0.669 | acc@3:0.636 | Best krc: 0.824 | Best epoch: 15
[2023-12-06 11:42:46] INFO (nni/MainThread) Intermediate result: 0.822750291862666  (Index 40)
-----------------ETPA RESULT-------------------
Epoch 20: Validation	rmse: 19.39	mae: 15.54	mape: 111.75%	acc@10: 38.04%	acc@20: 70.53%	acc@30: 88.43%	
[2023-12-06 11:42:46] INFO (nni/MainThread) Intermediate result: 19.38890962676359  (Index 41)
*** Epoch: 21 ***
-----------------G2R RESULT-------------------

val result: krc:0.82 | lsd:0.562 | ed:0.86 | hr@1:0.724 | hr@2:0.885 | hr@3:0.929 | acc@1:0.724 | acc@2:0.657 | acc@3:0.624 | Best krc: 0.824 | Best epoch: 15
[2023-12-06 11:44:24] INFO (nni/MainThread) Intermediate result: 0.8195071035298407  (Index 42)
-----------------ETPA RESULT-------------------
Epoch 21: Validation	rmse: 19.23	mae: 15.42	mape: 111.1%	acc@10: 38.32%	acc@20: 70.91%	acc@30: 88.7%	
[2023-12-06 11:44:24] INFO (nni/MainThread) Intermediate result: 19.231291986504957  (Index 43)
*** Epoch: 22 ***
-----------------G2R RESULT-------------------

val result: krc:0.821 | lsd:0.591 | ed:0.861 | hr@1:0.742 | hr@2:0.883 | hr@3:0.925 | acc@1:0.742 | acc@2:0.672 | acc@3:0.632 | Best krc: 0.824 | Best epoch: 15
[2023-12-06 11:46:01] INFO (nni/MainThread) Intermediate result: 0.8213756652584809  (Index 44)
-----------------ETPA RESULT-------------------
Epoch 22: Validation	rmse: 19.16	mae: 15.38	mape: 111.12%	acc@10: 38.28%	acc@20: 70.98%	acc@30: 88.87%	
[2023-12-06 11:46:01] INFO (nni/MainThread) Intermediate result: 19.162346172637818  (Index 45)
*** Epoch: 23 ***
-----------------G2R RESULT-------------------

val result: krc:0.823 | lsd:0.58 | ed:0.863 | hr@1:0.738 | hr@2:0.882 | hr@3:0.927 | acc@1:0.738 | acc@2:0.666 | acc@3:0.632 | Best krc: 0.824 | Best epoch: 15
[2023-12-06 11:47:42] INFO (nni/MainThread) Intermediate result: 0.8230494372427034  (Index 46)
-----------------ETPA RESULT-------------------
Epoch 23: Validation	rmse: 19.08	mae: 15.33	mape: 110.98%	acc@10: 38.38%	acc@20: 71.05%	acc@30: 89.07%	
[2023-12-06 11:47:42] INFO (nni/MainThread) Intermediate result: 19.07650182289837  (Index 47)
*** Epoch: 24 ***
-----------------G2R RESULT-------------------

val result: krc:0.825 | lsd:0.559 | ed:0.836 | hr@1:0.748 | hr@2:0.883 | hr@3:0.928 | acc@1:0.748 | acc@2:0.671 | acc@3:0.637 | Best krc: 0.824 | Best epoch: 15
best model saved
[2023-12-06 11:49:20] INFO (nni/MainThread) Intermediate result: 0.8250255870544457  (Index 48)
-----------------ETPA RESULT-------------------
Epoch 24: Validation	rmse: 18.98	mae: 15.27	mape: 110.62%	acc@10: 38.49%	acc@20: 71.13%	acc@30: 89.24%	
[2023-12-06 11:49:20] INFO (nni/MainThread) Intermediate result: 18.97999985474994  (Index 49)
*** Epoch: 25 ***
-----------------G2R RESULT-------------------

val result: krc:0.827 | lsd:0.548 | ed:0.836 | hr@1:0.75 | hr@2:0.883 | hr@3:0.929 | acc@1:0.75 | acc@2:0.673 | acc@3:0.638 | Best krc: 0.825 | Best epoch: 24
best model saved
[2023-12-06 11:51:01] INFO (nni/MainThread) Intermediate result: 0.8271414326333436  (Index 50)
-----------------ETPA RESULT-------------------
Epoch 25: Validation	rmse: 18.9	mae: 15.21	mape: 110.23%	acc@10: 38.6%	acc@20: 71.3%	acc@30: 89.39%	
[2023-12-06 11:51:01] INFO (nni/MainThread) Intermediate result: 18.89750872778275  (Index 51)
*** Epoch: 26 ***
-----------------G2R RESULT-------------------

val result: krc:0.825 | lsd:0.552 | ed:0.857 | hr@1:0.748 | hr@2:0.882 | hr@3:0.926 | acc@1:0.748 | acc@2:0.667 | acc@3:0.631 | Best krc: 0.827 | Best epoch: 25
[2023-12-06 11:52:38] INFO (nni/MainThread) Intermediate result: 0.8250135470773862  (Index 52)
-----------------ETPA RESULT-------------------
Epoch 26: Validation	rmse: 18.84	mae: 15.17	mape: 110.14%	acc@10: 38.66%	acc@20: 71.39%	acc@30: 89.45%	
[2023-12-06 11:52:38] INFO (nni/MainThread) Intermediate result: 18.840598985697692  (Index 53)
*** Epoch: 27 ***
-----------------G2R RESULT-------------------

val result: krc:0.831 | lsd:0.544 | ed:0.82 | hr@1:0.747 | hr@2:0.884 | hr@3:0.931 | acc@1:0.747 | acc@2:0.675 | acc@3:0.641 | Best krc: 0.827 | Best epoch: 25
best model saved
[2023-12-06 11:54:15] INFO (nni/MainThread) Intermediate result: 0.830897263192847  (Index 54)
-----------------ETPA RESULT-------------------
Epoch 27: Validation	rmse: 18.83	mae: 15.16	mape: 110.25%	acc@10: 38.57%	acc@20: 71.38%	acc@30: 89.42%	
[2023-12-06 11:54:15] INFO (nni/MainThread) Intermediate result: 18.833220476048506  (Index 55)
*** Epoch: 28 ***
-----------------G2R RESULT-------------------

val result: krc:0.829 | lsd:0.542 | ed:0.83 | hr@1:0.746 | hr@2:0.887 | hr@3:0.932 | acc@1:0.746 | acc@2:0.675 | acc@3:0.638 | Best krc: 0.831 | Best epoch: 27
[2023-12-06 11:55:56] INFO (nni/MainThread) Intermediate result: 0.8289416081982761  (Index 56)
-----------------ETPA RESULT-------------------
Epoch 28: Validation	rmse: 18.72	mae: 15.08	mape: 109.72%	acc@10: 38.8%	acc@20: 71.7%	acc@30: 89.67%	
[2023-12-06 11:55:56] INFO (nni/MainThread) Intermediate result: 18.72409812741307  (Index 57)
*** Epoch: 29 ***
-----------------G2R RESULT-------------------

val result: krc:0.827 | lsd:0.552 | ed:0.835 | hr@1:0.738 | hr@2:0.886 | hr@3:0.931 | acc@1:0.738 | acc@2:0.669 | acc@3:0.637 | Best krc: 0.831 | Best epoch: 27
[2023-12-06 11:57:34] INFO (nni/MainThread) Intermediate result: 0.826782679498027  (Index 58)
-----------------ETPA RESULT-------------------
Epoch 29: Validation	rmse: 18.66	mae: 15.03	mape: 109.47%	acc@10: 38.91%	acc@20: 71.85%	acc@30: 89.8%	
[2023-12-06 11:57:34] INFO (nni/MainThread) Intermediate result: 18.66079201725394  (Index 59)
*** Epoch: 30 ***
-----------------G2R RESULT-------------------

val result: krc:0.83 | lsd:0.538 | ed:0.813 | hr@1:0.748 | hr@2:0.886 | hr@3:0.932 | acc@1:0.748 | acc@2:0.677 | acc@3:0.645 | Best krc: 0.831 | Best epoch: 27
[2023-12-06 11:59:12] INFO (nni/MainThread) Intermediate result: 0.8300192848334519  (Index 60)
-----------------ETPA RESULT-------------------
Epoch 30: Validation	rmse: 18.59	mae: 14.98	mape: 109.17%	acc@10: 39.02%	acc@20: 72.03%	acc@30: 89.89%	
[2023-12-06 11:59:12] INFO (nni/MainThread) Intermediate result: 18.591215698244024  (Index 61)
*** Epoch: 31 ***
-----------------G2R RESULT-------------------

val result: krc:0.826 | lsd:0.552 | ed:0.835 | hr@1:0.745 | hr@2:0.884 | hr@3:0.93 | acc@1:0.745 | acc@2:0.67 | acc@3:0.634 | Best krc: 0.831 | Best epoch: 27
[2023-12-06 12:00:50] INFO (nni/MainThread) Intermediate result: 0.8261745101972475  (Index 62)
-----------------ETPA RESULT-------------------
Epoch 31: Validation	rmse: 18.46	mae: 14.87	mape: 108.31%	acc@10: 39.39%	acc@20: 72.43%	acc@30: 90.07%	
[2023-12-06 12:00:50] INFO (nni/MainThread) Intermediate result: 18.463080397053957  (Index 63)
*** Epoch: 32 ***
-----------------G2R RESULT-------------------

val result: krc:0.827 | lsd:0.546 | ed:0.833 | hr@1:0.73 | hr@2:0.889 | hr@3:0.931 | acc@1:0.73 | acc@2:0.662 | acc@3:0.631 | Best krc: 0.831 | Best epoch: 27
[2023-12-06 12:02:31] INFO (nni/MainThread) Intermediate result: 0.8266464892700135  (Index 64)
-----------------ETPA RESULT-------------------
Epoch 32: Validation	rmse: 18.41	mae: 14.83	mape: 108.06%	acc@10: 39.52%	acc@20: 72.57%	acc@30: 90.18%	
[2023-12-06 12:02:31] INFO (nni/MainThread) Intermediate result: 18.409844963363817  (Index 65)
*** Epoch: 33 ***
-----------------G2R RESULT-------------------

val result: krc:0.828 | lsd:0.552 | ed:0.836 | hr@1:0.736 | hr@2:0.887 | hr@3:0.932 | acc@1:0.736 | acc@2:0.666 | acc@3:0.636 | Best krc: 0.831 | Best epoch: 27
[2023-12-06 12:04:13] INFO (nni/MainThread) Intermediate result: 0.827933571554035  (Index 66)
-----------------ETPA RESULT-------------------
Epoch 33: Validation	rmse: 18.35	mae: 14.78	mape: 107.77%	acc@10: 39.62%	acc@20: 72.71%	acc@30: 90.31%	
[2023-12-06 12:04:13] INFO (nni/MainThread) Intermediate result: 18.34837456913931  (Index 67)
*** Epoch: 34 ***
-----------------G2R RESULT-------------------

val result: krc:0.83 | lsd:0.548 | ed:0.826 | hr@1:0.738 | hr@2:0.891 | hr@3:0.934 | acc@1:0.738 | acc@2:0.67 | acc@3:0.641 | Best krc: 0.831 | Best epoch: 27
[2023-12-06 12:05:54] INFO (nni/MainThread) Intermediate result: 0.8295093864660984  (Index 68)
-----------------ETPA RESULT-------------------
Epoch 34: Validation	rmse: 18.28	mae: 14.73	mape: 107.42%	acc@10: 39.79%	acc@20: 72.89%	acc@30: 90.42%	
[2023-12-06 12:05:54] INFO (nni/MainThread) Intermediate result: 18.280518983581125  (Index 69)
*** Epoch: 35 ***
-----------------G2R RESULT-------------------

val result: krc:0.832 | lsd:0.536 | ed:0.824 | hr@1:0.737 | hr@2:0.892 | hr@3:0.934 | acc@1:0.737 | acc@2:0.674 | acc@3:0.643 | Best krc: 0.831 | Best epoch: 27
best model saved
[2023-12-06 12:07:35] INFO (nni/MainThread) Intermediate result: 0.832015611718279  (Index 70)
-----------------ETPA RESULT-------------------
Epoch 35: Validation	rmse: 18.27	mae: 14.72	mape: 107.54%	acc@10: 39.76%	acc@20: 72.85%	acc@30: 90.49%	
[2023-12-06 12:07:35] INFO (nni/MainThread) Intermediate result: 18.26839271149436  (Index 71)
*** Epoch: 36 ***
-----------------G2R RESULT-------------------

val result: krc:0.833 | lsd:0.527 | ed:0.824 | hr@1:0.74 | hr@2:0.891 | hr@3:0.933 | acc@1:0.74 | acc@2:0.673 | acc@3:0.643 | Best krc: 0.832 | Best epoch: 35
best model saved
[2023-12-06 12:09:15] INFO (nni/MainThread) Intermediate result: 0.8326948485934056  (Index 72)
-----------------ETPA RESULT-------------------
Epoch 36: Validation	rmse: 18.22	mae: 14.68	mape: 107.32%	acc@10: 39.93%	acc@20: 72.96%	acc@30: 90.58%	
[2023-12-06 12:09:15] INFO (nni/MainThread) Intermediate result: 18.22216993660259  (Index 73)
*** Epoch: 37 ***
-----------------G2R RESULT-------------------

val result: krc:0.829 | lsd:0.538 | ed:0.842 | hr@1:0.732 | hr@2:0.891 | hr@3:0.932 | acc@1:0.732 | acc@2:0.666 | acc@3:0.636 | Best krc: 0.833 | Best epoch: 36
[2023-12-06 12:10:56] INFO (nni/MainThread) Intermediate result: 0.829176444375395  (Index 74)
-----------------ETPA RESULT-------------------
Epoch 37: Validation	rmse: 18.14	mae: 14.62	mape: 106.82%	acc@10: 40.17%	acc@20: 73.14%	acc@30: 90.7%	
[2023-12-06 12:10:56] INFO (nni/MainThread) Intermediate result: 18.141180372850314  (Index 75)
*** Epoch: 38 ***
-----------------G2R RESULT-------------------

val result: krc:0.831 | lsd:0.527 | ed:0.819 | hr@1:0.738 | hr@2:0.889 | hr@3:0.932 | acc@1:0.738 | acc@2:0.672 | acc@3:0.641 | Best krc: 0.833 | Best epoch: 36
[2023-12-06 12:12:38] INFO (nni/MainThread) Intermediate result: 0.831079680331976  (Index 76)
-----------------ETPA RESULT-------------------
Epoch 38: Validation	rmse: 18.1	mae: 14.59	mape: 106.7%	acc@10: 40.16%	acc@20: 73.18%	acc@30: 90.8%	
[2023-12-06 12:12:38] INFO (nni/MainThread) Intermediate result: 18.098774958448583  (Index 77)
*** Epoch: 39 ***
-----------------G2R RESULT-------------------

val result: krc:0.828 | lsd:0.535 | ed:0.84 | hr@1:0.728 | hr@2:0.891 | hr@3:0.931 | acc@1:0.728 | acc@2:0.662 | acc@3:0.631 | Best krc: 0.833 | Best epoch: 36
[2023-12-06 12:14:18] INFO (nni/MainThread) Intermediate result: 0.828144551039173  (Index 78)
-----------------ETPA RESULT-------------------
Epoch 39: Validation	rmse: 18.1	mae: 14.6	mape: 106.95%	acc@10: 40.05%	acc@20: 73.12%	acc@30: 90.82%	
[2023-12-06 12:14:18] INFO (nni/MainThread) Intermediate result: 18.104037940187013  (Index 79)
*** Epoch: 40 ***
-----------------G2R RESULT-------------------

val result: krc:0.821 | lsd:0.568 | ed:0.854 | hr@1:0.731 | hr@2:0.88 | hr@3:0.927 | acc@1:0.731 | acc@2:0.657 | acc@3:0.629 | Best krc: 0.833 | Best epoch: 36
[2023-12-06 12:15:58] INFO (nni/MainThread) Intermediate result: 0.8211078315844386  (Index 80)
-----------------ETPA RESULT-------------------
Epoch 40: Validation	rmse: 18.04	mae: 14.55	mape: 106.6%	acc@10: 40.24%	acc@20: 73.29%	acc@30: 90.95%	
[2023-12-06 12:15:58] INFO (nni/MainThread) Intermediate result: 18.03529640299607  (Index 81)
*** Epoch: 41 ***
-----------------G2R RESULT-------------------

val result: krc:0.827 | lsd:0.554 | ed:0.826 | hr@1:0.742 | hr@2:0.881 | hr@3:0.93 | acc@1:0.742 | acc@2:0.666 | acc@3:0.639 | Best krc: 0.833 | Best epoch: 36
[2023-12-06 12:17:40] INFO (nni/MainThread) Intermediate result: 0.8268703982215131  (Index 82)
-----------------ETPA RESULT-------------------
Epoch 41: Validation	rmse: 18.01	mae: 14.53	mape: 106.5%	acc@10: 40.23%	acc@20: 73.34%	acc@30: 91.01%	
[2023-12-06 12:17:40] INFO (nni/MainThread) Intermediate result: 18.008238438419124  (Index 83)
*** Epoch: 42 ***
-----------------G2R RESULT-------------------

val result: krc:0.829 | lsd:0.544 | ed:0.827 | hr@1:0.727 | hr@2:0.891 | hr@3:0.932 | acc@1:0.727 | acc@2:0.665 | acc@3:0.635 | Best krc: 0.833 | Best epoch: 36
[2023-12-06 12:19:27] INFO (nni/MainThread) Intermediate result: 0.829223703145872  (Index 84)
-----------------ETPA RESULT-------------------
Epoch 42: Validation	rmse: 17.92	mae: 14.46	mape: 105.98%	acc@10: 40.46%	acc@20: 73.58%	acc@30: 91.15%	
[2023-12-06 12:19:27] INFO (nni/MainThread) Intermediate result: 17.923709527571198  (Index 85)
*** Epoch: 43 ***
-----------------G2R RESULT-------------------

val result: krc:0.822 | lsd:0.56 | ed:0.853 | hr@1:0.722 | hr@2:0.884 | hr@3:0.929 | acc@1:0.722 | acc@2:0.656 | acc@3:0.627 | Best krc: 0.833 | Best epoch: 36
[2023-12-06 12:21:10] INFO (nni/MainThread) Intermediate result: 0.8219345551046467  (Index 86)
-----------------ETPA RESULT-------------------
Epoch 43: Validation	rmse: 17.88	mae: 14.43	mape: 105.79%	acc@10: 40.52%	acc@20: 73.68%	acc@30: 91.21%	
[2023-12-06 12:21:10] INFO (nni/MainThread) Intermediate result: 17.883810457036667  (Index 87)
*** Epoch: 44 ***
-----------------G2R RESULT-------------------

val result: krc:0.826 | lsd:0.55 | ed:0.828 | hr@1:0.736 | hr@2:0.882 | hr@3:0.927 | acc@1:0.736 | acc@2:0.663 | acc@3:0.631 | Best krc: 0.833 | Best epoch: 36
[2023-12-06 12:23:02] INFO (nni/MainThread) Intermediate result: 0.8257538390288718  (Index 88)
-----------------ETPA RESULT-------------------
Epoch 44: Validation	rmse: 17.84	mae: 14.4	mape: 105.61%	acc@10: 40.58%	acc@20: 73.77%	acc@30: 91.27%	
[2023-12-06 12:23:02] INFO (nni/MainThread) Intermediate result: 17.843298341834426  (Index 89)
*** Epoch: 45 ***
-----------------G2R RESULT-------------------

val result: krc:0.831 | lsd:0.537 | ed:0.825 | hr@1:0.734 | hr@2:0.891 | hr@3:0.93 | acc@1:0.734 | acc@2:0.672 | acc@3:0.639 | Best krc: 0.833 | Best epoch: 36
[2023-12-06 12:24:56] INFO (nni/MainThread) Intermediate result: 0.8307768721585949  (Index 90)
-----------------ETPA RESULT-------------------
Epoch 45: Validation	rmse: 17.79	mae: 14.36	mape: 105.32%	acc@10: 40.69%	acc@20: 73.92%	acc@30: 91.35%	
[2023-12-06 12:24:56] INFO (nni/MainThread) Intermediate result: 17.787973600068614  (Index 91)
*** Epoch: 46 ***
-----------------G2R RESULT-------------------

val result: krc:0.828 | lsd:0.538 | ed:0.841 | hr@1:0.731 | hr@2:0.89 | hr@3:0.93 | acc@1:0.731 | acc@2:0.664 | acc@3:0.633 | Best krc: 0.833 | Best epoch: 36
[2023-12-06 12:26:49] INFO (nni/MainThread) Intermediate result: 0.8276989851716569  (Index 92)
-----------------ETPA RESULT-------------------
Epoch 46: Validation	rmse: 17.74	mae: 14.32	mape: 105.07%	acc@10: 40.77%	acc@20: 74.01%	acc@30: 91.43%	
[2023-12-06 12:26:49] INFO (nni/MainThread) Intermediate result: 17.737810408309365  (Index 93)
loaded model path: /home/sentanoe/joint_training/data/dataset/food_pd/sort_model/hidden_size-8.gcnru-pd_1701857307.01744561701857307.0174592
best model loaded !!!
krc:0.824 | lsd:0.414 | ed:0.841 | hr@1:0.742 | hr@2:0.913 | hr@3:0.948 | acc@1:0.742 | acc@2:0.679 | acc@3:0.634 |

-------------------------------------------------------------
Best epoch for G2R:  36
Best epoch for ETPA:  46
graph2route_pd Evaluation in test: krc:0.824 | lsd:0.414 | ed:0.841 | hr@1:0.742 | hr@2:0.913 | hr@3:0.948 | acc@1:0.742 | acc@2:0.679 | acc@3:0.634 |
RankPETA Evaluation in test: rmse: 15.62	mae: 12.31	mape: 113.0%	acc@10: 48.1%	acc@20: 81.43%	acc@30: 96.2%	
