Device:  cuda
{'alpha_loss': 0.5,
 'batch_size': 64,
 'dataset': 'food_pd',
 'datatype': 'order',
 'device': device(type='cuda'),
 'early_stop': 20,
 'edge_fea_dim': 5,
 'embedding_dim': 32,
 'eval_end_1': 11,
 'eval_end_2': 25,
 'eval_start': 1,
 'gcn_num_layers': 2,
 'hidden_size': 8,
 'is_eval': False,
 'is_test': False,
 'k_min_nodes': 3,
 'k_nearest_neighbors': 'n-1',
 'lr': 0.001,
 'max_task_num': 25,
 'min_task_num': 0,
 'modelArrivalTime': 'RankPETA',
 'modelRoute': 'graph2route_pd',
 'no_cuda': False,
 'node_fea_dim': 8,
 'node_features_test': '/home/sentanoe/joint_training/data/dataset/food_pd/node_features_test_full.npy',
 'node_features_train': '/home/sentanoe/joint_training/data/dataset/food_pd/node_features_train_full.npy',
 'node_features_val': '/home/sentanoe/joint_training/data/dataset/food_pd/node_features_val_full.npy',
 'num_block': 4,
 'num_epoch': 1000,
 'num_head': 2,
 'num_worker_logistics': 2346,
 'num_worker_pd': 920,
 'pad_value': 26,
 'seed': 2022,
 'sort_mode': 'pnn_idx',
 'spatial_encoder': 'gatv2',
 'temporal_encoder': 'gru',
 'test_path': '/home/sentanoe/joint_training/data/dataset/food_pd/test_full.npy',
 'train_mode': 'sort',
 'train_path': '/home/sentanoe/joint_training/data/dataset/food_pd/train_full.npy',
 'val_path': '/home/sentanoe/joint_training/data/dataset/food_pd/val_full.npy',
 'wd': 1e-05,
 'worker_emb_dim': 10,
 'workers': 2}
last_x_size:13;unpick_x_size:12;input_size:53
#train:2521 | #val:1257 | #test:1261
*** Epoch: 0 ***
-----------------G2R RESULT-------------------

val result: krc:0.763 | lsd:0.693 | ed:1.014 | hr@1:0.631 | hr@2:0.858 | hr@3:0.909 | acc@1:0.631 | acc@2:0.575 | acc@3:0.542 | Best krc: -1 | Best epoch: -1
best model saved
[2023-12-01 06:37:44] INFO (nni/MainThread) Intermediate result: 0.7628841181005587  (Index 0)
-----------------ETPA RESULT-------------------
Epoch 0: Validation	rmse: 21.66	mae: 16.46	mape: 63.52%	acc@10: 39.26%	acc@20: 68.15%	acc@30: 84.44%	
[2023-12-01 06:37:44] INFO (nni/MainThread) Intermediate result: 21.661966293284788  (Index 1)
*** Epoch: 1 ***
-----------------G2R RESULT-------------------

val result: krc:0.754 | lsd:0.705 | ed:1.045 | hr@1:0.616 | hr@2:0.859 | hr@3:0.903 | acc@1:0.616 | acc@2:0.559 | acc@3:0.518 | Best krc: 0.763 | Best epoch: 0
[2023-12-01 06:38:11] INFO (nni/MainThread) Intermediate result: 0.7544792411429927  (Index 2)
-----------------ETPA RESULT-------------------
Epoch 1: Validation	rmse: 21.22	mae: 16.06	mape: 80.78%	acc@10: 42.04%	acc@20: 69.63%	acc@30: 83.15%	
[2023-12-01 06:38:11] INFO (nni/MainThread) Intermediate result: 21.222846765251592  (Index 3)
*** Epoch: 2 ***
-----------------G2R RESULT-------------------

val result: krc:0.77 | lsd:0.641 | ed:0.992 | hr@1:0.629 | hr@2:0.869 | hr@3:0.914 | acc@1:0.629 | acc@2:0.571 | acc@3:0.537 | Best krc: 0.763 | Best epoch: 0
best model saved
[2023-12-01 06:38:39] INFO (nni/MainThread) Intermediate result: 0.7703685609763442  (Index 4)
-----------------ETPA RESULT-------------------
Epoch 2: Validation	rmse: 20.74	mae: 16.01	mape: 93.87%	acc@10: 40.74%	acc@20: 69.14%	acc@30: 84.32%	
[2023-12-01 06:38:39] INFO (nni/MainThread) Intermediate result: 20.735588791957564  (Index 5)
*** Epoch: 3 ***
-----------------G2R RESULT-------------------

val result: krc:0.767 | lsd:0.662 | ed:0.998 | hr@1:0.625 | hr@2:0.865 | hr@3:0.91 | acc@1:0.625 | acc@2:0.575 | acc@3:0.539 | Best krc: 0.77 | Best epoch: 2
[2023-12-01 06:39:06] INFO (nni/MainThread) Intermediate result: 0.7674053569549851  (Index 6)
-----------------ETPA RESULT-------------------
Epoch 3: Validation	rmse: 21.35	mae: 16.82	mape: 107.89%	acc@10: 37.13%	acc@20: 66.85%	acc@30: 83.43%	
[2023-12-01 06:39:06] INFO (nni/MainThread) Intermediate result: 21.347579418437185  (Index 7)
*** Epoch: 4 ***
-----------------G2R RESULT-------------------

val result: krc:0.776 | lsd:0.655 | ed:0.971 | hr@1:0.634 | hr@2:0.868 | hr@3:0.913 | acc@1:0.634 | acc@2:0.58 | acc@3:0.548 | Best krc: 0.77 | Best epoch: 2
best model saved
[2023-12-01 06:39:34] INFO (nni/MainThread) Intermediate result: 0.7759932968940403  (Index 8)
-----------------ETPA RESULT-------------------
Epoch 4: Validation	rmse: 21.49	mae: 17.02	mape: 114.29%	acc@10: 36.22%	acc@20: 66.22%	acc@30: 84.0%	
[2023-12-01 06:39:34] INFO (nni/MainThread) Intermediate result: 21.4880980630744  (Index 9)
*** Epoch: 5 ***
-----------------G2R RESULT-------------------

val result: krc:0.772 | lsd:0.682 | ed:0.983 | hr@1:0.635 | hr@2:0.865 | hr@3:0.913 | acc@1:0.635 | acc@2:0.582 | acc@3:0.547 | Best krc: 0.776 | Best epoch: 4
[2023-12-01 06:40:02] INFO (nni/MainThread) Intermediate result: 0.7724996310916731  (Index 10)
-----------------ETPA RESULT-------------------
Epoch 5: Validation	rmse: 20.99	mae: 16.75	mape: 115.2%	acc@10: 36.05%	acc@20: 66.91%	acc@30: 85.25%	
[2023-12-01 06:40:02] INFO (nni/MainThread) Intermediate result: 20.993177699069243  (Index 11)
*** Epoch: 6 ***
-----------------G2R RESULT-------------------

val result: krc:0.778 | lsd:0.649 | ed:0.963 | hr@1:0.634 | hr@2:0.868 | hr@3:0.916 | acc@1:0.634 | acc@2:0.577 | acc@3:0.547 | Best krc: 0.776 | Best epoch: 4
best model saved
[2023-12-01 06:40:30] INFO (nni/MainThread) Intermediate result: 0.7782949263404009  (Index 12)
-----------------ETPA RESULT-------------------
Epoch 6: Validation	rmse: 20.85	mae: 16.67	mape: 116.53%	acc@10: 35.82%	acc@20: 67.14%	acc@30: 85.29%	
[2023-12-01 06:40:30] INFO (nni/MainThread) Intermediate result: 20.84876326963195  (Index 13)
*** Epoch: 7 ***
-----------------G2R RESULT-------------------

val result: krc:0.776 | lsd:0.645 | ed:0.968 | hr@1:0.633 | hr@2:0.866 | hr@3:0.912 | acc@1:0.633 | acc@2:0.578 | acc@3:0.543 | Best krc: 0.778 | Best epoch: 6
[2023-12-01 06:40:57] INFO (nni/MainThread) Intermediate result: 0.775509635063636  (Index 14)
-----------------ETPA RESULT-------------------
Epoch 7: Validation	rmse: 20.35	mae: 16.31	mape: 115.18%	acc@10: 36.44%	acc@20: 67.92%	acc@30: 86.25%	
[2023-12-01 06:40:57] INFO (nni/MainThread) Intermediate result: 20.353159395757032  (Index 15)
*** Epoch: 8 ***
-----------------G2R RESULT-------------------

val result: krc:0.777 | lsd:0.653 | ed:0.967 | hr@1:0.631 | hr@2:0.867 | hr@3:0.913 | acc@1:0.631 | acc@2:0.583 | acc@3:0.548 | Best krc: 0.778 | Best epoch: 6
[2023-12-01 06:41:25] INFO (nni/MainThread) Intermediate result: 0.777390461649316  (Index 16)
-----------------ETPA RESULT-------------------
Epoch 8: Validation	rmse: 20.0	mae: 16.09	mape: 114.76%	acc@10: 36.83%	acc@20: 68.23%	acc@30: 87.37%	
[2023-12-01 06:41:25] INFO (nni/MainThread) Intermediate result: 20.002209723155673  (Index 17)
*** Epoch: 9 ***
-----------------G2R RESULT-------------------

val result: krc:0.78 | lsd:0.632 | ed:0.949 | hr@1:0.638 | hr@2:0.873 | hr@3:0.916 | acc@1:0.638 | acc@2:0.587 | acc@3:0.553 | Best krc: 0.778 | Best epoch: 6
best model saved
[2023-12-01 06:41:54] INFO (nni/MainThread) Intermediate result: 0.7801898323542399  (Index 18)
-----------------ETPA RESULT-------------------
Epoch 9: Validation	rmse: 19.83	mae: 16.01	mape: 115.1%	acc@10: 36.48%	acc@20: 68.19%	acc@30: 87.78%	
[2023-12-01 06:41:54] INFO (nni/MainThread) Intermediate result: 19.831647645925  (Index 19)
*** Epoch: 10 ***
-----------------G2R RESULT-------------------

val result: krc:0.779 | lsd:0.635 | ed:0.954 | hr@1:0.648 | hr@2:0.871 | hr@3:0.913 | acc@1:0.648 | acc@2:0.594 | acc@3:0.553 | Best krc: 0.78 | Best epoch: 9
[2023-12-01 06:42:22] INFO (nni/MainThread) Intermediate result: 0.7786644795389878  (Index 20)
-----------------ETPA RESULT-------------------
Epoch 10: Validation	rmse: 19.83	mae: 16.04	mape: 116.15%	acc@10: 36.23%	acc@20: 68.05%	acc@30: 87.74%	
[2023-12-01 06:42:22] INFO (nni/MainThread) Intermediate result: 19.831596728745428  (Index 21)
*** Epoch: 11 ***
-----------------G2R RESULT-------------------

val result: krc:0.784 | lsd:0.623 | ed:0.946 | hr@1:0.643 | hr@2:0.872 | hr@3:0.916 | acc@1:0.643 | acc@2:0.59 | acc@3:0.555 | Best krc: 0.78 | Best epoch: 9
best model saved
[2023-12-01 06:42:51] INFO (nni/MainThread) Intermediate result: 0.784121400308545  (Index 22)
-----------------ETPA RESULT-------------------
Epoch 11: Validation	rmse: 19.59	mae: 15.86	mape: 115.47%	acc@10: 36.42%	acc@20: 68.64%	acc@30: 88.24%	
[2023-12-01 06:42:51] INFO (nni/MainThread) Intermediate result: 19.58786303682805  (Index 23)
*** Epoch: 12 ***
-----------------G2R RESULT-------------------

val result: krc:0.782 | lsd:0.621 | ed:0.959 | hr@1:0.637 | hr@2:0.873 | hr@3:0.918 | acc@1:0.637 | acc@2:0.583 | acc@3:0.55 | Best krc: 0.784 | Best epoch: 11
[2023-12-01 06:43:19] INFO (nni/MainThread) Intermediate result: 0.7816815030020102  (Index 24)
-----------------ETPA RESULT-------------------
Epoch 12: Validation	rmse: 19.41	mae: 15.73	mape: 114.97%	acc@10: 36.52%	acc@20: 69.09%	acc@30: 88.58%	
[2023-12-01 06:43:19] INFO (nni/MainThread) Intermediate result: 19.41239889489344  (Index 25)
*** Epoch: 13 ***
-----------------G2R RESULT-------------------

val result: krc:0.779 | lsd:0.645 | ed:0.966 | hr@1:0.641 | hr@2:0.868 | hr@3:0.917 | acc@1:0.641 | acc@2:0.584 | acc@3:0.553 | Best krc: 0.784 | Best epoch: 11
[2023-12-01 06:43:47] INFO (nni/MainThread) Intermediate result: 0.7794407684656919  (Index 26)
-----------------ETPA RESULT-------------------
Epoch 13: Validation	rmse: 19.37	mae: 15.72	mape: 115.25%	acc@10: 36.43%	acc@20: 69.05%	acc@30: 88.65%	
[2023-12-01 06:43:47] INFO (nni/MainThread) Intermediate result: 19.368360536717333  (Index 27)
*** Epoch: 14 ***
-----------------G2R RESULT-------------------

val result: krc:0.781 | lsd:0.643 | ed:0.948 | hr@1:0.64 | hr@2:0.868 | hr@3:0.917 | acc@1:0.64 | acc@2:0.589 | acc@3:0.556 | Best krc: 0.784 | Best epoch: 11
[2023-12-01 06:44:15] INFO (nni/MainThread) Intermediate result: 0.7812330043112726  (Index 28)
-----------------ETPA RESULT-------------------
Epoch 14: Validation	rmse: 19.28	mae: 15.64	mape: 114.88%	acc@10: 36.57%	acc@20: 69.28%	acc@30: 88.74%	
[2023-12-01 06:44:15] INFO (nni/MainThread) Intermediate result: 19.275639810642385  (Index 29)
*** Epoch: 15 ***
-----------------G2R RESULT-------------------

val result: krc:0.786 | lsd:0.629 | ed:0.911 | hr@1:0.654 | hr@2:0.872 | hr@3:0.918 | acc@1:0.654 | acc@2:0.602 | acc@3:0.571 | Best krc: 0.784 | Best epoch: 11
best model saved
[2023-12-01 06:44:43] INFO (nni/MainThread) Intermediate result: 0.7863075006581784  (Index 30)
-----------------ETPA RESULT-------------------
Epoch 15: Validation	rmse: 19.17	mae: 15.57	mape: 114.57%	acc@10: 36.6%	acc@20: 69.35%	acc@30: 88.96%	
[2023-12-01 06:44:43] INFO (nni/MainThread) Intermediate result: 19.17361501625188  (Index 31)
*** Epoch: 16 ***
-----------------G2R RESULT-------------------

val result: krc:0.784 | lsd:0.647 | ed:0.952 | hr@1:0.642 | hr@2:0.871 | hr@3:0.918 | acc@1:0.642 | acc@2:0.588 | acc@3:0.554 | Best krc: 0.786 | Best epoch: 15
[2023-12-01 06:45:11] INFO (nni/MainThread) Intermediate result: 0.783979472567142  (Index 32)
-----------------ETPA RESULT-------------------
Epoch 16: Validation	rmse: 19.08	mae: 15.49	mape: 114.0%	acc@10: 36.99%	acc@20: 69.74%	acc@30: 89.0%	
[2023-12-01 06:45:11] INFO (nni/MainThread) Intermediate result: 19.078119915429777  (Index 33)
*** Epoch: 17 ***
-----------------G2R RESULT-------------------

val result: krc:0.782 | lsd:0.636 | ed:0.951 | hr@1:0.636 | hr@2:0.869 | hr@3:0.919 | acc@1:0.636 | acc@2:0.582 | acc@3:0.554 | Best krc: 0.786 | Best epoch: 15
[2023-12-01 06:45:40] INFO (nni/MainThread) Intermediate result: 0.7819972726750165  (Index 34)
-----------------ETPA RESULT-------------------
Epoch 17: Validation	rmse: 18.95	mae: 15.39	mape: 113.35%	acc@10: 37.1%	acc@20: 70.12%	acc@30: 89.18%	
[2023-12-01 06:45:40] INFO (nni/MainThread) Intermediate result: 18.94801874435462  (Index 35)
*** Epoch: 18 ***
-----------------G2R RESULT-------------------

val result: krc:0.78 | lsd:0.633 | ed:0.957 | hr@1:0.638 | hr@2:0.871 | hr@3:0.917 | acc@1:0.638 | acc@2:0.584 | acc@3:0.552 | Best krc: 0.786 | Best epoch: 15
[2023-12-01 06:46:08] INFO (nni/MainThread) Intermediate result: 0.7802455346399378  (Index 36)
-----------------ETPA RESULT-------------------
Epoch 18: Validation	rmse: 18.82	mae: 15.29	mape: 112.58%	acc@10: 37.31%	acc@20: 70.49%	acc@30: 89.34%	
[2023-12-01 06:46:08] INFO (nni/MainThread) Intermediate result: 18.820139317586182  (Index 37)
*** Epoch: 19 ***
-----------------G2R RESULT-------------------

val result: krc:0.781 | lsd:0.628 | ed:0.961 | hr@1:0.644 | hr@2:0.873 | hr@3:0.916 | acc@1:0.644 | acc@2:0.587 | acc@3:0.551 | Best krc: 0.786 | Best epoch: 15
[2023-12-01 06:46:36] INFO (nni/MainThread) Intermediate result: 0.7806942708298196  (Index 38)
-----------------ETPA RESULT-------------------
Epoch 19: Validation	rmse: 18.72	mae: 15.22	mape: 112.05%	acc@10: 37.52%	acc@20: 70.67%	acc@30: 89.5%	
[2023-12-01 06:46:36] INFO (nni/MainThread) Intermediate result: 18.724047048061607  (Index 39)
*** Epoch: 20 ***
-----------------G2R RESULT-------------------

val result: krc:0.784 | lsd:0.641 | ed:0.95 | hr@1:0.645 | hr@2:0.874 | hr@3:0.918 | acc@1:0.645 | acc@2:0.596 | acc@3:0.561 | Best krc: 0.786 | Best epoch: 15
[2023-12-01 06:47:04] INFO (nni/MainThread) Intermediate result: 0.7837596441356827  (Index 40)
-----------------ETPA RESULT-------------------
Epoch 20: Validation	rmse: 18.65	mae: 15.17	mape: 111.66%	acc@10: 37.57%	acc@20: 70.92%	acc@30: 89.58%	
[2023-12-01 06:47:04] INFO (nni/MainThread) Intermediate result: 18.65260567895535  (Index 41)
*** Epoch: 21 ***
-----------------G2R RESULT-------------------

val result: krc:0.791 | lsd:0.613 | ed:0.923 | hr@1:0.654 | hr@2:0.871 | hr@3:0.919 | acc@1:0.654 | acc@2:0.597 | acc@3:0.565 | Best krc: 0.786 | Best epoch: 15
best model saved
[2023-12-01 06:47:34] INFO (nni/MainThread) Intermediate result: 0.7907393152605219  (Index 42)
-----------------ETPA RESULT-------------------
Epoch 21: Validation	rmse: 18.57	mae: 15.09	mape: 111.09%	acc@10: 37.85%	acc@20: 71.23%	acc@30: 89.66%	
[2023-12-01 06:47:34] INFO (nni/MainThread) Intermediate result: 18.568734816707238  (Index 43)
*** Epoch: 22 ***
-----------------G2R RESULT-------------------

val result: krc:0.791 | lsd:0.608 | ed:0.93 | hr@1:0.654 | hr@2:0.87 | hr@3:0.92 | acc@1:0.654 | acc@2:0.593 | acc@3:0.561 | Best krc: 0.791 | Best epoch: 21
best model saved
[2023-12-01 06:48:03] INFO (nni/MainThread) Intermediate result: 0.7911553283394123  (Index 44)
-----------------ETPA RESULT-------------------
Epoch 22: Validation	rmse: 18.49	mae: 15.03	mape: 110.67%	acc@10: 38.02%	acc@20: 71.5%	acc@30: 89.77%	
[2023-12-01 06:48:03] INFO (nni/MainThread) Intermediate result: 18.485659813153084  (Index 45)
*** Epoch: 23 ***
-----------------G2R RESULT-------------------

val result: krc:0.775 | lsd:0.651 | ed:0.98 | hr@1:0.651 | hr@2:0.868 | hr@3:0.912 | acc@1:0.651 | acc@2:0.592 | acc@3:0.55 | Best krc: 0.791 | Best epoch: 22
[2023-12-01 06:48:31] INFO (nni/MainThread) Intermediate result: 0.7748233282207923  (Index 46)
-----------------ETPA RESULT-------------------
Epoch 23: Validation	rmse: 18.37	mae: 14.94	mape: 110.01%	acc@10: 38.27%	acc@20: 71.68%	acc@30: 89.98%	
[2023-12-01 06:48:31] INFO (nni/MainThread) Intermediate result: 18.37429679023668  (Index 47)
*** Epoch: 24 ***
-----------------G2R RESULT-------------------

val result: krc:0.789 | lsd:0.63 | ed:0.941 | hr@1:0.647 | hr@2:0.874 | hr@3:0.919 | acc@1:0.647 | acc@2:0.592 | acc@3:0.56 | Best krc: 0.791 | Best epoch: 22
[2023-12-01 06:48:59] INFO (nni/MainThread) Intermediate result: 0.7888128875448509  (Index 48)
-----------------ETPA RESULT-------------------
Epoch 24: Validation	rmse: 18.23	mae: 14.81	mape: 108.98%	acc@10: 38.84%	acc@20: 72.03%	acc@30: 90.16%	
[2023-12-01 06:48:59] INFO (nni/MainThread) Intermediate result: 18.228192985842558  (Index 49)
*** Epoch: 25 ***
-----------------G2R RESULT-------------------

val result: krc:0.789 | lsd:0.618 | ed:0.928 | hr@1:0.65 | hr@2:0.874 | hr@3:0.921 | acc@1:0.65 | acc@2:0.596 | acc@3:0.566 | Best krc: 0.791 | Best epoch: 22
[2023-12-01 06:49:27] INFO (nni/MainThread) Intermediate result: 0.7890885645148871  (Index 50)
-----------------ETPA RESULT-------------------
Epoch 25: Validation	rmse: 18.12	mae: 14.72	mape: 108.17%	acc@10: 39.25%	acc@20: 72.35%	acc@30: 90.24%	
[2023-12-01 06:49:27] INFO (nni/MainThread) Intermediate result: 18.124730142829506  (Index 51)
*** Epoch: 26 ***
-----------------G2R RESULT-------------------

val result: krc:0.788 | lsd:0.625 | ed:0.939 | hr@1:0.648 | hr@2:0.872 | hr@3:0.919 | acc@1:0.648 | acc@2:0.591 | acc@3:0.562 | Best krc: 0.791 | Best epoch: 22
[2023-12-01 06:49:56] INFO (nni/MainThread) Intermediate result: 0.7876875735642681  (Index 52)
-----------------ETPA RESULT-------------------
Epoch 26: Validation	rmse: 18.11	mae: 14.72	mape: 108.27%	acc@10: 39.12%	acc@20: 72.35%	acc@30: 90.33%	
[2023-12-01 06:49:56] INFO (nni/MainThread) Intermediate result: 18.110942206073172  (Index 53)
*** Epoch: 27 ***
-----------------G2R RESULT-------------------

val result: krc:0.789 | lsd:0.621 | ed:0.928 | hr@1:0.65 | hr@2:0.875 | hr@3:0.918 | acc@1:0.65 | acc@2:0.595 | acc@3:0.566 | Best krc: 0.791 | Best epoch: 22
[2023-12-01 06:50:24] INFO (nni/MainThread) Intermediate result: 0.788856991524241  (Index 54)
-----------------ETPA RESULT-------------------
Epoch 27: Validation	rmse: 18.03	mae: 14.65	mape: 107.7%	acc@10: 39.43%	acc@20: 72.57%	acc@30: 90.42%	
[2023-12-01 06:50:24] INFO (nni/MainThread) Intermediate result: 18.029475850755546  (Index 55)
*** Epoch: 28 ***
-----------------G2R RESULT-------------------

val result: krc:0.772 | lsd:0.673 | ed:0.994 | hr@1:0.641 | hr@2:0.866 | hr@3:0.912 | acc@1:0.641 | acc@2:0.585 | acc@3:0.542 | Best krc: 0.791 | Best epoch: 22
[2023-12-01 06:50:53] INFO (nni/MainThread) Intermediate result: 0.7716797387457641  (Index 56)
-----------------ETPA RESULT-------------------
Epoch 28: Validation	rmse: 18.04	mae: 14.66	mape: 107.74%	acc@10: 39.35%	acc@20: 72.55%	acc@30: 90.4%	
[2023-12-01 06:50:53] INFO (nni/MainThread) Intermediate result: 18.036695928346216  (Index 57)
*** Epoch: 29 ***
-----------------G2R RESULT-------------------

val result: krc:0.786 | lsd:0.629 | ed:0.944 | hr@1:0.647 | hr@2:0.871 | hr@3:0.918 | acc@1:0.647 | acc@2:0.592 | acc@3:0.559 | Best krc: 0.791 | Best epoch: 22
[2023-12-01 06:51:21] INFO (nni/MainThread) Intermediate result: 0.7861732528107692  (Index 58)
-----------------ETPA RESULT-------------------
Epoch 29: Validation	rmse: 17.93	mae: 14.58	mape: 107.03%	acc@10: 39.73%	acc@20: 72.86%	acc@30: 90.51%	
[2023-12-01 06:51:21] INFO (nni/MainThread) Intermediate result: 17.934548567330506  (Index 59)
*** Epoch: 30 ***
-----------------G2R RESULT-------------------

val result: krc:0.787 | lsd:0.608 | ed:0.954 | hr@1:0.651 | hr@2:0.878 | hr@3:0.921 | acc@1:0.651 | acc@2:0.594 | acc@3:0.556 | Best krc: 0.791 | Best epoch: 22
[2023-12-01 06:51:50] INFO (nni/MainThread) Intermediate result: 0.7866736246797462  (Index 60)
-----------------ETPA RESULT-------------------
Epoch 30: Validation	rmse: 17.84	mae: 14.48	mape: 106.16%	acc@10: 40.14%	acc@20: 73.14%	acc@30: 90.62%	
[2023-12-01 06:51:50] INFO (nni/MainThread) Intermediate result: 17.842246784895448  (Index 61)
*** Epoch: 31 ***
-----------------G2R RESULT-------------------

val result: krc:0.781 | lsd:0.617 | ed:0.973 | hr@1:0.659 | hr@2:0.871 | hr@3:0.915 | acc@1:0.659 | acc@2:0.596 | acc@3:0.553 | Best krc: 0.791 | Best epoch: 22
[2023-12-01 06:52:18] INFO (nni/MainThread) Intermediate result: 0.7809938937966923  (Index 62)
-----------------ETPA RESULT-------------------
Epoch 31: Validation	rmse: 17.8	mae: 14.46	mape: 106.0%	acc@10: 40.16%	acc@20: 73.28%	acc@30: 90.71%	
[2023-12-01 06:52:18] INFO (nni/MainThread) Intermediate result: 17.804747737869345  (Index 63)
*** Epoch: 32 ***
-----------------G2R RESULT-------------------

val result: krc:0.792 | lsd:0.615 | ed:0.924 | hr@1:0.654 | hr@2:0.877 | hr@3:0.92 | acc@1:0.654 | acc@2:0.6 | acc@3:0.572 | Best krc: 0.791 | Best epoch: 22
best model saved
[2023-12-01 06:52:48] INFO (nni/MainThread) Intermediate result: 0.7924424662771842  (Index 64)
-----------------ETPA RESULT-------------------
Epoch 32: Validation	rmse: 17.73	mae: 14.39	mape: 105.41%	acc@10: 40.46%	acc@20: 73.51%	acc@30: 90.8%	
[2023-12-01 06:52:48] INFO (nni/MainThread) Intermediate result: 17.72676727418859  (Index 65)
*** Epoch: 33 ***
-----------------G2R RESULT-------------------

val result: krc:0.787 | lsd:0.627 | ed:0.95 | hr@1:0.648 | hr@2:0.873 | hr@3:0.919 | acc@1:0.648 | acc@2:0.59 | acc@3:0.561 | Best krc: 0.792 | Best epoch: 32
[2023-12-01 06:53:17] INFO (nni/MainThread) Intermediate result: 0.7872877757879944  (Index 66)
-----------------ETPA RESULT-------------------
Epoch 33: Validation	rmse: 17.66	mae: 14.33	mape: 104.91%	acc@10: 40.68%	acc@20: 73.74%	acc@30: 90.88%	
[2023-12-01 06:53:17] INFO (nni/MainThread) Intermediate result: 17.66160712836357  (Index 67)
*** Epoch: 34 ***
-----------------G2R RESULT-------------------

val result: krc:0.79 | lsd:0.613 | ed:0.929 | hr@1:0.652 | hr@2:0.873 | hr@3:0.919 | acc@1:0.652 | acc@2:0.596 | acc@3:0.566 | Best krc: 0.792 | Best epoch: 32
[2023-12-01 06:53:45] INFO (nni/MainThread) Intermediate result: 0.789978733957746  (Index 68)
-----------------ETPA RESULT-------------------
Epoch 34: Validation	rmse: 17.63	mae: 14.31	mape: 104.74%	acc@10: 40.72%	acc@20: 73.84%	acc@30: 90.92%	
[2023-12-01 06:53:45] INFO (nni/MainThread) Intermediate result: 17.633912529585572  (Index 69)
*** Epoch: 35 ***
-----------------G2R RESULT-------------------

val result: krc:0.791 | lsd:0.612 | ed:0.923 | hr@1:0.652 | hr@2:0.875 | hr@3:0.92 | acc@1:0.652 | acc@2:0.599 | acc@3:0.568 | Best krc: 0.792 | Best epoch: 32
[2023-12-01 06:54:15] INFO (nni/MainThread) Intermediate result: 0.7906258870928743  (Index 70)
-----------------ETPA RESULT-------------------
Epoch 35: Validation	rmse: 17.56	mae: 14.25	mape: 104.19%	acc@10: 40.94%	acc@20: 74.02%	acc@30: 91.02%	
[2023-12-01 06:54:15] INFO (nni/MainThread) Intermediate result: 17.564149413270133  (Index 71)
*** Epoch: 36 ***
-----------------G2R RESULT-------------------

val result: krc:0.791 | lsd:0.601 | ed:0.934 | hr@1:0.653 | hr@2:0.876 | hr@3:0.919 | acc@1:0.653 | acc@2:0.599 | acc@3:0.563 | Best krc: 0.792 | Best epoch: 32
[2023-12-01 06:54:45] INFO (nni/MainThread) Intermediate result: 0.7905640726016765  (Index 72)
-----------------ETPA RESULT-------------------
Epoch 36: Validation	rmse: 17.52	mae: 14.2	mape: 103.72%	acc@10: 41.19%	acc@20: 74.16%	acc@30: 91.09%	
[2023-12-01 06:54:45] INFO (nni/MainThread) Intermediate result: 17.518470319042283  (Index 73)
*** Epoch: 37 ***
-----------------G2R RESULT-------------------

val result: krc:0.768 | lsd:0.678 | ed:1.01 | hr@1:0.634 | hr@2:0.869 | hr@3:0.912 | acc@1:0.634 | acc@2:0.577 | acc@3:0.534 | Best krc: 0.792 | Best epoch: 32
[2023-12-01 06:55:14] INFO (nni/MainThread) Intermediate result: 0.7678577850593591  (Index 74)
-----------------ETPA RESULT-------------------
Epoch 37: Validation	rmse: 17.45	mae: 14.13	mape: 103.09%	acc@10: 41.48%	acc@20: 74.36%	acc@30: 91.19%	
[2023-12-01 06:55:14] INFO (nni/MainThread) Intermediate result: 17.447090633210646  (Index 75)
*** Epoch: 38 ***
-----------------G2R RESULT-------------------

val result: krc:0.789 | lsd:0.627 | ed:0.941 | hr@1:0.649 | hr@2:0.876 | hr@3:0.918 | acc@1:0.649 | acc@2:0.598 | acc@3:0.567 | Best krc: 0.792 | Best epoch: 32
[2023-12-01 06:55:44] INFO (nni/MainThread) Intermediate result: 0.7892425322333498  (Index 76)
-----------------ETPA RESULT-------------------
Epoch 38: Validation	rmse: 17.4	mae: 14.09	mape: 102.74%	acc@10: 41.64%	acc@20: 74.52%	acc@30: 91.22%	
[2023-12-01 06:55:44] INFO (nni/MainThread) Intermediate result: 17.397744354128243  (Index 77)
*** Epoch: 39 ***
-----------------G2R RESULT-------------------

val result: krc:0.766 | lsd:0.655 | ed:1.015 | hr@1:0.639 | hr@2:0.867 | hr@3:0.91 | acc@1:0.639 | acc@2:0.579 | acc@3:0.536 | Best krc: 0.792 | Best epoch: 32
[2023-12-01 06:56:13] INFO (nni/MainThread) Intermediate result: 0.7658095416381381  (Index 78)
-----------------ETPA RESULT-------------------
Epoch 39: Validation	rmse: 17.34	mae: 14.04	mape: 102.35%	acc@10: 41.81%	acc@20: 74.68%	acc@30: 91.31%	
[2023-12-01 06:56:13] INFO (nni/MainThread) Intermediate result: 17.34486141333732  (Index 79)
*** Epoch: 40 ***
-----------------G2R RESULT-------------------

val result: krc:0.79 | lsd:0.608 | ed:0.924 | hr@1:0.653 | hr@2:0.876 | hr@3:0.919 | acc@1:0.653 | acc@2:0.6 | acc@3:0.569 | Best krc: 0.792 | Best epoch: 32
[2023-12-01 06:56:43] INFO (nni/MainThread) Intermediate result: 0.7903499480325016  (Index 80)
-----------------ETPA RESULT-------------------
Epoch 40: Validation	rmse: 17.32	mae: 14.02	mape: 102.13%	acc@10: 41.84%	acc@20: 74.76%	acc@30: 91.34%	
[2023-12-01 06:56:43] INFO (nni/MainThread) Intermediate result: 17.31750183108517  (Index 81)
*** Epoch: 41 ***
-----------------G2R RESULT-------------------

val result: krc:0.78 | lsd:0.631 | ed:0.955 | hr@1:0.65 | hr@2:0.869 | hr@3:0.913 | acc@1:0.65 | acc@2:0.591 | acc@3:0.554 | Best krc: 0.792 | Best epoch: 32
[2023-12-01 06:57:12] INFO (nni/MainThread) Intermediate result: 0.7800404887505893  (Index 82)
-----------------ETPA RESULT-------------------
Epoch 41: Validation	rmse: 17.25	mae: 13.97	mape: 101.65%	acc@10: 42.01%	acc@20: 74.94%	acc@30: 91.46%	
[2023-12-01 06:57:12] INFO (nni/MainThread) Intermediate result: 17.251968527031682  (Index 83)
*** Epoch: 42 ***
-----------------G2R RESULT-------------------

val result: krc:0.79 | lsd:0.622 | ed:0.944 | hr@1:0.651 | hr@2:0.874 | hr@3:0.919 | acc@1:0.651 | acc@2:0.599 | acc@3:0.565 | Best krc: 0.792 | Best epoch: 32
[2023-12-01 06:57:40] INFO (nni/MainThread) Intermediate result: 0.7899275635698897  (Index 84)
-----------------ETPA RESULT-------------------
Epoch 42: Validation	rmse: 17.2	mae: 13.92	mape: 101.24%	acc@10: 42.16%	acc@20: 75.06%	acc@30: 91.55%	
[2023-12-01 06:57:40] INFO (nni/MainThread) Intermediate result: 17.199228548307595  (Index 85)
*** Epoch: 43 ***
-----------------G2R RESULT-------------------

val result: krc:0.789 | lsd:0.611 | ed:0.941 | hr@1:0.656 | hr@2:0.874 | hr@3:0.918 | acc@1:0.656 | acc@2:0.6 | acc@3:0.562 | Best krc: 0.792 | Best epoch: 32
[2023-12-01 06:58:09] INFO (nni/MainThread) Intermediate result: 0.789360295569303  (Index 86)
-----------------ETPA RESULT-------------------
Epoch 43: Validation	rmse: 17.19	mae: 13.91	mape: 101.12%	acc@10: 42.22%	acc@20: 75.13%	acc@30: 91.58%	
[2023-12-01 06:58:09] INFO (nni/MainThread) Intermediate result: 17.19177384782131  (Index 87)
*** Epoch: 44 ***
-----------------G2R RESULT-------------------

val result: krc:0.792 | lsd:0.621 | ed:0.927 | hr@1:0.655 | hr@2:0.87 | hr@3:0.921 | acc@1:0.655 | acc@2:0.595 | acc@3:0.567 | Best krc: 0.792 | Best epoch: 32
[2023-12-01 06:58:38] INFO (nni/MainThread) Intermediate result: 0.791840830791421  (Index 88)
-----------------ETPA RESULT-------------------
Epoch 44: Validation	rmse: 17.18	mae: 13.9	mape: 100.99%	acc@10: 42.26%	acc@20: 75.19%	acc@30: 91.63%	
[2023-12-01 06:58:39] INFO (nni/MainThread) Intermediate result: 17.179269604275806  (Index 89)
*** Epoch: 45 ***
-----------------G2R RESULT-------------------

val result: krc:0.793 | lsd:0.616 | ed:0.928 | hr@1:0.657 | hr@2:0.876 | hr@3:0.921 | acc@1:0.657 | acc@2:0.6 | acc@3:0.57 | Best krc: 0.792 | Best epoch: 32
best model saved
[2023-12-01 06:59:09] INFO (nni/MainThread) Intermediate result: 0.7934741082008243  (Index 90)
-----------------ETPA RESULT-------------------
Epoch 45: Validation	rmse: 17.16	mae: 13.88	mape: 100.78%	acc@10: 42.33%	acc@20: 75.3%	acc@30: 91.63%	
[2023-12-01 06:59:09] INFO (nni/MainThread) Intermediate result: 17.157406292050517  (Index 91)
*** Epoch: 46 ***
-----------------G2R RESULT-------------------

val result: krc:0.792 | lsd:0.599 | ed:0.919 | hr@1:0.659 | hr@2:0.876 | hr@3:0.92 | acc@1:0.659 | acc@2:0.604 | acc@3:0.57 | Best krc: 0.793 | Best epoch: 45
[2023-12-01 06:59:38] INFO (nni/MainThread) Intermediate result: 0.7921182236442402  (Index 92)
-----------------ETPA RESULT-------------------
Epoch 46: Validation	rmse: 17.11	mae: 13.83	mape: 100.37%	acc@10: 42.5%	acc@20: 75.44%	acc@30: 91.71%	
[2023-12-01 06:59:38] INFO (nni/MainThread) Intermediate result: 17.105908660129558  (Index 93)
*** Epoch: 47 ***
-----------------G2R RESULT-------------------

val result: krc:0.797 | lsd:0.602 | ed:0.915 | hr@1:0.663 | hr@2:0.876 | hr@3:0.92 | acc@1:0.663 | acc@2:0.606 | acc@3:0.575 | Best krc: 0.793 | Best epoch: 45
best model saved
[2023-12-01 07:00:08] INFO (nni/MainThread) Intermediate result: 0.7973077863851804  (Index 94)
-----------------ETPA RESULT-------------------
Epoch 47: Validation	rmse: 17.05	mae: 13.79	mape: 99.9%	acc@10: 42.71%	acc@20: 75.57%	acc@30: 91.79%	
[2023-12-01 07:00:08] INFO (nni/MainThread) Intermediate result: 17.0530836746736  (Index 95)
*** Epoch: 48 ***
-----------------G2R RESULT-------------------

val result: krc:0.796 | lsd:0.605 | ed:0.923 | hr@1:0.661 | hr@2:0.873 | hr@3:0.92 | acc@1:0.661 | acc@2:0.6 | acc@3:0.571 | Best krc: 0.797 | Best epoch: 47
[2023-12-01 07:00:37] INFO (nni/MainThread) Intermediate result: 0.7957691850652061  (Index 96)
-----------------ETPA RESULT-------------------
Epoch 48: Validation	rmse: 17.01	mae: 13.75	mape: 99.54%	acc@10: 42.86%	acc@20: 75.69%	acc@30: 91.87%	
[2023-12-01 07:00:37] INFO (nni/MainThread) Intermediate result: 17.006172239498188  (Index 97)
*** Epoch: 49 ***
-----------------G2R RESULT-------------------

val result: krc:0.797 | lsd:0.608 | ed:0.92 | hr@1:0.663 | hr@2:0.876 | hr@3:0.92 | acc@1:0.663 | acc@2:0.607 | acc@3:0.575 | Best krc: 0.797 | Best epoch: 47
[2023-12-01 07:01:06] INFO (nni/MainThread) Intermediate result: 0.7968507846426518  (Index 98)
-----------------ETPA RESULT-------------------
Epoch 49: Validation	rmse: 16.98	mae: 13.72	mape: 99.3%	acc@10: 42.96%	acc@20: 75.79%	acc@30: 91.91%	
[2023-12-01 07:01:06] INFO (nni/MainThread) Intermediate result: 16.978477858922833  (Index 99)
*** Epoch: 50 ***
-----------------G2R RESULT-------------------

val result: krc:0.8 | lsd:0.591 | ed:0.92 | hr@1:0.662 | hr@2:0.876 | hr@3:0.923 | acc@1:0.662 | acc@2:0.602 | acc@3:0.573 | Best krc: 0.797 | Best epoch: 47
best model saved
[2023-12-01 07:01:37] INFO (nni/MainThread) Intermediate result: 0.800334441182714  (Index 100)
-----------------ETPA RESULT-------------------
Epoch 50: Validation	rmse: 16.95	mae: 13.69	mape: 99.06%	acc@10: 43.06%	acc@20: 75.88%	acc@30: 91.94%	
[2023-12-01 07:01:37] INFO (nni/MainThread) Intermediate result: 16.949259824317906  (Index 101)
*** Epoch: 51 ***
-----------------G2R RESULT-------------------

val result: krc:0.802 | lsd:0.586 | ed:0.903 | hr@1:0.672 | hr@2:0.878 | hr@3:0.923 | acc@1:0.672 | acc@2:0.612 | acc@3:0.582 | Best krc: 0.8 | Best epoch: 50
best model saved
[2023-12-01 07:02:07] INFO (nni/MainThread) Intermediate result: 0.8019219488830331  (Index 102)
-----------------ETPA RESULT-------------------
Epoch 51: Validation	rmse: 16.9	mae: 13.65	mape: 98.64%	acc@10: 43.26%	acc@20: 76.03%	acc@30: 92.02%	
[2023-12-01 07:02:07] INFO (nni/MainThread) Intermediate result: 16.89901126049915  (Index 103)
*** Epoch: 52 ***
-----------------G2R RESULT-------------------

val result: krc:0.799 | lsd:0.6 | ed:0.908 | hr@1:0.671 | hr@2:0.875 | hr@3:0.922 | acc@1:0.671 | acc@2:0.61 | acc@3:0.581 | Best krc: 0.802 | Best epoch: 51
[2023-12-01 07:02:37] INFO (nni/MainThread) Intermediate result: 0.7990172314527364  (Index 104)
-----------------ETPA RESULT-------------------
Epoch 52: Validation	rmse: 16.86	mae: 13.61	mape: 98.27%	acc@10: 43.4%	acc@20: 76.16%	acc@30: 92.07%	
[2023-12-01 07:02:37] INFO (nni/MainThread) Intermediate result: 16.856155945453033  (Index 105)
*** Epoch: 53 ***
-----------------G2R RESULT-------------------

val result: krc:0.796 | lsd:0.617 | ed:0.922 | hr@1:0.664 | hr@2:0.875 | hr@3:0.92 | acc@1:0.664 | acc@2:0.61 | acc@3:0.578 | Best krc: 0.802 | Best epoch: 51
[2023-12-01 07:03:06] INFO (nni/MainThread) Intermediate result: 0.795750717727106  (Index 106)
-----------------ETPA RESULT-------------------
Epoch 53: Validation	rmse: 16.81	mae: 13.57	mape: 97.84%	acc@10: 43.59%	acc@20: 76.28%	acc@30: 92.13%	
[2023-12-01 07:03:06] INFO (nni/MainThread) Intermediate result: 16.809218039896766  (Index 107)
*** Epoch: 54 ***
-----------------G2R RESULT-------------------

val result: krc:0.798 | lsd:0.601 | ed:0.908 | hr@1:0.668 | hr@2:0.878 | hr@3:0.92 | acc@1:0.668 | acc@2:0.613 | acc@3:0.581 | Best krc: 0.802 | Best epoch: 51
[2023-12-01 07:03:36] INFO (nni/MainThread) Intermediate result: 0.7982558124315886  (Index 108)
-----------------ETPA RESULT-------------------
Epoch 54: Validation	rmse: 16.77	mae: 13.53	mape: 97.51%	acc@10: 43.77%	acc@20: 76.4%	acc@30: 92.18%	
[2023-12-01 07:03:36] INFO (nni/MainThread) Intermediate result: 16.76622898915654  (Index 109)
*** Epoch: 55 ***
-----------------G2R RESULT-------------------

val result: krc:0.803 | lsd:0.589 | ed:0.907 | hr@1:0.664 | hr@2:0.879 | hr@3:0.922 | acc@1:0.664 | acc@2:0.611 | acc@3:0.578 | Best krc: 0.802 | Best epoch: 51
best model saved
[2023-12-01 07:04:08] INFO (nni/MainThread) Intermediate result: 0.802819154642504  (Index 110)
-----------------ETPA RESULT-------------------
Epoch 55: Validation	rmse: 16.71	mae: 13.48	mape: 96.99%	acc@10: 43.99%	acc@20: 76.55%	acc@30: 92.26%	
[2023-12-01 07:04:08] INFO (nni/MainThread) Intermediate result: 16.713698719232074  (Index 111)
*** Epoch: 56 ***
-----------------G2R RESULT-------------------

val result: krc:0.782 | lsd:0.685 | ed:0.972 | hr@1:0.654 | hr@2:0.873 | hr@3:0.913 | acc@1:0.654 | acc@2:0.594 | acc@3:0.556 | Best krc: 0.803 | Best epoch: 55
[2023-12-01 07:04:38] INFO (nni/MainThread) Intermediate result: 0.7819050896794664  (Index 112)
-----------------ETPA RESULT-------------------
Epoch 56: Validation	rmse: 16.68	mae: 13.46	mape: 96.78%	acc@10: 44.07%	acc@20: 76.63%	acc@30: 92.31%	
[2023-12-01 07:04:38] INFO (nni/MainThread) Intermediate result: 16.68237651768465  (Index 113)
*** Epoch: 57 ***
-----------------G2R RESULT-------------------

val result: krc:0.774 | lsd:0.694 | ed:0.993 | hr@1:0.65 | hr@2:0.868 | hr@3:0.91 | acc@1:0.65 | acc@2:0.589 | acc@3:0.545 | Best krc: 0.803 | Best epoch: 55
[2023-12-01 07:05:08] INFO (nni/MainThread) Intermediate result: 0.7737589227401209  (Index 114)
-----------------ETPA RESULT-------------------
Epoch 57: Validation	rmse: 16.69	mae: 13.47	mape: 96.82%	acc@10: 44.04%	acc@20: 76.63%	acc@30: 92.32%	
[2023-12-01 07:05:08] INFO (nni/MainThread) Intermediate result: 16.685712703011685  (Index 115)
*** Epoch: 58 ***
-----------------G2R RESULT-------------------

val result: krc:0.802 | lsd:0.618 | ed:0.914 | hr@1:0.67 | hr@2:0.88 | hr@3:0.921 | acc@1:0.67 | acc@2:0.614 | acc@3:0.581 | Best krc: 0.803 | Best epoch: 55
[2023-12-01 07:05:38] INFO (nni/MainThread) Intermediate result: 0.8022919511944436  (Index 116)
-----------------ETPA RESULT-------------------
Epoch 58: Validation	rmse: 16.66	mae: 13.44	mape: 96.64%	acc@10: 44.09%	acc@20: 76.7%	acc@30: 92.37%	
[2023-12-01 07:05:38] INFO (nni/MainThread) Intermediate result: 16.658939162583078  (Index 117)
*** Epoch: 59 ***
-----------------G2R RESULT-------------------

val result: krc:0.802 | lsd:0.636 | ed:0.918 | hr@1:0.674 | hr@2:0.877 | hr@3:0.919 | acc@1:0.674 | acc@2:0.613 | acc@3:0.578 | Best krc: 0.803 | Best epoch: 55
[2023-12-01 07:06:11] INFO (nni/MainThread) Intermediate result: 0.8018983720776461  (Index 118)
-----------------ETPA RESULT-------------------
Epoch 59: Validation	rmse: 16.62	mae: 13.41	mape: 96.26%	acc@10: 44.23%	acc@20: 76.84%	acc@30: 92.44%	
[2023-12-01 07:06:11] INFO (nni/MainThread) Intermediate result: 16.616059981096438  (Index 119)
*** Epoch: 60 ***
-----------------G2R RESULT-------------------

val result: krc:0.803 | lsd:0.623 | ed:0.902 | hr@1:0.676 | hr@2:0.879 | hr@3:0.921 | acc@1:0.676 | acc@2:0.617 | acc@3:0.585 | Best krc: 0.803 | Best epoch: 55
best model saved
[2023-12-01 07:06:42] INFO (nni/MainThread) Intermediate result: 0.803451433665688  (Index 120)
-----------------ETPA RESULT-------------------
Epoch 60: Validation	rmse: 16.58	mae: 13.38	mape: 95.98%	acc@10: 44.36%	acc@20: 76.91%	acc@30: 92.49%	
[2023-12-01 07:06:42] INFO (nni/MainThread) Intermediate result: 16.584616443049338  (Index 121)
*** Epoch: 61 ***
-----------------G2R RESULT-------------------

val result: krc:0.803 | lsd:0.596 | ed:0.911 | hr@1:0.672 | hr@2:0.878 | hr@3:0.921 | acc@1:0.672 | acc@2:0.614 | acc@3:0.581 | Best krc: 0.803 | Best epoch: 60
[2023-12-01 07:07:12] INFO (nni/MainThread) Intermediate result: 0.8026993146450953  (Index 122)
-----------------ETPA RESULT-------------------
Epoch 61: Validation	rmse: 16.57	mae: 13.37	mape: 95.89%	acc@10: 44.41%	acc@20: 76.95%	acc@30: 92.51%	
[2023-12-01 07:07:12] INFO (nni/MainThread) Intermediate result: 16.56966511940257  (Index 123)
*** Epoch: 62 ***
-----------------G2R RESULT-------------------

val result: krc:0.801 | lsd:0.599 | ed:0.92 | hr@1:0.677 | hr@2:0.881 | hr@3:0.92 | acc@1:0.677 | acc@2:0.618 | acc@3:0.581 | Best krc: 0.803 | Best epoch: 60
[2023-12-01 07:07:42] INFO (nni/MainThread) Intermediate result: 0.8011429089785016  (Index 124)
-----------------ETPA RESULT-------------------
Epoch 62: Validation	rmse: 16.55	mae: 13.35	mape: 95.76%	acc@10: 44.47%	acc@20: 77.0%	acc@30: 92.53%	
[2023-12-01 07:07:42] INFO (nni/MainThread) Intermediate result: 16.55448668013973  (Index 125)
*** Epoch: 63 ***
-----------------G2R RESULT-------------------

val result: krc:0.803 | lsd:0.591 | ed:0.907 | hr@1:0.673 | hr@2:0.88 | hr@3:0.922 | acc@1:0.673 | acc@2:0.617 | acc@3:0.585 | Best krc: 0.803 | Best epoch: 60
[2023-12-01 07:08:12] INFO (nni/MainThread) Intermediate result: 0.802875961914003  (Index 126)
-----------------ETPA RESULT-------------------
Epoch 63: Validation	rmse: 16.52	mae: 13.32	mape: 95.35%	acc@10: 44.63%	acc@20: 77.11%	acc@30: 92.56%	
[2023-12-01 07:08:12] INFO (nni/MainThread) Intermediate result: 16.51786239913637  (Index 127)
*** Epoch: 64 ***
-----------------G2R RESULT-------------------

val result: krc:0.81 | lsd:0.569 | ed:0.881 | hr@1:0.683 | hr@2:0.882 | hr@3:0.925 | acc@1:0.683 | acc@2:0.624 | acc@3:0.596 | Best krc: 0.803 | Best epoch: 60
best model saved
[2023-12-01 07:08:43] INFO (nni/MainThread) Intermediate result: 0.8097756793078175  (Index 128)
-----------------ETPA RESULT-------------------
Epoch 64: Validation	rmse: 16.5	mae: 13.3	mape: 95.17%	acc@10: 44.73%	acc@20: 77.14%	acc@30: 92.59%	
[2023-12-01 07:08:43] INFO (nni/MainThread) Intermediate result: 16.50017493051806  (Index 129)
*** Epoch: 65 ***
-----------------G2R RESULT-------------------

val result: krc:0.801 | lsd:0.609 | ed:0.915 | hr@1:0.667 | hr@2:0.877 | hr@3:0.919 | acc@1:0.667 | acc@2:0.61 | acc@3:0.578 | Best krc: 0.81 | Best epoch: 64
[2023-12-01 07:09:13] INFO (nni/MainThread) Intermediate result: 0.8007894251532204  (Index 130)
-----------------ETPA RESULT-------------------
Epoch 65: Validation	rmse: 16.46	mae: 13.26	mape: 94.83%	acc@10: 44.88%	acc@20: 77.27%	acc@30: 92.67%	
[2023-12-01 07:09:13] INFO (nni/MainThread) Intermediate result: 16.457861933950646  (Index 131)
*** Epoch: 66 ***
-----------------G2R RESULT-------------------

val result: krc:0.812 | lsd:0.583 | ed:0.874 | hr@1:0.689 | hr@2:0.883 | hr@3:0.925 | acc@1:0.689 | acc@2:0.635 | acc@3:0.605 | Best krc: 0.81 | Best epoch: 64
best model saved
[2023-12-01 07:09:44] INFO (nni/MainThread) Intermediate result: 0.8121720586171831  (Index 132)
-----------------ETPA RESULT-------------------
Epoch 66: Validation	rmse: 16.43	mae: 13.24	mape: 94.6%	acc@10: 44.96%	acc@20: 77.35%	acc@30: 92.7%	
[2023-12-01 07:09:44] INFO (nni/MainThread) Intermediate result: 16.43118654422453  (Index 133)
*** Epoch: 67 ***
-----------------G2R RESULT-------------------

val result: krc:0.813 | lsd:0.565 | ed:0.863 | hr@1:0.684 | hr@2:0.881 | hr@3:0.923 | acc@1:0.684 | acc@2:0.631 | acc@3:0.603 | Best krc: 0.812 | Best epoch: 66
best model saved
[2023-12-01 07:10:15] INFO (nni/MainThread) Intermediate result: 0.8134896676304633  (Index 134)
-----------------ETPA RESULT-------------------
Epoch 67: Validation	rmse: 16.4	mae: 13.21	mape: 94.34%	acc@10: 45.08%	acc@20: 77.46%	acc@30: 92.74%	
[2023-12-01 07:10:15] INFO (nni/MainThread) Intermediate result: 16.403419175525503  (Index 135)
*** Epoch: 68 ***
-----------------G2R RESULT-------------------

val result: krc:0.819 | lsd:0.549 | ed:0.84 | hr@1:0.697 | hr@2:0.886 | hr@3:0.925 | acc@1:0.697 | acc@2:0.644 | acc@3:0.612 | Best krc: 0.813 | Best epoch: 67
best model saved
[2023-12-01 07:10:47] INFO (nni/MainThread) Intermediate result: 0.8191486898176885  (Index 136)
-----------------ETPA RESULT-------------------
Epoch 68: Validation	rmse: 16.37	mae: 13.18	mape: 93.99%	acc@10: 45.22%	acc@20: 77.56%	acc@30: 92.78%	
[2023-12-01 07:10:47] INFO (nni/MainThread) Intermediate result: 16.368748540789497  (Index 137)
*** Epoch: 69 ***
-----------------G2R RESULT-------------------

val result: krc:0.815 | lsd:0.56 | ed:0.866 | hr@1:0.689 | hr@2:0.885 | hr@3:0.926 | acc@1:0.689 | acc@2:0.634 | acc@3:0.604 | Best krc: 0.819 | Best epoch: 68
[2023-12-01 07:11:17] INFO (nni/MainThread) Intermediate result: 0.8147960455874755  (Index 138)
-----------------ETPA RESULT-------------------
Epoch 69: Validation	rmse: 16.34	mae: 13.15	mape: 93.75%	acc@10: 45.33%	acc@20: 77.65%	acc@30: 92.82%	
[2023-12-01 07:11:17] INFO (nni/MainThread) Intermediate result: 16.340688167012686  (Index 139)
*** Epoch: 70 ***
-----------------G2R RESULT-------------------

val result: krc:0.814 | lsd:0.57 | ed:0.865 | hr@1:0.694 | hr@2:0.885 | hr@3:0.926 | acc@1:0.694 | acc@2:0.637 | acc@3:0.606 | Best krc: 0.819 | Best epoch: 68
[2023-12-01 07:11:47] INFO (nni/MainThread) Intermediate result: 0.8136911115573117  (Index 140)
-----------------ETPA RESULT-------------------
Epoch 70: Validation	rmse: 16.32	mae: 13.13	mape: 93.52%	acc@10: 45.44%	acc@20: 77.73%	acc@30: 92.83%	
[2023-12-01 07:11:47] INFO (nni/MainThread) Intermediate result: 16.316003535001844  (Index 141)
*** Epoch: 71 ***
-----------------G2R RESULT-------------------

val result: krc:0.817 | lsd:0.559 | ed:0.848 | hr@1:0.704 | hr@2:0.887 | hr@3:0.926 | acc@1:0.704 | acc@2:0.648 | acc@3:0.613 | Best krc: 0.819 | Best epoch: 68
[2023-12-01 07:12:17] INFO (nni/MainThread) Intermediate result: 0.817456960439033  (Index 142)
-----------------ETPA RESULT-------------------
Epoch 71: Validation	rmse: 16.3	mae: 13.11	mape: 93.35%	acc@10: 45.55%	acc@20: 77.77%	acc@30: 92.83%	
[2023-12-01 07:12:17] INFO (nni/MainThread) Intermediate result: 16.300531777462343  (Index 143)
*** Epoch: 72 ***
-----------------G2R RESULT-------------------

val result: krc:0.814 | lsd:0.559 | ed:0.869 | hr@1:0.697 | hr@2:0.887 | hr@3:0.927 | acc@1:0.697 | acc@2:0.638 | acc@3:0.606 | Best krc: 0.819 | Best epoch: 68
[2023-12-01 07:12:48] INFO (nni/MainThread) Intermediate result: 0.8144878014663758  (Index 144)
-----------------ETPA RESULT-------------------
Epoch 72: Validation	rmse: 16.3	mae: 13.11	mape: 93.36%	acc@10: 45.54%	acc@20: 77.78%	acc@30: 92.85%	
[2023-12-01 07:12:48] INFO (nni/MainThread) Intermediate result: 16.30163991203772  (Index 145)
*** Epoch: 73 ***
-----------------G2R RESULT-------------------

val result: krc:0.799 | lsd:0.637 | ed:0.923 | hr@1:0.687 | hr@2:0.883 | hr@3:0.921 | acc@1:0.687 | acc@2:0.625 | acc@3:0.587 | Best krc: 0.819 | Best epoch: 68
[2023-12-01 07:13:17] INFO (nni/MainThread) Intermediate result: 0.7987967740044697  (Index 146)
-----------------ETPA RESULT-------------------
Epoch 73: Validation	rmse: 16.29	mae: 13.1	mape: 93.24%	acc@10: 45.63%	acc@20: 77.81%	acc@30: 92.86%	
[2023-12-01 07:13:18] INFO (nni/MainThread) Intermediate result: 16.287790108566988  (Index 147)
*** Epoch: 74 ***
-----------------G2R RESULT-------------------

val result: krc:0.821 | lsd:0.535 | ed:0.862 | hr@1:0.713 | hr@2:0.888 | hr@3:0.926 | acc@1:0.713 | acc@2:0.651 | acc@3:0.613 | Best krc: 0.819 | Best epoch: 68
best model saved
[2023-12-01 07:13:49] INFO (nni/MainThread) Intermediate result: 0.8205647587282918  (Index 148)
-----------------ETPA RESULT-------------------
Epoch 74: Validation	rmse: 16.27	mae: 13.08	mape: 93.09%	acc@10: 45.72%	acc@20: 77.84%	acc@30: 92.88%	
[2023-12-01 07:13:49] INFO (nni/MainThread) Intermediate result: 16.274237278844783  (Index 149)
*** Epoch: 75 ***
-----------------G2R RESULT-------------------

val result: krc:0.825 | lsd:0.543 | ed:0.841 | hr@1:0.711 | hr@2:0.888 | hr@3:0.928 | acc@1:0.711 | acc@2:0.653 | acc@3:0.622 | Best krc: 0.821 | Best epoch: 74
best model saved
[2023-12-01 07:14:23] INFO (nni/MainThread) Intermediate result: 0.8248752455661071  (Index 150)
-----------------ETPA RESULT-------------------
Epoch 75: Validation	rmse: 16.25	mae: 13.06	mape: 92.83%	acc@10: 45.81%	acc@20: 77.94%	acc@30: 92.93%	
[2023-12-01 07:14:23] INFO (nni/MainThread) Intermediate result: 16.245103710120958  (Index 151)
*** Epoch: 76 ***
-----------------G2R RESULT-------------------

val result: krc:0.825 | lsd:0.532 | ed:0.831 | hr@1:0.715 | hr@2:0.89 | hr@3:0.93 | acc@1:0.715 | acc@2:0.655 | acc@3:0.625 | Best krc: 0.825 | Best epoch: 75
best model saved
[2023-12-01 07:14:54] INFO (nni/MainThread) Intermediate result: 0.8252156853818418  (Index 152)
-----------------ETPA RESULT-------------------
Epoch 76: Validation	rmse: 16.21	mae: 13.03	mape: 92.5%	acc@10: 45.96%	acc@20: 78.02%	acc@30: 92.97%	
[2023-12-01 07:14:54] INFO (nni/MainThread) Intermediate result: 16.214559358715814  (Index 153)
*** Epoch: 77 ***
-----------------G2R RESULT-------------------

val result: krc:0.826 | lsd:0.54 | ed:0.827 | hr@1:0.711 | hr@2:0.889 | hr@3:0.927 | acc@1:0.711 | acc@2:0.655 | acc@3:0.627 | Best krc: 0.825 | Best epoch: 76
best model saved
[2023-12-01 07:15:26] INFO (nni/MainThread) Intermediate result: 0.825905796740952  (Index 154)
-----------------ETPA RESULT-------------------
Epoch 77: Validation	rmse: 16.19	mae: 13.0	mape: 92.3%	acc@10: 46.03%	acc@20: 78.09%	acc@30: 93.0%	
[2023-12-01 07:15:26] INFO (nni/MainThread) Intermediate result: 16.191766112770473  (Index 155)
*** Epoch: 78 ***
-----------------G2R RESULT-------------------

val result: krc:0.824 | lsd:0.54 | ed:0.838 | hr@1:0.711 | hr@2:0.889 | hr@3:0.929 | acc@1:0.711 | acc@2:0.652 | acc@3:0.62 | Best krc: 0.826 | Best epoch: 77
[2023-12-01 07:15:58] INFO (nni/MainThread) Intermediate result: 0.823971726018075  (Index 156)
-----------------ETPA RESULT-------------------
Epoch 78: Validation	rmse: 16.16	mae: 12.98	mape: 92.02%	acc@10: 46.12%	acc@20: 78.2%	acc@30: 93.05%	
[2023-12-01 07:15:58] INFO (nni/MainThread) Intermediate result: 16.161110740218085  (Index 157)
*** Epoch: 79 ***
-----------------G2R RESULT-------------------

val result: krc:0.817 | lsd:0.561 | ed:0.863 | hr@1:0.703 | hr@2:0.886 | hr@3:0.925 | acc@1:0.703 | acc@2:0.646 | acc@3:0.613 | Best krc: 0.826 | Best epoch: 77
[2023-12-01 07:16:29] INFO (nni/MainThread) Intermediate result: 0.8166377242896701  (Index 158)
-----------------ETPA RESULT-------------------
Epoch 79: Validation	rmse: 16.13	mae: 12.95	mape: 91.7%	acc@10: 46.25%	acc@20: 78.28%	acc@30: 93.08%	
[2023-12-01 07:16:29] INFO (nni/MainThread) Intermediate result: 16.133941781119983  (Index 159)
*** Epoch: 80 ***
-----------------G2R RESULT-------------------

val result: krc:0.823 | lsd:0.533 | ed:0.845 | hr@1:0.703 | hr@2:0.89 | hr@3:0.926 | acc@1:0.703 | acc@2:0.649 | acc@3:0.617 | Best krc: 0.826 | Best epoch: 77
[2023-12-01 07:17:01] INFO (nni/MainThread) Intermediate result: 0.8231876426541929  (Index 160)
-----------------ETPA RESULT-------------------
Epoch 80: Validation	rmse: 16.11	mae: 12.93	mape: 91.5%	acc@10: 46.34%	acc@20: 78.33%	acc@30: 93.11%	
[2023-12-01 07:17:01] INFO (nni/MainThread) Intermediate result: 16.111539193384843  (Index 161)
*** Epoch: 81 ***
-----------------G2R RESULT-------------------

val result: krc:0.822 | lsd:0.53 | ed:0.846 | hr@1:0.711 | hr@2:0.889 | hr@3:0.929 | acc@1:0.711 | acc@2:0.65 | acc@3:0.62 | Best krc: 0.826 | Best epoch: 77
[2023-12-01 07:17:32] INFO (nni/MainThread) Intermediate result: 0.822345755104828  (Index 162)
-----------------ETPA RESULT-------------------
Epoch 81: Validation	rmse: 16.08	mae: 12.91	mape: 91.27%	acc@10: 46.43%	acc@20: 78.4%	acc@30: 93.15%	
[2023-12-01 07:17:32] INFO (nni/MainThread) Intermediate result: 16.084923931847946  (Index 163)
*** Epoch: 82 ***
-----------------G2R RESULT-------------------

val result: krc:0.805 | lsd:0.604 | ed:0.916 | hr@1:0.697 | hr@2:0.883 | hr@3:0.919 | acc@1:0.697 | acc@2:0.636 | acc@3:0.59 | Best krc: 0.826 | Best epoch: 77
[2023-12-01 07:18:04] INFO (nni/MainThread) Intermediate result: 0.8052607985708117  (Index 164)
-----------------ETPA RESULT-------------------
Epoch 82: Validation	rmse: 16.05	mae: 12.88	mape: 90.97%	acc@10: 46.53%	acc@20: 78.51%	acc@30: 93.19%	
[2023-12-01 07:18:04] INFO (nni/MainThread) Intermediate result: 16.050169756081164  (Index 165)
*** Epoch: 83 ***
-----------------G2R RESULT-------------------

val result: krc:0.821 | lsd:0.565 | ed:0.87 | hr@1:0.713 | hr@2:0.888 | hr@3:0.926 | acc@1:0.713 | acc@2:0.653 | acc@3:0.616 | Best krc: 0.826 | Best epoch: 77
[2023-12-01 07:18:35] INFO (nni/MainThread) Intermediate result: 0.8207884030009083  (Index 166)
-----------------ETPA RESULT-------------------
Epoch 83: Validation	rmse: 16.05	mae: 12.88	mape: 90.96%	acc@10: 46.53%	acc@20: 78.51%	acc@30: 93.22%	
[2023-12-01 07:18:35] INFO (nni/MainThread) Intermediate result: 16.04625556337003  (Index 167)
*** Epoch: 84 ***
-----------------G2R RESULT-------------------

val result: krc:0.824 | lsd:0.524 | ed:0.863 | hr@1:0.71 | hr@2:0.888 | hr@3:0.929 | acc@1:0.71 | acc@2:0.647 | acc@3:0.619 | Best krc: 0.826 | Best epoch: 77
[2023-12-01 07:19:06] INFO (nni/MainThread) Intermediate result: 0.8236329221637487  (Index 168)
-----------------ETPA RESULT-------------------
Epoch 84: Validation	rmse: 16.04	mae: 12.87	mape: 90.84%	acc@10: 46.58%	acc@20: 78.53%	acc@30: 93.22%	
[2023-12-01 07:19:06] INFO (nni/MainThread) Intermediate result: 16.036263582296773  (Index 169)
*** Epoch: 85 ***
-----------------G2R RESULT-------------------

val result: krc:0.832 | lsd:0.512 | ed:0.82 | hr@1:0.726 | hr@2:0.893 | hr@3:0.932 | acc@1:0.726 | acc@2:0.665 | acc@3:0.634 | Best krc: 0.826 | Best epoch: 77
best model saved
[2023-12-01 07:19:39] INFO (nni/MainThread) Intermediate result: 0.8319599220517455  (Index 170)
-----------------ETPA RESULT-------------------
Epoch 85: Validation	rmse: 16.01	mae: 12.84	mape: 90.62%	acc@10: 46.67%	acc@20: 78.6%	acc@30: 93.26%	
[2023-12-01 07:19:39] INFO (nni/MainThread) Intermediate result: 16.012484438941744  (Index 171)
*** Epoch: 86 ***
-----------------G2R RESULT-------------------

val result: krc:0.802 | lsd:0.62 | ed:0.928 | hr@1:0.697 | hr@2:0.883 | hr@3:0.918 | acc@1:0.697 | acc@2:0.638 | acc@3:0.589 | Best krc: 0.832 | Best epoch: 85
[2023-12-01 07:20:10] INFO (nni/MainThread) Intermediate result: 0.8022549275369564  (Index 172)
-----------------ETPA RESULT-------------------
Epoch 86: Validation	rmse: 16.0	mae: 12.83	mape: 90.48%	acc@10: 46.7%	acc@20: 78.64%	acc@30: 93.28%	
[2023-12-01 07:20:10] INFO (nni/MainThread) Intermediate result: 15.995300996139967  (Index 173)
*** Epoch: 87 ***
-----------------G2R RESULT-------------------

val result: krc:0.824 | lsd:0.531 | ed:0.85 | hr@1:0.714 | hr@2:0.891 | hr@3:0.931 | acc@1:0.714 | acc@2:0.655 | acc@3:0.624 | Best krc: 0.832 | Best epoch: 85
[2023-12-01 07:20:41] INFO (nni/MainThread) Intermediate result: 0.8237588323027764  (Index 174)
-----------------ETPA RESULT-------------------
Epoch 87: Validation	rmse: 15.97	mae: 12.81	mape: 90.32%	acc@10: 46.74%	acc@20: 78.71%	acc@30: 93.31%	
[2023-12-01 07:20:41] INFO (nni/MainThread) Intermediate result: 15.974437563692486  (Index 175)
*** Epoch: 88 ***
-----------------G2R RESULT-------------------

val result: krc:0.824 | lsd:0.551 | ed:0.853 | hr@1:0.714 | hr@2:0.89 | hr@3:0.929 | acc@1:0.714 | acc@2:0.652 | acc@3:0.623 | Best krc: 0.832 | Best epoch: 85
[2023-12-01 07:21:12] INFO (nni/MainThread) Intermediate result: 0.8244380578530119  (Index 176)
-----------------ETPA RESULT-------------------
Epoch 88: Validation	rmse: 15.95	mae: 12.8	mape: 90.15%	acc@10: 46.79%	acc@20: 78.78%	acc@30: 93.35%	
[2023-12-01 07:21:12] INFO (nni/MainThread) Intermediate result: 15.952964341977726  (Index 177)
*** Epoch: 89 ***
-----------------G2R RESULT-------------------

val result: krc:0.818 | lsd:0.57 | ed:0.874 | hr@1:0.71 | hr@2:0.888 | hr@3:0.924 | acc@1:0.71 | acc@2:0.648 | acc@3:0.611 | Best krc: 0.832 | Best epoch: 85
[2023-12-01 07:21:43] INFO (nni/MainThread) Intermediate result: 0.8184808868761645  (Index 178)
-----------------ETPA RESULT-------------------
Epoch 89: Validation	rmse: 15.94	mae: 12.78	mape: 90.01%	acc@10: 46.84%	acc@20: 78.84%	acc@30: 93.37%	
[2023-12-01 07:21:43] INFO (nni/MainThread) Intermediate result: 15.936031324103991  (Index 179)
*** Epoch: 90 ***
-----------------G2R RESULT-------------------

val result: krc:0.833 | lsd:0.534 | ed:0.827 | hr@1:0.731 | hr@2:0.892 | hr@3:0.932 | acc@1:0.731 | acc@2:0.668 | acc@3:0.635 | Best krc: 0.832 | Best epoch: 85
best model saved
[2023-12-01 07:22:16] INFO (nni/MainThread) Intermediate result: 0.833310446052029  (Index 180)
-----------------ETPA RESULT-------------------
Epoch 90: Validation	rmse: 15.91	mae: 12.76	mape: 89.84%	acc@10: 46.89%	acc@20: 78.92%	acc@30: 93.41%	
[2023-12-01 07:22:16] INFO (nni/MainThread) Intermediate result: 15.91369036364576  (Index 181)
*** Epoch: 91 ***
-----------------G2R RESULT-------------------

val result: krc:0.831 | lsd:0.525 | ed:0.828 | hr@1:0.721 | hr@2:0.892 | hr@3:0.932 | acc@1:0.721 | acc@2:0.662 | acc@3:0.633 | Best krc: 0.833 | Best epoch: 90
[2023-12-01 07:22:49] INFO (nni/MainThread) Intermediate result: 0.831144028686661  (Index 182)
-----------------ETPA RESULT-------------------
Epoch 91: Validation	rmse: 15.9	mae: 12.75	mape: 89.69%	acc@10: 46.97%	acc@20: 78.97%	acc@30: 93.43%	
[2023-12-01 07:22:49] INFO (nni/MainThread) Intermediate result: 15.89942386736489  (Index 183)
*** Epoch: 92 ***
-----------------G2R RESULT-------------------

val result: krc:0.828 | lsd:0.539 | ed:0.841 | hr@1:0.721 | hr@2:0.888 | hr@3:0.929 | acc@1:0.721 | acc@2:0.661 | acc@3:0.627 | Best krc: 0.833 | Best epoch: 90
[2023-12-01 07:23:21] INFO (nni/MainThread) Intermediate result: 0.8284713751001465  (Index 184)
-----------------ETPA RESULT-------------------
Epoch 92: Validation	rmse: 15.88	mae: 12.73	mape: 89.5%	acc@10: 47.04%	acc@20: 79.02%	acc@30: 93.45%	
[2023-12-01 07:23:21] INFO (nni/MainThread) Intermediate result: 15.881253857881942  (Index 185)
*** Epoch: 93 ***
-----------------G2R RESULT-------------------

val result: krc:0.831 | lsd:0.535 | ed:0.83 | hr@1:0.725 | hr@2:0.892 | hr@3:0.931 | acc@1:0.725 | acc@2:0.666 | acc@3:0.638 | Best krc: 0.833 | Best epoch: 90
[2023-12-01 07:23:52] INFO (nni/MainThread) Intermediate result: 0.831452008776014  (Index 186)
-----------------ETPA RESULT-------------------
Epoch 93: Validation	rmse: 15.86	mae: 12.71	mape: 89.25%	acc@10: 47.14%	acc@20: 79.1%	acc@30: 93.48%	
[2023-12-01 07:23:52] INFO (nni/MainThread) Intermediate result: 15.855312988450464  (Index 187)
*** Epoch: 94 ***
-----------------G2R RESULT-------------------

val result: krc:0.835 | lsd:0.52 | ed:0.819 | hr@1:0.735 | hr@2:0.895 | hr@3:0.935 | acc@1:0.735 | acc@2:0.673 | acc@3:0.638 | Best krc: 0.833 | Best epoch: 90
best model saved
[2023-12-01 07:24:27] INFO (nni/MainThread) Intermediate result: 0.8347324142601796  (Index 188)
-----------------ETPA RESULT-------------------
Epoch 94: Validation	rmse: 15.83	mae: 12.69	mape: 89.06%	acc@10: 47.22%	acc@20: 79.16%	acc@30: 93.51%	
[2023-12-01 07:24:27] INFO (nni/MainThread) Intermediate result: 15.834499257435926  (Index 189)
*** Epoch: 95 ***
-----------------G2R RESULT-------------------

val result: krc:0.837 | lsd:0.512 | ed:0.81 | hr@1:0.733 | hr@2:0.895 | hr@3:0.936 | acc@1:0.733 | acc@2:0.671 | acc@3:0.643 | Best krc: 0.835 | Best epoch: 94
best model saved
[2023-12-01 07:25:00] INFO (nni/MainThread) Intermediate result: 0.8369412109858109  (Index 190)
-----------------ETPA RESULT-------------------
Epoch 95: Validation	rmse: 15.82	mae: 12.68	mape: 88.96%	acc@10: 47.28%	acc@20: 79.18%	acc@30: 93.53%	
[2023-12-01 07:25:00] INFO (nni/MainThread) Intermediate result: 15.824714123993186  (Index 191)
*** Epoch: 96 ***
-----------------G2R RESULT-------------------

val result: krc:0.824 | lsd:0.557 | ed:0.853 | hr@1:0.711 | hr@2:0.893 | hr@3:0.93 | acc@1:0.711 | acc@2:0.653 | acc@3:0.622 | Best krc: 0.837 | Best epoch: 95
[2023-12-01 07:25:31] INFO (nni/MainThread) Intermediate result: 0.824270846483352  (Index 192)
-----------------ETPA RESULT-------------------
Epoch 96: Validation	rmse: 15.81	mae: 12.67	mape: 88.85%	acc@10: 47.33%	acc@20: 79.21%	acc@30: 93.55%	
[2023-12-01 07:25:31] INFO (nni/MainThread) Intermediate result: 15.812039713604577  (Index 193)
*** Epoch: 97 ***
-----------------G2R RESULT-------------------

val result: krc:0.837 | lsd:0.495 | ed:0.81 | hr@1:0.728 | hr@2:0.898 | hr@3:0.937 | acc@1:0.728 | acc@2:0.67 | acc@3:0.642 | Best krc: 0.837 | Best epoch: 95
best model saved
[2023-12-01 07:26:04] INFO (nni/MainThread) Intermediate result: 0.8370437413725563  (Index 194)
-----------------ETPA RESULT-------------------
Epoch 97: Validation	rmse: 15.8	mae: 12.66	mape: 88.71%	acc@10: 47.37%	acc@20: 79.27%	acc@30: 93.57%	
[2023-12-01 07:26:04] INFO (nni/MainThread) Intermediate result: 15.795080940279954  (Index 195)
*** Epoch: 98 ***
-----------------G2R RESULT-------------------

val result: krc:0.838 | lsd:0.483 | ed:0.814 | hr@1:0.73 | hr@2:0.9 | hr@3:0.938 | acc@1:0.73 | acc@2:0.672 | acc@3:0.645 | Best krc: 0.837 | Best epoch: 97
best model saved
[2023-12-01 07:26:39] INFO (nni/MainThread) Intermediate result: 0.8380428048202424  (Index 196)
-----------------ETPA RESULT-------------------
Epoch 98: Validation	rmse: 15.78	mae: 12.64	mape: 88.6%	acc@10: 47.44%	acc@20: 79.28%	acc@30: 93.58%	
[2023-12-01 07:26:39] INFO (nni/MainThread) Intermediate result: 15.783972708303558  (Index 197)
*** Epoch: 99 ***
-----------------G2R RESULT-------------------

val result: krc:0.82 | lsd:0.553 | ed:0.858 | hr@1:0.715 | hr@2:0.889 | hr@3:0.929 | acc@1:0.715 | acc@2:0.653 | acc@3:0.62 | Best krc: 0.838 | Best epoch: 98
[2023-12-01 07:27:10] INFO (nni/MainThread) Intermediate result: 0.8203408601309783  (Index 198)
-----------------ETPA RESULT-------------------
Epoch 99: Validation	rmse: 15.77	mae: 12.63	mape: 88.48%	acc@10: 47.5%	acc@20: 79.33%	acc@30: 93.62%	
[2023-12-01 07:27:10] INFO (nni/MainThread) Intermediate result: 15.768145509852944  (Index 199)
*** Epoch: 100 ***
-----------------G2R RESULT-------------------

val result: krc:0.834 | lsd:0.512 | ed:0.823 | hr@1:0.723 | hr@2:0.894 | hr@3:0.935 | acc@1:0.723 | acc@2:0.664 | acc@3:0.638 | Best krc: 0.838 | Best epoch: 98
[2023-12-01 07:27:41] INFO (nni/MainThread) Intermediate result: 0.8340756006693916  (Index 200)
-----------------ETPA RESULT-------------------
Epoch 100: Validation	rmse: 15.75	mae: 12.61	mape: 88.26%	acc@10: 47.57%	acc@20: 79.39%	acc@30: 93.64%	
[2023-12-01 07:27:41] INFO (nni/MainThread) Intermediate result: 15.747700589104028  (Index 201)
*** Epoch: 101 ***
-----------------G2R RESULT-------------------

val result: krc:0.835 | lsd:0.533 | ed:0.829 | hr@1:0.724 | hr@2:0.891 | hr@3:0.932 | acc@1:0.724 | acc@2:0.665 | acc@3:0.636 | Best krc: 0.838 | Best epoch: 98
[2023-12-01 07:28:16] INFO (nni/MainThread) Intermediate result: 0.834678043781673  (Index 202)
-----------------ETPA RESULT-------------------
Epoch 101: Validation	rmse: 15.73	mae: 12.6	mape: 88.08%	acc@10: 47.61%	acc@20: 79.43%	acc@30: 93.66%	
[2023-12-01 07:28:16] INFO (nni/MainThread) Intermediate result: 15.731240286233552  (Index 203)
*** Epoch: 102 ***
-----------------G2R RESULT-------------------

val result: krc:0.829 | lsd:0.514 | ed:0.842 | hr@1:0.727 | hr@2:0.893 | hr@3:0.934 | acc@1:0.727 | acc@2:0.664 | acc@3:0.63 | Best krc: 0.838 | Best epoch: 98
[2023-12-01 07:28:48] INFO (nni/MainThread) Intermediate result: 0.8292838881470277  (Index 204)
-----------------ETPA RESULT-------------------
Epoch 102: Validation	rmse: 15.72	mae: 12.59	mape: 88.02%	acc@10: 47.64%	acc@20: 79.45%	acc@30: 93.64%	
[2023-12-01 07:28:48] INFO (nni/MainThread) Intermediate result: 15.724951851957345  (Index 205)
*** Epoch: 103 ***
-----------------G2R RESULT-------------------

val result: krc:0.839 | lsd:0.483 | ed:0.811 | hr@1:0.731 | hr@2:0.896 | hr@3:0.937 | acc@1:0.731 | acc@2:0.67 | acc@3:0.642 | Best krc: 0.838 | Best epoch: 98
best model saved
[2023-12-01 07:29:21] INFO (nni/MainThread) Intermediate result: 0.8386272355314769  (Index 206)
-----------------ETPA RESULT-------------------
Epoch 103: Validation	rmse: 15.72	mae: 12.58	mape: 87.92%	acc@10: 47.69%	acc@20: 79.47%	acc@30: 93.64%	
[2023-12-01 07:29:21] INFO (nni/MainThread) Intermediate result: 15.717258957136913  (Index 207)
*** Epoch: 104 ***
-----------------G2R RESULT-------------------

val result: krc:0.842 | lsd:0.47 | ed:0.794 | hr@1:0.737 | hr@2:0.899 | hr@3:0.937 | acc@1:0.737 | acc@2:0.679 | acc@3:0.649 | Best krc: 0.839 | Best epoch: 103
best model saved
[2023-12-01 07:29:53] INFO (nni/MainThread) Intermediate result: 0.8418013857104368  (Index 208)
-----------------ETPA RESULT-------------------
Epoch 104: Validation	rmse: 15.7	mae: 12.57	mape: 87.78%	acc@10: 47.76%	acc@20: 79.51%	acc@30: 93.66%	
[2023-12-01 07:29:53] INFO (nni/MainThread) Intermediate result: 15.701876431671554  (Index 209)
*** Epoch: 105 ***
-----------------G2R RESULT-------------------

val result: krc:0.837 | lsd:0.5 | ed:0.808 | hr@1:0.731 | hr@2:0.896 | hr@3:0.938 | acc@1:0.731 | acc@2:0.672 | acc@3:0.647 | Best krc: 0.842 | Best epoch: 104
[2023-12-01 07:30:25] INFO (nni/MainThread) Intermediate result: 0.8373014321505793  (Index 210)
-----------------ETPA RESULT-------------------
Epoch 105: Validation	rmse: 15.69	mae: 12.55	mape: 87.63%	acc@10: 47.84%	acc@20: 79.56%	acc@30: 93.68%	
[2023-12-01 07:30:25] INFO (nni/MainThread) Intermediate result: 15.686121216629193  (Index 211)
*** Epoch: 106 ***
-----------------G2R RESULT-------------------

val result: krc:0.843 | lsd:0.485 | ed:0.802 | hr@1:0.737 | hr@2:0.898 | hr@3:0.939 | acc@1:0.737 | acc@2:0.676 | acc@3:0.65 | Best krc: 0.842 | Best epoch: 104
best model saved
[2023-12-01 07:31:02] INFO (nni/MainThread) Intermediate result: 0.8425832901652752  (Index 212)
-----------------ETPA RESULT-------------------
Epoch 106: Validation	rmse: 15.67	mae: 12.54	mape: 87.5%	acc@10: 47.89%	acc@20: 79.59%	acc@30: 93.71%	
[2023-12-01 07:31:02] INFO (nni/MainThread) Intermediate result: 15.670167645507664  (Index 213)
*** Epoch: 107 ***
-----------------G2R RESULT-------------------

val result: krc:0.786 | lsd:0.651 | ed:0.97 | hr@1:0.684 | hr@2:0.874 | hr@3:0.915 | acc@1:0.684 | acc@2:0.619 | acc@3:0.568 | Best krc: 0.843 | Best epoch: 106
[2023-12-01 07:31:36] INFO (nni/MainThread) Intermediate result: 0.7861485781380841  (Index 214)
-----------------ETPA RESULT-------------------
Epoch 107: Validation	rmse: 15.65	mae: 12.53	mape: 87.4%	acc@10: 47.91%	acc@20: 79.66%	acc@30: 93.75%	
[2023-12-01 07:31:36] INFO (nni/MainThread) Intermediate result: 15.65386079682682  (Index 215)
*** Epoch: 108 ***
-----------------G2R RESULT-------------------

val result: krc:0.83 | lsd:0.527 | ed:0.82 | hr@1:0.714 | hr@2:0.89 | hr@3:0.931 | acc@1:0.714 | acc@2:0.658 | acc@3:0.63 | Best krc: 0.843 | Best epoch: 106
[2023-12-01 07:32:10] INFO (nni/MainThread) Intermediate result: 0.8302826584418188  (Index 216)
-----------------ETPA RESULT-------------------
Epoch 108: Validation	rmse: 15.64	mae: 12.51	mape: 87.18%	acc@10: 48.0%	acc@20: 79.72%	acc@30: 93.78%	
[2023-12-01 07:32:10] INFO (nni/MainThread) Intermediate result: 15.635401323984544  (Index 217)
*** Epoch: 109 ***
-----------------G2R RESULT-------------------

val result: krc:0.832 | lsd:0.493 | ed:0.83 | hr@1:0.73 | hr@2:0.896 | hr@3:0.932 | acc@1:0.73 | acc@2:0.669 | acc@3:0.631 | Best krc: 0.843 | Best epoch: 106
[2023-12-01 07:32:46] INFO (nni/MainThread) Intermediate result: 0.8318485605149355  (Index 218)
-----------------ETPA RESULT-------------------
Epoch 109: Validation	rmse: 15.62	mae: 12.49	mape: 86.97%	acc@10: 48.09%	acc@20: 79.77%	acc@30: 93.79%	
[2023-12-01 07:32:46] INFO (nni/MainThread) Intermediate result: 15.618216586867637  (Index 219)
*** Epoch: 110 ***
-----------------G2R RESULT-------------------

val result: krc:0.834 | lsd:0.509 | ed:0.814 | hr@1:0.727 | hr@2:0.893 | hr@3:0.933 | acc@1:0.727 | acc@2:0.667 | acc@3:0.636 | Best krc: 0.843 | Best epoch: 106
[2023-12-01 07:33:18] INFO (nni/MainThread) Intermediate result: 0.8341107579848287  (Index 220)
-----------------ETPA RESULT-------------------
Epoch 110: Validation	rmse: 15.6	mae: 12.47	mape: 86.81%	acc@10: 48.16%	acc@20: 79.82%	acc@30: 93.81%	
[2023-12-01 07:33:18] INFO (nni/MainThread) Intermediate result: 15.601680489544274  (Index 221)
*** Epoch: 111 ***
-----------------G2R RESULT-------------------

val result: krc:0.841 | lsd:0.492 | ed:0.804 | hr@1:0.738 | hr@2:0.897 | hr@3:0.935 | acc@1:0.738 | acc@2:0.678 | acc@3:0.647 | Best krc: 0.843 | Best epoch: 106
[2023-12-01 07:33:50] INFO (nni/MainThread) Intermediate result: 0.8407250929769513  (Index 222)
-----------------ETPA RESULT-------------------
Epoch 111: Validation	rmse: 15.58	mae: 12.46	mape: 86.66%	acc@10: 48.23%	acc@20: 79.86%	acc@30: 93.83%	
[2023-12-01 07:33:50] INFO (nni/MainThread) Intermediate result: 15.584891637707349  (Index 223)
*** Epoch: 112 ***
-----------------G2R RESULT-------------------

val result: krc:0.841 | lsd:0.497 | ed:0.809 | hr@1:0.742 | hr@2:0.895 | hr@3:0.936 | acc@1:0.742 | acc@2:0.679 | acc@3:0.651 | Best krc: 0.843 | Best epoch: 106
[2023-12-01 07:34:22] INFO (nni/MainThread) Intermediate result: 0.8408523242454157  (Index 224)
-----------------ETPA RESULT-------------------
Epoch 112: Validation	rmse: 15.57	mae: 12.45	mape: 86.55%	acc@10: 48.27%	acc@20: 79.9%	acc@30: 93.85%	
[2023-12-01 07:34:22] INFO (nni/MainThread) Intermediate result: 15.572765800192077  (Index 225)
*** Epoch: 113 ***
-----------------G2R RESULT-------------------

val result: krc:0.842 | lsd:0.497 | ed:0.804 | hr@1:0.737 | hr@2:0.899 | hr@3:0.937 | acc@1:0.737 | acc@2:0.679 | acc@3:0.648 | Best krc: 0.843 | Best epoch: 106
[2023-12-01 07:34:54] INFO (nni/MainThread) Intermediate result: 0.8417512536533088  (Index 226)
-----------------ETPA RESULT-------------------
Epoch 113: Validation	rmse: 15.56	mae: 12.43	mape: 86.37%	acc@10: 48.34%	acc@20: 79.94%	acc@30: 93.87%	
[2023-12-01 07:34:54] INFO (nni/MainThread) Intermediate result: 15.556022774093336  (Index 227)
*** Epoch: 114 ***
-----------------G2R RESULT-------------------

val result: krc:0.838 | lsd:0.489 | ed:0.806 | hr@1:0.742 | hr@2:0.899 | hr@3:0.933 | acc@1:0.742 | acc@2:0.682 | acc@3:0.648 | Best krc: 0.843 | Best epoch: 106
[2023-12-01 07:35:27] INFO (nni/MainThread) Intermediate result: 0.8381609991491933  (Index 228)
-----------------ETPA RESULT-------------------
Epoch 114: Validation	rmse: 15.55	mae: 12.42	mape: 86.3%	acc@10: 48.37%	acc@20: 79.98%	acc@30: 93.89%	
[2023-12-01 07:35:27] INFO (nni/MainThread) Intermediate result: 15.54550718395476  (Index 229)
*** Epoch: 115 ***
-----------------G2R RESULT-------------------

val result: krc:0.83 | lsd:0.508 | ed:0.833 | hr@1:0.735 | hr@2:0.896 | hr@3:0.926 | acc@1:0.735 | acc@2:0.674 | acc@3:0.635 | Best krc: 0.843 | Best epoch: 106
[2023-12-01 07:35:59] INFO (nni/MainThread) Intermediate result: 0.8296780907799711  (Index 230)
-----------------ETPA RESULT-------------------
Epoch 115: Validation	rmse: 15.53	mae: 12.4	mape: 86.1%	acc@10: 48.46%	acc@20: 80.05%	acc@30: 93.91%	
[2023-12-01 07:35:59] INFO (nni/MainThread) Intermediate result: 15.52564782088566  (Index 231)
*** Epoch: 116 ***
-----------------G2R RESULT-------------------

val result: krc:0.841 | lsd:0.494 | ed:0.799 | hr@1:0.739 | hr@2:0.898 | hr@3:0.936 | acc@1:0.739 | acc@2:0.68 | acc@3:0.652 | Best krc: 0.843 | Best epoch: 106
[2023-12-01 07:36:31] INFO (nni/MainThread) Intermediate result: 0.84090217641595  (Index 232)
-----------------ETPA RESULT-------------------
Epoch 116: Validation	rmse: 15.52	mae: 12.4	mape: 86.01%	acc@10: 48.49%	acc@20: 80.08%	acc@30: 93.92%	
[2023-12-01 07:36:31] INFO (nni/MainThread) Intermediate result: 15.515140316763786  (Index 233)
*** Epoch: 117 ***
-----------------G2R RESULT-------------------

val result: krc:0.839 | lsd:0.487 | ed:0.808 | hr@1:0.734 | hr@2:0.899 | hr@3:0.936 | acc@1:0.734 | acc@2:0.675 | acc@3:0.644 | Best krc: 0.843 | Best epoch: 106
[2023-12-01 07:37:03] INFO (nni/MainThread) Intermediate result: 0.8389346594068939  (Index 234)
-----------------ETPA RESULT-------------------
Epoch 117: Validation	rmse: 15.5	mae: 12.38	mape: 85.85%	acc@10: 48.54%	acc@20: 80.13%	acc@30: 93.95%	
[2023-12-01 07:37:03] INFO (nni/MainThread) Intermediate result: 15.499705748213527  (Index 235)
*** Epoch: 118 ***
-----------------G2R RESULT-------------------

val result: krc:0.831 | lsd:0.524 | ed:0.834 | hr@1:0.719 | hr@2:0.894 | hr@3:0.932 | acc@1:0.719 | acc@2:0.662 | acc@3:0.629 | Best krc: 0.843 | Best epoch: 106
[2023-12-01 07:37:37] INFO (nni/MainThread) Intermediate result: 0.8314082235114155  (Index 236)
-----------------ETPA RESULT-------------------
Epoch 118: Validation	rmse: 15.48	mae: 12.37	mape: 85.66%	acc@10: 48.62%	acc@20: 80.18%	acc@30: 93.96%	
[2023-12-01 07:37:37] INFO (nni/MainThread) Intermediate result: 15.48332110588911  (Index 237)
*** Epoch: 119 ***
-----------------G2R RESULT-------------------

val result: krc:0.836 | lsd:0.498 | ed:0.805 | hr@1:0.726 | hr@2:0.896 | hr@3:0.935 | acc@1:0.726 | acc@2:0.666 | acc@3:0.638 | Best krc: 0.843 | Best epoch: 106
[2023-12-01 07:38:11] INFO (nni/MainThread) Intermediate result: 0.8357496098291899  (Index 238)
-----------------ETPA RESULT-------------------
Epoch 119: Validation	rmse: 15.47	mae: 12.36	mape: 85.59%	acc@10: 48.66%	acc@20: 80.2%	acc@30: 93.98%	
[2023-12-01 07:38:11] INFO (nni/MainThread) Intermediate result: 15.473243121010938  (Index 239)
*** Epoch: 120 ***
-----------------G2R RESULT-------------------

val result: krc:0.837 | lsd:0.501 | ed:0.818 | hr@1:0.732 | hr@2:0.898 | hr@3:0.934 | acc@1:0.732 | acc@2:0.676 | acc@3:0.639 | Best krc: 0.843 | Best epoch: 106
[2023-12-01 07:38:45] INFO (nni/MainThread) Intermediate result: 0.8369337656788466  (Index 240)
-----------------ETPA RESULT-------------------
Epoch 120: Validation	rmse: 15.46	mae: 12.35	mape: 85.48%	acc@10: 48.7%	acc@20: 80.22%	acc@30: 93.99%	
[2023-12-01 07:38:45] INFO (nni/MainThread) Intermediate result: 15.46209858031408  (Index 241)
*** Epoch: 121 ***
-----------------G2R RESULT-------------------

val result: krc:0.841 | lsd:0.496 | ed:0.798 | hr@1:0.735 | hr@2:0.897 | hr@3:0.937 | acc@1:0.735 | acc@2:0.674 | acc@3:0.646 | Best krc: 0.843 | Best epoch: 106
[2023-12-01 07:39:19] INFO (nni/MainThread) Intermediate result: 0.8407377066406363  (Index 242)
-----------------ETPA RESULT-------------------
Epoch 121: Validation	rmse: 15.45	mae: 12.33	mape: 85.31%	acc@10: 48.76%	acc@20: 80.27%	acc@30: 94.01%	
[2023-12-01 07:39:19] INFO (nni/MainThread) Intermediate result: 15.447232432574566  (Index 243)
*** Epoch: 122 ***
-----------------G2R RESULT-------------------

val result: krc:0.837 | lsd:0.518 | ed:0.815 | hr@1:0.735 | hr@2:0.899 | hr@3:0.934 | acc@1:0.735 | acc@2:0.676 | acc@3:0.643 | Best krc: 0.843 | Best epoch: 106
[2023-12-01 07:39:52] INFO (nni/MainThread) Intermediate result: 0.8373140328715318  (Index 244)
-----------------ETPA RESULT-------------------
Epoch 122: Validation	rmse: 15.43	mae: 12.32	mape: 85.19%	acc@10: 48.8%	acc@20: 80.32%	acc@30: 94.04%	
[2023-12-01 07:39:52] INFO (nni/MainThread) Intermediate result: 15.430814856666641  (Index 245)
*** Epoch: 123 ***
-----------------G2R RESULT-------------------

val result: krc:0.838 | lsd:0.504 | ed:0.815 | hr@1:0.728 | hr@2:0.896 | hr@3:0.936 | acc@1:0.728 | acc@2:0.665 | acc@3:0.636 | Best krc: 0.843 | Best epoch: 106
[2023-12-01 07:40:24] INFO (nni/MainThread) Intermediate result: 0.8383429645869523  (Index 246)
-----------------ETPA RESULT-------------------
Epoch 123: Validation	rmse: 15.42	mae: 12.31	mape: 85.1%	acc@10: 48.83%	acc@20: 80.36%	acc@30: 94.07%	
[2023-12-01 07:40:24] INFO (nni/MainThread) Intermediate result: 15.418336027820324  (Index 247)
*** Epoch: 124 ***
-----------------G2R RESULT-------------------

val result: krc:0.836 | lsd:0.499 | ed:0.814 | hr@1:0.733 | hr@2:0.894 | hr@3:0.936 | acc@1:0.733 | acc@2:0.668 | acc@3:0.64 | Best krc: 0.843 | Best epoch: 106
[2023-12-01 07:40:57] INFO (nni/MainThread) Intermediate result: 0.8357769319378414  (Index 248)
-----------------ETPA RESULT-------------------
Epoch 124: Validation	rmse: 15.4	mae: 12.29	mape: 84.87%	acc@10: 48.92%	acc@20: 80.43%	acc@30: 94.09%	
[2023-12-01 07:40:57] INFO (nni/MainThread) Intermediate result: 15.399481288487676  (Index 249)
*** Epoch: 125 ***
-----------------G2R RESULT-------------------

val result: krc:0.828 | lsd:0.53 | ed:0.85 | hr@1:0.729 | hr@2:0.89 | hr@3:0.928 | acc@1:0.729 | acc@2:0.661 | acc@3:0.63 | Best krc: 0.843 | Best epoch: 106
[2023-12-01 07:41:29] INFO (nni/MainThread) Intermediate result: 0.8281904585883597  (Index 250)
-----------------ETPA RESULT-------------------
Epoch 125: Validation	rmse: 15.39	mae: 12.29	mape: 84.84%	acc@10: 48.92%	acc@20: 80.45%	acc@30: 94.11%	
[2023-12-01 07:41:29] INFO (nni/MainThread) Intermediate result: 15.390895376742385  (Index 251)
*** Epoch: 126 ***
-----------------G2R RESULT-------------------

val result: krc:0.847 | lsd:0.484 | ed:0.794 | hr@1:0.746 | hr@2:0.901 | hr@3:0.936 | acc@1:0.746 | acc@2:0.683 | acc@3:0.654 | Best krc: 0.843 | Best epoch: 106
best model saved
[2023-12-01 07:42:08] INFO (nni/MainThread) Intermediate result: 0.8474746449035911  (Index 252)
-----------------ETPA RESULT-------------------
Epoch 126: Validation	rmse: 15.38	mae: 12.27	mape: 84.69%	acc@10: 48.96%	acc@20: 80.5%	acc@30: 94.13%	
[2023-12-01 07:42:08] INFO (nni/MainThread) Intermediate result: 15.37630549152691  (Index 253)
*** Epoch: 127 ***
-----------------G2R RESULT-------------------

val result: krc:0.825 | lsd:0.516 | ed:0.856 | hr@1:0.72 | hr@2:0.891 | hr@3:0.928 | acc@1:0.72 | acc@2:0.655 | acc@3:0.617 | Best krc: 0.847 | Best epoch: 126
[2023-12-01 07:42:40] INFO (nni/MainThread) Intermediate result: 0.825232126858712  (Index 254)
-----------------ETPA RESULT-------------------
Epoch 127: Validation	rmse: 15.37	mae: 12.27	mape: 84.66%	acc@10: 48.96%	acc@20: 80.53%	acc@30: 94.15%	
[2023-12-01 07:42:40] INFO (nni/MainThread) Intermediate result: 15.367596950915946  (Index 255)
*** Epoch: 128 ***
-----------------G2R RESULT-------------------

val result: krc:0.834 | lsd:0.491 | ed:0.818 | hr@1:0.731 | hr@2:0.895 | hr@3:0.935 | acc@1:0.731 | acc@2:0.667 | acc@3:0.639 | Best krc: 0.847 | Best epoch: 126
[2023-12-01 07:43:13] INFO (nni/MainThread) Intermediate result: 0.8341403567201556  (Index 256)
-----------------ETPA RESULT-------------------
Epoch 128: Validation	rmse: 15.36	mae: 12.26	mape: 84.59%	acc@10: 49.0%	acc@20: 80.54%	acc@30: 94.15%	
[2023-12-01 07:43:14] INFO (nni/MainThread) Intermediate result: 15.358725741242814  (Index 257)
*** Epoch: 129 ***
-----------------G2R RESULT-------------------

val result: krc:0.839 | lsd:0.494 | ed:0.808 | hr@1:0.74 | hr@2:0.896 | hr@3:0.934 | acc@1:0.74 | acc@2:0.675 | acc@3:0.644 | Best krc: 0.847 | Best epoch: 126
[2023-12-01 07:43:54] INFO (nni/MainThread) Intermediate result: 0.8389622008948638  (Index 258)
-----------------ETPA RESULT-------------------
Epoch 129: Validation	rmse: 15.35	mae: 12.25	mape: 84.44%	acc@10: 49.07%	acc@20: 80.58%	acc@30: 94.16%	
[2023-12-01 07:43:54] INFO (nni/MainThread) Intermediate result: 15.346371123008716  (Index 259)
*** Epoch: 130 ***
-----------------G2R RESULT-------------------

val result: krc:0.824 | lsd:0.52 | ed:0.86 | hr@1:0.717 | hr@2:0.892 | hr@3:0.93 | acc@1:0.717 | acc@2:0.655 | acc@3:0.619 | Best krc: 0.847 | Best epoch: 126
[2023-12-01 07:44:30] INFO (nni/MainThread) Intermediate result: 0.8241999002471238  (Index 260)
-----------------ETPA RESULT-------------------
Epoch 130: Validation	rmse: 15.33	mae: 12.23	mape: 84.28%	acc@10: 49.12%	acc@20: 80.62%	acc@30: 94.16%	
[2023-12-01 07:44:30] INFO (nni/MainThread) Intermediate result: 15.333543707991746  (Index 261)
*** Epoch: 131 ***
-----------------G2R RESULT-------------------

val result: krc:0.844 | lsd:0.488 | ed:0.799 | hr@1:0.743 | hr@2:0.898 | hr@3:0.937 | acc@1:0.743 | acc@2:0.679 | acc@3:0.648 | Best krc: 0.847 | Best epoch: 126
[2023-12-01 07:45:05] INFO (nni/MainThread) Intermediate result: 0.8444502269338299  (Index 262)
-----------------ETPA RESULT-------------------
Epoch 131: Validation	rmse: 15.32	mae: 12.22	mape: 84.13%	acc@10: 49.19%	acc@20: 80.67%	acc@30: 94.19%	
[2023-12-01 07:45:05] INFO (nni/MainThread) Intermediate result: 15.317623662442731  (Index 263)
*** Epoch: 132 ***
-----------------G2R RESULT-------------------

val result: krc:0.845 | lsd:0.474 | ed:0.803 | hr@1:0.748 | hr@2:0.902 | hr@3:0.937 | acc@1:0.748 | acc@2:0.683 | acc@3:0.652 | Best krc: 0.847 | Best epoch: 126
[2023-12-01 07:45:40] INFO (nni/MainThread) Intermediate result: 0.844799446775835  (Index 264)
-----------------ETPA RESULT-------------------
Epoch 132: Validation	rmse: 15.31	mae: 12.21	mape: 84.08%	acc@10: 49.21%	acc@20: 80.68%	acc@30: 94.2%	
[2023-12-01 07:45:41] INFO (nni/MainThread) Intermediate result: 15.31168565682501  (Index 265)
*** Epoch: 133 ***
-----------------G2R RESULT-------------------

val result: krc:0.829 | lsd:0.517 | ed:0.845 | hr@1:0.722 | hr@2:0.894 | hr@3:0.931 | acc@1:0.722 | acc@2:0.661 | acc@3:0.624 | Best krc: 0.847 | Best epoch: 126
[2023-12-01 07:46:14] INFO (nni/MainThread) Intermediate result: 0.8285678767620175  (Index 266)
-----------------ETPA RESULT-------------------
Epoch 133: Validation	rmse: 15.31	mae: 12.21	mape: 84.03%	acc@10: 49.25%	acc@20: 80.68%	acc@30: 94.21%	
[2023-12-01 07:46:14] INFO (nni/MainThread) Intermediate result: 15.306432801291686  (Index 267)
*** Epoch: 134 ***
-----------------G2R RESULT-------------------

val result: krc:0.835 | lsd:0.558 | ed:0.835 | hr@1:0.735 | hr@2:0.891 | hr@3:0.932 | acc@1:0.735 | acc@2:0.664 | acc@3:0.634 | Best krc: 0.847 | Best epoch: 126
[2023-12-01 07:46:48] INFO (nni/MainThread) Intermediate result: 0.8348291864251637  (Index 268)
-----------------ETPA RESULT-------------------
Epoch 134: Validation	rmse: 15.3	mae: 12.2	mape: 83.99%	acc@10: 49.26%	acc@20: 80.71%	acc@30: 94.24%	
[2023-12-01 07:46:48] INFO (nni/MainThread) Intermediate result: 15.297991429111452  (Index 269)
*** Epoch: 135 ***
-----------------G2R RESULT-------------------

val result: krc:0.85 | lsd:0.468 | ed:0.775 | hr@1:0.756 | hr@2:0.904 | hr@3:0.937 | acc@1:0.756 | acc@2:0.696 | acc@3:0.664 | Best krc: 0.847 | Best epoch: 126
best model saved
[2023-12-01 07:47:23] INFO (nni/MainThread) Intermediate result: 0.8503177135096679  (Index 270)
-----------------ETPA RESULT-------------------
Epoch 135: Validation	rmse: 15.29	mae: 12.19	mape: 83.88%	acc@10: 49.29%	acc@20: 80.75%	acc@30: 94.26%	
[2023-12-01 07:47:23] INFO (nni/MainThread) Intermediate result: 15.285670841230413  (Index 271)
*** Epoch: 136 ***
-----------------G2R RESULT-------------------

val result: krc:0.84 | lsd:0.497 | ed:0.819 | hr@1:0.753 | hr@2:0.893 | hr@3:0.934 | acc@1:0.753 | acc@2:0.675 | acc@3:0.645 | Best krc: 0.85 | Best epoch: 135
[2023-12-01 07:47:56] INFO (nni/MainThread) Intermediate result: 0.8396345053188079  (Index 272)
-----------------ETPA RESULT-------------------
Epoch 136: Validation	rmse: 15.28	mae: 12.18	mape: 83.81%	acc@10: 49.31%	acc@20: 80.77%	acc@30: 94.27%	
[2023-12-01 07:47:56] INFO (nni/MainThread) Intermediate result: 15.276343730103246  (Index 273)
*** Epoch: 137 ***
-----------------G2R RESULT-------------------

val result: krc:0.846 | lsd:0.479 | ed:0.795 | hr@1:0.761 | hr@2:0.901 | hr@3:0.938 | acc@1:0.761 | acc@2:0.689 | acc@3:0.66 | Best krc: 0.85 | Best epoch: 135
[2023-12-01 07:48:31] INFO (nni/MainThread) Intermediate result: 0.8457067171277929  (Index 274)
-----------------ETPA RESULT-------------------
Epoch 137: Validation	rmse: 15.26	mae: 12.17	mape: 83.71%	acc@10: 49.35%	acc@20: 80.8%	acc@30: 94.29%	
[2023-12-01 07:48:31] INFO (nni/MainThread) Intermediate result: 15.264016752702512  (Index 275)
*** Epoch: 138 ***
-----------------G2R RESULT-------------------

val result: krc:0.843 | lsd:0.477 | ed:0.797 | hr@1:0.75 | hr@2:0.901 | hr@3:0.937 | acc@1:0.75 | acc@2:0.685 | acc@3:0.657 | Best krc: 0.85 | Best epoch: 135
[2023-12-01 07:49:07] INFO (nni/MainThread) Intermediate result: 0.8427266173396476  (Index 276)
-----------------ETPA RESULT-------------------
Epoch 138: Validation	rmse: 15.25	mae: 12.16	mape: 83.6%	acc@10: 49.39%	acc@20: 80.83%	acc@30: 94.31%	
[2023-12-01 07:49:07] INFO (nni/MainThread) Intermediate result: 15.252732625524025  (Index 277)
*** Epoch: 139 ***
-----------------G2R RESULT-------------------

val result: krc:0.837 | lsd:0.493 | ed:0.818 | hr@1:0.737 | hr@2:0.899 | hr@3:0.935 | acc@1:0.737 | acc@2:0.677 | acc@3:0.644 | Best krc: 0.85 | Best epoch: 135
[2023-12-01 07:49:42] INFO (nni/MainThread) Intermediate result: 0.8366455549664995  (Index 278)
-----------------ETPA RESULT-------------------
Epoch 139: Validation	rmse: 15.25	mae: 12.16	mape: 83.55%	acc@10: 49.42%	acc@20: 80.84%	acc@30: 94.33%	
[2023-12-01 07:49:42] INFO (nni/MainThread) Intermediate result: 15.246213598212165  (Index 279)
*** Epoch: 140 ***
-----------------G2R RESULT-------------------

val result: krc:0.814 | lsd:0.547 | ed:0.883 | hr@1:0.711 | hr@2:0.89 | hr@3:0.926 | acc@1:0.711 | acc@2:0.646 | acc@3:0.606 | Best krc: 0.85 | Best epoch: 135
[2023-12-01 07:50:15] INFO (nni/MainThread) Intermediate result: 0.8135139507854856  (Index 280)
-----------------ETPA RESULT-------------------
Epoch 140: Validation	rmse: 15.23	mae: 12.15	mape: 83.44%	acc@10: 49.44%	acc@20: 80.89%	acc@30: 94.35%	
[2023-12-01 07:50:15] INFO (nni/MainThread) Intermediate result: 15.233215528466182  (Index 281)
*** Epoch: 141 ***
-----------------G2R RESULT-------------------

val result: krc:0.821 | lsd:0.53 | ed:0.853 | hr@1:0.718 | hr@2:0.891 | hr@3:0.929 | acc@1:0.718 | acc@2:0.654 | acc@3:0.617 | Best krc: 0.85 | Best epoch: 135
[2023-12-01 07:50:49] INFO (nni/MainThread) Intermediate result: 0.8213017810219384  (Index 282)
-----------------ETPA RESULT-------------------
Epoch 141: Validation	rmse: 15.23	mae: 12.14	mape: 83.4%	acc@10: 49.45%	acc@20: 80.91%	acc@30: 94.36%	
[2023-12-01 07:50:49] INFO (nni/MainThread) Intermediate result: 15.226873610053017  (Index 283)
*** Epoch: 142 ***
-----------------G2R RESULT-------------------

val result: krc:0.797 | lsd:0.601 | ed:0.927 | hr@1:0.7 | hr@2:0.88 | hr@3:0.924 | acc@1:0.7 | acc@2:0.631 | acc@3:0.587 | Best krc: 0.85 | Best epoch: 135
[2023-12-01 07:51:27] INFO (nni/MainThread) Intermediate result: 0.7969102548813961  (Index 284)
-----------------ETPA RESULT-------------------
Epoch 142: Validation	rmse: 15.22	mae: 12.13	mape: 83.24%	acc@10: 49.51%	acc@20: 80.95%	acc@30: 94.36%	
[2023-12-01 07:51:27] INFO (nni/MainThread) Intermediate result: 15.21767411519092  (Index 285)
*** Epoch: 143 ***
-----------------G2R RESULT-------------------

val result: krc:0.838 | lsd:0.492 | ed:0.807 | hr@1:0.74 | hr@2:0.899 | hr@3:0.935 | acc@1:0.74 | acc@2:0.676 | acc@3:0.641 | Best krc: 0.85 | Best epoch: 135
[2023-12-01 07:52:02] INFO (nni/MainThread) Intermediate result: 0.8378612393129229  (Index 286)
-----------------ETPA RESULT-------------------
Epoch 143: Validation	rmse: 15.21	mae: 12.12	mape: 83.13%	acc@10: 49.55%	acc@20: 80.98%	acc@30: 94.37%	
[2023-12-01 07:52:02] INFO (nni/MainThread) Intermediate result: 15.208897224852947  (Index 287)
*** Epoch: 144 ***
-----------------G2R RESULT-------------------

val result: krc:0.843 | lsd:0.49 | ed:0.804 | hr@1:0.743 | hr@2:0.899 | hr@3:0.938 | acc@1:0.743 | acc@2:0.679 | acc@3:0.649 | Best krc: 0.85 | Best epoch: 135
[2023-12-01 07:52:35] INFO (nni/MainThread) Intermediate result: 0.8433845511239478  (Index 288)
-----------------ETPA RESULT-------------------
Epoch 144: Validation	rmse: 15.2	mae: 12.11	mape: 82.98%	acc@10: 49.59%	acc@20: 81.02%	acc@30: 94.37%	
[2023-12-01 07:52:35] INFO (nni/MainThread) Intermediate result: 15.199326618520583  (Index 289)
*** Epoch: 145 ***
-----------------G2R RESULT-------------------

val result: krc:0.842 | lsd:0.461 | ed:0.792 | hr@1:0.739 | hr@2:0.902 | hr@3:0.939 | acc@1:0.739 | acc@2:0.677 | acc@3:0.646 | Best krc: 0.85 | Best epoch: 135
[2023-12-01 07:53:09] INFO (nni/MainThread) Intermediate result: 0.8415180126679909  (Index 290)
-----------------ETPA RESULT-------------------
Epoch 145: Validation	rmse: 15.19	mae: 12.1	mape: 82.84%	acc@10: 49.65%	acc@20: 81.04%	acc@30: 94.38%	
[2023-12-01 07:53:09] INFO (nni/MainThread) Intermediate result: 15.192323048572742  (Index 291)
*** Epoch: 146 ***
-----------------G2R RESULT-------------------

val result: krc:0.844 | lsd:0.479 | ed:0.792 | hr@1:0.737 | hr@2:0.902 | hr@3:0.939 | acc@1:0.737 | acc@2:0.679 | acc@3:0.648 | Best krc: 0.85 | Best epoch: 135
[2023-12-01 07:53:53] INFO (nni/MainThread) Intermediate result: 0.8439478790331434  (Index 292)
-----------------ETPA RESULT-------------------
Epoch 146: Validation	rmse: 15.19	mae: 12.1	mape: 82.81%	acc@10: 49.68%	acc@20: 81.05%	acc@30: 94.39%	
[2023-12-01 07:53:53] INFO (nni/MainThread) Intermediate result: 15.18781251551668  (Index 293)
*** Epoch: 147 ***
-----------------G2R RESULT-------------------

val result: krc:0.837 | lsd:0.511 | ed:0.813 | hr@1:0.735 | hr@2:0.898 | hr@3:0.935 | acc@1:0.735 | acc@2:0.675 | acc@3:0.645 | Best krc: 0.85 | Best epoch: 135
[2023-12-01 07:54:30] INFO (nni/MainThread) Intermediate result: 0.8370726467009808  (Index 294)
-----------------ETPA RESULT-------------------
Epoch 147: Validation	rmse: 15.18	mae: 12.09	mape: 82.7%	acc@10: 49.72%	acc@20: 81.08%	acc@30: 94.39%	
[2023-12-01 07:54:30] INFO (nni/MainThread) Intermediate result: 15.178172716159626  (Index 295)
*** Epoch: 148 ***
-----------------G2R RESULT-------------------

val result: krc:0.832 | lsd:0.526 | ed:0.827 | hr@1:0.738 | hr@2:0.893 | hr@3:0.933 | acc@1:0.738 | acc@2:0.669 | acc@3:0.635 | Best krc: 0.85 | Best epoch: 135
[2023-12-01 07:55:06] INFO (nni/MainThread) Intermediate result: 0.8317514660759084  (Index 296)
-----------------ETPA RESULT-------------------
Epoch 148: Validation	rmse: 15.18	mae: 12.1	mape: 82.76%	acc@10: 49.67%	acc@20: 81.08%	acc@30: 94.41%	
[2023-12-01 07:55:06] INFO (nni/MainThread) Intermediate result: 15.178812740915138  (Index 297)
*** Epoch: 149 ***
-----------------G2R RESULT-------------------

val result: krc:0.845 | lsd:0.471 | ed:0.794 | hr@1:0.743 | hr@2:0.903 | hr@3:0.939 | acc@1:0.743 | acc@2:0.682 | acc@3:0.651 | Best krc: 0.85 | Best epoch: 135
[2023-12-01 07:55:40] INFO (nni/MainThread) Intermediate result: 0.8452096789831816  (Index 298)
-----------------ETPA RESULT-------------------
Epoch 149: Validation	rmse: 15.17	mae: 12.08	mape: 82.62%	acc@10: 49.72%	acc@20: 81.13%	acc@30: 94.42%	
[2023-12-01 07:55:40] INFO (nni/MainThread) Intermediate result: 15.165401432236736  (Index 299)
*** Epoch: 150 ***
-----------------G2R RESULT-------------------

val result: krc:0.839 | lsd:0.48 | ed:0.801 | hr@1:0.736 | hr@2:0.9 | hr@3:0.937 | acc@1:0.736 | acc@2:0.672 | acc@3:0.642 | Best krc: 0.85 | Best epoch: 135
[2023-12-01 07:56:15] INFO (nni/MainThread) Intermediate result: 0.839070837015743  (Index 300)
-----------------ETPA RESULT-------------------
Epoch 150: Validation	rmse: 15.16	mae: 12.07	mape: 82.54%	acc@10: 49.75%	acc@20: 81.15%	acc@30: 94.44%	
[2023-12-01 07:56:15] INFO (nni/MainThread) Intermediate result: 15.1556623276096  (Index 301)
*** Epoch: 151 ***
-----------------G2R RESULT-------------------

val result: krc:0.839 | lsd:0.467 | ed:0.806 | hr@1:0.734 | hr@2:0.904 | hr@3:0.94 | acc@1:0.734 | acc@2:0.673 | acc@3:0.649 | Best krc: 0.85 | Best epoch: 135
[2023-12-01 07:56:50] INFO (nni/MainThread) Intermediate result: 0.8389149663920105  (Index 302)
-----------------ETPA RESULT-------------------
Epoch 151: Validation	rmse: 15.15	mae: 12.07	mape: 82.46%	acc@10: 49.79%	acc@20: 81.18%	acc@30: 94.46%	
[2023-12-01 07:56:50] INFO (nni/MainThread) Intermediate result: 15.1456661895525  (Index 303)
*** Epoch: 152 ***
-----------------G2R RESULT-------------------

val result: krc:0.842 | lsd:0.496 | ed:0.796 | hr@1:0.746 | hr@2:0.899 | hr@3:0.937 | acc@1:0.746 | acc@2:0.682 | acc@3:0.656 | Best krc: 0.85 | Best epoch: 135
[2023-12-01 07:57:23] INFO (nni/MainThread) Intermediate result: 0.8420234027579896  (Index 304)
-----------------ETPA RESULT-------------------
Epoch 152: Validation	rmse: 15.13	mae: 12.06	mape: 82.35%	acc@10: 49.82%	acc@20: 81.21%	acc@30: 94.47%	
[2023-12-01 07:57:23] INFO (nni/MainThread) Intermediate result: 15.133823657545276  (Index 305)
*** Epoch: 153 ***
-----------------G2R RESULT-------------------

val result: krc:0.842 | lsd:0.492 | ed:0.79 | hr@1:0.746 | hr@2:0.899 | hr@3:0.938 | acc@1:0.746 | acc@2:0.681 | acc@3:0.654 | Best krc: 0.85 | Best epoch: 135
[2023-12-01 07:57:59] INFO (nni/MainThread) Intermediate result: 0.8424343921151967  (Index 306)
-----------------ETPA RESULT-------------------
Epoch 153: Validation	rmse: 15.13	mae: 12.05	mape: 82.28%	acc@10: 49.84%	acc@20: 81.24%	acc@30: 94.49%	
[2023-12-01 07:57:59] INFO (nni/MainThread) Intermediate result: 15.1250522252801  (Index 307)
*** Epoch: 154 ***
-----------------G2R RESULT-------------------

val result: krc:0.848 | lsd:0.473 | ed:0.789 | hr@1:0.753 | hr@2:0.902 | hr@3:0.94 | acc@1:0.753 | acc@2:0.684 | acc@3:0.657 | Best krc: 0.85 | Best epoch: 135
[2023-12-01 07:58:34] INFO (nni/MainThread) Intermediate result: 0.8479056751116217  (Index 308)
-----------------ETPA RESULT-------------------
Epoch 154: Validation	rmse: 15.12	mae: 12.04	mape: 82.22%	acc@10: 49.84%	acc@20: 81.25%	acc@30: 94.5%	
[2023-12-01 07:58:34] INFO (nni/MainThread) Intermediate result: 15.117995226248485  (Index 309)
*** Epoch: 155 ***
-----------------G2R RESULT-------------------

val result: krc:0.847 | lsd:0.472 | ed:0.789 | hr@1:0.752 | hr@2:0.904 | hr@3:0.94 | acc@1:0.752 | acc@2:0.687 | acc@3:0.658 | Best krc: 0.85 | Best epoch: 135
[2023-12-01 07:59:09] INFO (nni/MainThread) Intermediate result: 0.8466950164282915  (Index 310)
-----------------ETPA RESULT-------------------
Epoch 155: Validation	rmse: 15.11	mae: 12.04	mape: 82.16%	acc@10: 49.85%	acc@20: 81.28%	acc@30: 94.52%	
[2023-12-01 07:59:09] INFO (nni/MainThread) Intermediate result: 15.110548492451167  (Index 311)
loaded model path: /home/sentanoe/joint_training/data/dataset/food_pd/sort_model/hidden_size-8.gcnru-pd_1701409036.42380381701409036.4238162
best model loaded !!!
krc:0.836 | lsd:0.367 | ed:0.809 | hr@1:0.755 | hr@2:0.929 | hr@3:0.951 | acc@1:0.755 | acc@2:0.698 | acc@3:0.653 |

-------------------------------------------------------------
Best epoch for G2R:  135
Best epoch for ETPA:  155
graph2route_pd Evaluation in test: krc:0.836 | lsd:0.367 | ed:0.809 | hr@1:0.755 | hr@2:0.929 | hr@3:0.951 | acc@1:0.755 | acc@2:0.698 | acc@3:0.653 |
RankPETA Evaluation in test: rmse: 12.51	mae: 9.78	mape: 77.26%	acc@10: 61.18%	acc@20: 91.98%	acc@30: 97.47%	
