Device:  cuda
{'alpha_loss': 0.5,
 'batch_size': 64,
 'dataset': 'food_pd',
 'datatype': 'order',
 'device': device(type='cuda'),
 'early_stop': 20,
 'edge_fea_dim': 5,
 'embedding_dim': 32,
 'eval_end_1': 11,
 'eval_end_2': 25,
 'eval_start': 1,
 'gcn_num_layers': 2,
 'hidden_size': 8,
 'is_eval': False,
 'is_test': False,
 'k_min_nodes': 3,
 'k_nearest_neighbors': 'n-1',
 'lr': 0.001,
 'max_task_num': 25,
 'min_task_num': 0,
 'modelArrivalTime': 'RankPETA',
 'modelRoute': 'graph2route_pd',
 'no_cuda': False,
 'node_fea_dim': 8,
 'node_features_test': '/home/sentanoe/joint_training/data/dataset/food_pd/node_features_test_full.npy',
 'node_features_train': '/home/sentanoe/joint_training/data/dataset/food_pd/node_features_train_full.npy',
 'node_features_val': '/home/sentanoe/joint_training/data/dataset/food_pd/node_features_val_full.npy',
 'num_block': 4,
 'num_epoch': 1000,
 'num_head': 2,
 'num_worker_logistics': 2346,
 'num_worker_pd': 920,
 'pad_value': 26,
 'seed': 1000,
 'sort_mode': 'pnn_idx',
 'spatial_encoder': 'gatv2',
 'temporal_encoder': 'gru',
 'test_path': '/home/sentanoe/joint_training/data/dataset/food_pd/test_full.npy',
 'train_mode': 'sort',
 'train_path': '/home/sentanoe/joint_training/data/dataset/food_pd/train_full.npy',
 'val_path': '/home/sentanoe/joint_training/data/dataset/food_pd/val_full.npy',
 'wd': 1e-05,
 'worker_emb_dim': 10,
 'workers': 2}
last_x_size:13;unpick_x_size:12;input_size:53
#train:2521 | #val:1257 | #test:1261
*** Epoch: 0 ***
-----------------G2R RESULT-------------------

val result: krc:0.754 | lsd:0.716 | ed:1.057 | hr@1:0.626 | hr@2:0.852 | hr@3:0.902 | acc@1:0.626 | acc@2:0.561 | acc@3:0.523 | Best krc: -1 | Best epoch: -1
best model saved
[2023-12-01 07:40:47] INFO (nni/MainThread) Intermediate result: 0.7536817785527887  (Index 0)
-----------------ETPA RESULT-------------------
Epoch 0: Validation	rmse: 28.79	mae: 20.02	mape: 122.84%	acc@10: 37.04%	acc@20: 66.67%	acc@30: 79.26%	
[2023-12-01 07:40:47] INFO (nni/MainThread) Intermediate result: 28.794617637378213  (Index 1)
*** Epoch: 1 ***
-----------------G2R RESULT-------------------

val result: krc:0.752 | lsd:0.712 | ed:1.043 | hr@1:0.627 | hr@2:0.85 | hr@3:0.902 | acc@1:0.627 | acc@2:0.563 | acc@3:0.522 | Best krc: 0.754 | Best epoch: 0
[2023-12-01 07:41:15] INFO (nni/MainThread) Intermediate result: 0.7524464775536046  (Index 2)
-----------------ETPA RESULT-------------------
Epoch 1: Validation	rmse: 26.44	mae: 18.78	mape: 121.68%	acc@10: 39.63%	acc@20: 67.96%	acc@30: 80.56%	
[2023-12-01 07:41:15] INFO (nni/MainThread) Intermediate result: 26.43993926722971  (Index 3)
*** Epoch: 2 ***
-----------------G2R RESULT-------------------

val result: krc:0.769 | lsd:0.685 | ed:0.994 | hr@1:0.642 | hr@2:0.859 | hr@3:0.905 | acc@1:0.642 | acc@2:0.582 | acc@3:0.54 | Best krc: 0.754 | Best epoch: 0
best model saved
[2023-12-01 07:41:44] INFO (nni/MainThread) Intermediate result: 0.7689842638858817  (Index 4)
-----------------ETPA RESULT-------------------
Epoch 2: Validation	rmse: 25.26	mae: 18.3	mape: 124.31%	acc@10: 39.75%	acc@20: 67.28%	acc@30: 81.11%	
[2023-12-01 07:41:44] INFO (nni/MainThread) Intermediate result: 25.260490134646602  (Index 5)
*** Epoch: 3 ***
-----------------G2R RESULT-------------------

val result: krc:0.765 | lsd:0.698 | ed:1.01 | hr@1:0.634 | hr@2:0.858 | hr@3:0.905 | acc@1:0.634 | acc@2:0.575 | acc@3:0.537 | Best krc: 0.769 | Best epoch: 2
[2023-12-01 07:42:14] INFO (nni/MainThread) Intermediate result: 0.7647524682155202  (Index 6)
-----------------ETPA RESULT-------------------
Epoch 3: Validation	rmse: 23.57	mae: 17.55	mape: 122.83%	acc@10: 38.43%	acc@20: 67.69%	acc@30: 83.52%	
[2023-12-01 07:42:14] INFO (nni/MainThread) Intermediate result: 23.56589956638791  (Index 7)
*** Epoch: 4 ***
-----------------G2R RESULT-------------------

val result: krc:0.775 | lsd:0.665 | ed:0.969 | hr@1:0.646 | hr@2:0.861 | hr@3:0.907 | acc@1:0.646 | acc@2:0.589 | acc@3:0.549 | Best krc: 0.769 | Best epoch: 2
best model saved
[2023-12-01 07:42:44] INFO (nni/MainThread) Intermediate result: 0.7750208602066931  (Index 8)
-----------------ETPA RESULT-------------------
Epoch 4: Validation	rmse: 23.45	mae: 17.59	mape: 125.59%	acc@10: 37.93%	acc@20: 67.56%	acc@30: 83.56%	
[2023-12-01 07:42:44] INFO (nni/MainThread) Intermediate result: 23.45445749993923  (Index 9)
*** Epoch: 5 ***
-----------------G2R RESULT-------------------

val result: krc:0.773 | lsd:0.678 | ed:0.977 | hr@1:0.636 | hr@2:0.86 | hr@3:0.909 | acc@1:0.636 | acc@2:0.578 | acc@3:0.544 | Best krc: 0.775 | Best epoch: 4
[2023-12-01 07:43:13] INFO (nni/MainThread) Intermediate result: 0.7731427651847417  (Index 10)
-----------------ETPA RESULT-------------------
Epoch 5: Validation	rmse: 22.96	mae: 17.44	mape: 126.24%	acc@10: 37.16%	acc@20: 66.91%	acc@30: 84.01%	
[2023-12-01 07:43:13] INFO (nni/MainThread) Intermediate result: 22.95919432384558  (Index 11)
*** Epoch: 6 ***
-----------------G2R RESULT-------------------

val result: krc:0.766 | lsd:0.686 | ed:1.003 | hr@1:0.633 | hr@2:0.861 | hr@3:0.907 | acc@1:0.633 | acc@2:0.572 | acc@3:0.532 | Best krc: 0.775 | Best epoch: 4
[2023-12-01 07:43:41] INFO (nni/MainThread) Intermediate result: 0.7664594470453675  (Index 12)
-----------------ETPA RESULT-------------------
Epoch 6: Validation	rmse: 22.72	mae: 17.46	mape: 127.45%	acc@10: 36.14%	acc@20: 66.3%	acc@30: 84.07%	
[2023-12-01 07:43:41] INFO (nni/MainThread) Intermediate result: 22.721193066712626  (Index 13)
*** Epoch: 7 ***
-----------------G2R RESULT-------------------

val result: krc:0.772 | lsd:0.714 | ed:0.993 | hr@1:0.651 | hr@2:0.859 | hr@3:0.906 | acc@1:0.651 | acc@2:0.589 | acc@3:0.547 | Best krc: 0.775 | Best epoch: 4
[2023-12-01 07:44:09] INFO (nni/MainThread) Intermediate result: 0.7716645841000891  (Index 14)
-----------------ETPA RESULT-------------------
Epoch 7: Validation	rmse: 22.81	mae: 17.64	mape: 129.03%	acc@10: 35.32%	acc@20: 65.88%	acc@30: 83.75%	
[2023-12-01 07:44:09] INFO (nni/MainThread) Intermediate result: 22.808126759890595  (Index 15)
*** Epoch: 8 ***
-----------------G2R RESULT-------------------

val result: krc:0.78 | lsd:0.662 | ed:0.954 | hr@1:0.651 | hr@2:0.865 | hr@3:0.911 | acc@1:0.651 | acc@2:0.592 | acc@3:0.554 | Best krc: 0.775 | Best epoch: 4
best model saved
[2023-12-01 07:44:39] INFO (nni/MainThread) Intermediate result: 0.7798676087875914  (Index 16)
-----------------ETPA RESULT-------------------
Epoch 8: Validation	rmse: 22.46	mae: 17.39	mape: 127.93%	acc@10: 35.76%	acc@20: 66.46%	acc@30: 84.03%	
[2023-12-01 07:44:39] INFO (nni/MainThread) Intermediate result: 22.464481148331025  (Index 17)
*** Epoch: 9 ***
-----------------G2R RESULT-------------------

val result: krc:0.771 | lsd:0.654 | ed:0.983 | hr@1:0.638 | hr@2:0.864 | hr@3:0.911 | acc@1:0.638 | acc@2:0.578 | acc@3:0.541 | Best krc: 0.78 | Best epoch: 8
[2023-12-01 07:45:07] INFO (nni/MainThread) Intermediate result: 0.7708788126802995  (Index 18)
-----------------ETPA RESULT-------------------
Epoch 9: Validation	rmse: 22.31	mae: 17.41	mape: 128.6%	acc@10: 35.15%	acc@20: 65.89%	acc@30: 84.04%	
[2023-12-01 07:45:07] INFO (nni/MainThread) Intermediate result: 22.306139349824093  (Index 19)
*** Epoch: 10 ***
-----------------G2R RESULT-------------------

val result: krc:0.779 | lsd:0.656 | ed:0.956 | hr@1:0.648 | hr@2:0.865 | hr@3:0.913 | acc@1:0.648 | acc@2:0.591 | acc@3:0.555 | Best krc: 0.78 | Best epoch: 8
[2023-12-01 07:45:37] INFO (nni/MainThread) Intermediate result: 0.7793116436754389  (Index 20)
-----------------ETPA RESULT-------------------
Epoch 10: Validation	rmse: 22.17	mae: 17.38	mape: 129.03%	acc@10: 34.81%	acc@20: 65.96%	acc@30: 84.21%	
[2023-12-01 07:45:37] INFO (nni/MainThread) Intermediate result: 22.169766206014142  (Index 21)
*** Epoch: 11 ***
-----------------G2R RESULT-------------------

val result: krc:0.771 | lsd:0.673 | ed:0.985 | hr@1:0.639 | hr@2:0.86 | hr@3:0.906 | acc@1:0.639 | acc@2:0.583 | acc@3:0.543 | Best krc: 0.78 | Best epoch: 8
[2023-12-01 07:46:05] INFO (nni/MainThread) Intermediate result: 0.7705382414958278  (Index 22)
-----------------ETPA RESULT-------------------
Epoch 11: Validation	rmse: 22.02	mae: 17.31	mape: 128.77%	acc@10: 35.03%	acc@20: 65.96%	acc@30: 84.32%	
[2023-12-01 07:46:06] INFO (nni/MainThread) Intermediate result: 22.017849873772843  (Index 23)
*** Epoch: 12 ***
-----------------G2R RESULT-------------------

val result: krc:0.776 | lsd:0.652 | ed:0.965 | hr@1:0.649 | hr@2:0.863 | hr@3:0.911 | acc@1:0.649 | acc@2:0.589 | acc@3:0.553 | Best krc: 0.78 | Best epoch: 8
[2023-12-01 07:46:34] INFO (nni/MainThread) Intermediate result: 0.7764663317702233  (Index 24)
-----------------ETPA RESULT-------------------
Epoch 12: Validation	rmse: 21.84	mae: 17.24	mape: 128.7%	acc@10: 34.73%	acc@20: 66.21%	acc@30: 84.62%	
[2023-12-01 07:46:34] INFO (nni/MainThread) Intermediate result: 21.841889121358047  (Index 25)
*** Epoch: 13 ***
-----------------G2R RESULT-------------------

val result: krc:0.78 | lsd:0.65 | ed:0.968 | hr@1:0.651 | hr@2:0.863 | hr@3:0.911 | acc@1:0.651 | acc@2:0.591 | acc@3:0.552 | Best krc: 0.78 | Best epoch: 8
[2023-12-01 07:47:02] INFO (nni/MainThread) Intermediate result: 0.7797319094127141  (Index 26)
-----------------ETPA RESULT-------------------
Epoch 13: Validation	rmse: 21.79	mae: 17.26	mape: 129.24%	acc@10: 34.44%	acc@20: 66.3%	acc@30: 84.63%	
[2023-12-01 07:47:02] INFO (nni/MainThread) Intermediate result: 21.79248966605364  (Index 27)
*** Epoch: 14 ***
-----------------G2R RESULT-------------------

val result: krc:0.781 | lsd:0.639 | ed:0.954 | hr@1:0.641 | hr@2:0.865 | hr@3:0.912 | acc@1:0.641 | acc@2:0.588 | acc@3:0.552 | Best krc: 0.78 | Best epoch: 8
best model saved
[2023-12-01 07:47:32] INFO (nni/MainThread) Intermediate result: 0.7805524802813829  (Index 28)
-----------------ETPA RESULT-------------------
Epoch 14: Validation	rmse: 21.63	mae: 17.16	mape: 128.8%	acc@10: 34.62%	acc@20: 66.54%	acc@30: 84.79%	
[2023-12-01 07:47:32] INFO (nni/MainThread) Intermediate result: 21.634970778183433  (Index 29)
*** Epoch: 15 ***
-----------------G2R RESULT-------------------

val result: krc:0.779 | lsd:0.659 | ed:0.956 | hr@1:0.647 | hr@2:0.868 | hr@3:0.914 | acc@1:0.647 | acc@2:0.588 | acc@3:0.555 | Best krc: 0.781 | Best epoch: 14
[2023-12-01 07:48:01] INFO (nni/MainThread) Intermediate result: 0.7790870128430251  (Index 30)
-----------------ETPA RESULT-------------------
Epoch 15: Validation	rmse: 21.53	mae: 17.12	mape: 128.7%	acc@10: 34.51%	acc@20: 66.67%	acc@30: 85.0%	
[2023-12-01 07:48:01] INFO (nni/MainThread) Intermediate result: 21.526076121360905  (Index 31)
*** Epoch: 16 ***
-----------------G2R RESULT-------------------

val result: krc:0.781 | lsd:0.638 | ed:0.954 | hr@1:0.651 | hr@2:0.867 | hr@3:0.915 | acc@1:0.651 | acc@2:0.593 | acc@3:0.556 | Best krc: 0.781 | Best epoch: 14
best model saved
[2023-12-01 07:48:32] INFO (nni/MainThread) Intermediate result: 0.7814635548260386  (Index 32)
-----------------ETPA RESULT-------------------
Epoch 16: Validation	rmse: 21.39	mae: 17.06	mape: 128.41%	acc@10: 34.4%	acc@20: 66.84%	acc@30: 85.16%	
[2023-12-01 07:48:32] INFO (nni/MainThread) Intermediate result: 21.394312014571188  (Index 33)
*** Epoch: 17 ***
-----------------G2R RESULT-------------------

val result: krc:0.778 | lsd:0.651 | ed:0.956 | hr@1:0.641 | hr@2:0.865 | hr@3:0.913 | acc@1:0.641 | acc@2:0.59 | acc@3:0.558 | Best krc: 0.781 | Best epoch: 16
[2023-12-01 07:49:02] INFO (nni/MainThread) Intermediate result: 0.7778426791107157  (Index 34)
-----------------ETPA RESULT-------------------
Epoch 17: Validation	rmse: 21.35	mae: 17.06	mape: 128.46%	acc@10: 34.16%	acc@20: 66.79%	acc@30: 85.19%	
[2023-12-01 07:49:02] INFO (nni/MainThread) Intermediate result: 21.346098978724108  (Index 35)
*** Epoch: 18 ***
-----------------G2R RESULT-------------------

val result: krc:0.768 | lsd:0.664 | ed:0.987 | hr@1:0.644 | hr@2:0.866 | hr@3:0.91 | acc@1:0.644 | acc@2:0.588 | acc@3:0.546 | Best krc: 0.781 | Best epoch: 16
[2023-12-01 07:49:31] INFO (nni/MainThread) Intermediate result: 0.7678806309239189  (Index 36)
-----------------ETPA RESULT-------------------
Epoch 18: Validation	rmse: 21.17	mae: 16.93	mape: 127.48%	acc@10: 34.54%	acc@20: 67.31%	acc@30: 85.4%	
[2023-12-01 07:49:31] INFO (nni/MainThread) Intermediate result: 21.172121398702426  (Index 37)
*** Epoch: 19 ***
-----------------G2R RESULT-------------------

val result: krc:0.779 | lsd:0.656 | ed:0.953 | hr@1:0.643 | hr@2:0.867 | hr@3:0.913 | acc@1:0.643 | acc@2:0.591 | acc@3:0.558 | Best krc: 0.781 | Best epoch: 16
[2023-12-01 07:50:00] INFO (nni/MainThread) Intermediate result: 0.7794462455065864  (Index 38)
-----------------ETPA RESULT-------------------
Epoch 19: Validation	rmse: 20.97	mae: 16.78	mape: 126.48%	acc@10: 35.04%	acc@20: 67.74%	acc@30: 85.59%	
[2023-12-01 07:50:00] INFO (nni/MainThread) Intermediate result: 20.968042939640203  (Index 39)
*** Epoch: 20 ***
-----------------G2R RESULT-------------------

val result: krc:0.766 | lsd:0.688 | ed:1.011 | hr@1:0.634 | hr@2:0.862 | hr@3:0.907 | acc@1:0.634 | acc@2:0.577 | acc@3:0.535 | Best krc: 0.781 | Best epoch: 16
[2023-12-01 07:50:30] INFO (nni/MainThread) Intermediate result: 0.7655276311244827  (Index 40)
-----------------ETPA RESULT-------------------
Epoch 20: Validation	rmse: 20.96	mae: 16.77	mape: 126.59%	acc@10: 35.03%	acc@20: 67.76%	acc@30: 85.61%	
[2023-12-01 07:50:30] INFO (nni/MainThread) Intermediate result: 20.957511843248252  (Index 41)
*** Epoch: 21 ***
-----------------G2R RESULT-------------------

val result: krc:0.776 | lsd:0.646 | ed:0.969 | hr@1:0.648 | hr@2:0.87 | hr@3:0.911 | acc@1:0.648 | acc@2:0.588 | acc@3:0.549 | Best krc: 0.781 | Best epoch: 16
[2023-12-01 07:50:59] INFO (nni/MainThread) Intermediate result: 0.7763263716477533  (Index 42)
-----------------ETPA RESULT-------------------
Epoch 21: Validation	rmse: 20.86	mae: 16.69	mape: 126.06%	acc@10: 35.07%	acc@20: 68.05%	acc@30: 85.74%	
[2023-12-01 07:50:59] INFO (nni/MainThread) Intermediate result: 20.85622330680508  (Index 43)
*** Epoch: 22 ***
-----------------G2R RESULT-------------------

val result: krc:0.783 | lsd:0.635 | ed:0.948 | hr@1:0.657 | hr@2:0.868 | hr@3:0.913 | acc@1:0.657 | acc@2:0.599 | acc@3:0.56 | Best krc: 0.781 | Best epoch: 16
best model saved
[2023-12-01 07:51:29] INFO (nni/MainThread) Intermediate result: 0.7829175488554588  (Index 44)
-----------------ETPA RESULT-------------------
Epoch 22: Validation	rmse: 20.92	mae: 16.75	mape: 126.66%	acc@10: 34.88%	acc@20: 67.78%	acc@30: 85.73%	
[2023-12-01 07:51:29] INFO (nni/MainThread) Intermediate result: 20.915281710630296  (Index 45)
*** Epoch: 23 ***
-----------------G2R RESULT-------------------

val result: krc:0.782 | lsd:0.638 | ed:0.937 | hr@1:0.654 | hr@2:0.87 | hr@3:0.913 | acc@1:0.654 | acc@2:0.596 | acc@3:0.562 | Best krc: 0.783 | Best epoch: 22
[2023-12-01 07:52:00] INFO (nni/MainThread) Intermediate result: 0.7818911228530817  (Index 46)
-----------------ETPA RESULT-------------------
Epoch 23: Validation	rmse: 20.86	mae: 16.74	mape: 126.73%	acc@10: 34.74%	acc@20: 67.73%	acc@30: 85.86%	
[2023-12-01 07:52:00] INFO (nni/MainThread) Intermediate result: 20.862068101088212  (Index 47)
*** Epoch: 24 ***
-----------------G2R RESULT-------------------

val result: krc:0.781 | lsd:0.644 | ed:0.953 | hr@1:0.647 | hr@2:0.868 | hr@3:0.915 | acc@1:0.647 | acc@2:0.59 | acc@3:0.555 | Best krc: 0.783 | Best epoch: 22
[2023-12-01 07:52:29] INFO (nni/MainThread) Intermediate result: 0.7808068518956145  (Index 48)
-----------------ETPA RESULT-------------------
Epoch 24: Validation	rmse: 20.73	mae: 16.64	mape: 126.05%	acc@10: 34.93%	acc@20: 67.93%	acc@30: 86.0%	
[2023-12-01 07:52:29] INFO (nni/MainThread) Intermediate result: 20.72583832385864  (Index 49)
*** Epoch: 25 ***
-----------------G2R RESULT-------------------

val result: krc:0.784 | lsd:0.634 | ed:0.937 | hr@1:0.652 | hr@2:0.87 | hr@3:0.918 | acc@1:0.652 | acc@2:0.593 | acc@3:0.562 | Best krc: 0.783 | Best epoch: 22
best model saved
[2023-12-01 07:52:59] INFO (nni/MainThread) Intermediate result: 0.783774583608427  (Index 50)
-----------------ETPA RESULT-------------------
Epoch 25: Validation	rmse: 20.59	mae: 16.55	mape: 125.36%	acc@10: 35.03%	acc@20: 68.19%	acc@30: 86.2%	
[2023-12-01 07:52:59] INFO (nni/MainThread) Intermediate result: 20.589415658719606  (Index 51)
*** Epoch: 26 ***
-----------------G2R RESULT-------------------

val result: krc:0.773 | lsd:0.647 | ed:0.977 | hr@1:0.65 | hr@2:0.868 | hr@3:0.911 | acc@1:0.65 | acc@2:0.588 | acc@3:0.544 | Best krc: 0.784 | Best epoch: 25
[2023-12-01 07:53:28] INFO (nni/MainThread) Intermediate result: 0.7727716760073559  (Index 52)
-----------------ETPA RESULT-------------------
Epoch 26: Validation	rmse: 20.57	mae: 16.55	mape: 125.45%	acc@10: 34.88%	acc@20: 68.12%	acc@30: 86.26%	
[2023-12-01 07:53:28] INFO (nni/MainThread) Intermediate result: 20.569079896336483  (Index 53)
*** Epoch: 27 ***
-----------------G2R RESULT-------------------

val result: krc:0.78 | lsd:0.641 | ed:0.968 | hr@1:0.645 | hr@2:0.87 | hr@3:0.915 | acc@1:0.645 | acc@2:0.587 | acc@3:0.554 | Best krc: 0.784 | Best epoch: 25
[2023-12-01 07:53:57] INFO (nni/MainThread) Intermediate result: 0.7800133970225793  (Index 54)
-----------------ETPA RESULT-------------------
Epoch 27: Validation	rmse: 20.51	mae: 16.53	mape: 125.27%	acc@10: 34.76%	acc@20: 68.13%	acc@30: 86.39%	
[2023-12-01 07:53:57] INFO (nni/MainThread) Intermediate result: 20.50848418453125  (Index 55)
*** Epoch: 28 ***
-----------------G2R RESULT-------------------

val result: krc:0.772 | lsd:0.659 | ed:0.972 | hr@1:0.641 | hr@2:0.865 | hr@3:0.912 | acc@1:0.641 | acc@2:0.585 | acc@3:0.547 | Best krc: 0.784 | Best epoch: 25
[2023-12-01 07:54:29] INFO (nni/MainThread) Intermediate result: 0.7720866741155328  (Index 56)
-----------------ETPA RESULT-------------------
Epoch 28: Validation	rmse: 20.4	mae: 16.45	mape: 124.65%	acc@10: 34.89%	acc@20: 68.38%	acc@30: 86.53%	
[2023-12-01 07:54:29] INFO (nni/MainThread) Intermediate result: 20.402733450090256  (Index 57)
*** Epoch: 29 ***
-----------------G2R RESULT-------------------

val result: krc:0.774 | lsd:0.672 | ed:0.978 | hr@1:0.64 | hr@2:0.865 | hr@3:0.911 | acc@1:0.64 | acc@2:0.585 | acc@3:0.545 | Best krc: 0.784 | Best epoch: 25
[2023-12-01 07:54:57] INFO (nni/MainThread) Intermediate result: 0.7739010313562128  (Index 58)
-----------------ETPA RESULT-------------------
Epoch 29: Validation	rmse: 20.27	mae: 16.35	mape: 123.81%	acc@10: 35.14%	acc@20: 68.54%	acc@30: 86.85%	
[2023-12-01 07:54:58] INFO (nni/MainThread) Intermediate result: 20.265046055382314  (Index 59)
*** Epoch: 30 ***
-----------------G2R RESULT-------------------

val result: krc:0.77 | lsd:0.661 | ed:0.97 | hr@1:0.643 | hr@2:0.864 | hr@3:0.911 | acc@1:0.643 | acc@2:0.584 | acc@3:0.546 | Best krc: 0.784 | Best epoch: 25
[2023-12-01 07:55:27] INFO (nni/MainThread) Intermediate result: 0.7700995834883025  (Index 60)
-----------------ETPA RESULT-------------------
Epoch 30: Validation	rmse: 20.13	mae: 16.24	mape: 122.97%	acc@10: 35.42%	acc@20: 68.89%	acc@30: 87.14%	
[2023-12-01 07:55:27] INFO (nni/MainThread) Intermediate result: 20.12954660805588  (Index 61)
*** Epoch: 31 ***
-----------------G2R RESULT-------------------

val result: krc:0.784 | lsd:0.655 | ed:0.94 | hr@1:0.649 | hr@2:0.867 | hr@3:0.916 | acc@1:0.649 | acc@2:0.593 | acc@3:0.56 | Best krc: 0.784 | Best epoch: 25
best model saved
[2023-12-01 07:55:58] INFO (nni/MainThread) Intermediate result: 0.7844320815462048  (Index 62)
-----------------ETPA RESULT-------------------
Epoch 31: Validation	rmse: 20.01	mae: 16.14	mape: 122.22%	acc@10: 35.81%	acc@20: 69.16%	acc@30: 87.28%	
[2023-12-01 07:55:58] INFO (nni/MainThread) Intermediate result: 20.01367873433029  (Index 63)
*** Epoch: 32 ***
-----------------G2R RESULT-------------------

val result: krc:0.773 | lsd:0.686 | ed:0.981 | hr@1:0.636 | hr@2:0.868 | hr@3:0.915 | acc@1:0.636 | acc@2:0.581 | acc@3:0.546 | Best krc: 0.784 | Best epoch: 31
[2023-12-01 07:56:27] INFO (nni/MainThread) Intermediate result: 0.7727477740158106  (Index 64)
-----------------ETPA RESULT-------------------
Epoch 32: Validation	rmse: 20.04	mae: 16.18	mape: 122.46%	acc@10: 35.72%	acc@20: 69.01%	acc@30: 87.28%	
[2023-12-01 07:56:27] INFO (nni/MainThread) Intermediate result: 20.036545608338322  (Index 65)
*** Epoch: 33 ***
-----------------G2R RESULT-------------------

val result: krc:0.784 | lsd:0.63 | ed:0.937 | hr@1:0.657 | hr@2:0.869 | hr@3:0.916 | acc@1:0.657 | acc@2:0.598 | acc@3:0.563 | Best krc: 0.784 | Best epoch: 31
[2023-12-01 07:56:57] INFO (nni/MainThread) Intermediate result: 0.7843980826053408  (Index 66)
-----------------ETPA RESULT-------------------
Epoch 33: Validation	rmse: 19.96	mae: 16.13	mape: 122.15%	acc@10: 35.72%	acc@20: 69.11%	acc@30: 87.39%	
[2023-12-01 07:56:57] INFO (nni/MainThread) Intermediate result: 19.963388926316476  (Index 67)
*** Epoch: 34 ***
-----------------G2R RESULT-------------------

val result: krc:0.771 | lsd:0.65 | ed:0.977 | hr@1:0.645 | hr@2:0.866 | hr@3:0.913 | acc@1:0.645 | acc@2:0.586 | acc@3:0.548 | Best krc: 0.784 | Best epoch: 31
[2023-12-01 07:57:26] INFO (nni/MainThread) Intermediate result: 0.7713107132871015  (Index 68)
-----------------ETPA RESULT-------------------
Epoch 34: Validation	rmse: 19.87	mae: 16.05	mape: 121.54%	acc@10: 35.88%	acc@20: 69.35%	acc@30: 87.54%	
[2023-12-01 07:57:26] INFO (nni/MainThread) Intermediate result: 19.86615794074802  (Index 69)
*** Epoch: 35 ***
-----------------G2R RESULT-------------------

val result: krc:0.776 | lsd:0.645 | ed:0.969 | hr@1:0.641 | hr@2:0.863 | hr@3:0.911 | acc@1:0.641 | acc@2:0.584 | acc@3:0.549 | Best krc: 0.784 | Best epoch: 31
[2023-12-01 07:57:58] INFO (nni/MainThread) Intermediate result: 0.7761788798255785  (Index 70)
-----------------ETPA RESULT-------------------
Epoch 35: Validation	rmse: 19.81	mae: 16.02	mape: 121.31%	acc@10: 35.88%	acc@20: 69.47%	acc@30: 87.61%	
[2023-12-01 07:57:58] INFO (nni/MainThread) Intermediate result: 19.811598892920326  (Index 71)
*** Epoch: 36 ***
-----------------G2R RESULT-------------------

val result: krc:0.771 | lsd:0.65 | ed:0.99 | hr@1:0.642 | hr@2:0.866 | hr@3:0.911 | acc@1:0.642 | acc@2:0.582 | acc@3:0.543 | Best krc: 0.784 | Best epoch: 31
[2023-12-01 07:58:29] INFO (nni/MainThread) Intermediate result: 0.7707275606707178  (Index 72)
-----------------ETPA RESULT-------------------
Epoch 36: Validation	rmse: 19.67	mae: 15.91	mape: 120.39%	acc@10: 36.25%	acc@20: 69.76%	acc@30: 87.9%	
[2023-12-01 07:58:30] INFO (nni/MainThread) Intermediate result: 19.667706641948197  (Index 73)
*** Epoch: 37 ***
-----------------G2R RESULT-------------------

val result: krc:0.785 | lsd:0.633 | ed:0.945 | hr@1:0.655 | hr@2:0.872 | hr@3:0.915 | acc@1:0.655 | acc@2:0.599 | acc@3:0.566 | Best krc: 0.784 | Best epoch: 31
best model saved
[2023-12-01 07:59:01] INFO (nni/MainThread) Intermediate result: 0.7849957990316538  (Index 74)
-----------------ETPA RESULT-------------------
Epoch 37: Validation	rmse: 19.62	mae: 15.88	mape: 120.19%	acc@10: 36.21%	acc@20: 69.81%	acc@30: 87.94%	
[2023-12-01 07:59:02] INFO (nni/MainThread) Intermediate result: 19.623641103737093  (Index 75)
*** Epoch: 38 ***
-----------------G2R RESULT-------------------

val result: krc:0.783 | lsd:0.64 | ed:0.964 | hr@1:0.648 | hr@2:0.873 | hr@3:0.914 | acc@1:0.648 | acc@2:0.592 | acc@3:0.556 | Best krc: 0.785 | Best epoch: 37
[2023-12-01 07:59:33] INFO (nni/MainThread) Intermediate result: 0.7831739929247582  (Index 76)
-----------------ETPA RESULT-------------------
Epoch 38: Validation	rmse: 19.55	mae: 15.83	mape: 119.75%	acc@10: 36.35%	acc@20: 69.99%	acc@30: 88.02%	
[2023-12-01 07:59:33] INFO (nni/MainThread) Intermediate result: 19.55411258729843  (Index 77)
*** Epoch: 39 ***
-----------------G2R RESULT-------------------

val result: krc:0.782 | lsd:0.661 | ed:0.979 | hr@1:0.654 | hr@2:0.868 | hr@3:0.912 | acc@1:0.654 | acc@2:0.589 | acc@3:0.551 | Best krc: 0.785 | Best epoch: 37
[2023-12-01 08:00:03] INFO (nni/MainThread) Intermediate result: 0.7817406409360933  (Index 78)
-----------------ETPA RESULT-------------------
Epoch 39: Validation	rmse: 19.46	mae: 15.75	mape: 119.06%	acc@10: 36.65%	acc@20: 70.24%	acc@30: 88.15%	
[2023-12-01 08:00:03] INFO (nni/MainThread) Intermediate result: 19.457947891243656  (Index 79)
*** Epoch: 40 ***
-----------------G2R RESULT-------------------

val result: krc:0.786 | lsd:0.64 | ed:0.946 | hr@1:0.652 | hr@2:0.871 | hr@3:0.916 | acc@1:0.652 | acc@2:0.592 | acc@3:0.557 | Best krc: 0.785 | Best epoch: 37
best model saved
[2023-12-01 08:00:35] INFO (nni/MainThread) Intermediate result: 0.7860833703859502  (Index 80)
-----------------ETPA RESULT-------------------
Epoch 40: Validation	rmse: 19.35	mae: 15.66	mape: 118.36%	acc@10: 36.92%	acc@20: 70.47%	acc@30: 88.36%	
[2023-12-01 08:00:35] INFO (nni/MainThread) Intermediate result: 19.348563508924457  (Index 81)
*** Epoch: 41 ***
-----------------G2R RESULT-------------------

val result: krc:0.784 | lsd:0.65 | ed:0.956 | hr@1:0.65 | hr@2:0.866 | hr@3:0.912 | acc@1:0.65 | acc@2:0.592 | acc@3:0.554 | Best krc: 0.786 | Best epoch: 40
[2023-12-01 08:01:05] INFO (nni/MainThread) Intermediate result: 0.7836575550961208  (Index 82)
-----------------ETPA RESULT-------------------
Epoch 41: Validation	rmse: 19.27	mae: 15.6	mape: 117.86%	acc@10: 37.05%	acc@20: 70.63%	acc@30: 88.54%	
[2023-12-01 08:01:05] INFO (nni/MainThread) Intermediate result: 19.265926046109644  (Index 83)
*** Epoch: 42 ***
-----------------G2R RESULT-------------------

val result: krc:0.789 | lsd:0.609 | ed:0.931 | hr@1:0.655 | hr@2:0.872 | hr@3:0.918 | acc@1:0.655 | acc@2:0.594 | acc@3:0.561 | Best krc: 0.786 | Best epoch: 40
best model saved
[2023-12-01 08:01:37] INFO (nni/MainThread) Intermediate result: 0.7894291399057468  (Index 84)
-----------------ETPA RESULT-------------------
Epoch 42: Validation	rmse: 19.2	mae: 15.55	mape: 117.46%	acc@10: 37.14%	acc@20: 70.79%	acc@30: 88.66%	
[2023-12-01 08:01:37] INFO (nni/MainThread) Intermediate result: 19.195808626539176  (Index 85)
*** Epoch: 43 ***
-----------------G2R RESULT-------------------

val result: krc:0.788 | lsd:0.632 | ed:0.942 | hr@1:0.653 | hr@2:0.868 | hr@3:0.916 | acc@1:0.653 | acc@2:0.595 | acc@3:0.561 | Best krc: 0.789 | Best epoch: 42
[2023-12-01 08:02:08] INFO (nni/MainThread) Intermediate result: 0.7875335819017497  (Index 86)
-----------------ETPA RESULT-------------------
Epoch 43: Validation	rmse: 19.08	mae: 15.46	mape: 116.62%	acc@10: 37.46%	acc@20: 71.03%	acc@30: 88.86%	
[2023-12-01 08:02:08] INFO (nni/MainThread) Intermediate result: 19.079732132000473  (Index 87)
*** Epoch: 44 ***
-----------------G2R RESULT-------------------

val result: krc:0.789 | lsd:0.622 | ed:0.94 | hr@1:0.655 | hr@2:0.872 | hr@3:0.918 | acc@1:0.655 | acc@2:0.593 | acc@3:0.561 | Best krc: 0.789 | Best epoch: 42
best model saved
[2023-12-01 08:02:40] INFO (nni/MainThread) Intermediate result: 0.7894360034368778  (Index 88)
-----------------ETPA RESULT-------------------
Epoch 44: Validation	rmse: 19.01	mae: 15.41	mape: 116.19%	acc@10: 37.57%	acc@20: 71.15%	acc@30: 88.96%	
[2023-12-01 08:02:40] INFO (nni/MainThread) Intermediate result: 19.009095119360016  (Index 89)
*** Epoch: 45 ***
-----------------G2R RESULT-------------------

val result: krc:0.785 | lsd:0.653 | ed:0.956 | hr@1:0.653 | hr@2:0.868 | hr@3:0.914 | acc@1:0.653 | acc@2:0.589 | acc@3:0.554 | Best krc: 0.789 | Best epoch: 44
[2023-12-01 08:03:10] INFO (nni/MainThread) Intermediate result: 0.7850976036546652  (Index 90)
-----------------ETPA RESULT-------------------
Epoch 45: Validation	rmse: 18.98	mae: 15.38	mape: 115.99%	acc@10: 37.58%	acc@20: 71.27%	acc@30: 89.0%	
[2023-12-01 08:03:10] INFO (nni/MainThread) Intermediate result: 18.978133406983506  (Index 91)
*** Epoch: 46 ***
-----------------G2R RESULT-------------------

val result: krc:0.787 | lsd:0.633 | ed:0.956 | hr@1:0.655 | hr@2:0.866 | hr@3:0.915 | acc@1:0.655 | acc@2:0.59 | acc@3:0.559 | Best krc: 0.789 | Best epoch: 44
[2023-12-01 08:03:41] INFO (nni/MainThread) Intermediate result: 0.7867359413489716  (Index 92)
-----------------ETPA RESULT-------------------
Epoch 46: Validation	rmse: 19.0	mae: 15.4	mape: 116.11%	acc@10: 37.49%	acc@20: 71.25%	acc@30: 88.98%	
[2023-12-01 08:03:41] INFO (nni/MainThread) Intermediate result: 18.995076492107508  (Index 93)
*** Epoch: 47 ***
-----------------G2R RESULT-------------------

val result: krc:0.78 | lsd:0.627 | ed:0.959 | hr@1:0.647 | hr@2:0.872 | hr@3:0.915 | acc@1:0.647 | acc@2:0.589 | acc@3:0.553 | Best krc: 0.789 | Best epoch: 44
[2023-12-01 08:04:10] INFO (nni/MainThread) Intermediate result: 0.780081083308018  (Index 94)
-----------------ETPA RESULT-------------------
Epoch 47: Validation	rmse: 18.97	mae: 15.39	mape: 116.04%	acc@10: 37.46%	acc@20: 71.3%	acc@30: 89.02%	
[2023-12-01 08:04:10] INFO (nni/MainThread) Intermediate result: 18.96653398938302  (Index 95)
*** Epoch: 48 ***
-----------------G2R RESULT-------------------

val result: krc:0.749 | lsd:0.744 | ed:1.08 | hr@1:0.627 | hr@2:0.856 | hr@3:0.901 | acc@1:0.627 | acc@2:0.563 | acc@3:0.518 | Best krc: 0.789 | Best epoch: 44
[2023-12-01 08:04:40] INFO (nni/MainThread) Intermediate result: 0.7485159531071207  (Index 96)
-----------------ETPA RESULT-------------------
Epoch 48: Validation	rmse: 18.92	mae: 15.35	mape: 115.76%	acc@10: 37.56%	acc@20: 71.42%	acc@30: 89.09%	
[2023-12-01 08:04:40] INFO (nni/MainThread) Intermediate result: 18.91894448138929  (Index 97)
*** Epoch: 49 ***
-----------------G2R RESULT-------------------

val result: krc:0.784 | lsd:0.623 | ed:0.949 | hr@1:0.65 | hr@2:0.87 | hr@3:0.916 | acc@1:0.65 | acc@2:0.592 | acc@3:0.554 | Best krc: 0.789 | Best epoch: 44
[2023-12-01 08:05:11] INFO (nni/MainThread) Intermediate result: 0.7835511402717349  (Index 98)
-----------------ETPA RESULT-------------------
Epoch 49: Validation	rmse: 18.85	mae: 15.29	mape: 115.3%	acc@10: 37.77%	acc@20: 71.61%	acc@30: 89.21%	
[2023-12-01 08:05:11] INFO (nni/MainThread) Intermediate result: 18.847605250520402  (Index 99)
*** Epoch: 50 ***
-----------------G2R RESULT-------------------

val result: krc:0.791 | lsd:0.62 | ed:0.926 | hr@1:0.657 | hr@2:0.873 | hr@3:0.919 | acc@1:0.657 | acc@2:0.602 | acc@3:0.569 | Best krc: 0.789 | Best epoch: 44
best model saved
[2023-12-01 08:05:43] INFO (nni/MainThread) Intermediate result: 0.7906408883671673  (Index 100)
-----------------ETPA RESULT-------------------
Epoch 50: Validation	rmse: 18.79	mae: 15.25	mape: 115.01%	acc@10: 37.86%	acc@20: 71.75%	acc@30: 89.29%	
[2023-12-01 08:05:43] INFO (nni/MainThread) Intermediate result: 18.794936729548294  (Index 101)
*** Epoch: 51 ***
-----------------G2R RESULT-------------------

val result: krc:0.791 | lsd:0.608 | ed:0.925 | hr@1:0.654 | hr@2:0.875 | hr@3:0.92 | acc@1:0.654 | acc@2:0.595 | acc@3:0.566 | Best krc: 0.791 | Best epoch: 50
best model saved
[2023-12-01 08:06:15] INFO (nni/MainThread) Intermediate result: 0.7908309371886111  (Index 102)
-----------------ETPA RESULT-------------------
Epoch 51: Validation	rmse: 18.75	mae: 15.22	mape: 114.75%	acc@10: 37.92%	acc@20: 71.87%	acc@30: 89.39%	
[2023-12-01 08:06:15] INFO (nni/MainThread) Intermediate result: 18.746223985560178  (Index 103)
*** Epoch: 52 ***
-----------------G2R RESULT-------------------

val result: krc:0.792 | lsd:0.607 | ed:0.925 | hr@1:0.659 | hr@2:0.873 | hr@3:0.917 | acc@1:0.659 | acc@2:0.6 | acc@3:0.567 | Best krc: 0.791 | Best epoch: 51
best model saved
[2023-12-01 08:06:46] INFO (nni/MainThread) Intermediate result: 0.7916521979049308  (Index 104)
-----------------ETPA RESULT-------------------
Epoch 52: Validation	rmse: 18.71	mae: 15.19	mape: 114.54%	acc@10: 37.99%	acc@20: 71.96%	acc@30: 89.43%	
[2023-12-01 08:06:46] INFO (nni/MainThread) Intermediate result: 18.711747279926602  (Index 105)
*** Epoch: 53 ***
-----------------G2R RESULT-------------------

val result: krc:0.791 | lsd:0.621 | ed:0.929 | hr@1:0.653 | hr@2:0.874 | hr@3:0.921 | acc@1:0.653 | acc@2:0.597 | acc@3:0.569 | Best krc: 0.792 | Best epoch: 52
[2023-12-01 08:07:16] INFO (nni/MainThread) Intermediate result: 0.7909187778973523  (Index 106)
-----------------ETPA RESULT-------------------
Epoch 53: Validation	rmse: 18.68	mae: 15.16	mape: 114.3%	acc@10: 38.04%	acc@20: 72.09%	acc@30: 89.46%	
[2023-12-01 08:07:16] INFO (nni/MainThread) Intermediate result: 18.677896778700855  (Index 107)
*** Epoch: 54 ***
-----------------G2R RESULT-------------------

val result: krc:0.791 | lsd:0.613 | ed:0.923 | hr@1:0.659 | hr@2:0.875 | hr@3:0.922 | acc@1:0.659 | acc@2:0.601 | acc@3:0.57 | Best krc: 0.792 | Best epoch: 52
[2023-12-01 08:07:46] INFO (nni/MainThread) Intermediate result: 0.7912905973684284  (Index 108)
-----------------ETPA RESULT-------------------
Epoch 54: Validation	rmse: 18.59	mae: 15.09	mape: 113.68%	acc@10: 38.28%	acc@20: 72.29%	acc@30: 89.6%	
[2023-12-01 08:07:46] INFO (nni/MainThread) Intermediate result: 18.5934741622709  (Index 109)
*** Epoch: 55 ***
-----------------G2R RESULT-------------------

val result: krc:0.792 | lsd:0.612 | ed:0.935 | hr@1:0.657 | hr@2:0.875 | hr@3:0.922 | acc@1:0.657 | acc@2:0.602 | acc@3:0.568 | Best krc: 0.792 | Best epoch: 52
best model saved
[2023-12-01 08:08:17] INFO (nni/MainThread) Intermediate result: 0.7918283533499976  (Index 110)
-----------------ETPA RESULT-------------------
Epoch 55: Validation	rmse: 18.54	mae: 15.05	mape: 113.34%	acc@10: 38.35%	acc@20: 72.41%	acc@30: 89.74%	
[2023-12-01 08:08:17] INFO (nni/MainThread) Intermediate result: 18.537090739116717  (Index 111)
*** Epoch: 56 ***
-----------------G2R RESULT-------------------

val result: krc:0.791 | lsd:0.614 | ed:0.916 | hr@1:0.654 | hr@2:0.877 | hr@3:0.922 | acc@1:0.654 | acc@2:0.6 | acc@3:0.571 | Best krc: 0.792 | Best epoch: 55
[2023-12-01 08:08:48] INFO (nni/MainThread) Intermediate result: 0.7913764804888547  (Index 112)
-----------------ETPA RESULT-------------------
Epoch 56: Validation	rmse: 18.49	mae: 15.0	mape: 112.92%	acc@10: 38.55%	acc@20: 72.55%	acc@30: 89.77%	
[2023-12-01 08:08:48] INFO (nni/MainThread) Intermediate result: 18.48622817075088  (Index 113)
*** Epoch: 57 ***
-----------------G2R RESULT-------------------

val result: krc:0.779 | lsd:0.661 | ed:0.974 | hr@1:0.655 | hr@2:0.864 | hr@3:0.913 | acc@1:0.655 | acc@2:0.596 | acc@3:0.557 | Best krc: 0.792 | Best epoch: 55
[2023-12-01 08:09:22] INFO (nni/MainThread) Intermediate result: 0.7787526341089961  (Index 114)
-----------------ETPA RESULT-------------------
Epoch 57: Validation	rmse: 18.47	mae: 14.99	mape: 112.79%	acc@10: 38.58%	acc@20: 72.64%	acc@30: 89.78%	
[2023-12-01 08:09:22] INFO (nni/MainThread) Intermediate result: 18.46773852201415  (Index 115)
*** Epoch: 58 ***
-----------------G2R RESULT-------------------

val result: krc:0.788 | lsd:0.631 | ed:0.939 | hr@1:0.653 | hr@2:0.87 | hr@3:0.918 | acc@1:0.653 | acc@2:0.6 | acc@3:0.566 | Best krc: 0.792 | Best epoch: 55
[2023-12-01 08:09:53] INFO (nni/MainThread) Intermediate result: 0.7878651840960542  (Index 116)
-----------------ETPA RESULT-------------------
Epoch 58: Validation	rmse: 18.4	mae: 14.93	mape: 112.33%	acc@10: 38.76%	acc@20: 72.77%	acc@30: 89.93%	
[2023-12-01 08:09:53] INFO (nni/MainThread) Intermediate result: 18.403354518710014  (Index 117)
*** Epoch: 59 ***
-----------------G2R RESULT-------------------

val result: krc:0.792 | lsd:0.615 | ed:0.923 | hr@1:0.66 | hr@2:0.873 | hr@3:0.917 | acc@1:0.66 | acc@2:0.606 | acc@3:0.571 | Best krc: 0.792 | Best epoch: 55
best model saved
[2023-12-01 08:10:25] INFO (nni/MainThread) Intermediate result: 0.7922539864385079  (Index 118)
-----------------ETPA RESULT-------------------
Epoch 59: Validation	rmse: 18.35	mae: 14.89	mape: 111.94%	acc@10: 38.93%	acc@20: 72.91%	acc@30: 90.01%	
[2023-12-01 08:10:25] INFO (nni/MainThread) Intermediate result: 18.351569909706278  (Index 119)
*** Epoch: 60 ***
-----------------G2R RESULT-------------------

val result: krc:0.782 | lsd:0.638 | ed:0.979 | hr@1:0.651 | hr@2:0.871 | hr@3:0.916 | acc@1:0.651 | acc@2:0.591 | acc@3:0.551 | Best krc: 0.792 | Best epoch: 59
[2023-12-01 08:10:56] INFO (nni/MainThread) Intermediate result: 0.7822227140460634  (Index 120)
-----------------ETPA RESULT-------------------
Epoch 60: Validation	rmse: 18.34	mae: 14.88	mape: 111.83%	acc@10: 38.97%	acc@20: 72.99%	acc@30: 90.01%	
[2023-12-01 08:10:56] INFO (nni/MainThread) Intermediate result: 18.338985656513323  (Index 121)
*** Epoch: 61 ***
-----------------G2R RESULT-------------------

val result: krc:0.781 | lsd:0.627 | ed:0.979 | hr@1:0.65 | hr@2:0.871 | hr@3:0.916 | acc@1:0.65 | acc@2:0.593 | acc@3:0.554 | Best krc: 0.792 | Best epoch: 59
[2023-12-01 08:11:26] INFO (nni/MainThread) Intermediate result: 0.7806252452951185  (Index 122)
-----------------ETPA RESULT-------------------
Epoch 61: Validation	rmse: 18.28	mae: 14.83	mape: 111.43%	acc@10: 39.13%	acc@20: 73.11%	acc@30: 90.11%	
[2023-12-01 08:11:26] INFO (nni/MainThread) Intermediate result: 18.283619629305175  (Index 123)
*** Epoch: 62 ***
-----------------G2R RESULT-------------------

val result: krc:0.792 | lsd:0.613 | ed:0.927 | hr@1:0.655 | hr@2:0.877 | hr@3:0.92 | acc@1:0.655 | acc@2:0.603 | acc@3:0.571 | Best krc: 0.792 | Best epoch: 59
best model saved
[2023-12-01 08:11:58] INFO (nni/MainThread) Intermediate result: 0.7923365102726713  (Index 124)
-----------------ETPA RESULT-------------------
Epoch 62: Validation	rmse: 18.24	mae: 14.79	mape: 111.14%	acc@10: 39.27%	acc@20: 73.2%	acc@30: 90.2%	
[2023-12-01 08:11:58] INFO (nni/MainThread) Intermediate result: 18.240860753791825  (Index 125)
*** Epoch: 63 ***
-----------------G2R RESULT-------------------

val result: krc:0.787 | lsd:0.625 | ed:0.932 | hr@1:0.664 | hr@2:0.869 | hr@3:0.918 | acc@1:0.664 | acc@2:0.605 | acc@3:0.569 | Best krc: 0.792 | Best epoch: 62
[2023-12-01 08:12:29] INFO (nni/MainThread) Intermediate result: 0.7873352280523246  (Index 126)
-----------------ETPA RESULT-------------------
Epoch 63: Validation	rmse: 18.19	mae: 14.75	mape: 110.77%	acc@10: 39.4%	acc@20: 73.3%	acc@30: 90.31%	
[2023-12-01 08:12:29] INFO (nni/MainThread) Intermediate result: 18.187290943047792  (Index 127)
*** Epoch: 64 ***
-----------------G2R RESULT-------------------

val result: krc:0.788 | lsd:0.633 | ed:0.937 | hr@1:0.652 | hr@2:0.869 | hr@3:0.915 | acc@1:0.652 | acc@2:0.6 | acc@3:0.567 | Best krc: 0.792 | Best epoch: 62
[2023-12-01 08:13:01] INFO (nni/MainThread) Intermediate result: 0.7875120199562701  (Index 128)
-----------------ETPA RESULT-------------------
Epoch 64: Validation	rmse: 18.14	mae: 14.71	mape: 110.44%	acc@10: 39.52%	acc@20: 73.4%	acc@30: 90.41%	
[2023-12-01 08:13:01] INFO (nni/MainThread) Intermediate result: 18.13925652294391  (Index 129)
*** Epoch: 65 ***
-----------------G2R RESULT-------------------

val result: krc:0.794 | lsd:0.626 | ed:0.909 | hr@1:0.662 | hr@2:0.876 | hr@3:0.921 | acc@1:0.662 | acc@2:0.609 | acc@3:0.578 | Best krc: 0.792 | Best epoch: 62
best model saved
[2023-12-01 08:13:32] INFO (nni/MainThread) Intermediate result: 0.7941718890997422  (Index 130)
-----------------ETPA RESULT-------------------
Epoch 65: Validation	rmse: 18.13	mae: 14.7	mape: 110.37%	acc@10: 39.57%	acc@20: 73.46%	acc@30: 90.42%	
[2023-12-01 08:13:32] INFO (nni/MainThread) Intermediate result: 18.13063094825974  (Index 131)
*** Epoch: 66 ***
-----------------G2R RESULT-------------------

val result: krc:0.774 | lsd:0.653 | ed:0.983 | hr@1:0.645 | hr@2:0.867 | hr@3:0.914 | acc@1:0.645 | acc@2:0.585 | acc@3:0.548 | Best krc: 0.794 | Best epoch: 65
[2023-12-01 08:14:05] INFO (nni/MainThread) Intermediate result: 0.7741441897104336  (Index 132)
-----------------ETPA RESULT-------------------
Epoch 66: Validation	rmse: 18.09	mae: 14.67	mape: 110.16%	acc@10: 39.68%	acc@20: 73.54%	acc@30: 90.52%	
[2023-12-01 08:14:05] INFO (nni/MainThread) Intermediate result: 18.090927660548093  (Index 133)
*** Epoch: 67 ***
-----------------G2R RESULT-------------------

val result: krc:0.79 | lsd:0.612 | ed:0.932 | hr@1:0.659 | hr@2:0.873 | hr@3:0.917 | acc@1:0.659 | acc@2:0.602 | acc@3:0.567 | Best krc: 0.794 | Best epoch: 65
[2023-12-01 08:14:37] INFO (nni/MainThread) Intermediate result: 0.7897605796687563  (Index 134)
-----------------ETPA RESULT-------------------
Epoch 67: Validation	rmse: 18.05	mae: 14.64	mape: 109.91%	acc@10: 39.77%	acc@20: 73.64%	acc@30: 90.57%	
[2023-12-01 08:14:37] INFO (nni/MainThread) Intermediate result: 18.054283252919053  (Index 135)
*** Epoch: 68 ***
-----------------G2R RESULT-------------------

val result: krc:0.784 | lsd:0.621 | ed:0.943 | hr@1:0.658 | hr@2:0.873 | hr@3:0.918 | acc@1:0.658 | acc@2:0.6 | acc@3:0.565 | Best krc: 0.794 | Best epoch: 65
[2023-12-01 08:15:09] INFO (nni/MainThread) Intermediate result: 0.7843747915107776  (Index 136)
-----------------ETPA RESULT-------------------
Epoch 68: Validation	rmse: 18.02	mae: 14.62	mape: 109.74%	acc@10: 39.79%	acc@20: 73.72%	acc@30: 90.65%	
[2023-12-01 08:15:09] INFO (nni/MainThread) Intermediate result: 18.022098100135953  (Index 137)
*** Epoch: 69 ***
-----------------G2R RESULT-------------------

val result: krc:0.786 | lsd:0.636 | ed:0.943 | hr@1:0.66 | hr@2:0.873 | hr@3:0.916 | acc@1:0.66 | acc@2:0.603 | acc@3:0.564 | Best krc: 0.794 | Best epoch: 65
[2023-12-01 08:15:43] INFO (nni/MainThread) Intermediate result: 0.7856875369686914  (Index 138)
-----------------ETPA RESULT-------------------
Epoch 69: Validation	rmse: 18.0	mae: 14.6	mape: 109.62%	acc@10: 39.79%	acc@20: 73.78%	acc@30: 90.71%	
[2023-12-01 08:15:43] INFO (nni/MainThread) Intermediate result: 17.99727500078126  (Index 139)
*** Epoch: 70 ***
-----------------G2R RESULT-------------------

val result: krc:0.793 | lsd:0.607 | ed:0.92 | hr@1:0.659 | hr@2:0.876 | hr@3:0.922 | acc@1:0.659 | acc@2:0.604 | acc@3:0.576 | Best krc: 0.794 | Best epoch: 65
[2023-12-01 08:16:14] INFO (nni/MainThread) Intermediate result: 0.7928529088039362  (Index 140)
-----------------ETPA RESULT-------------------
Epoch 70: Validation	rmse: 17.99	mae: 14.6	mape: 109.62%	acc@10: 39.76%	acc@20: 73.8%	acc@30: 90.71%	
[2023-12-01 08:16:14] INFO (nni/MainThread) Intermediate result: 17.99212362596248  (Index 141)
*** Epoch: 71 ***
-----------------G2R RESULT-------------------

val result: krc:0.779 | lsd:0.652 | ed:0.972 | hr@1:0.653 | hr@2:0.875 | hr@3:0.914 | acc@1:0.653 | acc@2:0.594 | acc@3:0.552 | Best krc: 0.794 | Best epoch: 65
[2023-12-01 08:16:44] INFO (nni/MainThread) Intermediate result: 0.7786882165106915  (Index 142)
-----------------ETPA RESULT-------------------
Epoch 71: Validation	rmse: 17.94	mae: 14.56	mape: 109.23%	acc@10: 39.92%	acc@20: 73.92%	acc@30: 90.81%	
[2023-12-01 08:16:44] INFO (nni/MainThread) Intermediate result: 17.93622160362026  (Index 143)
*** Epoch: 72 ***
-----------------G2R RESULT-------------------

val result: krc:0.793 | lsd:0.615 | ed:0.926 | hr@1:0.667 | hr@2:0.873 | hr@3:0.918 | acc@1:0.667 | acc@2:0.609 | acc@3:0.575 | Best krc: 0.794 | Best epoch: 65
[2023-12-01 08:17:17] INFO (nni/MainThread) Intermediate result: 0.7931673489347298  (Index 144)
-----------------ETPA RESULT-------------------
Epoch 72: Validation	rmse: 17.92	mae: 14.54	mape: 109.12%	acc@10: 39.96%	acc@20: 73.98%	acc@30: 90.83%	
[2023-12-01 08:17:17] INFO (nni/MainThread) Intermediate result: 17.9163535559678  (Index 145)
*** Epoch: 73 ***
-----------------G2R RESULT-------------------

val result: krc:0.791 | lsd:0.624 | ed:0.927 | hr@1:0.658 | hr@2:0.871 | hr@3:0.919 | acc@1:0.658 | acc@2:0.604 | acc@3:0.571 | Best krc: 0.794 | Best epoch: 65
[2023-12-01 08:17:50] INFO (nni/MainThread) Intermediate result: 0.7913085612342281  (Index 146)
-----------------ETPA RESULT-------------------
Epoch 73: Validation	rmse: 17.89	mae: 14.52	mape: 108.91%	acc@10: 40.01%	acc@20: 74.07%	acc@30: 90.87%	
[2023-12-01 08:17:50] INFO (nni/MainThread) Intermediate result: 17.885146258906232  (Index 147)
*** Epoch: 74 ***
-----------------G2R RESULT-------------------

val result: krc:0.785 | lsd:0.639 | ed:0.94 | hr@1:0.657 | hr@2:0.865 | hr@3:0.917 | acc@1:0.657 | acc@2:0.596 | acc@3:0.567 | Best krc: 0.794 | Best epoch: 65
[2023-12-01 08:18:20] INFO (nni/MainThread) Intermediate result: 0.7849584463051887  (Index 148)
-----------------ETPA RESULT-------------------
Epoch 74: Validation	rmse: 17.84	mae: 14.48	mape: 108.56%	acc@10: 40.17%	acc@20: 74.18%	acc@30: 90.96%	
[2023-12-01 08:18:21] INFO (nni/MainThread) Intermediate result: 17.84026192665087  (Index 149)
*** Epoch: 75 ***
-----------------G2R RESULT-------------------

val result: krc:0.782 | lsd:0.659 | ed:0.958 | hr@1:0.653 | hr@2:0.868 | hr@3:0.918 | acc@1:0.653 | acc@2:0.598 | acc@3:0.561 | Best krc: 0.794 | Best epoch: 65
[2023-12-01 08:18:52] INFO (nni/MainThread) Intermediate result: 0.7817987466872467  (Index 150)
-----------------ETPA RESULT-------------------
Epoch 75: Validation	rmse: 17.79	mae: 14.43	mape: 108.13%	acc@10: 40.34%	acc@20: 74.31%	acc@30: 91.04%	
[2023-12-01 08:18:52] INFO (nni/MainThread) Intermediate result: 17.788799757130082  (Index 151)
*** Epoch: 76 ***
-----------------G2R RESULT-------------------

val result: krc:0.791 | lsd:0.627 | ed:0.93 | hr@1:0.663 | hr@2:0.874 | hr@3:0.92 | acc@1:0.663 | acc@2:0.606 | acc@3:0.571 | Best krc: 0.794 | Best epoch: 65
[2023-12-01 08:19:24] INFO (nni/MainThread) Intermediate result: 0.79055277586104  (Index 152)
-----------------ETPA RESULT-------------------
Epoch 76: Validation	rmse: 17.77	mae: 14.41	mape: 107.97%	acc@10: 40.4%	acc@20: 74.38%	acc@30: 91.07%	
[2023-12-01 08:19:24] INFO (nni/MainThread) Intermediate result: 17.765688620667017  (Index 153)
*** Epoch: 77 ***
-----------------G2R RESULT-------------------

val result: krc:0.78 | lsd:0.613 | ed:0.969 | hr@1:0.655 | hr@2:0.868 | hr@3:0.914 | acc@1:0.655 | acc@2:0.59 | acc@3:0.554 | Best krc: 0.794 | Best epoch: 65
[2023-12-01 08:19:55] INFO (nni/MainThread) Intermediate result: 0.7797586031516947  (Index 154)
-----------------ETPA RESULT-------------------
Epoch 77: Validation	rmse: 17.74	mae: 14.39	mape: 107.72%	acc@10: 40.53%	acc@20: 74.47%	acc@30: 91.09%	
[2023-12-01 08:19:55] INFO (nni/MainThread) Intermediate result: 17.738835775014184  (Index 155)
*** Epoch: 78 ***
-----------------G2R RESULT-------------------

val result: krc:0.798 | lsd:0.605 | ed:0.91 | hr@1:0.669 | hr@2:0.875 | hr@3:0.922 | acc@1:0.669 | acc@2:0.613 | acc@3:0.58 | Best krc: 0.794 | Best epoch: 65
best model saved
[2023-12-01 08:20:26] INFO (nni/MainThread) Intermediate result: 0.7982708586818776  (Index 156)
-----------------ETPA RESULT-------------------
Epoch 78: Validation	rmse: 17.71	mae: 14.36	mape: 107.48%	acc@10: 40.6%	acc@20: 74.56%	acc@30: 91.14%	
[2023-12-01 08:20:26] INFO (nni/MainThread) Intermediate result: 17.706773111026358  (Index 157)
*** Epoch: 79 ***
-----------------G2R RESULT-------------------

val result: krc:0.799 | lsd:0.604 | ed:0.906 | hr@1:0.668 | hr@2:0.874 | hr@3:0.922 | acc@1:0.668 | acc@2:0.61 | acc@3:0.582 | Best krc: 0.798 | Best epoch: 78
best model saved
[2023-12-01 08:20:59] INFO (nni/MainThread) Intermediate result: 0.7989122432410584  (Index 158)
-----------------ETPA RESULT-------------------
Epoch 79: Validation	rmse: 17.68	mae: 14.34	mape: 107.29%	acc@10: 40.65%	acc@20: 74.61%	acc@30: 91.21%	
[2023-12-01 08:20:59] INFO (nni/MainThread) Intermediate result: 17.67988473186294  (Index 159)
*** Epoch: 80 ***
-----------------G2R RESULT-------------------

val result: krc:0.801 | lsd:0.599 | ed:0.905 | hr@1:0.678 | hr@2:0.873 | hr@3:0.922 | acc@1:0.678 | acc@2:0.618 | acc@3:0.583 | Best krc: 0.799 | Best epoch: 79
best model saved
[2023-12-01 08:21:31] INFO (nni/MainThread) Intermediate result: 0.8013881077545265  (Index 160)
-----------------ETPA RESULT-------------------
Epoch 80: Validation	rmse: 17.67	mae: 14.32	mape: 107.15%	acc@10: 40.69%	acc@20: 74.68%	acc@30: 91.23%	
[2023-12-01 08:21:31] INFO (nni/MainThread) Intermediate result: 17.665427690265734  (Index 161)
*** Epoch: 81 ***
-----------------G2R RESULT-------------------

val result: krc:0.798 | lsd:0.623 | ed:0.909 | hr@1:0.673 | hr@2:0.873 | hr@3:0.919 | acc@1:0.673 | acc@2:0.616 | acc@3:0.584 | Best krc: 0.801 | Best epoch: 80
[2023-12-01 08:22:02] INFO (nni/MainThread) Intermediate result: 0.7981235707077421  (Index 162)
-----------------ETPA RESULT-------------------
Epoch 81: Validation	rmse: 17.66	mae: 14.32	mape: 107.11%	acc@10: 40.67%	acc@20: 74.68%	acc@30: 91.24%	
[2023-12-01 08:22:02] INFO (nni/MainThread) Intermediate result: 17.66199198602145  (Index 163)
*** Epoch: 82 ***
-----------------G2R RESULT-------------------

val result: krc:0.805 | lsd:0.595 | ed:0.878 | hr@1:0.682 | hr@2:0.877 | hr@3:0.921 | acc@1:0.682 | acc@2:0.63 | acc@3:0.596 | Best krc: 0.801 | Best epoch: 80
best model saved
[2023-12-01 08:22:34] INFO (nni/MainThread) Intermediate result: 0.8048267921814052  (Index 164)
-----------------ETPA RESULT-------------------
Epoch 82: Validation	rmse: 17.64	mae: 14.3	mape: 106.97%	acc@10: 40.7%	acc@20: 74.75%	acc@30: 91.29%	
[2023-12-01 08:22:34] INFO (nni/MainThread) Intermediate result: 17.63793721148538  (Index 165)
*** Epoch: 83 ***
-----------------G2R RESULT-------------------

val result: krc:0.8 | lsd:0.593 | ed:0.903 | hr@1:0.673 | hr@2:0.878 | hr@3:0.922 | acc@1:0.673 | acc@2:0.618 | acc@3:0.583 | Best krc: 0.805 | Best epoch: 82
[2023-12-01 08:23:07] INFO (nni/MainThread) Intermediate result: 0.799665650710688  (Index 166)
-----------------ETPA RESULT-------------------
Epoch 83: Validation	rmse: 17.6	mae: 14.27	mape: 106.69%	acc@10: 40.81%	acc@20: 74.83%	acc@30: 91.37%	
[2023-12-01 08:23:07] INFO (nni/MainThread) Intermediate result: 17.598521322001975  (Index 167)
*** Epoch: 84 ***
-----------------G2R RESULT-------------------

val result: krc:0.801 | lsd:0.585 | ed:0.903 | hr@1:0.674 | hr@2:0.876 | hr@3:0.922 | acc@1:0.674 | acc@2:0.618 | acc@3:0.584 | Best krc: 0.805 | Best epoch: 82
[2023-12-01 08:23:38] INFO (nni/MainThread) Intermediate result: 0.8005293325275837  (Index 168)
-----------------ETPA RESULT-------------------
Epoch 84: Validation	rmse: 17.58	mae: 14.26	mape: 106.56%	acc@10: 40.85%	acc@20: 74.88%	acc@30: 91.4%	
[2023-12-01 08:23:38] INFO (nni/MainThread) Intermediate result: 17.577925486390676  (Index 169)
*** Epoch: 85 ***
-----------------G2R RESULT-------------------

val result: krc:0.806 | lsd:0.58 | ed:0.878 | hr@1:0.679 | hr@2:0.878 | hr@3:0.923 | acc@1:0.679 | acc@2:0.621 | acc@3:0.587 | Best krc: 0.805 | Best epoch: 82
best model saved
[2023-12-01 08:24:11] INFO (nni/MainThread) Intermediate result: 0.8060121271140074  (Index 170)
-----------------ETPA RESULT-------------------
Epoch 85: Validation	rmse: 17.55	mae: 14.23	mape: 106.37%	acc@10: 40.93%	acc@20: 74.95%	acc@30: 91.46%	
[2023-12-01 08:24:11] INFO (nni/MainThread) Intermediate result: 17.548991781280403  (Index 171)
*** Epoch: 86 ***
-----------------G2R RESULT-------------------

val result: krc:0.803 | lsd:0.589 | ed:0.892 | hr@1:0.676 | hr@2:0.879 | hr@3:0.921 | acc@1:0.676 | acc@2:0.62 | acc@3:0.587 | Best krc: 0.806 | Best epoch: 85
[2023-12-01 08:24:42] INFO (nni/MainThread) Intermediate result: 0.8025945742867475  (Index 172)
-----------------ETPA RESULT-------------------
Epoch 86: Validation	rmse: 17.51	mae: 14.2	mape: 106.06%	acc@10: 41.04%	acc@20: 75.03%	acc@30: 91.53%	
[2023-12-01 08:24:42] INFO (nni/MainThread) Intermediate result: 17.508576710123506  (Index 173)
*** Epoch: 87 ***
-----------------G2R RESULT-------------------

val result: krc:0.799 | lsd:0.59 | ed:0.907 | hr@1:0.675 | hr@2:0.877 | hr@3:0.922 | acc@1:0.675 | acc@2:0.613 | acc@3:0.579 | Best krc: 0.806 | Best epoch: 85
[2023-12-01 08:25:13] INFO (nni/MainThread) Intermediate result: 0.7986761677972871  (Index 174)
-----------------ETPA RESULT-------------------
Epoch 87: Validation	rmse: 17.48	mae: 14.18	mape: 105.82%	acc@10: 41.15%	acc@20: 75.11%	acc@30: 91.58%	
[2023-12-01 08:25:13] INFO (nni/MainThread) Intermediate result: 17.47644550803786  (Index 175)
*** Epoch: 88 ***
-----------------G2R RESULT-------------------

val result: krc:0.802 | lsd:0.587 | ed:0.888 | hr@1:0.679 | hr@2:0.877 | hr@3:0.921 | acc@1:0.679 | acc@2:0.624 | acc@3:0.589 | Best krc: 0.806 | Best epoch: 85
[2023-12-01 08:25:45] INFO (nni/MainThread) Intermediate result: 0.8019853695673548  (Index 176)
-----------------ETPA RESULT-------------------
Epoch 88: Validation	rmse: 17.45	mae: 14.15	mape: 105.61%	acc@10: 41.23%	acc@20: 75.19%	acc@30: 91.62%	
[2023-12-01 08:25:45] INFO (nni/MainThread) Intermediate result: 17.45088376975287  (Index 177)
*** Epoch: 89 ***
-----------------G2R RESULT-------------------

val result: krc:0.803 | lsd:0.598 | ed:0.889 | hr@1:0.679 | hr@2:0.881 | hr@3:0.921 | acc@1:0.679 | acc@2:0.627 | acc@3:0.589 | Best krc: 0.806 | Best epoch: 85
[2023-12-01 08:26:19] INFO (nni/MainThread) Intermediate result: 0.8031385780489408  (Index 178)
-----------------ETPA RESULT-------------------
Epoch 89: Validation	rmse: 17.41	mae: 14.12	mape: 105.28%	acc@10: 41.35%	acc@20: 75.28%	acc@30: 91.69%	
[2023-12-01 08:26:19] INFO (nni/MainThread) Intermediate result: 17.40994551464567  (Index 179)
*** Epoch: 90 ***
-----------------G2R RESULT-------------------

val result: krc:0.808 | lsd:0.585 | ed:0.877 | hr@1:0.683 | hr@2:0.883 | hr@3:0.924 | acc@1:0.683 | acc@2:0.631 | acc@3:0.598 | Best krc: 0.806 | Best epoch: 85
best model saved
[2023-12-01 08:26:53] INFO (nni/MainThread) Intermediate result: 0.8077007101143525  (Index 180)
-----------------ETPA RESULT-------------------
Epoch 90: Validation	rmse: 17.37	mae: 14.09	mape: 105.0%	acc@10: 41.45%	acc@20: 75.38%	acc@30: 91.75%	
[2023-12-01 08:26:53] INFO (nni/MainThread) Intermediate result: 17.373939446914505  (Index 181)
*** Epoch: 91 ***
-----------------G2R RESULT-------------------

val result: krc:0.797 | lsd:0.578 | ed:0.928 | hr@1:0.671 | hr@2:0.879 | hr@3:0.922 | acc@1:0.671 | acc@2:0.612 | acc@3:0.577 | Best krc: 0.808 | Best epoch: 90
[2023-12-01 08:27:24] INFO (nni/MainThread) Intermediate result: 0.7965553910372449  (Index 182)
-----------------ETPA RESULT-------------------
Epoch 91: Validation	rmse: 17.35	mae: 14.07	mape: 104.78%	acc@10: 41.53%	acc@20: 75.45%	acc@30: 91.8%	
[2023-12-01 08:27:24] INFO (nni/MainThread) Intermediate result: 17.345617292731674  (Index 183)
*** Epoch: 92 ***
-----------------G2R RESULT-------------------

val result: krc:0.807 | lsd:0.592 | ed:0.873 | hr@1:0.684 | hr@2:0.883 | hr@3:0.922 | acc@1:0.684 | acc@2:0.631 | acc@3:0.596 | Best krc: 0.808 | Best epoch: 90
[2023-12-01 08:27:55] INFO (nni/MainThread) Intermediate result: 0.8070982081126375  (Index 184)
-----------------ETPA RESULT-------------------
Epoch 92: Validation	rmse: 17.31	mae: 14.04	mape: 104.55%	acc@10: 41.62%	acc@20: 75.52%	acc@30: 91.86%	
[2023-12-01 08:27:55] INFO (nni/MainThread) Intermediate result: 17.3147679042169  (Index 185)
*** Epoch: 93 ***
-----------------G2R RESULT-------------------

val result: krc:0.804 | lsd:0.583 | ed:0.885 | hr@1:0.683 | hr@2:0.876 | hr@3:0.921 | acc@1:0.683 | acc@2:0.624 | acc@3:0.591 | Best krc: 0.808 | Best epoch: 90
[2023-12-01 08:28:26] INFO (nni/MainThread) Intermediate result: 0.804150682594058  (Index 186)
-----------------ETPA RESULT-------------------
Epoch 93: Validation	rmse: 17.29	mae: 14.02	mape: 104.34%	acc@10: 41.69%	acc@20: 75.58%	acc@30: 91.91%	
[2023-12-01 08:28:26] INFO (nni/MainThread) Intermediate result: 17.289541705928887  (Index 187)
*** Epoch: 94 ***
-----------------G2R RESULT-------------------

val result: krc:0.808 | lsd:0.579 | ed:0.871 | hr@1:0.687 | hr@2:0.88 | hr@3:0.924 | acc@1:0.687 | acc@2:0.629 | acc@3:0.595 | Best krc: 0.808 | Best epoch: 90
best model saved
[2023-12-01 08:28:59] INFO (nni/MainThread) Intermediate result: 0.8084527702455119  (Index 188)
-----------------ETPA RESULT-------------------
Epoch 94: Validation	rmse: 17.26	mae: 13.99	mape: 104.12%	acc@10: 41.77%	acc@20: 75.64%	acc@30: 91.97%	
[2023-12-01 08:28:59] INFO (nni/MainThread) Intermediate result: 17.25963687195832  (Index 189)
*** Epoch: 95 ***
-----------------G2R RESULT-------------------

val result: krc:0.808 | lsd:0.581 | ed:0.871 | hr@1:0.691 | hr@2:0.88 | hr@3:0.923 | acc@1:0.691 | acc@2:0.631 | acc@3:0.599 | Best krc: 0.808 | Best epoch: 94
[2023-12-01 08:29:30] INFO (nni/MainThread) Intermediate result: 0.8076497843441437  (Index 190)
-----------------ETPA RESULT-------------------
Epoch 95: Validation	rmse: 17.24	mae: 13.98	mape: 104.0%	acc@10: 41.79%	acc@20: 75.7%	acc@30: 91.98%	
[2023-12-01 08:29:30] INFO (nni/MainThread) Intermediate result: 17.24310834986166  (Index 191)
*** Epoch: 96 ***
-----------------G2R RESULT-------------------

val result: krc:0.799 | lsd:0.598 | ed:0.893 | hr@1:0.682 | hr@2:0.879 | hr@3:0.922 | acc@1:0.682 | acc@2:0.626 | acc@3:0.59 | Best krc: 0.808 | Best epoch: 94
[2023-12-01 08:30:01] INFO (nni/MainThread) Intermediate result: 0.799315123976252  (Index 192)
-----------------ETPA RESULT-------------------
Epoch 96: Validation	rmse: 17.21	mae: 13.95	mape: 103.74%	acc@10: 41.89%	acc@20: 75.78%	acc@30: 92.04%	
[2023-12-01 08:30:01] INFO (nni/MainThread) Intermediate result: 17.212034025347894  (Index 193)
*** Epoch: 97 ***
-----------------G2R RESULT-------------------

val result: krc:0.81 | lsd:0.57 | ed:0.87 | hr@1:0.692 | hr@2:0.882 | hr@3:0.926 | acc@1:0.692 | acc@2:0.632 | acc@3:0.599 | Best krc: 0.808 | Best epoch: 94
best model saved
[2023-12-01 08:30:34] INFO (nni/MainThread) Intermediate result: 0.8104131994905933  (Index 194)
-----------------ETPA RESULT-------------------
Epoch 97: Validation	rmse: 17.18	mae: 13.92	mape: 103.46%	acc@10: 42.01%	acc@20: 75.87%	acc@30: 92.09%	
[2023-12-01 08:30:34] INFO (nni/MainThread) Intermediate result: 17.179674492146884  (Index 195)
*** Epoch: 98 ***
-----------------G2R RESULT-------------------

val result: krc:0.806 | lsd:0.615 | ed:0.88 | hr@1:0.689 | hr@2:0.878 | hr@3:0.919 | acc@1:0.689 | acc@2:0.638 | acc@3:0.601 | Best krc: 0.81 | Best epoch: 97
[2023-12-01 08:31:05] INFO (nni/MainThread) Intermediate result: 0.8060314218162928  (Index 196)
-----------------ETPA RESULT-------------------
Epoch 98: Validation	rmse: 17.16	mae: 13.91	mape: 103.27%	acc@10: 42.08%	acc@20: 75.93%	acc@30: 92.13%	
[2023-12-01 08:31:05] INFO (nni/MainThread) Intermediate result: 17.160272442034564  (Index 197)
*** Epoch: 99 ***
-----------------G2R RESULT-------------------

val result: krc:0.805 | lsd:0.607 | ed:0.895 | hr@1:0.682 | hr@2:0.877 | hr@3:0.919 | acc@1:0.682 | acc@2:0.63 | acc@3:0.592 | Best krc: 0.81 | Best epoch: 97
[2023-12-01 08:31:39] INFO (nni/MainThread) Intermediate result: 0.8050736903382293  (Index 198)
-----------------ETPA RESULT-------------------
Epoch 99: Validation	rmse: 17.14	mae: 13.89	mape: 103.12%	acc@10: 42.12%	acc@20: 75.99%	acc@30: 92.18%	
[2023-12-01 08:31:39] INFO (nni/MainThread) Intermediate result: 17.143403903080312  (Index 199)
*** Epoch: 100 ***
-----------------G2R RESULT-------------------

val result: krc:0.809 | lsd:0.57 | ed:0.872 | hr@1:0.694 | hr@2:0.883 | hr@3:0.926 | acc@1:0.694 | acc@2:0.638 | acc@3:0.603 | Best krc: 0.81 | Best epoch: 97
[2023-12-01 08:32:11] INFO (nni/MainThread) Intermediate result: 0.8086692520098729  (Index 200)
-----------------ETPA RESULT-------------------
Epoch 100: Validation	rmse: 17.12	mae: 13.87	mape: 102.91%	acc@10: 42.2%	acc@20: 76.05%	acc@30: 92.23%	
[2023-12-01 08:32:11] INFO (nni/MainThread) Intermediate result: 17.117523941542178  (Index 201)
*** Epoch: 101 ***
-----------------G2R RESULT-------------------

val result: krc:0.797 | lsd:0.592 | ed:0.921 | hr@1:0.681 | hr@2:0.883 | hr@3:0.923 | acc@1:0.681 | acc@2:0.624 | acc@3:0.586 | Best krc: 0.81 | Best epoch: 97
[2023-12-01 08:32:42] INFO (nni/MainThread) Intermediate result: 0.7971325731710516  (Index 202)
-----------------ETPA RESULT-------------------
Epoch 101: Validation	rmse: 17.09	mae: 13.84	mape: 102.69%	acc@10: 42.28%	acc@20: 76.12%	acc@30: 92.28%	
[2023-12-01 08:32:42] INFO (nni/MainThread) Intermediate result: 17.086812255952818  (Index 203)
*** Epoch: 102 ***
-----------------G2R RESULT-------------------

val result: krc:0.813 | lsd:0.559 | ed:0.872 | hr@1:0.693 | hr@2:0.885 | hr@3:0.924 | acc@1:0.693 | acc@2:0.641 | acc@3:0.599 | Best krc: 0.81 | Best epoch: 97
best model saved
[2023-12-01 08:33:22] INFO (nni/MainThread) Intermediate result: 0.8129186303825569  (Index 204)
-----------------ETPA RESULT-------------------
Epoch 102: Validation	rmse: 17.06	mae: 13.82	mape: 102.45%	acc@10: 42.37%	acc@20: 76.17%	acc@30: 92.32%	
[2023-12-01 08:33:22] INFO (nni/MainThread) Intermediate result: 17.059251488096628  (Index 205)
*** Epoch: 103 ***
-----------------G2R RESULT-------------------

val result: krc:0.797 | lsd:0.59 | ed:0.926 | hr@1:0.68 | hr@2:0.882 | hr@3:0.92 | acc@1:0.68 | acc@2:0.62 | acc@3:0.582 | Best krc: 0.813 | Best epoch: 102
[2023-12-01 08:33:53] INFO (nni/MainThread) Intermediate result: 0.7965498314864298  (Index 206)
-----------------ETPA RESULT-------------------
Epoch 103: Validation	rmse: 17.05	mae: 13.81	mape: 102.37%	acc@10: 42.41%	acc@20: 76.21%	acc@30: 92.3%	
[2023-12-01 08:33:53] INFO (nni/MainThread) Intermediate result: 17.05344475802097  (Index 207)
*** Epoch: 104 ***
-----------------G2R RESULT-------------------

val result: krc:0.79 | lsd:0.633 | ed:0.933 | hr@1:0.676 | hr@2:0.876 | hr@3:0.92 | acc@1:0.676 | acc@2:0.613 | acc@3:0.578 | Best krc: 0.813 | Best epoch: 102
[2023-12-01 08:34:28] INFO (nni/MainThread) Intermediate result: 0.7901842370491254  (Index 208)
-----------------ETPA RESULT-------------------
Epoch 104: Validation	rmse: 17.03	mae: 13.79	mape: 102.13%	acc@10: 42.5%	acc@20: 76.26%	acc@30: 92.33%	
[2023-12-01 08:34:28] INFO (nni/MainThread) Intermediate result: 17.02758158134213  (Index 209)
*** Epoch: 105 ***
-----------------G2R RESULT-------------------

val result: krc:0.814 | lsd:0.566 | ed:0.866 | hr@1:0.696 | hr@2:0.886 | hr@3:0.926 | acc@1:0.696 | acc@2:0.638 | acc@3:0.603 | Best krc: 0.813 | Best epoch: 102
best model saved
[2023-12-01 08:35:04] INFO (nni/MainThread) Intermediate result: 0.8135156851116625  (Index 210)
-----------------ETPA RESULT-------------------
Epoch 105: Validation	rmse: 17.01	mae: 13.78	mape: 102.02%	acc@10: 42.53%	acc@20: 76.29%	acc@30: 92.35%	
[2023-12-01 08:35:04] INFO (nni/MainThread) Intermediate result: 17.01183296281813  (Index 211)
*** Epoch: 106 ***
-----------------G2R RESULT-------------------

val result: krc:0.81 | lsd:0.578 | ed:0.874 | hr@1:0.69 | hr@2:0.882 | hr@3:0.924 | acc@1:0.69 | acc@2:0.634 | acc@3:0.599 | Best krc: 0.814 | Best epoch: 105
[2023-12-01 08:35:36] INFO (nni/MainThread) Intermediate result: 0.810196995347848  (Index 212)
-----------------ETPA RESULT-------------------
Epoch 106: Validation	rmse: 16.99	mae: 13.76	mape: 101.86%	acc@10: 42.6%	acc@20: 76.34%	acc@30: 92.39%	
[2023-12-01 08:35:36] INFO (nni/MainThread) Intermediate result: 16.991144024223416  (Index 213)
*** Epoch: 107 ***
-----------------G2R RESULT-------------------

val result: krc:0.793 | lsd:0.603 | ed:0.938 | hr@1:0.672 | hr@2:0.879 | hr@3:0.922 | acc@1:0.672 | acc@2:0.613 | acc@3:0.576 | Best krc: 0.814 | Best epoch: 105
[2023-12-01 08:36:08] INFO (nni/MainThread) Intermediate result: 0.7930345962965115  (Index 214)
-----------------ETPA RESULT-------------------
Epoch 107: Validation	rmse: 16.97	mae: 13.73	mape: 101.62%	acc@10: 42.71%	acc@20: 76.39%	acc@30: 92.42%	
[2023-12-01 08:36:08] INFO (nni/MainThread) Intermediate result: 16.966333936451253  (Index 215)
*** Epoch: 108 ***
-----------------G2R RESULT-------------------

val result: krc:0.801 | lsd:0.613 | ed:0.903 | hr@1:0.679 | hr@2:0.876 | hr@3:0.918 | acc@1:0.679 | acc@2:0.62 | acc@3:0.585 | Best krc: 0.814 | Best epoch: 105
[2023-12-01 08:36:40] INFO (nni/MainThread) Intermediate result: 0.8006128535992988  (Index 216)
-----------------ETPA RESULT-------------------
Epoch 108: Validation	rmse: 16.94	mae: 13.71	mape: 101.43%	acc@10: 42.8%	acc@20: 76.46%	acc@30: 92.48%	
[2023-12-01 08:36:40] INFO (nni/MainThread) Intermediate result: 16.939018001328346  (Index 217)
*** Epoch: 109 ***
-----------------G2R RESULT-------------------

val result: krc:0.811 | lsd:0.592 | ed:0.854 | hr@1:0.701 | hr@2:0.882 | hr@3:0.926 | acc@1:0.701 | acc@2:0.644 | acc@3:0.611 | Best krc: 0.814 | Best epoch: 105
[2023-12-01 08:37:11] INFO (nni/MainThread) Intermediate result: 0.8114070133659114  (Index 218)
-----------------ETPA RESULT-------------------
Epoch 109: Validation	rmse: 16.91	mae: 13.69	mape: 101.17%	acc@10: 42.9%	acc@20: 76.52%	acc@30: 92.51%	
[2023-12-01 08:37:11] INFO (nni/MainThread) Intermediate result: 16.91219188218911  (Index 219)
*** Epoch: 110 ***
-----------------G2R RESULT-------------------

val result: krc:0.813 | lsd:0.578 | ed:0.86 | hr@1:0.701 | hr@2:0.883 | hr@3:0.925 | acc@1:0.701 | acc@2:0.644 | acc@3:0.609 | Best krc: 0.814 | Best epoch: 105
[2023-12-01 08:37:44] INFO (nni/MainThread) Intermediate result: 0.8128182070726888  (Index 220)
-----------------ETPA RESULT-------------------
Epoch 110: Validation	rmse: 16.89	mae: 13.67	mape: 101.03%	acc@10: 42.93%	acc@20: 76.57%	acc@30: 92.55%	
[2023-12-01 08:37:44] INFO (nni/MainThread) Intermediate result: 16.8917434503663  (Index 221)
*** Epoch: 111 ***
-----------------G2R RESULT-------------------

val result: krc:0.812 | lsd:0.592 | ed:0.865 | hr@1:0.701 | hr@2:0.884 | hr@3:0.926 | acc@1:0.701 | acc@2:0.643 | acc@3:0.61 | Best krc: 0.814 | Best epoch: 105
[2023-12-01 08:38:22] INFO (nni/MainThread) Intermediate result: 0.8116887277971668  (Index 222)
-----------------ETPA RESULT-------------------
Epoch 111: Validation	rmse: 16.88	mae: 13.67	mape: 100.99%	acc@10: 42.9%	acc@20: 76.56%	acc@30: 92.58%	
[2023-12-01 08:38:22] INFO (nni/MainThread) Intermediate result: 16.883837540749894  (Index 223)
*** Epoch: 112 ***
-----------------G2R RESULT-------------------

val result: krc:0.812 | lsd:0.572 | ed:0.877 | hr@1:0.697 | hr@2:0.883 | hr@3:0.926 | acc@1:0.697 | acc@2:0.636 | acc@3:0.601 | Best krc: 0.814 | Best epoch: 105
[2023-12-01 08:38:53] INFO (nni/MainThread) Intermediate result: 0.8115641429939636  (Index 224)
-----------------ETPA RESULT-------------------
Epoch 112: Validation	rmse: 16.87	mae: 13.66	mape: 100.93%	acc@10: 42.92%	acc@20: 76.58%	acc@30: 92.58%	
[2023-12-01 08:38:53] INFO (nni/MainThread) Intermediate result: 16.874541366945426  (Index 225)
*** Epoch: 113 ***
-----------------G2R RESULT-------------------

val result: krc:0.812 | lsd:0.564 | ed:0.867 | hr@1:0.705 | hr@2:0.887 | hr@3:0.928 | acc@1:0.705 | acc@2:0.646 | acc@3:0.614 | Best krc: 0.814 | Best epoch: 105
[2023-12-01 08:39:26] INFO (nni/MainThread) Intermediate result: 0.8122550212099842  (Index 226)
-----------------ETPA RESULT-------------------
Epoch 113: Validation	rmse: 16.88	mae: 13.66	mape: 100.92%	acc@10: 42.91%	acc@20: 76.59%	acc@30: 92.57%	
[2023-12-01 08:39:26] INFO (nni/MainThread) Intermediate result: 16.876668019826177  (Index 227)
*** Epoch: 114 ***
-----------------G2R RESULT-------------------

val result: krc:0.801 | lsd:0.6 | ed:0.927 | hr@1:0.688 | hr@2:0.879 | hr@3:0.92 | acc@1:0.688 | acc@2:0.625 | acc@3:0.59 | Best krc: 0.814 | Best epoch: 105
[2023-12-01 08:39:58] INFO (nni/MainThread) Intermediate result: 0.8010680867174089  (Index 228)
-----------------ETPA RESULT-------------------
Epoch 114: Validation	rmse: 16.87	mae: 13.66	mape: 100.88%	acc@10: 42.93%	acc@20: 76.61%	acc@30: 92.58%	
[2023-12-01 08:39:58] INFO (nni/MainThread) Intermediate result: 16.870334101528993  (Index 229)
*** Epoch: 115 ***
-----------------G2R RESULT-------------------

val result: krc:0.811 | lsd:0.569 | ed:0.861 | hr@1:0.702 | hr@2:0.886 | hr@3:0.929 | acc@1:0.702 | acc@2:0.644 | acc@3:0.613 | Best krc: 0.814 | Best epoch: 105
[2023-12-01 08:40:30] INFO (nni/MainThread) Intermediate result: 0.8109202711651333  (Index 230)
-----------------ETPA RESULT-------------------
Epoch 115: Validation	rmse: 16.84	mae: 13.64	mape: 100.67%	acc@10: 42.99%	acc@20: 76.69%	acc@30: 92.62%	
[2023-12-01 08:40:30] INFO (nni/MainThread) Intermediate result: 16.84255384917819  (Index 231)
*** Epoch: 116 ***
-----------------G2R RESULT-------------------

val result: krc:0.813 | lsd:0.575 | ed:0.866 | hr@1:0.699 | hr@2:0.887 | hr@3:0.927 | acc@1:0.699 | acc@2:0.643 | acc@3:0.61 | Best krc: 0.814 | Best epoch: 105
[2023-12-01 08:41:02] INFO (nni/MainThread) Intermediate result: 0.812786952638286  (Index 232)
-----------------ETPA RESULT-------------------
Epoch 116: Validation	rmse: 16.81	mae: 13.61	mape: 100.4%	acc@10: 43.09%	acc@20: 76.78%	acc@30: 92.67%	
[2023-12-01 08:41:02] INFO (nni/MainThread) Intermediate result: 16.81279270027306  (Index 233)
*** Epoch: 117 ***
-----------------G2R RESULT-------------------

val result: krc:0.815 | lsd:0.562 | ed:0.85 | hr@1:0.701 | hr@2:0.887 | hr@3:0.927 | acc@1:0.701 | acc@2:0.647 | acc@3:0.614 | Best krc: 0.814 | Best epoch: 105
best model saved
[2023-12-01 08:41:38] INFO (nni/MainThread) Intermediate result: 0.8152905495450316  (Index 234)
-----------------ETPA RESULT-------------------
Epoch 117: Validation	rmse: 16.8	mae: 13.6	mape: 100.31%	acc@10: 43.12%	acc@20: 76.81%	acc@30: 92.69%	
[2023-12-01 08:41:38] INFO (nni/MainThread) Intermediate result: 16.798547162707585  (Index 235)
*** Epoch: 118 ***
-----------------G2R RESULT-------------------

val result: krc:0.813 | lsd:0.568 | ed:0.875 | hr@1:0.701 | hr@2:0.886 | hr@3:0.924 | acc@1:0.701 | acc@2:0.642 | acc@3:0.604 | Best krc: 0.815 | Best epoch: 117
[2023-12-01 08:42:10] INFO (nni/MainThread) Intermediate result: 0.8129592851236925  (Index 236)
-----------------ETPA RESULT-------------------
Epoch 118: Validation	rmse: 16.79	mae: 13.59	mape: 100.22%	acc@10: 43.13%	acc@20: 76.84%	acc@30: 92.71%	
[2023-12-01 08:42:10] INFO (nni/MainThread) Intermediate result: 16.78529425249993  (Index 237)
*** Epoch: 119 ***
-----------------G2R RESULT-------------------

val result: krc:0.773 | lsd:0.68 | ed:1.003 | hr@1:0.672 | hr@2:0.868 | hr@3:0.912 | acc@1:0.672 | acc@2:0.603 | acc@3:0.561 | Best krc: 0.815 | Best epoch: 117
[2023-12-01 08:42:42] INFO (nni/MainThread) Intermediate result: 0.7731167587048653  (Index 238)
-----------------ETPA RESULT-------------------
Epoch 119: Validation	rmse: 16.77	mae: 13.58	mape: 100.12%	acc@10: 43.16%	acc@20: 76.87%	acc@30: 92.74%	
[2023-12-01 08:42:42] INFO (nni/MainThread) Intermediate result: 16.771123648902417  (Index 239)
*** Epoch: 120 ***
-----------------G2R RESULT-------------------

val result: krc:0.816 | lsd:0.609 | ed:0.857 | hr@1:0.707 | hr@2:0.881 | hr@3:0.923 | acc@1:0.707 | acc@2:0.649 | acc@3:0.617 | Best krc: 0.815 | Best epoch: 117
best model saved
[2023-12-01 08:43:19] INFO (nni/MainThread) Intermediate result: 0.8164427960580123  (Index 240)
-----------------ETPA RESULT-------------------
Epoch 120: Validation	rmse: 16.75	mae: 13.56	mape: 99.97%	acc@10: 43.23%	acc@20: 76.91%	acc@30: 92.76%	
[2023-12-01 08:43:19] INFO (nni/MainThread) Intermediate result: 16.754722179233376  (Index 241)
*** Epoch: 121 ***
-----------------G2R RESULT-------------------

val result: krc:0.814 | lsd:0.603 | ed:0.859 | hr@1:0.703 | hr@2:0.88 | hr@3:0.922 | acc@1:0.703 | acc@2:0.645 | acc@3:0.61 | Best krc: 0.816 | Best epoch: 120
[2023-12-01 08:43:51] INFO (nni/MainThread) Intermediate result: 0.814210613108733  (Index 242)
-----------------ETPA RESULT-------------------
Epoch 121: Validation	rmse: 16.73	mae: 13.54	mape: 99.77%	acc@10: 43.32%	acc@20: 76.97%	acc@30: 92.8%	
[2023-12-01 08:43:51] INFO (nni/MainThread) Intermediate result: 16.73079182968423  (Index 243)
*** Epoch: 122 ***
-----------------G2R RESULT-------------------

val result: krc:0.815 | lsd:0.572 | ed:0.854 | hr@1:0.707 | hr@2:0.889 | hr@3:0.926 | acc@1:0.707 | acc@2:0.648 | acc@3:0.613 | Best krc: 0.816 | Best epoch: 120
[2023-12-01 08:44:23] INFO (nni/MainThread) Intermediate result: 0.8149408631175138  (Index 244)
-----------------ETPA RESULT-------------------
Epoch 122: Validation	rmse: 16.72	mae: 13.53	mape: 99.68%	acc@10: 43.33%	acc@20: 77.01%	acc@30: 92.83%	
[2023-12-01 08:44:23] INFO (nni/MainThread) Intermediate result: 16.720215586857083  (Index 245)
*** Epoch: 123 ***
-----------------G2R RESULT-------------------

val result: krc:0.816 | lsd:0.57 | ed:0.865 | hr@1:0.7 | hr@2:0.889 | hr@3:0.927 | acc@1:0.7 | acc@2:0.646 | acc@3:0.609 | Best krc: 0.816 | Best epoch: 120
[2023-12-01 08:44:58] INFO (nni/MainThread) Intermediate result: 0.8157075404473741  (Index 246)
-----------------ETPA RESULT-------------------
Epoch 123: Validation	rmse: 16.71	mae: 13.52	mape: 99.58%	acc@10: 43.38%	acc@20: 77.04%	acc@30: 92.84%	
[2023-12-01 08:44:58] INFO (nni/MainThread) Intermediate result: 16.708604446471778  (Index 247)
*** Epoch: 124 ***
-----------------G2R RESULT-------------------

val result: krc:0.815 | lsd:0.568 | ed:0.865 | hr@1:0.704 | hr@2:0.888 | hr@3:0.927 | acc@1:0.704 | acc@2:0.648 | acc@3:0.613 | Best krc: 0.816 | Best epoch: 120
[2023-12-01 08:45:30] INFO (nni/MainThread) Intermediate result: 0.8146989084374306  (Index 248)
-----------------ETPA RESULT-------------------
Epoch 124: Validation	rmse: 16.7	mae: 13.51	mape: 99.48%	acc@10: 43.42%	acc@20: 77.06%	acc@30: 92.85%	
[2023-12-01 08:45:30] INFO (nni/MainThread) Intermediate result: 16.69794597155359  (Index 249)
*** Epoch: 125 ***
-----------------G2R RESULT-------------------

val result: krc:0.818 | lsd:0.554 | ed:0.854 | hr@1:0.708 | hr@2:0.889 | hr@3:0.928 | acc@1:0.708 | acc@2:0.649 | acc@3:0.616 | Best krc: 0.816 | Best epoch: 120
best model saved
[2023-12-01 08:46:04] INFO (nni/MainThread) Intermediate result: 0.8179755702361736  (Index 250)
-----------------ETPA RESULT-------------------
Epoch 125: Validation	rmse: 16.67	mae: 13.49	mape: 99.28%	acc@10: 43.49%	acc@20: 77.14%	acc@30: 92.89%	
[2023-12-01 08:46:04] INFO (nni/MainThread) Intermediate result: 16.672816260607828  (Index 251)
*** Epoch: 126 ***
-----------------G2R RESULT-------------------

val result: krc:0.813 | lsd:0.57 | ed:0.877 | hr@1:0.702 | hr@2:0.89 | hr@3:0.925 | acc@1:0.702 | acc@2:0.648 | acc@3:0.608 | Best krc: 0.818 | Best epoch: 125
[2023-12-01 08:46:36] INFO (nni/MainThread) Intermediate result: 0.8126051599860082  (Index 252)
-----------------ETPA RESULT-------------------
Epoch 126: Validation	rmse: 16.65	mae: 13.47	mape: 99.09%	acc@10: 43.58%	acc@20: 77.2%	acc@30: 92.93%	
[2023-12-01 08:46:36] INFO (nni/MainThread) Intermediate result: 16.649386498883764  (Index 253)
*** Epoch: 127 ***
-----------------G2R RESULT-------------------

val result: krc:0.82 | lsd:0.582 | ed:0.843 | hr@1:0.716 | hr@2:0.882 | hr@3:0.925 | acc@1:0.716 | acc@2:0.655 | acc@3:0.621 | Best krc: 0.818 | Best epoch: 125
best model saved
[2023-12-01 08:47:11] INFO (nni/MainThread) Intermediate result: 0.8195204840504359  (Index 254)
-----------------ETPA RESULT-------------------
Epoch 127: Validation	rmse: 16.63	mae: 13.45	mape: 98.91%	acc@10: 43.64%	acc@20: 77.27%	acc@30: 92.97%	
[2023-12-01 08:47:11] INFO (nni/MainThread) Intermediate result: 16.626186178599102  (Index 255)
*** Epoch: 128 ***
-----------------G2R RESULT-------------------

val result: krc:0.813 | lsd:0.563 | ed:0.88 | hr@1:0.715 | hr@2:0.883 | hr@3:0.923 | acc@1:0.715 | acc@2:0.648 | acc@3:0.608 | Best krc: 0.82 | Best epoch: 127
[2023-12-01 08:47:44] INFO (nni/MainThread) Intermediate result: 0.8128634089193776  (Index 256)
-----------------ETPA RESULT-------------------
Epoch 128: Validation	rmse: 16.6	mae: 13.43	mape: 98.66%	acc@10: 43.75%	acc@20: 77.35%	acc@30: 93.0%	
[2023-12-01 08:47:44] INFO (nni/MainThread) Intermediate result: 16.597259850225452  (Index 257)
*** Epoch: 129 ***
-----------------G2R RESULT-------------------

val result: krc:0.816 | lsd:0.571 | ed:0.859 | hr@1:0.709 | hr@2:0.886 | hr@3:0.926 | acc@1:0.709 | acc@2:0.651 | acc@3:0.619 | Best krc: 0.82 | Best epoch: 127
[2023-12-01 08:48:16] INFO (nni/MainThread) Intermediate result: 0.8161584442214088  (Index 258)
-----------------ETPA RESULT-------------------
Epoch 129: Validation	rmse: 16.59	mae: 13.42	mape: 98.59%	acc@10: 43.75%	acc@20: 77.38%	acc@30: 93.01%	
[2023-12-01 08:48:16] INFO (nni/MainThread) Intermediate result: 16.587550692643692  (Index 259)
*** Epoch: 130 ***
-----------------G2R RESULT-------------------

val result: krc:0.82 | lsd:0.55 | ed:0.853 | hr@1:0.711 | hr@2:0.889 | hr@3:0.928 | acc@1:0.711 | acc@2:0.653 | acc@3:0.616 | Best krc: 0.82 | Best epoch: 127
best model saved
[2023-12-01 08:48:50] INFO (nni/MainThread) Intermediate result: 0.819570409670978  (Index 260)
-----------------ETPA RESULT-------------------
Epoch 130: Validation	rmse: 16.58	mae: 13.41	mape: 98.47%	acc@10: 43.79%	acc@20: 77.41%	acc@30: 93.02%	
[2023-12-01 08:48:50] INFO (nni/MainThread) Intermediate result: 16.577143598623124  (Index 261)
*** Epoch: 131 ***
-----------------G2R RESULT-------------------

val result: krc:0.823 | lsd:0.529 | ed:0.846 | hr@1:0.713 | hr@2:0.893 | hr@3:0.932 | acc@1:0.713 | acc@2:0.655 | acc@3:0.62 | Best krc: 0.82 | Best epoch: 130
best model saved
[2023-12-01 08:49:31] INFO (nni/MainThread) Intermediate result: 0.8233742716820984  (Index 262)
-----------------ETPA RESULT-------------------
Epoch 131: Validation	rmse: 16.56	mae: 13.39	mape: 98.31%	acc@10: 43.87%	acc@20: 77.45%	acc@30: 93.06%	
[2023-12-01 08:49:31] INFO (nni/MainThread) Intermediate result: 16.560131534078742  (Index 263)
*** Epoch: 132 ***
-----------------G2R RESULT-------------------

val result: krc:0.825 | lsd:0.529 | ed:0.843 | hr@1:0.708 | hr@2:0.892 | hr@3:0.929 | acc@1:0.708 | acc@2:0.652 | acc@3:0.616 | Best krc: 0.823 | Best epoch: 131
best model saved
[2023-12-01 08:50:08] INFO (nni/MainThread) Intermediate result: 0.824826822596827  (Index 264)
-----------------ETPA RESULT-------------------
Epoch 132: Validation	rmse: 16.55	mae: 13.38	mape: 98.25%	acc@10: 43.88%	acc@20: 77.48%	acc@30: 93.08%	
[2023-12-01 08:50:08] INFO (nni/MainThread) Intermediate result: 16.551539021993985  (Index 265)
*** Epoch: 133 ***
-----------------G2R RESULT-------------------

val result: krc:0.805 | lsd:0.602 | ed:0.916 | hr@1:0.693 | hr@2:0.873 | hr@3:0.919 | acc@1:0.693 | acc@2:0.626 | acc@3:0.589 | Best krc: 0.825 | Best epoch: 132
[2023-12-01 08:50:41] INFO (nni/MainThread) Intermediate result: 0.8050053785952342  (Index 266)
-----------------ETPA RESULT-------------------
Epoch 133: Validation	rmse: 16.53	mae: 13.37	mape: 98.08%	acc@10: 43.94%	acc@20: 77.52%	acc@30: 93.1%	
[2023-12-01 08:50:41] INFO (nni/MainThread) Intermediate result: 16.532303309448572  (Index 267)
*** Epoch: 134 ***
-----------------G2R RESULT-------------------

val result: krc:0.815 | lsd:0.57 | ed:0.864 | hr@1:0.704 | hr@2:0.887 | hr@3:0.927 | acc@1:0.704 | acc@2:0.645 | acc@3:0.613 | Best krc: 0.825 | Best epoch: 132
[2023-12-01 08:51:18] INFO (nni/MainThread) Intermediate result: 0.8146895819042735  (Index 268)
-----------------ETPA RESULT-------------------
Epoch 134: Validation	rmse: 16.52	mae: 13.36	mape: 98.0%	acc@10: 43.98%	acc@20: 77.56%	acc@30: 93.11%	
[2023-12-01 08:51:18] INFO (nni/MainThread) Intermediate result: 16.523304822354447  (Index 269)
*** Epoch: 135 ***
