Device:  cuda
{'alpha_loss': 0.5,
 'batch_size': 64,
 'dataset': 'food_pd',
 'datatype': 'order',
 'device': device(type='cuda'),
 'early_stop': 20,
 'edge_fea_dim': 5,
 'embedding_dim': 32,
 'eval_end_1': 11,
 'eval_end_2': 25,
 'eval_start': 1,
 'gcn_num_layers': 2,
 'hidden_size': 8,
 'is_eval': False,
 'is_test': False,
 'k_min_nodes': 3,
 'k_nearest_neighbors': 'n-1',
 'lr': 0.001,
 'max_task_num': 25,
 'min_task_num': 0,
 'modelArrivalTime': 'RankPETA',
 'modelRoute': 'graph2route_pd',
 'no_cuda': False,
 'node_fea_dim': 8,
 'node_features_test': '/home/sentanoe/joint_training/data/dataset/food_pd/node_features_test_full.npy',
 'node_features_train': '/home/sentanoe/joint_training/data/dataset/food_pd/node_features_train_full.npy',
 'node_features_val': '/home/sentanoe/joint_training/data/dataset/food_pd/node_features_val_full.npy',
 'num_block': 4,
 'num_epoch': 1000,
 'num_head': 2,
 'num_worker_logistics': 2346,
 'num_worker_pd': 920,
 'pad_value': 26,
 'seed': 2022,
 'sort_mode': 'true_idx',
 'spatial_encoder': 'gcn',
 'temporal_encoder': 'gru',
 'test_path': '/home/sentanoe/joint_training/data/dataset/food_pd/test_full.npy',
 'train_mode': 'sort',
 'train_path': '/home/sentanoe/joint_training/data/dataset/food_pd/train_full.npy',
 'val_path': '/home/sentanoe/joint_training/data/dataset/food_pd/val_full.npy',
 'wd': 1e-05,
 'worker_emb_dim': 10,
 'workers': 2}
last_x_size:13;unpick_x_size:12;input_size:38
#train:2521 | #val:1257 | #test:1261
*** Epoch: 0 ***
-----------------G2R RESULT-------------------

val result: krc:0.758 | lsd:0.688 | ed:1.04 | hr@1:0.62 | hr@2:0.857 | hr@3:0.902 | acc@1:0.62 | acc@2:0.563 | acc@3:0.523 | Best krc: -1 | Best epoch: -1
best model saved
[2023-11-24 21:03:59] INFO (nni/MainThread) Intermediate result: 0.757714117652902  (Index 0)
-----------------ETPA RESULT-------------------
Epoch 0: Validation	rmse: 43.01	mae: 35.97	mape: 72.9%	acc@10: 15.62%	acc@20: 25.0%	acc@30: 37.5%	
[2023-11-24 21:03:59] INFO (nni/MainThread) Intermediate result: 43.01324117077932  (Index 1)
*** Epoch: 1 ***
-----------------G2R RESULT-------------------

val result: krc:0.765 | lsd:0.687 | ed:1.016 | hr@1:0.636 | hr@2:0.856 | hr@3:0.907 | acc@1:0.636 | acc@2:0.571 | acc@3:0.533 | Best krc: 0.758 | Best epoch: 0
best model saved
[2023-11-24 21:04:37] INFO (nni/MainThread) Intermediate result: 0.7652962124759238  (Index 2)
-----------------ETPA RESULT-------------------
Epoch 1: Validation	rmse: 37.73	mae: 31.27	mape: 62.59%	acc@10: 12.5%	acc@20: 31.25%	acc@30: 54.69%	
[2023-11-24 21:04:37] INFO (nni/MainThread) Intermediate result: 37.73338902263605  (Index 3)
*** Epoch: 2 ***
-----------------G2R RESULT-------------------

val result: krc:0.769 | lsd:0.696 | ed:0.999 | hr@1:0.639 | hr@2:0.862 | hr@3:0.909 | acc@1:0.639 | acc@2:0.579 | acc@3:0.539 | Best krc: 0.765 | Best epoch: 1
best model saved
[2023-11-24 21:05:10] INFO (nni/MainThread) Intermediate result: 0.7690193454863328  (Index 4)
-----------------ETPA RESULT-------------------
Epoch 2: Validation	rmse: 34.01	mae: 26.92	mape: 53.71%	acc@10: 20.83%	acc@20: 44.79%	acc@30: 64.58%	
[2023-11-24 21:05:10] INFO (nni/MainThread) Intermediate result: 34.00973407265266  (Index 5)
*** Epoch: 3 ***
-----------------G2R RESULT-------------------

val result: krc:0.766 | lsd:0.696 | ed:1.001 | hr@1:0.632 | hr@2:0.863 | hr@3:0.909 | acc@1:0.632 | acc@2:0.575 | acc@3:0.538 | Best krc: 0.769 | Best epoch: 2
[2023-11-24 21:05:38] INFO (nni/MainThread) Intermediate result: 0.7662102968530603  (Index 6)
-----------------ETPA RESULT-------------------
Epoch 3: Validation	rmse: 31.1	mae: 24.02	mape: 49.31%	acc@10: 25.78%	acc@20: 53.91%	acc@30: 70.31%	
[2023-11-24 21:05:38] INFO (nni/MainThread) Intermediate result: 31.097757608053993  (Index 7)
*** Epoch: 4 ***
-----------------G2R RESULT-------------------

val result: krc:0.766 | lsd:0.695 | ed:1.015 | hr@1:0.63 | hr@2:0.86 | hr@3:0.907 | acc@1:0.63 | acc@2:0.573 | acc@3:0.538 | Best krc: 0.769 | Best epoch: 2
[2023-11-24 21:06:07] INFO (nni/MainThread) Intermediate result: 0.7662312365766673  (Index 8)
-----------------ETPA RESULT-------------------
Epoch 4: Validation	rmse: 29.04	mae: 21.95	mape: 45.64%	acc@10: 31.87%	acc@20: 60.0%	acc@30: 73.75%	
[2023-11-24 21:06:07] INFO (nni/MainThread) Intermediate result: 29.041282306413382  (Index 9)
*** Epoch: 5 ***
-----------------G2R RESULT-------------------

val result: krc:0.765 | lsd:0.7 | ed:1.008 | hr@1:0.629 | hr@2:0.858 | hr@3:0.908 | acc@1:0.629 | acc@2:0.571 | acc@3:0.535 | Best krc: 0.769 | Best epoch: 2
[2023-11-24 21:06:36] INFO (nni/MainThread) Intermediate result: 0.764853249068378  (Index 10)
-----------------ETPA RESULT-------------------
Epoch 5: Validation	rmse: 27.68	mae: 20.69	mape: 43.71%	acc@10: 33.85%	acc@20: 62.5%	acc@30: 76.56%	
[2023-11-24 21:06:36] INFO (nni/MainThread) Intermediate result: 27.67595748437745  (Index 11)
*** Epoch: 6 ***
-----------------G2R RESULT-------------------

val result: krc:0.766 | lsd:0.662 | ed:1.004 | hr@1:0.641 | hr@2:0.862 | hr@3:0.908 | acc@1:0.641 | acc@2:0.578 | acc@3:0.537 | Best krc: 0.769 | Best epoch: 2
[2023-11-24 21:07:05] INFO (nni/MainThread) Intermediate result: 0.7662753221126636  (Index 12)
-----------------ETPA RESULT-------------------
Epoch 6: Validation	rmse: 26.43	mae: 19.63	mape: 41.97%	acc@10: 36.61%	acc@20: 65.18%	acc@30: 79.02%	
[2023-11-24 21:07:06] INFO (nni/MainThread) Intermediate result: 26.434682304455862  (Index 13)
*** Epoch: 7 ***
-----------------G2R RESULT-------------------

val result: krc:0.766 | lsd:0.689 | ed:0.99 | hr@1:0.643 | hr@2:0.861 | hr@3:0.908 | acc@1:0.643 | acc@2:0.584 | acc@3:0.542 | Best krc: 0.769 | Best epoch: 2
[2023-11-24 21:07:45] INFO (nni/MainThread) Intermediate result: 0.7661500364604867  (Index 14)
-----------------ETPA RESULT-------------------
Epoch 7: Validation	rmse: 25.57	mae: 19.13	mape: 41.54%	acc@10: 36.33%	acc@20: 66.41%	acc@30: 80.86%	
[2023-11-24 21:07:45] INFO (nni/MainThread) Intermediate result: 25.57181215240747  (Index 15)
*** Epoch: 8 ***
-----------------G2R RESULT-------------------

val result: krc:0.77 | lsd:0.676 | ed:1.007 | hr@1:0.629 | hr@2:0.868 | hr@3:0.914 | acc@1:0.629 | acc@2:0.571 | acc@3:0.537 | Best krc: 0.769 | Best epoch: 2
best model saved
[2023-11-24 21:08:24] INFO (nni/MainThread) Intermediate result: 0.7703439283675402  (Index 16)
-----------------ETPA RESULT-------------------
Epoch 8: Validation	rmse: 24.95	mae: 18.76	mape: 41.36%	acc@10: 36.11%	acc@20: 67.36%	acc@30: 81.94%	
[2023-11-24 21:08:24] INFO (nni/MainThread) Intermediate result: 24.95396134421986  (Index 17)
*** Epoch: 9 ***
-----------------G2R RESULT-------------------

val result: krc:0.767 | lsd:0.695 | ed:1.008 | hr@1:0.633 | hr@2:0.863 | hr@3:0.908 | acc@1:0.633 | acc@2:0.573 | acc@3:0.534 | Best krc: 0.77 | Best epoch: 8
[2023-11-24 21:09:01] INFO (nni/MainThread) Intermediate result: 0.7665802541884745  (Index 18)
-----------------ETPA RESULT-------------------
Epoch 9: Validation	rmse: 24.24	mae: 18.25	mape: 40.47%	acc@10: 37.5%	acc@20: 68.75%	acc@30: 83.12%	
[2023-11-24 21:09:01] INFO (nni/MainThread) Intermediate result: 24.24289215064586  (Index 19)
*** Epoch: 10 ***
-----------------G2R RESULT-------------------

val result: krc:0.771 | lsd:0.665 | ed:0.995 | hr@1:0.638 | hr@2:0.862 | hr@3:0.909 | acc@1:0.638 | acc@2:0.574 | acc@3:0.541 | Best krc: 0.77 | Best epoch: 8
best model saved
[2023-11-24 21:09:39] INFO (nni/MainThread) Intermediate result: 0.7711577508953985  (Index 20)
-----------------ETPA RESULT-------------------
Epoch 10: Validation	rmse: 23.58	mae: 17.77	mape: 39.58%	acc@10: 38.64%	acc@20: 69.6%	acc@30: 84.09%	
[2023-11-24 21:09:39] INFO (nni/MainThread) Intermediate result: 23.58162015245521  (Index 21)
*** Epoch: 11 ***
-----------------G2R RESULT-------------------

val result: krc:0.775 | lsd:0.662 | ed:0.973 | hr@1:0.644 | hr@2:0.865 | hr@3:0.911 | acc@1:0.644 | acc@2:0.581 | acc@3:0.548 | Best krc: 0.771 | Best epoch: 10
best model saved
[2023-11-24 21:10:11] INFO (nni/MainThread) Intermediate result: 0.774570624277664  (Index 22)
-----------------ETPA RESULT-------------------
Epoch 11: Validation	rmse: 23.16	mae: 17.46	mape: 39.02%	acc@10: 39.58%	acc@20: 69.79%	acc@30: 84.9%	
[2023-11-24 21:10:11] INFO (nni/MainThread) Intermediate result: 23.158858703644395  (Index 23)
*** Epoch: 12 ***
-----------------G2R RESULT-------------------

val result: krc:0.766 | lsd:0.673 | ed:0.993 | hr@1:0.636 | hr@2:0.864 | hr@3:0.909 | acc@1:0.636 | acc@2:0.574 | acc@3:0.537 | Best krc: 0.775 | Best epoch: 11
[2023-11-24 21:10:54] INFO (nni/MainThread) Intermediate result: 0.7662198880651001  (Index 24)
-----------------ETPA RESULT-------------------
Epoch 12: Validation	rmse: 22.67	mae: 17.07	mape: 38.3%	acc@10: 40.38%	acc@20: 71.15%	acc@30: 85.58%	
[2023-11-24 21:10:54] INFO (nni/MainThread) Intermediate result: 22.671598276334553  (Index 25)
*** Epoch: 13 ***
-----------------G2R RESULT-------------------

val result: krc:0.77 | lsd:0.673 | ed:1.004 | hr@1:0.632 | hr@2:0.869 | hr@3:0.91 | acc@1:0.632 | acc@2:0.574 | acc@3:0.537 | Best krc: 0.775 | Best epoch: 11
[2023-11-24 21:11:25] INFO (nni/MainThread) Intermediate result: 0.770009713035511  (Index 26)
-----------------ETPA RESULT-------------------
Epoch 13: Validation	rmse: 22.4	mae: 16.92	mape: 38.17%	acc@10: 40.4%	acc@20: 71.43%	acc@30: 86.16%	
[2023-11-24 21:11:25] INFO (nni/MainThread) Intermediate result: 22.40304582783424  (Index 27)
*** Epoch: 14 ***
-----------------G2R RESULT-------------------

val result: krc:0.773 | lsd:0.655 | ed:0.997 | hr@1:0.632 | hr@2:0.869 | hr@3:0.915 | acc@1:0.632 | acc@2:0.575 | acc@3:0.54 | Best krc: 0.775 | Best epoch: 11
[2023-11-24 21:12:02] INFO (nni/MainThread) Intermediate result: 0.7731312283564141  (Index 28)
-----------------ETPA RESULT-------------------
Epoch 14: Validation	rmse: 22.07	mae: 16.7	mape: 37.79%	acc@10: 41.04%	acc@20: 72.08%	acc@30: 86.67%	
[2023-11-24 21:12:02] INFO (nni/MainThread) Intermediate result: 22.070213837735967  (Index 29)
*** Epoch: 15 ***
-----------------G2R RESULT-------------------

val result: krc:0.768 | lsd:0.67 | ed:0.994 | hr@1:0.635 | hr@2:0.864 | hr@3:0.91 | acc@1:0.635 | acc@2:0.573 | acc@3:0.538 | Best krc: 0.775 | Best epoch: 11
[2023-11-24 21:12:39] INFO (nni/MainThread) Intermediate result: 0.7676027951060744  (Index 30)
-----------------ETPA RESULT-------------------
Epoch 15: Validation	rmse: 21.94	mae: 16.63	mape: 37.71%	acc@10: 41.02%	acc@20: 72.07%	acc@30: 87.11%	
[2023-11-24 21:12:39] INFO (nni/MainThread) Intermediate result: 21.94276864748874  (Index 31)
*** Epoch: 16 ***
-----------------G2R RESULT-------------------

val result: krc:0.777 | lsd:0.653 | ed:0.993 | hr@1:0.644 | hr@2:0.871 | hr@3:0.915 | acc@1:0.644 | acc@2:0.584 | acc@3:0.544 | Best krc: 0.775 | Best epoch: 11
best model saved
[2023-11-24 21:13:16] INFO (nni/MainThread) Intermediate result: 0.7766880967580574  (Index 32)
-----------------ETPA RESULT-------------------
Epoch 16: Validation	rmse: 21.61	mae: 16.39	mape: 37.38%	acc@10: 41.73%	acc@20: 72.61%	acc@30: 87.32%	
[2023-11-24 21:13:16] INFO (nni/MainThread) Intermediate result: 21.6139216489427  (Index 33)
*** Epoch: 17 ***
-----------------G2R RESULT-------------------

val result: krc:0.765 | lsd:0.695 | ed:1.0 | hr@1:0.633 | hr@2:0.866 | hr@3:0.912 | acc@1:0.633 | acc@2:0.575 | acc@3:0.537 | Best krc: 0.777 | Best epoch: 16
[2023-11-24 21:13:49] INFO (nni/MainThread) Intermediate result: 0.7654950985952298  (Index 34)
-----------------ETPA RESULT-------------------
Epoch 17: Validation	rmse: 21.41	mae: 16.25	mape: 37.15%	acc@10: 42.19%	acc@20: 72.92%	acc@30: 87.67%	
[2023-11-24 21:13:49] INFO (nni/MainThread) Intermediate result: 21.413306639127857  (Index 35)
*** Epoch: 18 ***
-----------------G2R RESULT-------------------

val result: krc:0.76 | lsd:0.717 | ed:1.024 | hr@1:0.626 | hr@2:0.864 | hr@3:0.908 | acc@1:0.626 | acc@2:0.57 | acc@3:0.528 | Best krc: 0.777 | Best epoch: 16
[2023-11-24 21:14:17] INFO (nni/MainThread) Intermediate result: 0.7603220517518723  (Index 36)
-----------------ETPA RESULT-------------------
Epoch 18: Validation	rmse: 21.28	mae: 16.18	mape: 37.03%	acc@10: 42.27%	acc@20: 72.7%	acc@30: 87.99%	
[2023-11-24 21:14:17] INFO (nni/MainThread) Intermediate result: 21.282291421808004  (Index 37)
*** Epoch: 19 ***
-----------------G2R RESULT-------------------

val result: krc:0.772 | lsd:0.658 | ed:0.999 | hr@1:0.632 | hr@2:0.867 | hr@3:0.915 | acc@1:0.632 | acc@2:0.576 | acc@3:0.54 | Best krc: 0.777 | Best epoch: 16
[2023-11-24 21:14:47] INFO (nni/MainThread) Intermediate result: 0.7724891232105924  (Index 38)
-----------------ETPA RESULT-------------------
Epoch 19: Validation	rmse: 21.07	mae: 16.04	mape: 36.78%	acc@10: 42.5%	acc@20: 72.97%	acc@30: 88.28%	
[2023-11-24 21:14:47] INFO (nni/MainThread) Intermediate result: 21.071606927236946  (Index 39)
*** Epoch: 20 ***
-----------------G2R RESULT-------------------

val result: krc:0.783 | lsd:0.636 | ed:0.954 | hr@1:0.651 | hr@2:0.87 | hr@3:0.915 | acc@1:0.651 | acc@2:0.591 | acc@3:0.555 | Best krc: 0.777 | Best epoch: 16
best model saved
[2023-11-24 21:15:19] INFO (nni/MainThread) Intermediate result: 0.7830262781640133  (Index 40)
-----------------ETPA RESULT-------------------
Epoch 20: Validation	rmse: 20.88	mae: 15.9	mape: 36.5%	acc@10: 42.71%	acc@20: 73.21%	acc@30: 88.54%	
[2023-11-24 21:15:19] INFO (nni/MainThread) Intermediate result: 20.87550768407296  (Index 41)
*** Epoch: 21 ***
-----------------G2R RESULT-------------------

val result: krc:0.778 | lsd:0.662 | ed:0.974 | hr@1:0.637 | hr@2:0.866 | hr@3:0.913 | acc@1:0.637 | acc@2:0.583 | acc@3:0.55 | Best krc: 0.783 | Best epoch: 20
[2023-11-24 21:15:48] INFO (nni/MainThread) Intermediate result: 0.7775490198314859  (Index 42)
-----------------ETPA RESULT-------------------
Epoch 21: Validation	rmse: 20.74	mae: 15.82	mape: 36.34%	acc@10: 42.9%	acc@20: 73.3%	acc@30: 88.78%	
[2023-11-24 21:15:48] INFO (nni/MainThread) Intermediate result: 20.736902595494033  (Index 43)
*** Epoch: 22 ***
-----------------G2R RESULT-------------------

val result: krc:0.775 | lsd:0.646 | ed:0.974 | hr@1:0.639 | hr@2:0.865 | hr@3:0.913 | acc@1:0.639 | acc@2:0.582 | acc@3:0.545 | Best krc: 0.783 | Best epoch: 20
[2023-11-24 21:16:16] INFO (nni/MainThread) Intermediate result: 0.7749860141639766  (Index 44)
-----------------ETPA RESULT-------------------
Epoch 22: Validation	rmse: 20.51	mae: 15.65	mape: 35.99%	acc@10: 43.21%	acc@20: 73.51%	acc@30: 88.99%	
[2023-11-24 21:16:16] INFO (nni/MainThread) Intermediate result: 20.509249741484062  (Index 45)
*** Epoch: 23 ***
-----------------G2R RESULT-------------------

val result: krc:0.787 | lsd:0.627 | ed:0.947 | hr@1:0.645 | hr@2:0.873 | hr@3:0.917 | acc@1:0.645 | acc@2:0.593 | acc@3:0.558 | Best krc: 0.783 | Best epoch: 20
best model saved
[2023-11-24 21:16:47] INFO (nni/MainThread) Intermediate result: 0.7869995188053781  (Index 46)
-----------------ETPA RESULT-------------------
Epoch 23: Validation	rmse: 20.38	mae: 15.56	mape: 35.79%	acc@10: 43.49%	acc@20: 73.57%	acc@30: 89.19%	
[2023-11-24 21:16:47] INFO (nni/MainThread) Intermediate result: 20.377021649991423  (Index 47)
*** Epoch: 24 ***
-----------------G2R RESULT-------------------

val result: krc:0.784 | lsd:0.662 | ed:0.945 | hr@1:0.65 | hr@2:0.869 | hr@3:0.914 | acc@1:0.65 | acc@2:0.591 | acc@3:0.558 | Best krc: 0.787 | Best epoch: 23
[2023-11-24 21:17:15] INFO (nni/MainThread) Intermediate result: 0.7837741603810691  (Index 48)
-----------------ETPA RESULT-------------------
Epoch 24: Validation	rmse: 20.22	mae: 15.44	mape: 35.53%	acc@10: 43.88%	acc@20: 73.88%	acc@30: 89.38%	
[2023-11-24 21:17:15] INFO (nni/MainThread) Intermediate result: 20.21816980151347  (Index 49)
*** Epoch: 25 ***
-----------------G2R RESULT-------------------

val result: krc:0.783 | lsd:0.627 | ed:0.931 | hr@1:0.648 | hr@2:0.868 | hr@3:0.917 | acc@1:0.648 | acc@2:0.592 | acc@3:0.564 | Best krc: 0.787 | Best epoch: 23
[2023-11-24 21:17:44] INFO (nni/MainThread) Intermediate result: 0.7833835114989465  (Index 50)
-----------------ETPA RESULT-------------------
Epoch 25: Validation	rmse: 20.12	mae: 15.38	mape: 35.35%	acc@10: 43.87%	acc@20: 74.28%	acc@30: 89.54%	
[2023-11-24 21:17:44] INFO (nni/MainThread) Intermediate result: 20.117611642680313  (Index 51)
*** Epoch: 26 ***
-----------------G2R RESULT-------------------

val result: krc:0.785 | lsd:0.625 | ed:0.95 | hr@1:0.641 | hr@2:0.872 | hr@3:0.919 | acc@1:0.641 | acc@2:0.588 | acc@3:0.558 | Best krc: 0.787 | Best epoch: 23
[2023-11-24 21:18:16] INFO (nni/MainThread) Intermediate result: 0.7847067949297943  (Index 52)
-----------------ETPA RESULT-------------------
Epoch 26: Validation	rmse: 19.94	mae: 15.25	mape: 35.01%	acc@10: 44.33%	acc@20: 74.54%	acc@30: 89.7%	
[2023-11-24 21:18:16] INFO (nni/MainThread) Intermediate result: 19.938709913708458  (Index 53)
*** Epoch: 27 ***
-----------------G2R RESULT-------------------

val result: krc:0.769 | lsd:0.664 | ed:0.991 | hr@1:0.632 | hr@2:0.865 | hr@3:0.913 | acc@1:0.632 | acc@2:0.572 | acc@3:0.54 | Best krc: 0.787 | Best epoch: 23
[2023-11-24 21:18:47] INFO (nni/MainThread) Intermediate result: 0.7689231803355108  (Index 54)
-----------------ETPA RESULT-------------------
Epoch 27: Validation	rmse: 19.87	mae: 15.22	mape: 34.9%	acc@10: 44.42%	acc@20: 74.44%	acc@30: 89.84%	
[2023-11-24 21:18:47] INFO (nni/MainThread) Intermediate result: 19.869573383591806  (Index 55)
*** Epoch: 28 ***
-----------------G2R RESULT-------------------

val result: krc:0.772 | lsd:0.673 | ed:0.994 | hr@1:0.645 | hr@2:0.864 | hr@3:0.911 | acc@1:0.645 | acc@2:0.584 | acc@3:0.543 | Best krc: 0.787 | Best epoch: 23
[2023-11-24 21:19:23] INFO (nni/MainThread) Intermediate result: 0.7716339127357928  (Index 56)
-----------------ETPA RESULT-------------------
Epoch 28: Validation	rmse: 19.77	mae: 15.15	mape: 34.77%	acc@10: 44.61%	acc@20: 74.46%	acc@30: 89.98%	
[2023-11-24 21:19:23] INFO (nni/MainThread) Intermediate result: 19.76568351909214  (Index 57)
*** Epoch: 29 ***
-----------------G2R RESULT-------------------

val result: krc:0.78 | lsd:0.635 | ed:0.949 | hr@1:0.649 | hr@2:0.868 | hr@3:0.916 | acc@1:0.649 | acc@2:0.588 | acc@3:0.554 | Best krc: 0.787 | Best epoch: 23
[2023-11-24 21:19:54] INFO (nni/MainThread) Intermediate result: 0.7803767037348147  (Index 58)
-----------------ETPA RESULT-------------------
Epoch 29: Validation	rmse: 19.6	mae: 15.03	mape: 34.48%	acc@10: 44.79%	acc@20: 74.79%	acc@30: 90.1%	
[2023-11-24 21:19:55] INFO (nni/MainThread) Intermediate result: 19.599660594048675  (Index 59)
*** Epoch: 30 ***
-----------------G2R RESULT-------------------

val result: krc:0.77 | lsd:0.665 | ed:0.984 | hr@1:0.643 | hr@2:0.868 | hr@3:0.913 | acc@1:0.643 | acc@2:0.584 | acc@3:0.547 | Best krc: 0.787 | Best epoch: 23
[2023-11-24 21:20:24] INFO (nni/MainThread) Intermediate result: 0.7698438955981588  (Index 60)
-----------------ETPA RESULT-------------------
Epoch 30: Validation	rmse: 19.47	mae: 14.94	mape: 34.35%	acc@10: 44.76%	acc@20: 75.2%	acc@30: 90.22%	
[2023-11-24 21:20:24] INFO (nni/MainThread) Intermediate result: 19.465997470744256  (Index 61)
*** Epoch: 31 ***
-----------------G2R RESULT-------------------

val result: krc:0.782 | lsd:0.639 | ed:0.955 | hr@1:0.645 | hr@2:0.874 | hr@3:0.917 | acc@1:0.645 | acc@2:0.591 | acc@3:0.553 | Best krc: 0.787 | Best epoch: 23
[2023-11-24 21:20:54] INFO (nni/MainThread) Intermediate result: 0.7820580831337279  (Index 62)
-----------------ETPA RESULT-------------------
Epoch 31: Validation	rmse: 19.51	mae: 14.99	mape: 34.39%	acc@10: 44.63%	acc@20: 75.1%	acc@30: 90.04%	
[2023-11-24 21:20:54] INFO (nni/MainThread) Intermediate result: 19.510853121588514  (Index 63)
*** Epoch: 32 ***
-----------------G2R RESULT-------------------

val result: krc:0.781 | lsd:0.635 | ed:0.95 | hr@1:0.648 | hr@2:0.869 | hr@3:0.918 | acc@1:0.648 | acc@2:0.589 | acc@3:0.557 | Best krc: 0.787 | Best epoch: 23
[2023-11-24 21:21:21] INFO (nni/MainThread) Intermediate result: 0.78070674309415  (Index 64)
-----------------ETPA RESULT-------------------
Epoch 32: Validation	rmse: 19.46	mae: 14.94	mape: 34.21%	acc@10: 44.6%	acc@20: 75.28%	acc@30: 90.15%	
[2023-11-24 21:21:21] INFO (nni/MainThread) Intermediate result: 19.457017270327523  (Index 65)
*** Epoch: 33 ***
-----------------G2R RESULT-------------------

val result: krc:0.779 | lsd:0.63 | ed:0.972 | hr@1:0.646 | hr@2:0.871 | hr@3:0.912 | acc@1:0.646 | acc@2:0.592 | acc@3:0.549 | Best krc: 0.787 | Best epoch: 23
[2023-11-24 21:21:51] INFO (nni/MainThread) Intermediate result: 0.77929270522187  (Index 66)
-----------------ETPA RESULT-------------------
Epoch 33: Validation	rmse: 19.43	mae: 14.91	mape: 34.12%	acc@10: 44.49%	acc@20: 75.28%	acc@30: 90.26%	
[2023-11-24 21:21:51] INFO (nni/MainThread) Intermediate result: 19.430936074903627  (Index 67)
*** Epoch: 34 ***
-----------------G2R RESULT-------------------

val result: krc:0.778 | lsd:0.635 | ed:0.979 | hr@1:0.65 | hr@2:0.871 | hr@3:0.918 | acc@1:0.65 | acc@2:0.587 | acc@3:0.547 | Best krc: 0.787 | Best epoch: 23
[2023-11-24 21:22:20] INFO (nni/MainThread) Intermediate result: 0.7778329164074682  (Index 68)
-----------------ETPA RESULT-------------------
Epoch 34: Validation	rmse: 19.48	mae: 14.94	mape: 34.11%	acc@10: 44.38%	acc@20: 75.09%	acc@30: 90.36%	
[2023-11-24 21:22:20] INFO (nni/MainThread) Intermediate result: 19.481064269975732  (Index 69)
*** Epoch: 35 ***
-----------------G2R RESULT-------------------

val result: krc:0.77 | lsd:0.653 | ed:0.984 | hr@1:0.644 | hr@2:0.867 | hr@3:0.913 | acc@1:0.644 | acc@2:0.589 | acc@3:0.551 | Best krc: 0.787 | Best epoch: 23
[2023-11-24 21:22:51] INFO (nni/MainThread) Intermediate result: 0.7703038456951878  (Index 70)
-----------------ETPA RESULT-------------------
Epoch 35: Validation	rmse: 19.46	mae: 14.91	mape: 33.99%	acc@10: 44.27%	acc@20: 75.26%	acc@30: 90.45%	
[2023-11-24 21:22:51] INFO (nni/MainThread) Intermediate result: 19.457946885544207  (Index 71)
*** Epoch: 36 ***
-----------------G2R RESULT-------------------

val result: krc:0.776 | lsd:0.663 | ed:0.961 | hr@1:0.651 | hr@2:0.866 | hr@3:0.913 | acc@1:0.651 | acc@2:0.591 | acc@3:0.553 | Best krc: 0.787 | Best epoch: 23
[2023-11-24 21:23:21] INFO (nni/MainThread) Intermediate result: 0.7761899510390984  (Index 72)
-----------------ETPA RESULT-------------------
Epoch 36: Validation	rmse: 19.46	mae: 14.93	mape: 34.03%	acc@10: 44.09%	acc@20: 75.17%	acc@30: 90.54%	
[2023-11-24 21:23:21] INFO (nni/MainThread) Intermediate result: 19.463535508801087  (Index 73)
*** Epoch: 37 ***
-----------------G2R RESULT-------------------

val result: krc:0.773 | lsd:0.671 | ed:0.982 | hr@1:0.644 | hr@2:0.865 | hr@3:0.91 | acc@1:0.644 | acc@2:0.586 | acc@3:0.55 | Best krc: 0.787 | Best epoch: 23
[2023-11-24 21:23:53] INFO (nni/MainThread) Intermediate result: 0.7734144266719692  (Index 74)
-----------------ETPA RESULT-------------------
Epoch 37: Validation	rmse: 19.36	mae: 14.87	mape: 33.91%	acc@10: 44.16%	acc@20: 75.33%	acc@30: 90.62%	
[2023-11-24 21:23:53] INFO (nni/MainThread) Intermediate result: 19.36186251837325  (Index 75)
*** Epoch: 38 ***
-----------------G2R RESULT-------------------

val result: krc:0.771 | lsd:0.674 | ed:0.984 | hr@1:0.645 | hr@2:0.863 | hr@3:0.907 | acc@1:0.645 | acc@2:0.585 | acc@3:0.545 | Best krc: 0.787 | Best epoch: 23
[2023-11-24 21:24:23] INFO (nni/MainThread) Intermediate result: 0.770773742605837  (Index 76)
-----------------ETPA RESULT-------------------
Epoch 38: Validation	rmse: 19.34	mae: 14.84	mape: 33.79%	acc@10: 43.99%	acc@20: 75.4%	acc@30: 90.71%	
[2023-11-24 21:24:23] INFO (nni/MainThread) Intermediate result: 19.335825679074727  (Index 77)
*** Epoch: 39 ***
-----------------G2R RESULT-------------------

val result: krc:0.783 | lsd:0.643 | ed:0.947 | hr@1:0.653 | hr@2:0.867 | hr@3:0.913 | acc@1:0.653 | acc@2:0.593 | acc@3:0.558 | Best krc: 0.787 | Best epoch: 23
[2023-11-24 21:24:52] INFO (nni/MainThread) Intermediate result: 0.7828611735476624  (Index 78)
-----------------ETPA RESULT-------------------
Epoch 39: Validation	rmse: 19.3	mae: 14.83	mape: 33.78%	acc@10: 43.98%	acc@20: 75.39%	acc@30: 90.78%	
[2023-11-24 21:24:52] INFO (nni/MainThread) Intermediate result: 19.295579767267704  (Index 79)
*** Epoch: 40 ***
-----------------G2R RESULT-------------------

val result: krc:0.788 | lsd:0.643 | ed:0.936 | hr@1:0.659 | hr@2:0.873 | hr@3:0.918 | acc@1:0.659 | acc@2:0.6 | acc@3:0.566 | Best krc: 0.787 | Best epoch: 23
best model saved
[2023-11-24 21:25:21] INFO (nni/MainThread) Intermediate result: 0.7884562586355328  (Index 80)
-----------------ETPA RESULT-------------------
Epoch 40: Validation	rmse: 19.31	mae: 14.83	mape: 33.74%	acc@10: 43.9%	acc@20: 75.38%	acc@30: 90.85%	
[2023-11-24 21:25:21] INFO (nni/MainThread) Intermediate result: 19.30979424010785  (Index 81)
*** Epoch: 41 ***
-----------------G2R RESULT-------------------

val result: krc:0.79 | lsd:0.608 | ed:0.916 | hr@1:0.664 | hr@2:0.875 | hr@3:0.92 | acc@1:0.664 | acc@2:0.607 | acc@3:0.575 | Best krc: 0.788 | Best epoch: 40
best model saved
[2023-11-24 21:25:50] INFO (nni/MainThread) Intermediate result: 0.790187727056988  (Index 82)
-----------------ETPA RESULT-------------------
Epoch 41: Validation	rmse: 19.27	mae: 14.79	mape: 33.62%	acc@10: 43.97%	acc@20: 75.45%	acc@30: 90.92%	
[2023-11-24 21:25:50] INFO (nni/MainThread) Intermediate result: 19.265427848579158  (Index 83)
*** Epoch: 42 ***
-----------------G2R RESULT-------------------

val result: krc:0.786 | lsd:0.617 | ed:0.949 | hr@1:0.655 | hr@2:0.871 | hr@3:0.916 | acc@1:0.655 | acc@2:0.595 | acc@3:0.559 | Best krc: 0.79 | Best epoch: 41
[2023-11-24 21:26:20] INFO (nni/MainThread) Intermediate result: 0.7859683243767196  (Index 84)
-----------------ETPA RESULT-------------------
Epoch 42: Validation	rmse: 19.24	mae: 14.78	mape: 33.58%	acc@10: 43.9%	acc@20: 75.51%	acc@30: 90.99%	
[2023-11-24 21:26:20] INFO (nni/MainThread) Intermediate result: 19.235156708864075  (Index 85)
*** Epoch: 43 ***
-----------------G2R RESULT-------------------

val result: krc:0.787 | lsd:0.621 | ed:0.938 | hr@1:0.658 | hr@2:0.87 | hr@3:0.917 | acc@1:0.658 | acc@2:0.599 | acc@3:0.567 | Best krc: 0.79 | Best epoch: 41
[2023-11-24 21:26:59] INFO (nni/MainThread) Intermediate result: 0.7868295528986391  (Index 86)
-----------------ETPA RESULT-------------------
Epoch 43: Validation	rmse: 19.27	mae: 14.81	mape: 33.59%	acc@10: 43.89%	acc@20: 75.36%	acc@30: 91.05%	
[2023-11-24 21:26:59] INFO (nni/MainThread) Intermediate result: 19.272491822511416  (Index 87)
*** Epoch: 44 ***
-----------------G2R RESULT-------------------

val result: krc:0.768 | lsd:0.69 | ed:1.01 | hr@1:0.643 | hr@2:0.867 | hr@3:0.908 | acc@1:0.643 | acc@2:0.583 | acc@3:0.538 | Best krc: 0.79 | Best epoch: 41
[2023-11-24 21:27:34] INFO (nni/MainThread) Intermediate result: 0.7675507692035894  (Index 88)
-----------------ETPA RESULT-------------------
Epoch 44: Validation	rmse: 19.28	mae: 14.83	mape: 33.61%	acc@10: 43.75%	acc@20: 75.28%	acc@30: 91.11%	
[2023-11-24 21:27:34] INFO (nni/MainThread) Intermediate result: 19.28366194804447  (Index 89)
*** Epoch: 45 ***
-----------------G2R RESULT-------------------

val result: krc:0.783 | lsd:0.61 | ed:0.965 | hr@1:0.654 | hr@2:0.873 | hr@3:0.916 | acc@1:0.654 | acc@2:0.591 | acc@3:0.553 | Best krc: 0.79 | Best epoch: 41
[2023-11-24 21:28:13] INFO (nni/MainThread) Intermediate result: 0.783225724380075  (Index 90)
-----------------ETPA RESULT-------------------
Epoch 45: Validation	rmse: 19.31	mae: 14.85	mape: 33.62%	acc@10: 43.55%	acc@20: 75.2%	acc@30: 91.17%	
[2023-11-24 21:28:13] INFO (nni/MainThread) Intermediate result: 19.306245412083378  (Index 91)
*** Epoch: 46 ***
-----------------G2R RESULT-------------------

val result: krc:0.796 | lsd:0.603 | ed:0.917 | hr@1:0.661 | hr@2:0.875 | hr@3:0.921 | acc@1:0.661 | acc@2:0.603 | acc@3:0.572 | Best krc: 0.79 | Best epoch: 41
best model saved
[2023-11-24 21:28:42] INFO (nni/MainThread) Intermediate result: 0.795724034989448  (Index 92)
-----------------ETPA RESULT-------------------
Epoch 46: Validation	rmse: 19.29	mae: 14.84	mape: 33.6%	acc@10: 43.55%	acc@20: 75.33%	acc@30: 91.22%	
[2023-11-24 21:28:42] INFO (nni/MainThread) Intermediate result: 19.286908556958686  (Index 93)
*** Epoch: 47 ***
-----------------G2R RESULT-------------------

val result: krc:0.783 | lsd:0.647 | ed:0.945 | hr@1:0.654 | hr@2:0.868 | hr@3:0.914 | acc@1:0.654 | acc@2:0.596 | acc@3:0.559 | Best krc: 0.796 | Best epoch: 46
[2023-11-24 21:29:11] INFO (nni/MainThread) Intermediate result: 0.7827499187883971  (Index 94)
-----------------ETPA RESULT-------------------
Epoch 47: Validation	rmse: 19.31	mae: 14.84	mape: 33.54%	acc@10: 43.49%	acc@20: 75.33%	acc@30: 91.28%	
[2023-11-24 21:29:11] INFO (nni/MainThread) Intermediate result: 19.30775965739093  (Index 95)
*** Epoch: 48 ***
-----------------G2R RESULT-------------------

val result: krc:0.786 | lsd:0.631 | ed:0.937 | hr@1:0.657 | hr@2:0.866 | hr@3:0.915 | acc@1:0.657 | acc@2:0.595 | acc@3:0.563 | Best krc: 0.796 | Best epoch: 46
[2023-11-24 21:29:44] INFO (nni/MainThread) Intermediate result: 0.7856226463135078  (Index 96)
-----------------ETPA RESULT-------------------
Epoch 48: Validation	rmse: 19.33	mae: 14.86	mape: 33.55%	acc@10: 43.3%	acc@20: 75.32%	acc@30: 91.33%	
[2023-11-24 21:29:44] INFO (nni/MainThread) Intermediate result: 19.32569842459005  (Index 97)
*** Epoch: 49 ***
-----------------G2R RESULT-------------------

val result: krc:0.788 | lsd:0.626 | ed:0.925 | hr@1:0.662 | hr@2:0.869 | hr@3:0.915 | acc@1:0.662 | acc@2:0.599 | acc@3:0.568 | Best krc: 0.796 | Best epoch: 46
[2023-11-24 21:30:17] INFO (nni/MainThread) Intermediate result: 0.7881526247158077  (Index 98)
-----------------ETPA RESULT-------------------
Epoch 49: Validation	rmse: 19.28	mae: 14.83	mape: 33.52%	acc@10: 43.25%	acc@20: 75.38%	acc@30: 91.38%	
[2023-11-24 21:30:17] INFO (nni/MainThread) Intermediate result: 19.27808876107192  (Index 99)
*** Epoch: 50 ***
-----------------G2R RESULT-------------------

val result: krc:0.798 | lsd:0.607 | ed:0.9 | hr@1:0.669 | hr@2:0.878 | hr@3:0.922 | acc@1:0.669 | acc@2:0.613 | acc@3:0.584 | Best krc: 0.796 | Best epoch: 46
best model saved
[2023-11-24 21:30:50] INFO (nni/MainThread) Intermediate result: 0.7975626990056373  (Index 100)
-----------------ETPA RESULT-------------------
Epoch 50: Validation	rmse: 19.28	mae: 14.84	mape: 33.5%	acc@10: 43.08%	acc@20: 75.43%	acc@30: 91.42%	
[2023-11-24 21:30:50] INFO (nni/MainThread) Intermediate result: 19.2814775619959  (Index 101)
*** Epoch: 51 ***
-----------------G2R RESULT-------------------

val result: krc:0.794 | lsd:0.625 | ed:0.909 | hr@1:0.666 | hr@2:0.877 | hr@3:0.92 | acc@1:0.666 | acc@2:0.609 | acc@3:0.578 | Best krc: 0.798 | Best epoch: 50
[2023-11-24 21:31:25] INFO (nni/MainThread) Intermediate result: 0.7944923107144357  (Index 102)
-----------------ETPA RESULT-------------------
Epoch 51: Validation	rmse: 19.29	mae: 14.85	mape: 33.52%	acc@10: 42.97%	acc@20: 75.36%	acc@30: 91.41%	
[2023-11-24 21:31:25] INFO (nni/MainThread) Intermediate result: 19.291752265187053  (Index 103)
*** Epoch: 52 ***
-----------------G2R RESULT-------------------

val result: krc:0.794 | lsd:0.603 | ed:0.913 | hr@1:0.665 | hr@2:0.875 | hr@3:0.921 | acc@1:0.665 | acc@2:0.608 | acc@3:0.578 | Best krc: 0.798 | Best epoch: 50
[2023-11-24 21:32:00] INFO (nni/MainThread) Intermediate result: 0.7939778678300761  (Index 104)
-----------------ETPA RESULT-------------------
Epoch 52: Validation	rmse: 19.29	mae: 14.85	mape: 33.54%	acc@10: 42.75%	acc@20: 75.41%	acc@30: 91.45%	
[2023-11-24 21:32:00] INFO (nni/MainThread) Intermediate result: 19.285399753945818  (Index 105)
*** Epoch: 53 ***
-----------------G2R RESULT-------------------

val result: krc:0.799 | lsd:0.602 | ed:0.904 | hr@1:0.672 | hr@2:0.877 | hr@3:0.922 | acc@1:0.672 | acc@2:0.615 | acc@3:0.585 | Best krc: 0.798 | Best epoch: 50
best model saved
[2023-11-24 21:32:29] INFO (nni/MainThread) Intermediate result: 0.798515950680358  (Index 106)
-----------------ETPA RESULT-------------------
Epoch 53: Validation	rmse: 19.25	mae: 14.85	mape: 33.53%	acc@10: 42.59%	acc@20: 75.41%	acc@30: 91.49%	
[2023-11-24 21:32:29] INFO (nni/MainThread) Intermediate result: 19.251688803669598  (Index 107)
*** Epoch: 54 ***
-----------------G2R RESULT-------------------

val result: krc:0.794 | lsd:0.608 | ed:0.916 | hr@1:0.662 | hr@2:0.875 | hr@3:0.917 | acc@1:0.662 | acc@2:0.607 | acc@3:0.571 | Best krc: 0.799 | Best epoch: 53
[2023-11-24 21:32:59] INFO (nni/MainThread) Intermediate result: 0.793667457419097  (Index 108)
-----------------ETPA RESULT-------------------
Epoch 54: Validation	rmse: 19.28	mae: 14.87	mape: 33.55%	acc@10: 42.44%	acc@20: 75.28%	acc@30: 91.42%	
[2023-11-24 21:32:59] INFO (nni/MainThread) Intermediate result: 19.277724116421822  (Index 109)
*** Epoch: 55 ***
-----------------G2R RESULT-------------------

val result: krc:0.786 | lsd:0.612 | ed:0.93 | hr@1:0.665 | hr@2:0.875 | hr@3:0.92 | acc@1:0.665 | acc@2:0.606 | acc@3:0.567 | Best krc: 0.799 | Best epoch: 53
[2023-11-24 21:33:33] INFO (nni/MainThread) Intermediate result: 0.7858390326252155  (Index 110)
-----------------ETPA RESULT-------------------
Epoch 55: Validation	rmse: 19.27	mae: 14.88	mape: 33.55%	acc@10: 42.3%	acc@20: 75.28%	acc@30: 91.46%	
[2023-11-24 21:33:33] INFO (nni/MainThread) Intermediate result: 19.27423384902038  (Index 111)
*** Epoch: 56 ***
-----------------G2R RESULT-------------------

val result: krc:0.801 | lsd:0.594 | ed:0.885 | hr@1:0.672 | hr@2:0.877 | hr@3:0.922 | acc@1:0.672 | acc@2:0.617 | acc@3:0.587 | Best krc: 0.799 | Best epoch: 53
best model saved
[2023-11-24 21:34:07] INFO (nni/MainThread) Intermediate result: 0.8007147698533793  (Index 112)
-----------------ETPA RESULT-------------------
Epoch 56: Validation	rmse: 19.27	mae: 14.9	mape: 33.6%	acc@10: 42.0%	acc@20: 75.27%	acc@30: 91.5%	
[2023-11-24 21:34:07] INFO (nni/MainThread) Intermediate result: 19.274757113023956  (Index 113)
*** Epoch: 57 ***
-----------------G2R RESULT-------------------

val result: krc:0.794 | lsd:0.618 | ed:0.906 | hr@1:0.664 | hr@2:0.875 | hr@3:0.922 | acc@1:0.664 | acc@2:0.607 | acc@3:0.579 | Best krc: 0.801 | Best epoch: 56
[2023-11-24 21:34:38] INFO (nni/MainThread) Intermediate result: 0.794149359684996  (Index 114)
-----------------ETPA RESULT-------------------
Epoch 57: Validation	rmse: 19.28	mae: 14.91	mape: 33.58%	acc@10: 41.97%	acc@20: 75.27%	acc@30: 91.54%	
[2023-11-24 21:34:38] INFO (nni/MainThread) Intermediate result: 19.279836333447374  (Index 115)
*** Epoch: 58 ***
-----------------G2R RESULT-------------------

val result: krc:0.79 | lsd:0.613 | ed:0.936 | hr@1:0.658 | hr@2:0.874 | hr@3:0.918 | acc@1:0.658 | acc@2:0.6 | acc@3:0.567 | Best krc: 0.801 | Best epoch: 56
[2023-11-24 21:35:09] INFO (nni/MainThread) Intermediate result: 0.7903049170298841  (Index 116)
-----------------ETPA RESULT-------------------
Epoch 58: Validation	rmse: 19.31	mae: 14.93	mape: 33.58%	acc@10: 41.95%	acc@20: 75.16%	acc@30: 91.58%	
[2023-11-24 21:35:09] INFO (nni/MainThread) Intermediate result: 19.313947778256185  (Index 117)
*** Epoch: 59 ***
-----------------G2R RESULT-------------------

val result: krc:0.799 | lsd:0.61 | ed:0.904 | hr@1:0.671 | hr@2:0.876 | hr@3:0.92 | acc@1:0.671 | acc@2:0.616 | acc@3:0.583 | Best krc: 0.801 | Best epoch: 56
[2023-11-24 21:35:40] INFO (nni/MainThread) Intermediate result: 0.7985211892514034  (Index 118)
-----------------ETPA RESULT-------------------
Epoch 59: Validation	rmse: 19.31	mae: 14.93	mape: 33.58%	acc@10: 41.77%	acc@20: 75.21%	acc@30: 91.61%	
[2023-11-24 21:35:40] INFO (nni/MainThread) Intermediate result: 19.30836174308  (Index 119)
*** Epoch: 60 ***
-----------------G2R RESULT-------------------

val result: krc:0.798 | lsd:0.594 | ed:0.905 | hr@1:0.668 | hr@2:0.877 | hr@3:0.919 | acc@1:0.668 | acc@2:0.614 | acc@3:0.58 | Best krc: 0.801 | Best epoch: 56
[2023-11-24 21:36:12] INFO (nni/MainThread) Intermediate result: 0.7981366001567138  (Index 120)
-----------------ETPA RESULT-------------------
Epoch 60: Validation	rmse: 19.32	mae: 14.94	mape: 33.57%	acc@10: 41.75%	acc@20: 75.26%	acc@30: 91.65%	
[2023-11-24 21:36:12] INFO (nni/MainThread) Intermediate result: 19.32402081045377  (Index 121)
*** Epoch: 61 ***
-----------------G2R RESULT-------------------

val result: krc:0.799 | lsd:0.597 | ed:0.899 | hr@1:0.669 | hr@2:0.875 | hr@3:0.919 | acc@1:0.669 | acc@2:0.615 | acc@3:0.585 | Best krc: 0.801 | Best epoch: 56
[2023-11-24 21:36:44] INFO (nni/MainThread) Intermediate result: 0.7994726289435514  (Index 122)
-----------------ETPA RESULT-------------------
Epoch 61: Validation	rmse: 19.34	mae: 14.97	mape: 33.63%	acc@10: 41.48%	acc@20: 75.2%	acc@30: 91.68%	
[2023-11-24 21:36:44] INFO (nni/MainThread) Intermediate result: 19.33870159508725  (Index 123)
*** Epoch: 62 ***
-----------------G2R RESULT-------------------

val result: krc:0.788 | lsd:0.625 | ed:0.931 | hr@1:0.663 | hr@2:0.871 | hr@3:0.915 | acc@1:0.663 | acc@2:0.606 | acc@3:0.566 | Best krc: 0.801 | Best epoch: 56
[2023-11-24 21:37:23] INFO (nni/MainThread) Intermediate result: 0.7884120129332197  (Index 124)
-----------------ETPA RESULT-------------------
Epoch 62: Validation	rmse: 19.34	mae: 14.98	mape: 33.68%	acc@10: 41.27%	acc@20: 75.2%	acc@30: 91.72%	
[2023-11-24 21:37:23] INFO (nni/MainThread) Intermediate result: 19.343465801464312  (Index 125)
*** Epoch: 63 ***
-----------------G2R RESULT-------------------

val result: krc:0.79 | lsd:0.615 | ed:0.93 | hr@1:0.667 | hr@2:0.873 | hr@3:0.918 | acc@1:0.667 | acc@2:0.609 | acc@3:0.571 | Best krc: 0.801 | Best epoch: 56
[2023-11-24 21:38:05] INFO (nni/MainThread) Intermediate result: 0.7896873923983674  (Index 126)
-----------------ETPA RESULT-------------------
Epoch 63: Validation	rmse: 19.35	mae: 14.99	mape: 33.7%	acc@10: 41.16%	acc@20: 75.2%	acc@30: 91.75%	
[2023-11-24 21:38:05] INFO (nni/MainThread) Intermediate result: 19.34678277048547  (Index 127)
*** Epoch: 64 ***
-----------------G2R RESULT-------------------

val result: krc:0.795 | lsd:0.607 | ed:0.925 | hr@1:0.667 | hr@2:0.877 | hr@3:0.919 | acc@1:0.667 | acc@2:0.61 | acc@3:0.575 | Best krc: 0.801 | Best epoch: 56
[2023-11-24 21:38:37] INFO (nni/MainThread) Intermediate result: 0.7952622657913431  (Index 128)
-----------------ETPA RESULT-------------------
Epoch 64: Validation	rmse: 19.37	mae: 15.02	mape: 33.71%	acc@10: 41.11%	acc@20: 75.05%	acc@30: 91.73%	
[2023-11-24 21:38:37] INFO (nni/MainThread) Intermediate result: 19.371007620444274  (Index 129)
*** Epoch: 65 ***
-----------------G2R RESULT-------------------

val result: krc:0.784 | lsd:0.647 | ed:0.936 | hr@1:0.658 | hr@2:0.869 | hr@3:0.912 | acc@1:0.658 | acc@2:0.604 | acc@3:0.564 | Best krc: 0.801 | Best epoch: 56
[2023-11-24 21:39:13] INFO (nni/MainThread) Intermediate result: 0.7837435598782341  (Index 130)
-----------------ETPA RESULT-------------------
Epoch 65: Validation	rmse: 19.36	mae: 15.02	mape: 33.71%	acc@10: 41.0%	acc@20: 75.05%	acc@30: 91.76%	
[2023-11-24 21:39:13] INFO (nni/MainThread) Intermediate result: 19.363457797863052  (Index 131)
*** Epoch: 66 ***
-----------------G2R RESULT-------------------

val result: krc:0.791 | lsd:0.627 | ed:0.922 | hr@1:0.665 | hr@2:0.867 | hr@3:0.919 | acc@1:0.665 | acc@2:0.606 | acc@3:0.575 | Best krc: 0.801 | Best epoch: 56
[2023-11-24 21:39:53] INFO (nni/MainThread) Intermediate result: 0.7909171875590764  (Index 132)
-----------------ETPA RESULT-------------------
Epoch 66: Validation	rmse: 19.39	mae: 15.03	mape: 33.7%	acc@10: 40.9%	acc@20: 74.91%	acc@30: 91.79%	
[2023-11-24 21:39:53] INFO (nni/MainThread) Intermediate result: 19.385069546598984  (Index 133)
*** Epoch: 67 ***
-----------------G2R RESULT-------------------

val result: krc:0.802 | lsd:0.582 | ed:0.887 | hr@1:0.678 | hr@2:0.878 | hr@3:0.92 | acc@1:0.678 | acc@2:0.623 | acc@3:0.589 | Best krc: 0.801 | Best epoch: 56
best model saved
[2023-11-24 21:40:25] INFO (nni/MainThread) Intermediate result: 0.8017642555989735  (Index 134)
-----------------ETPA RESULT-------------------
Epoch 67: Validation	rmse: 19.39	mae: 15.04	mape: 33.69%	acc@10: 40.85%	acc@20: 74.82%	acc@30: 91.82%	
[2023-11-24 21:40:25] INFO (nni/MainThread) Intermediate result: 19.38829875630549  (Index 135)
*** Epoch: 68 ***
-----------------G2R RESULT-------------------

val result: krc:0.801 | lsd:0.583 | ed:0.878 | hr@1:0.684 | hr@2:0.878 | hr@3:0.922 | acc@1:0.684 | acc@2:0.627 | acc@3:0.596 | Best krc: 0.802 | Best epoch: 67
[2023-11-24 21:40:56] INFO (nni/MainThread) Intermediate result: 0.8011225287045137  (Index 136)
-----------------ETPA RESULT-------------------
Epoch 68: Validation	rmse: 19.39	mae: 15.03	mape: 33.66%	acc@10: 40.85%	acc@20: 74.82%	acc@30: 91.85%	
[2023-11-24 21:40:56] INFO (nni/MainThread) Intermediate result: 19.38689636288724  (Index 137)
*** Epoch: 69 ***
-----------------G2R RESULT-------------------

val result: krc:0.79 | lsd:0.611 | ed:0.931 | hr@1:0.665 | hr@2:0.875 | hr@3:0.919 | acc@1:0.665 | acc@2:0.609 | acc@3:0.576 | Best krc: 0.802 | Best epoch: 67
[2023-11-24 21:41:28] INFO (nni/MainThread) Intermediate result: 0.7902809914178519  (Index 138)
-----------------ETPA RESULT-------------------
Epoch 69: Validation	rmse: 19.42	mae: 15.07	mape: 33.73%	acc@10: 40.67%	acc@20: 74.69%	acc@30: 91.88%	
[2023-11-24 21:41:28] INFO (nni/MainThread) Intermediate result: 19.41918828435093  (Index 139)
*** Epoch: 70 ***
-----------------G2R RESULT-------------------

val result: krc:0.806 | lsd:0.589 | ed:0.885 | hr@1:0.678 | hr@2:0.883 | hr@3:0.922 | acc@1:0.678 | acc@2:0.628 | acc@3:0.595 | Best krc: 0.802 | Best epoch: 67
best model saved
[2023-11-24 21:42:00] INFO (nni/MainThread) Intermediate result: 0.8059367402262024  (Index 140)
-----------------ETPA RESULT-------------------
Epoch 70: Validation	rmse: 19.42	mae: 15.07	mape: 33.72%	acc@10: 40.67%	acc@20: 74.74%	acc@30: 91.9%	
[2023-11-24 21:42:00] INFO (nni/MainThread) Intermediate result: 19.419924120048826  (Index 141)
*** Epoch: 71 ***
-----------------G2R RESULT-------------------

val result: krc:0.81 | lsd:0.563 | ed:0.868 | hr@1:0.678 | hr@2:0.884 | hr@3:0.926 | acc@1:0.678 | acc@2:0.626 | acc@3:0.598 | Best krc: 0.806 | Best epoch: 70
best model saved
[2023-11-24 21:42:32] INFO (nni/MainThread) Intermediate result: 0.8096755840962224  (Index 142)
-----------------ETPA RESULT-------------------
Epoch 71: Validation	rmse: 19.44	mae: 15.09	mape: 33.73%	acc@10: 40.62%	acc@20: 74.65%	acc@30: 91.93%	
[2023-11-24 21:42:32] INFO (nni/MainThread) Intermediate result: 19.44165353362727  (Index 143)
*** Epoch: 72 ***
-----------------G2R RESULT-------------------

val result: krc:0.801 | lsd:0.601 | ed:0.907 | hr@1:0.682 | hr@2:0.88 | hr@3:0.918 | acc@1:0.682 | acc@2:0.624 | acc@3:0.584 | Best krc: 0.81 | Best epoch: 71
[2023-11-24 21:43:03] INFO (nni/MainThread) Intermediate result: 0.8013720477647017  (Index 144)
-----------------ETPA RESULT-------------------
Epoch 72: Validation	rmse: 19.43	mae: 15.08	mape: 33.7%	acc@10: 40.54%	acc@20: 74.74%	acc@30: 91.95%	
[2023-11-24 21:43:03] INFO (nni/MainThread) Intermediate result: 19.426775388915736  (Index 145)
*** Epoch: 73 ***
-----------------G2R RESULT-------------------

val result: krc:0.814 | lsd:0.564 | ed:0.864 | hr@1:0.694 | hr@2:0.885 | hr@3:0.926 | acc@1:0.694 | acc@2:0.637 | acc@3:0.603 | Best krc: 0.81 | Best epoch: 71
best model saved
[2023-11-24 21:43:34] INFO (nni/MainThread) Intermediate result: 0.8144167555711063  (Index 146)
-----------------ETPA RESULT-------------------
Epoch 73: Validation	rmse: 19.44	mae: 15.09	mape: 33.7%	acc@10: 40.54%	acc@20: 74.66%	acc@30: 91.98%	
[2023-11-24 21:43:34] INFO (nni/MainThread) Intermediate result: 19.437087940771892  (Index 147)
*** Epoch: 74 ***
-----------------G2R RESULT-------------------

val result: krc:0.812 | lsd:0.566 | ed:0.868 | hr@1:0.697 | hr@2:0.883 | hr@3:0.924 | acc@1:0.697 | acc@2:0.636 | acc@3:0.6 | Best krc: 0.814 | Best epoch: 73
[2023-11-24 21:44:11] INFO (nni/MainThread) Intermediate result: 0.81150102063963  (Index 148)
-----------------ETPA RESULT-------------------
Epoch 74: Validation	rmse: 19.45	mae: 15.11	mape: 33.73%	acc@10: 40.33%	acc@20: 74.62%	acc@30: 92.0%	
[2023-11-24 21:44:11] INFO (nni/MainThread) Intermediate result: 19.449366823813367  (Index 149)
*** Epoch: 75 ***
-----------------G2R RESULT-------------------

val result: krc:0.808 | lsd:0.586 | ed:0.878 | hr@1:0.694 | hr@2:0.882 | hr@3:0.923 | acc@1:0.694 | acc@2:0.634 | acc@3:0.598 | Best krc: 0.814 | Best epoch: 73
[2023-11-24 21:44:42] INFO (nni/MainThread) Intermediate result: 0.8078715619511422  (Index 150)
-----------------ETPA RESULT-------------------
Epoch 75: Validation	rmse: 19.46	mae: 15.13	mape: 33.78%	acc@10: 40.17%	acc@20: 74.59%	acc@30: 92.02%	
[2023-11-24 21:44:42] INFO (nni/MainThread) Intermediate result: 19.460287756761023  (Index 151)
*** Epoch: 76 ***
-----------------G2R RESULT-------------------

val result: krc:0.814 | lsd:0.558 | ed:0.87 | hr@1:0.7 | hr@2:0.885 | hr@3:0.926 | acc@1:0.7 | acc@2:0.636 | acc@3:0.601 | Best krc: 0.814 | Best epoch: 73
[2023-11-24 21:45:15] INFO (nni/MainThread) Intermediate result: 0.8140997757525958  (Index 152)
-----------------ETPA RESULT-------------------
Epoch 76: Validation	rmse: 19.46	mae: 15.14	mape: 33.8%	acc@10: 40.02%	acc@20: 74.59%	acc@30: 92.05%	
[2023-11-24 21:45:15] INFO (nni/MainThread) Intermediate result: 19.464836095080695  (Index 153)
*** Epoch: 77 ***
-----------------G2R RESULT-------------------

val result: krc:0.785 | lsd:0.647 | ed:0.944 | hr@1:0.672 | hr@2:0.874 | hr@3:0.918 | acc@1:0.672 | acc@2:0.61 | acc@3:0.568 | Best krc: 0.814 | Best epoch: 73
[2023-11-24 21:45:59] INFO (nni/MainThread) Intermediate result: 0.784948298232076  (Index 154)
-----------------ETPA RESULT-------------------
Epoch 77: Validation	rmse: 19.46	mae: 15.14	mape: 33.78%	acc@10: 39.98%	acc@20: 74.68%	acc@30: 92.07%	
[2023-11-24 21:45:59] INFO (nni/MainThread) Intermediate result: 19.460757103418945  (Index 155)
*** Epoch: 78 ***
-----------------G2R RESULT-------------------

val result: krc:0.785 | lsd:0.669 | ed:0.958 | hr@1:0.674 | hr@2:0.878 | hr@3:0.918 | acc@1:0.674 | acc@2:0.616 | acc@3:0.571 | Best krc: 0.814 | Best epoch: 73
[2023-11-24 21:46:30] INFO (nni/MainThread) Intermediate result: 0.7851133860228745  (Index 156)
-----------------ETPA RESULT-------------------
Epoch 78: Validation	rmse: 19.46	mae: 15.14	mape: 33.75%	acc@10: 39.99%	acc@20: 74.68%	acc@30: 92.09%	
[2023-11-24 21:46:30] INFO (nni/MainThread) Intermediate result: 19.462240346055502  (Index 157)
*** Epoch: 79 ***
-----------------G2R RESULT-------------------

val result: krc:0.777 | lsd:0.683 | ed:0.971 | hr@1:0.672 | hr@2:0.873 | hr@3:0.916 | acc@1:0.672 | acc@2:0.607 | acc@3:0.563 | Best krc: 0.814 | Best epoch: 73
[2023-11-24 21:47:02] INFO (nni/MainThread) Intermediate result: 0.7770562518179484  (Index 158)
-----------------ETPA RESULT-------------------
Epoch 79: Validation	rmse: 19.48	mae: 15.15	mape: 33.75%	acc@10: 39.92%	acc@20: 74.65%	acc@30: 92.11%	
[2023-11-24 21:47:02] INFO (nni/MainThread) Intermediate result: 19.47730400983712  (Index 159)
*** Epoch: 80 ***
-----------------G2R RESULT-------------------

val result: krc:0.802 | lsd:0.594 | ed:0.921 | hr@1:0.687 | hr@2:0.88 | hr@3:0.923 | acc@1:0.687 | acc@2:0.625 | acc@3:0.588 | Best krc: 0.814 | Best epoch: 73
[2023-11-24 21:47:46] INFO (nni/MainThread) Intermediate result: 0.801769807060581  (Index 160)
-----------------ETPA RESULT-------------------
Epoch 80: Validation	rmse: 19.51	mae: 15.18	mape: 33.78%	acc@10: 39.85%	acc@20: 74.54%	acc@30: 92.13%	
[2023-11-24 21:47:46] INFO (nni/MainThread) Intermediate result: 19.508592023766823  (Index 161)
*** Epoch: 81 ***
-----------------G2R RESULT-------------------

val result: krc:0.813 | lsd:0.562 | ed:0.881 | hr@1:0.695 | hr@2:0.881 | hr@3:0.925 | acc@1:0.695 | acc@2:0.634 | acc@3:0.601 | Best krc: 0.814 | Best epoch: 73
[2023-11-24 21:48:32] INFO (nni/MainThread) Intermediate result: 0.812958214436133  (Index 162)
-----------------ETPA RESULT-------------------
Epoch 81: Validation	rmse: 19.52	mae: 15.21	mape: 33.84%	acc@10: 39.6%	acc@20: 74.54%	acc@30: 92.11%	
[2023-11-24 21:48:32] INFO (nni/MainThread) Intermediate result: 19.524843172047063  (Index 163)
*** Epoch: 82 ***
-----------------G2R RESULT-------------------

val result: krc:0.799 | lsd:0.614 | ed:0.92 | hr@1:0.689 | hr@2:0.88 | hr@3:0.921 | acc@1:0.689 | acc@2:0.63 | acc@3:0.589 | Best krc: 0.814 | Best epoch: 73
[2023-11-24 21:49:23] INFO (nni/MainThread) Intermediate result: 0.7994196695464734  (Index 164)
-----------------ETPA RESULT-------------------
Epoch 82: Validation	rmse: 19.55	mae: 15.23	mape: 33.87%	acc@10: 39.46%	acc@20: 74.44%	acc@30: 92.13%	
[2023-11-24 21:49:23] INFO (nni/MainThread) Intermediate result: 19.548909450569237  (Index 165)
*** Epoch: 83 ***
-----------------G2R RESULT-------------------

val result: krc:0.813 | lsd:0.574 | ed:0.875 | hr@1:0.706 | hr@2:0.886 | hr@3:0.924 | acc@1:0.706 | acc@2:0.646 | acc@3:0.608 | Best krc: 0.814 | Best epoch: 73
[2023-11-24 21:50:05] INFO (nni/MainThread) Intermediate result: 0.8130678500595422  (Index 166)
-----------------ETPA RESULT-------------------
Epoch 83: Validation	rmse: 19.56	mae: 15.25	mape: 33.91%	acc@10: 39.32%	acc@20: 74.44%	acc@30: 92.15%	
[2023-11-24 21:50:05] INFO (nni/MainThread) Intermediate result: 19.559155958256763  (Index 167)
*** Epoch: 84 ***
-----------------G2R RESULT-------------------

val result: krc:0.812 | lsd:0.56 | ed:0.876 | hr@1:0.697 | hr@2:0.88 | hr@3:0.923 | acc@1:0.697 | acc@2:0.634 | acc@3:0.598 | Best krc: 0.814 | Best epoch: 73
[2023-11-24 21:50:39] INFO (nni/MainThread) Intermediate result: 0.812128837979297  (Index 168)
-----------------ETPA RESULT-------------------
Epoch 84: Validation	rmse: 19.55	mae: 15.25	mape: 33.9%	acc@10: 39.26%	acc@20: 74.41%	acc@30: 92.17%	
[2023-11-24 21:50:39] INFO (nni/MainThread) Intermediate result: 19.554222029142487  (Index 169)
*** Epoch: 85 ***
-----------------G2R RESULT-------------------

val result: krc:0.818 | lsd:0.557 | ed:0.859 | hr@1:0.71 | hr@2:0.887 | hr@3:0.929 | acc@1:0.71 | acc@2:0.652 | acc@3:0.615 | Best krc: 0.814 | Best epoch: 73
best model saved
[2023-11-24 21:51:24] INFO (nni/MainThread) Intermediate result: 0.817742795836368  (Index 170)
-----------------ETPA RESULT-------------------
Epoch 85: Validation	rmse: 19.55	mae: 15.25	mape: 33.88%	acc@10: 39.21%	acc@20: 74.42%	acc@30: 92.19%	
[2023-11-24 21:51:24] INFO (nni/MainThread) Intermediate result: 19.549197470505963  (Index 171)
*** Epoch: 86 ***
-----------------G2R RESULT-------------------

val result: krc:0.819 | lsd:0.558 | ed:0.844 | hr@1:0.706 | hr@2:0.889 | hr@3:0.929 | acc@1:0.706 | acc@2:0.648 | acc@3:0.612 | Best krc: 0.818 | Best epoch: 85
best model saved
[2023-11-24 21:52:05] INFO (nni/MainThread) Intermediate result: 0.8188541963793384  (Index 172)
-----------------ETPA RESULT-------------------
Epoch 86: Validation	rmse: 19.56	mae: 15.27	mape: 33.93%	acc@10: 39.04%	acc@20: 74.35%	acc@30: 92.21%	
[2023-11-24 21:52:05] INFO (nni/MainThread) Intermediate result: 19.56435335379735  (Index 173)
*** Epoch: 87 ***
-----------------G2R RESULT-------------------

val result: krc:0.821 | lsd:0.544 | ed:0.839 | hr@1:0.708 | hr@2:0.89 | hr@3:0.931 | acc@1:0.708 | acc@2:0.653 | acc@3:0.62 | Best krc: 0.819 | Best epoch: 86
best model saved
[2023-11-24 21:52:38] INFO (nni/MainThread) Intermediate result: 0.8209902002643584  (Index 174)
-----------------ETPA RESULT-------------------
Epoch 87: Validation	rmse: 19.55	mae: 15.27	mape: 33.89%	acc@10: 39.06%	acc@20: 74.4%	acc@30: 92.22%	
[2023-11-24 21:52:38] INFO (nni/MainThread) Intermediate result: 19.55233409105264  (Index 175)
*** Epoch: 88 ***
-----------------G2R RESULT-------------------

val result: krc:0.818 | lsd:0.547 | ed:0.857 | hr@1:0.706 | hr@2:0.887 | hr@3:0.923 | acc@1:0.706 | acc@2:0.648 | acc@3:0.609 | Best krc: 0.821 | Best epoch: 87
[2023-11-24 21:53:14] INFO (nni/MainThread) Intermediate result: 0.8180016592259706  (Index 176)
-----------------ETPA RESULT-------------------
Epoch 88: Validation	rmse: 19.55	mae: 15.26	mape: 33.88%	acc@10: 39.08%	acc@20: 74.44%	acc@30: 92.24%	
[2023-11-24 21:53:14] INFO (nni/MainThread) Intermediate result: 19.5498480780638  (Index 177)
*** Epoch: 89 ***
-----------------G2R RESULT-------------------

val result: krc:0.822 | lsd:0.539 | ed:0.837 | hr@1:0.714 | hr@2:0.887 | hr@3:0.928 | acc@1:0.714 | acc@2:0.655 | acc@3:0.618 | Best krc: 0.821 | Best epoch: 87
best model saved
[2023-11-24 21:53:47] INFO (nni/MainThread) Intermediate result: 0.8221187615765667  (Index 178)
-----------------ETPA RESULT-------------------
Epoch 89: Validation	rmse: 19.55	mae: 15.28	mape: 33.93%	acc@10: 38.89%	acc@20: 74.38%	acc@30: 92.26%	
[2023-11-24 21:53:47] INFO (nni/MainThread) Intermediate result: 19.553090542638053  (Index 179)
*** Epoch: 90 ***
-----------------G2R RESULT-------------------

val result: krc:0.825 | lsd:0.532 | ed:0.828 | hr@1:0.719 | hr@2:0.89 | hr@3:0.93 | acc@1:0.719 | acc@2:0.659 | acc@3:0.623 | Best krc: 0.822 | Best epoch: 89
best model saved
[2023-11-24 21:54:24] INFO (nni/MainThread) Intermediate result: 0.8252215532932629  (Index 180)
-----------------ETPA RESULT-------------------
Epoch 90: Validation	rmse: 19.58	mae: 15.29	mape: 33.94%	acc@10: 38.91%	acc@20: 74.35%	acc@30: 92.24%	
[2023-11-24 21:54:24] INFO (nni/MainThread) Intermediate result: 19.575310189631818  (Index 181)
*** Epoch: 91 ***
-----------------G2R RESULT-------------------

val result: krc:0.823 | lsd:0.53 | ed:0.835 | hr@1:0.712 | hr@2:0.89 | hr@3:0.931 | acc@1:0.712 | acc@2:0.654 | acc@3:0.622 | Best krc: 0.825 | Best epoch: 90
[2023-11-24 21:55:06] INFO (nni/MainThread) Intermediate result: 0.8231912840920272  (Index 182)
-----------------ETPA RESULT-------------------
Epoch 91: Validation	rmse: 19.59	mae: 15.32	mape: 34.0%	acc@10: 38.65%	acc@20: 74.32%	acc@30: 92.26%	
[2023-11-24 21:55:06] INFO (nni/MainThread) Intermediate result: 19.586479950994228  (Index 183)
*** Epoch: 92 ***
-----------------G2R RESULT-------------------

val result: krc:0.811 | lsd:0.547 | ed:0.877 | hr@1:0.699 | hr@2:0.888 | hr@3:0.922 | acc@1:0.699 | acc@2:0.643 | acc@3:0.6 | Best krc: 0.825 | Best epoch: 90
[2023-11-24 21:55:43] INFO (nni/MainThread) Intermediate result: 0.8108519998681784  (Index 184)
-----------------ETPA RESULT-------------------
Epoch 92: Validation	rmse: 19.6	mae: 15.33	mape: 34.04%	acc@10: 38.47%	acc@20: 74.33%	acc@30: 92.27%	
[2023-11-24 21:55:43] INFO (nni/MainThread) Intermediate result: 19.597119047618964  (Index 185)
*** Epoch: 93 ***
-----------------G2R RESULT-------------------

val result: krc:0.827 | lsd:0.539 | ed:0.835 | hr@1:0.722 | hr@2:0.891 | hr@3:0.929 | acc@1:0.722 | acc@2:0.664 | acc@3:0.627 | Best krc: 0.825 | Best epoch: 90
best model saved
[2023-11-24 21:56:20] INFO (nni/MainThread) Intermediate result: 0.8274660146894514  (Index 186)
-----------------ETPA RESULT-------------------
Epoch 93: Validation	rmse: 19.62	mae: 15.36	mape: 34.1%	acc@10: 38.33%	acc@20: 74.27%	acc@30: 92.19%	
[2023-11-24 21:56:20] INFO (nni/MainThread) Intermediate result: 19.615721978337156  (Index 187)
*** Epoch: 94 ***
-----------------G2R RESULT-------------------

val result: krc:0.822 | lsd:0.551 | ed:0.859 | hr@1:0.725 | hr@2:0.89 | hr@3:0.923 | acc@1:0.725 | acc@2:0.664 | acc@3:0.621 | Best krc: 0.827 | Best epoch: 93
[2023-11-24 21:57:05] INFO (nni/MainThread) Intermediate result: 0.8218480015506687  (Index 188)
-----------------ETPA RESULT-------------------
Epoch 94: Validation	rmse: 19.63	mae: 15.38	mape: 34.12%	acc@10: 38.32%	acc@20: 74.18%	acc@30: 92.2%	
[2023-11-24 21:57:05] INFO (nni/MainThread) Intermediate result: 19.63126228842036  (Index 189)
*** Epoch: 95 ***
-----------------G2R RESULT-------------------

val result: krc:0.828 | lsd:0.511 | ed:0.836 | hr@1:0.719 | hr@2:0.89 | hr@3:0.928 | acc@1:0.719 | acc@2:0.658 | acc@3:0.623 | Best krc: 0.827 | Best epoch: 93
best model saved
[2023-11-24 21:57:39] INFO (nni/MainThread) Intermediate result: 0.8278984281520354  (Index 190)
-----------------ETPA RESULT-------------------
Epoch 95: Validation	rmse: 19.64	mae: 15.39	mape: 34.17%	acc@10: 38.22%	acc@20: 74.12%	acc@30: 92.19%	
[2023-11-24 21:57:39] INFO (nni/MainThread) Intermediate result: 19.639490209913813  (Index 191)
*** Epoch: 96 ***
-----------------G2R RESULT-------------------

val result: krc:0.825 | lsd:0.53 | ed:0.841 | hr@1:0.716 | hr@2:0.889 | hr@3:0.929 | acc@1:0.716 | acc@2:0.655 | acc@3:0.62 | Best krc: 0.828 | Best epoch: 95
[2023-11-24 21:58:16] INFO (nni/MainThread) Intermediate result: 0.8249479866357873  (Index 192)
-----------------ETPA RESULT-------------------
Epoch 96: Validation	rmse: 19.65	mae: 15.41	mape: 34.21%	acc@10: 38.11%	acc@20: 74.1%	acc@30: 92.2%	
[2023-11-24 21:58:16] INFO (nni/MainThread) Intermediate result: 19.64884607036336  (Index 193)
*** Epoch: 97 ***
-----------------G2R RESULT-------------------

val result: krc:0.828 | lsd:0.53 | ed:0.835 | hr@1:0.721 | hr@2:0.893 | hr@3:0.93 | acc@1:0.721 | acc@2:0.66 | acc@3:0.623 | Best krc: 0.828 | Best epoch: 95
best model saved
[2023-11-24 21:58:54] INFO (nni/MainThread) Intermediate result: 0.8284606992871095  (Index 194)
-----------------ETPA RESULT-------------------
Epoch 97: Validation	rmse: 19.66	mae: 15.42	mape: 34.23%	acc@10: 38.01%	acc@20: 74.04%	acc@30: 92.22%	
[2023-11-24 21:58:54] INFO (nni/MainThread) Intermediate result: 19.655835676229803  (Index 195)
*** Epoch: 98 ***
-----------------G2R RESULT-------------------

val result: krc:0.81 | lsd:0.553 | ed:0.871 | hr@1:0.691 | hr@2:0.882 | hr@3:0.923 | acc@1:0.691 | acc@2:0.63 | acc@3:0.596 | Best krc: 0.828 | Best epoch: 97
[2023-11-24 21:59:30] INFO (nni/MainThread) Intermediate result: 0.8101821060281926  (Index 196)
-----------------ETPA RESULT-------------------
Epoch 98: Validation	rmse: 19.67	mae: 15.44	mape: 34.27%	acc@10: 37.85%	acc@20: 73.96%	acc@30: 92.2%	
[2023-11-24 21:59:30] INFO (nni/MainThread) Intermediate result: 19.666734197857817  (Index 197)
*** Epoch: 99 ***
-----------------G2R RESULT-------------------

val result: krc:0.831 | lsd:0.522 | ed:0.83 | hr@1:0.726 | hr@2:0.89 | hr@3:0.929 | acc@1:0.726 | acc@2:0.663 | acc@3:0.627 | Best krc: 0.828 | Best epoch: 97
best model saved
[2023-11-24 22:00:04] INFO (nni/MainThread) Intermediate result: 0.830895116964203  (Index 198)
-----------------ETPA RESULT-------------------
Epoch 99: Validation	rmse: 19.67	mae: 15.45	mape: 34.32%	acc@10: 37.78%	acc@20: 73.91%	acc@30: 92.22%	
[2023-11-24 22:00:04] INFO (nni/MainThread) Intermediate result: 19.67356333110593  (Index 199)
*** Epoch: 100 ***
-----------------G2R RESULT-------------------

val result: krc:0.828 | lsd:0.519 | ed:0.828 | hr@1:0.714 | hr@2:0.891 | hr@3:0.931 | acc@1:0.714 | acc@2:0.656 | acc@3:0.624 | Best krc: 0.831 | Best epoch: 99
[2023-11-24 22:00:37] INFO (nni/MainThread) Intermediate result: 0.8282029149978427  (Index 200)
-----------------ETPA RESULT-------------------
Epoch 100: Validation	rmse: 19.66	mae: 15.45	mape: 34.3%	acc@10: 37.69%	acc@20: 73.92%	acc@30: 92.23%	
[2023-11-24 22:00:37] INFO (nni/MainThread) Intermediate result: 19.661210434639298  (Index 201)
*** Epoch: 101 ***
-----------------G2R RESULT-------------------

val result: krc:0.825 | lsd:0.518 | ed:0.837 | hr@1:0.711 | hr@2:0.89 | hr@3:0.929 | acc@1:0.711 | acc@2:0.65 | acc@3:0.614 | Best krc: 0.831 | Best epoch: 99
[2023-11-24 22:01:09] INFO (nni/MainThread) Intermediate result: 0.8250992706786322  (Index 202)
-----------------ETPA RESULT-------------------
Epoch 101: Validation	rmse: 19.67	mae: 15.47	mape: 34.35%	acc@10: 37.53%	acc@20: 73.93%	acc@30: 92.25%	
[2023-11-24 22:01:09] INFO (nni/MainThread) Intermediate result: 19.665996703650514  (Index 203)
*** Epoch: 102 ***
-----------------G2R RESULT-------------------

val result: krc:0.831 | lsd:0.528 | ed:0.82 | hr@1:0.726 | hr@2:0.892 | hr@3:0.93 | acc@1:0.726 | acc@2:0.667 | acc@3:0.633 | Best krc: 0.831 | Best epoch: 99
best model saved
[2023-11-24 22:01:53] INFO (nni/MainThread) Intermediate result: 0.8314857485386563  (Index 204)
-----------------ETPA RESULT-------------------
Epoch 102: Validation	rmse: 19.66	mae: 15.46	mape: 34.31%	acc@10: 37.62%	acc@20: 73.94%	acc@30: 92.26%	
[2023-11-24 22:01:53] INFO (nni/MainThread) Intermediate result: 19.661101693523882  (Index 205)
*** Epoch: 103 ***
-----------------G2R RESULT-------------------

val result: krc:0.828 | lsd:0.543 | ed:0.833 | hr@1:0.726 | hr@2:0.89 | hr@3:0.929 | acc@1:0.726 | acc@2:0.664 | acc@3:0.628 | Best krc: 0.831 | Best epoch: 102
[2023-11-24 22:02:29] INFO (nni/MainThread) Intermediate result: 0.8276824867467633  (Index 206)
-----------------ETPA RESULT-------------------
Epoch 103: Validation	rmse: 19.67	mae: 15.47	mape: 34.33%	acc@10: 37.53%	acc@20: 73.92%	acc@30: 92.28%	
[2023-11-24 22:02:29] INFO (nni/MainThread) Intermediate result: 19.66969698401641  (Index 207)
*** Epoch: 104 ***
-----------------G2R RESULT-------------------

val result: krc:0.827 | lsd:0.524 | ed:0.841 | hr@1:0.728 | hr@2:0.893 | hr@3:0.931 | acc@1:0.728 | acc@2:0.667 | acc@3:0.631 | Best krc: 0.831 | Best epoch: 102
[2023-11-24 22:03:09] INFO (nni/MainThread) Intermediate result: 0.8273408617002845  (Index 208)
-----------------ETPA RESULT-------------------
Epoch 104: Validation	rmse: 19.67	mae: 15.47	mape: 34.33%	acc@10: 37.44%	acc@20: 73.9%	acc@30: 92.29%	
[2023-11-24 22:03:09] INFO (nni/MainThread) Intermediate result: 19.666335947805695  (Index 209)
*** Epoch: 105 ***
-----------------G2R RESULT-------------------

val result: krc:0.828 | lsd:0.511 | ed:0.828 | hr@1:0.726 | hr@2:0.893 | hr@3:0.932 | acc@1:0.726 | acc@2:0.664 | acc@3:0.628 | Best krc: 0.831 | Best epoch: 102
[2023-11-24 22:03:46] INFO (nni/MainThread) Intermediate result: 0.8282839931287681  (Index 210)
-----------------ETPA RESULT-------------------
Epoch 105: Validation	rmse: 19.67	mae: 15.48	mape: 34.32%	acc@10: 37.35%	acc@20: 73.85%	acc@30: 92.31%	
[2023-11-24 22:03:46] INFO (nni/MainThread) Intermediate result: 19.6729130489581  (Index 211)
*** Epoch: 106 ***
-----------------G2R RESULT-------------------

val result: krc:0.83 | lsd:0.527 | ed:0.829 | hr@1:0.727 | hr@2:0.891 | hr@3:0.931 | acc@1:0.727 | acc@2:0.662 | acc@3:0.629 | Best krc: 0.831 | Best epoch: 102
[2023-11-24 22:04:24] INFO (nni/MainThread) Intermediate result: 0.8301471244103513  (Index 212)
-----------------ETPA RESULT-------------------
Epoch 106: Validation	rmse: 19.68	mae: 15.48	mape: 34.31%	acc@10: 37.3%	acc@20: 73.8%	acc@30: 92.32%	
[2023-11-24 22:04:24] INFO (nni/MainThread) Intermediate result: 19.681024149891577  (Index 213)
*** Epoch: 107 ***
-----------------G2R RESULT-------------------

val result: krc:0.806 | lsd:0.611 | ed:0.89 | hr@1:0.705 | hr@2:0.878 | hr@3:0.92 | acc@1:0.705 | acc@2:0.64 | acc@3:0.603 | Best krc: 0.831 | Best epoch: 102
[2023-11-24 22:05:00] INFO (nni/MainThread) Intermediate result: 0.8057407351591871  (Index 214)
-----------------ETPA RESULT-------------------
Epoch 107: Validation	rmse: 19.68	mae: 15.48	mape: 34.32%	acc@10: 37.24%	acc@20: 73.76%	acc@30: 92.33%	
[2023-11-24 22:05:00] INFO (nni/MainThread) Intermediate result: 19.681369171425768  (Index 215)
*** Epoch: 108 ***
-----------------G2R RESULT-------------------

val result: krc:0.828 | lsd:0.55 | ed:0.834 | hr@1:0.723 | hr@2:0.889 | hr@3:0.93 | acc@1:0.723 | acc@2:0.66 | acc@3:0.628 | Best krc: 0.831 | Best epoch: 102
[2023-11-24 22:05:33] INFO (nni/MainThread) Intermediate result: 0.8276733054957802  (Index 216)
-----------------ETPA RESULT-------------------
Epoch 108: Validation	rmse: 19.69	mae: 15.49	mape: 34.34%	acc@10: 37.18%	acc@20: 73.71%	acc@30: 92.35%	
[2023-11-24 22:05:33] INFO (nni/MainThread) Intermediate result: 19.686360051042378  (Index 217)
*** Epoch: 109 ***
-----------------G2R RESULT-------------------

val result: krc:0.827 | lsd:0.532 | ed:0.835 | hr@1:0.722 | hr@2:0.889 | hr@3:0.931 | acc@1:0.722 | acc@2:0.66 | acc@3:0.629 | Best krc: 0.831 | Best epoch: 102
[2023-11-24 22:06:08] INFO (nni/MainThread) Intermediate result: 0.8269169166676817  (Index 218)
-----------------ETPA RESULT-------------------
Epoch 109: Validation	rmse: 19.67	mae: 15.48	mape: 34.31%	acc@10: 37.27%	acc@20: 73.72%	acc@30: 92.36%	
[2023-11-24 22:06:08] INFO (nni/MainThread) Intermediate result: 19.665579251205266  (Index 219)
*** Epoch: 110 ***
-----------------G2R RESULT-------------------

val result: krc:0.813 | lsd:0.578 | ed:0.871 | hr@1:0.705 | hr@2:0.881 | hr@3:0.926 | acc@1:0.705 | acc@2:0.641 | acc@3:0.613 | Best krc: 0.831 | Best epoch: 102
[2023-11-24 22:06:42] INFO (nni/MainThread) Intermediate result: 0.813232139930872  (Index 220)
-----------------ETPA RESULT-------------------
Epoch 110: Validation	rmse: 19.66	mae: 15.48	mape: 34.3%	acc@10: 37.25%	acc@20: 73.7%	acc@30: 92.37%	
[2023-11-24 22:06:42] INFO (nni/MainThread) Intermediate result: 19.661028778588726  (Index 221)
*** Epoch: 111 ***
-----------------G2R RESULT-------------------

val result: krc:0.809 | lsd:0.556 | ed:0.898 | hr@1:0.707 | hr@2:0.884 | hr@3:0.922 | acc@1:0.707 | acc@2:0.641 | acc@3:0.604 | Best krc: 0.831 | Best epoch: 102
[2023-11-24 22:07:19] INFO (nni/MainThread) Intermediate result: 0.809040818774094  (Index 222)
-----------------ETPA RESULT-------------------
Epoch 111: Validation	rmse: 19.66	mae: 15.48	mape: 34.3%	acc@10: 37.19%	acc@20: 73.72%	acc@30: 92.35%	
[2023-11-24 22:07:19] INFO (nni/MainThread) Intermediate result: 19.662923715972543  (Index 223)
*** Epoch: 112 ***
-----------------G2R RESULT-------------------

val result: krc:0.835 | lsd:0.53 | ed:0.819 | hr@1:0.736 | hr@2:0.892 | hr@3:0.931 | acc@1:0.736 | acc@2:0.672 | acc@3:0.643 | Best krc: 0.831 | Best epoch: 102
best model saved
[2023-11-24 22:08:00] INFO (nni/MainThread) Intermediate result: 0.8345757360099292  (Index 224)
-----------------ETPA RESULT-------------------
Epoch 112: Validation	rmse: 19.66	mae: 15.49	mape: 34.31%	acc@10: 37.09%	acc@20: 73.64%	acc@30: 92.37%	
[2023-11-24 22:08:00] INFO (nni/MainThread) Intermediate result: 19.65760016548507  (Index 225)
*** Epoch: 113 ***
-----------------G2R RESULT-------------------

val result: krc:0.832 | lsd:0.501 | ed:0.826 | hr@1:0.733 | hr@2:0.89 | hr@3:0.933 | acc@1:0.733 | acc@2:0.666 | acc@3:0.634 | Best krc: 0.835 | Best epoch: 112
[2023-11-24 22:08:36] INFO (nni/MainThread) Intermediate result: 0.8323382666014936  (Index 226)
-----------------ETPA RESULT-------------------
Epoch 113: Validation	rmse: 19.67	mae: 15.5	mape: 34.33%	acc@10: 37.09%	acc@20: 73.55%	acc@30: 92.38%	
[2023-11-24 22:08:36] INFO (nni/MainThread) Intermediate result: 19.669414580441842  (Index 227)
*** Epoch: 114 ***
-----------------G2R RESULT-------------------

val result: krc:0.82 | lsd:0.519 | ed:0.871 | hr@1:0.721 | hr@2:0.892 | hr@3:0.926 | acc@1:0.721 | acc@2:0.66 | acc@3:0.616 | Best krc: 0.835 | Best epoch: 112
[2023-11-24 22:09:09] INFO (nni/MainThread) Intermediate result: 0.8198861744904595  (Index 228)
-----------------ETPA RESULT-------------------
Epoch 114: Validation	rmse: 19.66	mae: 15.5	mape: 34.33%	acc@10: 37.09%	acc@20: 73.56%	acc@30: 92.39%	
[2023-11-24 22:09:09] INFO (nni/MainThread) Intermediate result: 19.663308092349492  (Index 229)
*** Epoch: 115 ***
-----------------G2R RESULT-------------------

val result: krc:0.84 | lsd:0.499 | ed:0.782 | hr@1:0.743 | hr@2:0.892 | hr@3:0.933 | acc@1:0.743 | acc@2:0.682 | acc@3:0.653 | Best krc: 0.835 | Best epoch: 112
best model saved
[2023-11-24 22:09:47] INFO (nni/MainThread) Intermediate result: 0.8402948212130548  (Index 230)
-----------------ETPA RESULT-------------------
Epoch 115: Validation	rmse: 19.65	mae: 15.5	mape: 34.33%	acc@10: 37.04%	acc@20: 73.65%	acc@30: 92.4%	
[2023-11-24 22:09:47] INFO (nni/MainThread) Intermediate result: 19.653500339769142  (Index 231)
*** Epoch: 116 ***
-----------------G2R RESULT-------------------

val result: krc:0.835 | lsd:0.502 | ed:0.82 | hr@1:0.737 | hr@2:0.89 | hr@3:0.932 | acc@1:0.737 | acc@2:0.671 | acc@3:0.638 | Best krc: 0.84 | Best epoch: 115
[2023-11-24 22:10:24] INFO (nni/MainThread) Intermediate result: 0.8347316917321291  (Index 232)
-----------------ETPA RESULT-------------------
Epoch 116: Validation	rmse: 19.65	mae: 15.5	mape: 34.33%	acc@10: 37.07%	acc@20: 73.66%	acc@30: 92.41%	
[2023-11-24 22:10:24] INFO (nni/MainThread) Intermediate result: 19.654210680622086  (Index 233)
*** Epoch: 117 ***
-----------------G2R RESULT-------------------

val result: krc:0.835 | lsd:0.504 | ed:0.801 | hr@1:0.739 | hr@2:0.893 | hr@3:0.932 | acc@1:0.739 | acc@2:0.675 | acc@3:0.641 | Best krc: 0.84 | Best epoch: 115
[2023-11-24 22:10:59] INFO (nni/MainThread) Intermediate result: 0.8347516584858079  (Index 234)
-----------------ETPA RESULT-------------------
Epoch 117: Validation	rmse: 19.66	mae: 15.5	mape: 34.35%	acc@10: 36.94%	acc@20: 73.65%	acc@30: 92.43%	
[2023-11-24 22:10:59] INFO (nni/MainThread) Intermediate result: 19.658172904707406  (Index 235)
*** Epoch: 118 ***
-----------------G2R RESULT-------------------

val result: krc:0.838 | lsd:0.49 | ed:0.811 | hr@1:0.739 | hr@2:0.895 | hr@3:0.934 | acc@1:0.739 | acc@2:0.675 | acc@3:0.641 | Best krc: 0.84 | Best epoch: 115
[2023-11-24 22:11:32] INFO (nni/MainThread) Intermediate result: 0.8375261888510687  (Index 236)
-----------------ETPA RESULT-------------------
Epoch 118: Validation	rmse: 19.67	mae: 15.51	mape: 34.35%	acc@10: 36.9%	acc@20: 73.56%	acc@30: 92.38%	
[2023-11-24 22:11:32] INFO (nni/MainThread) Intermediate result: 19.668543381145813  (Index 237)
*** Epoch: 119 ***
-----------------G2R RESULT-------------------

val result: krc:0.819 | lsd:0.532 | ed:0.855 | hr@1:0.71 | hr@2:0.893 | hr@3:0.929 | acc@1:0.71 | acc@2:0.65 | acc@3:0.615 | Best krc: 0.84 | Best epoch: 115
[2023-11-24 22:12:11] INFO (nni/MainThread) Intermediate result: 0.8187525308907032  (Index 238)
-----------------ETPA RESULT-------------------
Epoch 119: Validation	rmse: 19.67	mae: 15.52	mape: 34.39%	acc@10: 36.88%	acc@20: 73.52%	acc@30: 92.37%	
[2023-11-24 22:12:11] INFO (nni/MainThread) Intermediate result: 19.671648356264903  (Index 239)
*** Epoch: 120 ***
-----------------G2R RESULT-------------------

val result: krc:0.835 | lsd:0.513 | ed:0.826 | hr@1:0.739 | hr@2:0.893 | hr@3:0.933 | acc@1:0.739 | acc@2:0.672 | acc@3:0.638 | Best krc: 0.84 | Best epoch: 115
[2023-11-24 22:12:45] INFO (nni/MainThread) Intermediate result: 0.8354444392835298  (Index 240)
-----------------ETPA RESULT-------------------
Epoch 120: Validation	rmse: 19.66	mae: 15.53	mape: 34.42%	acc@10: 36.78%	acc@20: 73.5%	acc@30: 92.38%	
[2023-11-24 22:12:45] INFO (nni/MainThread) Intermediate result: 19.664636046454298  (Index 241)
*** Epoch: 121 ***
-----------------G2R RESULT-------------------

val result: krc:0.826 | lsd:0.523 | ed:0.842 | hr@1:0.731 | hr@2:0.892 | hr@3:0.925 | acc@1:0.731 | acc@2:0.67 | acc@3:0.628 | Best krc: 0.84 | Best epoch: 115
[2023-11-24 22:13:18] INFO (nni/MainThread) Intermediate result: 0.8261370985813488  (Index 242)
-----------------ETPA RESULT-------------------
Epoch 121: Validation	rmse: 19.66	mae: 15.53	mape: 34.45%	acc@10: 36.68%	acc@20: 73.46%	acc@30: 92.39%	
[2023-11-24 22:13:18] INFO (nni/MainThread) Intermediate result: 19.657998615670362  (Index 243)
*** Epoch: 122 ***
-----------------G2R RESULT-------------------

val result: krc:0.832 | lsd:0.551 | ed:0.826 | hr@1:0.738 | hr@2:0.889 | hr@3:0.929 | acc@1:0.738 | acc@2:0.67 | acc@3:0.638 | Best krc: 0.84 | Best epoch: 115
[2023-11-24 22:13:53] INFO (nni/MainThread) Intermediate result: 0.8324530243113539  (Index 244)
-----------------ETPA RESULT-------------------
Epoch 122: Validation	rmse: 19.66	mae: 15.54	mape: 34.49%	acc@10: 36.56%	acc@20: 73.45%	acc@30: 92.38%	
[2023-11-24 22:13:53] INFO (nni/MainThread) Intermediate result: 19.661384252633717  (Index 245)
*** Epoch: 123 ***
-----------------G2R RESULT-------------------

val result: krc:0.835 | lsd:0.513 | ed:0.807 | hr@1:0.741 | hr@2:0.892 | hr@3:0.933 | acc@1:0.741 | acc@2:0.674 | acc@3:0.644 | Best krc: 0.84 | Best epoch: 115
[2023-11-24 22:14:30] INFO (nni/MainThread) Intermediate result: 0.8349490950190556  (Index 246)
-----------------ETPA RESULT-------------------
Epoch 123: Validation	rmse: 19.64	mae: 15.53	mape: 34.48%	acc@10: 36.59%	acc@20: 73.49%	acc@30: 92.39%	
[2023-11-24 22:14:30] INFO (nni/MainThread) Intermediate result: 19.644482330002095  (Index 247)
*** Epoch: 124 ***
-----------------G2R RESULT-------------------

val result: krc:0.831 | lsd:0.516 | ed:0.823 | hr@1:0.731 | hr@2:0.892 | hr@3:0.931 | acc@1:0.731 | acc@2:0.668 | acc@3:0.635 | Best krc: 0.84 | Best epoch: 115
[2023-11-24 22:15:14] INFO (nni/MainThread) Intermediate result: 0.8306080927768729  (Index 248)
-----------------ETPA RESULT-------------------
Epoch 124: Validation	rmse: 19.65	mae: 15.54	mape: 34.49%	acc@10: 36.55%	acc@20: 73.42%	acc@30: 92.4%	
[2023-11-24 22:15:14] INFO (nni/MainThread) Intermediate result: 19.65127609324522  (Index 249)
*** Epoch: 125 ***
-----------------G2R RESULT-------------------

val result: krc:0.835 | lsd:0.527 | ed:0.817 | hr@1:0.74 | hr@2:0.893 | hr@3:0.934 | acc@1:0.74 | acc@2:0.672 | acc@3:0.641 | Best krc: 0.84 | Best epoch: 115
[2023-11-24 22:15:56] INFO (nni/MainThread) Intermediate result: 0.835229806712098  (Index 250)
-----------------ETPA RESULT-------------------
Epoch 125: Validation	rmse: 19.65	mae: 15.55	mape: 34.5%	acc@10: 36.53%	acc@20: 73.36%	acc@30: 92.39%	
[2023-11-24 22:15:56] INFO (nni/MainThread) Intermediate result: 19.65462529123892  (Index 251)
*** Epoch: 126 ***
-----------------G2R RESULT-------------------

val result: krc:0.839 | lsd:0.496 | ed:0.788 | hr@1:0.748 | hr@2:0.895 | hr@3:0.935 | acc@1:0.748 | acc@2:0.681 | acc@3:0.653 | Best krc: 0.84 | Best epoch: 115
[2023-11-24 22:16:34] INFO (nni/MainThread) Intermediate result: 0.8385643302914838  (Index 252)
-----------------ETPA RESULT-------------------
Epoch 126: Validation	rmse: 19.65	mae: 15.55	mape: 34.51%	acc@10: 36.49%	acc@20: 73.33%	acc@30: 92.37%	
[2023-11-24 22:16:34] INFO (nni/MainThread) Intermediate result: 19.650164682207905  (Index 253)
*** Epoch: 127 ***
-----------------G2R RESULT-------------------

val result: krc:0.836 | lsd:0.518 | ed:0.8 | hr@1:0.748 | hr@2:0.89 | hr@3:0.931 | acc@1:0.748 | acc@2:0.676 | acc@3:0.648 | Best krc: 0.84 | Best epoch: 115
[2023-11-24 22:17:12] INFO (nni/MainThread) Intermediate result: 0.8364291968052353  (Index 254)
-----------------ETPA RESULT-------------------
Epoch 127: Validation	rmse: 19.65	mae: 15.55	mape: 34.53%	acc@10: 36.4%	acc@20: 73.27%	acc@30: 92.38%	
[2023-11-24 22:17:12] INFO (nni/MainThread) Intermediate result: 19.649284316825852  (Index 255)
*** Epoch: 128 ***
-----------------G2R RESULT-------------------

val result: krc:0.839 | lsd:0.492 | ed:0.802 | hr@1:0.748 | hr@2:0.898 | hr@3:0.935 | acc@1:0.748 | acc@2:0.684 | acc@3:0.65 | Best krc: 0.84 | Best epoch: 115
[2023-11-24 22:17:47] INFO (nni/MainThread) Intermediate result: 0.8392497353494294  (Index 256)
-----------------ETPA RESULT-------------------
Epoch 128: Validation	rmse: 19.64	mae: 15.55	mape: 34.52%	acc@10: 36.43%	acc@20: 73.3%	acc@30: 92.39%	
[2023-11-24 22:17:47] INFO (nni/MainThread) Intermediate result: 19.635744834315787  (Index 257)
*** Epoch: 129 ***
-----------------G2R RESULT-------------------

val result: krc:0.813 | lsd:0.552 | ed:0.875 | hr@1:0.712 | hr@2:0.886 | hr@3:0.925 | acc@1:0.712 | acc@2:0.647 | acc@3:0.609 | Best krc: 0.84 | Best epoch: 115
[2023-11-24 22:18:26] INFO (nni/MainThread) Intermediate result: 0.8128236996448628  (Index 258)
-----------------ETPA RESULT-------------------
Epoch 129: Validation	rmse: 19.63	mae: 15.55	mape: 34.52%	acc@10: 36.47%	acc@20: 73.27%	acc@30: 92.38%	
[2023-11-24 22:18:26] INFO (nni/MainThread) Intermediate result: 19.627103713885543  (Index 259)
*** Epoch: 130 ***
-----------------G2R RESULT-------------------

val result: krc:0.834 | lsd:0.52 | ed:0.825 | hr@1:0.739 | hr@2:0.887 | hr@3:0.932 | acc@1:0.739 | acc@2:0.67 | acc@3:0.641 | Best krc: 0.84 | Best epoch: 115
[2023-11-24 22:19:01] INFO (nni/MainThread) Intermediate result: 0.8340193392576428  (Index 260)
-----------------ETPA RESULT-------------------
Epoch 130: Validation	rmse: 19.64	mae: 15.56	mape: 34.53%	acc@10: 36.43%	acc@20: 73.19%	acc@30: 92.37%	
[2023-11-24 22:19:01] INFO (nni/MainThread) Intermediate result: 19.63822527661226  (Index 261)
*** Epoch: 131 ***
-----------------G2R RESULT-------------------

val result: krc:0.83 | lsd:0.548 | ed:0.831 | hr@1:0.74 | hr@2:0.889 | hr@3:0.933 | acc@1:0.74 | acc@2:0.67 | acc@3:0.637 | Best krc: 0.84 | Best epoch: 115
[2023-11-24 22:19:37] INFO (nni/MainThread) Intermediate result: 0.8303522909906819  (Index 262)
-----------------ETPA RESULT-------------------
Epoch 131: Validation	rmse: 19.63	mae: 15.55	mape: 34.52%	acc@10: 36.41%	acc@20: 73.2%	acc@30: 92.38%	
[2023-11-24 22:19:37] INFO (nni/MainThread) Intermediate result: 19.626957921758816  (Index 263)
*** Epoch: 132 ***
-----------------G2R RESULT-------------------

val result: krc:0.842 | lsd:0.497 | ed:0.798 | hr@1:0.746 | hr@2:0.895 | hr@3:0.935 | acc@1:0.746 | acc@2:0.681 | acc@3:0.65 | Best krc: 0.84 | Best epoch: 115
best model saved
[2023-11-24 22:20:16] INFO (nni/MainThread) Intermediate result: 0.8423473777999356  (Index 264)
-----------------ETPA RESULT-------------------
Epoch 132: Validation	rmse: 19.62	mae: 15.55	mape: 34.53%	acc@10: 36.4%	acc@20: 73.19%	acc@30: 92.39%	
[2023-11-24 22:20:16] INFO (nni/MainThread) Intermediate result: 19.623905988052435  (Index 265)
*** Epoch: 133 ***
-----------------G2R RESULT-------------------

val result: krc:0.844 | lsd:0.484 | ed:0.786 | hr@1:0.751 | hr@2:0.898 | hr@3:0.933 | acc@1:0.751 | acc@2:0.686 | acc@3:0.652 | Best krc: 0.842 | Best epoch: 132
best model saved
[2023-11-24 22:20:49] INFO (nni/MainThread) Intermediate result: 0.8435570395692825  (Index 266)
-----------------ETPA RESULT-------------------
Epoch 133: Validation	rmse: 19.62	mae: 15.55	mape: 34.54%	acc@10: 36.38%	acc@20: 73.18%	acc@30: 92.37%	
[2023-11-24 22:20:49] INFO (nni/MainThread) Intermediate result: 19.619104754565132  (Index 267)
*** Epoch: 134 ***
-----------------G2R RESULT-------------------

val result: krc:0.836 | lsd:0.546 | ed:0.83 | hr@1:0.743 | hr@2:0.89 | hr@3:0.93 | acc@1:0.743 | acc@2:0.674 | acc@3:0.645 | Best krc: 0.844 | Best epoch: 133
[2023-11-24 22:21:25] INFO (nni/MainThread) Intermediate result: 0.8357425628348235  (Index 268)
-----------------ETPA RESULT-------------------
Epoch 134: Validation	rmse: 19.62	mae: 15.56	mape: 34.56%	acc@10: 36.34%	acc@20: 73.15%	acc@30: 92.38%	
[2023-11-24 22:21:25] INFO (nni/MainThread) Intermediate result: 19.621709412618845  (Index 269)
*** Epoch: 135 ***
-----------------G2R RESULT-------------------

val result: krc:0.831 | lsd:0.499 | ed:0.834 | hr@1:0.735 | hr@2:0.893 | hr@3:0.931 | acc@1:0.735 | acc@2:0.669 | acc@3:0.634 | Best krc: 0.844 | Best epoch: 133
[2023-11-24 22:22:04] INFO (nni/MainThread) Intermediate result: 0.8312605970848208  (Index 270)
-----------------ETPA RESULT-------------------
Epoch 135: Validation	rmse: 19.62	mae: 15.57	mape: 34.57%	acc@10: 36.33%	acc@20: 73.16%	acc@30: 92.37%	
[2023-11-24 22:22:04] INFO (nni/MainThread) Intermediate result: 19.623136350087776  (Index 271)
*** Epoch: 136 ***
-----------------G2R RESULT-------------------

val result: krc:0.84 | lsd:0.505 | ed:0.813 | hr@1:0.749 | hr@2:0.896 | hr@3:0.934 | acc@1:0.749 | acc@2:0.68 | acc@3:0.648 | Best krc: 0.844 | Best epoch: 133
[2023-11-24 22:22:48] INFO (nni/MainThread) Intermediate result: 0.8395200300840878  (Index 272)
-----------------ETPA RESULT-------------------
Epoch 136: Validation	rmse: 19.63	mae: 15.58	mape: 34.6%	acc@10: 36.27%	acc@20: 73.2%	acc@30: 92.38%	
[2023-11-24 22:22:48] INFO (nni/MainThread) Intermediate result: 19.627373901329154  (Index 273)
*** Epoch: 137 ***
-----------------G2R RESULT-------------------

val result: krc:0.823 | lsd:0.534 | ed:0.85 | hr@1:0.73 | hr@2:0.889 | hr@3:0.929 | acc@1:0.73 | acc@2:0.659 | acc@3:0.623 | Best krc: 0.844 | Best epoch: 133
[2023-11-24 22:23:32] INFO (nni/MainThread) Intermediate result: 0.8225354085257889  (Index 274)
-----------------ETPA RESULT-------------------
Epoch 137: Validation	rmse: 19.63	mae: 15.59	mape: 34.63%	acc@10: 36.21%	acc@20: 73.19%	acc@30: 92.39%	
[2023-11-24 22:23:32] INFO (nni/MainThread) Intermediate result: 19.627481300963435  (Index 275)
*** Epoch: 138 ***
-----------------G2R RESULT-------------------

val result: krc:0.825 | lsd:0.526 | ed:0.847 | hr@1:0.726 | hr@2:0.89 | hr@3:0.929 | acc@1:0.726 | acc@2:0.658 | acc@3:0.622 | Best krc: 0.844 | Best epoch: 133
[2023-11-24 22:24:10] INFO (nni/MainThread) Intermediate result: 0.8251946997115339  (Index 276)
-----------------ETPA RESULT-------------------
Epoch 138: Validation	rmse: 19.63	mae: 15.59	mape: 34.63%	acc@10: 36.17%	acc@20: 73.11%	acc@30: 92.38%	
[2023-11-24 22:24:10] INFO (nni/MainThread) Intermediate result: 19.631094512682978  (Index 277)
*** Epoch: 139 ***
-----------------G2R RESULT-------------------

val result: krc:0.844 | lsd:0.477 | ed:0.79 | hr@1:0.76 | hr@2:0.895 | hr@3:0.936 | acc@1:0.76 | acc@2:0.691 | acc@3:0.662 | Best krc: 0.844 | Best epoch: 133
best model saved
[2023-11-24 22:24:45] INFO (nni/MainThread) Intermediate result: 0.8444235765530037  (Index 278)
-----------------ETPA RESULT-------------------
Epoch 139: Validation	rmse: 19.63	mae: 15.6	mape: 34.66%	acc@10: 36.07%	acc@20: 73.1%	acc@30: 92.37%	
[2023-11-24 22:24:45] INFO (nni/MainThread) Intermediate result: 19.633113895516665  (Index 279)
*** Epoch: 140 ***
-----------------G2R RESULT-------------------

val result: krc:0.843 | lsd:0.48 | ed:0.79 | hr@1:0.753 | hr@2:0.896 | hr@3:0.934 | acc@1:0.753 | acc@2:0.685 | acc@3:0.652 | Best krc: 0.844 | Best epoch: 139
[2023-11-24 22:25:27] INFO (nni/MainThread) Intermediate result: 0.8428789235348045  (Index 280)
-----------------ETPA RESULT-------------------
Epoch 140: Validation	rmse: 19.61	mae: 15.59	mape: 34.64%	acc@10: 36.06%	acc@20: 73.14%	acc@30: 92.38%	
[2023-11-24 22:25:27] INFO (nni/MainThread) Intermediate result: 19.612203326740847  (Index 281)
*** Epoch: 141 ***
-----------------G2R RESULT-------------------

val result: krc:0.838 | lsd:0.506 | ed:0.813 | hr@1:0.746 | hr@2:0.892 | hr@3:0.932 | acc@1:0.746 | acc@2:0.68 | acc@3:0.649 | Best krc: 0.844 | Best epoch: 139
[2023-11-24 22:26:06] INFO (nni/MainThread) Intermediate result: 0.8379637292536287  (Index 282)
-----------------ETPA RESULT-------------------
Epoch 141: Validation	rmse: 19.6	mae: 15.58	mape: 34.65%	acc@10: 36.03%	acc@20: 73.17%	acc@30: 92.39%	
[2023-11-24 22:26:06] INFO (nni/MainThread) Intermediate result: 19.60285122224846  (Index 283)
*** Epoch: 142 ***
-----------------G2R RESULT-------------------

val result: krc:0.834 | lsd:0.515 | ed:0.815 | hr@1:0.742 | hr@2:0.892 | hr@3:0.934 | acc@1:0.742 | acc@2:0.677 | acc@3:0.644 | Best krc: 0.844 | Best epoch: 139
[2023-11-24 22:26:43] INFO (nni/MainThread) Intermediate result: 0.8344043224585419  (Index 284)
-----------------ETPA RESULT-------------------
Epoch 142: Validation	rmse: 19.59	mae: 15.57	mape: 34.62%	acc@10: 36.08%	acc@20: 73.16%	acc@30: 92.4%	
[2023-11-24 22:26:43] INFO (nni/MainThread) Intermediate result: 19.58871541121742  (Index 285)
*** Epoch: 143 ***
-----------------G2R RESULT-------------------

val result: krc:0.817 | lsd:0.549 | ed:0.863 | hr@1:0.712 | hr@2:0.89 | hr@3:0.926 | acc@1:0.712 | acc@2:0.652 | acc@3:0.613 | Best krc: 0.844 | Best epoch: 139
[2023-11-24 22:27:17] INFO (nni/MainThread) Intermediate result: 0.8166756827360239  (Index 286)
-----------------ETPA RESULT-------------------
Epoch 143: Validation	rmse: 19.58	mae: 15.57	mape: 34.64%	acc@10: 36.02%	acc@20: 73.13%	acc@30: 92.4%	
[2023-11-24 22:27:17] INFO (nni/MainThread) Intermediate result: 19.583939380212623  (Index 287)
*** Epoch: 144 ***
-----------------G2R RESULT-------------------

val result: krc:0.831 | lsd:0.534 | ed:0.827 | hr@1:0.739 | hr@2:0.892 | hr@3:0.933 | acc@1:0.739 | acc@2:0.671 | acc@3:0.638 | Best krc: 0.844 | Best epoch: 139
[2023-11-24 22:27:51] INFO (nni/MainThread) Intermediate result: 0.8309370840984308  (Index 288)
-----------------ETPA RESULT-------------------
Epoch 144: Validation	rmse: 19.58	mae: 15.57	mape: 34.65%	acc@10: 35.97%	acc@20: 73.15%	acc@30: 92.41%	
[2023-11-24 22:27:51] INFO (nni/MainThread) Intermediate result: 19.575360428830354  (Index 289)
*** Epoch: 145 ***
-----------------G2R RESULT-------------------

val result: krc:0.832 | lsd:0.497 | ed:0.822 | hr@1:0.737 | hr@2:0.899 | hr@3:0.934 | acc@1:0.737 | acc@2:0.676 | acc@3:0.641 | Best krc: 0.844 | Best epoch: 139
[2023-11-24 22:28:25] INFO (nni/MainThread) Intermediate result: 0.8324247881222081  (Index 290)
-----------------ETPA RESULT-------------------
Epoch 145: Validation	rmse: 19.58	mae: 15.58	mape: 34.67%	acc@10: 35.94%	acc@20: 73.14%	acc@30: 92.42%	
[2023-11-24 22:28:25] INFO (nni/MainThread) Intermediate result: 19.576339024537752  (Index 291)
*** Epoch: 146 ***
-----------------G2R RESULT-------------------

val result: krc:0.809 | lsd:0.576 | ed:0.876 | hr@1:0.717 | hr@2:0.886 | hr@3:0.929 | acc@1:0.717 | acc@2:0.652 | acc@3:0.614 | Best krc: 0.844 | Best epoch: 139
[2023-11-24 22:29:04] INFO (nni/MainThread) Intermediate result: 0.808852027986265  (Index 292)
-----------------ETPA RESULT-------------------
Epoch 146: Validation	rmse: 19.58	mae: 15.59	mape: 34.69%	acc@10: 35.93%	acc@20: 73.09%	acc@30: 92.41%	
[2023-11-24 22:29:04] INFO (nni/MainThread) Intermediate result: 19.576763395148514  (Index 293)
*** Epoch: 147 ***
-----------------G2R RESULT-------------------

val result: krc:0.84 | lsd:0.49 | ed:0.808 | hr@1:0.745 | hr@2:0.898 | hr@3:0.936 | acc@1:0.745 | acc@2:0.682 | acc@3:0.651 | Best krc: 0.844 | Best epoch: 139
[2023-11-24 22:29:41] INFO (nni/MainThread) Intermediate result: 0.8396121276576021  (Index 294)
-----------------ETPA RESULT-------------------
Epoch 147: Validation	rmse: 19.57	mae: 15.59	mape: 34.7%	acc@10: 35.96%	acc@20: 73.06%	acc@30: 92.4%	
[2023-11-24 22:29:41] INFO (nni/MainThread) Intermediate result: 19.570417077724414  (Index 295)
*** Epoch: 148 ***
-----------------G2R RESULT-------------------

val result: krc:0.829 | lsd:0.512 | ed:0.834 | hr@1:0.733 | hr@2:0.891 | hr@3:0.932 | acc@1:0.733 | acc@2:0.666 | acc@3:0.632 | Best krc: 0.844 | Best epoch: 139
[2023-11-24 22:30:17] INFO (nni/MainThread) Intermediate result: 0.8289970526000258  (Index 296)
-----------------ETPA RESULT-------------------
Epoch 148: Validation	rmse: 19.58	mae: 15.6	mape: 34.73%	acc@10: 35.93%	acc@20: 73.01%	acc@30: 92.37%	
[2023-11-24 22:30:17] INFO (nni/MainThread) Intermediate result: 19.581401063043327  (Index 297)
*** Epoch: 149 ***
-----------------G2R RESULT-------------------

val result: krc:0.833 | lsd:0.518 | ed:0.826 | hr@1:0.732 | hr@2:0.89 | hr@3:0.931 | acc@1:0.732 | acc@2:0.668 | acc@3:0.638 | Best krc: 0.844 | Best epoch: 139
[2023-11-24 22:30:50] INFO (nni/MainThread) Intermediate result: 0.833319228019709  (Index 298)
-----------------ETPA RESULT-------------------
Epoch 149: Validation	rmse: 19.59	mae: 15.61	mape: 34.75%	acc@10: 35.92%	acc@20: 72.94%	acc@30: 92.33%	
[2023-11-24 22:30:50] INFO (nni/MainThread) Intermediate result: 19.590396691455336  (Index 299)
*** Epoch: 150 ***
-----------------G2R RESULT-------------------

val result: krc:0.84 | lsd:0.482 | ed:0.798 | hr@1:0.749 | hr@2:0.898 | hr@3:0.934 | acc@1:0.749 | acc@2:0.686 | acc@3:0.655 | Best krc: 0.844 | Best epoch: 139
[2023-11-24 22:31:32] INFO (nni/MainThread) Intermediate result: 0.8400456632551079  (Index 300)
-----------------ETPA RESULT-------------------
Epoch 150: Validation	rmse: 19.6	mae: 15.62	mape: 34.77%	acc@10: 35.91%	acc@20: 72.93%	acc@30: 92.32%	
[2023-11-24 22:31:32] INFO (nni/MainThread) Intermediate result: 19.597630766543684  (Index 301)
*** Epoch: 151 ***
-----------------G2R RESULT-------------------

val result: krc:0.838 | lsd:0.519 | ed:0.813 | hr@1:0.741 | hr@2:0.894 | hr@3:0.934 | acc@1:0.741 | acc@2:0.674 | acc@3:0.645 | Best krc: 0.844 | Best epoch: 139
[2023-11-24 22:32:16] INFO (nni/MainThread) Intermediate result: 0.8383385507915461  (Index 302)
-----------------ETPA RESULT-------------------
Epoch 151: Validation	rmse: 19.6	mae: 15.63	mape: 34.79%	acc@10: 35.88%	acc@20: 72.88%	acc@30: 92.33%	
[2023-11-24 22:32:16] INFO (nni/MainThread) Intermediate result: 19.5962760565516  (Index 303)
*** Epoch: 152 ***
-----------------G2R RESULT-------------------

val result: krc:0.823 | lsd:0.521 | ed:0.838 | hr@1:0.723 | hr@2:0.891 | hr@3:0.926 | acc@1:0.723 | acc@2:0.665 | acc@3:0.631 | Best krc: 0.844 | Best epoch: 139
[2023-11-24 22:33:03] INFO (nni/MainThread) Intermediate result: 0.8233919288051339  (Index 304)
-----------------ETPA RESULT-------------------
Epoch 152: Validation	rmse: 19.6	mae: 15.63	mape: 34.81%	acc@10: 35.89%	acc@20: 72.83%	acc@30: 92.3%	
[2023-11-24 22:33:03] INFO (nni/MainThread) Intermediate result: 19.599028079884917  (Index 305)
*** Epoch: 153 ***
-----------------G2R RESULT-------------------

val result: krc:0.839 | lsd:0.491 | ed:0.808 | hr@1:0.745 | hr@2:0.894 | hr@3:0.934 | acc@1:0.745 | acc@2:0.681 | acc@3:0.65 | Best krc: 0.844 | Best epoch: 139
[2023-11-24 22:33:52] INFO (nni/MainThread) Intermediate result: 0.8391318885328504  (Index 306)
-----------------ETPA RESULT-------------------
Epoch 153: Validation	rmse: 19.6	mae: 15.63	mape: 34.82%	acc@10: 35.9%	acc@20: 72.85%	acc@30: 92.29%	
[2023-11-24 22:33:52] INFO (nni/MainThread) Intermediate result: 19.596508573365554  (Index 307)
*** Epoch: 154 ***
-----------------G2R RESULT-------------------

val result: krc:0.833 | lsd:0.513 | ed:0.825 | hr@1:0.734 | hr@2:0.892 | hr@3:0.935 | acc@1:0.734 | acc@2:0.669 | acc@3:0.636 | Best krc: 0.844 | Best epoch: 139
[2023-11-24 22:34:30] INFO (nni/MainThread) Intermediate result: 0.832688311542706  (Index 308)
-----------------ETPA RESULT-------------------
Epoch 154: Validation	rmse: 19.59	mae: 15.63	mape: 34.82%	acc@10: 35.93%	acc@20: 72.82%	acc@30: 92.28%	
[2023-11-24 22:34:30] INFO (nni/MainThread) Intermediate result: 19.59384492749192  (Index 309)
*** Epoch: 155 ***
-----------------G2R RESULT-------------------

val result: krc:0.833 | lsd:0.505 | ed:0.815 | hr@1:0.739 | hr@2:0.894 | hr@3:0.934 | acc@1:0.739 | acc@2:0.674 | acc@3:0.641 | Best krc: 0.844 | Best epoch: 139
[2023-11-24 22:35:09] INFO (nni/MainThread) Intermediate result: 0.8332375270197745  (Index 310)
-----------------ETPA RESULT-------------------
Epoch 155: Validation	rmse: 19.6	mae: 15.64	mape: 34.84%	acc@10: 35.96%	acc@20: 72.84%	acc@30: 92.27%	
[2023-11-24 22:35:09] INFO (nni/MainThread) Intermediate result: 19.60235239126807  (Index 311)
*** Epoch: 156 ***
-----------------G2R RESULT-------------------

val result: krc:0.832 | lsd:0.527 | ed:0.829 | hr@1:0.735 | hr@2:0.895 | hr@3:0.935 | acc@1:0.735 | acc@2:0.675 | acc@3:0.642 | Best krc: 0.844 | Best epoch: 139
[2023-11-24 22:35:44] INFO (nni/MainThread) Intermediate result: 0.8315291235186294  (Index 312)
-----------------ETPA RESULT-------------------
Epoch 156: Validation	rmse: 19.6	mae: 15.64	mape: 34.85%	acc@10: 35.95%	acc@20: 72.87%	acc@30: 92.28%	
[2023-11-24 22:35:44] INFO (nni/MainThread) Intermediate result: 19.597924467952275  (Index 313)
*** Epoch: 157 ***
-----------------G2R RESULT-------------------

val result: krc:0.834 | lsd:0.503 | ed:0.818 | hr@1:0.735 | hr@2:0.896 | hr@3:0.935 | acc@1:0.735 | acc@2:0.673 | acc@3:0.641 | Best krc: 0.844 | Best epoch: 139
[2023-11-24 22:36:16] INFO (nni/MainThread) Intermediate result: 0.833880706088839  (Index 314)
-----------------ETPA RESULT-------------------
Epoch 157: Validation	rmse: 19.6	mae: 15.65	mape: 34.87%	acc@10: 35.94%	acc@20: 72.84%	acc@30: 92.27%	
[2023-11-24 22:36:16] INFO (nni/MainThread) Intermediate result: 19.602349266549385  (Index 315)
*** Epoch: 158 ***
-----------------G2R RESULT-------------------

val result: krc:0.834 | lsd:0.501 | ed:0.817 | hr@1:0.738 | hr@2:0.894 | hr@3:0.935 | acc@1:0.738 | acc@2:0.672 | acc@3:0.641 | Best krc: 0.844 | Best epoch: 139
[2023-11-24 22:36:53] INFO (nni/MainThread) Intermediate result: 0.8343301492754924  (Index 316)
-----------------ETPA RESULT-------------------
Epoch 158: Validation	rmse: 19.6	mae: 15.64	mape: 34.87%	acc@10: 35.97%	acc@20: 72.86%	acc@30: 92.26%	
[2023-11-24 22:36:53] INFO (nni/MainThread) Intermediate result: 19.59713776391343  (Index 317)
*** Epoch: 159 ***
-----------------G2R RESULT-------------------

val result: krc:0.838 | lsd:0.483 | ed:0.812 | hr@1:0.739 | hr@2:0.896 | hr@3:0.934 | acc@1:0.739 | acc@2:0.673 | acc@3:0.64 | Best krc: 0.844 | Best epoch: 139
[2023-11-24 22:37:29] INFO (nni/MainThread) Intermediate result: 0.8378709703064753  (Index 318)
-----------------ETPA RESULT-------------------
Epoch 159: Validation	rmse: 19.6	mae: 15.64	mape: 34.87%	acc@10: 35.88%	acc@20: 72.89%	acc@30: 92.25%	
[2023-11-24 22:37:29] INFO (nni/MainThread) Intermediate result: 19.596063336853188  (Index 319)
loaded model path: /home/sentanoe/joint_training/data/dataset/food_pd/sort_model/hidden_size-8.gcnru-pd_1700856210.72357921700856210.7235942
best model loaded !!!
krc:0.827 | lsd:0.394 | ed:0.836 | hr@1:0.746 | hr@2:0.92 | hr@3:0.948 | acc@1:0.746 | acc@2:0.69 | acc@3:0.639 |

-------------------------------------------------------------
Best epoch for G2R:  139
Best epoch for ETPA:  42
graph2route_pd Evaluation in test: krc:0.827 | lsd:0.394 | ed:0.836 | hr@1:0.746 | hr@2:0.92 | hr@3:0.948 | acc@1:0.746 | acc@2:0.69 | acc@3:0.639 |
RankPETA Evaluation in test: rmse: 12.62	mae: 10.51	mape: 94.1%	acc@10: 50.0%	acc@20: 90.0%	acc@30: 100.0%	
