Device:  cuda
{'alpha_loss': 0.5,
 'batch_size': 64,
 'dataset': 'food_pd',
 'datatype': 'order',
 'device': device(type='cuda'),
 'early_stop': 10,
 'edge_fea_dim': 5,
 'embedding_dim': 32,
 'eval_end_1': 11,
 'eval_end_2': 25,
 'eval_start': 1,
 'gcn_num_layers': 2,
 'hidden_size': 8,
 'is_eval': False,
 'is_test': False,
 'k_min_nodes': 3,
 'k_nearest_neighbors': 'n-1',
 'lr': 0.001,
 'max_task_num': 25,
 'min_task_num': 0,
 'modelArrivalTime': 'RankPETA',
 'modelRoute': 'graph2route_pd',
 'no_cuda': False,
 'node_fea_dim': 8,
 'node_features_test': '/home/sentanoe/joint_training/data/dataset/food_pd/node_features_test_full.npy',
 'node_features_train': '/home/sentanoe/joint_training/data/dataset/food_pd/node_features_train_full.npy',
 'node_features_val': '/home/sentanoe/joint_training/data/dataset/food_pd/node_features_val_full.npy',
 'num_block': 2,
 'num_epoch': 1000,
 'num_head': 2,
 'num_worker_logistics': 2346,
 'num_worker_pd': 920,
 'pad_value': 26,
 'seed': 9999,
 'sort_mode': 'pnn_idx',
 'spatial_encoder': 'gcn',
 'temporal_encoder': 'gru',
 'test_path': '/home/sentanoe/joint_training/data/dataset/food_pd/test_full.npy',
 'train_mode': 'sort',
 'train_path': '/home/sentanoe/joint_training/data/dataset/food_pd/train_full.npy',
 'val_path': '/home/sentanoe/joint_training/data/dataset/food_pd/val_full.npy',
 'wd': 1e-05,
 'worker_emb_dim': 10,
 'workers': 2}
last_x_size:13;unpick_x_size:12;input_size:53
#train:2521 | #val:1257 | #test:1261
*** Epoch: 0 ***
-----------------G2R RESULT-------------------

val result: krc:0.623 | lsd:1.216 | ed:1.39 | hr@1:0.58 | hr@2:0.76 | hr@3:0.846 | acc@1:0.58 | acc@2:0.459 | acc@3:0.421 | Best krc: -1 | Best epoch: -1
best model saved
[2023-12-18 15:14:14] INFO (nni/MainThread) Intermediate result: 0.6229151761289934  (Index 0)
-----------------ETPA RESULT-------------------
Epoch 0: Validation	rmse: 23.35	mae: 17.28	mape: 104.84%	acc@10: 40.37%	acc@20: 70.0%	acc@30: 83.7%	
[2023-12-18 15:14:14] INFO (nni/MainThread) Intermediate result: 23.352610590396928  (Index 1)
*** Epoch: 1 ***
-----------------G2R RESULT-------------------

val result: krc:0.728 | lsd:0.843 | ed:1.126 | hr@1:0.649 | hr@2:0.828 | hr@3:0.891 | acc@1:0.649 | acc@2:0.555 | acc@3:0.509 | Best krc: 0.623 | Best epoch: 0
best model saved
[2023-12-18 15:14:39] INFO (nni/MainThread) Intermediate result: 0.7283983793822011  (Index 2)
-----------------ETPA RESULT-------------------
Epoch 1: Validation	rmse: 22.58	mae: 16.75	mape: 107.77%	acc@10: 42.22%	acc@20: 71.3%	acc@30: 83.7%	
[2023-12-18 15:14:39] INFO (nni/MainThread) Intermediate result: 22.583789219844252  (Index 3)
*** Epoch: 2 ***
-----------------G2R RESULT-------------------

val result: krc:0.733 | lsd:0.786 | ed:1.121 | hr@1:0.627 | hr@2:0.845 | hr@3:0.895 | acc@1:0.627 | acc@2:0.555 | acc@3:0.509 | Best krc: 0.728 | Best epoch: 1
best model saved
[2023-12-18 15:15:04] INFO (nni/MainThread) Intermediate result: 0.732898067939607  (Index 4)
-----------------ETPA RESULT-------------------
Epoch 2: Validation	rmse: 21.18	mae: 15.76	mape: 103.17%	acc@10: 44.81%	acc@20: 72.84%	acc@30: 85.06%	
[2023-12-18 15:15:04] INFO (nni/MainThread) Intermediate result: 21.180210895120595  (Index 5)
*** Epoch: 3 ***
-----------------G2R RESULT-------------------

val result: krc:0.768 | lsd:0.681 | ed:1.007 | hr@1:0.641 | hr@2:0.858 | hr@3:0.906 | acc@1:0.641 | acc@2:0.575 | acc@3:0.536 | Best krc: 0.733 | Best epoch: 2
best model saved
[2023-12-18 15:15:28] INFO (nni/MainThread) Intermediate result: 0.7677074891941529  (Index 6)
-----------------ETPA RESULT-------------------
Epoch 3: Validation	rmse: 20.44	mae: 15.41	mape: 104.16%	acc@10: 44.26%	acc@20: 73.06%	acc@30: 86.3%	
[2023-12-18 15:15:28] INFO (nni/MainThread) Intermediate result: 20.444467759925164  (Index 7)
*** Epoch: 4 ***
-----------------G2R RESULT-------------------

val result: krc:0.755 | lsd:0.725 | ed:1.043 | hr@1:0.638 | hr@2:0.857 | hr@3:0.905 | acc@1:0.638 | acc@2:0.571 | acc@3:0.527 | Best krc: 0.768 | Best epoch: 3
[2023-12-18 15:15:52] INFO (nni/MainThread) Intermediate result: 0.7547677699229951  (Index 8)
-----------------ETPA RESULT-------------------
Epoch 4: Validation	rmse: 20.14	mae: 15.19	mape: 103.71%	acc@10: 44.81%	acc@20: 73.85%	acc@30: 86.52%	
[2023-12-18 15:15:52] INFO (nni/MainThread) Intermediate result: 20.142240170410034  (Index 9)
*** Epoch: 5 ***
-----------------G2R RESULT-------------------

val result: krc:0.772 | lsd:0.67 | ed:0.991 | hr@1:0.644 | hr@2:0.864 | hr@3:0.912 | acc@1:0.644 | acc@2:0.585 | acc@3:0.547 | Best krc: 0.768 | Best epoch: 3
best model saved
[2023-12-18 15:16:19] INFO (nni/MainThread) Intermediate result: 0.7722761411611434  (Index 10)
-----------------ETPA RESULT-------------------
Epoch 5: Validation	rmse: 19.84	mae: 14.99	mape: 103.67%	acc@10: 44.88%	acc@20: 74.51%	acc@30: 87.04%	
[2023-12-18 15:16:19] INFO (nni/MainThread) Intermediate result: 19.835184783122994  (Index 11)
*** Epoch: 6 ***
-----------------G2R RESULT-------------------

val result: krc:0.776 | lsd:0.666 | ed:0.976 | hr@1:0.646 | hr@2:0.864 | hr@3:0.915 | acc@1:0.646 | acc@2:0.581 | acc@3:0.551 | Best krc: 0.772 | Best epoch: 5
best model saved
[2023-12-18 15:16:45] INFO (nni/MainThread) Intermediate result: 0.7760433079366178  (Index 12)
-----------------ETPA RESULT-------------------
Epoch 6: Validation	rmse: 19.35	mae: 14.69	mape: 102.43%	acc@10: 45.19%	acc@20: 75.45%	acc@30: 87.51%	
[2023-12-18 15:16:45] INFO (nni/MainThread) Intermediate result: 19.354736555505635  (Index 13)
*** Epoch: 7 ***
-----------------G2R RESULT-------------------

val result: krc:0.785 | lsd:0.647 | ed:0.944 | hr@1:0.657 | hr@2:0.867 | hr@3:0.914 | acc@1:0.657 | acc@2:0.594 | acc@3:0.563 | Best krc: 0.776 | Best epoch: 6
best model saved
[2023-12-18 15:17:11] INFO (nni/MainThread) Intermediate result: 0.7853332341920012  (Index 14)
-----------------ETPA RESULT-------------------
Epoch 7: Validation	rmse: 19.12	mae: 14.54	mape: 102.35%	acc@10: 45.46%	acc@20: 75.51%	acc@30: 87.87%	
[2023-12-18 15:17:11] INFO (nni/MainThread) Intermediate result: 19.118421703914773  (Index 15)
*** Epoch: 8 ***
-----------------G2R RESULT-------------------

val result: krc:0.785 | lsd:0.643 | ed:0.953 | hr@1:0.654 | hr@2:0.869 | hr@3:0.913 | acc@1:0.654 | acc@2:0.596 | acc@3:0.561 | Best krc: 0.785 | Best epoch: 7
[2023-12-18 15:17:37] INFO (nni/MainThread) Intermediate result: 0.7850092031727364  (Index 16)
-----------------ETPA RESULT-------------------
Epoch 8: Validation	rmse: 18.99	mae: 14.55	mape: 103.44%	acc@10: 44.44%	acc@20: 75.47%	acc@30: 88.27%	
[2023-12-18 15:17:37] INFO (nni/MainThread) Intermediate result: 18.99049055447762  (Index 17)
*** Epoch: 9 ***
-----------------G2R RESULT-------------------

val result: krc:0.788 | lsd:0.636 | ed:0.941 | hr@1:0.657 | hr@2:0.872 | hr@3:0.918 | acc@1:0.657 | acc@2:0.6 | acc@3:0.567 | Best krc: 0.785 | Best epoch: 7
best model saved
[2023-12-18 15:18:04] INFO (nni/MainThread) Intermediate result: 0.7878900144050995  (Index 18)
-----------------ETPA RESULT-------------------
Epoch 9: Validation	rmse: 18.71	mae: 14.36	mape: 102.42%	acc@10: 44.89%	acc@20: 75.85%	acc@30: 88.52%	
[2023-12-18 15:18:04] INFO (nni/MainThread) Intermediate result: 18.713722690638896  (Index 19)
*** Epoch: 10 ***
-----------------G2R RESULT-------------------

val result: krc:0.785 | lsd:0.662 | ed:0.944 | hr@1:0.659 | hr@2:0.869 | hr@3:0.916 | acc@1:0.659 | acc@2:0.6 | acc@3:0.568 | Best krc: 0.788 | Best epoch: 9
[2023-12-18 15:18:30] INFO (nni/MainThread) Intermediate result: 0.7850873093286734  (Index 20)
-----------------ETPA RESULT-------------------
Epoch 10: Validation	rmse: 18.44	mae: 14.18	mape: 101.51%	acc@10: 45.22%	acc@20: 76.36%	acc@30: 88.96%	
[2023-12-18 15:18:30] INFO (nni/MainThread) Intermediate result: 18.440804949418517  (Index 21)
*** Epoch: 11 ***
-----------------G2R RESULT-------------------

val result: krc:0.788 | lsd:0.645 | ed:0.94 | hr@1:0.66 | hr@2:0.872 | hr@3:0.916 | acc@1:0.66 | acc@2:0.6 | acc@3:0.568 | Best krc: 0.788 | Best epoch: 9
best model saved
[2023-12-18 15:18:57] INFO (nni/MainThread) Intermediate result: 0.7881560555106685  (Index 22)
-----------------ETPA RESULT-------------------
Epoch 11: Validation	rmse: 18.26	mae: 14.06	mape: 101.09%	acc@10: 45.28%	acc@20: 76.64%	acc@30: 89.32%	
[2023-12-18 15:18:57] INFO (nni/MainThread) Intermediate result: 18.25867341912139  (Index 23)
*** Epoch: 12 ***
-----------------G2R RESULT-------------------

val result: krc:0.782 | lsd:0.622 | ed:0.956 | hr@1:0.652 | hr@2:0.869 | hr@3:0.916 | acc@1:0.652 | acc@2:0.595 | acc@3:0.559 | Best krc: 0.788 | Best epoch: 11
[2023-12-18 15:19:23] INFO (nni/MainThread) Intermediate result: 0.7817039440826061  (Index 24)
-----------------ETPA RESULT-------------------
Epoch 12: Validation	rmse: 18.11	mae: 13.99	mape: 100.54%	acc@10: 45.38%	acc@20: 76.78%	acc@30: 89.57%	
[2023-12-18 15:19:23] INFO (nni/MainThread) Intermediate result: 18.109727306097405  (Index 25)
*** Epoch: 13 ***
-----------------G2R RESULT-------------------

val result: krc:0.792 | lsd:0.622 | ed:0.92 | hr@1:0.671 | hr@2:0.876 | hr@3:0.92 | acc@1:0.671 | acc@2:0.612 | acc@3:0.579 | Best krc: 0.788 | Best epoch: 11
best model saved
[2023-12-18 15:19:53] INFO (nni/MainThread) Intermediate result: 0.7916394667859468  (Index 26)
-----------------ETPA RESULT-------------------
Epoch 13: Validation	rmse: 17.81	mae: 13.78	mape: 98.86%	acc@10: 46.16%	acc@20: 77.35%	acc@30: 90.03%	
[2023-12-18 15:19:53] INFO (nni/MainThread) Intermediate result: 17.812849246969076  (Index 27)
*** Epoch: 14 ***
-----------------G2R RESULT-------------------

val result: krc:0.79 | lsd:0.632 | ed:0.932 | hr@1:0.664 | hr@2:0.873 | hr@3:0.919 | acc@1:0.664 | acc@2:0.607 | acc@3:0.574 | Best krc: 0.792 | Best epoch: 13
[2023-12-18 15:20:19] INFO (nni/MainThread) Intermediate result: 0.7898860966722793  (Index 28)
-----------------ETPA RESULT-------------------
Epoch 14: Validation	rmse: 17.68	mae: 13.7	mape: 98.44%	acc@10: 46.44%	acc@20: 77.51%	acc@30: 90.2%	
[2023-12-18 15:20:19] INFO (nni/MainThread) Intermediate result: 17.683762939723824  (Index 29)
*** Epoch: 15 ***
-----------------G2R RESULT-------------------

val result: krc:0.792 | lsd:0.616 | ed:0.926 | hr@1:0.668 | hr@2:0.875 | hr@3:0.92 | acc@1:0.668 | acc@2:0.607 | acc@3:0.574 | Best krc: 0.792 | Best epoch: 13
best model saved
[2023-12-18 15:20:45] INFO (nni/MainThread) Intermediate result: 0.7924052620685765  (Index 30)
-----------------ETPA RESULT-------------------
Epoch 15: Validation	rmse: 17.74	mae: 13.79	mape: 99.34%	acc@10: 45.86%	acc@20: 77.2%	acc@30: 90.12%	
[2023-12-18 15:20:45] INFO (nni/MainThread) Intermediate result: 17.744929106407135  (Index 31)
*** Epoch: 16 ***
-----------------G2R RESULT-------------------

val result: krc:0.762 | lsd:0.696 | ed:1.035 | hr@1:0.645 | hr@2:0.864 | hr@3:0.91 | acc@1:0.645 | acc@2:0.575 | acc@3:0.535 | Best krc: 0.792 | Best epoch: 15
[2023-12-18 15:21:11] INFO (nni/MainThread) Intermediate result: 0.7619504109228636  (Index 32)
-----------------ETPA RESULT-------------------
Epoch 16: Validation	rmse: 17.69	mae: 13.75	mape: 99.15%	acc@10: 45.93%	acc@20: 77.36%	acc@30: 90.09%	
[2023-12-18 15:21:11] INFO (nni/MainThread) Intermediate result: 17.691310417186955  (Index 33)
*** Epoch: 17 ***
-----------------G2R RESULT-------------------

val result: krc:0.792 | lsd:0.604 | ed:0.928 | hr@1:0.666 | hr@2:0.874 | hr@3:0.922 | acc@1:0.666 | acc@2:0.606 | acc@3:0.575 | Best krc: 0.792 | Best epoch: 15
best model saved
[2023-12-18 15:21:38] INFO (nni/MainThread) Intermediate result: 0.7924521335277782  (Index 34)
-----------------ETPA RESULT-------------------
Epoch 17: Validation	rmse: 17.5	mae: 13.62	mape: 98.17%	acc@10: 46.36%	acc@20: 77.67%	acc@30: 90.43%	
[2023-12-18 15:21:38] INFO (nni/MainThread) Intermediate result: 17.503033899709912  (Index 35)
*** Epoch: 18 ***
-----------------G2R RESULT-------------------

val result: krc:0.796 | lsd:0.602 | ed:0.918 | hr@1:0.671 | hr@2:0.876 | hr@3:0.921 | acc@1:0.671 | acc@2:0.613 | acc@3:0.582 | Best krc: 0.792 | Best epoch: 17
best model saved
[2023-12-18 15:22:04] INFO (nni/MainThread) Intermediate result: 0.7955923818363696  (Index 36)
-----------------ETPA RESULT-------------------
Epoch 18: Validation	rmse: 17.42	mae: 13.58	mape: 98.0%	acc@10: 46.3%	acc@20: 77.74%	acc@30: 90.58%	
[2023-12-18 15:22:04] INFO (nni/MainThread) Intermediate result: 17.415784873826237  (Index 37)
*** Epoch: 19 ***
-----------------G2R RESULT-------------------

val result: krc:0.782 | lsd:0.639 | ed:0.963 | hr@1:0.659 | hr@2:0.871 | hr@3:0.918 | acc@1:0.659 | acc@2:0.598 | acc@3:0.562 | Best krc: 0.796 | Best epoch: 18
[2023-12-18 15:22:29] INFO (nni/MainThread) Intermediate result: 0.7818651383758514  (Index 38)
-----------------ETPA RESULT-------------------
Epoch 19: Validation	rmse: 17.26	mae: 13.48	mape: 97.12%	acc@10: 46.61%	acc@20: 78.04%	acc@30: 90.85%	
[2023-12-18 15:22:29] INFO (nni/MainThread) Intermediate result: 17.263259997747735  (Index 39)
*** Epoch: 20 ***
-----------------G2R RESULT-------------------

val result: krc:0.798 | lsd:0.597 | ed:0.913 | hr@1:0.673 | hr@2:0.875 | hr@3:0.92 | acc@1:0.673 | acc@2:0.611 | acc@3:0.579 | Best krc: 0.796 | Best epoch: 18
best model saved
[2023-12-18 15:22:56] INFO (nni/MainThread) Intermediate result: 0.7982579586602323  (Index 40)
-----------------ETPA RESULT-------------------
Epoch 20: Validation	rmse: 17.18	mae: 13.42	mape: 96.58%	acc@10: 46.81%	acc@20: 78.15%	acc@30: 91.02%	
[2023-12-18 15:22:56] INFO (nni/MainThread) Intermediate result: 17.181215743276514  (Index 41)
*** Epoch: 21 ***
-----------------G2R RESULT-------------------

val result: krc:0.784 | lsd:0.637 | ed:0.958 | hr@1:0.67 | hr@2:0.873 | hr@3:0.917 | acc@1:0.67 | acc@2:0.607 | acc@3:0.566 | Best krc: 0.798 | Best epoch: 20
[2023-12-18 15:23:21] INFO (nni/MainThread) Intermediate result: 0.7837851934135276  (Index 42)
-----------------ETPA RESULT-------------------
Epoch 21: Validation	rmse: 17.02	mae: 13.3	mape: 95.64%	acc@10: 47.12%	acc@20: 78.55%	acc@30: 91.28%	
[2023-12-18 15:23:21] INFO (nni/MainThread) Intermediate result: 17.01833136806485  (Index 43)
*** Epoch: 22 ***
-----------------G2R RESULT-------------------

val result: krc:0.791 | lsd:0.619 | ed:0.94 | hr@1:0.676 | hr@2:0.875 | hr@3:0.916 | acc@1:0.676 | acc@2:0.613 | acc@3:0.574 | Best krc: 0.798 | Best epoch: 20
[2023-12-18 15:23:47] INFO (nni/MainThread) Intermediate result: 0.7907426518970024  (Index 44)
-----------------ETPA RESULT-------------------
Epoch 22: Validation	rmse: 16.92	mae: 13.25	mape: 95.23%	acc@10: 47.12%	acc@20: 78.66%	acc@30: 91.53%	
[2023-12-18 15:23:47] INFO (nni/MainThread) Intermediate result: 16.920704271773342  (Index 45)
*** Epoch: 23 ***
-----------------G2R RESULT-------------------

val result: krc:0.801 | lsd:0.592 | ed:0.902 | hr@1:0.681 | hr@2:0.878 | hr@3:0.922 | acc@1:0.681 | acc@2:0.627 | acc@3:0.593 | Best krc: 0.798 | Best epoch: 20
best model saved
[2023-12-18 15:24:14] INFO (nni/MainThread) Intermediate result: 0.801053808941872  (Index 46)
-----------------ETPA RESULT-------------------
Epoch 23: Validation	rmse: 16.87	mae: 13.23	mape: 95.16%	acc@10: 47.02%	acc@20: 78.69%	acc@30: 91.64%	
[2023-12-18 15:24:14] INFO (nni/MainThread) Intermediate result: 16.873342664921065  (Index 47)
*** Epoch: 24 ***
-----------------G2R RESULT-------------------

val result: krc:0.808 | lsd:0.583 | ed:0.885 | hr@1:0.685 | hr@2:0.879 | hr@3:0.923 | acc@1:0.685 | acc@2:0.627 | acc@3:0.595 | Best krc: 0.801 | Best epoch: 23
best model saved
[2023-12-18 15:24:40] INFO (nni/MainThread) Intermediate result: 0.8078237851477904  (Index 48)
-----------------ETPA RESULT-------------------
Epoch 24: Validation	rmse: 16.88	mae: 13.26	mape: 95.43%	acc@10: 46.74%	acc@20: 78.61%	acc@30: 91.64%	
[2023-12-18 15:24:40] INFO (nni/MainThread) Intermediate result: 16.876025703339426  (Index 49)
*** Epoch: 25 ***
-----------------G2R RESULT-------------------

val result: krc:0.802 | lsd:0.572 | ed:0.918 | hr@1:0.687 | hr@2:0.879 | hr@3:0.92 | acc@1:0.687 | acc@2:0.623 | acc@3:0.583 | Best krc: 0.808 | Best epoch: 24
[2023-12-18 15:25:06] INFO (nni/MainThread) Intermediate result: 0.8016963234016141  (Index 50)
-----------------ETPA RESULT-------------------
Epoch 25: Validation	rmse: 16.78	mae: 13.18	mape: 94.74%	acc@10: 46.99%	acc@20: 78.79%	acc@30: 91.79%	
[2023-12-18 15:25:06] INFO (nni/MainThread) Intermediate result: 16.78297342954434  (Index 51)
*** Epoch: 26 ***
-----------------G2R RESULT-------------------

val result: krc:0.806 | lsd:0.586 | ed:0.887 | hr@1:0.686 | hr@2:0.875 | hr@3:0.923 | acc@1:0.686 | acc@2:0.625 | acc@3:0.594 | Best krc: 0.808 | Best epoch: 24
[2023-12-18 15:25:31] INFO (nni/MainThread) Intermediate result: 0.8058251165990562  (Index 52)
-----------------ETPA RESULT-------------------
Epoch 26: Validation	rmse: 16.78	mae: 13.2	mape: 94.92%	acc@10: 46.78%	acc@20: 78.7%	acc@30: 91.8%	
[2023-12-18 15:25:31] INFO (nni/MainThread) Intermediate result: 16.78108533854486  (Index 53)
*** Epoch: 27 ***
-----------------G2R RESULT-------------------

val result: krc:0.787 | lsd:0.61 | ed:0.965 | hr@1:0.677 | hr@2:0.875 | hr@3:0.919 | acc@1:0.677 | acc@2:0.606 | acc@3:0.571 | Best krc: 0.808 | Best epoch: 24
[2023-12-18 15:25:56] INFO (nni/MainThread) Intermediate result: 0.7867441392758403  (Index 54)
-----------------ETPA RESULT-------------------
Epoch 27: Validation	rmse: 16.73	mae: 13.18	mape: 94.69%	acc@10: 46.69%	acc@20: 78.69%	acc@30: 91.9%	
[2023-12-18 15:25:56] INFO (nni/MainThread) Intermediate result: 16.733709280432038  (Index 55)
*** Epoch: 28 ***
-----------------G2R RESULT-------------------

val result: krc:0.804 | lsd:0.597 | ed:0.906 | hr@1:0.69 | hr@2:0.876 | hr@3:0.924 | acc@1:0.69 | acc@2:0.622 | acc@3:0.592 | Best krc: 0.808 | Best epoch: 24
[2023-12-18 15:26:22] INFO (nni/MainThread) Intermediate result: 0.8039615960647881  (Index 56)
-----------------ETPA RESULT-------------------
Epoch 28: Validation	rmse: 16.62	mae: 13.1	mape: 93.98%	acc@10: 46.9%	acc@20: 78.97%	acc@30: 92.11%	
[2023-12-18 15:26:22] INFO (nni/MainThread) Intermediate result: 16.6197837831275  (Index 57)
*** Epoch: 29 ***
-----------------G2R RESULT-------------------

val result: krc:0.756 | lsd:0.735 | ed:1.077 | hr@1:0.652 | hr@2:0.854 | hr@3:0.905 | acc@1:0.652 | acc@2:0.574 | acc@3:0.525 | Best krc: 0.808 | Best epoch: 24
[2023-12-18 15:26:48] INFO (nni/MainThread) Intermediate result: 0.7556045499464826  (Index 58)
-----------------ETPA RESULT-------------------
Epoch 29: Validation	rmse: 16.53	mae: 13.02	mape: 93.11%	acc@10: 47.19%	acc@20: 79.16%	acc@30: 92.21%	
[2023-12-18 15:26:48] INFO (nni/MainThread) Intermediate result: 16.525026995553223  (Index 59)
*** Epoch: 30 ***
-----------------G2R RESULT-------------------

val result: krc:0.792 | lsd:0.599 | ed:0.972 | hr@1:0.674 | hr@2:0.878 | hr@3:0.92 | acc@1:0.674 | acc@2:0.606 | acc@3:0.566 | Best krc: 0.808 | Best epoch: 24
[2023-12-18 15:27:13] INFO (nni/MainThread) Intermediate result: 0.7917102149983655  (Index 60)
-----------------ETPA RESULT-------------------
Epoch 30: Validation	rmse: 16.42	mae: 12.94	mape: 92.28%	acc@10: 47.48%	acc@20: 79.44%	acc@30: 92.35%	
[2023-12-18 15:27:13] INFO (nni/MainThread) Intermediate result: 16.418550293591196  (Index 61)
*** Epoch: 31 ***
-----------------G2R RESULT-------------------

val result: krc:0.776 | lsd:0.66 | ed:1.014 | hr@1:0.663 | hr@2:0.868 | hr@3:0.913 | acc@1:0.663 | acc@2:0.596 | acc@3:0.552 | Best krc: 0.808 | Best epoch: 24
[2023-12-18 15:27:39] INFO (nni/MainThread) Intermediate result: 0.7756339286553541  (Index 62)
-----------------ETPA RESULT-------------------
Epoch 31: Validation	rmse: 16.36	mae: 12.89	mape: 91.79%	acc@10: 47.66%	acc@20: 79.53%	acc@30: 92.41%	
[2023-12-18 15:27:39] INFO (nni/MainThread) Intermediate result: 16.363444702194315  (Index 63)
*** Epoch: 32 ***
-----------------G2R RESULT-------------------

val result: krc:0.805 | lsd:0.603 | ed:0.9 | hr@1:0.686 | hr@2:0.876 | hr@3:0.92 | acc@1:0.686 | acc@2:0.626 | acc@3:0.59 | Best krc: 0.808 | Best epoch: 24
[2023-12-18 15:28:05] INFO (nni/MainThread) Intermediate result: 0.8045498270859006  (Index 64)
-----------------ETPA RESULT-------------------
Epoch 32: Validation	rmse: 16.27	mae: 12.82	mape: 91.11%	acc@10: 47.91%	acc@20: 79.72%	acc@30: 92.54%	
[2023-12-18 15:28:05] INFO (nni/MainThread) Intermediate result: 16.274969181513324  (Index 65)
*** Epoch: 33 ***
-----------------G2R RESULT-------------------

val result: krc:0.803 | lsd:0.589 | ed:0.9 | hr@1:0.684 | hr@2:0.881 | hr@3:0.925 | acc@1:0.684 | acc@2:0.624 | acc@3:0.589 | Best krc: 0.808 | Best epoch: 24
[2023-12-18 15:28:33] INFO (nni/MainThread) Intermediate result: 0.8026243642509492  (Index 66)
-----------------ETPA RESULT-------------------
Epoch 33: Validation	rmse: 16.22	mae: 12.79	mape: 90.88%	acc@10: 47.98%	acc@20: 79.8%	acc@30: 92.65%	
[2023-12-18 15:28:33] INFO (nni/MainThread) Intermediate result: 16.222964302578433  (Index 67)
*** Epoch: 34 ***
-----------------G2R RESULT-------------------

val result: krc:0.813 | lsd:0.561 | ed:0.885 | hr@1:0.699 | hr@2:0.883 | hr@3:0.926 | acc@1:0.699 | acc@2:0.634 | acc@3:0.601 | Best krc: 0.808 | Best epoch: 24
best model saved
[2023-12-18 15:29:00] INFO (nni/MainThread) Intermediate result: 0.8128654742559421  (Index 68)
-----------------ETPA RESULT-------------------
Epoch 34: Validation	rmse: 16.18	mae: 12.76	mape: 90.69%	acc@10: 48.04%	acc@20: 79.86%	acc@30: 92.73%	
[2023-12-18 15:29:00] INFO (nni/MainThread) Intermediate result: 16.18140074495734  (Index 69)
*** Epoch: 35 ***
-----------------G2R RESULT-------------------

val result: krc:0.813 | lsd:0.563 | ed:0.875 | hr@1:0.7 | hr@2:0.88 | hr@3:0.925 | acc@1:0.7 | acc@2:0.635 | acc@3:0.601 | Best krc: 0.813 | Best epoch: 34
best model saved
[2023-12-18 15:29:27] INFO (nni/MainThread) Intermediate result: 0.8131591937188787  (Index 70)
-----------------ETPA RESULT-------------------
Epoch 35: Validation	rmse: 16.13	mae: 12.72	mape: 90.34%	acc@10: 48.16%	acc@20: 79.93%	acc@30: 92.85%	
[2023-12-18 15:29:27] INFO (nni/MainThread) Intermediate result: 16.12708158279556  (Index 71)
*** Epoch: 36 ***
-----------------G2R RESULT-------------------

val result: krc:0.813 | lsd:0.575 | ed:0.87 | hr@1:0.698 | hr@2:0.881 | hr@3:0.925 | acc@1:0.698 | acc@2:0.639 | acc@3:0.607 | Best krc: 0.813 | Best epoch: 35
[2023-12-18 15:29:52] INFO (nni/MainThread) Intermediate result: 0.8131342540437424  (Index 72)
-----------------ETPA RESULT-------------------
Epoch 36: Validation	rmse: 16.07	mae: 12.68	mape: 89.86%	acc@10: 48.4%	acc@20: 80.07%	acc@30: 92.94%	
[2023-12-18 15:29:52] INFO (nni/MainThread) Intermediate result: 16.06698073420218  (Index 73)
*** Epoch: 37 ***
-----------------G2R RESULT-------------------

val result: krc:0.802 | lsd:0.572 | ed:0.916 | hr@1:0.692 | hr@2:0.882 | hr@3:0.922 | acc@1:0.692 | acc@2:0.633 | acc@3:0.592 | Best krc: 0.813 | Best epoch: 35
[2023-12-18 15:30:19] INFO (nni/MainThread) Intermediate result: 0.8015085207914243  (Index 74)
-----------------ETPA RESULT-------------------
Epoch 37: Validation	rmse: 16.02	mae: 12.64	mape: 89.53%	acc@10: 48.51%	acc@20: 80.17%	acc@30: 93.03%	
[2023-12-18 15:30:19] INFO (nni/MainThread) Intermediate result: 16.01583370303258  (Index 75)
*** Epoch: 38 ***
-----------------G2R RESULT-------------------

val result: krc:0.784 | lsd:0.619 | ed:0.979 | hr@1:0.676 | hr@2:0.873 | hr@3:0.919 | acc@1:0.676 | acc@2:0.607 | acc@3:0.564 | Best krc: 0.813 | Best epoch: 35
[2023-12-18 15:30:45] INFO (nni/MainThread) Intermediate result: 0.7836485184801756  (Index 76)
-----------------ETPA RESULT-------------------
Epoch 38: Validation	rmse: 15.99	mae: 12.62	mape: 89.39%	acc@10: 48.53%	acc@20: 80.2%	acc@30: 93.11%	
[2023-12-18 15:30:45] INFO (nni/MainThread) Intermediate result: 15.985389805289484  (Index 77)
*** Epoch: 39 ***
-----------------G2R RESULT-------------------

val result: krc:0.82 | lsd:0.524 | ed:0.868 | hr@1:0.712 | hr@2:0.884 | hr@3:0.928 | acc@1:0.712 | acc@2:0.645 | acc@3:0.609 | Best krc: 0.813 | Best epoch: 35
best model saved
[2023-12-18 15:31:12] INFO (nni/MainThread) Intermediate result: 0.8195066838617341  (Index 78)
-----------------ETPA RESULT-------------------
Epoch 39: Validation	rmse: 15.91	mae: 12.56	mape: 88.73%	acc@10: 48.76%	acc@20: 80.42%	acc@30: 93.2%	
[2023-12-18 15:31:12] INFO (nni/MainThread) Intermediate result: 15.909758924610909  (Index 79)
*** Epoch: 40 ***
-----------------G2R RESULT-------------------

val result: krc:0.821 | lsd:0.534 | ed:0.864 | hr@1:0.712 | hr@2:0.885 | hr@3:0.925 | acc@1:0.712 | acc@2:0.65 | acc@3:0.614 | Best krc: 0.82 | Best epoch: 39
best model saved
[2023-12-18 15:31:40] INFO (nni/MainThread) Intermediate result: 0.8211578973100617  (Index 80)
-----------------ETPA RESULT-------------------
Epoch 40: Validation	rmse: 15.85	mae: 12.52	mape: 88.27%	acc@10: 48.93%	acc@20: 80.51%	acc@30: 93.31%	
[2023-12-18 15:31:40] INFO (nni/MainThread) Intermediate result: 15.85286236674946  (Index 81)
*** Epoch: 41 ***
-----------------G2R RESULT-------------------

val result: krc:0.821 | lsd:0.537 | ed:0.861 | hr@1:0.707 | hr@2:0.888 | hr@3:0.927 | acc@1:0.707 | acc@2:0.646 | acc@3:0.613 | Best krc: 0.821 | Best epoch: 40
[2023-12-18 15:32:06] INFO (nni/MainThread) Intermediate result: 0.8208471406809842  (Index 82)
-----------------ETPA RESULT-------------------
Epoch 41: Validation	rmse: 15.81	mae: 12.48	mape: 87.94%	acc@10: 49.06%	acc@20: 80.58%	acc@30: 93.38%	
[2023-12-18 15:32:06] INFO (nni/MainThread) Intermediate result: 15.806207927293165  (Index 83)
*** Epoch: 42 ***
-----------------G2R RESULT-------------------

val result: krc:0.808 | lsd:0.567 | ed:0.911 | hr@1:0.696 | hr@2:0.885 | hr@3:0.923 | acc@1:0.696 | acc@2:0.633 | acc@3:0.59 | Best krc: 0.821 | Best epoch: 40
[2023-12-18 15:32:32] INFO (nni/MainThread) Intermediate result: 0.8078718101280408  (Index 84)
-----------------ETPA RESULT-------------------
Epoch 42: Validation	rmse: 15.76	mae: 12.44	mape: 87.52%	acc@10: 49.23%	acc@20: 80.68%	acc@30: 93.46%	
[2023-12-18 15:32:32] INFO (nni/MainThread) Intermediate result: 15.758791162731915  (Index 85)
*** Epoch: 43 ***
-----------------G2R RESULT-------------------

val result: krc:0.818 | lsd:0.555 | ed:0.873 | hr@1:0.704 | hr@2:0.885 | hr@3:0.923 | acc@1:0.704 | acc@2:0.641 | acc@3:0.605 | Best krc: 0.821 | Best epoch: 40
[2023-12-18 15:32:59] INFO (nni/MainThread) Intermediate result: 0.8180910692410474  (Index 86)
-----------------ETPA RESULT-------------------
Epoch 43: Validation	rmse: 15.73	mae: 12.41	mape: 87.19%	acc@10: 49.39%	acc@20: 80.76%	acc@30: 93.49%	
[2023-12-18 15:32:59] INFO (nni/MainThread) Intermediate result: 15.726020684636714  (Index 87)
*** Epoch: 44 ***
-----------------G2R RESULT-------------------

val result: krc:0.822 | lsd:0.524 | ed:0.853 | hr@1:0.711 | hr@2:0.886 | hr@3:0.928 | acc@1:0.711 | acc@2:0.648 | acc@3:0.618 | Best krc: 0.821 | Best epoch: 40
best model saved
[2023-12-18 15:33:26] INFO (nni/MainThread) Intermediate result: 0.8217464567530155  (Index 88)
-----------------ETPA RESULT-------------------
Epoch 44: Validation	rmse: 15.67	mae: 12.37	mape: 86.76%	acc@10: 49.53%	acc@20: 80.85%	acc@30: 93.56%	
[2023-12-18 15:33:26] INFO (nni/MainThread) Intermediate result: 15.672686763910118  (Index 89)
*** Epoch: 45 ***
-----------------G2R RESULT-------------------

val result: krc:0.819 | lsd:0.546 | ed:0.863 | hr@1:0.711 | hr@2:0.885 | hr@3:0.925 | acc@1:0.711 | acc@2:0.648 | acc@3:0.613 | Best krc: 0.822 | Best epoch: 44
[2023-12-18 15:33:52] INFO (nni/MainThread) Intermediate result: 0.8186624019068269  (Index 90)
-----------------ETPA RESULT-------------------
Epoch 45: Validation	rmse: 15.63	mae: 12.33	mape: 86.17%	acc@10: 49.67%	acc@20: 81.0%	acc@30: 93.61%	
[2023-12-18 15:33:52] INFO (nni/MainThread) Intermediate result: 15.629681619301099  (Index 91)
*** Epoch: 46 ***
-----------------G2R RESULT-------------------

val result: krc:0.82 | lsd:0.535 | ed:0.861 | hr@1:0.711 | hr@2:0.886 | hr@3:0.927 | acc@1:0.711 | acc@2:0.648 | acc@3:0.616 | Best krc: 0.822 | Best epoch: 44
[2023-12-18 15:34:19] INFO (nni/MainThread) Intermediate result: 0.8200379636234467  (Index 92)
-----------------ETPA RESULT-------------------
Epoch 46: Validation	rmse: 15.6	mae: 12.31	mape: 85.95%	acc@10: 49.75%	acc@20: 81.04%	acc@30: 93.7%	
[2023-12-18 15:34:19] INFO (nni/MainThread) Intermediate result: 15.597747080451963  (Index 93)
*** Epoch: 47 ***
-----------------G2R RESULT-------------------

val result: krc:0.811 | lsd:0.556 | ed:0.903 | hr@1:0.712 | hr@2:0.883 | hr@3:0.925 | acc@1:0.712 | acc@2:0.646 | acc@3:0.603 | Best krc: 0.822 | Best epoch: 44
[2023-12-18 15:34:44] INFO (nni/MainThread) Intermediate result: 0.8109865256607715  (Index 94)
-----------------ETPA RESULT-------------------
Epoch 47: Validation	rmse: 15.58	mae: 12.3	mape: 85.92%	acc@10: 49.76%	acc@20: 81.04%	acc@30: 93.76%	
[2023-12-18 15:34:44] INFO (nni/MainThread) Intermediate result: 15.580530043288986  (Index 95)
*** Epoch: 48 ***
-----------------G2R RESULT-------------------

val result: krc:0.822 | lsd:0.545 | ed:0.851 | hr@1:0.713 | hr@2:0.885 | hr@3:0.926 | acc@1:0.713 | acc@2:0.652 | acc@3:0.619 | Best krc: 0.822 | Best epoch: 44
[2023-12-18 15:35:10] INFO (nni/MainThread) Intermediate result: 0.8215005037392444  (Index 96)
-----------------ETPA RESULT-------------------
Epoch 48: Validation	rmse: 15.55	mae: 12.28	mape: 85.74%	acc@10: 49.83%	acc@20: 81.09%	acc@30: 93.81%	
[2023-12-18 15:35:10] INFO (nni/MainThread) Intermediate result: 15.551725185428676  (Index 97)
*** Epoch: 49 ***
-----------------G2R RESULT-------------------

val result: krc:0.795 | lsd:0.577 | ed:0.951 | hr@1:0.692 | hr@2:0.877 | hr@3:0.923 | acc@1:0.692 | acc@2:0.621 | acc@3:0.585 | Best krc: 0.822 | Best epoch: 44
[2023-12-18 15:35:35] INFO (nni/MainThread) Intermediate result: 0.7946050163540326  (Index 98)
-----------------ETPA RESULT-------------------
Epoch 49: Validation	rmse: 15.52	mae: 12.26	mape: 85.51%	acc@10: 49.93%	acc@20: 81.13%	acc@30: 93.88%	
[2023-12-18 15:35:35] INFO (nni/MainThread) Intermediate result: 15.51864586161652  (Index 99)
*** Epoch: 50 ***
-----------------G2R RESULT-------------------

val result: krc:0.82 | lsd:0.531 | ed:0.861 | hr@1:0.713 | hr@2:0.889 | hr@3:0.929 | acc@1:0.713 | acc@2:0.651 | acc@3:0.619 | Best krc: 0.822 | Best epoch: 44
[2023-12-18 15:36:02] INFO (nni/MainThread) Intermediate result: 0.8197037114046297  (Index 100)
-----------------ETPA RESULT-------------------
Epoch 50: Validation	rmse: 15.48	mae: 12.23	mape: 85.22%	acc@10: 50.06%	acc@20: 81.21%	acc@30: 93.94%	
[2023-12-18 15:36:02] INFO (nni/MainThread) Intermediate result: 15.480133221035475  (Index 101)
*** Epoch: 51 ***
-----------------G2R RESULT-------------------

val result: krc:0.82 | lsd:0.545 | ed:0.862 | hr@1:0.714 | hr@2:0.885 | hr@3:0.928 | acc@1:0.714 | acc@2:0.651 | acc@3:0.617 | Best krc: 0.822 | Best epoch: 44
[2023-12-18 15:36:28] INFO (nni/MainThread) Intermediate result: 0.8198735232928498  (Index 102)
-----------------ETPA RESULT-------------------
Epoch 51: Validation	rmse: 15.44	mae: 12.2	mape: 84.96%	acc@10: 50.15%	acc@20: 81.29%	acc@30: 94.01%	
[2023-12-18 15:36:28] INFO (nni/MainThread) Intermediate result: 15.44367799804552  (Index 103)
*** Epoch: 52 ***
-----------------G2R RESULT-------------------

val result: krc:0.824 | lsd:0.541 | ed:0.85 | hr@1:0.714 | hr@2:0.889 | hr@3:0.93 | acc@1:0.714 | acc@2:0.654 | acc@3:0.622 | Best krc: 0.822 | Best epoch: 44
best model saved
[2023-12-18 15:36:55] INFO (nni/MainThread) Intermediate result: 0.8242337432280589  (Index 104)
-----------------ETPA RESULT-------------------
Epoch 52: Validation	rmse: 15.41	mae: 12.17	mape: 84.7%	acc@10: 50.27%	acc@20: 81.38%	acc@30: 94.06%	
[2023-12-18 15:36:55] INFO (nni/MainThread) Intermediate result: 15.40641775999266  (Index 105)
*** Epoch: 53 ***
-----------------G2R RESULT-------------------

val result: krc:0.822 | lsd:0.531 | ed:0.847 | hr@1:0.716 | hr@2:0.891 | hr@3:0.932 | acc@1:0.716 | acc@2:0.656 | acc@3:0.629 | Best krc: 0.824 | Best epoch: 52
[2023-12-18 15:37:22] INFO (nni/MainThread) Intermediate result: 0.8217152848285336  (Index 106)
-----------------ETPA RESULT-------------------
Epoch 53: Validation	rmse: 15.38	mae: 12.16	mape: 84.53%	acc@10: 50.29%	acc@20: 81.45%	acc@30: 94.11%	
[2023-12-18 15:37:22] INFO (nni/MainThread) Intermediate result: 15.376896918385407  (Index 107)
*** Epoch: 54 ***
-----------------G2R RESULT-------------------

val result: krc:0.83 | lsd:0.508 | ed:0.833 | hr@1:0.725 | hr@2:0.892 | hr@3:0.933 | acc@1:0.725 | acc@2:0.663 | acc@3:0.635 | Best krc: 0.824 | Best epoch: 52
best model saved
[2023-12-18 15:37:49] INFO (nni/MainThread) Intermediate result: 0.8301349016171928  (Index 108)
-----------------ETPA RESULT-------------------
Epoch 54: Validation	rmse: 15.35	mae: 12.14	mape: 84.3%	acc@10: 50.42%	acc@20: 81.49%	acc@30: 94.16%	
[2023-12-18 15:37:49] INFO (nni/MainThread) Intermediate result: 15.351661171181112  (Index 109)
*** Epoch: 55 ***
-----------------G2R RESULT-------------------

val result: krc:0.828 | lsd:0.511 | ed:0.837 | hr@1:0.723 | hr@2:0.887 | hr@3:0.929 | acc@1:0.723 | acc@2:0.657 | acc@3:0.624 | Best krc: 0.83 | Best epoch: 54
[2023-12-18 15:38:16] INFO (nni/MainThread) Intermediate result: 0.8275061992858234  (Index 110)
-----------------ETPA RESULT-------------------
Epoch 55: Validation	rmse: 15.32	mae: 12.11	mape: 84.01%	acc@10: 50.52%	acc@20: 81.6%	acc@30: 94.2%	
[2023-12-18 15:38:16] INFO (nni/MainThread) Intermediate result: 15.316776899652552  (Index 111)
*** Epoch: 56 ***
-----------------G2R RESULT-------------------

val result: krc:0.828 | lsd:0.514 | ed:0.837 | hr@1:0.728 | hr@2:0.887 | hr@3:0.93 | acc@1:0.728 | acc@2:0.662 | acc@3:0.634 | Best krc: 0.83 | Best epoch: 54
[2023-12-18 15:38:42] INFO (nni/MainThread) Intermediate result: 0.8284125960033262  (Index 112)
-----------------ETPA RESULT-------------------
Epoch 56: Validation	rmse: 15.3	mae: 12.1	mape: 83.88%	acc@10: 50.58%	acc@20: 81.62%	acc@30: 94.22%	
[2023-12-18 15:38:42] INFO (nni/MainThread) Intermediate result: 15.299148869706514  (Index 113)
*** Epoch: 57 ***
-----------------G2R RESULT-------------------

val result: krc:0.832 | lsd:0.509 | ed:0.83 | hr@1:0.724 | hr@2:0.89 | hr@3:0.932 | acc@1:0.724 | acc@2:0.662 | acc@3:0.631 | Best krc: 0.83 | Best epoch: 54
best model saved
[2023-12-18 15:39:09] INFO (nni/MainThread) Intermediate result: 0.8317703792911489  (Index 114)
-----------------ETPA RESULT-------------------
Epoch 57: Validation	rmse: 15.27	mae: 12.07	mape: 83.61%	acc@10: 50.67%	acc@20: 81.7%	acc@30: 94.26%	
[2023-12-18 15:39:09] INFO (nni/MainThread) Intermediate result: 15.268613350760084  (Index 115)
*** Epoch: 58 ***
-----------------G2R RESULT-------------------

val result: krc:0.773 | lsd:0.659 | ed:1.005 | hr@1:0.672 | hr@2:0.868 | hr@3:0.909 | acc@1:0.672 | acc@2:0.602 | acc@3:0.556 | Best krc: 0.832 | Best epoch: 57
[2023-12-18 15:39:35] INFO (nni/MainThread) Intermediate result: 0.7727865908889082  (Index 116)
-----------------ETPA RESULT-------------------
Epoch 58: Validation	rmse: 15.24	mae: 12.05	mape: 83.27%	acc@10: 50.81%	acc@20: 81.78%	acc@30: 94.29%	
[2023-12-18 15:39:35] INFO (nni/MainThread) Intermediate result: 15.23580326150879  (Index 117)
*** Epoch: 59 ***
-----------------G2R RESULT-------------------

val result: krc:0.826 | lsd:0.517 | ed:0.844 | hr@1:0.725 | hr@2:0.889 | hr@3:0.93 | acc@1:0.725 | acc@2:0.662 | acc@3:0.624 | Best krc: 0.832 | Best epoch: 57
[2023-12-18 15:40:01] INFO (nni/MainThread) Intermediate result: 0.8263671935119247  (Index 118)
-----------------ETPA RESULT-------------------
Epoch 59: Validation	rmse: 15.21	mae: 12.01	mape: 82.87%	acc@10: 50.94%	acc@20: 81.86%	acc@30: 94.33%	
[2023-12-18 15:40:01] INFO (nni/MainThread) Intermediate result: 15.205491709543022  (Index 119)
*** Epoch: 60 ***
-----------------G2R RESULT-------------------

val result: krc:0.829 | lsd:0.516 | ed:0.827 | hr@1:0.726 | hr@2:0.889 | hr@3:0.931 | acc@1:0.726 | acc@2:0.658 | acc@3:0.627 | Best krc: 0.832 | Best epoch: 57
[2023-12-18 15:40:29] INFO (nni/MainThread) Intermediate result: 0.8288432816110998  (Index 120)
-----------------ETPA RESULT-------------------
Epoch 60: Validation	rmse: 15.17	mae: 11.98	mape: 82.5%	acc@10: 51.06%	acc@20: 81.93%	acc@30: 94.37%	
[2023-12-18 15:40:29] INFO (nni/MainThread) Intermediate result: 15.17495274729299  (Index 121)
*** Epoch: 61 ***
-----------------G2R RESULT-------------------

val result: krc:0.83 | lsd:0.501 | ed:0.835 | hr@1:0.728 | hr@2:0.893 | hr@3:0.934 | acc@1:0.728 | acc@2:0.665 | acc@3:0.634 | Best krc: 0.832 | Best epoch: 57
[2023-12-18 15:40:55] INFO (nni/MainThread) Intermediate result: 0.8296949894588722  (Index 122)
-----------------ETPA RESULT-------------------
Epoch 61: Validation	rmse: 15.15	mae: 11.96	mape: 82.2%	acc@10: 51.19%	acc@20: 81.99%	acc@30: 94.4%	
[2023-12-18 15:40:55] INFO (nni/MainThread) Intermediate result: 15.145752984851454  (Index 123)
*** Epoch: 62 ***
-----------------G2R RESULT-------------------

val result: krc:0.829 | lsd:0.51 | ed:0.824 | hr@1:0.728 | hr@2:0.891 | hr@3:0.93 | acc@1:0.728 | acc@2:0.667 | acc@3:0.635 | Best krc: 0.832 | Best epoch: 57
[2023-12-18 15:41:22] INFO (nni/MainThread) Intermediate result: 0.8294307904277297  (Index 124)
-----------------ETPA RESULT-------------------
Epoch 62: Validation	rmse: 15.12	mae: 11.94	mape: 82.02%	acc@10: 51.26%	acc@20: 82.03%	acc@30: 94.44%	
[2023-12-18 15:41:22] INFO (nni/MainThread) Intermediate result: 15.120538070510461  (Index 125)
*** Epoch: 63 ***
-----------------G2R RESULT-------------------

val result: krc:0.828 | lsd:0.517 | ed:0.836 | hr@1:0.725 | hr@2:0.89 | hr@3:0.93 | acc@1:0.725 | acc@2:0.662 | acc@3:0.63 | Best krc: 0.832 | Best epoch: 57
[2023-12-18 15:41:49] INFO (nni/MainThread) Intermediate result: 0.8275303594848851  (Index 126)
-----------------ETPA RESULT-------------------
Epoch 63: Validation	rmse: 15.1	mae: 11.93	mape: 81.92%	acc@10: 51.28%	acc@20: 82.07%	acc@30: 94.47%	
[2023-12-18 15:41:49] INFO (nni/MainThread) Intermediate result: 15.102298001658795  (Index 127)
*** Epoch: 64 ***
-----------------G2R RESULT-------------------

val result: krc:0.83 | lsd:0.516 | ed:0.832 | hr@1:0.732 | hr@2:0.889 | hr@3:0.929 | acc@1:0.732 | acc@2:0.668 | acc@3:0.634 | Best krc: 0.832 | Best epoch: 57
[2023-12-18 15:42:16] INFO (nni/MainThread) Intermediate result: 0.8301846282432203  (Index 128)
-----------------ETPA RESULT-------------------
Epoch 64: Validation	rmse: 15.08	mae: 11.91	mape: 81.68%	acc@10: 51.4%	acc@20: 82.11%	acc@30: 94.5%	
[2023-12-18 15:42:16] INFO (nni/MainThread) Intermediate result: 15.078542654223185  (Index 129)
*** Epoch: 65 ***
-----------------G2R RESULT-------------------

val result: krc:0.835 | lsd:0.496 | ed:0.807 | hr@1:0.738 | hr@2:0.894 | hr@3:0.931 | acc@1:0.738 | acc@2:0.678 | acc@3:0.642 | Best krc: 0.832 | Best epoch: 57
best model saved
[2023-12-18 15:42:43] INFO (nni/MainThread) Intermediate result: 0.8352157263132339  (Index 130)
-----------------ETPA RESULT-------------------
Epoch 65: Validation	rmse: 15.06	mae: 11.9	mape: 81.53%	acc@10: 51.49%	acc@20: 82.12%	acc@30: 94.53%	
[2023-12-18 15:42:43] INFO (nni/MainThread) Intermediate result: 15.061462295862261  (Index 131)
*** Epoch: 66 ***
-----------------G2R RESULT-------------------

val result: krc:0.836 | lsd:0.498 | ed:0.815 | hr@1:0.742 | hr@2:0.893 | hr@3:0.932 | acc@1:0.742 | acc@2:0.679 | acc@3:0.648 | Best krc: 0.835 | Best epoch: 65
best model saved
[2023-12-18 15:43:12] INFO (nni/MainThread) Intermediate result: 0.8357201269313206  (Index 132)
-----------------ETPA RESULT-------------------
Epoch 66: Validation	rmse: 15.04	mae: 11.88	mape: 81.32%	acc@10: 51.59%	acc@20: 82.13%	acc@30: 94.56%	
[2023-12-18 15:43:12] INFO (nni/MainThread) Intermediate result: 15.041818944732267  (Index 133)
*** Epoch: 67 ***
-----------------G2R RESULT-------------------

val result: krc:0.834 | lsd:0.526 | ed:0.81 | hr@1:0.739 | hr@2:0.891 | hr@3:0.933 | acc@1:0.739 | acc@2:0.677 | acc@3:0.646 | Best krc: 0.836 | Best epoch: 66
[2023-12-18 15:43:39] INFO (nni/MainThread) Intermediate result: 0.8339909176638516  (Index 134)
-----------------ETPA RESULT-------------------
Epoch 67: Validation	rmse: 15.02	mae: 11.86	mape: 81.11%	acc@10: 51.69%	acc@20: 82.17%	acc@30: 94.58%	
[2023-12-18 15:43:39] INFO (nni/MainThread) Intermediate result: 15.019199274770589  (Index 135)
*** Epoch: 68 ***
-----------------G2R RESULT-------------------

val result: krc:0.836 | lsd:0.502 | ed:0.805 | hr@1:0.74 | hr@2:0.893 | hr@3:0.934 | acc@1:0.74 | acc@2:0.68 | acc@3:0.648 | Best krc: 0.836 | Best epoch: 66
best model saved
[2023-12-18 15:44:07] INFO (nni/MainThread) Intermediate result: 0.8362199552055259  (Index 136)
-----------------ETPA RESULT-------------------
Epoch 68: Validation	rmse: 15.0	mae: 11.84	mape: 80.92%	acc@10: 51.77%	acc@20: 82.2%	acc@30: 94.6%	
[2023-12-18 15:44:07] INFO (nni/MainThread) Intermediate result: 14.998332119969534  (Index 137)
*** Epoch: 69 ***
-----------------G2R RESULT-------------------

val result: krc:0.832 | lsd:0.537 | ed:0.82 | hr@1:0.734 | hr@2:0.892 | hr@3:0.932 | acc@1:0.734 | acc@2:0.674 | acc@3:0.643 | Best krc: 0.836 | Best epoch: 68
[2023-12-18 15:44:34] INFO (nni/MainThread) Intermediate result: 0.8321860616832195  (Index 138)
-----------------ETPA RESULT-------------------
Epoch 69: Validation	rmse: 14.98	mae: 11.83	mape: 80.69%	acc@10: 51.85%	acc@20: 82.22%	acc@30: 94.62%	
[2023-12-18 15:44:34] INFO (nni/MainThread) Intermediate result: 14.984220241803824  (Index 139)
*** Epoch: 70 ***
-----------------G2R RESULT-------------------

val result: krc:0.811 | lsd:0.552 | ed:0.895 | hr@1:0.719 | hr@2:0.883 | hr@3:0.926 | acc@1:0.719 | acc@2:0.648 | acc@3:0.61 | Best krc: 0.836 | Best epoch: 68
[2023-12-18 15:45:00] INFO (nni/MainThread) Intermediate result: 0.8110608344189456  (Index 140)
-----------------ETPA RESULT-------------------
Epoch 70: Validation	rmse: 14.96	mae: 11.81	mape: 80.52%	acc@10: 51.9%	acc@20: 82.25%	acc@30: 94.65%	
[2023-12-18 15:45:00] INFO (nni/MainThread) Intermediate result: 14.96251610364388  (Index 141)
*** Epoch: 71 ***
-----------------G2R RESULT-------------------

val result: krc:0.833 | lsd:0.527 | ed:0.822 | hr@1:0.735 | hr@2:0.892 | hr@3:0.931 | acc@1:0.735 | acc@2:0.676 | acc@3:0.642 | Best krc: 0.836 | Best epoch: 68
[2023-12-18 15:45:27] INFO (nni/MainThread) Intermediate result: 0.8328320829763768  (Index 142)
-----------------ETPA RESULT-------------------
Epoch 71: Validation	rmse: 14.94	mae: 11.79	mape: 80.24%	acc@10: 51.99%	acc@20: 82.29%	acc@30: 94.67%	
[2023-12-18 15:45:27] INFO (nni/MainThread) Intermediate result: 14.943606779434559  (Index 143)
*** Epoch: 72 ***
-----------------G2R RESULT-------------------

val result: krc:0.837 | lsd:0.505 | ed:0.807 | hr@1:0.741 | hr@2:0.895 | hr@3:0.933 | acc@1:0.741 | acc@2:0.684 | acc@3:0.651 | Best krc: 0.836 | Best epoch: 68
best model saved
[2023-12-18 15:45:55] INFO (nni/MainThread) Intermediate result: 0.8370732873662478  (Index 144)
-----------------ETPA RESULT-------------------
Epoch 72: Validation	rmse: 14.94	mae: 11.79	mape: 80.23%	acc@10: 51.99%	acc@20: 82.29%	acc@30: 94.68%	
[2023-12-18 15:45:55] INFO (nni/MainThread) Intermediate result: 14.937864420195051  (Index 145)
*** Epoch: 73 ***
-----------------G2R RESULT-------------------

val result: krc:0.838 | lsd:0.505 | ed:0.805 | hr@1:0.748 | hr@2:0.894 | hr@3:0.932 | acc@1:0.748 | acc@2:0.686 | acc@3:0.654 | Best krc: 0.837 | Best epoch: 72
best model saved
[2023-12-18 15:46:24] INFO (nni/MainThread) Intermediate result: 0.8380958603171108  (Index 146)
-----------------ETPA RESULT-------------------
Epoch 73: Validation	rmse: 14.93	mae: 11.77	mape: 80.02%	acc@10: 52.06%	acc@20: 82.31%	acc@30: 94.7%	
[2023-12-18 15:46:24] INFO (nni/MainThread) Intermediate result: 14.927348049764023  (Index 147)
*** Epoch: 74 ***
-----------------G2R RESULT-------------------

val result: krc:0.834 | lsd:0.507 | ed:0.815 | hr@1:0.744 | hr@2:0.891 | hr@3:0.931 | acc@1:0.744 | acc@2:0.679 | acc@3:0.649 | Best krc: 0.838 | Best epoch: 73
[2023-12-18 15:46:51] INFO (nni/MainThread) Intermediate result: 0.8339864375369406  (Index 148)
-----------------ETPA RESULT-------------------
Epoch 74: Validation	rmse: 14.91	mae: 11.76	mape: 79.77%	acc@10: 52.15%	acc@20: 82.37%	acc@30: 94.72%	
[2023-12-18 15:46:51] INFO (nni/MainThread) Intermediate result: 14.91059869902046  (Index 149)
*** Epoch: 75 ***
-----------------G2R RESULT-------------------

val result: krc:0.836 | lsd:0.503 | ed:0.813 | hr@1:0.739 | hr@2:0.894 | hr@3:0.933 | acc@1:0.739 | acc@2:0.679 | acc@3:0.648 | Best krc: 0.838 | Best epoch: 73
[2023-12-18 15:47:19] INFO (nni/MainThread) Intermediate result: 0.8363640858000281  (Index 150)
-----------------ETPA RESULT-------------------
Epoch 75: Validation	rmse: 14.89	mae: 11.74	mape: 79.59%	acc@10: 52.2%	acc@20: 82.38%	acc@30: 94.75%	
[2023-12-18 15:47:19] INFO (nni/MainThread) Intermediate result: 14.894599514823462  (Index 151)
*** Epoch: 76 ***
-----------------G2R RESULT-------------------

val result: krc:0.835 | lsd:0.504 | ed:0.827 | hr@1:0.735 | hr@2:0.892 | hr@3:0.932 | acc@1:0.735 | acc@2:0.672 | acc@3:0.642 | Best krc: 0.838 | Best epoch: 73
[2023-12-18 15:47:46] INFO (nni/MainThread) Intermediate result: 0.8347621165373679  (Index 152)
-----------------ETPA RESULT-------------------
Epoch 76: Validation	rmse: 14.88	mae: 11.73	mape: 79.37%	acc@10: 52.28%	acc@20: 82.42%	acc@30: 94.77%	
[2023-12-18 15:47:46] INFO (nni/MainThread) Intermediate result: 14.87567594541317  (Index 153)
*** Epoch: 77 ***
-----------------G2R RESULT-------------------

val result: krc:0.829 | lsd:0.55 | ed:0.848 | hr@1:0.733 | hr@2:0.89 | hr@3:0.927 | acc@1:0.733 | acc@2:0.671 | acc@3:0.633 | Best krc: 0.838 | Best epoch: 73
[2023-12-18 15:48:13] INFO (nni/MainThread) Intermediate result: 0.8292222855930769  (Index 154)
-----------------ETPA RESULT-------------------
Epoch 77: Validation	rmse: 14.86	mae: 11.72	mape: 79.21%	acc@10: 52.35%	acc@20: 82.43%	acc@30: 94.79%	
[2023-12-18 15:48:13] INFO (nni/MainThread) Intermediate result: 14.861057484022739  (Index 155)
*** Epoch: 78 ***
-----------------G2R RESULT-------------------

val result: krc:0.822 | lsd:0.547 | ed:0.863 | hr@1:0.728 | hr@2:0.888 | hr@3:0.928 | acc@1:0.728 | acc@2:0.66 | acc@3:0.629 | Best krc: 0.838 | Best epoch: 73
[2023-12-18 15:48:41] INFO (nni/MainThread) Intermediate result: 0.8218489466937214  (Index 156)
-----------------ETPA RESULT-------------------
Epoch 78: Validation	rmse: 14.84	mae: 11.7	mape: 78.99%	acc@10: 52.41%	acc@20: 82.46%	acc@30: 94.81%	
[2023-12-18 15:48:41] INFO (nni/MainThread) Intermediate result: 14.844201908728163  (Index 157)
*** Epoch: 79 ***
-----------------G2R RESULT-------------------

val result: krc:0.83 | lsd:0.556 | ed:0.823 | hr@1:0.736 | hr@2:0.891 | hr@3:0.927 | acc@1:0.736 | acc@2:0.675 | acc@3:0.641 | Best krc: 0.838 | Best epoch: 73
[2023-12-18 15:49:08] INFO (nni/MainThread) Intermediate result: 0.8304498484559699  (Index 158)
-----------------ETPA RESULT-------------------
Epoch 79: Validation	rmse: 14.82	mae: 11.68	mape: 78.78%	acc@10: 52.48%	acc@20: 82.5%	acc@30: 94.82%	
[2023-12-18 15:49:08] INFO (nni/MainThread) Intermediate result: 14.824906805867121  (Index 159)
*** Epoch: 80 ***
-----------------G2R RESULT-------------------

val result: krc:0.808 | lsd:0.562 | ed:0.911 | hr@1:0.71 | hr@2:0.892 | hr@3:0.928 | acc@1:0.71 | acc@2:0.648 | acc@3:0.603 | Best krc: 0.838 | Best epoch: 73
[2023-12-18 15:49:35] INFO (nni/MainThread) Intermediate result: 0.8080363248793507  (Index 160)
-----------------ETPA RESULT-------------------
Epoch 80: Validation	rmse: 14.81	mae: 11.67	mape: 78.62%	acc@10: 52.52%	acc@20: 82.54%	acc@30: 94.84%	
[2023-12-18 15:49:35] INFO (nni/MainThread) Intermediate result: 14.806843810640636  (Index 161)
*** Epoch: 81 ***
-----------------G2R RESULT-------------------

val result: krc:0.829 | lsd:0.548 | ed:0.832 | hr@1:0.737 | hr@2:0.888 | hr@3:0.928 | acc@1:0.737 | acc@2:0.669 | acc@3:0.637 | Best krc: 0.838 | Best epoch: 73
[2023-12-18 15:50:06] INFO (nni/MainThread) Intermediate result: 0.8285009029740119  (Index 162)
-----------------ETPA RESULT-------------------
Epoch 81: Validation	rmse: 14.8	mae: 11.66	mape: 78.55%	acc@10: 52.55%	acc@20: 82.55%	acc@30: 94.86%	
[2023-12-18 15:50:06] INFO (nni/MainThread) Intermediate result: 14.796460576182993  (Index 163)
*** Epoch: 82 ***
-----------------G2R RESULT-------------------

val result: krc:0.837 | lsd:0.506 | ed:0.811 | hr@1:0.74 | hr@2:0.891 | hr@3:0.933 | acc@1:0.74 | acc@2:0.676 | acc@3:0.647 | Best krc: 0.838 | Best epoch: 73
[2023-12-18 15:50:34] INFO (nni/MainThread) Intermediate result: 0.8369647677299622  (Index 164)
-----------------ETPA RESULT-------------------
Epoch 82: Validation	rmse: 14.78	mae: 11.65	mape: 78.42%	acc@10: 52.58%	acc@20: 82.59%	acc@30: 94.88%	
[2023-12-18 15:50:34] INFO (nni/MainThread) Intermediate result: 14.782214815958906  (Index 165)
*** Epoch: 83 ***
-----------------G2R RESULT-------------------

val result: krc:0.838 | lsd:0.511 | ed:0.813 | hr@1:0.743 | hr@2:0.894 | hr@3:0.934 | acc@1:0.743 | acc@2:0.68 | acc@3:0.648 | Best krc: 0.838 | Best epoch: 73
[2023-12-18 15:51:03] INFO (nni/MainThread) Intermediate result: 0.837565692336134  (Index 166)
-----------------ETPA RESULT-------------------
Epoch 83: Validation	rmse: 14.77	mae: 11.64	mape: 78.39%	acc@10: 52.58%	acc@20: 82.61%	acc@30: 94.91%	
[2023-12-18 15:51:03] INFO (nni/MainThread) Intermediate result: 14.773799397643758  (Index 167)
loaded model path: /home/sentanoe/joint_training/data/dataset/food_pd/sort_model/hidden_size-8.gcnru-pd_1702908830.0032181702908830.003233
best model loaded !!!
krc:0.833 | lsd:0.387 | ed:0.817 | hr@1:0.75 | hr@2:0.919 | hr@3:0.948 | acc@1:0.75 | acc@2:0.688 | acc@3:0.643 |

-------------------------------------------------------------
Best epoch for G2R:  73
Best epoch for ETPA:  83
graph2route_pd Evaluation in test: krc:0.833 | lsd:0.387 | ed:0.817 | hr@1:0.75 | hr@2:0.919 | hr@3:0.948 | acc@1:0.75 | acc@2:0.688 | acc@3:0.643 |
RankPETA Evaluation in test: rmse: 12.49	mae: 9.87	mape: 84.07%	acc@10: 56.96%	acc@20: 91.14%	acc@30: 98.31%	
