Device:  cuda
{'alpha_loss': 0.5,
 'batch_size': 64,
 'dataset': 'food_pd',
 'datatype': 'order',
 'device': device(type='cuda'),
 'early_stop': 10,
 'edge_fea_dim': 5,
 'embedding_dim': 32,
 'eval_end_1': 11,
 'eval_end_2': 25,
 'eval_start': 1,
 'gcn_num_layers': 2,
 'hidden_size': 8,
 'is_eval': False,
 'is_test': False,
 'k_min_nodes': 3,
 'k_nearest_neighbors': 'n-1',
 'lr': 0.001,
 'max_task_num': 25,
 'min_task_num': 0,
 'modelArrivalTime': 'RankPETA',
 'modelRoute': 'graph2route_pd',
 'no_cuda': False,
 'node_fea_dim': 8,
 'node_features_test': '/home/sentanoe/joint_training/data/dataset/food_pd/node_features_test_full.npy',
 'node_features_train': '/home/sentanoe/joint_training/data/dataset/food_pd/node_features_train_full.npy',
 'node_features_val': '/home/sentanoe/joint_training/data/dataset/food_pd/node_features_val_full.npy',
 'num_block': 2,
 'num_epoch': 1000,
 'num_head': 2,
 'num_worker_logistics': 2346,
 'num_worker_pd': 920,
 'pad_value': 26,
 'seed': 9999,
 'sort_mode': 'pnn_idx',
 'spatial_encoder': 'gatv2',
 'temporal_encoder': 'tft',
 'test_path': '/home/sentanoe/joint_training/data/dataset/food_pd/test_full.npy',
 'train_mode': 'sort',
 'train_path': '/home/sentanoe/joint_training/data/dataset/food_pd/train_full.npy',
 'val_path': '/home/sentanoe/joint_training/data/dataset/food_pd/val_full.npy',
 'wd': 1e-05,
 'worker_emb_dim': 10,
 'workers': 2}
last_x_size:13;unpick_x_size:12;input_size:53
#train:2521 | #val:1257 | #test:1261
*** Epoch: 0 ***
-----------------G2R RESULT-------------------

val result: krc:0.672 | lsd:1.072 | ed:1.308 | hr@1:0.613 | hr@2:0.79 | hr@3:0.862 | acc@1:0.613 | acc@2:0.495 | acc@3:0.449 | Best krc: -1 | Best epoch: -1
best model saved
[2023-12-07 04:39:45] INFO (nni/MainThread) Intermediate result: 0.6724709098736208  (Index 0)
-----------------ETPA RESULT-------------------
Epoch 0: Validation	rmse: 22.17	mae: 17.17	mape: 68.2%	acc@10: 40.37%	acc@20: 61.11%	acc@30: 84.44%	
[2023-12-07 04:39:45] INFO (nni/MainThread) Intermediate result: 22.174193440491315  (Index 1)
*** Epoch: 1 ***
-----------------G2R RESULT-------------------

val result: krc:0.757 | lsd:0.763 | ed:1.04 | hr@1:0.651 | hr@2:0.846 | hr@3:0.9 | acc@1:0.651 | acc@2:0.577 | acc@3:0.541 | Best krc: 0.672 | Best epoch: 0
best model saved
[2023-12-07 04:41:47] INFO (nni/MainThread) Intermediate result: 0.7568999851465964  (Index 2)
-----------------ETPA RESULT-------------------
Epoch 1: Validation	rmse: 24.13	mae: 18.1	mape: 94.74%	acc@10: 38.52%	acc@20: 64.07%	acc@30: 82.22%	
[2023-12-07 04:41:47] INFO (nni/MainThread) Intermediate result: 24.129475249306697  (Index 3)
*** Epoch: 2 ***
-----------------G2R RESULT-------------------

val result: krc:0.753 | lsd:0.739 | ed:1.041 | hr@1:0.644 | hr@2:0.853 | hr@3:0.903 | acc@1:0.644 | acc@2:0.572 | acc@3:0.532 | Best krc: 0.757 | Best epoch: 1
[2023-12-07 04:43:49] INFO (nni/MainThread) Intermediate result: 0.7529474441411477  (Index 4)
-----------------ETPA RESULT-------------------
Epoch 2: Validation	rmse: 23.74	mae: 17.75	mape: 99.33%	acc@10: 39.38%	acc@20: 65.43%	acc@30: 82.59%	
[2023-12-07 04:43:49] INFO (nni/MainThread) Intermediate result: 23.74341889713601  (Index 5)
*** Epoch: 3 ***
-----------------G2R RESULT-------------------

val result: krc:0.783 | lsd:0.674 | ed:0.96 | hr@1:0.67 | hr@2:0.865 | hr@3:0.914 | acc@1:0.67 | acc@2:0.603 | acc@3:0.568 | Best krc: 0.757 | Best epoch: 1
best model saved
[2023-12-07 04:45:51] INFO (nni/MainThread) Intermediate result: 0.7828557388942174  (Index 6)
-----------------ETPA RESULT-------------------
Epoch 3: Validation	rmse: 23.46	mae: 17.66	mape: 106.24%	acc@10: 38.61%	acc@20: 66.11%	acc@30: 83.52%	
[2023-12-07 04:45:51] INFO (nni/MainThread) Intermediate result: 23.457756477583267  (Index 7)
*** Epoch: 4 ***
-----------------G2R RESULT-------------------

val result: krc:0.775 | lsd:0.77 | ed:1.003 | hr@1:0.727 | hr@2:0.846 | hr@3:0.904 | acc@1:0.727 | acc@2:0.618 | acc@3:0.581 | Best krc: 0.783 | Best epoch: 3
[2023-12-07 04:47:51] INFO (nni/MainThread) Intermediate result: 0.7754145305697557  (Index 8)
-----------------ETPA RESULT-------------------
Epoch 4: Validation	rmse: 22.91	mae: 17.28	mape: 105.84%	acc@10: 39.26%	acc@20: 66.96%	acc@30: 84.22%	
[2023-12-07 04:47:51] INFO (nni/MainThread) Intermediate result: 22.910941790433228  (Index 9)
*** Epoch: 5 ***
-----------------G2R RESULT-------------------

val result: krc:0.796 | lsd:0.652 | ed:0.937 | hr@1:0.724 | hr@2:0.86 | hr@3:0.918 | acc@1:0.724 | acc@2:0.63 | acc@3:0.598 | Best krc: 0.783 | Best epoch: 3
best model saved
[2023-12-07 04:49:54] INFO (nni/MainThread) Intermediate result: 0.7960228733031532  (Index 10)
-----------------ETPA RESULT-------------------
Epoch 5: Validation	rmse: 22.82	mae: 17.25	mape: 108.37%	acc@10: 39.32%	acc@20: 67.22%	acc@30: 84.01%	
[2023-12-07 04:49:54] INFO (nni/MainThread) Intermediate result: 22.815984802927808  (Index 11)
*** Epoch: 6 ***
-----------------G2R RESULT-------------------

val result: krc:0.786 | lsd:0.677 | ed:0.949 | hr@1:0.679 | hr@2:0.868 | hr@3:0.917 | acc@1:0.679 | acc@2:0.612 | acc@3:0.579 | Best krc: 0.796 | Best epoch: 5
[2023-12-07 04:51:56] INFO (nni/MainThread) Intermediate result: 0.7861117470037452  (Index 12)
-----------------ETPA RESULT-------------------
Epoch 6: Validation	rmse: 22.52	mae: 17.13	mape: 110.23%	acc@10: 39.21%	acc@20: 67.51%	acc@30: 84.29%	
[2023-12-07 04:51:56] INFO (nni/MainThread) Intermediate result: 22.520062742801336  (Index 13)
*** Epoch: 7 ***
-----------------G2R RESULT-------------------

val result: krc:0.793 | lsd:0.623 | ed:0.93 | hr@1:0.704 | hr@2:0.866 | hr@3:0.917 | acc@1:0.704 | acc@2:0.621 | acc@3:0.583 | Best krc: 0.796 | Best epoch: 5
[2023-12-07 04:53:57] INFO (nni/MainThread) Intermediate result: 0.7931896185241181  (Index 14)
-----------------ETPA RESULT-------------------
Epoch 7: Validation	rmse: 22.59	mae: 17.18	mape: 112.53%	acc@10: 39.4%	acc@20: 67.64%	acc@30: 84.03%	
[2023-12-07 04:53:57] INFO (nni/MainThread) Intermediate result: 22.594414875731466  (Index 15)
*** Epoch: 8 ***
-----------------G2R RESULT-------------------

val result: krc:0.799 | lsd:0.644 | ed:0.916 | hr@1:0.714 | hr@2:0.868 | hr@3:0.917 | acc@1:0.714 | acc@2:0.633 | acc@3:0.592 | Best krc: 0.796 | Best epoch: 5
best model saved
[2023-12-07 04:56:00] INFO (nni/MainThread) Intermediate result: 0.7988446365534254  (Index 16)
-----------------ETPA RESULT-------------------
Epoch 8: Validation	rmse: 22.53	mae: 17.25	mape: 115.44%	acc@10: 38.56%	acc@20: 67.0%	acc@30: 84.07%	
[2023-12-07 04:56:00] INFO (nni/MainThread) Intermediate result: 22.525073587432363  (Index 17)
*** Epoch: 9 ***
-----------------G2R RESULT-------------------

val result: krc:0.801 | lsd:0.634 | ed:0.912 | hr@1:0.715 | hr@2:0.871 | hr@3:0.919 | acc@1:0.715 | acc@2:0.638 | acc@3:0.597 | Best krc: 0.799 | Best epoch: 8
best model saved
[2023-12-07 04:58:04] INFO (nni/MainThread) Intermediate result: 0.8010891888723108  (Index 18)
-----------------ETPA RESULT-------------------
Epoch 9: Validation	rmse: 22.37	mae: 17.21	mape: 117.23%	acc@10: 38.22%	acc@20: 66.96%	acc@30: 84.33%	
[2023-12-07 04:58:04] INFO (nni/MainThread) Intermediate result: 22.36969597814078  (Index 19)
*** Epoch: 10 ***
-----------------G2R RESULT-------------------

val result: krc:0.786 | lsd:0.732 | ed:0.964 | hr@1:0.712 | hr@2:0.857 | hr@3:0.908 | acc@1:0.712 | acc@2:0.622 | acc@3:0.581 | Best krc: 0.801 | Best epoch: 9
[2023-12-07 05:00:04] INFO (nni/MainThread) Intermediate result: 0.7857480092985121  (Index 20)
-----------------ETPA RESULT-------------------
Epoch 10: Validation	rmse: 22.24	mae: 17.11	mape: 117.78%	acc@10: 38.28%	acc@20: 67.27%	acc@30: 84.44%	
[2023-12-07 05:00:04] INFO (nni/MainThread) Intermediate result: 22.24224800928049  (Index 21)
*** Epoch: 11 ***
-----------------G2R RESULT-------------------

val result: krc:0.793 | lsd:0.696 | ed:0.936 | hr@1:0.702 | hr@2:0.866 | hr@3:0.914 | acc@1:0.702 | acc@2:0.627 | acc@3:0.589 | Best krc: 0.801 | Best epoch: 9
[2023-12-07 05:02:05] INFO (nni/MainThread) Intermediate result: 0.7934007025218219  (Index 22)
-----------------ETPA RESULT-------------------
Epoch 11: Validation	rmse: 22.14	mae: 17.05	mape: 118.31%	acc@10: 38.24%	acc@20: 67.35%	acc@30: 84.48%	
[2023-12-07 05:02:05] INFO (nni/MainThread) Intermediate result: 22.135891632534122  (Index 23)
*** Epoch: 12 ***
-----------------G2R RESULT-------------------

val result: krc:0.77 | lsd:0.754 | ed:1.005 | hr@1:0.716 | hr@2:0.842 | hr@3:0.905 | acc@1:0.716 | acc@2:0.614 | acc@3:0.572 | Best krc: 0.801 | Best epoch: 9
[2023-12-07 05:04:07] INFO (nni/MainThread) Intermediate result: 0.770030586104045  (Index 24)
-----------------ETPA RESULT-------------------
Epoch 12: Validation	rmse: 21.97	mae: 17.0	mape: 118.88%	acc@10: 38.01%	acc@20: 67.38%	acc@30: 84.73%	
[2023-12-07 05:04:07] INFO (nni/MainThread) Intermediate result: 21.973302481442744  (Index 25)
*** Epoch: 13 ***
-----------------G2R RESULT-------------------

val result: krc:0.806 | lsd:0.643 | ed:0.906 | hr@1:0.722 | hr@2:0.869 | hr@3:0.921 | acc@1:0.722 | acc@2:0.643 | acc@3:0.606 | Best krc: 0.801 | Best epoch: 9
best model saved
[2023-12-07 05:06:09] INFO (nni/MainThread) Intermediate result: 0.8062535271979959  (Index 26)
-----------------ETPA RESULT-------------------
Epoch 13: Validation	rmse: 21.69	mae: 16.83	mape: 118.5%	acc@10: 38.17%	acc@20: 67.78%	acc@30: 85.16%	
[2023-12-07 05:06:09] INFO (nni/MainThread) Intermediate result: 21.690162923257795  (Index 27)
*** Epoch: 14 ***
-----------------G2R RESULT-------------------

val result: krc:0.793 | lsd:0.704 | ed:0.929 | hr@1:0.732 | hr@2:0.853 | hr@3:0.915 | acc@1:0.732 | acc@2:0.633 | acc@3:0.598 | Best krc: 0.806 | Best epoch: 13
[2023-12-07 05:08:10] INFO (nni/MainThread) Intermediate result: 0.7931700497594681  (Index 28)
-----------------ETPA RESULT-------------------
Epoch 14: Validation	rmse: 21.53	mae: 16.77	mape: 118.75%	acc@10: 37.85%	acc@20: 67.98%	acc@30: 85.36%	
[2023-12-07 05:08:10] INFO (nni/MainThread) Intermediate result: 21.526199789316532  (Index 29)
*** Epoch: 15 ***
-----------------G2R RESULT-------------------

val result: krc:0.803 | lsd:0.646 | ed:0.902 | hr@1:0.738 | hr@2:0.865 | hr@3:0.92 | acc@1:0.738 | acc@2:0.648 | acc@3:0.611 | Best krc: 0.806 | Best epoch: 13
[2023-12-07 05:10:11] INFO (nni/MainThread) Intermediate result: 0.8031917309398726  (Index 30)
-----------------ETPA RESULT-------------------
Epoch 15: Validation	rmse: 21.41	mae: 16.73	mape: 119.05%	acc@10: 37.69%	acc@20: 68.1%	acc@30: 85.49%	
[2023-12-07 05:10:11] INFO (nni/MainThread) Intermediate result: 21.41334144379602  (Index 31)
*** Epoch: 16 ***
-----------------G2R RESULT-------------------

val result: krc:0.798 | lsd:0.685 | ed:0.93 | hr@1:0.724 | hr@2:0.857 | hr@3:0.915 | acc@1:0.724 | acc@2:0.632 | acc@3:0.599 | Best krc: 0.806 | Best epoch: 13
[2023-12-07 05:12:13] INFO (nni/MainThread) Intermediate result: 0.7980827823328915  (Index 32)
-----------------ETPA RESULT-------------------
Epoch 16: Validation	rmse: 21.34	mae: 16.68	mape: 119.2%	acc@10: 37.73%	acc@20: 68.26%	acc@30: 85.56%	
[2023-12-07 05:12:13] INFO (nni/MainThread) Intermediate result: 21.341640636441614  (Index 33)
*** Epoch: 17 ***
-----------------G2R RESULT-------------------

val result: krc:0.814 | lsd:0.578 | ed:0.858 | hr@1:0.728 | hr@2:0.873 | hr@3:0.925 | acc@1:0.728 | acc@2:0.65 | acc@3:0.615 | Best krc: 0.806 | Best epoch: 13
best model saved
[2023-12-07 05:14:15] INFO (nni/MainThread) Intermediate result: 0.8137646612242153  (Index 34)
-----------------ETPA RESULT-------------------
Epoch 17: Validation	rmse: 21.26	mae: 16.66	mape: 119.55%	acc@10: 37.45%	acc@20: 68.19%	acc@30: 85.66%	
[2023-12-07 05:14:15] INFO (nni/MainThread) Intermediate result: 21.261595296061824  (Index 35)
*** Epoch: 18 ***
-----------------G2R RESULT-------------------

val result: krc:0.813 | lsd:0.602 | ed:0.89 | hr@1:0.74 | hr@2:0.871 | hr@3:0.923 | acc@1:0.74 | acc@2:0.653 | acc@3:0.612 | Best krc: 0.814 | Best epoch: 17
[2023-12-07 05:16:18] INFO (nni/MainThread) Intermediate result: 0.8129110912407809  (Index 36)
-----------------ETPA RESULT-------------------
Epoch 18: Validation	rmse: 21.1	mae: 16.57	mape: 119.25%	acc@10: 37.47%	acc@20: 68.48%	acc@30: 85.79%	
[2023-12-07 05:16:18] INFO (nni/MainThread) Intermediate result: 21.09804455361478  (Index 37)
*** Epoch: 19 ***
-----------------G2R RESULT-------------------

val result: krc:0.811 | lsd:0.586 | ed:0.892 | hr@1:0.732 | hr@2:0.878 | hr@3:0.921 | acc@1:0.732 | acc@2:0.655 | acc@3:0.612 | Best krc: 0.814 | Best epoch: 17
[2023-12-07 05:18:20] INFO (nni/MainThread) Intermediate result: 0.8112058214987817  (Index 38)
-----------------ETPA RESULT-------------------
Epoch 19: Validation	rmse: 20.95	mae: 16.48	mape: 119.06%	acc@10: 37.46%	acc@20: 68.74%	acc@30: 85.96%	
[2023-12-07 05:18:20] INFO (nni/MainThread) Intermediate result: 20.953770849796367  (Index 39)
*** Epoch: 20 ***
-----------------G2R RESULT-------------------

val result: krc:0.808 | lsd:0.594 | ed:0.896 | hr@1:0.731 | hr@2:0.878 | hr@3:0.921 | acc@1:0.731 | acc@2:0.652 | acc@3:0.605 | Best krc: 0.814 | Best epoch: 17
[2023-12-07 05:20:23] INFO (nni/MainThread) Intermediate result: 0.8076854111572083  (Index 40)
-----------------ETPA RESULT-------------------
Epoch 20: Validation	rmse: 20.85	mae: 16.43	mape: 119.07%	acc@10: 37.34%	acc@20: 68.91%	acc@30: 86.05%	
[2023-12-07 05:20:23] INFO (nni/MainThread) Intermediate result: 20.845050457472887  (Index 41)
*** Epoch: 21 ***
-----------------G2R RESULT-------------------

val result: krc:0.809 | lsd:0.644 | ed:0.901 | hr@1:0.719 | hr@2:0.873 | hr@3:0.919 | acc@1:0.719 | acc@2:0.645 | acc@3:0.608 | Best krc: 0.814 | Best epoch: 17
[2023-12-07 05:22:25] INFO (nni/MainThread) Intermediate result: 0.8087423030580003  (Index 42)
-----------------ETPA RESULT-------------------
Epoch 21: Validation	rmse: 20.68	mae: 16.34	mape: 118.69%	acc@10: 37.24%	acc@20: 69.01%	acc@30: 86.41%	
[2023-12-07 05:22:25] INFO (nni/MainThread) Intermediate result: 20.680379442349185  (Index 43)
*** Epoch: 22 ***
-----------------G2R RESULT-------------------

val result: krc:0.812 | lsd:0.649 | ed:0.891 | hr@1:0.732 | hr@2:0.869 | hr@3:0.92 | acc@1:0.732 | acc@2:0.649 | acc@3:0.613 | Best krc: 0.814 | Best epoch: 17
[2023-12-07 05:24:27] INFO (nni/MainThread) Intermediate result: 0.8116794552999187  (Index 44)
-----------------ETPA RESULT-------------------
Epoch 22: Validation	rmse: 20.47	mae: 16.19	mape: 117.87%	acc@10: 37.63%	acc@20: 69.42%	acc@30: 86.78%	
[2023-12-07 05:24:27] INFO (nni/MainThread) Intermediate result: 20.474768870450486  (Index 45)
*** Epoch: 23 ***
-----------------G2R RESULT-------------------

val result: krc:0.808 | lsd:0.591 | ed:0.915 | hr@1:0.714 | hr@2:0.877 | hr@3:0.921 | acc@1:0.714 | acc@2:0.645 | acc@3:0.604 | Best krc: 0.814 | Best epoch: 17
[2023-12-07 05:26:30] INFO (nni/MainThread) Intermediate result: 0.8082464268472137  (Index 46)
-----------------ETPA RESULT-------------------
Epoch 23: Validation	rmse: 20.4	mae: 16.18	mape: 118.01%	acc@10: 37.41%	acc@20: 69.37%	acc@30: 86.9%	
[2023-12-07 05:26:30] INFO (nni/MainThread) Intermediate result: 20.40486771999605  (Index 47)
*** Epoch: 24 ***
-----------------G2R RESULT-------------------

val result: krc:0.793 | lsd:0.658 | ed:0.947 | hr@1:0.707 | hr@2:0.87 | hr@3:0.915 | acc@1:0.707 | acc@2:0.631 | acc@3:0.589 | Best krc: 0.814 | Best epoch: 17
[2023-12-07 05:28:33] INFO (nni/MainThread) Intermediate result: 0.7933659393125942  (Index 48)
-----------------ETPA RESULT-------------------
Epoch 24: Validation	rmse: 20.24	mae: 16.06	mape: 117.32%	acc@10: 37.67%	acc@20: 69.78%	acc@30: 87.14%	
[2023-12-07 05:28:33] INFO (nni/MainThread) Intermediate result: 20.235272061637247  (Index 49)
*** Epoch: 25 ***
-----------------G2R RESULT-------------------

val result: krc:0.806 | lsd:0.613 | ed:0.898 | hr@1:0.716 | hr@2:0.875 | hr@3:0.92 | acc@1:0.716 | acc@2:0.644 | acc@3:0.607 | Best krc: 0.814 | Best epoch: 17
[2023-12-07 05:30:35] INFO (nni/MainThread) Intermediate result: 0.806448936252172  (Index 50)
-----------------ETPA RESULT-------------------
Epoch 25: Validation	rmse: 20.16	mae: 16.02	mape: 117.37%	acc@10: 37.65%	acc@20: 69.79%	acc@30: 87.22%	
[2023-12-07 05:30:35] INFO (nni/MainThread) Intermediate result: 20.161970233868875  (Index 51)
*** Epoch: 26 ***
-----------------G2R RESULT-------------------

val result: krc:0.811 | lsd:0.635 | ed:0.891 | hr@1:0.718 | hr@2:0.872 | hr@3:0.922 | acc@1:0.718 | acc@2:0.644 | acc@3:0.611 | Best krc: 0.814 | Best epoch: 17
[2023-12-07 05:32:38] INFO (nni/MainThread) Intermediate result: 0.8108591212832577  (Index 52)
-----------------ETPA RESULT-------------------
Epoch 26: Validation	rmse: 20.05	mae: 15.95	mape: 117.01%	acc@10: 37.65%	acc@20: 69.95%	acc@30: 87.48%	
[2023-12-07 05:32:38] INFO (nni/MainThread) Intermediate result: 20.048620180019046  (Index 53)
*** Epoch: 27 ***
-----------------G2R RESULT-------------------

val result: krc:0.816 | lsd:0.614 | ed:0.871 | hr@1:0.725 | hr@2:0.879 | hr@3:0.925 | acc@1:0.725 | acc@2:0.656 | acc@3:0.622 | Best krc: 0.814 | Best epoch: 17
best model saved
[2023-12-07 05:34:43] INFO (nni/MainThread) Intermediate result: 0.815983691121426  (Index 54)
-----------------ETPA RESULT-------------------
Epoch 27: Validation	rmse: 19.98	mae: 15.92	mape: 117.03%	acc@10: 37.61%	acc@20: 69.96%	acc@30: 87.62%	
[2023-12-07 05:34:43] INFO (nni/MainThread) Intermediate result: 19.97693798620776  (Index 55)
*** Epoch: 28 ***
-----------------G2R RESULT-------------------

val result: krc:0.819 | lsd:0.614 | ed:0.865 | hr@1:0.751 | hr@2:0.871 | hr@3:0.922 | acc@1:0.751 | acc@2:0.661 | acc@3:0.626 | Best krc: 0.816 | Best epoch: 27
best model saved
[2023-12-07 05:36:47] INFO (nni/MainThread) Intermediate result: 0.81878116086249  (Index 56)
-----------------ETPA RESULT-------------------
Epoch 28: Validation	rmse: 19.89	mae: 15.88	mape: 116.87%	acc@10: 37.57%	acc@20: 70.05%	acc@30: 87.75%	
[2023-12-07 05:36:47] INFO (nni/MainThread) Intermediate result: 19.890233496832426  (Index 57)
*** Epoch: 29 ***
-----------------G2R RESULT-------------------

val result: krc:0.806 | lsd:0.649 | ed:0.904 | hr@1:0.715 | hr@2:0.879 | hr@3:0.923 | acc@1:0.715 | acc@2:0.646 | acc@3:0.609 | Best krc: 0.819 | Best epoch: 28
[2023-12-07 05:38:51] INFO (nni/MainThread) Intermediate result: 0.805527231517612  (Index 58)
-----------------ETPA RESULT-------------------
Epoch 29: Validation	rmse: 19.78	mae: 15.81	mape: 116.56%	acc@10: 37.64%	acc@20: 70.19%	acc@30: 87.98%	
[2023-12-07 05:38:51] INFO (nni/MainThread) Intermediate result: 19.782507879681237  (Index 59)
*** Epoch: 30 ***
-----------------G2R RESULT-------------------

val result: krc:0.806 | lsd:0.579 | ed:0.906 | hr@1:0.705 | hr@2:0.882 | hr@3:0.926 | acc@1:0.705 | acc@2:0.64 | acc@3:0.598 | Best krc: 0.819 | Best epoch: 28
[2023-12-07 05:40:54] INFO (nni/MainThread) Intermediate result: 0.8056660617395207  (Index 60)
-----------------ETPA RESULT-------------------
Epoch 30: Validation	rmse: 19.73	mae: 15.78	mape: 116.51%	acc@10: 37.6%	acc@20: 70.29%	acc@30: 88.0%	
[2023-12-07 05:40:54] INFO (nni/MainThread) Intermediate result: 19.725056079702444  (Index 61)
*** Epoch: 31 ***
-----------------G2R RESULT-------------------

val result: krc:0.819 | lsd:0.574 | ed:0.85 | hr@1:0.737 | hr@2:0.882 | hr@3:0.927 | acc@1:0.737 | acc@2:0.665 | acc@3:0.629 | Best krc: 0.819 | Best epoch: 28
[2023-12-07 05:42:57] INFO (nni/MainThread) Intermediate result: 0.8185476050452  (Index 62)
-----------------ETPA RESULT-------------------
Epoch 31: Validation	rmse: 19.64	mae: 15.71	mape: 116.12%	acc@10: 37.75%	acc@20: 70.52%	acc@30: 88.07%	
[2023-12-07 05:42:57] INFO (nni/MainThread) Intermediate result: 19.635582054289262  (Index 63)
*** Epoch: 32 ***
-----------------G2R RESULT-------------------

val result: krc:0.81 | lsd:0.62 | ed:0.887 | hr@1:0.722 | hr@2:0.873 | hr@3:0.923 | acc@1:0.722 | acc@2:0.647 | acc@3:0.613 | Best krc: 0.819 | Best epoch: 28
[2023-12-07 05:45:00] INFO (nni/MainThread) Intermediate result: 0.8102198738928077  (Index 64)
-----------------ETPA RESULT-------------------
Epoch 32: Validation	rmse: 19.62	mae: 15.7	mape: 116.19%	acc@10: 37.77%	acc@20: 70.55%	acc@30: 88.07%	
[2023-12-07 05:45:00] INFO (nni/MainThread) Intermediate result: 19.61733577248602  (Index 65)
*** Epoch: 33 ***
-----------------G2R RESULT-------------------

val result: krc:0.812 | lsd:0.569 | ed:0.875 | hr@1:0.708 | hr@2:0.883 | hr@3:0.925 | acc@1:0.708 | acc@2:0.643 | acc@3:0.606 | Best krc: 0.819 | Best epoch: 28
[2023-12-07 05:47:02] INFO (nni/MainThread) Intermediate result: 0.8122347671276398  (Index 66)
-----------------ETPA RESULT-------------------
Epoch 33: Validation	rmse: 19.53	mae: 15.63	mape: 115.84%	acc@10: 37.92%	acc@20: 70.71%	acc@30: 88.26%	
[2023-12-07 05:47:02] INFO (nni/MainThread) Intermediate result: 19.525402040242763  (Index 67)
*** Epoch: 34 ***
-----------------G2R RESULT-------------------

val result: krc:0.804 | lsd:0.586 | ed:0.919 | hr@1:0.697 | hr@2:0.877 | hr@3:0.924 | acc@1:0.697 | acc@2:0.627 | acc@3:0.594 | Best krc: 0.819 | Best epoch: 28
[2023-12-07 05:49:05] INFO (nni/MainThread) Intermediate result: 0.8044074499081059  (Index 68)
-----------------ETPA RESULT-------------------
Epoch 34: Validation	rmse: 19.49	mae: 15.62	mape: 115.83%	acc@10: 37.84%	acc@20: 70.74%	acc@30: 88.28%	
[2023-12-07 05:49:05] INFO (nni/MainThread) Intermediate result: 19.4861035544947  (Index 69)
*** Epoch: 35 ***
-----------------G2R RESULT-------------------

val result: krc:0.769 | lsd:0.69 | ed:1.017 | hr@1:0.681 | hr@2:0.864 | hr@3:0.912 | acc@1:0.681 | acc@2:0.603 | acc@3:0.554 | Best krc: 0.819 | Best epoch: 28
[2023-12-07 05:51:08] INFO (nni/MainThread) Intermediate result: 0.7686913691985839  (Index 70)
-----------------ETPA RESULT-------------------
Epoch 35: Validation	rmse: 19.45	mae: 15.59	mape: 115.71%	acc@10: 37.89%	acc@20: 70.83%	acc@30: 88.26%	
[2023-12-07 05:51:08] INFO (nni/MainThread) Intermediate result: 19.454535539279906  (Index 71)
*** Epoch: 36 ***
-----------------G2R RESULT-------------------

val result: krc:0.786 | lsd:0.7 | ed:0.969 | hr@1:0.709 | hr@2:0.855 | hr@3:0.911 | acc@1:0.709 | acc@2:0.623 | acc@3:0.58 | Best krc: 0.819 | Best epoch: 28
[2023-12-07 05:53:10] INFO (nni/MainThread) Intermediate result: 0.7862767141035615  (Index 72)
-----------------ETPA RESULT-------------------
Epoch 36: Validation	rmse: 19.39	mae: 15.55	mape: 115.47%	acc@10: 37.92%	acc@20: 70.92%	acc@30: 88.35%	
[2023-12-07 05:53:10] INFO (nni/MainThread) Intermediate result: 19.387143696598866  (Index 73)
*** Epoch: 37 ***
-----------------G2R RESULT-------------------

val result: krc:0.812 | lsd:0.622 | ed:0.88 | hr@1:0.734 | hr@2:0.868 | hr@3:0.925 | acc@1:0.734 | acc@2:0.647 | acc@3:0.617 | Best krc: 0.819 | Best epoch: 28
[2023-12-07 05:55:12] INFO (nni/MainThread) Intermediate result: 0.8123692447085539  (Index 74)
-----------------ETPA RESULT-------------------
Epoch 37: Validation	rmse: 19.3	mae: 15.5	mape: 115.17%	acc@10: 37.97%	acc@20: 71.01%	acc@30: 88.53%	
[2023-12-07 05:55:12] INFO (nni/MainThread) Intermediate result: 19.304669883054135  (Index 75)
*** Epoch: 38 ***
-----------------G2R RESULT-------------------

val result: krc:0.79 | lsd:0.68 | ed:0.942 | hr@1:0.707 | hr@2:0.864 | hr@3:0.916 | acc@1:0.707 | acc@2:0.622 | acc@3:0.586 | Best krc: 0.819 | Best epoch: 28
[2023-12-07 05:57:14] INFO (nni/MainThread) Intermediate result: 0.7901394493698821  (Index 76)
-----------------ETPA RESULT-------------------
Epoch 38: Validation	rmse: 19.23	mae: 15.44	mape: 114.77%	acc@10: 38.09%	acc@20: 71.22%	acc@30: 88.59%	
[2023-12-07 05:57:14] INFO (nni/MainThread) Intermediate result: 19.23063242326964  (Index 77)
loaded model path: /home/sentanoe/joint_training/data/dataset/food_pd/sort_model/hidden_size-8.gcnru-pd_1701920264.70715481701920264.707191
best model loaded !!!
krc:0.803 | lsd:0.486 | ed:0.913 | hr@1:0.728 | hr@2:0.898 | hr@3:0.942 | acc@1:0.728 | acc@2:0.655 | acc@3:0.61 |

-------------------------------------------------------------
Best epoch for G2R:  28
Best epoch for ETPA:  38
graph2route_pd Evaluation in test: krc:0.803 | lsd:0.486 | ed:0.913 | hr@1:0.728 | hr@2:0.898 | hr@3:0.942 | acc@1:0.728 | acc@2:0.655 | acc@3:0.61 |
RankPETA Evaluation in test: rmse: 15.89	mae: 13.16	mape: 115.02%	acc@10: 40.93%	acc@20: 78.06%	acc@30: 96.2%	
