Device:  cuda
{'alpha_loss': 0.5,
 'batch_size': 64,
 'dataset': 'food_pd',
 'datatype': 'order',
 'device': device(type='cuda'),
 'early_stop': 10,
 'edge_fea_dim': 5,
 'embedding_dim': 32,
 'eval_end_1': 11,
 'eval_end_2': 25,
 'eval_start': 1,
 'gcn_num_layers': 2,
 'hidden_size': 8,
 'is_eval': False,
 'is_test': False,
 'k_min_nodes': 3,
 'k_nearest_neighbors': 'n-1',
 'lr': 0.001,
 'max_task_num': 25,
 'min_task_num': 0,
 'modelArrivalTime': 'RankPETA',
 'modelRoute': 'graph2route_pd',
 'no_cuda': False,
 'node_fea_dim': 8,
 'node_features_test': '/home/sentanoe/joint_training/data/dataset/food_pd/node_features_test_full.npy',
 'node_features_train': '/home/sentanoe/joint_training/data/dataset/food_pd/node_features_train_full.npy',
 'node_features_val': '/home/sentanoe/joint_training/data/dataset/food_pd/node_features_val_full.npy',
 'num_block': 2,
 'num_epoch': 1000,
 'num_head': 2,
 'num_worker_logistics': 2346,
 'num_worker_pd': 920,
 'pad_value': 26,
 'seed': 2022,
 'sort_mode': 'pnn_idx',
 'spatial_encoder': 'gcn',
 'temporal_encoder': 'gru',
 'test_path': '/home/sentanoe/joint_training/data/dataset/food_pd/test_full.npy',
 'train_mode': 'sort',
 'train_path': '/home/sentanoe/joint_training/data/dataset/food_pd/train_full.npy',
 'val_path': '/home/sentanoe/joint_training/data/dataset/food_pd/val_full.npy',
 'wd': 1e-05,
 'worker_emb_dim': 10,
 'workers': 2}
last_x_size:13;unpick_x_size:12;input_size:53
#train:2521 | #val:1257 | #test:1261
*** Epoch: 0 ***
-----------------G2R RESULT-------------------

val result: krc:0.76 | lsd:0.711 | ed:1.033 | hr@1:0.624 | hr@2:0.853 | hr@3:0.903 | acc@1:0.624 | acc@2:0.563 | acc@3:0.526 | Best krc: -1 | Best epoch: -1
best model saved
[2023-12-18 10:06:24] INFO (nni/MainThread) Intermediate result: 0.760182888254598  (Index 0)
-----------------ETPA RESULT-------------------
Epoch 0: Validation	rmse: 26.16	mae: 20.54	mape: 65.68%	acc@10: 30.37%	acc@20: 57.78%	acc@30: 76.67%	
[2023-12-18 10:06:24] INFO (nni/MainThread) Intermediate result: 26.155329424884304  (Index 1)
*** Epoch: 1 ***
-----------------G2R RESULT-------------------

val result: krc:0.764 | lsd:0.703 | ed:1.015 | hr@1:0.627 | hr@2:0.862 | hr@3:0.906 | acc@1:0.627 | acc@2:0.571 | acc@3:0.533 | Best krc: 0.76 | Best epoch: 0
best model saved
[2023-12-18 10:06:51] INFO (nni/MainThread) Intermediate result: 0.7638194408548584  (Index 2)
-----------------ETPA RESULT-------------------
Epoch 1: Validation	rmse: 25.69	mae: 19.49	mape: 100.74%	acc@10: 34.44%	acc@20: 62.41%	acc@30: 80.0%	
[2023-12-18 10:06:51] INFO (nni/MainThread) Intermediate result: 25.68593846004659  (Index 3)
*** Epoch: 2 ***
-----------------G2R RESULT-------------------

val result: krc:0.767 | lsd:0.681 | ed:1.02 | hr@1:0.623 | hr@2:0.865 | hr@3:0.911 | acc@1:0.623 | acc@2:0.568 | acc@3:0.533 | Best krc: 0.764 | Best epoch: 1
best model saved
[2023-12-18 10:07:18] INFO (nni/MainThread) Intermediate result: 0.7667017223816524  (Index 4)
-----------------ETPA RESULT-------------------
Epoch 2: Validation	rmse: 24.58	mae: 18.88	mape: 111.97%	acc@10: 33.95%	acc@20: 63.46%	acc@30: 81.48%	
[2023-12-18 10:07:18] INFO (nni/MainThread) Intermediate result: 24.580075389477653  (Index 5)
*** Epoch: 3 ***
-----------------G2R RESULT-------------------

val result: krc:0.766 | lsd:0.68 | ed:1.005 | hr@1:0.634 | hr@2:0.861 | hr@3:0.906 | acc@1:0.634 | acc@2:0.574 | acc@3:0.532 | Best krc: 0.767 | Best epoch: 2
[2023-12-18 10:07:42] INFO (nni/MainThread) Intermediate result: 0.7661381152329992  (Index 6)
-----------------ETPA RESULT-------------------
Epoch 3: Validation	rmse: 23.15	mae: 18.03	mape: 113.21%	acc@10: 34.54%	acc@20: 65.28%	acc@30: 83.52%	
[2023-12-18 10:07:42] INFO (nni/MainThread) Intermediate result: 23.151664570807117  (Index 7)
*** Epoch: 4 ***
-----------------G2R RESULT-------------------

val result: krc:0.762 | lsd:0.672 | ed:1.018 | hr@1:0.631 | hr@2:0.862 | hr@3:0.907 | acc@1:0.631 | acc@2:0.571 | acc@3:0.527 | Best krc: 0.767 | Best epoch: 2
[2023-12-18 10:08:07] INFO (nni/MainThread) Intermediate result: 0.7624906955908266  (Index 8)
-----------------ETPA RESULT-------------------
Epoch 4: Validation	rmse: 21.93	mae: 17.13	mape: 110.62%	acc@10: 36.37%	acc@20: 67.56%	acc@30: 84.59%	
[2023-12-18 10:08:07] INFO (nni/MainThread) Intermediate result: 21.930712385330157  (Index 9)
*** Epoch: 5 ***
-----------------G2R RESULT-------------------

val result: krc:0.759 | lsd:0.701 | ed:1.02 | hr@1:0.625 | hr@2:0.861 | hr@3:0.906 | acc@1:0.625 | acc@2:0.571 | acc@3:0.53 | Best krc: 0.767 | Best epoch: 2
[2023-12-18 10:08:32] INFO (nni/MainThread) Intermediate result: 0.7589253302851904  (Index 10)
-----------------ETPA RESULT-------------------
Epoch 5: Validation	rmse: 21.03	mae: 16.52	mape: 109.41%	acc@10: 37.41%	acc@20: 68.95%	acc@30: 85.99%	
[2023-12-18 10:08:32] INFO (nni/MainThread) Intermediate result: 21.03436072739374  (Index 11)
*** Epoch: 6 ***
-----------------G2R RESULT-------------------

val result: krc:0.767 | lsd:0.688 | ed:1.015 | hr@1:0.63 | hr@2:0.865 | hr@3:0.913 | acc@1:0.63 | acc@2:0.572 | acc@3:0.539 | Best krc: 0.767 | Best epoch: 2
best model saved
[2023-12-18 10:08:58] INFO (nni/MainThread) Intermediate result: 0.7673772304554991  (Index 12)
-----------------ETPA RESULT-------------------
Epoch 6: Validation	rmse: 20.34	mae: 16.01	mape: 107.97%	acc@10: 38.41%	acc@20: 69.95%	acc@30: 86.98%	
[2023-12-18 10:08:58] INFO (nni/MainThread) Intermediate result: 20.344131727118384  (Index 13)
*** Epoch: 7 ***
-----------------G2R RESULT-------------------

val result: krc:0.761 | lsd:0.723 | ed:1.031 | hr@1:0.631 | hr@2:0.861 | hr@3:0.906 | acc@1:0.631 | acc@2:0.574 | acc@3:0.533 | Best krc: 0.767 | Best epoch: 6
[2023-12-18 10:09:23] INFO (nni/MainThread) Intermediate result: 0.7607869974201411  (Index 14)
-----------------ETPA RESULT-------------------
Epoch 7: Validation	rmse: 19.72	mae: 15.54	mape: 106.17%	acc@10: 39.72%	acc@20: 71.34%	acc@30: 88.19%	
[2023-12-18 10:09:23] INFO (nni/MainThread) Intermediate result: 19.71937064372159  (Index 15)
*** Epoch: 8 ***
-----------------G2R RESULT-------------------

val result: krc:0.771 | lsd:0.641 | ed:0.984 | hr@1:0.635 | hr@2:0.865 | hr@3:0.913 | acc@1:0.635 | acc@2:0.573 | acc@3:0.54 | Best krc: 0.767 | Best epoch: 6
best model saved
[2023-12-18 10:09:50] INFO (nni/MainThread) Intermediate result: 0.7706863565105804  (Index 16)
-----------------ETPA RESULT-------------------
Epoch 8: Validation	rmse: 19.46	mae: 15.35	mape: 106.28%	acc@10: 40.33%	acc@20: 71.77%	acc@30: 88.44%	
[2023-12-18 10:09:50] INFO (nni/MainThread) Intermediate result: 19.455669968043523  (Index 17)
*** Epoch: 9 ***
-----------------G2R RESULT-------------------

val result: krc:0.776 | lsd:0.664 | ed:0.973 | hr@1:0.648 | hr@2:0.864 | hr@3:0.908 | acc@1:0.648 | acc@2:0.589 | acc@3:0.55 | Best krc: 0.771 | Best epoch: 8
best model saved
[2023-12-18 10:10:16] INFO (nni/MainThread) Intermediate result: 0.7759929749435655  (Index 18)
-----------------ETPA RESULT-------------------
Epoch 9: Validation	rmse: 19.05	mae: 15.08	mape: 105.11%	acc@10: 40.93%	acc@20: 72.44%	acc@30: 89.22%	
[2023-12-18 10:10:16] INFO (nni/MainThread) Intermediate result: 19.0524487216526  (Index 19)
*** Epoch: 10 ***
-----------------G2R RESULT-------------------

val result: krc:0.755 | lsd:0.707 | ed:1.042 | hr@1:0.627 | hr@2:0.858 | hr@3:0.904 | acc@1:0.627 | acc@2:0.564 | acc@3:0.521 | Best krc: 0.776 | Best epoch: 9
[2023-12-18 10:10:41] INFO (nni/MainThread) Intermediate result: 0.7546816104752265  (Index 20)
-----------------ETPA RESULT-------------------
Epoch 10: Validation	rmse: 18.67	mae: 14.77	mape: 103.35%	acc@10: 41.68%	acc@20: 73.47%	acc@30: 89.8%	
[2023-12-18 10:10:41] INFO (nni/MainThread) Intermediate result: 18.669429060958045  (Index 21)
*** Epoch: 11 ***
-----------------G2R RESULT-------------------

val result: krc:0.78 | lsd:0.634 | ed:0.958 | hr@1:0.639 | hr@2:0.869 | hr@3:0.914 | acc@1:0.639 | acc@2:0.588 | acc@3:0.552 | Best krc: 0.776 | Best epoch: 9
best model saved
[2023-12-18 10:11:08] INFO (nni/MainThread) Intermediate result: 0.7801302682806835  (Index 22)
-----------------ETPA RESULT-------------------
Epoch 11: Validation	rmse: 18.33	mae: 14.52	mape: 101.78%	acc@10: 42.38%	acc@20: 74.29%	acc@30: 90.31%	
[2023-12-18 10:11:08] INFO (nni/MainThread) Intermediate result: 18.33371701513714  (Index 23)
*** Epoch: 12 ***
-----------------G2R RESULT-------------------

val result: krc:0.765 | lsd:0.661 | ed:0.997 | hr@1:0.64 | hr@2:0.865 | hr@3:0.909 | acc@1:0.64 | acc@2:0.585 | acc@3:0.539 | Best krc: 0.78 | Best epoch: 11
[2023-12-18 10:11:33] INFO (nni/MainThread) Intermediate result: 0.7653552814899557  (Index 24)
-----------------ETPA RESULT-------------------
Epoch 12: Validation	rmse: 18.02	mae: 14.28	mape: 100.27%	acc@10: 42.88%	acc@20: 75.1%	acc@30: 90.88%	
[2023-12-18 10:11:33] INFO (nni/MainThread) Intermediate result: 18.015489661262926  (Index 25)
*** Epoch: 13 ***
-----------------G2R RESULT-------------------

val result: krc:0.767 | lsd:0.659 | ed:1.014 | hr@1:0.637 | hr@2:0.863 | hr@3:0.906 | acc@1:0.637 | acc@2:0.578 | acc@3:0.529 | Best krc: 0.78 | Best epoch: 11
[2023-12-18 10:11:59] INFO (nni/MainThread) Intermediate result: 0.7666558924888615  (Index 26)
-----------------ETPA RESULT-------------------
Epoch 13: Validation	rmse: 17.73	mae: 14.06	mape: 98.64%	acc@10: 43.49%	acc@20: 75.9%	acc@30: 91.3%	
[2023-12-18 10:11:59] INFO (nni/MainThread) Intermediate result: 17.73438689236124  (Index 27)
*** Epoch: 14 ***
-----------------G2R RESULT-------------------

val result: krc:0.78 | lsd:0.651 | ed:0.97 | hr@1:0.639 | hr@2:0.87 | hr@3:0.913 | acc@1:0.639 | acc@2:0.585 | acc@3:0.549 | Best krc: 0.78 | Best epoch: 11
[2023-12-18 10:12:25] INFO (nni/MainThread) Intermediate result: 0.7800084334846031  (Index 28)
-----------------ETPA RESULT-------------------
Epoch 14: Validation	rmse: 17.53	mae: 13.9	mape: 97.47%	acc@10: 44.0%	acc@20: 76.35%	acc@30: 91.6%	
[2023-12-18 10:12:25] INFO (nni/MainThread) Intermediate result: 17.529202787260942  (Index 29)
*** Epoch: 15 ***
-----------------G2R RESULT-------------------

val result: krc:0.765 | lsd:0.66 | ed:1.0 | hr@1:0.642 | hr@2:0.866 | hr@3:0.908 | acc@1:0.642 | acc@2:0.582 | acc@3:0.535 | Best krc: 0.78 | Best epoch: 11
[2023-12-18 10:12:52] INFO (nni/MainThread) Intermediate result: 0.7654777181231052  (Index 30)
-----------------ETPA RESULT-------------------
Epoch 15: Validation	rmse: 17.28	mae: 13.69	mape: 95.67%	acc@10: 44.77%	acc@20: 77.01%	acc@30: 91.92%	
[2023-12-18 10:12:52] INFO (nni/MainThread) Intermediate result: 17.283458895533478  (Index 31)
*** Epoch: 16 ***
-----------------G2R RESULT-------------------

val result: krc:0.783 | lsd:0.626 | ed:0.956 | hr@1:0.653 | hr@2:0.871 | hr@3:0.917 | acc@1:0.653 | acc@2:0.591 | acc@3:0.555 | Best krc: 0.78 | Best epoch: 11
best model saved
[2023-12-18 10:13:19] INFO (nni/MainThread) Intermediate result: 0.7825949383011036  (Index 32)
-----------------ETPA RESULT-------------------
Epoch 16: Validation	rmse: 17.1	mae: 13.54	mape: 94.15%	acc@10: 45.42%	acc@20: 77.45%	acc@30: 92.14%	
[2023-12-18 10:13:19] INFO (nni/MainThread) Intermediate result: 17.100379421322213  (Index 33)
*** Epoch: 17 ***
-----------------G2R RESULT-------------------

val result: krc:0.763 | lsd:0.675 | ed:1.012 | hr@1:0.64 | hr@2:0.863 | hr@3:0.907 | acc@1:0.64 | acc@2:0.577 | acc@3:0.533 | Best krc: 0.783 | Best epoch: 16
[2023-12-18 10:13:46] INFO (nni/MainThread) Intermediate result: 0.7626133749002136  (Index 34)
-----------------ETPA RESULT-------------------
Epoch 17: Validation	rmse: 16.93	mae: 13.39	mape: 92.77%	acc@10: 46.01%	acc@20: 77.88%	acc@30: 92.37%	
[2023-12-18 10:13:46] INFO (nni/MainThread) Intermediate result: 16.934558291134234  (Index 35)
*** Epoch: 18 ***
-----------------G2R RESULT-------------------

val result: krc:0.784 | lsd:0.623 | ed:0.947 | hr@1:0.648 | hr@2:0.872 | hr@3:0.917 | acc@1:0.648 | acc@2:0.592 | acc@3:0.557 | Best krc: 0.783 | Best epoch: 16
best model saved
[2023-12-18 10:14:13] INFO (nni/MainThread) Intermediate result: 0.7841366329341843  (Index 36)
-----------------ETPA RESULT-------------------
Epoch 18: Validation	rmse: 16.77	mae: 13.25	mape: 91.57%	acc@10: 46.45%	acc@20: 78.32%	acc@30: 92.63%	
[2023-12-18 10:14:13] INFO (nni/MainThread) Intermediate result: 16.766942483906735  (Index 37)
*** Epoch: 19 ***
-----------------G2R RESULT-------------------

val result: krc:0.784 | lsd:0.618 | ed:0.941 | hr@1:0.652 | hr@2:0.872 | hr@3:0.918 | acc@1:0.652 | acc@2:0.596 | acc@3:0.559 | Best krc: 0.784 | Best epoch: 18
[2023-12-18 10:14:39] INFO (nni/MainThread) Intermediate result: 0.783647509917733  (Index 38)
-----------------ETPA RESULT-------------------
Epoch 19: Validation	rmse: 16.63	mae: 13.14	mape: 90.68%	acc@10: 46.83%	acc@20: 78.67%	acc@30: 92.83%	
[2023-12-18 10:14:39] INFO (nni/MainThread) Intermediate result: 16.62538307123421  (Index 39)
*** Epoch: 20 ***
-----------------G2R RESULT-------------------

val result: krc:0.767 | lsd:0.66 | ed:0.993 | hr@1:0.646 | hr@2:0.864 | hr@3:0.911 | acc@1:0.646 | acc@2:0.585 | acc@3:0.543 | Best krc: 0.784 | Best epoch: 18
[2023-12-18 10:15:05] INFO (nni/MainThread) Intermediate result: 0.7670665537477955  (Index 40)
-----------------ETPA RESULT-------------------
Epoch 20: Validation	rmse: 16.5	mae: 13.03	mape: 89.56%	acc@10: 47.27%	acc@20: 78.99%	acc@30: 92.98%	
[2023-12-18 10:15:05] INFO (nni/MainThread) Intermediate result: 16.49560583768745  (Index 41)
*** Epoch: 21 ***
-----------------G2R RESULT-------------------

val result: krc:0.77 | lsd:0.653 | ed:0.992 | hr@1:0.643 | hr@2:0.863 | hr@3:0.91 | acc@1:0.643 | acc@2:0.582 | acc@3:0.541 | Best krc: 0.784 | Best epoch: 18
[2023-12-18 10:15:31] INFO (nni/MainThread) Intermediate result: 0.7696014296801353  (Index 42)
-----------------ETPA RESULT-------------------
Epoch 21: Validation	rmse: 16.39	mae: 12.93	mape: 88.43%	acc@10: 47.69%	acc@20: 79.23%	acc@30: 93.13%	
[2023-12-18 10:15:31] INFO (nni/MainThread) Intermediate result: 16.393435346963493  (Index 43)
*** Epoch: 22 ***
-----------------G2R RESULT-------------------

val result: krc:0.771 | lsd:0.654 | ed:0.998 | hr@1:0.649 | hr@2:0.864 | hr@3:0.909 | acc@1:0.649 | acc@2:0.584 | acc@3:0.541 | Best krc: 0.784 | Best epoch: 18
[2023-12-18 10:15:58] INFO (nni/MainThread) Intermediate result: 0.7711305190623075  (Index 44)
-----------------ETPA RESULT-------------------
Epoch 22: Validation	rmse: 16.29	mae: 12.84	mape: 87.48%	acc@10: 47.99%	acc@20: 79.52%	acc@30: 93.25%	
[2023-12-18 10:15:58] INFO (nni/MainThread) Intermediate result: 16.287662001803156  (Index 45)
*** Epoch: 23 ***
-----------------G2R RESULT-------------------

val result: krc:0.776 | lsd:0.638 | ed:0.988 | hr@1:0.648 | hr@2:0.869 | hr@3:0.915 | acc@1:0.648 | acc@2:0.585 | acc@3:0.547 | Best krc: 0.784 | Best epoch: 18
[2023-12-18 10:16:24] INFO (nni/MainThread) Intermediate result: 0.7763374302421088  (Index 46)
-----------------ETPA RESULT-------------------
Epoch 23: Validation	rmse: 16.2	mae: 12.77	mape: 86.71%	acc@10: 48.26%	acc@20: 79.74%	acc@30: 93.32%	
[2023-12-18 10:16:24] INFO (nni/MainThread) Intermediate result: 16.19959424182968  (Index 47)
*** Epoch: 24 ***
-----------------G2R RESULT-------------------

val result: krc:0.782 | lsd:0.676 | ed:0.959 | hr@1:0.647 | hr@2:0.875 | hr@3:0.917 | acc@1:0.647 | acc@2:0.592 | acc@3:0.555 | Best krc: 0.784 | Best epoch: 18
[2023-12-18 10:16:50] INFO (nni/MainThread) Intermediate result: 0.7816639122104798  (Index 48)
-----------------ETPA RESULT-------------------
Epoch 24: Validation	rmse: 16.14	mae: 12.71	mape: 85.97%	acc@10: 48.52%	acc@20: 79.85%	acc@30: 93.38%	
[2023-12-18 10:16:50] INFO (nni/MainThread) Intermediate result: 16.137573492434065  (Index 49)
*** Epoch: 25 ***
-----------------G2R RESULT-------------------

val result: krc:0.79 | lsd:0.618 | ed:0.935 | hr@1:0.651 | hr@2:0.874 | hr@3:0.921 | acc@1:0.651 | acc@2:0.594 | acc@3:0.568 | Best krc: 0.784 | Best epoch: 18
best model saved
[2023-12-18 10:17:17] INFO (nni/MainThread) Intermediate result: 0.7901701123214022  (Index 50)
-----------------ETPA RESULT-------------------
Epoch 25: Validation	rmse: 16.06	mae: 12.65	mape: 85.41%	acc@10: 48.73%	acc@20: 80.06%	acc@30: 93.49%	
[2023-12-18 10:17:17] INFO (nni/MainThread) Intermediate result: 16.059540006331385  (Index 51)
*** Epoch: 26 ***
-----------------G2R RESULT-------------------

val result: krc:0.791 | lsd:0.609 | ed:0.924 | hr@1:0.658 | hr@2:0.877 | hr@3:0.921 | acc@1:0.658 | acc@2:0.6 | acc@3:0.567 | Best krc: 0.79 | Best epoch: 25
best model saved
[2023-12-18 10:17:44] INFO (nni/MainThread) Intermediate result: 0.7912902087628803  (Index 52)
-----------------ETPA RESULT-------------------
Epoch 26: Validation	rmse: 15.98	mae: 12.59	mape: 84.89%	acc@10: 48.85%	acc@20: 80.29%	acc@30: 93.58%	
[2023-12-18 10:17:44] INFO (nni/MainThread) Intermediate result: 15.98383430943991  (Index 53)
*** Epoch: 27 ***
-----------------G2R RESULT-------------------

val result: krc:0.793 | lsd:0.62 | ed:0.923 | hr@1:0.658 | hr@2:0.876 | hr@3:0.921 | acc@1:0.658 | acc@2:0.602 | acc@3:0.572 | Best krc: 0.791 | Best epoch: 26
best model saved
[2023-12-18 10:18:12] INFO (nni/MainThread) Intermediate result: 0.7929132242031234  (Index 54)
-----------------ETPA RESULT-------------------
Epoch 27: Validation	rmse: 15.9	mae: 12.53	mape: 84.35%	acc@10: 49.05%	acc@20: 80.48%	acc@30: 93.7%	
[2023-12-18 10:18:12] INFO (nni/MainThread) Intermediate result: 15.903629520120731  (Index 55)
*** Epoch: 28 ***
-----------------G2R RESULT-------------------

val result: krc:0.785 | lsd:0.67 | ed:0.961 | hr@1:0.654 | hr@2:0.874 | hr@3:0.916 | acc@1:0.654 | acc@2:0.596 | acc@3:0.555 | Best krc: 0.793 | Best epoch: 27
[2023-12-18 10:18:38] INFO (nni/MainThread) Intermediate result: 0.7848857362980668  (Index 56)
-----------------ETPA RESULT-------------------
Epoch 28: Validation	rmse: 15.83	mae: 12.47	mape: 83.82%	acc@10: 49.17%	acc@20: 80.64%	acc@30: 93.82%	
[2023-12-18 10:18:38] INFO (nni/MainThread) Intermediate result: 15.829138845658827  (Index 57)
*** Epoch: 29 ***
-----------------G2R RESULT-------------------

val result: krc:0.793 | lsd:0.624 | ed:0.922 | hr@1:0.657 | hr@2:0.875 | hr@3:0.918 | acc@1:0.657 | acc@2:0.607 | acc@3:0.575 | Best krc: 0.793 | Best epoch: 27
[2023-12-18 10:19:04] INFO (nni/MainThread) Intermediate result: 0.7925201624720646  (Index 58)
-----------------ETPA RESULT-------------------
Epoch 29: Validation	rmse: 15.77	mae: 12.42	mape: 83.44%	acc@10: 49.32%	acc@20: 80.77%	acc@30: 93.9%	
[2023-12-18 10:19:04] INFO (nni/MainThread) Intermediate result: 15.768652364975  (Index 59)
*** Epoch: 30 ***
-----------------G2R RESULT-------------------

val result: krc:0.796 | lsd:0.603 | ed:0.913 | hr@1:0.662 | hr@2:0.874 | hr@3:0.918 | acc@1:0.662 | acc@2:0.606 | acc@3:0.572 | Best krc: 0.793 | Best epoch: 27
best model saved
[2023-12-18 10:19:32] INFO (nni/MainThread) Intermediate result: 0.7962146719820528  (Index 60)
-----------------ETPA RESULT-------------------
Epoch 30: Validation	rmse: 15.71	mae: 12.38	mape: 83.09%	acc@10: 49.43%	acc@20: 80.88%	acc@30: 93.98%	
[2023-12-18 10:19:32] INFO (nni/MainThread) Intermediate result: 15.705973311506684  (Index 61)
*** Epoch: 31 ***
-----------------G2R RESULT-------------------

val result: krc:0.776 | lsd:0.669 | ed:0.995 | hr@1:0.646 | hr@2:0.869 | hr@3:0.912 | acc@1:0.646 | acc@2:0.587 | acc@3:0.544 | Best krc: 0.796 | Best epoch: 30
[2023-12-18 10:19:57] INFO (nni/MainThread) Intermediate result: 0.7758654734955566  (Index 62)
-----------------ETPA RESULT-------------------
Epoch 31: Validation	rmse: 15.65	mae: 12.33	mape: 82.56%	acc@10: 49.61%	acc@20: 81.03%	acc@30: 94.06%	
[2023-12-18 10:19:57] INFO (nni/MainThread) Intermediate result: 15.648059600076243  (Index 63)
*** Epoch: 32 ***
-----------------G2R RESULT-------------------

val result: krc:0.786 | lsd:0.646 | ed:0.956 | hr@1:0.658 | hr@2:0.873 | hr@3:0.915 | acc@1:0.658 | acc@2:0.596 | acc@3:0.556 | Best krc: 0.796 | Best epoch: 30
[2023-12-18 10:20:25] INFO (nni/MainThread) Intermediate result: 0.7860566685577618  (Index 64)
-----------------ETPA RESULT-------------------
Epoch 32: Validation	rmse: 15.59	mae: 12.28	mape: 81.98%	acc@10: 49.76%	acc@20: 81.19%	acc@30: 94.11%	
[2023-12-18 10:20:25] INFO (nni/MainThread) Intermediate result: 15.586337929389998  (Index 65)
*** Epoch: 33 ***
-----------------G2R RESULT-------------------

val result: krc:0.795 | lsd:0.603 | ed:0.915 | hr@1:0.663 | hr@2:0.876 | hr@3:0.921 | acc@1:0.663 | acc@2:0.603 | acc@3:0.572 | Best krc: 0.796 | Best epoch: 30
[2023-12-18 10:20:51] INFO (nni/MainThread) Intermediate result: 0.7952892245327747  (Index 66)
-----------------ETPA RESULT-------------------
Epoch 33: Validation	rmse: 15.52	mae: 12.22	mape: 81.38%	acc@10: 50.0%	acc@20: 81.35%	acc@30: 94.19%	
[2023-12-18 10:20:51] INFO (nni/MainThread) Intermediate result: 15.522651607945233  (Index 67)
*** Epoch: 34 ***
-----------------G2R RESULT-------------------

val result: krc:0.797 | lsd:0.596 | ed:0.914 | hr@1:0.662 | hr@2:0.878 | hr@3:0.919 | acc@1:0.662 | acc@2:0.607 | acc@3:0.572 | Best krc: 0.796 | Best epoch: 30
best model saved
[2023-12-18 10:21:20] INFO (nni/MainThread) Intermediate result: 0.7972550703114761  (Index 68)
-----------------ETPA RESULT-------------------
Epoch 34: Validation	rmse: 15.47	mae: 12.18	mape: 80.97%	acc@10: 50.11%	acc@20: 81.54%	acc@30: 94.24%	
[2023-12-18 10:21:20] INFO (nni/MainThread) Intermediate result: 15.46700086974594  (Index 69)
*** Epoch: 35 ***
-----------------G2R RESULT-------------------

val result: krc:0.802 | lsd:0.587 | ed:0.888 | hr@1:0.669 | hr@2:0.88 | hr@3:0.923 | acc@1:0.669 | acc@2:0.617 | acc@3:0.587 | Best krc: 0.797 | Best epoch: 34
best model saved
[2023-12-18 10:21:47] INFO (nni/MainThread) Intermediate result: 0.8022503568109166  (Index 70)
-----------------ETPA RESULT-------------------
Epoch 35: Validation	rmse: 15.44	mae: 12.17	mape: 80.94%	acc@10: 50.15%	acc@20: 81.64%	acc@30: 94.28%	
[2023-12-18 10:21:47] INFO (nni/MainThread) Intermediate result: 15.440904549387938  (Index 71)
*** Epoch: 36 ***
-----------------G2R RESULT-------------------

val result: krc:0.802 | lsd:0.591 | ed:0.898 | hr@1:0.671 | hr@2:0.88 | hr@3:0.922 | acc@1:0.671 | acc@2:0.613 | acc@3:0.58 | Best krc: 0.802 | Best epoch: 35
[2023-12-18 10:22:16] INFO (nni/MainThread) Intermediate result: 0.8017561272392929  (Index 72)
-----------------ETPA RESULT-------------------
Epoch 36: Validation	rmse: 15.4	mae: 12.13	mape: 80.6%	acc@10: 50.26%	acc@20: 81.77%	acc@30: 94.31%	
[2023-12-18 10:22:16] INFO (nni/MainThread) Intermediate result: 15.399549724126008  (Index 73)
*** Epoch: 37 ***
-----------------G2R RESULT-------------------

val result: krc:0.801 | lsd:0.614 | ed:0.902 | hr@1:0.671 | hr@2:0.877 | hr@3:0.921 | acc@1:0.671 | acc@2:0.616 | acc@3:0.585 | Best krc: 0.802 | Best epoch: 35
[2023-12-18 10:22:43] INFO (nni/MainThread) Intermediate result: 0.8013022764050313  (Index 74)
-----------------ETPA RESULT-------------------
Epoch 37: Validation	rmse: 15.37	mae: 12.1	mape: 80.28%	acc@10: 50.37%	acc@20: 81.84%	acc@30: 94.34%	
[2023-12-18 10:22:43] INFO (nni/MainThread) Intermediate result: 15.367961967933832  (Index 75)
*** Epoch: 38 ***
-----------------G2R RESULT-------------------

val result: krc:0.806 | lsd:0.599 | ed:0.89 | hr@1:0.678 | hr@2:0.879 | hr@3:0.921 | acc@1:0.678 | acc@2:0.624 | acc@3:0.59 | Best krc: 0.802 | Best epoch: 35
best model saved
[2023-12-18 10:23:10] INFO (nni/MainThread) Intermediate result: 0.8055198114489763  (Index 76)
-----------------ETPA RESULT-------------------
Epoch 38: Validation	rmse: 15.33	mae: 12.07	mape: 80.01%	acc@10: 50.46%	acc@20: 81.94%	acc@30: 94.38%	
[2023-12-18 10:23:10] INFO (nni/MainThread) Intermediate result: 15.328794276778169  (Index 77)
*** Epoch: 39 ***
-----------------G2R RESULT-------------------

val result: krc:0.763 | lsd:0.691 | ed:1.027 | hr@1:0.641 | hr@2:0.863 | hr@3:0.908 | acc@1:0.641 | acc@2:0.58 | acc@3:0.534 | Best krc: 0.806 | Best epoch: 38
[2023-12-18 10:23:38] INFO (nni/MainThread) Intermediate result: 0.7625255235137175  (Index 78)
-----------------ETPA RESULT-------------------
Epoch 39: Validation	rmse: 15.29	mae: 12.04	mape: 79.57%	acc@10: 50.56%	acc@20: 82.09%	acc@30: 94.41%	
[2023-12-18 10:23:38] INFO (nni/MainThread) Intermediate result: 15.287585109120343  (Index 79)
*** Epoch: 40 ***
-----------------G2R RESULT-------------------

val result: krc:0.809 | lsd:0.578 | ed:0.871 | hr@1:0.688 | hr@2:0.878 | hr@3:0.922 | acc@1:0.688 | acc@2:0.628 | acc@3:0.593 | Best krc: 0.806 | Best epoch: 38
best model saved
[2023-12-18 10:24:05] INFO (nni/MainThread) Intermediate result: 0.8094460929441252  (Index 80)
-----------------ETPA RESULT-------------------
Epoch 40: Validation	rmse: 15.26	mae: 12.01	mape: 79.29%	acc@10: 50.67%	acc@20: 82.18%	acc@30: 94.44%	
[2023-12-18 10:24:05] INFO (nni/MainThread) Intermediate result: 15.256238075717121  (Index 81)
*** Epoch: 41 ***
-----------------G2R RESULT-------------------

val result: krc:0.803 | lsd:0.59 | ed:0.901 | hr@1:0.682 | hr@2:0.875 | hr@3:0.92 | acc@1:0.682 | acc@2:0.618 | acc@3:0.58 | Best krc: 0.809 | Best epoch: 40
[2023-12-18 10:24:32] INFO (nni/MainThread) Intermediate result: 0.8034038519740312  (Index 82)
-----------------ETPA RESULT-------------------
Epoch 41: Validation	rmse: 15.23	mae: 11.98	mape: 78.91%	acc@10: 50.73%	acc@20: 82.28%	acc@30: 94.48%	
[2023-12-18 10:24:32] INFO (nni/MainThread) Intermediate result: 15.225231179573825  (Index 83)
*** Epoch: 42 ***
-----------------G2R RESULT-------------------

val result: krc:0.805 | lsd:0.594 | ed:0.891 | hr@1:0.68 | hr@2:0.88 | hr@3:0.922 | acc@1:0.68 | acc@2:0.623 | acc@3:0.59 | Best krc: 0.809 | Best epoch: 40
[2023-12-18 10:24:59] INFO (nni/MainThread) Intermediate result: 0.8052577114055032  (Index 84)
-----------------ETPA RESULT-------------------
Epoch 42: Validation	rmse: 15.2	mae: 11.95	mape: 78.53%	acc@10: 50.84%	acc@20: 82.37%	acc@30: 94.5%	
[2023-12-18 10:24:59] INFO (nni/MainThread) Intermediate result: 15.19783540395359  (Index 85)
*** Epoch: 43 ***
-----------------G2R RESULT-------------------

val result: krc:0.807 | lsd:0.584 | ed:0.892 | hr@1:0.683 | hr@2:0.88 | hr@3:0.923 | acc@1:0.683 | acc@2:0.621 | acc@3:0.589 | Best krc: 0.809 | Best epoch: 40
[2023-12-18 10:25:26] INFO (nni/MainThread) Intermediate result: 0.8068092671065998  (Index 86)
-----------------ETPA RESULT-------------------
Epoch 43: Validation	rmse: 15.17	mae: 11.93	mape: 78.25%	acc@10: 50.91%	acc@20: 82.47%	acc@30: 94.53%	
[2023-12-18 10:25:26] INFO (nni/MainThread) Intermediate result: 15.16725300093127  (Index 87)
*** Epoch: 44 ***
-----------------G2R RESULT-------------------

val result: krc:0.804 | lsd:0.595 | ed:0.895 | hr@1:0.687 | hr@2:0.878 | hr@3:0.924 | acc@1:0.687 | acc@2:0.623 | acc@3:0.592 | Best krc: 0.809 | Best epoch: 40
[2023-12-18 10:25:52] INFO (nni/MainThread) Intermediate result: 0.8040973918630235  (Index 88)
-----------------ETPA RESULT-------------------
Epoch 44: Validation	rmse: 15.12	mae: 11.89	mape: 77.85%	acc@10: 51.04%	acc@20: 82.58%	acc@30: 94.57%	
[2023-12-18 10:25:52] INFO (nni/MainThread) Intermediate result: 15.124745824605625  (Index 89)
*** Epoch: 45 ***
-----------------G2R RESULT-------------------

val result: krc:0.803 | lsd:0.61 | ed:0.901 | hr@1:0.686 | hr@2:0.878 | hr@3:0.924 | acc@1:0.686 | acc@2:0.622 | acc@3:0.59 | Best krc: 0.809 | Best epoch: 40
[2023-12-18 10:26:20] INFO (nni/MainThread) Intermediate result: 0.8033666244685048  (Index 90)
-----------------ETPA RESULT-------------------
Epoch 45: Validation	rmse: 15.09	mae: 11.86	mape: 77.55%	acc@10: 51.14%	acc@20: 82.71%	acc@30: 94.61%	
[2023-12-18 10:26:20] INFO (nni/MainThread) Intermediate result: 15.088020154926115  (Index 91)
*** Epoch: 46 ***
-----------------G2R RESULT-------------------

val result: krc:0.808 | lsd:0.585 | ed:0.882 | hr@1:0.684 | hr@2:0.875 | hr@3:0.923 | acc@1:0.684 | acc@2:0.625 | acc@3:0.595 | Best krc: 0.809 | Best epoch: 40
[2023-12-18 10:26:47] INFO (nni/MainThread) Intermediate result: 0.8080859783789386  (Index 92)
-----------------ETPA RESULT-------------------
Epoch 46: Validation	rmse: 15.05	mae: 11.83	mape: 77.24%	acc@10: 51.26%	acc@20: 82.81%	acc@30: 94.64%	
[2023-12-18 10:26:47] INFO (nni/MainThread) Intermediate result: 15.052570765970941  (Index 93)
*** Epoch: 47 ***
-----------------G2R RESULT-------------------

val result: krc:0.787 | lsd:0.622 | ed:0.955 | hr@1:0.663 | hr@2:0.872 | hr@3:0.917 | acc@1:0.663 | acc@2:0.601 | acc@3:0.564 | Best krc: 0.809 | Best epoch: 40
[2023-12-18 10:27:15] INFO (nni/MainThread) Intermediate result: 0.7867164434457833  (Index 94)
-----------------ETPA RESULT-------------------
Epoch 47: Validation	rmse: 15.02	mae: 11.81	mape: 76.97%	acc@10: 51.34%	acc@20: 82.88%	acc@30: 94.68%	
[2023-12-18 10:27:15] INFO (nni/MainThread) Intermediate result: 15.024550926161387  (Index 95)
*** Epoch: 48 ***
-----------------G2R RESULT-------------------

val result: krc:0.808 | lsd:0.59 | ed:0.888 | hr@1:0.686 | hr@2:0.879 | hr@3:0.924 | acc@1:0.686 | acc@2:0.624 | acc@3:0.594 | Best krc: 0.809 | Best epoch: 40
[2023-12-18 10:27:42] INFO (nni/MainThread) Intermediate result: 0.8084399744128646  (Index 96)
-----------------ETPA RESULT-------------------
Epoch 48: Validation	rmse: 14.99	mae: 11.78	mape: 76.77%	acc@10: 51.44%	acc@20: 82.96%	acc@30: 94.72%	
[2023-12-18 10:27:42] INFO (nni/MainThread) Intermediate result: 14.992624415822306  (Index 97)
*** Epoch: 49 ***
-----------------G2R RESULT-------------------

val result: krc:0.805 | lsd:0.575 | ed:0.896 | hr@1:0.683 | hr@2:0.881 | hr@3:0.922 | acc@1:0.683 | acc@2:0.622 | acc@3:0.588 | Best krc: 0.809 | Best epoch: 40
[2023-12-18 10:28:11] INFO (nni/MainThread) Intermediate result: 0.8049416599044932  (Index 98)
-----------------ETPA RESULT-------------------
Epoch 49: Validation	rmse: 14.96	mae: 11.76	mape: 76.55%	acc@10: 51.57%	acc@20: 83.03%	acc@30: 94.75%	
[2023-12-18 10:28:11] INFO (nni/MainThread) Intermediate result: 14.963916161367914  (Index 99)
*** Epoch: 50 ***
-----------------G2R RESULT-------------------

val result: krc:0.811 | lsd:0.569 | ed:0.87 | hr@1:0.69 | hr@2:0.879 | hr@3:0.924 | acc@1:0.69 | acc@2:0.631 | acc@3:0.596 | Best krc: 0.809 | Best epoch: 40
best model saved
[2023-12-18 10:28:39] INFO (nni/MainThread) Intermediate result: 0.8108083207339873  (Index 100)
-----------------ETPA RESULT-------------------
Epoch 50: Validation	rmse: 14.94	mae: 11.74	mape: 76.28%	acc@10: 51.66%	acc@20: 83.09%	acc@30: 94.77%	
[2023-12-18 10:28:39] INFO (nni/MainThread) Intermediate result: 14.944579318285497  (Index 101)
*** Epoch: 51 ***
-----------------G2R RESULT-------------------

val result: krc:0.812 | lsd:0.587 | ed:0.871 | hr@1:0.69 | hr@2:0.88 | hr@3:0.924 | acc@1:0.69 | acc@2:0.634 | acc@3:0.603 | Best krc: 0.811 | Best epoch: 50
best model saved
[2023-12-18 10:29:07] INFO (nni/MainThread) Intermediate result: 0.8116167817348402  (Index 102)
-----------------ETPA RESULT-------------------
Epoch 51: Validation	rmse: 14.92	mae: 11.72	mape: 76.09%	acc@10: 51.78%	acc@20: 83.14%	acc@30: 94.81%	
[2023-12-18 10:29:07] INFO (nni/MainThread) Intermediate result: 14.919477436419498  (Index 103)
*** Epoch: 52 ***
-----------------G2R RESULT-------------------

val result: krc:0.816 | lsd:0.571 | ed:0.851 | hr@1:0.696 | hr@2:0.881 | hr@3:0.923 | acc@1:0.696 | acc@2:0.638 | acc@3:0.607 | Best krc: 0.812 | Best epoch: 51
best model saved
[2023-12-18 10:29:34] INFO (nni/MainThread) Intermediate result: 0.8161523197203128  (Index 104)
-----------------ETPA RESULT-------------------
Epoch 52: Validation	rmse: 14.89	mae: 11.69	mape: 75.71%	acc@10: 51.91%	acc@20: 83.24%	acc@30: 94.84%	
[2023-12-18 10:29:35] INFO (nni/MainThread) Intermediate result: 14.889815644437459  (Index 105)
*** Epoch: 53 ***
-----------------G2R RESULT-------------------

val result: krc:0.813 | lsd:0.58 | ed:0.867 | hr@1:0.69 | hr@2:0.881 | hr@3:0.924 | acc@1:0.69 | acc@2:0.632 | acc@3:0.603 | Best krc: 0.816 | Best epoch: 52
[2023-12-18 10:30:00] INFO (nni/MainThread) Intermediate result: 0.8126147262832877  (Index 106)
-----------------ETPA RESULT-------------------
Epoch 53: Validation	rmse: 14.87	mae: 11.68	mape: 75.62%	acc@10: 51.98%	acc@20: 83.29%	acc@30: 94.82%	
[2023-12-18 10:30:00] INFO (nni/MainThread) Intermediate result: 14.874036832740245  (Index 107)
*** Epoch: 54 ***
-----------------G2R RESULT-------------------

val result: krc:0.817 | lsd:0.566 | ed:0.848 | hr@1:0.696 | hr@2:0.88 | hr@3:0.923 | acc@1:0.696 | acc@2:0.638 | acc@3:0.607 | Best krc: 0.816 | Best epoch: 52
best model saved
[2023-12-18 10:30:28] INFO (nni/MainThread) Intermediate result: 0.8167719960811348  (Index 108)
-----------------ETPA RESULT-------------------
Epoch 54: Validation	rmse: 14.85	mae: 11.66	mape: 75.29%	acc@10: 52.06%	acc@20: 83.34%	acc@30: 94.84%	
[2023-12-18 10:30:28] INFO (nni/MainThread) Intermediate result: 14.854746918669456  (Index 109)
*** Epoch: 55 ***
-----------------G2R RESULT-------------------

val result: krc:0.817 | lsd:0.562 | ed:0.847 | hr@1:0.699 | hr@2:0.882 | hr@3:0.924 | acc@1:0.699 | acc@2:0.64 | acc@3:0.609 | Best krc: 0.817 | Best epoch: 54
best model saved
[2023-12-18 10:30:55] INFO (nni/MainThread) Intermediate result: 0.8173538026533217  (Index 110)
-----------------ETPA RESULT-------------------
Epoch 55: Validation	rmse: 14.83	mae: 11.63	mape: 75.02%	acc@10: 52.18%	acc@20: 83.46%	acc@30: 94.87%	
[2023-12-18 10:30:55] INFO (nni/MainThread) Intermediate result: 14.830217010281533  (Index 111)
*** Epoch: 56 ***
-----------------G2R RESULT-------------------

val result: krc:0.81 | lsd:0.582 | ed:0.882 | hr@1:0.684 | hr@2:0.879 | hr@3:0.923 | acc@1:0.684 | acc@2:0.63 | acc@3:0.598 | Best krc: 0.817 | Best epoch: 55
[2023-12-18 10:31:21] INFO (nni/MainThread) Intermediate result: 0.8103283103720357  (Index 112)
-----------------ETPA RESULT-------------------
Epoch 56: Validation	rmse: 14.81	mae: 11.61	mape: 74.8%	acc@10: 52.25%	acc@20: 83.5%	acc@30: 94.89%	
[2023-12-18 10:31:21] INFO (nni/MainThread) Intermediate result: 14.81220782091433  (Index 113)
*** Epoch: 57 ***
-----------------G2R RESULT-------------------

val result: krc:0.814 | lsd:0.577 | ed:0.867 | hr@1:0.692 | hr@2:0.882 | hr@3:0.926 | acc@1:0.692 | acc@2:0.637 | acc@3:0.607 | Best krc: 0.817 | Best epoch: 55
[2023-12-18 10:31:48] INFO (nni/MainThread) Intermediate result: 0.8137984123117484  (Index 114)
-----------------ETPA RESULT-------------------
Epoch 57: Validation	rmse: 14.79	mae: 11.59	mape: 74.63%	acc@10: 52.32%	acc@20: 83.56%	acc@30: 94.9%	
[2023-12-18 10:31:48] INFO (nni/MainThread) Intermediate result: 14.794346861507739  (Index 115)
*** Epoch: 58 ***
-----------------G2R RESULT-------------------

val result: krc:0.792 | lsd:0.608 | ed:0.958 | hr@1:0.676 | hr@2:0.871 | hr@3:0.916 | acc@1:0.676 | acc@2:0.61 | acc@3:0.573 | Best krc: 0.817 | Best epoch: 55
[2023-12-18 10:32:15] INFO (nni/MainThread) Intermediate result: 0.7919242515569581  (Index 116)
-----------------ETPA RESULT-------------------
Epoch 58: Validation	rmse: 14.77	mae: 11.58	mape: 74.49%	acc@10: 52.42%	acc@20: 83.6%	acc@30: 94.92%	
[2023-12-18 10:32:15] INFO (nni/MainThread) Intermediate result: 14.77474332273968  (Index 117)
*** Epoch: 59 ***
-----------------G2R RESULT-------------------

val result: krc:0.817 | lsd:0.569 | ed:0.862 | hr@1:0.697 | hr@2:0.883 | hr@3:0.927 | acc@1:0.697 | acc@2:0.641 | acc@3:0.611 | Best krc: 0.817 | Best epoch: 55
[2023-12-18 10:32:42] INFO (nni/MainThread) Intermediate result: 0.8173415652995891  (Index 118)
-----------------ETPA RESULT-------------------
Epoch 59: Validation	rmse: 14.76	mae: 11.56	mape: 74.34%	acc@10: 52.51%	acc@20: 83.63%	acc@30: 94.94%	
[2023-12-18 10:32:42] INFO (nni/MainThread) Intermediate result: 14.757959358058924  (Index 119)
*** Epoch: 60 ***
-----------------G2R RESULT-------------------

val result: krc:0.814 | lsd:0.603 | ed:0.875 | hr@1:0.698 | hr@2:0.883 | hr@3:0.923 | acc@1:0.698 | acc@2:0.639 | acc@3:0.606 | Best krc: 0.817 | Best epoch: 55
[2023-12-18 10:33:10] INFO (nni/MainThread) Intermediate result: 0.814113466575207  (Index 120)
-----------------ETPA RESULT-------------------
Epoch 60: Validation	rmse: 14.74	mae: 11.54	mape: 74.25%	acc@10: 52.58%	acc@20: 83.69%	acc@30: 94.96%	
[2023-12-18 10:33:10] INFO (nni/MainThread) Intermediate result: 14.736930679465027  (Index 121)
*** Epoch: 61 ***
-----------------G2R RESULT-------------------

val result: krc:0.812 | lsd:0.552 | ed:0.882 | hr@1:0.704 | hr@2:0.881 | hr@3:0.923 | acc@1:0.704 | acc@2:0.64 | acc@3:0.603 | Best krc: 0.817 | Best epoch: 55
[2023-12-18 10:33:38] INFO (nni/MainThread) Intermediate result: 0.8117573084254325  (Index 122)
-----------------ETPA RESULT-------------------
Epoch 61: Validation	rmse: 14.72	mae: 11.53	mape: 74.12%	acc@10: 52.59%	acc@20: 83.74%	acc@30: 94.98%	
[2023-12-18 10:33:38] INFO (nni/MainThread) Intermediate result: 14.721452917160756  (Index 123)
*** Epoch: 62 ***
-----------------G2R RESULT-------------------

val result: krc:0.819 | lsd:0.547 | ed:0.852 | hr@1:0.706 | hr@2:0.888 | hr@3:0.928 | acc@1:0.706 | acc@2:0.651 | acc@3:0.616 | Best krc: 0.817 | Best epoch: 55
best model saved
[2023-12-18 10:34:07] INFO (nni/MainThread) Intermediate result: 0.8185736228499674  (Index 124)
-----------------ETPA RESULT-------------------
Epoch 62: Validation	rmse: 14.7	mae: 11.52	mape: 73.98%	acc@10: 52.63%	acc@20: 83.8%	acc@30: 95.0%	
[2023-12-18 10:34:07] INFO (nni/MainThread) Intermediate result: 14.700261883990688  (Index 125)
*** Epoch: 63 ***
-----------------G2R RESULT-------------------

val result: krc:0.817 | lsd:0.581 | ed:0.863 | hr@1:0.701 | hr@2:0.886 | hr@3:0.925 | acc@1:0.701 | acc@2:0.642 | acc@3:0.612 | Best krc: 0.819 | Best epoch: 62
[2023-12-18 10:34:34] INFO (nni/MainThread) Intermediate result: 0.8168312770324138  (Index 126)
-----------------ETPA RESULT-------------------
Epoch 63: Validation	rmse: 14.68	mae: 11.5	mape: 73.72%	acc@10: 52.71%	acc@20: 83.86%	acc@30: 95.02%	
[2023-12-18 10:34:34] INFO (nni/MainThread) Intermediate result: 14.680234085027465  (Index 127)
*** Epoch: 64 ***
-----------------G2R RESULT-------------------

val result: krc:0.816 | lsd:0.547 | ed:0.86 | hr@1:0.705 | hr@2:0.884 | hr@3:0.925 | acc@1:0.705 | acc@2:0.646 | acc@3:0.61 | Best krc: 0.819 | Best epoch: 62
[2023-12-18 10:35:01] INFO (nni/MainThread) Intermediate result: 0.8155659615126165  (Index 128)
-----------------ETPA RESULT-------------------
Epoch 64: Validation	rmse: 14.67	mae: 11.48	mape: 73.46%	acc@10: 52.75%	acc@20: 83.89%	acc@30: 95.03%	
[2023-12-18 10:35:01] INFO (nni/MainThread) Intermediate result: 14.666382573645228  (Index 129)
*** Epoch: 65 ***
-----------------G2R RESULT-------------------

val result: krc:0.813 | lsd:0.573 | ed:0.882 | hr@1:0.707 | hr@2:0.885 | hr@3:0.924 | acc@1:0.707 | acc@2:0.643 | acc@3:0.605 | Best krc: 0.819 | Best epoch: 62
[2023-12-18 10:35:27] INFO (nni/MainThread) Intermediate result: 0.8128452612667744  (Index 130)
-----------------ETPA RESULT-------------------
Epoch 65: Validation	rmse: 14.65	mae: 11.47	mape: 73.34%	acc@10: 52.82%	acc@20: 83.89%	acc@30: 95.04%	
[2023-12-18 10:35:27] INFO (nni/MainThread) Intermediate result: 14.651165007926238  (Index 131)
*** Epoch: 66 ***
-----------------G2R RESULT-------------------

val result: krc:0.821 | lsd:0.584 | ed:0.851 | hr@1:0.714 | hr@2:0.885 | hr@3:0.928 | acc@1:0.714 | acc@2:0.652 | acc@3:0.622 | Best krc: 0.819 | Best epoch: 62
best model saved
[2023-12-18 10:36:00] INFO (nni/MainThread) Intermediate result: 0.8208815699677091  (Index 132)
-----------------ETPA RESULT-------------------
Epoch 66: Validation	rmse: 14.63	mae: 11.45	mape: 73.2%	acc@10: 52.89%	acc@20: 83.96%	acc@30: 95.07%	
[2023-12-18 10:36:00] INFO (nni/MainThread) Intermediate result: 14.630837022016745  (Index 133)
*** Epoch: 67 ***
-----------------G2R RESULT-------------------

val result: krc:0.814 | lsd:0.594 | ed:0.873 | hr@1:0.707 | hr@2:0.876 | hr@3:0.921 | acc@1:0.707 | acc@2:0.643 | acc@3:0.611 | Best krc: 0.821 | Best epoch: 66
[2023-12-18 10:36:31] INFO (nni/MainThread) Intermediate result: 0.8143366280838953  (Index 134)
-----------------ETPA RESULT-------------------
Epoch 67: Validation	rmse: 14.61	mae: 11.43	mape: 73.04%	acc@10: 52.96%	acc@20: 84.0%	acc@30: 95.1%	
[2023-12-18 10:36:31] INFO (nni/MainThread) Intermediate result: 14.612860590642965  (Index 135)
*** Epoch: 68 ***
-----------------G2R RESULT-------------------

val result: krc:0.818 | lsd:0.567 | ed:0.859 | hr@1:0.716 | hr@2:0.881 | hr@3:0.925 | acc@1:0.716 | acc@2:0.652 | acc@3:0.623 | Best krc: 0.821 | Best epoch: 66
[2023-12-18 10:36:59] INFO (nni/MainThread) Intermediate result: 0.8179506735956233  (Index 136)
-----------------ETPA RESULT-------------------
Epoch 68: Validation	rmse: 14.59	mae: 11.42	mape: 72.85%	acc@10: 53.01%	acc@20: 84.06%	acc@30: 95.12%	
[2023-12-18 10:36:59] INFO (nni/MainThread) Intermediate result: 14.594085570617981  (Index 137)
*** Epoch: 69 ***
-----------------G2R RESULT-------------------

val result: krc:0.823 | lsd:0.551 | ed:0.845 | hr@1:0.718 | hr@2:0.884 | hr@3:0.929 | acc@1:0.718 | acc@2:0.655 | acc@3:0.625 | Best krc: 0.821 | Best epoch: 66
best model saved
[2023-12-18 10:37:27] INFO (nni/MainThread) Intermediate result: 0.8226191703323317  (Index 138)
-----------------ETPA RESULT-------------------
Epoch 69: Validation	rmse: 14.58	mae: 11.4	mape: 72.74%	acc@10: 53.04%	acc@20: 84.11%	acc@30: 95.14%	
[2023-12-18 10:37:27] INFO (nni/MainThread) Intermediate result: 14.57512617095923  (Index 139)
*** Epoch: 70 ***
-----------------G2R RESULT-------------------

val result: krc:0.816 | lsd:0.565 | ed:0.882 | hr@1:0.71 | hr@2:0.885 | hr@3:0.925 | acc@1:0.71 | acc@2:0.644 | acc@3:0.607 | Best krc: 0.823 | Best epoch: 69
[2023-12-18 10:37:56] INFO (nni/MainThread) Intermediate result: 0.8164242879503044  (Index 140)
-----------------ETPA RESULT-------------------
Epoch 70: Validation	rmse: 14.56	mae: 11.39	mape: 72.68%	acc@10: 53.06%	acc@20: 84.15%	acc@30: 95.16%	
[2023-12-18 10:37:56] INFO (nni/MainThread) Intermediate result: 14.559943045448259  (Index 141)
*** Epoch: 71 ***
-----------------G2R RESULT-------------------

val result: krc:0.827 | lsd:0.547 | ed:0.84 | hr@1:0.72 | hr@2:0.889 | hr@3:0.929 | acc@1:0.72 | acc@2:0.656 | acc@3:0.627 | Best krc: 0.823 | Best epoch: 69
best model saved
[2023-12-18 10:38:25] INFO (nni/MainThread) Intermediate result: 0.8265088035092407  (Index 142)
-----------------ETPA RESULT-------------------
Epoch 71: Validation	rmse: 14.54	mae: 11.37	mape: 72.52%	acc@10: 53.12%	acc@20: 84.21%	acc@30: 95.19%	
[2023-12-18 10:38:25] INFO (nni/MainThread) Intermediate result: 14.540524637369153  (Index 143)
*** Epoch: 72 ***
-----------------G2R RESULT-------------------

val result: krc:0.822 | lsd:0.563 | ed:0.853 | hr@1:0.72 | hr@2:0.882 | hr@3:0.929 | acc@1:0.72 | acc@2:0.654 | acc@3:0.624 | Best krc: 0.827 | Best epoch: 71
[2023-12-18 10:38:53] INFO (nni/MainThread) Intermediate result: 0.8215621088817415  (Index 144)
-----------------ETPA RESULT-------------------
Epoch 72: Validation	rmse: 14.52	mae: 11.36	mape: 72.37%	acc@10: 53.17%	acc@20: 84.29%	acc@30: 95.21%	
[2023-12-18 10:38:53] INFO (nni/MainThread) Intermediate result: 14.521988293914875  (Index 145)
*** Epoch: 73 ***
-----------------G2R RESULT-------------------

val result: krc:0.818 | lsd:0.566 | ed:0.864 | hr@1:0.718 | hr@2:0.88 | hr@3:0.924 | acc@1:0.718 | acc@2:0.653 | acc@3:0.621 | Best krc: 0.827 | Best epoch: 71
[2023-12-18 10:39:20] INFO (nni/MainThread) Intermediate result: 0.8182391211599781  (Index 146)
-----------------ETPA RESULT-------------------
Epoch 73: Validation	rmse: 14.51	mae: 11.35	mape: 72.27%	acc@10: 53.2%	acc@20: 84.34%	acc@30: 95.23%	
[2023-12-18 10:39:20] INFO (nni/MainThread) Intermediate result: 14.50607351024607  (Index 147)
*** Epoch: 74 ***
-----------------G2R RESULT-------------------

val result: krc:0.826 | lsd:0.531 | ed:0.827 | hr@1:0.721 | hr@2:0.889 | hr@3:0.929 | acc@1:0.721 | acc@2:0.661 | acc@3:0.624 | Best krc: 0.827 | Best epoch: 71
[2023-12-18 10:39:47] INFO (nni/MainThread) Intermediate result: 0.8262195049602133  (Index 148)
-----------------ETPA RESULT-------------------
Epoch 74: Validation	rmse: 14.49	mae: 11.33	mape: 72.18%	acc@10: 53.27%	acc@20: 84.35%	acc@30: 95.24%	
[2023-12-18 10:39:47] INFO (nni/MainThread) Intermediate result: 14.493979548005557  (Index 149)
*** Epoch: 75 ***
-----------------G2R RESULT-------------------

val result: krc:0.819 | lsd:0.552 | ed:0.85 | hr@1:0.718 | hr@2:0.888 | hr@3:0.924 | acc@1:0.718 | acc@2:0.655 | acc@3:0.618 | Best krc: 0.827 | Best epoch: 71
[2023-12-18 10:40:14] INFO (nni/MainThread) Intermediate result: 0.818989657607935  (Index 150)
-----------------ETPA RESULT-------------------
Epoch 75: Validation	rmse: 14.48	mae: 11.32	mape: 72.05%	acc@10: 53.32%	acc@20: 84.39%	acc@30: 95.26%	
[2023-12-18 10:40:14] INFO (nni/MainThread) Intermediate result: 14.48151878724478  (Index 151)
*** Epoch: 76 ***
-----------------G2R RESULT-------------------

val result: krc:0.816 | lsd:0.582 | ed:0.86 | hr@1:0.718 | hr@2:0.884 | hr@3:0.925 | acc@1:0.718 | acc@2:0.656 | acc@3:0.617 | Best krc: 0.827 | Best epoch: 71
[2023-12-18 10:40:42] INFO (nni/MainThread) Intermediate result: 0.815785083918009  (Index 152)
-----------------ETPA RESULT-------------------
Epoch 76: Validation	rmse: 14.47	mae: 11.31	mape: 71.91%	acc@10: 53.38%	acc@20: 84.4%	acc@30: 95.28%	
[2023-12-18 10:40:42] INFO (nni/MainThread) Intermediate result: 14.471467533629193  (Index 153)
*** Epoch: 77 ***
-----------------G2R RESULT-------------------

val result: krc:0.819 | lsd:0.558 | ed:0.868 | hr@1:0.718 | hr@2:0.885 | hr@3:0.925 | acc@1:0.718 | acc@2:0.654 | acc@3:0.61 | Best krc: 0.827 | Best epoch: 71
[2023-12-18 10:41:08] INFO (nni/MainThread) Intermediate result: 0.8193397468780066  (Index 154)
-----------------ETPA RESULT-------------------
Epoch 77: Validation	rmse: 14.46	mae: 11.3	mape: 71.84%	acc@10: 53.42%	acc@20: 84.43%	acc@30: 95.29%	
[2023-12-18 10:41:08] INFO (nni/MainThread) Intermediate result: 14.457989063479733  (Index 155)
*** Epoch: 78 ***
-----------------G2R RESULT-------------------

val result: krc:0.808 | lsd:0.608 | ed:0.909 | hr@1:0.71 | hr@2:0.868 | hr@3:0.92 | acc@1:0.71 | acc@2:0.638 | acc@3:0.605 | Best krc: 0.827 | Best epoch: 71
[2023-12-18 10:41:36] INFO (nni/MainThread) Intermediate result: 0.8078512143575547  (Index 156)
-----------------ETPA RESULT-------------------
Epoch 78: Validation	rmse: 14.45	mae: 11.29	mape: 71.74%	acc@10: 53.46%	acc@20: 84.49%	acc@30: 95.31%	
[2023-12-18 10:41:36] INFO (nni/MainThread) Intermediate result: 14.445778314242053  (Index 157)
*** Epoch: 79 ***
-----------------G2R RESULT-------------------

val result: krc:0.824 | lsd:0.539 | ed:0.84 | hr@1:0.72 | hr@2:0.89 | hr@3:0.93 | acc@1:0.72 | acc@2:0.661 | acc@3:0.625 | Best krc: 0.827 | Best epoch: 71
[2023-12-18 10:42:05] INFO (nni/MainThread) Intermediate result: 0.8243293288680258  (Index 158)
-----------------ETPA RESULT-------------------
Epoch 79: Validation	rmse: 14.43	mae: 11.28	mape: 71.57%	acc@10: 53.53%	acc@20: 84.54%	acc@30: 95.32%	
[2023-12-18 10:42:05] INFO (nni/MainThread) Intermediate result: 14.43319538019447  (Index 159)
*** Epoch: 80 ***
-----------------G2R RESULT-------------------

val result: krc:0.828 | lsd:0.534 | ed:0.822 | hr@1:0.728 | hr@2:0.889 | hr@3:0.931 | acc@1:0.728 | acc@2:0.664 | acc@3:0.631 | Best krc: 0.827 | Best epoch: 71
best model saved
[2023-12-18 10:42:33] INFO (nni/MainThread) Intermediate result: 0.827756493939266  (Index 160)
-----------------ETPA RESULT-------------------
Epoch 80: Validation	rmse: 14.42	mae: 11.26	mape: 71.45%	acc@10: 53.58%	acc@20: 84.57%	acc@30: 95.34%	
[2023-12-18 10:42:33] INFO (nni/MainThread) Intermediate result: 14.420597763340608  (Index 161)
*** Epoch: 81 ***
-----------------G2R RESULT-------------------

val result: krc:0.824 | lsd:0.566 | ed:0.843 | hr@1:0.721 | hr@2:0.892 | hr@3:0.93 | acc@1:0.721 | acc@2:0.659 | acc@3:0.623 | Best krc: 0.828 | Best epoch: 80
[2023-12-18 10:43:01] INFO (nni/MainThread) Intermediate result: 0.8242344683446565  (Index 162)
-----------------ETPA RESULT-------------------
Epoch 81: Validation	rmse: 14.41	mae: 11.26	mape: 71.41%	acc@10: 53.6%	acc@20: 84.57%	acc@30: 95.35%	
[2023-12-18 10:43:01] INFO (nni/MainThread) Intermediate result: 14.412022122359536  (Index 163)
*** Epoch: 82 ***
-----------------G2R RESULT-------------------

val result: krc:0.826 | lsd:0.571 | ed:0.844 | hr@1:0.729 | hr@2:0.885 | hr@3:0.929 | acc@1:0.729 | acc@2:0.662 | acc@3:0.631 | Best krc: 0.828 | Best epoch: 80
[2023-12-18 10:43:29] INFO (nni/MainThread) Intermediate result: 0.8258704307239506  (Index 164)
-----------------ETPA RESULT-------------------
Epoch 82: Validation	rmse: 14.4	mae: 11.24	mape: 71.31%	acc@10: 53.65%	acc@20: 84.6%	acc@30: 95.37%	
[2023-12-18 10:43:29] INFO (nni/MainThread) Intermediate result: 14.398135796478886  (Index 165)
*** Epoch: 83 ***
-----------------G2R RESULT-------------------

val result: krc:0.829 | lsd:0.542 | ed:0.824 | hr@1:0.73 | hr@2:0.89 | hr@3:0.931 | acc@1:0.73 | acc@2:0.67 | acc@3:0.639 | Best krc: 0.828 | Best epoch: 80
best model saved
[2023-12-18 10:43:59] INFO (nni/MainThread) Intermediate result: 0.8288021991126493  (Index 166)
-----------------ETPA RESULT-------------------
Epoch 83: Validation	rmse: 14.39	mae: 11.24	mape: 71.17%	acc@10: 53.67%	acc@20: 84.62%	acc@30: 95.37%	
[2023-12-18 10:43:59] INFO (nni/MainThread) Intermediate result: 14.391752231779552  (Index 167)
*** Epoch: 84 ***
-----------------G2R RESULT-------------------

val result: krc:0.831 | lsd:0.525 | ed:0.817 | hr@1:0.734 | hr@2:0.895 | hr@3:0.931 | acc@1:0.734 | acc@2:0.671 | acc@3:0.637 | Best krc: 0.829 | Best epoch: 83
best model saved
[2023-12-18 10:44:29] INFO (nni/MainThread) Intermediate result: 0.8309683838323978  (Index 168)
-----------------ETPA RESULT-------------------
Epoch 84: Validation	rmse: 14.38	mae: 11.23	mape: 71.07%	acc@10: 53.72%	acc@20: 84.64%	acc@30: 95.38%	
[2023-12-18 10:44:29] INFO (nni/MainThread) Intermediate result: 14.382895481931497  (Index 169)
*** Epoch: 85 ***
-----------------G2R RESULT-------------------

val result: krc:0.829 | lsd:0.549 | ed:0.819 | hr@1:0.73 | hr@2:0.89 | hr@3:0.931 | acc@1:0.73 | acc@2:0.666 | acc@3:0.638 | Best krc: 0.831 | Best epoch: 84
[2023-12-18 10:44:58] INFO (nni/MainThread) Intermediate result: 0.829076096780513  (Index 170)
-----------------ETPA RESULT-------------------
Epoch 85: Validation	rmse: 14.38	mae: 11.22	mape: 71.0%	acc@10: 53.75%	acc@20: 84.65%	acc@30: 95.39%	
[2023-12-18 10:44:58] INFO (nni/MainThread) Intermediate result: 14.375562998914061  (Index 171)
*** Epoch: 86 ***
-----------------G2R RESULT-------------------

val result: krc:0.834 | lsd:0.524 | ed:0.804 | hr@1:0.732 | hr@2:0.893 | hr@3:0.935 | acc@1:0.732 | acc@2:0.669 | acc@3:0.641 | Best krc: 0.831 | Best epoch: 84
best model saved
[2023-12-18 10:45:30] INFO (nni/MainThread) Intermediate result: 0.8338144247370307  (Index 172)
-----------------ETPA RESULT-------------------
Epoch 86: Validation	rmse: 14.37	mae: 11.21	mape: 70.86%	acc@10: 53.8%	acc@20: 84.69%	acc@30: 95.4%	
[2023-12-18 10:45:30] INFO (nni/MainThread) Intermediate result: 14.365305872513217  (Index 173)
*** Epoch: 87 ***
-----------------G2R RESULT-------------------

val result: krc:0.823 | lsd:0.539 | ed:0.853 | hr@1:0.727 | hr@2:0.887 | hr@3:0.929 | acc@1:0.727 | acc@2:0.658 | acc@3:0.624 | Best krc: 0.834 | Best epoch: 86
[2023-12-18 10:46:01] INFO (nni/MainThread) Intermediate result: 0.8229727632001353  (Index 174)
-----------------ETPA RESULT-------------------
Epoch 87: Validation	rmse: 14.36	mae: 11.2	mape: 70.8%	acc@10: 53.84%	acc@20: 84.73%	acc@30: 95.41%	
[2023-12-18 10:46:01] INFO (nni/MainThread) Intermediate result: 14.355474077841164  (Index 175)
*** Epoch: 88 ***
-----------------G2R RESULT-------------------

val result: krc:0.819 | lsd:0.568 | ed:0.871 | hr@1:0.724 | hr@2:0.887 | hr@3:0.927 | acc@1:0.724 | acc@2:0.657 | acc@3:0.62 | Best krc: 0.834 | Best epoch: 86
[2023-12-18 10:46:30] INFO (nni/MainThread) Intermediate result: 0.8186350759153559  (Index 176)
-----------------ETPA RESULT-------------------
Epoch 88: Validation	rmse: 14.35	mae: 11.19	mape: 70.67%	acc@10: 53.89%	acc@20: 84.76%	acc@30: 95.42%	
[2023-12-18 10:46:30] INFO (nni/MainThread) Intermediate result: 14.346969414048619  (Index 177)
*** Epoch: 89 ***
-----------------G2R RESULT-------------------

val result: krc:0.813 | lsd:0.57 | ed:0.871 | hr@1:0.721 | hr@2:0.886 | hr@3:0.926 | acc@1:0.721 | acc@2:0.657 | acc@3:0.614 | Best krc: 0.834 | Best epoch: 86
[2023-12-18 10:46:58] INFO (nni/MainThread) Intermediate result: 0.8133212435267531  (Index 178)
-----------------ETPA RESULT-------------------
Epoch 89: Validation	rmse: 14.34	mae: 11.18	mape: 70.59%	acc@10: 53.9%	acc@20: 84.78%	acc@30: 95.43%	
[2023-12-18 10:46:58] INFO (nni/MainThread) Intermediate result: 14.343950348874518  (Index 179)
*** Epoch: 90 ***
-----------------G2R RESULT-------------------

val result: krc:0.828 | lsd:0.553 | ed:0.829 | hr@1:0.731 | hr@2:0.886 | hr@3:0.931 | acc@1:0.731 | acc@2:0.665 | acc@3:0.634 | Best krc: 0.834 | Best epoch: 86
[2023-12-18 10:47:26] INFO (nni/MainThread) Intermediate result: 0.8278368443650471  (Index 180)
-----------------ETPA RESULT-------------------
Epoch 90: Validation	rmse: 14.33	mae: 11.17	mape: 70.47%	acc@10: 53.93%	acc@20: 84.83%	acc@30: 95.44%	
[2023-12-18 10:47:26] INFO (nni/MainThread) Intermediate result: 14.332757003031489  (Index 181)
*** Epoch: 91 ***
-----------------G2R RESULT-------------------

val result: krc:0.825 | lsd:0.537 | ed:0.833 | hr@1:0.718 | hr@2:0.889 | hr@3:0.931 | acc@1:0.718 | acc@2:0.657 | acc@3:0.626 | Best krc: 0.834 | Best epoch: 86
[2023-12-18 10:47:55] INFO (nni/MainThread) Intermediate result: 0.8245278745934624  (Index 182)
-----------------ETPA RESULT-------------------
Epoch 91: Validation	rmse: 14.33	mae: 11.17	mape: 70.45%	acc@10: 53.95%	acc@20: 84.81%	acc@30: 95.44%	
[2023-12-18 10:47:55] INFO (nni/MainThread) Intermediate result: 14.330804778680044  (Index 183)
*** Epoch: 92 ***
-----------------G2R RESULT-------------------

val result: krc:0.819 | lsd:0.561 | ed:0.868 | hr@1:0.715 | hr@2:0.885 | hr@3:0.929 | acc@1:0.715 | acc@2:0.651 | acc@3:0.618 | Best krc: 0.834 | Best epoch: 86
[2023-12-18 10:48:23] INFO (nni/MainThread) Intermediate result: 0.8188955199361843  (Index 184)
-----------------ETPA RESULT-------------------
Epoch 92: Validation	rmse: 14.32	mae: 11.16	mape: 70.35%	acc@10: 53.97%	acc@20: 84.85%	acc@30: 95.46%	
[2023-12-18 10:48:23] INFO (nni/MainThread) Intermediate result: 14.322695804633048  (Index 185)
*** Epoch: 93 ***
-----------------G2R RESULT-------------------

val result: krc:0.826 | lsd:0.53 | ed:0.829 | hr@1:0.721 | hr@2:0.889 | hr@3:0.93 | acc@1:0.721 | acc@2:0.661 | acc@3:0.628 | Best krc: 0.834 | Best epoch: 86
[2023-12-18 10:48:50] INFO (nni/MainThread) Intermediate result: 0.8258895034583709  (Index 186)
-----------------ETPA RESULT-------------------
Epoch 93: Validation	rmse: 14.32	mae: 11.16	mape: 70.38%	acc@10: 54.01%	acc@20: 84.82%	acc@30: 95.45%	
[2023-12-18 10:48:50] INFO (nni/MainThread) Intermediate result: 14.3228129046512  (Index 187)
*** Epoch: 94 ***
-----------------G2R RESULT-------------------

val result: krc:0.83 | lsd:0.542 | ed:0.822 | hr@1:0.731 | hr@2:0.89 | hr@3:0.931 | acc@1:0.731 | acc@2:0.669 | acc@3:0.637 | Best krc: 0.834 | Best epoch: 86
[2023-12-18 10:49:18] INFO (nni/MainThread) Intermediate result: 0.8296915764602691  (Index 188)
-----------------ETPA RESULT-------------------
Epoch 94: Validation	rmse: 14.32	mae: 11.16	mape: 70.27%	acc@10: 54.05%	acc@20: 84.81%	acc@30: 95.45%	
[2023-12-18 10:49:18] INFO (nni/MainThread) Intermediate result: 14.318721463152677  (Index 189)
*** Epoch: 95 ***
-----------------G2R RESULT-------------------

val result: krc:0.831 | lsd:0.542 | ed:0.816 | hr@1:0.73 | hr@2:0.892 | hr@3:0.934 | acc@1:0.73 | acc@2:0.669 | acc@3:0.643 | Best krc: 0.834 | Best epoch: 86
[2023-12-18 10:49:47] INFO (nni/MainThread) Intermediate result: 0.8307079650498976  (Index 190)
-----------------ETPA RESULT-------------------
Epoch 95: Validation	rmse: 14.31	mae: 11.15	mape: 70.16%	acc@10: 54.07%	acc@20: 84.83%	acc@30: 95.47%	
[2023-12-18 10:49:47] INFO (nni/MainThread) Intermediate result: 14.311949504684938  (Index 191)
*** Epoch: 96 ***
-----------------G2R RESULT-------------------

val result: krc:0.823 | lsd:0.56 | ed:0.849 | hr@1:0.717 | hr@2:0.887 | hr@3:0.928 | acc@1:0.717 | acc@2:0.653 | acc@3:0.62 | Best krc: 0.834 | Best epoch: 86
[2023-12-18 10:50:15] INFO (nni/MainThread) Intermediate result: 0.8227174302644349  (Index 192)
-----------------ETPA RESULT-------------------
Epoch 96: Validation	rmse: 14.31	mae: 11.14	mape: 70.07%	acc@10: 54.09%	acc@20: 84.85%	acc@30: 95.48%	
[2023-12-18 10:50:15] INFO (nni/MainThread) Intermediate result: 14.307744070422945  (Index 193)
loaded model path: /home/sentanoe/joint_training/data/dataset/food_pd/sort_model/hidden_size-8.gcnru-pd_1702890356.16543871702890356.1654544
best model loaded !!!
krc:0.823 | lsd:0.403 | ed:0.846 | hr@1:0.731 | hr@2:0.917 | hr@3:0.947 | acc@1:0.731 | acc@2:0.674 | acc@3:0.624 |

-------------------------------------------------------------
Best epoch for G2R:  86
Best epoch for ETPA:  96
graph2route_pd Evaluation in test: krc:0.823 | lsd:0.403 | ed:0.846 | hr@1:0.731 | hr@2:0.917 | hr@3:0.947 | acc@1:0.731 | acc@2:0.674 | acc@3:0.624 |
RankPETA Evaluation in test: rmse: 11.07	mae: 8.69	mape: 60.85%	acc@10: 65.82%	acc@20: 93.25%	acc@30: 98.73%	
