Device:  cuda
{'alpha_loss': 0.5,
 'batch_size': 64,
 'dataset': 'food_pd',
 'datatype': 'order',
 'device': device(type='cuda'),
 'early_stop': 10,
 'edge_fea_dim': 5,
 'embedding_dim': 64,
 'eval_end_1': 11,
 'eval_end_2': 25,
 'eval_start': 1,
 'gcn_num_layers': 2,
 'hidden_size': 8,
 'is_eval': False,
 'is_test': False,
 'k_min_nodes': 3,
 'k_nearest_neighbors': 'n-1',
 'lr': 0.001,
 'max_task_num': 25,
 'min_task_num': 0,
 'modelArrivalTime': 'RankPETA',
 'modelRoute': 'graph2route_pd',
 'no_cuda': False,
 'node_fea_dim': 8,
 'node_features_test': '/home/sentanoe/joint_training/data/dataset/food_pd/node_features_test_full.npy',
 'node_features_train': '/home/sentanoe/joint_training/data/dataset/food_pd/node_features_train_full.npy',
 'node_features_val': '/home/sentanoe/joint_training/data/dataset/food_pd/node_features_val_full.npy',
 'num_block': 2,
 'num_epoch': 100,
 'num_head': 4,
 'num_worker_logistics': 2346,
 'num_worker_pd': 920,
 'pad_value': 26,
 'seed': 1000,
 'sort_mode': 'pnn_order',
 'spatial_encoder': 'gcn',
 'temporal_encoder': 'tft',
 'test_path': '/home/sentanoe/joint_training/data/dataset/food_pd/test_full.npy',
 'train_mode': 'sort',
 'train_path': '/home/sentanoe/joint_training/data/dataset/food_pd/train_full.npy',
 'val_path': '/home/sentanoe/joint_training/data/dataset/food_pd/val_full.npy',
 'wd': 1e-05,
 'worker_emb_dim': 10,
 'workers': 2}
last_x_size:13;unpick_x_size:12;input_size:53
#train:2521 | #val:1257 | #test:1261
*** Epoch: 0 ***
-----------------G2R RESULT-------------------

val result: krc:0.746 | lsd:0.754 | ed:1.086 | hr@1:0.613 | hr@2:0.853 | hr@3:0.902 | acc@1:0.613 | acc@2:0.541 | acc@3:0.501 | Best krc: -1 | Best epoch: -1
best model saved
[2023-12-05 18:02:23] INFO (nni/MainThread) Intermediate result: 0.7463073087821669  (Index 0)
-----------------ETPA RESULT-------------------
Epoch 0: Validation	rmse: 23.89	mae: 18.31	mape: 93.02%	acc@10: 39.26%	acc@20: 63.7%	acc@30: 77.04%	
[2023-12-05 18:02:23] INFO (nni/MainThread) Intermediate result: 23.8901332008733  (Index 1)
*** Epoch: 1 ***
-----------------G2R RESULT-------------------

val result: krc:0.759 | lsd:0.698 | ed:1.049 | hr@1:0.622 | hr@2:0.857 | hr@3:0.904 | acc@1:0.622 | acc@2:0.56 | acc@3:0.519 | Best krc: 0.746 | Best epoch: 0
best model saved
[2023-12-05 18:03:59] INFO (nni/MainThread) Intermediate result: 0.7588319054344415  (Index 2)
-----------------ETPA RESULT-------------------
Epoch 1: Validation	rmse: 23.97	mae: 18.04	mape: 111.41%	acc@10: 39.07%	acc@20: 66.85%	acc@30: 80.0%	
[2023-12-05 18:03:59] INFO (nni/MainThread) Intermediate result: 23.97267359759635  (Index 3)
*** Epoch: 2 ***
-----------------G2R RESULT-------------------

val result: krc:0.757 | lsd:0.718 | ed:1.041 | hr@1:0.624 | hr@2:0.858 | hr@3:0.902 | acc@1:0.624 | acc@2:0.571 | acc@3:0.523 | Best krc: 0.759 | Best epoch: 1
[2023-12-05 18:05:35] INFO (nni/MainThread) Intermediate result: 0.7573300113221407  (Index 4)
-----------------ETPA RESULT-------------------
Epoch 2: Validation	rmse: 23.59	mae: 18.14	mape: 122.88%	acc@10: 36.42%	acc@20: 64.94%	acc@30: 81.48%	
[2023-12-05 18:05:35] INFO (nni/MainThread) Intermediate result: 23.59282603887875  (Index 5)
*** Epoch: 3 ***
-----------------G2R RESULT-------------------

val result: krc:0.759 | lsd:0.706 | ed:1.034 | hr@1:0.63 | hr@2:0.854 | hr@3:0.901 | acc@1:0.63 | acc@2:0.567 | acc@3:0.524 | Best krc: 0.759 | Best epoch: 1
best model saved
[2023-12-05 18:07:13] INFO (nni/MainThread) Intermediate result: 0.7588330227158387  (Index 6)
-----------------ETPA RESULT-------------------
Epoch 3: Validation	rmse: 23.03	mae: 18.06	mape: 128.72%	acc@10: 34.91%	acc@20: 63.06%	acc@30: 82.78%	
[2023-12-05 18:07:13] INFO (nni/MainThread) Intermediate result: 23.030391704432375  (Index 7)
*** Epoch: 4 ***
-----------------G2R RESULT-------------------

val result: krc:0.76 | lsd:0.715 | ed:1.034 | hr@1:0.637 | hr@2:0.855 | hr@3:0.902 | acc@1:0.637 | acc@2:0.573 | acc@3:0.53 | Best krc: 0.759 | Best epoch: 3
best model saved
[2023-12-05 18:08:50] INFO (nni/MainThread) Intermediate result: 0.7595873517080337  (Index 8)
-----------------ETPA RESULT-------------------
Epoch 4: Validation	rmse: 22.65	mae: 17.9	mape: 130.91%	acc@10: 34.3%	acc@20: 63.48%	acc@30: 83.48%	
[2023-12-05 18:08:50] INFO (nni/MainThread) Intermediate result: 22.649525283850537  (Index 9)
*** Epoch: 5 ***
-----------------G2R RESULT-------------------

val result: krc:0.766 | lsd:0.687 | ed:0.997 | hr@1:0.65 | hr@2:0.863 | hr@3:0.906 | acc@1:0.65 | acc@2:0.591 | acc@3:0.545 | Best krc: 0.76 | Best epoch: 4
best model saved
[2023-12-05 18:10:28] INFO (nni/MainThread) Intermediate result: 0.7663005885917997  (Index 10)
-----------------ETPA RESULT-------------------
Epoch 5: Validation	rmse: 21.84	mae: 17.36	mape: 128.9%	acc@10: 34.88%	acc@20: 64.69%	acc@30: 85.12%	
[2023-12-05 18:10:28] INFO (nni/MainThread) Intermediate result: 21.84299145384759  (Index 11)
*** Epoch: 6 ***
-----------------G2R RESULT-------------------

val result: krc:0.761 | lsd:0.721 | ed:1.031 | hr@1:0.646 | hr@2:0.855 | hr@3:0.907 | acc@1:0.646 | acc@2:0.576 | acc@3:0.536 | Best krc: 0.766 | Best epoch: 5
[2023-12-05 18:12:03] INFO (nni/MainThread) Intermediate result: 0.7608465404617569  (Index 12)
-----------------ETPA RESULT-------------------
Epoch 6: Validation	rmse: 21.3	mae: 16.98	mape: 127.15%	acc@10: 35.87%	acc@20: 65.82%	acc@30: 85.98%	
[2023-12-05 18:12:03] INFO (nni/MainThread) Intermediate result: 21.302564484127924  (Index 13)
*** Epoch: 7 ***
-----------------G2R RESULT-------------------

val result: krc:0.768 | lsd:0.681 | ed:1.003 | hr@1:0.637 | hr@2:0.862 | hr@3:0.908 | acc@1:0.637 | acc@2:0.578 | acc@3:0.54 | Best krc: 0.766 | Best epoch: 5
best model saved
[2023-12-05 18:13:40] INFO (nni/MainThread) Intermediate result: 0.7676280162856464  (Index 14)
-----------------ETPA RESULT-------------------
Epoch 7: Validation	rmse: 20.62	mae: 16.49	mape: 123.87%	acc@10: 36.62%	acc@20: 67.31%	acc@30: 87.27%	
[2023-12-05 18:13:40] INFO (nni/MainThread) Intermediate result: 20.620059056491723  (Index 15)
*** Epoch: 8 ***
-----------------G2R RESULT-------------------

val result: krc:0.775 | lsd:0.702 | ed:0.997 | hr@1:0.648 | hr@2:0.866 | hr@3:0.911 | acc@1:0.648 | acc@2:0.585 | acc@3:0.547 | Best krc: 0.768 | Best epoch: 7
best model saved
[2023-12-05 18:15:18] INFO (nni/MainThread) Intermediate result: 0.7749021685532398  (Index 16)
-----------------ETPA RESULT-------------------
Epoch 8: Validation	rmse: 20.2	mae: 16.14	mape: 121.22%	acc@10: 37.45%	acc@20: 68.52%	acc@30: 87.74%	
[2023-12-05 18:15:18] INFO (nni/MainThread) Intermediate result: 20.201818770852345  (Index 17)
*** Epoch: 9 ***
-----------------G2R RESULT-------------------

val result: krc:0.783 | lsd:0.682 | ed:0.957 | hr@1:0.661 | hr@2:0.862 | hr@3:0.911 | acc@1:0.661 | acc@2:0.599 | acc@3:0.562 | Best krc: 0.775 | Best epoch: 8
best model saved
[2023-12-05 18:16:55] INFO (nni/MainThread) Intermediate result: 0.7825248404610012  (Index 18)
-----------------ETPA RESULT-------------------
Epoch 9: Validation	rmse: 19.8	mae: 15.85	mape: 119.25%	acc@10: 37.89%	acc@20: 69.26%	acc@30: 88.48%	
[2023-12-05 18:16:55] INFO (nni/MainThread) Intermediate result: 19.80475018776008  (Index 19)
*** Epoch: 10 ***
-----------------G2R RESULT-------------------

val result: krc:0.777 | lsd:0.658 | ed:0.981 | hr@1:0.655 | hr@2:0.865 | hr@3:0.911 | acc@1:0.655 | acc@2:0.588 | acc@3:0.55 | Best krc: 0.783 | Best epoch: 9
[2023-12-05 18:18:31] INFO (nni/MainThread) Intermediate result: 0.7773654239329798  (Index 20)
-----------------ETPA RESULT-------------------
Epoch 10: Validation	rmse: 19.39	mae: 15.53	mape: 116.72%	acc@10: 38.65%	acc@20: 70.44%	acc@30: 89.06%	
[2023-12-05 18:18:31] INFO (nni/MainThread) Intermediate result: 19.385511967390908  (Index 21)
*** Epoch: 11 ***
-----------------G2R RESULT-------------------

val result: krc:0.753 | lsd:0.731 | ed:1.071 | hr@1:0.64 | hr@2:0.854 | hr@3:0.901 | acc@1:0.64 | acc@2:0.576 | acc@3:0.526 | Best krc: 0.783 | Best epoch: 9
[2023-12-05 18:20:08] INFO (nni/MainThread) Intermediate result: 0.7526639607619057  (Index 22)
-----------------ETPA RESULT-------------------
Epoch 11: Validation	rmse: 19.1	mae: 15.3	mape: 115.11%	acc@10: 39.32%	acc@20: 70.99%	acc@30: 89.48%	
[2023-12-05 18:20:08] INFO (nni/MainThread) Intermediate result: 19.10096027849577  (Index 23)
*** Epoch: 12 ***
-----------------G2R RESULT-------------------

val result: krc:0.771 | lsd:0.687 | ed:1.024 | hr@1:0.661 | hr@2:0.861 | hr@3:0.911 | acc@1:0.661 | acc@2:0.591 | acc@3:0.545 | Best krc: 0.783 | Best epoch: 9
[2023-12-05 18:21:44] INFO (nni/MainThread) Intermediate result: 0.7706687026232282  (Index 24)
-----------------ETPA RESULT-------------------
Epoch 12: Validation	rmse: 18.75	mae: 15.01	mape: 112.74%	acc@10: 40.11%	acc@20: 71.88%	acc@30: 89.94%	
[2023-12-05 18:21:44] INFO (nni/MainThread) Intermediate result: 18.752547348285383  (Index 25)
*** Epoch: 13 ***
-----------------G2R RESULT-------------------

val result: krc:0.777 | lsd:0.694 | ed:1.009 | hr@1:0.665 | hr@2:0.859 | hr@3:0.906 | acc@1:0.665 | acc@2:0.594 | acc@3:0.552 | Best krc: 0.783 | Best epoch: 9
[2023-12-05 18:23:20] INFO (nni/MainThread) Intermediate result: 0.7769444049286637  (Index 26)
-----------------ETPA RESULT-------------------
Epoch 13: Validation	rmse: 18.48	mae: 14.8	mape: 111.02%	acc@10: 40.66%	acc@20: 72.62%	acc@30: 90.37%	
[2023-12-05 18:23:20] INFO (nni/MainThread) Intermediate result: 18.477528783005198  (Index 27)
*** Epoch: 14 ***
-----------------G2R RESULT-------------------

val result: krc:0.789 | lsd:0.677 | ed:0.968 | hr@1:0.693 | hr@2:0.862 | hr@3:0.912 | acc@1:0.693 | acc@2:0.611 | acc@3:0.568 | Best krc: 0.783 | Best epoch: 9
best model saved
[2023-12-05 18:24:57] INFO (nni/MainThread) Intermediate result: 0.7885979103731621  (Index 28)
-----------------ETPA RESULT-------------------
Epoch 14: Validation	rmse: 18.37	mae: 14.7	mape: 110.37%	acc@10: 40.86%	acc@20: 72.91%	acc@30: 90.47%	
[2023-12-05 18:24:57] INFO (nni/MainThread) Intermediate result: 18.370311340595787  (Index 29)
*** Epoch: 15 ***
-----------------G2R RESULT-------------------

val result: krc:0.793 | lsd:0.67 | ed:0.959 | hr@1:0.698 | hr@2:0.866 | hr@3:0.906 | acc@1:0.698 | acc@2:0.621 | acc@3:0.574 | Best krc: 0.789 | Best epoch: 14
best model saved
[2023-12-05 18:26:35] INFO (nni/MainThread) Intermediate result: 0.7926880200076527  (Index 30)
-----------------ETPA RESULT-------------------
Epoch 15: Validation	rmse: 18.22	mae: 14.6	mape: 109.73%	acc@10: 41.0%	acc@20: 73.06%	acc@30: 90.76%	
[2023-12-05 18:26:35] INFO (nni/MainThread) Intermediate result: 18.22135569120593  (Index 31)
*** Epoch: 16 ***
-----------------G2R RESULT-------------------

val result: krc:0.797 | lsd:0.639 | ed:0.928 | hr@1:0.694 | hr@2:0.867 | hr@3:0.913 | acc@1:0.694 | acc@2:0.623 | acc@3:0.585 | Best krc: 0.793 | Best epoch: 15
best model saved
[2023-12-05 18:28:13] INFO (nni/MainThread) Intermediate result: 0.7972095814596907  (Index 32)
-----------------ETPA RESULT-------------------
Epoch 16: Validation	rmse: 18.04	mae: 14.47	mape: 108.93%	acc@10: 41.22%	acc@20: 73.4%	acc@30: 91.07%	
[2023-12-05 18:28:13] INFO (nni/MainThread) Intermediate result: 18.04363501413693  (Index 33)
*** Epoch: 17 ***
-----------------G2R RESULT-------------------

val result: krc:0.791 | lsd:0.642 | ed:0.938 | hr@1:0.679 | hr@2:0.87 | hr@3:0.914 | acc@1:0.679 | acc@2:0.618 | acc@3:0.578 | Best krc: 0.797 | Best epoch: 16
[2023-12-05 18:29:50] INFO (nni/MainThread) Intermediate result: 0.7913805745987644  (Index 34)
-----------------ETPA RESULT-------------------
Epoch 17: Validation	rmse: 17.89	mae: 14.35	mape: 108.06%	acc@10: 41.6%	acc@20: 73.74%	acc@30: 91.34%	
[2023-12-05 18:29:50] INFO (nni/MainThread) Intermediate result: 17.885666042483965  (Index 35)
*** Epoch: 18 ***
-----------------G2R RESULT-------------------

val result: krc:0.801 | lsd:0.634 | ed:0.913 | hr@1:0.7 | hr@2:0.867 | hr@3:0.914 | acc@1:0.7 | acc@2:0.631 | acc@3:0.599 | Best krc: 0.797 | Best epoch: 16
best model saved
[2023-12-05 18:31:27] INFO (nni/MainThread) Intermediate result: 0.8006738533454757  (Index 36)
-----------------ETPA RESULT-------------------
Epoch 18: Validation	rmse: 17.68	mae: 14.18	mape: 106.5%	acc@10: 42.3%	acc@20: 74.23%	acc@30: 91.6%	
[2023-12-05 18:31:27] INFO (nni/MainThread) Intermediate result: 17.683907643869585  (Index 37)
*** Epoch: 19 ***
-----------------G2R RESULT-------------------

val result: krc:0.801 | lsd:0.636 | ed:0.912 | hr@1:0.712 | hr@2:0.868 | hr@3:0.918 | acc@1:0.712 | acc@2:0.636 | acc@3:0.602 | Best krc: 0.801 | Best epoch: 18
best model saved
[2023-12-05 18:33:05] INFO (nni/MainThread) Intermediate result: 0.8013046141861182  (Index 38)
-----------------ETPA RESULT-------------------
Epoch 19: Validation	rmse: 17.49	mae: 14.0	mape: 104.75%	acc@10: 42.98%	acc@20: 74.83%	acc@30: 91.83%	
[2023-12-05 18:33:05] INFO (nni/MainThread) Intermediate result: 17.48698114927742  (Index 39)
*** Epoch: 20 ***
-----------------G2R RESULT-------------------

val result: krc:0.801 | lsd:0.637 | ed:0.921 | hr@1:0.711 | hr@2:0.866 | hr@3:0.916 | acc@1:0.711 | acc@2:0.633 | acc@3:0.594 | Best krc: 0.801 | Best epoch: 19
[2023-12-05 18:34:43] INFO (nni/MainThread) Intermediate result: 0.8010929199385693  (Index 40)
-----------------ETPA RESULT-------------------
Epoch 20: Validation	rmse: 17.46	mae: 13.99	mape: 104.8%	acc@10: 42.87%	acc@20: 74.81%	acc@30: 91.83%	
[2023-12-05 18:34:43] INFO (nni/MainThread) Intermediate result: 17.46275022590542  (Index 41)
*** Epoch: 21 ***
-----------------G2R RESULT-------------------

val result: krc:0.795 | lsd:0.67 | ed:0.929 | hr@1:0.698 | hr@2:0.861 | hr@3:0.912 | acc@1:0.698 | acc@2:0.62 | acc@3:0.586 | Best krc: 0.801 | Best epoch: 19
[2023-12-05 18:36:20] INFO (nni/MainThread) Intermediate result: 0.79479740554511  (Index 42)
-----------------ETPA RESULT-------------------
Epoch 21: Validation	rmse: 17.32	mae: 13.88	mape: 103.98%	acc@10: 43.18%	acc@20: 75.13%	acc@30: 92.09%	
[2023-12-05 18:36:20] INFO (nni/MainThread) Intermediate result: 17.318043107528307  (Index 43)
*** Epoch: 22 ***
-----------------G2R RESULT-------------------

val result: krc:0.791 | lsd:0.688 | ed:0.968 | hr@1:0.718 | hr@2:0.861 | hr@3:0.912 | acc@1:0.718 | acc@2:0.632 | acc@3:0.589 | Best krc: 0.801 | Best epoch: 19
[2023-12-05 18:37:56] INFO (nni/MainThread) Intermediate result: 0.7907147709858684  (Index 44)
-----------------ETPA RESULT-------------------
Epoch 22: Validation	rmse: 17.22	mae: 13.8	mape: 103.51%	acc@10: 43.38%	acc@20: 75.31%	acc@30: 92.27%	
[2023-12-05 18:37:56] INFO (nni/MainThread) Intermediate result: 17.2176636749436  (Index 45)
*** Epoch: 23 ***
-----------------G2R RESULT-------------------

val result: krc:0.795 | lsd:0.681 | ed:0.952 | hr@1:0.715 | hr@2:0.864 | hr@3:0.911 | acc@1:0.715 | acc@2:0.634 | acc@3:0.589 | Best krc: 0.801 | Best epoch: 19
[2023-12-05 18:39:33] INFO (nni/MainThread) Intermediate result: 0.7946734157840408  (Index 46)
-----------------ETPA RESULT-------------------
Epoch 23: Validation	rmse: 17.1	mae: 13.71	mape: 102.76%	acc@10: 43.73%	acc@20: 75.57%	acc@30: 92.47%	
[2023-12-05 18:39:33] INFO (nni/MainThread) Intermediate result: 17.099136863556016  (Index 47)
*** Epoch: 24 ***
-----------------G2R RESULT-------------------

val result: krc:0.789 | lsd:0.703 | ed:0.951 | hr@1:0.722 | hr@2:0.855 | hr@3:0.907 | acc@1:0.722 | acc@2:0.629 | acc@3:0.589 | Best krc: 0.801 | Best epoch: 19
[2023-12-05 18:41:09] INFO (nni/MainThread) Intermediate result: 0.7886128077820251  (Index 48)
-----------------ETPA RESULT-------------------
Epoch 24: Validation	rmse: 16.99	mae: 13.62	mape: 101.96%	acc@10: 44.04%	acc@20: 75.84%	acc@30: 92.62%	
[2023-12-05 18:41:09] INFO (nni/MainThread) Intermediate result: 16.98796383530077  (Index 49)
*** Epoch: 25 ***
-----------------G2R RESULT-------------------

val result: krc:0.784 | lsd:0.647 | ed:0.973 | hr@1:0.678 | hr@2:0.868 | hr@3:0.913 | acc@1:0.678 | acc@2:0.612 | acc@3:0.574 | Best krc: 0.801 | Best epoch: 19
[2023-12-05 18:42:46] INFO (nni/MainThread) Intermediate result: 0.7844070185915397  (Index 50)
-----------------ETPA RESULT-------------------
Epoch 25: Validation	rmse: 16.9	mae: 13.54	mape: 101.36%	acc@10: 44.3%	acc@20: 76.08%	acc@30: 92.76%	
[2023-12-05 18:42:46] INFO (nni/MainThread) Intermediate result: 16.901919615652545  (Index 51)
*** Epoch: 26 ***
-----------------G2R RESULT-------------------

val result: krc:0.807 | lsd:0.608 | ed:0.888 | hr@1:0.703 | hr@2:0.873 | hr@3:0.919 | acc@1:0.703 | acc@2:0.637 | acc@3:0.602 | Best krc: 0.801 | Best epoch: 19
best model saved
[2023-12-05 18:44:23] INFO (nni/MainThread) Intermediate result: 0.8065734527824603  (Index 52)
-----------------ETPA RESULT-------------------
Epoch 26: Validation	rmse: 16.83	mae: 13.49	mape: 101.09%	acc@10: 44.42%	acc@20: 76.23%	acc@30: 92.89%	
[2023-12-05 18:44:23] INFO (nni/MainThread) Intermediate result: 16.830896955486466  (Index 53)
*** Epoch: 27 ***
-----------------G2R RESULT-------------------

val result: krc:0.812 | lsd:0.585 | ed:0.874 | hr@1:0.721 | hr@2:0.878 | hr@3:0.921 | acc@1:0.721 | acc@2:0.651 | acc@3:0.612 | Best krc: 0.807 | Best epoch: 26
best model saved
[2023-12-05 18:46:02] INFO (nni/MainThread) Intermediate result: 0.8115757160619423  (Index 54)
-----------------ETPA RESULT-------------------
Epoch 27: Validation	rmse: 16.75	mae: 13.43	mape: 100.69%	acc@10: 44.54%	acc@20: 76.4%	acc@30: 93.03%	
[2023-12-05 18:46:02] INFO (nni/MainThread) Intermediate result: 16.753961232078183  (Index 55)
*** Epoch: 28 ***
-----------------G2R RESULT-------------------

val result: krc:0.806 | lsd:0.596 | ed:0.908 | hr@1:0.713 | hr@2:0.878 | hr@3:0.919 | acc@1:0.713 | acc@2:0.64 | acc@3:0.601 | Best krc: 0.812 | Best epoch: 27
[2023-12-05 18:47:39] INFO (nni/MainThread) Intermediate result: 0.8059739907050796  (Index 56)
-----------------ETPA RESULT-------------------
Epoch 28: Validation	rmse: 16.68	mae: 13.37	mape: 100.26%	acc@10: 44.73%	acc@20: 76.62%	acc@30: 93.18%	
[2023-12-05 18:47:39] INFO (nni/MainThread) Intermediate result: 16.677505934724163  (Index 57)
*** Epoch: 29 ***
-----------------G2R RESULT-------------------

val result: krc:0.808 | lsd:0.615 | ed:0.915 | hr@1:0.723 | hr@2:0.876 | hr@3:0.919 | acc@1:0.723 | acc@2:0.648 | acc@3:0.603 | Best krc: 0.812 | Best epoch: 27
[2023-12-05 18:49:16] INFO (nni/MainThread) Intermediate result: 0.8081589022647179  (Index 58)
-----------------ETPA RESULT-------------------
Epoch 29: Validation	rmse: 16.63	mae: 13.33	mape: 99.88%	acc@10: 44.91%	acc@20: 76.75%	acc@30: 93.25%	
[2023-12-05 18:49:16] INFO (nni/MainThread) Intermediate result: 16.63364537257267  (Index 59)
*** Epoch: 30 ***
-----------------G2R RESULT-------------------

val result: krc:0.8 | lsd:0.644 | ed:0.953 | hr@1:0.729 | hr@2:0.868 | hr@3:0.912 | acc@1:0.729 | acc@2:0.642 | acc@3:0.594 | Best krc: 0.812 | Best epoch: 27
[2023-12-05 18:50:52] INFO (nni/MainThread) Intermediate result: 0.7998675783721695  (Index 60)
-----------------ETPA RESULT-------------------
Epoch 30: Validation	rmse: 16.56	mae: 13.26	mape: 99.17%	acc@10: 45.29%	acc@20: 76.93%	acc@30: 93.33%	
[2023-12-05 18:50:52] INFO (nni/MainThread) Intermediate result: 16.55517744140696  (Index 61)
*** Epoch: 31 ***
-----------------G2R RESULT-------------------

val result: krc:0.807 | lsd:0.624 | ed:0.902 | hr@1:0.74 | hr@2:0.868 | hr@3:0.918 | acc@1:0.74 | acc@2:0.647 | acc@3:0.608 | Best krc: 0.812 | Best epoch: 27
[2023-12-05 18:52:28] INFO (nni/MainThread) Intermediate result: 0.8073530259275776  (Index 62)
-----------------ETPA RESULT-------------------
Epoch 31: Validation	rmse: 16.49	mae: 13.2	mape: 98.74%	acc@10: 45.49%	acc@20: 77.09%	acc@30: 93.45%	
[2023-12-05 18:52:28] INFO (nni/MainThread) Intermediate result: 16.491403993581546  (Index 63)
*** Epoch: 32 ***
-----------------G2R RESULT-------------------

val result: krc:0.8 | lsd:0.652 | ed:0.944 | hr@1:0.733 | hr@2:0.866 | hr@3:0.915 | acc@1:0.733 | acc@2:0.642 | acc@3:0.601 | Best krc: 0.812 | Best epoch: 27
[2023-12-05 18:54:05] INFO (nni/MainThread) Intermediate result: 0.8004421567517327  (Index 64)
-----------------ETPA RESULT-------------------
Epoch 32: Validation	rmse: 16.45	mae: 13.16	mape: 98.44%	acc@10: 45.69%	acc@20: 77.23%	acc@30: 93.43%	
[2023-12-05 18:54:05] INFO (nni/MainThread) Intermediate result: 16.45010371322127  (Index 65)
*** Epoch: 33 ***
-----------------G2R RESULT-------------------

val result: krc:0.805 | lsd:0.619 | ed:0.926 | hr@1:0.721 | hr@2:0.871 | hr@3:0.919 | acc@1:0.721 | acc@2:0.64 | acc@3:0.601 | Best krc: 0.812 | Best epoch: 27
[2023-12-05 18:55:42] INFO (nni/MainThread) Intermediate result: 0.8049277276999183  (Index 66)
-----------------ETPA RESULT-------------------
Epoch 33: Validation	rmse: 16.42	mae: 13.13	mape: 98.2%	acc@10: 45.84%	acc@20: 77.33%	acc@30: 93.42%	
[2023-12-05 18:55:42] INFO (nni/MainThread) Intermediate result: 16.423399422567922  (Index 67)
*** Epoch: 34 ***
-----------------G2R RESULT-------------------

val result: krc:0.805 | lsd:0.621 | ed:0.929 | hr@1:0.713 | hr@2:0.869 | hr@3:0.92 | acc@1:0.713 | acc@2:0.632 | acc@3:0.594 | Best krc: 0.812 | Best epoch: 27
[2023-12-05 18:57:20] INFO (nni/MainThread) Intermediate result: 0.8053235834433911  (Index 68)
-----------------ETPA RESULT-------------------
Epoch 34: Validation	rmse: 16.39	mae: 13.1	mape: 97.89%	acc@10: 45.98%	acc@20: 77.45%	acc@30: 93.46%	
[2023-12-05 18:57:20] INFO (nni/MainThread) Intermediate result: 16.38707029643421  (Index 69)
*** Epoch: 35 ***
-----------------G2R RESULT-------------------

val result: krc:0.814 | lsd:0.576 | ed:0.883 | hr@1:0.729 | hr@2:0.88 | hr@3:0.923 | acc@1:0.729 | acc@2:0.653 | acc@3:0.613 | Best krc: 0.812 | Best epoch: 27
best model saved
[2023-12-05 18:58:57] INFO (nni/MainThread) Intermediate result: 0.8138809455293932  (Index 70)
-----------------ETPA RESULT-------------------
Epoch 35: Validation	rmse: 16.4	mae: 13.11	mape: 98.1%	acc@10: 45.94%	acc@20: 77.49%	acc@30: 93.44%	
[2023-12-05 18:58:57] INFO (nni/MainThread) Intermediate result: 16.399859306470944  (Index 71)
*** Epoch: 36 ***
-----------------G2R RESULT-------------------

val result: krc:0.798 | lsd:0.653 | ed:0.929 | hr@1:0.714 | hr@2:0.864 | hr@3:0.917 | acc@1:0.714 | acc@2:0.631 | acc@3:0.592 | Best krc: 0.814 | Best epoch: 35
[2023-12-05 19:00:36] INFO (nni/MainThread) Intermediate result: 0.7982044792888692  (Index 72)
-----------------ETPA RESULT-------------------
Epoch 36: Validation	rmse: 16.35	mae: 13.08	mape: 97.86%	acc@10: 46.01%	acc@20: 77.6%	acc@30: 93.52%	
[2023-12-05 19:00:36] INFO (nni/MainThread) Intermediate result: 16.352314799442805  (Index 73)
*** Epoch: 37 ***
-----------------G2R RESULT-------------------

val result: krc:0.805 | lsd:0.62 | ed:0.914 | hr@1:0.702 | hr@2:0.872 | hr@3:0.915 | acc@1:0.702 | acc@2:0.633 | acc@3:0.592 | Best krc: 0.814 | Best epoch: 35
[2023-12-05 19:02:14] INFO (nni/MainThread) Intermediate result: 0.8047451859869873  (Index 74)
-----------------ETPA RESULT-------------------
Epoch 37: Validation	rmse: 16.31	mae: 13.03	mape: 97.32%	acc@10: 46.24%	acc@20: 77.74%	acc@30: 93.56%	
[2023-12-05 19:02:14] INFO (nni/MainThread) Intermediate result: 16.305344247970112  (Index 75)
*** Epoch: 38 ***
-----------------G2R RESULT-------------------

val result: krc:0.801 | lsd:0.645 | ed:0.925 | hr@1:0.716 | hr@2:0.869 | hr@3:0.921 | acc@1:0.716 | acc@2:0.635 | acc@3:0.604 | Best krc: 0.814 | Best epoch: 35
[2023-12-05 19:03:52] INFO (nni/MainThread) Intermediate result: 0.8009336382576435  (Index 76)
-----------------ETPA RESULT-------------------
Epoch 38: Validation	rmse: 16.27	mae: 12.99	mape: 97.0%	acc@10: 46.41%	acc@20: 77.84%	acc@30: 93.62%	
[2023-12-05 19:03:52] INFO (nni/MainThread) Intermediate result: 16.26525827643655  (Index 77)
*** Epoch: 39 ***
-----------------G2R RESULT-------------------

val result: krc:0.808 | lsd:0.596 | ed:0.918 | hr@1:0.718 | hr@2:0.875 | hr@3:0.921 | acc@1:0.718 | acc@2:0.641 | acc@3:0.606 | Best krc: 0.814 | Best epoch: 35
[2023-12-05 19:05:31] INFO (nni/MainThread) Intermediate result: 0.8081026722390954  (Index 78)
-----------------ETPA RESULT-------------------
Epoch 39: Validation	rmse: 16.21	mae: 12.94	mape: 96.45%	acc@10: 46.69%	acc@20: 77.94%	acc@30: 93.69%	
[2023-12-05 19:05:31] INFO (nni/MainThread) Intermediate result: 16.209724168055256  (Index 79)
*** Epoch: 40 ***
-----------------G2R RESULT-------------------

val result: krc:0.811 | lsd:0.601 | ed:0.882 | hr@1:0.721 | hr@2:0.875 | hr@3:0.922 | acc@1:0.721 | acc@2:0.644 | acc@3:0.609 | Best krc: 0.814 | Best epoch: 35
[2023-12-05 19:07:08] INFO (nni/MainThread) Intermediate result: 0.8107606778879187  (Index 80)
-----------------ETPA RESULT-------------------
Epoch 40: Validation	rmse: 16.18	mae: 12.91	mape: 96.28%	acc@10: 46.81%	acc@20: 78.04%	acc@30: 93.71%	
[2023-12-05 19:07:08] INFO (nni/MainThread) Intermediate result: 16.181093583393015  (Index 81)
*** Epoch: 41 ***
-----------------G2R RESULT-------------------

val result: krc:0.81 | lsd:0.587 | ed:0.881 | hr@1:0.7 | hr@2:0.873 | hr@3:0.919 | acc@1:0.7 | acc@2:0.631 | acc@3:0.596 | Best krc: 0.814 | Best epoch: 35
[2023-12-05 19:08:45] INFO (nni/MainThread) Intermediate result: 0.8098190989402183  (Index 82)
-----------------ETPA RESULT-------------------
Epoch 41: Validation	rmse: 16.17	mae: 12.9	mape: 96.19%	acc@10: 46.89%	acc@20: 78.08%	acc@30: 93.65%	
[2023-12-05 19:08:45] INFO (nni/MainThread) Intermediate result: 16.171371305364744  (Index 83)
*** Epoch: 42 ***
-----------------G2R RESULT-------------------

val result: krc:0.811 | lsd:0.591 | ed:0.893 | hr@1:0.707 | hr@2:0.873 | hr@3:0.922 | acc@1:0.707 | acc@2:0.632 | acc@3:0.599 | Best krc: 0.814 | Best epoch: 35
[2023-12-05 19:10:22] INFO (nni/MainThread) Intermediate result: 0.8106503022637697  (Index 84)
-----------------ETPA RESULT-------------------
Epoch 42: Validation	rmse: 16.14	mae: 12.87	mape: 95.93%	acc@10: 47.06%	acc@20: 78.16%	acc@30: 93.65%	
[2023-12-05 19:10:22] INFO (nni/MainThread) Intermediate result: 16.142706400740412  (Index 85)
*** Epoch: 43 ***
-----------------G2R RESULT-------------------

val result: krc:0.807 | lsd:0.603 | ed:0.902 | hr@1:0.71 | hr@2:0.877 | hr@3:0.921 | acc@1:0.71 | acc@2:0.637 | acc@3:0.604 | Best krc: 0.814 | Best epoch: 35
[2023-12-05 19:12:00] INFO (nni/MainThread) Intermediate result: 0.807341497188458  (Index 86)
-----------------ETPA RESULT-------------------
Epoch 43: Validation	rmse: 16.08	mae: 12.81	mape: 95.37%	acc@10: 47.29%	acc@20: 78.39%	acc@30: 93.72%	
[2023-12-05 19:12:00] INFO (nni/MainThread) Intermediate result: 16.078449804968905  (Index 87)
*** Epoch: 44 ***
-----------------G2R RESULT-------------------

val result: krc:0.816 | lsd:0.565 | ed:0.878 | hr@1:0.715 | hr@2:0.88 | hr@3:0.925 | acc@1:0.715 | acc@2:0.644 | acc@3:0.611 | Best krc: 0.814 | Best epoch: 35
best model saved
[2023-12-05 19:13:39] INFO (nni/MainThread) Intermediate result: 0.8156654102347151  (Index 88)
-----------------ETPA RESULT-------------------
Epoch 44: Validation	rmse: 16.04	mae: 12.78	mape: 95.04%	acc@10: 47.51%	acc@20: 78.5%	acc@30: 93.78%	
[2023-12-05 19:13:39] INFO (nni/MainThread) Intermediate result: 16.037111075479707  (Index 89)
*** Epoch: 45 ***
-----------------G2R RESULT-------------------

val result: krc:0.822 | lsd:0.564 | ed:0.852 | hr@1:0.728 | hr@2:0.878 | hr@3:0.923 | acc@1:0.728 | acc@2:0.655 | acc@3:0.617 | Best krc: 0.816 | Best epoch: 44
best model saved
[2023-12-05 19:15:19] INFO (nni/MainThread) Intermediate result: 0.8221536225034257  (Index 90)
-----------------ETPA RESULT-------------------
Epoch 45: Validation	rmse: 15.99	mae: 12.73	mape: 94.58%	acc@10: 47.66%	acc@20: 78.61%	acc@30: 93.83%	
[2023-12-05 19:15:19] INFO (nni/MainThread) Intermediate result: 15.989828086548792  (Index 91)
*** Epoch: 46 ***
-----------------G2R RESULT-------------------

val result: krc:0.81 | lsd:0.605 | ed:0.892 | hr@1:0.714 | hr@2:0.873 | hr@3:0.92 | acc@1:0.714 | acc@2:0.644 | acc@3:0.606 | Best krc: 0.822 | Best epoch: 45
[2023-12-05 19:16:56] INFO (nni/MainThread) Intermediate result: 0.8098361322235392  (Index 92)
-----------------ETPA RESULT-------------------
Epoch 46: Validation	rmse: 15.96	mae: 12.71	mape: 94.37%	acc@10: 47.77%	acc@20: 78.67%	acc@30: 93.85%	
[2023-12-05 19:16:56] INFO (nni/MainThread) Intermediate result: 15.96406627930054  (Index 93)
*** Epoch: 47 ***
-----------------G2R RESULT-------------------

val result: krc:0.811 | lsd:0.598 | ed:0.889 | hr@1:0.718 | hr@2:0.876 | hr@3:0.921 | acc@1:0.718 | acc@2:0.646 | acc@3:0.61 | Best krc: 0.822 | Best epoch: 45
[2023-12-05 19:18:34] INFO (nni/MainThread) Intermediate result: 0.8111359702177366  (Index 94)
-----------------ETPA RESULT-------------------
Epoch 47: Validation	rmse: 15.92	mae: 12.67	mape: 93.98%	acc@10: 47.91%	acc@20: 78.77%	acc@30: 93.9%	
[2023-12-05 19:18:34] INFO (nni/MainThread) Intermediate result: 15.923334275210895  (Index 95)
*** Epoch: 48 ***
-----------------G2R RESULT-------------------

val result: krc:0.806 | lsd:0.583 | ed:0.917 | hr@1:0.714 | hr@2:0.875 | hr@3:0.915 | acc@1:0.714 | acc@2:0.638 | acc@3:0.59 | Best krc: 0.822 | Best epoch: 45
[2023-12-05 19:20:12] INFO (nni/MainThread) Intermediate result: 0.8062305904107392  (Index 96)
-----------------ETPA RESULT-------------------
Epoch 48: Validation	rmse: 15.89	mae: 12.64	mape: 93.63%	acc@10: 48.05%	acc@20: 78.82%	acc@30: 93.93%	
[2023-12-05 19:20:12] INFO (nni/MainThread) Intermediate result: 15.89332751574008  (Index 97)
*** Epoch: 49 ***
-----------------G2R RESULT-------------------

val result: krc:0.788 | lsd:0.616 | ed:0.953 | hr@1:0.681 | hr@2:0.874 | hr@3:0.915 | acc@1:0.681 | acc@2:0.617 | acc@3:0.576 | Best krc: 0.822 | Best epoch: 45
[2023-12-05 19:21:49] INFO (nni/MainThread) Intermediate result: 0.7877742390728836  (Index 98)
-----------------ETPA RESULT-------------------
Epoch 49: Validation	rmse: 15.86	mae: 12.62	mape: 93.41%	acc@10: 48.2%	acc@20: 78.91%	acc@30: 93.98%	
[2023-12-05 19:21:49] INFO (nni/MainThread) Intermediate result: 15.863311210642953  (Index 99)
*** Epoch: 50 ***
-----------------G2R RESULT-------------------

val result: krc:0.801 | lsd:0.596 | ed:0.905 | hr@1:0.7 | hr@2:0.87 | hr@3:0.918 | acc@1:0.7 | acc@2:0.63 | acc@3:0.593 | Best krc: 0.822 | Best epoch: 45
[2023-12-05 19:23:27] INFO (nni/MainThread) Intermediate result: 0.8009065361754476  (Index 100)
-----------------ETPA RESULT-------------------
Epoch 50: Validation	rmse: 15.84	mae: 12.6	mape: 93.28%	acc@10: 48.23%	acc@20: 78.98%	acc@30: 94.02%	
[2023-12-05 19:23:27] INFO (nni/MainThread) Intermediate result: 15.837656650131246  (Index 101)
*** Epoch: 51 ***
-----------------G2R RESULT-------------------

val result: krc:0.807 | lsd:0.599 | ed:0.89 | hr@1:0.714 | hr@2:0.872 | hr@3:0.922 | acc@1:0.714 | acc@2:0.639 | acc@3:0.611 | Best krc: 0.822 | Best epoch: 45
[2023-12-05 19:25:04] INFO (nni/MainThread) Intermediate result: 0.8070933565292989  (Index 102)
-----------------ETPA RESULT-------------------
Epoch 51: Validation	rmse: 15.81	mae: 12.58	mape: 93.04%	acc@10: 48.3%	acc@20: 79.05%	acc@30: 94.04%	
[2023-12-05 19:25:04] INFO (nni/MainThread) Intermediate result: 15.811888393729292  (Index 103)
*** Epoch: 52 ***
-----------------G2R RESULT-------------------

val result: krc:0.795 | lsd:0.627 | ed:0.939 | hr@1:0.697 | hr@2:0.868 | hr@3:0.92 | acc@1:0.697 | acc@2:0.62 | acc@3:0.584 | Best krc: 0.822 | Best epoch: 45
[2023-12-05 19:26:40] INFO (nni/MainThread) Intermediate result: 0.7948128122505035  (Index 104)
-----------------ETPA RESULT-------------------
Epoch 52: Validation	rmse: 15.8	mae: 12.56	mape: 92.89%	acc@10: 48.41%	acc@20: 79.11%	acc@30: 94.02%	
[2023-12-05 19:26:40] INFO (nni/MainThread) Intermediate result: 15.79833061096304  (Index 105)
*** Epoch: 53 ***
-----------------G2R RESULT-------------------

val result: krc:0.809 | lsd:0.593 | ed:0.883 | hr@1:0.701 | hr@2:0.875 | hr@3:0.923 | acc@1:0.701 | acc@2:0.638 | acc@3:0.608 | Best krc: 0.822 | Best epoch: 45
[2023-12-05 19:28:16] INFO (nni/MainThread) Intermediate result: 0.8092173977700867  (Index 106)
-----------------ETPA RESULT-------------------
Epoch 53: Validation	rmse: 15.76	mae: 12.53	mape: 92.53%	acc@10: 48.53%	acc@20: 79.23%	acc@30: 94.07%	
[2023-12-05 19:28:16] INFO (nni/MainThread) Intermediate result: 15.756947351272224  (Index 107)
*** Epoch: 54 ***
-----------------G2R RESULT-------------------

val result: krc:0.798 | lsd:0.61 | ed:0.929 | hr@1:0.711 | hr@2:0.87 | hr@3:0.916 | acc@1:0.711 | acc@2:0.638 | acc@3:0.597 | Best krc: 0.822 | Best epoch: 45
[2023-12-05 19:29:54] INFO (nni/MainThread) Intermediate result: 0.798442944931795  (Index 108)
-----------------ETPA RESULT-------------------
Epoch 54: Validation	rmse: 15.73	mae: 12.51	mape: 92.4%	acc@10: 48.63%	acc@20: 79.29%	acc@30: 94.11%	
[2023-12-05 19:29:54] INFO (nni/MainThread) Intermediate result: 15.734237233179572  (Index 109)
*** Epoch: 55 ***
-----------------G2R RESULT-------------------

val result: krc:0.813 | lsd:0.598 | ed:0.878 | hr@1:0.72 | hr@2:0.874 | hr@3:0.922 | acc@1:0.72 | acc@2:0.643 | acc@3:0.61 | Best krc: 0.822 | Best epoch: 45
[2023-12-05 19:31:31] INFO (nni/MainThread) Intermediate result: 0.812836073544425  (Index 110)
-----------------ETPA RESULT-------------------
Epoch 55: Validation	rmse: 15.71	mae: 12.49	mape: 92.19%	acc@10: 48.74%	acc@20: 79.37%	acc@30: 94.13%	
[2023-12-05 19:31:31] INFO (nni/MainThread) Intermediate result: 15.710259692822692  (Index 111)
loaded model path: /home/sentanoe/joint_training/data/dataset/food_pd/sort_model/hidden_size-8.gcnru-pd_1701795647.36219741701795647.36221
best model loaded !!!
krc:0.812 | lsd:0.437 | ed:0.882 | hr@1:0.73 | hr@2:0.908 | hr@3:0.944 | acc@1:0.73 | acc@2:0.663 | acc@3:0.618 |

-------------------------------------------------------------
Best epoch for G2R:  45
Best epoch for ETPA:  55
graph2route_pd Evaluation in test: krc:0.812 | lsd:0.437 | ed:0.882 | hr@1:0.73 | hr@2:0.908 | hr@3:0.944 | acc@1:0.73 | acc@2:0.663 | acc@3:0.618 |
RankPETA Evaluation in test: rmse: 13.25	mae: 10.57	mape: 92.14%	acc@10: 56.54%	acc@20: 88.19%	acc@30: 97.89%	
