Device:  cuda
{'alpha_loss': 0.5,
 'batch_size': 64,
 'dataset': 'food_pd',
 'datatype': 'order',
 'device': device(type='cuda'),
 'early_stop': 20,
 'edge_fea_dim': 5,
 'embedding_dim': 32,
 'eval_end_1': 11,
 'eval_end_2': 25,
 'eval_start': 1,
 'gcn_num_layers': 2,
 'hidden_size': 8,
 'is_eval': False,
 'is_test': False,
 'k_min_nodes': 3,
 'k_nearest_neighbors': 'n-1',
 'lr': 0.001,
 'max_task_num': 25,
 'min_task_num': 0,
 'modelArrivalTime': 'RankPETA',
 'modelRoute': 'graph2route_pd',
 'no_cuda': False,
 'node_fea_dim': 8,
 'node_features_test': '/home/sentanoe/joint_training/data/dataset/food_pd/node_features_test_full.npy',
 'node_features_train': '/home/sentanoe/joint_training/data/dataset/food_pd/node_features_train_full.npy',
 'node_features_val': '/home/sentanoe/joint_training/data/dataset/food_pd/node_features_val_full.npy',
 'num_block': 4,
 'num_epoch': 1000,
 'num_head': 2,
 'num_worker_logistics': 2346,
 'num_worker_pd': 920,
 'pad_value': 26,
 'seed': 1000,
 'sort_mode': 'true_idx',
 'spatial_encoder': 'gcn',
 'temporal_encoder': 'gru',
 'test_path': '/home/sentanoe/joint_training/data/dataset/food_pd/test_full.npy',
 'train_mode': 'sort',
 'train_path': '/home/sentanoe/joint_training/data/dataset/food_pd/train_full.npy',
 'val_path': '/home/sentanoe/joint_training/data/dataset/food_pd/val_full.npy',
 'wd': 1e-05,
 'worker_emb_dim': 10,
 'workers': 2}
last_x_size:13;unpick_x_size:12;input_size:38
#train:2521 | #val:1257 | #test:1261
*** Epoch: 0 ***
-----------------G2R RESULT-------------------

val result: krc:0.757 | lsd:0.72 | ed:1.034 | hr@1:0.635 | hr@2:0.851 | hr@3:0.901 | acc@1:0.635 | acc@2:0.57 | acc@3:0.529 | Best krc: -1 | Best epoch: -1
best model saved
[2023-11-29 13:07:26] INFO (nni/MainThread) Intermediate result: 0.7565630010404826  (Index 0)
-----------------ETPA RESULT-------------------
Epoch 0: Validation	rmse: 32.18	mae: 24.89	mape: 48.45%	acc@10: 25.0%	acc@20: 40.62%	acc@30: 75.0%	
[2023-11-29 13:07:26] INFO (nni/MainThread) Intermediate result: 32.18140112122218  (Index 1)
*** Epoch: 1 ***
-----------------G2R RESULT-------------------

val result: krc:0.767 | lsd:0.747 | ed:1.003 | hr@1:0.639 | hr@2:0.857 | hr@3:0.904 | acc@1:0.639 | acc@2:0.582 | acc@3:0.54 | Best krc: 0.757 | Best epoch: 0
best model saved
[2023-11-29 13:07:54] INFO (nni/MainThread) Intermediate result: 0.7665685008929434  (Index 2)
-----------------ETPA RESULT-------------------
Epoch 1: Validation	rmse: 29.1	mae: 21.47	mape: 41.66%	acc@10: 29.69%	acc@20: 59.38%	acc@30: 81.25%	
[2023-11-29 13:07:54] INFO (nni/MainThread) Intermediate result: 29.10296987968189  (Index 3)
*** Epoch: 2 ***
-----------------G2R RESULT-------------------

val result: krc:0.764 | lsd:0.692 | ed:0.992 | hr@1:0.634 | hr@2:0.858 | hr@3:0.906 | acc@1:0.634 | acc@2:0.578 | acc@3:0.536 | Best krc: 0.767 | Best epoch: 1
[2023-11-29 13:08:21] INFO (nni/MainThread) Intermediate result: 0.7641446166588275  (Index 4)
-----------------ETPA RESULT-------------------
Epoch 2: Validation	rmse: 27.4	mae: 19.48	mape: 38.03%	acc@10: 35.42%	acc@20: 66.67%	acc@30: 84.38%	
[2023-11-29 13:08:21] INFO (nni/MainThread) Intermediate result: 27.403356483212637  (Index 5)
*** Epoch: 3 ***
-----------------G2R RESULT-------------------

val result: krc:0.762 | lsd:0.71 | ed:1.012 | hr@1:0.638 | hr@2:0.863 | hr@3:0.906 | acc@1:0.638 | acc@2:0.584 | acc@3:0.539 | Best krc: 0.767 | Best epoch: 1
[2023-11-29 13:08:48] INFO (nni/MainThread) Intermediate result: 0.7615239414102554  (Index 6)
-----------------ETPA RESULT-------------------
Epoch 3: Validation	rmse: 26.5	mae: 18.58	mape: 37.24%	acc@10: 40.62%	acc@20: 66.41%	acc@30: 84.38%	
[2023-11-29 13:08:48] INFO (nni/MainThread) Intermediate result: 26.49984360132473  (Index 7)
*** Epoch: 4 ***
-----------------G2R RESULT-------------------

val result: krc:0.772 | lsd:0.695 | ed:0.969 | hr@1:0.643 | hr@2:0.859 | hr@3:0.908 | acc@1:0.643 | acc@2:0.583 | acc@3:0.546 | Best krc: 0.767 | Best epoch: 1
best model saved
[2023-11-29 13:09:16] INFO (nni/MainThread) Intermediate result: 0.772428109550978  (Index 8)
-----------------ETPA RESULT-------------------
Epoch 4: Validation	rmse: 25.47	mae: 17.77	mape: 35.69%	acc@10: 41.88%	acc@20: 70.0%	acc@30: 85.0%	
[2023-11-29 13:09:16] INFO (nni/MainThread) Intermediate result: 25.470035873615423  (Index 9)
*** Epoch: 5 ***
-----------------G2R RESULT-------------------

val result: krc:0.775 | lsd:0.66 | ed:0.976 | hr@1:0.637 | hr@2:0.862 | hr@3:0.91 | acc@1:0.637 | acc@2:0.582 | acc@3:0.544 | Best krc: 0.772 | Best epoch: 4
best model saved
[2023-11-29 13:09:45] INFO (nni/MainThread) Intermediate result: 0.7745135542686917  (Index 10)
-----------------ETPA RESULT-------------------
Epoch 5: Validation	rmse: 25.09	mae: 17.54	mape: 35.52%	acc@10: 41.15%	acc@20: 71.88%	acc@30: 85.42%	
[2023-11-29 13:09:45] INFO (nni/MainThread) Intermediate result: 25.093428975369438  (Index 11)
*** Epoch: 6 ***
-----------------G2R RESULT-------------------

val result: krc:0.771 | lsd:0.702 | ed:0.97 | hr@1:0.645 | hr@2:0.859 | hr@3:0.908 | acc@1:0.645 | acc@2:0.587 | acc@3:0.548 | Best krc: 0.775 | Best epoch: 5
[2023-11-29 13:10:11] INFO (nni/MainThread) Intermediate result: 0.7711730579417505  (Index 12)
-----------------ETPA RESULT-------------------
Epoch 6: Validation	rmse: 24.68	mae: 17.21	mape: 35.19%	acc@10: 42.86%	acc@20: 71.88%	acc@30: 86.61%	
[2023-11-29 13:10:12] INFO (nni/MainThread) Intermediate result: 24.683532660891995  (Index 13)
*** Epoch: 7 ***
-----------------G2R RESULT-------------------

val result: krc:0.769 | lsd:0.692 | ed:0.973 | hr@1:0.638 | hr@2:0.857 | hr@3:0.91 | acc@1:0.638 | acc@2:0.579 | acc@3:0.547 | Best krc: 0.775 | Best epoch: 5
[2023-11-29 13:10:38] INFO (nni/MainThread) Intermediate result: 0.7694103092004273  (Index 14)
-----------------ETPA RESULT-------------------
Epoch 7: Validation	rmse: 24.21	mae: 16.92	mape: 34.87%	acc@10: 42.97%	acc@20: 73.05%	acc@30: 87.5%	
[2023-11-29 13:10:38] INFO (nni/MainThread) Intermediate result: 24.208022736280363  (Index 15)
*** Epoch: 8 ***
-----------------G2R RESULT-------------------

val result: krc:0.773 | lsd:0.704 | ed:0.972 | hr@1:0.642 | hr@2:0.858 | hr@3:0.907 | acc@1:0.642 | acc@2:0.584 | acc@3:0.544 | Best krc: 0.775 | Best epoch: 5
[2023-11-29 13:11:05] INFO (nni/MainThread) Intermediate result: 0.7728494440344025  (Index 16)
-----------------ETPA RESULT-------------------
Epoch 8: Validation	rmse: 23.89	mae: 16.88	mape: 35.38%	acc@10: 42.01%	acc@20: 72.57%	acc@30: 87.85%	
[2023-11-29 13:11:05] INFO (nni/MainThread) Intermediate result: 23.893913208676917  (Index 17)
*** Epoch: 9 ***
-----------------G2R RESULT-------------------

val result: krc:0.775 | lsd:0.69 | ed:0.969 | hr@1:0.642 | hr@2:0.858 | hr@3:0.909 | acc@1:0.642 | acc@2:0.58 | acc@3:0.544 | Best krc: 0.775 | Best epoch: 5
best model saved
[2023-11-29 13:11:35] INFO (nni/MainThread) Intermediate result: 0.775154770572348  (Index 18)
-----------------ETPA RESULT-------------------
Epoch 9: Validation	rmse: 23.58	mae: 16.78	mape: 35.57%	acc@10: 41.56%	acc@20: 72.5%	acc@30: 88.44%	
[2023-11-29 13:11:35] INFO (nni/MainThread) Intermediate result: 23.583961820716716  (Index 19)
*** Epoch: 10 ***
-----------------G2R RESULT-------------------

val result: krc:0.777 | lsd:0.669 | ed:0.943 | hr@1:0.642 | hr@2:0.867 | hr@3:0.911 | acc@1:0.642 | acc@2:0.591 | acc@3:0.556 | Best krc: 0.775 | Best epoch: 9
best model saved
[2023-11-29 13:12:03] INFO (nni/MainThread) Intermediate result: 0.7774047520440173  (Index 20)
-----------------ETPA RESULT-------------------
Epoch 10: Validation	rmse: 23.17	mae: 16.53	mape: 35.33%	acc@10: 41.19%	acc@20: 73.01%	acc@30: 88.92%	
[2023-11-29 13:12:03] INFO (nni/MainThread) Intermediate result: 23.172449829863492  (Index 21)
*** Epoch: 11 ***
-----------------G2R RESULT-------------------

val result: krc:0.776 | lsd:0.679 | ed:0.965 | hr@1:0.645 | hr@2:0.864 | hr@3:0.914 | acc@1:0.645 | acc@2:0.584 | acc@3:0.549 | Best krc: 0.777 | Best epoch: 10
[2023-11-29 13:12:29] INFO (nni/MainThread) Intermediate result: 0.775823016802466  (Index 22)
-----------------ETPA RESULT-------------------
Epoch 11: Validation	rmse: 22.96	mae: 16.48	mape: 35.66%	acc@10: 41.41%	acc@20: 72.66%	acc@30: 89.32%	
[2023-11-29 13:12:29] INFO (nni/MainThread) Intermediate result: 22.964548135371675  (Index 23)
*** Epoch: 12 ***
-----------------G2R RESULT-------------------

val result: krc:0.775 | lsd:0.664 | ed:0.982 | hr@1:0.64 | hr@2:0.863 | hr@3:0.909 | acc@1:0.64 | acc@2:0.585 | acc@3:0.544 | Best krc: 0.777 | Best epoch: 10
[2023-11-29 13:12:56] INFO (nni/MainThread) Intermediate result: 0.7745432248361851  (Index 24)
-----------------ETPA RESULT-------------------
Epoch 12: Validation	rmse: 22.67	mae: 16.32	mape: 35.43%	acc@10: 41.35%	acc@20: 73.32%	acc@30: 89.66%	
[2023-11-29 13:12:56] INFO (nni/MainThread) Intermediate result: 22.673271347714756  (Index 25)
*** Epoch: 13 ***
-----------------G2R RESULT-------------------

val result: krc:0.782 | lsd:0.673 | ed:0.964 | hr@1:0.654 | hr@2:0.865 | hr@3:0.912 | acc@1:0.654 | acc@2:0.595 | acc@3:0.557 | Best krc: 0.777 | Best epoch: 10
best model saved
[2023-11-29 13:13:25] INFO (nni/MainThread) Intermediate result: 0.7819096901737915  (Index 26)
-----------------ETPA RESULT-------------------
Epoch 13: Validation	rmse: 22.41	mae: 16.21	mape: 35.32%	acc@10: 40.85%	acc@20: 73.66%	acc@30: 89.96%	
[2023-11-29 13:13:25] INFO (nni/MainThread) Intermediate result: 22.40620773042175  (Index 27)
*** Epoch: 14 ***
-----------------G2R RESULT-------------------

val result: krc:0.773 | lsd:0.662 | ed:0.977 | hr@1:0.639 | hr@2:0.865 | hr@3:0.912 | acc@1:0.639 | acc@2:0.579 | acc@3:0.542 | Best krc: 0.782 | Best epoch: 13
[2023-11-29 13:13:51] INFO (nni/MainThread) Intermediate result: 0.7732008117228931  (Index 28)
-----------------ETPA RESULT-------------------
Epoch 14: Validation	rmse: 22.18	mae: 16.1	mape: 35.27%	acc@10: 40.83%	acc@20: 74.38%	acc@30: 90.21%	
[2023-11-29 13:13:52] INFO (nni/MainThread) Intermediate result: 22.178055594764142  (Index 29)
*** Epoch: 15 ***
-----------------G2R RESULT-------------------

val result: krc:0.772 | lsd:0.679 | ed:0.983 | hr@1:0.641 | hr@2:0.862 | hr@3:0.91 | acc@1:0.641 | acc@2:0.582 | acc@3:0.54 | Best krc: 0.782 | Best epoch: 13
[2023-11-29 13:14:20] INFO (nni/MainThread) Intermediate result: 0.7722101862897666  (Index 30)
-----------------ETPA RESULT-------------------
Epoch 15: Validation	rmse: 22.05	mae: 16.1	mape: 35.36%	acc@10: 40.23%	acc@20: 74.22%	acc@30: 90.23%	
[2023-11-29 13:14:20] INFO (nni/MainThread) Intermediate result: 22.05370954912734  (Index 31)
*** Epoch: 16 ***
-----------------G2R RESULT-------------------

val result: krc:0.78 | lsd:0.657 | ed:0.961 | hr@1:0.643 | hr@2:0.868 | hr@3:0.913 | acc@1:0.643 | acc@2:0.588 | acc@3:0.55 | Best krc: 0.782 | Best epoch: 13
[2023-11-29 13:14:46] INFO (nni/MainThread) Intermediate result: 0.7804702360102448  (Index 32)
-----------------ETPA RESULT-------------------
Epoch 16: Validation	rmse: 21.81	mae: 16.0	mape: 35.39%	acc@10: 39.89%	acc@20: 74.63%	acc@30: 90.44%	
[2023-11-29 13:14:47] INFO (nni/MainThread) Intermediate result: 21.805932516931982  (Index 33)
*** Epoch: 17 ***
-----------------G2R RESULT-------------------

val result: krc:0.783 | lsd:0.639 | ed:0.942 | hr@1:0.647 | hr@2:0.868 | hr@3:0.913 | acc@1:0.647 | acc@2:0.593 | acc@3:0.557 | Best krc: 0.782 | Best epoch: 13
best model saved
[2023-11-29 13:15:17] INFO (nni/MainThread) Intermediate result: 0.7832874350058434  (Index 34)
-----------------ETPA RESULT-------------------
Epoch 17: Validation	rmse: 21.67	mae: 16.02	mape: 35.66%	acc@10: 39.24%	acc@20: 74.48%	acc@30: 90.62%	
[2023-11-29 13:15:17] INFO (nni/MainThread) Intermediate result: 21.672657008555092  (Index 35)
*** Epoch: 18 ***
-----------------G2R RESULT-------------------

val result: krc:0.779 | lsd:0.65 | ed:0.965 | hr@1:0.644 | hr@2:0.868 | hr@3:0.913 | acc@1:0.644 | acc@2:0.587 | acc@3:0.551 | Best krc: 0.783 | Best epoch: 17
[2023-11-29 13:15:45] INFO (nni/MainThread) Intermediate result: 0.7793412411164926  (Index 36)
-----------------ETPA RESULT-------------------
Epoch 18: Validation	rmse: 21.49	mae: 15.96	mape: 35.64%	acc@10: 38.98%	acc@20: 75.0%	acc@30: 90.79%	
[2023-11-29 13:15:45] INFO (nni/MainThread) Intermediate result: 21.49224033365341  (Index 37)
*** Epoch: 19 ***
-----------------G2R RESULT-------------------

val result: krc:0.779 | lsd:0.659 | ed:0.961 | hr@1:0.639 | hr@2:0.869 | hr@3:0.916 | acc@1:0.639 | acc@2:0.585 | acc@3:0.555 | Best krc: 0.783 | Best epoch: 17
[2023-11-29 13:16:12] INFO (nni/MainThread) Intermediate result: 0.7794340861328181  (Index 38)
-----------------ETPA RESULT-------------------
Epoch 19: Validation	rmse: 21.32	mae: 15.92	mape: 35.69%	acc@10: 38.75%	acc@20: 75.0%	acc@30: 90.94%	
[2023-11-29 13:16:12] INFO (nni/MainThread) Intermediate result: 21.323072462991078  (Index 39)
*** Epoch: 20 ***
-----------------G2R RESULT-------------------

val result: krc:0.776 | lsd:0.672 | ed:0.969 | hr@1:0.638 | hr@2:0.866 | hr@3:0.912 | acc@1:0.638 | acc@2:0.58 | acc@3:0.548 | Best krc: 0.783 | Best epoch: 17
[2023-11-29 13:16:41] INFO (nni/MainThread) Intermediate result: 0.7761550917300807  (Index 40)
-----------------ETPA RESULT-------------------
Epoch 20: Validation	rmse: 21.22	mae: 15.89	mape: 35.74%	acc@10: 38.69%	acc@20: 74.85%	acc@30: 91.07%	
[2023-11-29 13:16:41] INFO (nni/MainThread) Intermediate result: 21.215263608962726  (Index 41)
*** Epoch: 21 ***
-----------------G2R RESULT-------------------

val result: krc:0.78 | lsd:0.666 | ed:0.949 | hr@1:0.644 | hr@2:0.869 | hr@3:0.912 | acc@1:0.644 | acc@2:0.59 | acc@3:0.554 | Best krc: 0.783 | Best epoch: 17
[2023-11-29 13:17:09] INFO (nni/MainThread) Intermediate result: 0.7799883059174709  (Index 42)
-----------------ETPA RESULT-------------------
Epoch 21: Validation	rmse: 21.11	mae: 15.87	mape: 35.78%	acc@10: 38.78%	acc@20: 74.86%	acc@30: 91.19%	
[2023-11-29 13:17:09] INFO (nni/MainThread) Intermediate result: 21.11487894448027  (Index 43)
*** Epoch: 22 ***
-----------------G2R RESULT-------------------

val result: krc:0.779 | lsd:0.67 | ed:0.975 | hr@1:0.645 | hr@2:0.868 | hr@3:0.913 | acc@1:0.645 | acc@2:0.589 | acc@3:0.548 | Best krc: 0.783 | Best epoch: 17
[2023-11-29 13:17:37] INFO (nni/MainThread) Intermediate result: 0.779212378416576  (Index 44)
-----------------ETPA RESULT-------------------
Epoch 22: Validation	rmse: 21.02	mae: 15.84	mape: 35.79%	acc@10: 38.86%	acc@20: 74.86%	acc@30: 91.17%	
[2023-11-29 13:17:37] INFO (nni/MainThread) Intermediate result: 21.017114408708505  (Index 45)
*** Epoch: 23 ***
-----------------G2R RESULT-------------------

val result: krc:0.777 | lsd:0.652 | ed:0.969 | hr@1:0.638 | hr@2:0.869 | hr@3:0.914 | acc@1:0.638 | acc@2:0.584 | acc@3:0.551 | Best krc: 0.783 | Best epoch: 17
[2023-11-29 13:18:05] INFO (nni/MainThread) Intermediate result: 0.7769413802120403  (Index 46)
-----------------ETPA RESULT-------------------
Epoch 23: Validation	rmse: 20.87	mae: 15.76	mape: 35.68%	acc@10: 38.93%	acc@20: 75.0%	acc@30: 91.28%	
[2023-11-29 13:18:05] INFO (nni/MainThread) Intermediate result: 20.873922026502406  (Index 47)
*** Epoch: 24 ***
-----------------G2R RESULT-------------------

val result: krc:0.773 | lsd:0.658 | ed:0.98 | hr@1:0.646 | hr@2:0.866 | hr@3:0.911 | acc@1:0.646 | acc@2:0.587 | acc@3:0.547 | Best krc: 0.783 | Best epoch: 17
[2023-11-29 13:18:34] INFO (nni/MainThread) Intermediate result: 0.7730916672761885  (Index 48)
-----------------ETPA RESULT-------------------
Epoch 24: Validation	rmse: 20.77	mae: 15.75	mape: 35.72%	acc@10: 38.62%	acc@20: 75.12%	acc@30: 91.25%	
[2023-11-29 13:18:34] INFO (nni/MainThread) Intermediate result: 20.770925037241806  (Index 49)
*** Epoch: 25 ***
-----------------G2R RESULT-------------------

val result: krc:0.774 | lsd:0.676 | ed:0.967 | hr@1:0.643 | hr@2:0.868 | hr@3:0.914 | acc@1:0.643 | acc@2:0.589 | acc@3:0.547 | Best krc: 0.783 | Best epoch: 17
[2023-11-29 13:19:01] INFO (nni/MainThread) Intermediate result: 0.7738575120647704  (Index 50)
-----------------ETPA RESULT-------------------
Epoch 25: Validation	rmse: 20.64	mae: 15.7	mape: 35.7%	acc@10: 38.46%	acc@20: 75.36%	acc@30: 91.35%	
[2023-11-29 13:19:01] INFO (nni/MainThread) Intermediate result: 20.64007267560252  (Index 51)
*** Epoch: 26 ***
-----------------G2R RESULT-------------------

val result: krc:0.77 | lsd:0.656 | ed:0.977 | hr@1:0.637 | hr@2:0.866 | hr@3:0.91 | acc@1:0.637 | acc@2:0.581 | acc@3:0.54 | Best krc: 0.783 | Best epoch: 17
[2023-11-29 13:19:29] INFO (nni/MainThread) Intermediate result: 0.770417560220796  (Index 52)
-----------------ETPA RESULT-------------------
Epoch 26: Validation	rmse: 20.6	mae: 15.71	mape: 35.74%	acc@10: 38.43%	acc@20: 75.35%	acc@30: 91.2%	
[2023-11-29 13:19:29] INFO (nni/MainThread) Intermediate result: 20.600485598659702  (Index 53)
*** Epoch: 27 ***
-----------------G2R RESULT-------------------

val result: krc:0.774 | lsd:0.652 | ed:0.974 | hr@1:0.641 | hr@2:0.866 | hr@3:0.912 | acc@1:0.641 | acc@2:0.583 | acc@3:0.544 | Best krc: 0.783 | Best epoch: 17
[2023-11-29 13:19:58] INFO (nni/MainThread) Intermediate result: 0.7738355799571366  (Index 54)
-----------------ETPA RESULT-------------------
Epoch 27: Validation	rmse: 20.55	mae: 15.72	mape: 35.83%	acc@10: 38.17%	acc@20: 75.22%	acc@30: 91.18%	
[2023-11-29 13:19:58] INFO (nni/MainThread) Intermediate result: 20.55384335004941  (Index 55)
*** Epoch: 28 ***
-----------------G2R RESULT-------------------

val result: krc:0.769 | lsd:0.663 | ed:0.989 | hr@1:0.641 | hr@2:0.868 | hr@3:0.912 | acc@1:0.641 | acc@2:0.586 | acc@3:0.544 | Best krc: 0.783 | Best epoch: 17
[2023-11-29 13:20:27] INFO (nni/MainThread) Intermediate result: 0.7689502723870892  (Index 56)
-----------------ETPA RESULT-------------------
Epoch 28: Validation	rmse: 20.48	mae: 15.69	mape: 35.74%	acc@10: 37.93%	acc@20: 75.54%	acc@30: 91.27%	
[2023-11-29 13:20:27] INFO (nni/MainThread) Intermediate result: 20.483859549417303  (Index 57)
*** Epoch: 29 ***
-----------------G2R RESULT-------------------

val result: krc:0.781 | lsd:0.65 | ed:0.957 | hr@1:0.647 | hr@2:0.866 | hr@3:0.913 | acc@1:0.647 | acc@2:0.589 | acc@3:0.554 | Best krc: 0.783 | Best epoch: 17
[2023-11-29 13:20:56] INFO (nni/MainThread) Intermediate result: 0.7808969430219977  (Index 58)
-----------------ETPA RESULT-------------------
Epoch 29: Validation	rmse: 20.36	mae: 15.63	mape: 35.72%	acc@10: 37.92%	acc@20: 75.94%	acc@30: 91.35%	
[2023-11-29 13:20:56] INFO (nni/MainThread) Intermediate result: 20.358774931966487  (Index 59)
*** Epoch: 30 ***
-----------------G2R RESULT-------------------

val result: krc:0.772 | lsd:0.661 | ed:0.986 | hr@1:0.641 | hr@2:0.866 | hr@3:0.911 | acc@1:0.641 | acc@2:0.587 | acc@3:0.545 | Best krc: 0.783 | Best epoch: 17
[2023-11-29 13:21:24] INFO (nni/MainThread) Intermediate result: 0.7718358403972746  (Index 60)
-----------------ETPA RESULT-------------------
Epoch 30: Validation	rmse: 20.29	mae: 15.6	mape: 35.68%	acc@10: 37.9%	acc@20: 75.81%	acc@30: 91.43%	
[2023-11-29 13:21:25] INFO (nni/MainThread) Intermediate result: 20.294588353484507  (Index 61)
*** Epoch: 31 ***
-----------------G2R RESULT-------------------

val result: krc:0.784 | lsd:0.627 | ed:0.953 | hr@1:0.649 | hr@2:0.87 | hr@3:0.919 | acc@1:0.649 | acc@2:0.592 | acc@3:0.557 | Best krc: 0.783 | Best epoch: 17
best model saved
[2023-11-29 13:21:58] INFO (nni/MainThread) Intermediate result: 0.7844242615471297  (Index 62)
-----------------ETPA RESULT-------------------
Epoch 31: Validation	rmse: 20.27	mae: 15.6	mape: 35.7%	acc@10: 37.7%	acc@20: 75.78%	acc@30: 91.5%	
[2023-11-29 13:21:58] INFO (nni/MainThread) Intermediate result: 20.26598877702274  (Index 63)
*** Epoch: 32 ***
-----------------G2R RESULT-------------------

val result: krc:0.781 | lsd:0.642 | ed:0.951 | hr@1:0.646 | hr@2:0.871 | hr@3:0.917 | acc@1:0.646 | acc@2:0.594 | acc@3:0.563 | Best krc: 0.784 | Best epoch: 31
[2023-11-29 13:22:28] INFO (nni/MainThread) Intermediate result: 0.7810218572177471  (Index 64)
-----------------ETPA RESULT-------------------
Epoch 32: Validation	rmse: 20.24	mae: 15.63	mape: 35.73%	acc@10: 37.5%	acc@20: 75.57%	acc@30: 91.38%	
[2023-11-29 13:22:29] INFO (nni/MainThread) Intermediate result: 20.240306618743556  (Index 65)
*** Epoch: 33 ***
-----------------G2R RESULT-------------------

val result: krc:0.785 | lsd:0.635 | ed:0.943 | hr@1:0.65 | hr@2:0.875 | hr@3:0.919 | acc@1:0.65 | acc@2:0.595 | acc@3:0.56 | Best krc: 0.784 | Best epoch: 31
best model saved
[2023-11-29 13:23:03] INFO (nni/MainThread) Intermediate result: 0.7850503487670081  (Index 66)
-----------------ETPA RESULT-------------------
Epoch 33: Validation	rmse: 20.15	mae: 15.57	mape: 35.65%	acc@10: 37.68%	acc@20: 75.64%	acc@30: 91.36%	
[2023-11-29 13:23:03] INFO (nni/MainThread) Intermediate result: 20.14673034067372  (Index 67)
*** Epoch: 34 ***
-----------------G2R RESULT-------------------

val result: krc:0.779 | lsd:0.655 | ed:0.955 | hr@1:0.647 | hr@2:0.868 | hr@3:0.913 | acc@1:0.647 | acc@2:0.595 | acc@3:0.555 | Best krc: 0.785 | Best epoch: 33
[2023-11-29 13:23:32] INFO (nni/MainThread) Intermediate result: 0.7793054408708101  (Index 68)
-----------------ETPA RESULT-------------------
Epoch 34: Validation	rmse: 20.04	mae: 15.52	mape: 35.6%	acc@10: 37.68%	acc@20: 75.8%	acc@30: 91.43%	
[2023-11-29 13:23:32] INFO (nni/MainThread) Intermediate result: 20.038709492811662  (Index 69)
*** Epoch: 35 ***
-----------------G2R RESULT-------------------

val result: krc:0.778 | lsd:0.636 | ed:0.958 | hr@1:0.645 | hr@2:0.867 | hr@3:0.914 | acc@1:0.645 | acc@2:0.588 | acc@3:0.551 | Best krc: 0.785 | Best epoch: 33
[2023-11-29 13:24:01] INFO (nni/MainThread) Intermediate result: 0.7781295952262284  (Index 70)
-----------------ETPA RESULT-------------------
Epoch 35: Validation	rmse: 19.98	mae: 15.51	mape: 35.68%	acc@10: 37.67%	acc@20: 75.69%	acc@30: 91.49%	
[2023-11-29 13:24:01] INFO (nni/MainThread) Intermediate result: 19.979721379414432  (Index 71)
*** Epoch: 36 ***
-----------------G2R RESULT-------------------

val result: krc:0.782 | lsd:0.642 | ed:0.946 | hr@1:0.647 | hr@2:0.866 | hr@3:0.913 | acc@1:0.647 | acc@2:0.593 | acc@3:0.554 | Best krc: 0.785 | Best epoch: 33
[2023-11-29 13:24:32] INFO (nni/MainThread) Intermediate result: 0.7820864969618796  (Index 72)
-----------------ETPA RESULT-------------------
Epoch 36: Validation	rmse: 19.9	mae: 15.48	mape: 35.63%	acc@10: 37.58%	acc@20: 75.93%	acc@30: 91.55%	
[2023-11-29 13:24:32] INFO (nni/MainThread) Intermediate result: 19.900738850337913  (Index 73)
*** Epoch: 37 ***
-----------------G2R RESULT-------------------

val result: krc:0.772 | lsd:0.66 | ed:0.976 | hr@1:0.636 | hr@2:0.865 | hr@3:0.913 | acc@1:0.636 | acc@2:0.581 | acc@3:0.549 | Best krc: 0.785 | Best epoch: 33
[2023-11-29 13:25:02] INFO (nni/MainThread) Intermediate result: 0.7720257361709043  (Index 74)
-----------------ETPA RESULT-------------------
Epoch 37: Validation	rmse: 19.83	mae: 15.46	mape: 35.63%	acc@10: 37.42%	acc@20: 76.07%	acc@30: 91.61%	
[2023-11-29 13:25:03] INFO (nni/MainThread) Intermediate result: 19.826756824534094  (Index 75)
*** Epoch: 38 ***
-----------------G2R RESULT-------------------

val result: krc:0.778 | lsd:0.662 | ed:0.973 | hr@1:0.644 | hr@2:0.862 | hr@3:0.908 | acc@1:0.644 | acc@2:0.589 | acc@3:0.553 | Best krc: 0.785 | Best epoch: 33
[2023-11-29 13:25:33] INFO (nni/MainThread) Intermediate result: 0.7779557736794291  (Index 76)
-----------------ETPA RESULT-------------------
Epoch 38: Validation	rmse: 19.76	mae: 15.43	mape: 35.58%	acc@10: 37.42%	acc@20: 76.12%	acc@30: 91.67%	
[2023-11-29 13:25:33] INFO (nni/MainThread) Intermediate result: 19.763612899988203  (Index 77)
*** Epoch: 39 ***
-----------------G2R RESULT-------------------

val result: krc:0.781 | lsd:0.657 | ed:0.951 | hr@1:0.645 | hr@2:0.873 | hr@3:0.918 | acc@1:0.645 | acc@2:0.588 | acc@3:0.557 | Best krc: 0.785 | Best epoch: 33
[2023-11-29 13:26:01] INFO (nni/MainThread) Intermediate result: 0.7810806321081791  (Index 78)
-----------------ETPA RESULT-------------------
Epoch 39: Validation	rmse: 19.71	mae: 15.4	mape: 35.55%	acc@10: 37.34%	acc@20: 76.02%	acc@30: 91.64%	
[2023-11-29 13:26:01] INFO (nni/MainThread) Intermediate result: 19.714531082896265  (Index 79)
*** Epoch: 40 ***
-----------------G2R RESULT-------------------

val result: krc:0.775 | lsd:0.647 | ed:0.967 | hr@1:0.645 | hr@2:0.868 | hr@3:0.911 | acc@1:0.645 | acc@2:0.592 | acc@3:0.552 | Best krc: 0.785 | Best epoch: 33
[2023-11-29 13:26:30] INFO (nni/MainThread) Intermediate result: 0.7752785571325141  (Index 80)
-----------------ETPA RESULT-------------------
Epoch 40: Validation	rmse: 19.6	mae: 15.35	mape: 35.48%	acc@10: 37.35%	acc@20: 76.22%	acc@30: 91.77%	
[2023-11-29 13:26:30] INFO (nni/MainThread) Intermediate result: 19.60478209768735  (Index 81)
*** Epoch: 41 ***
-----------------G2R RESULT-------------------

val result: krc:0.786 | lsd:0.63 | ed:0.93 | hr@1:0.651 | hr@2:0.872 | hr@3:0.918 | acc@1:0.651 | acc@2:0.597 | acc@3:0.57 | Best krc: 0.785 | Best epoch: 33
best model saved
[2023-11-29 13:27:01] INFO (nni/MainThread) Intermediate result: 0.7861853710913616  (Index 82)
-----------------ETPA RESULT-------------------
Epoch 41: Validation	rmse: 19.53	mae: 15.32	mape: 35.42%	acc@10: 37.43%	acc@20: 76.19%	acc@30: 91.82%	
[2023-11-29 13:27:01] INFO (nni/MainThread) Intermediate result: 19.532554504804956  (Index 83)
*** Epoch: 42 ***
-----------------G2R RESULT-------------------

val result: krc:0.786 | lsd:0.627 | ed:0.938 | hr@1:0.655 | hr@2:0.871 | hr@3:0.916 | acc@1:0.655 | acc@2:0.596 | acc@3:0.565 | Best krc: 0.786 | Best epoch: 41
[2023-11-29 13:27:29] INFO (nni/MainThread) Intermediate result: 0.7861381783288212  (Index 84)
-----------------ETPA RESULT-------------------
Epoch 42: Validation	rmse: 19.44	mae: 15.27	mape: 35.33%	acc@10: 37.57%	acc@20: 76.31%	acc@30: 91.93%	
[2023-11-29 13:27:29] INFO (nni/MainThread) Intermediate result: 19.43941082281441  (Index 85)
*** Epoch: 43 ***
-----------------G2R RESULT-------------------

val result: krc:0.787 | lsd:0.634 | ed:0.923 | hr@1:0.657 | hr@2:0.87 | hr@3:0.917 | acc@1:0.657 | acc@2:0.601 | acc@3:0.568 | Best krc: 0.786 | Best epoch: 41
best model saved
[2023-11-29 13:27:59] INFO (nni/MainThread) Intermediate result: 0.7873644048545664  (Index 86)
-----------------ETPA RESULT-------------------
Epoch 43: Validation	rmse: 19.38	mae: 15.25	mape: 35.28%	acc@10: 37.64%	acc@20: 76.28%	acc@30: 91.97%	
[2023-11-29 13:27:59] INFO (nni/MainThread) Intermediate result: 19.384753598520128  (Index 87)
*** Epoch: 44 ***
-----------------G2R RESULT-------------------

val result: krc:0.789 | lsd:0.616 | ed:0.923 | hr@1:0.662 | hr@2:0.868 | hr@3:0.915 | acc@1:0.662 | acc@2:0.606 | acc@3:0.571 | Best krc: 0.787 | Best epoch: 43
best model saved
[2023-11-29 13:28:28] INFO (nni/MainThread) Intermediate result: 0.7894186210233433  (Index 88)
-----------------ETPA RESULT-------------------
Epoch 44: Validation	rmse: 19.34	mae: 15.22	mape: 35.25%	acc@10: 37.57%	acc@20: 76.18%	acc@30: 91.94%	
[2023-11-29 13:28:28] INFO (nni/MainThread) Intermediate result: 19.337202627058417  (Index 89)
*** Epoch: 45 ***
-----------------G2R RESULT-------------------

val result: krc:0.775 | lsd:0.641 | ed:0.973 | hr@1:0.652 | hr@2:0.868 | hr@3:0.913 | acc@1:0.652 | acc@2:0.596 | acc@3:0.555 | Best krc: 0.789 | Best epoch: 44
[2023-11-29 13:28:58] INFO (nni/MainThread) Intermediate result: 0.7754201441564799  (Index 90)
-----------------ETPA RESULT-------------------
Epoch 45: Validation	rmse: 19.27	mae: 15.2	mape: 35.21%	acc@10: 37.64%	acc@20: 76.15%	acc@30: 92.05%	
[2023-11-29 13:28:58] INFO (nni/MainThread) Intermediate result: 19.27336092816595  (Index 91)
*** Epoch: 46 ***
-----------------G2R RESULT-------------------

val result: krc:0.786 | lsd:0.635 | ed:0.944 | hr@1:0.662 | hr@2:0.874 | hr@3:0.915 | acc@1:0.662 | acc@2:0.605 | acc@3:0.563 | Best krc: 0.789 | Best epoch: 44
[2023-11-29 13:29:28] INFO (nni/MainThread) Intermediate result: 0.7857463099177134  (Index 92)
-----------------ETPA RESULT-------------------
Epoch 46: Validation	rmse: 19.16	mae: 15.13	mape: 35.06%	acc@10: 37.83%	acc@20: 76.46%	acc@30: 92.15%	
[2023-11-29 13:29:28] INFO (nni/MainThread) Intermediate result: 19.155156109925905  (Index 93)
*** Epoch: 47 ***
-----------------G2R RESULT-------------------

val result: krc:0.789 | lsd:0.633 | ed:0.929 | hr@1:0.664 | hr@2:0.873 | hr@3:0.918 | acc@1:0.664 | acc@2:0.604 | acc@3:0.571 | Best krc: 0.789 | Best epoch: 44
[2023-11-29 13:29:56] INFO (nni/MainThread) Intermediate result: 0.7888470854802293  (Index 94)
-----------------ETPA RESULT-------------------
Epoch 47: Validation	rmse: 19.09	mae: 15.11	mape: 35.04%	acc@10: 37.76%	acc@20: 76.5%	acc@30: 92.25%	
[2023-11-29 13:29:56] INFO (nni/MainThread) Intermediate result: 19.093378522082727  (Index 95)
*** Epoch: 48 ***
-----------------G2R RESULT-------------------

val result: krc:0.769 | lsd:0.685 | ed:1.0 | hr@1:0.647 | hr@2:0.864 | hr@3:0.908 | acc@1:0.647 | acc@2:0.585 | acc@3:0.542 | Best krc: 0.789 | Best epoch: 44
[2023-11-29 13:30:25] INFO (nni/MainThread) Intermediate result: 0.7685894050563924  (Index 96)
-----------------ETPA RESULT-------------------
Epoch 48: Validation	rmse: 19.04	mae: 15.1	mape: 35.07%	acc@10: 37.56%	acc@20: 76.53%	acc@30: 92.35%	
[2023-11-29 13:30:25] INFO (nni/MainThread) Intermediate result: 19.040261607836545  (Index 97)
*** Epoch: 49 ***
-----------------G2R RESULT-------------------

val result: krc:0.785 | lsd:0.63 | ed:0.928 | hr@1:0.655 | hr@2:0.868 | hr@3:0.914 | acc@1:0.655 | acc@2:0.6 | acc@3:0.565 | Best krc: 0.789 | Best epoch: 44
[2023-11-29 13:30:53] INFO (nni/MainThread) Intermediate result: 0.7852445832681948  (Index 98)
-----------------ETPA RESULT-------------------
Epoch 49: Validation	rmse: 18.98	mae: 15.08	mape: 35.06%	acc@10: 37.38%	acc@20: 76.62%	acc@30: 92.44%	
[2023-11-29 13:30:53] INFO (nni/MainThread) Intermediate result: 18.982135513790528  (Index 99)
*** Epoch: 50 ***
-----------------G2R RESULT-------------------

val result: krc:0.786 | lsd:0.634 | ed:0.929 | hr@1:0.66 | hr@2:0.871 | hr@3:0.914 | acc@1:0.66 | acc@2:0.602 | acc@3:0.565 | Best krc: 0.789 | Best epoch: 44
[2023-11-29 13:31:21] INFO (nni/MainThread) Intermediate result: 0.786117617827281  (Index 100)
-----------------ETPA RESULT-------------------
Epoch 50: Validation	rmse: 18.92	mae: 15.06	mape: 35.06%	acc@10: 37.32%	acc@20: 76.78%	acc@30: 92.52%	
[2023-11-29 13:31:21] INFO (nni/MainThread) Intermediate result: 18.919127895498566  (Index 101)
*** Epoch: 51 ***
-----------------G2R RESULT-------------------

val result: krc:0.782 | lsd:0.635 | ed:0.955 | hr@1:0.65 | hr@2:0.869 | hr@3:0.912 | acc@1:0.65 | acc@2:0.592 | acc@3:0.555 | Best krc: 0.789 | Best epoch: 44
[2023-11-29 13:31:50] INFO (nni/MainThread) Intermediate result: 0.7815928465775427  (Index 102)
-----------------ETPA RESULT-------------------
Epoch 51: Validation	rmse: 18.86	mae: 15.04	mape: 35.02%	acc@10: 37.38%	acc@20: 76.8%	acc@30: 92.61%	
[2023-11-29 13:31:50] INFO (nni/MainThread) Intermediate result: 18.8599500619816  (Index 103)
*** Epoch: 52 ***
-----------------G2R RESULT-------------------

val result: krc:0.787 | lsd:0.634 | ed:0.933 | hr@1:0.659 | hr@2:0.869 | hr@3:0.914 | acc@1:0.659 | acc@2:0.597 | acc@3:0.565 | Best krc: 0.789 | Best epoch: 44
[2023-11-29 13:32:18] INFO (nni/MainThread) Intermediate result: 0.7868142811212335  (Index 104)
-----------------ETPA RESULT-------------------
Epoch 52: Validation	rmse: 18.78	mae: 15.0	mape: 34.96%	acc@10: 37.38%	acc@20: 77.0%	acc@30: 92.69%	
[2023-11-29 13:32:18] INFO (nni/MainThread) Intermediate result: 18.780716455809724  (Index 105)
*** Epoch: 53 ***
-----------------G2R RESULT-------------------

val result: krc:0.789 | lsd:0.633 | ed:0.929 | hr@1:0.66 | hr@2:0.868 | hr@3:0.915 | acc@1:0.66 | acc@2:0.6 | acc@3:0.566 | Best krc: 0.789 | Best epoch: 44
[2023-11-29 13:32:49] INFO (nni/MainThread) Intermediate result: 0.7891125587234026  (Index 106)
-----------------ETPA RESULT-------------------
Epoch 53: Validation	rmse: 18.71	mae: 14.96	mape: 34.9%	acc@10: 37.33%	acc@20: 77.03%	acc@30: 92.82%	
[2023-11-29 13:32:49] INFO (nni/MainThread) Intermediate result: 18.708690382101988  (Index 107)
*** Epoch: 54 ***
-----------------G2R RESULT-------------------

val result: krc:0.774 | lsd:0.669 | ed:0.98 | hr@1:0.648 | hr@2:0.869 | hr@3:0.913 | acc@1:0.648 | acc@2:0.589 | acc@3:0.548 | Best krc: 0.789 | Best epoch: 44
[2023-11-29 13:33:20] INFO (nni/MainThread) Intermediate result: 0.7737739321036218  (Index 108)
-----------------ETPA RESULT-------------------
Epoch 54: Validation	rmse: 18.64	mae: 14.93	mape: 34.85%	acc@10: 37.16%	acc@20: 77.16%	acc@30: 92.95%	
[2023-11-29 13:33:20] INFO (nni/MainThread) Intermediate result: 18.641265566378337  (Index 109)
*** Epoch: 55 ***
-----------------G2R RESULT-------------------

val result: krc:0.786 | lsd:0.619 | ed:0.944 | hr@1:0.664 | hr@2:0.869 | hr@3:0.915 | acc@1:0.664 | acc@2:0.602 | acc@3:0.564 | Best krc: 0.789 | Best epoch: 44
[2023-11-29 13:33:51] INFO (nni/MainThread) Intermediate result: 0.7859357908767617  (Index 110)
-----------------ETPA RESULT-------------------
Epoch 55: Validation	rmse: 18.58	mae: 14.9	mape: 34.79%	acc@10: 37.22%	acc@20: 77.29%	acc@30: 93.08%	
[2023-11-29 13:33:51] INFO (nni/MainThread) Intermediate result: 18.576187221184743  (Index 111)
*** Epoch: 56 ***
-----------------G2R RESULT-------------------

val result: krc:0.784 | lsd:0.637 | ed:0.959 | hr@1:0.659 | hr@2:0.87 | hr@3:0.913 | acc@1:0.659 | acc@2:0.597 | acc@3:0.559 | Best krc: 0.789 | Best epoch: 44
[2023-11-29 13:34:21] INFO (nni/MainThread) Intermediate result: 0.7838872167687209  (Index 112)
-----------------ETPA RESULT-------------------
Epoch 56: Validation	rmse: 18.52	mae: 14.87	mape: 34.73%	acc@10: 37.23%	acc@20: 77.41%	acc@30: 93.2%	
[2023-11-29 13:34:21] INFO (nni/MainThread) Intermediate result: 18.517384161311764  (Index 113)
*** Epoch: 57 ***
-----------------G2R RESULT-------------------

val result: krc:0.79 | lsd:0.62 | ed:0.932 | hr@1:0.661 | hr@2:0.872 | hr@3:0.919 | acc@1:0.661 | acc@2:0.601 | acc@3:0.57 | Best krc: 0.789 | Best epoch: 44
best model saved
[2023-11-29 13:34:52] INFO (nni/MainThread) Intermediate result: 0.7898301167649658  (Index 114)
-----------------ETPA RESULT-------------------
Epoch 57: Validation	rmse: 18.48	mae: 14.86	mape: 34.72%	acc@10: 37.12%	acc@20: 77.37%	acc@30: 93.27%	
[2023-11-29 13:34:52] INFO (nni/MainThread) Intermediate result: 18.48244489913845  (Index 115)
*** Epoch: 58 ***
-----------------G2R RESULT-------------------

val result: krc:0.782 | lsd:0.661 | ed:0.975 | hr@1:0.659 | hr@2:0.87 | hr@3:0.915 | acc@1:0.659 | acc@2:0.598 | acc@3:0.56 | Best krc: 0.79 | Best epoch: 57
[2023-11-29 13:35:20] INFO (nni/MainThread) Intermediate result: 0.7818843101221762  (Index 116)
-----------------ETPA RESULT-------------------
Epoch 58: Validation	rmse: 18.44	mae: 14.84	mape: 34.69%	acc@10: 37.08%	acc@20: 77.44%	acc@30: 93.33%	
[2023-11-29 13:35:20] INFO (nni/MainThread) Intermediate result: 18.436211647041517  (Index 117)
*** Epoch: 59 ***
-----------------G2R RESULT-------------------

val result: krc:0.785 | lsd:0.627 | ed:0.952 | hr@1:0.656 | hr@2:0.871 | hr@3:0.917 | acc@1:0.656 | acc@2:0.594 | acc@3:0.561 | Best krc: 0.79 | Best epoch: 57
[2023-11-29 13:35:49] INFO (nni/MainThread) Intermediate result: 0.7848164150219243  (Index 118)
-----------------ETPA RESULT-------------------
Epoch 59: Validation	rmse: 18.4	mae: 14.83	mape: 34.66%	acc@10: 37.08%	acc@20: 77.45%	acc@30: 93.39%	
[2023-11-29 13:35:49] INFO (nni/MainThread) Intermediate result: 18.397967625220108  (Index 119)
*** Epoch: 60 ***
-----------------G2R RESULT-------------------

val result: krc:0.787 | lsd:0.626 | ed:0.94 | hr@1:0.66 | hr@2:0.872 | hr@3:0.916 | acc@1:0.66 | acc@2:0.601 | acc@3:0.568 | Best krc: 0.79 | Best epoch: 57
[2023-11-29 13:36:18] INFO (nni/MainThread) Intermediate result: 0.7873506612903203  (Index 120)
-----------------ETPA RESULT-------------------
Epoch 60: Validation	rmse: 18.4	mae: 14.84	mape: 34.68%	acc@10: 37.09%	acc@20: 77.1%	acc@30: 93.29%	
[2023-11-29 13:36:18] INFO (nni/MainThread) Intermediate result: 18.40210856230745  (Index 121)
*** Epoch: 61 ***
-----------------G2R RESULT-------------------

val result: krc:0.792 | lsd:0.638 | ed:0.935 | hr@1:0.659 | hr@2:0.875 | hr@3:0.917 | acc@1:0.659 | acc@2:0.607 | acc@3:0.574 | Best krc: 0.79 | Best epoch: 57
best model saved
[2023-11-29 13:36:49] INFO (nni/MainThread) Intermediate result: 0.7915114706019821  (Index 122)
-----------------ETPA RESULT-------------------
Epoch 61: Validation	rmse: 18.35	mae: 14.82	mape: 34.64%	acc@10: 37.05%	acc@20: 77.17%	acc@30: 93.4%	
[2023-11-29 13:36:49] INFO (nni/MainThread) Intermediate result: 18.35358812374706  (Index 123)
*** Epoch: 62 ***
-----------------G2R RESULT-------------------

val result: krc:0.789 | lsd:0.616 | ed:0.923 | hr@1:0.663 | hr@2:0.872 | hr@3:0.918 | acc@1:0.663 | acc@2:0.606 | acc@3:0.575 | Best krc: 0.792 | Best epoch: 61
[2023-11-29 13:37:21] INFO (nni/MainThread) Intermediate result: 0.7888144325835623  (Index 124)
-----------------ETPA RESULT-------------------
Epoch 62: Validation	rmse: 18.33	mae: 14.82	mape: 34.65%	acc@10: 37.0%	acc@20: 76.98%	acc@30: 93.5%	
[2023-11-29 13:37:21] INFO (nni/MainThread) Intermediate result: 18.333124724907766  (Index 125)
*** Epoch: 63 ***
-----------------G2R RESULT-------------------

val result: krc:0.791 | lsd:0.627 | ed:0.937 | hr@1:0.67 | hr@2:0.876 | hr@3:0.918 | acc@1:0.67 | acc@2:0.613 | acc@3:0.573 | Best krc: 0.792 | Best epoch: 61
[2023-11-29 13:37:49] INFO (nni/MainThread) Intermediate result: 0.7913111381323014  (Index 126)
-----------------ETPA RESULT-------------------
Epoch 63: Validation	rmse: 18.31	mae: 14.82	mape: 34.64%	acc@10: 36.96%	acc@20: 76.9%	acc@30: 93.51%	
[2023-11-29 13:37:49] INFO (nni/MainThread) Intermediate result: 18.309196751062693  (Index 127)
*** Epoch: 64 ***
-----------------G2R RESULT-------------------

val result: krc:0.796 | lsd:0.604 | ed:0.906 | hr@1:0.674 | hr@2:0.876 | hr@3:0.919 | acc@1:0.674 | acc@2:0.617 | acc@3:0.58 | Best krc: 0.792 | Best epoch: 61
best model saved
[2023-11-29 13:38:18] INFO (nni/MainThread) Intermediate result: 0.7960952445342476  (Index 128)
-----------------ETPA RESULT-------------------
Epoch 64: Validation	rmse: 18.29	mae: 14.82	mape: 34.68%	acc@10: 36.97%	acc@20: 76.78%	acc@30: 93.56%	
[2023-11-29 13:38:18] INFO (nni/MainThread) Intermediate result: 18.291416263490284  (Index 129)
*** Epoch: 65 ***
-----------------G2R RESULT-------------------

val result: krc:0.794 | lsd:0.618 | ed:0.912 | hr@1:0.67 | hr@2:0.878 | hr@3:0.92 | acc@1:0.67 | acc@2:0.613 | acc@3:0.579 | Best krc: 0.796 | Best epoch: 64
[2023-11-29 13:38:46] INFO (nni/MainThread) Intermediate result: 0.7942462845742251  (Index 130)
-----------------ETPA RESULT-------------------
Epoch 65: Validation	rmse: 18.24	mae: 14.8	mape: 34.64%	acc@10: 37.03%	acc@20: 76.85%	acc@30: 93.66%	
[2023-11-29 13:38:46] INFO (nni/MainThread) Intermediate result: 18.243616418767942  (Index 131)
*** Epoch: 66 ***
-----------------G2R RESULT-------------------

val result: krc:0.789 | lsd:0.645 | ed:0.933 | hr@1:0.669 | hr@2:0.873 | hr@3:0.915 | acc@1:0.669 | acc@2:0.611 | acc@3:0.572 | Best krc: 0.796 | Best epoch: 64
[2023-11-29 13:39:18] INFO (nni/MainThread) Intermediate result: 0.789121565894631  (Index 132)
-----------------ETPA RESULT-------------------
Epoch 66: Validation	rmse: 18.21	mae: 14.79	mape: 34.63%	acc@10: 36.94%	acc@20: 76.87%	acc@30: 93.75%	
[2023-11-29 13:39:18] INFO (nni/MainThread) Intermediate result: 18.210540514401245  (Index 133)
*** Epoch: 67 ***
-----------------G2R RESULT-------------------

val result: krc:0.791 | lsd:0.613 | ed:0.931 | hr@1:0.667 | hr@2:0.871 | hr@3:0.917 | acc@1:0.667 | acc@2:0.609 | acc@3:0.572 | Best krc: 0.796 | Best epoch: 64
[2023-11-29 13:39:48] INFO (nni/MainThread) Intermediate result: 0.7913671882539394  (Index 134)
-----------------ETPA RESULT-------------------
Epoch 67: Validation	rmse: 18.2	mae: 14.79	mape: 34.62%	acc@10: 36.9%	acc@20: 76.65%	acc@30: 93.8%	
[2023-11-29 13:39:48] INFO (nni/MainThread) Intermediate result: 18.196647115364073  (Index 135)
*** Epoch: 68 ***
-----------------G2R RESULT-------------------

val result: krc:0.786 | lsd:0.628 | ed:0.941 | hr@1:0.666 | hr@2:0.871 | hr@3:0.915 | acc@1:0.666 | acc@2:0.609 | acc@3:0.57 | Best krc: 0.796 | Best epoch: 64
[2023-11-29 13:40:18] INFO (nni/MainThread) Intermediate result: 0.7859495706806594  (Index 136)
-----------------ETPA RESULT-------------------
Epoch 68: Validation	rmse: 18.21	mae: 14.79	mape: 34.62%	acc@10: 36.96%	acc@20: 76.59%	acc@30: 93.75%	
[2023-11-29 13:40:18] INFO (nni/MainThread) Intermediate result: 18.206122336529372  (Index 137)
*** Epoch: 69 ***
-----------------G2R RESULT-------------------

val result: krc:0.796 | lsd:0.65 | ed:0.923 | hr@1:0.666 | hr@2:0.873 | hr@3:0.915 | acc@1:0.666 | acc@2:0.61 | acc@3:0.575 | Best krc: 0.796 | Best epoch: 64
[2023-11-29 13:40:46] INFO (nni/MainThread) Intermediate result: 0.7955686215677471  (Index 138)
-----------------ETPA RESULT-------------------
Epoch 69: Validation	rmse: 18.16	mae: 14.77	mape: 34.6%	acc@10: 36.92%	acc@20: 76.7%	acc@30: 93.84%	
[2023-11-29 13:40:46] INFO (nni/MainThread) Intermediate result: 18.163529177889764  (Index 139)
*** Epoch: 70 ***
-----------------G2R RESULT-------------------

val result: krc:0.798 | lsd:0.628 | ed:0.901 | hr@1:0.674 | hr@2:0.874 | hr@3:0.92 | acc@1:0.674 | acc@2:0.617 | acc@3:0.583 | Best krc: 0.796 | Best epoch: 64
best model saved
[2023-11-29 13:41:15] INFO (nni/MainThread) Intermediate result: 0.7976611941719068  (Index 140)
-----------------ETPA RESULT-------------------
Epoch 70: Validation	rmse: 18.18	mae: 14.79	mape: 34.64%	acc@10: 36.88%	acc@20: 76.63%	acc@30: 93.84%	
[2023-11-29 13:41:15] INFO (nni/MainThread) Intermediate result: 18.17637740678325  (Index 141)
*** Epoch: 71 ***
-----------------G2R RESULT-------------------

val result: krc:0.797 | lsd:0.609 | ed:0.901 | hr@1:0.674 | hr@2:0.873 | hr@3:0.918 | acc@1:0.674 | acc@2:0.619 | acc@3:0.583 | Best krc: 0.798 | Best epoch: 70
[2023-11-29 13:41:44] INFO (nni/MainThread) Intermediate result: 0.7972633497775605  (Index 142)
-----------------ETPA RESULT-------------------
Epoch 71: Validation	rmse: 18.15	mae: 14.77	mape: 34.61%	acc@10: 36.89%	acc@20: 76.61%	acc@30: 93.88%	
[2023-11-29 13:41:44] INFO (nni/MainThread) Intermediate result: 18.147313557880427  (Index 143)
*** Epoch: 72 ***
-----------------G2R RESULT-------------------

val result: krc:0.795 | lsd:0.652 | ed:0.917 | hr@1:0.67 | hr@2:0.872 | hr@3:0.918 | acc@1:0.67 | acc@2:0.614 | acc@3:0.579 | Best krc: 0.798 | Best epoch: 70
[2023-11-29 13:42:16] INFO (nni/MainThread) Intermediate result: 0.7945344545169645  (Index 144)
-----------------ETPA RESULT-------------------
Epoch 72: Validation	rmse: 18.12	mae: 14.76	mape: 34.62%	acc@10: 36.9%	acc@20: 76.54%	acc@30: 93.96%	
[2023-11-29 13:42:16] INFO (nni/MainThread) Intermediate result: 18.12345365091269  (Index 145)
*** Epoch: 73 ***
-----------------G2R RESULT-------------------

val result: krc:0.799 | lsd:0.623 | ed:0.912 | hr@1:0.671 | hr@2:0.868 | hr@3:0.916 | acc@1:0.671 | acc@2:0.612 | acc@3:0.576 | Best krc: 0.798 | Best epoch: 70
best model saved
[2023-11-29 13:42:48] INFO (nni/MainThread) Intermediate result: 0.7993025048119057  (Index 146)
-----------------ETPA RESULT-------------------
Epoch 73: Validation	rmse: 18.1	mae: 14.76	mape: 34.63%	acc@10: 36.87%	acc@20: 76.52%	acc@30: 94.0%	
[2023-11-29 13:42:48] INFO (nni/MainThread) Intermediate result: 18.103288849783976  (Index 147)
*** Epoch: 74 ***
-----------------G2R RESULT-------------------

val result: krc:0.781 | lsd:0.638 | ed:0.964 | hr@1:0.655 | hr@2:0.869 | hr@3:0.918 | acc@1:0.655 | acc@2:0.596 | acc@3:0.561 | Best krc: 0.799 | Best epoch: 73
[2023-11-29 13:43:18] INFO (nni/MainThread) Intermediate result: 0.7814571303771128  (Index 148)
-----------------ETPA RESULT-------------------
Epoch 74: Validation	rmse: 18.07	mae: 14.74	mape: 34.6%	acc@10: 36.92%	acc@20: 76.58%	acc@30: 94.08%	
[2023-11-29 13:43:18] INFO (nni/MainThread) Intermediate result: 18.06621914074542  (Index 149)
*** Epoch: 75 ***
-----------------G2R RESULT-------------------

val result: krc:0.796 | lsd:0.607 | ed:0.919 | hr@1:0.672 | hr@2:0.877 | hr@3:0.918 | acc@1:0.672 | acc@2:0.615 | acc@3:0.574 | Best krc: 0.799 | Best epoch: 73
[2023-11-29 13:43:47] INFO (nni/MainThread) Intermediate result: 0.7956139635195166  (Index 150)
-----------------ETPA RESULT-------------------
Epoch 75: Validation	rmse: 18.03	mae: 14.74	mape: 34.61%	acc@10: 36.8%	acc@20: 76.64%	acc@30: 94.12%	
[2023-11-29 13:43:47] INFO (nni/MainThread) Intermediate result: 18.034613373840948  (Index 151)
*** Epoch: 76 ***
-----------------G2R RESULT-------------------

val result: krc:0.801 | lsd:0.598 | ed:0.886 | hr@1:0.682 | hr@2:0.877 | hr@3:0.921 | acc@1:0.682 | acc@2:0.622 | acc@3:0.585 | Best krc: 0.799 | Best epoch: 73
best model saved
[2023-11-29 13:44:16] INFO (nni/MainThread) Intermediate result: 0.8013516603722114  (Index 152)
-----------------ETPA RESULT-------------------
Epoch 76: Validation	rmse: 18.03	mae: 14.74	mape: 34.62%	acc@10: 36.85%	acc@20: 76.5%	acc@30: 94.16%	
[2023-11-29 13:44:16] INFO (nni/MainThread) Intermediate result: 18.026100154171925  (Index 153)
*** Epoch: 77 ***
-----------------G2R RESULT-------------------

val result: krc:0.792 | lsd:0.619 | ed:0.939 | hr@1:0.668 | hr@2:0.872 | hr@3:0.917 | acc@1:0.668 | acc@2:0.61 | acc@3:0.572 | Best krc: 0.801 | Best epoch: 76
[2023-11-29 13:44:45] INFO (nni/MainThread) Intermediate result: 0.7917899952967726  (Index 154)
-----------------ETPA RESULT-------------------
Epoch 77: Validation	rmse: 17.99	mae: 14.72	mape: 34.59%	acc@10: 36.82%	acc@20: 76.56%	acc@30: 94.23%	
[2023-11-29 13:44:45] INFO (nni/MainThread) Intermediate result: 17.989812755232986  (Index 155)
*** Epoch: 78 ***
-----------------G2R RESULT-------------------

val result: krc:0.799 | lsd:0.619 | ed:0.899 | hr@1:0.681 | hr@2:0.877 | hr@3:0.922 | acc@1:0.681 | acc@2:0.624 | acc@3:0.588 | Best krc: 0.801 | Best epoch: 76
[2023-11-29 13:45:14] INFO (nni/MainThread) Intermediate result: 0.7989229371739209  (Index 156)
-----------------ETPA RESULT-------------------
Epoch 78: Validation	rmse: 17.97	mae: 14.72	mape: 34.59%	acc@10: 36.79%	acc@20: 76.58%	acc@30: 94.26%	
[2023-11-29 13:45:14] INFO (nni/MainThread) Intermediate result: 17.97139785735665  (Index 157)
*** Epoch: 79 ***
-----------------G2R RESULT-------------------

val result: krc:0.801 | lsd:0.604 | ed:0.888 | hr@1:0.683 | hr@2:0.875 | hr@3:0.921 | acc@1:0.683 | acc@2:0.626 | acc@3:0.591 | Best krc: 0.801 | Best epoch: 76
best model saved
[2023-11-29 13:45:43] INFO (nni/MainThread) Intermediate result: 0.8013569215930386  (Index 158)
-----------------ETPA RESULT-------------------
Epoch 79: Validation	rmse: 17.93	mae: 14.69	mape: 34.51%	acc@10: 36.91%	acc@20: 76.64%	acc@30: 94.3%	
[2023-11-29 13:45:43] INFO (nni/MainThread) Intermediate result: 17.931327007760615  (Index 159)
*** Epoch: 80 ***
-----------------G2R RESULT-------------------

val result: krc:0.8 | lsd:0.613 | ed:0.91 | hr@1:0.679 | hr@2:0.876 | hr@3:0.919 | acc@1:0.679 | acc@2:0.623 | acc@3:0.589 | Best krc: 0.801 | Best epoch: 79
[2023-11-29 13:46:12] INFO (nni/MainThread) Intermediate result: 0.7998024605720275  (Index 160)
-----------------ETPA RESULT-------------------
Epoch 80: Validation	rmse: 17.93	mae: 14.68	mape: 34.52%	acc@10: 36.96%	acc@20: 76.5%	acc@30: 94.25%	
[2023-11-29 13:46:12] INFO (nni/MainThread) Intermediate result: 17.925547854088112  (Index 161)
*** Epoch: 81 ***
-----------------G2R RESULT-------------------

val result: krc:0.797 | lsd:0.608 | ed:0.914 | hr@1:0.674 | hr@2:0.874 | hr@3:0.916 | acc@1:0.674 | acc@2:0.615 | acc@3:0.58 | Best krc: 0.801 | Best epoch: 79
[2023-11-29 13:46:43] INFO (nni/MainThread) Intermediate result: 0.7971633726684012  (Index 162)
-----------------ETPA RESULT-------------------
Epoch 81: Validation	rmse: 17.96	mae: 14.71	mape: 34.57%	acc@10: 36.93%	acc@20: 76.33%	acc@30: 94.21%	
[2023-11-29 13:46:43] INFO (nni/MainThread) Intermediate result: 17.960415572011943  (Index 163)
*** Epoch: 82 ***
-----------------G2R RESULT-------------------

val result: krc:0.801 | lsd:0.599 | ed:0.902 | hr@1:0.673 | hr@2:0.875 | hr@3:0.921 | acc@1:0.673 | acc@2:0.62 | acc@3:0.585 | Best krc: 0.801 | Best epoch: 79
best model saved
[2023-11-29 13:47:15] INFO (nni/MainThread) Intermediate result: 0.8013826656590102  (Index 164)
-----------------ETPA RESULT-------------------
Epoch 82: Validation	rmse: 17.97	mae: 14.71	mape: 34.58%	acc@10: 36.94%	acc@20: 76.28%	acc@30: 94.2%	
[2023-11-29 13:47:15] INFO (nni/MainThread) Intermediate result: 17.96773766029832  (Index 165)
*** Epoch: 83 ***
-----------------G2R RESULT-------------------

val result: krc:0.802 | lsd:0.581 | ed:0.901 | hr@1:0.682 | hr@2:0.88 | hr@3:0.922 | acc@1:0.682 | acc@2:0.627 | acc@3:0.587 | Best krc: 0.801 | Best epoch: 82
best model saved
[2023-11-29 13:47:46] INFO (nni/MainThread) Intermediate result: 0.8017936621347201  (Index 166)
-----------------ETPA RESULT-------------------
Epoch 83: Validation	rmse: 17.96	mae: 14.7	mape: 34.53%	acc@10: 37.13%	acc@20: 76.3%	acc@30: 94.2%	
[2023-11-29 13:47:46] INFO (nni/MainThread) Intermediate result: 17.958658421028677  (Index 167)
*** Epoch: 84 ***
-----------------G2R RESULT-------------------

val result: krc:0.807 | lsd:0.586 | ed:0.877 | hr@1:0.689 | hr@2:0.877 | hr@3:0.921 | acc@1:0.689 | acc@2:0.633 | acc@3:0.598 | Best krc: 0.802 | Best epoch: 83
best model saved
[2023-11-29 13:48:17] INFO (nni/MainThread) Intermediate result: 0.8072623022251354  (Index 168)
-----------------ETPA RESULT-------------------
Epoch 84: Validation	rmse: 17.98	mae: 14.71	mape: 34.58%	acc@10: 37.21%	acc@20: 76.18%	acc@30: 94.15%	
[2023-11-29 13:48:17] INFO (nni/MainThread) Intermediate result: 17.9753422943924  (Index 169)
*** Epoch: 85 ***
-----------------G2R RESULT-------------------

val result: krc:0.807 | lsd:0.599 | ed:0.871 | hr@1:0.692 | hr@2:0.879 | hr@3:0.921 | acc@1:0.692 | acc@2:0.639 | acc@3:0.604 | Best krc: 0.807 | Best epoch: 84
[2023-11-29 13:48:48] INFO (nni/MainThread) Intermediate result: 0.806575450816815  (Index 170)
-----------------ETPA RESULT-------------------
Epoch 85: Validation	rmse: 17.98	mae: 14.71	mape: 34.58%	acc@10: 37.21%	acc@20: 76.02%	acc@30: 94.11%	
[2023-11-29 13:48:48] INFO (nni/MainThread) Intermediate result: 17.983266968020814  (Index 171)
*** Epoch: 86 ***
-----------------G2R RESULT-------------------

val result: krc:0.804 | lsd:0.588 | ed:0.878 | hr@1:0.689 | hr@2:0.876 | hr@3:0.922 | acc@1:0.689 | acc@2:0.629 | acc@3:0.595 | Best krc: 0.807 | Best epoch: 84
[2023-11-29 13:49:17] INFO (nni/MainThread) Intermediate result: 0.8042147248531156  (Index 172)
-----------------ETPA RESULT-------------------
Epoch 86: Validation	rmse: 18.01	mae: 14.72	mape: 34.59%	acc@10: 37.14%	acc@20: 76.01%	acc@30: 94.04%	
[2023-11-29 13:49:17] INFO (nni/MainThread) Intermediate result: 18.005077853397914  (Index 173)
*** Epoch: 87 ***
-----------------G2R RESULT-------------------

val result: krc:0.8 | lsd:0.584 | ed:0.913 | hr@1:0.683 | hr@2:0.875 | hr@3:0.92 | acc@1:0.683 | acc@2:0.622 | acc@3:0.587 | Best krc: 0.807 | Best epoch: 84
[2023-11-29 13:49:46] INFO (nni/MainThread) Intermediate result: 0.7999054623978104  (Index 174)
-----------------ETPA RESULT-------------------
Epoch 87: Validation	rmse: 17.98	mae: 14.72	mape: 34.6%	acc@10: 37.14%	acc@20: 75.99%	acc@30: 94.07%	
[2023-11-29 13:49:46] INFO (nni/MainThread) Intermediate result: 17.98415478928869  (Index 175)
*** Epoch: 88 ***
-----------------G2R RESULT-------------------

val result: krc:0.797 | lsd:0.592 | ed:0.916 | hr@1:0.684 | hr@2:0.874 | hr@3:0.919 | acc@1:0.684 | acc@2:0.62 | acc@3:0.585 | Best krc: 0.807 | Best epoch: 84
[2023-11-29 13:50:16] INFO (nni/MainThread) Intermediate result: 0.7967148691241387  (Index 176)
-----------------ETPA RESULT-------------------
Epoch 88: Validation	rmse: 17.99	mae: 14.72	mape: 34.63%	acc@10: 37.08%	acc@20: 75.95%	acc@30: 94.07%	
[2023-11-29 13:50:16] INFO (nni/MainThread) Intermediate result: 17.98910536011403  (Index 177)
*** Epoch: 89 ***
-----------------G2R RESULT-------------------

val result: krc:0.79 | lsd:0.628 | ed:0.933 | hr@1:0.68 | hr@2:0.872 | hr@3:0.916 | acc@1:0.68 | acc@2:0.617 | acc@3:0.573 | Best krc: 0.807 | Best epoch: 84
[2023-11-29 13:50:45] INFO (nni/MainThread) Intermediate result: 0.7902195739449783  (Index 178)
-----------------ETPA RESULT-------------------
Epoch 89: Validation	rmse: 17.97	mae: 14.71	mape: 34.63%	acc@10: 37.05%	acc@20: 75.94%	acc@30: 94.1%	
[2023-11-29 13:50:45] INFO (nni/MainThread) Intermediate result: 17.970342453787094  (Index 179)
*** Epoch: 90 ***
-----------------G2R RESULT-------------------

val result: krc:0.805 | lsd:0.599 | ed:0.878 | hr@1:0.69 | hr@2:0.876 | hr@3:0.921 | acc@1:0.69 | acc@2:0.63 | acc@3:0.596 | Best krc: 0.807 | Best epoch: 84
[2023-11-29 13:51:15] INFO (nni/MainThread) Intermediate result: 0.8046139741810928  (Index 180)
-----------------ETPA RESULT-------------------
Epoch 90: Validation	rmse: 17.94	mae: 14.7	mape: 34.62%	acc@10: 37.09%	acc@20: 75.96%	acc@30: 94.13%	
[2023-11-29 13:51:15] INFO (nni/MainThread) Intermediate result: 17.94495316352896  (Index 181)
*** Epoch: 91 ***
-----------------G2R RESULT-------------------

val result: krc:0.77 | lsd:0.683 | ed:1.001 | hr@1:0.649 | hr@2:0.865 | hr@3:0.911 | acc@1:0.649 | acc@2:0.591 | acc@3:0.549 | Best krc: 0.807 | Best epoch: 84
[2023-11-29 13:51:54] INFO (nni/MainThread) Intermediate result: 0.7702075449692415  (Index 182)
-----------------ETPA RESULT-------------------
Epoch 91: Validation	rmse: 17.92	mae: 14.69	mape: 34.61%	acc@10: 37.13%	acc@20: 75.95%	acc@30: 94.16%	
[2023-11-29 13:51:55] INFO (nni/MainThread) Intermediate result: 17.92314228734447  (Index 183)
*** Epoch: 92 ***
-----------------G2R RESULT-------------------

val result: krc:0.771 | lsd:0.646 | ed:0.993 | hr@1:0.648 | hr@2:0.866 | hr@3:0.911 | acc@1:0.648 | acc@2:0.582 | acc@3:0.545 | Best krc: 0.807 | Best epoch: 84
[2023-11-29 13:52:24] INFO (nni/MainThread) Intermediate result: 0.7707998966328656  (Index 184)
-----------------ETPA RESULT-------------------
Epoch 92: Validation	rmse: 17.93	mae: 14.71	mape: 34.66%	acc@10: 37.06%	acc@20: 75.81%	acc@30: 94.12%	
[2023-11-29 13:52:24] INFO (nni/MainThread) Intermediate result: 17.933165680214543  (Index 185)
*** Epoch: 93 ***
-----------------G2R RESULT-------------------

val result: krc:0.787 | lsd:0.649 | ed:0.938 | hr@1:0.666 | hr@2:0.868 | hr@3:0.916 | acc@1:0.666 | acc@2:0.604 | acc@3:0.566 | Best krc: 0.807 | Best epoch: 84
[2023-11-29 13:52:56] INFO (nni/MainThread) Intermediate result: 0.7872605336007173  (Index 186)
-----------------ETPA RESULT-------------------
Epoch 93: Validation	rmse: 17.93	mae: 14.71	mape: 34.66%	acc@10: 37.1%	acc@20: 75.76%	acc@30: 94.12%	
[2023-11-29 13:52:56] INFO (nni/MainThread) Intermediate result: 17.933368908151458  (Index 187)
*** Epoch: 94 ***
-----------------G2R RESULT-------------------

val result: krc:0.781 | lsd:0.665 | ed:0.951 | hr@1:0.659 | hr@2:0.868 | hr@3:0.915 | acc@1:0.659 | acc@2:0.597 | acc@3:0.558 | Best krc: 0.807 | Best epoch: 84
[2023-11-29 13:53:28] INFO (nni/MainThread) Intermediate result: 0.7811943993754226  (Index 188)
-----------------ETPA RESULT-------------------
Epoch 94: Validation	rmse: 17.91	mae: 14.7	mape: 34.65%	acc@10: 37.01%	acc@20: 75.86%	acc@30: 94.18%	
[2023-11-29 13:53:28] INFO (nni/MainThread) Intermediate result: 17.90659629479873  (Index 189)
*** Epoch: 95 ***
-----------------G2R RESULT-------------------

val result: krc:0.784 | lsd:0.633 | ed:0.949 | hr@1:0.659 | hr@2:0.868 | hr@3:0.913 | acc@1:0.659 | acc@2:0.599 | acc@3:0.56 | Best krc: 0.807 | Best epoch: 84
[2023-11-29 13:53:58] INFO (nni/MainThread) Intermediate result: 0.7836475743078278  (Index 190)
-----------------ETPA RESULT-------------------
Epoch 95: Validation	rmse: 17.9	mae: 14.69	mape: 34.61%	acc@10: 37.08%	acc@20: 75.78%	acc@30: 94.17%	
[2023-11-29 13:53:58] INFO (nni/MainThread) Intermediate result: 17.89896288464767  (Index 191)
*** Epoch: 96 ***
-----------------G2R RESULT-------------------

val result: krc:0.804 | lsd:0.59 | ed:0.886 | hr@1:0.678 | hr@2:0.873 | hr@3:0.92 | acc@1:0.678 | acc@2:0.618 | acc@3:0.585 | Best krc: 0.807 | Best epoch: 84
[2023-11-29 13:54:27] INFO (nni/MainThread) Intermediate result: 0.8042505305994591  (Index 192)
-----------------ETPA RESULT-------------------
Epoch 96: Validation	rmse: 17.92	mae: 14.7	mape: 34.64%	acc@10: 37.08%	acc@20: 75.74%	acc@30: 94.17%	
[2023-11-29 13:54:27] INFO (nni/MainThread) Intermediate result: 17.918013544768247  (Index 193)
*** Epoch: 97 ***
-----------------G2R RESULT-------------------

val result: krc:0.802 | lsd:0.581 | ed:0.916 | hr@1:0.684 | hr@2:0.876 | hr@3:0.918 | acc@1:0.684 | acc@2:0.621 | acc@3:0.582 | Best krc: 0.807 | Best epoch: 84
[2023-11-29 13:54:56] INFO (nni/MainThread) Intermediate result: 0.8016340002610225  (Index 194)
-----------------ETPA RESULT-------------------
Epoch 97: Validation	rmse: 17.9	mae: 14.69	mape: 34.63%	acc@10: 37.02%	acc@20: 75.7%	acc@30: 94.16%	
[2023-11-29 13:54:56] INFO (nni/MainThread) Intermediate result: 17.902058085789413  (Index 195)
*** Epoch: 98 ***
-----------------G2R RESULT-------------------

val result: krc:0.808 | lsd:0.585 | ed:0.869 | hr@1:0.697 | hr@2:0.88 | hr@3:0.922 | acc@1:0.697 | acc@2:0.641 | acc@3:0.603 | Best krc: 0.807 | Best epoch: 84
best model saved
[2023-11-29 13:55:26] INFO (nni/MainThread) Intermediate result: 0.8077432030470943  (Index 196)
-----------------ETPA RESULT-------------------
Epoch 98: Validation	rmse: 17.9	mae: 14.7	mape: 34.65%	acc@10: 37.03%	acc@20: 75.6%	acc@30: 94.16%	
[2023-11-29 13:55:26] INFO (nni/MainThread) Intermediate result: 17.89908427230211  (Index 197)
*** Epoch: 99 ***
-----------------G2R RESULT-------------------

val result: krc:0.811 | lsd:0.575 | ed:0.864 | hr@1:0.694 | hr@2:0.878 | hr@3:0.924 | acc@1:0.694 | acc@2:0.631 | acc@3:0.599 | Best krc: 0.808 | Best epoch: 98
best model saved
[2023-11-29 13:55:57] INFO (nni/MainThread) Intermediate result: 0.8113963669975911  (Index 198)
-----------------ETPA RESULT-------------------
Epoch 99: Validation	rmse: 17.89	mae: 14.7	mape: 34.66%	acc@10: 37.0%	acc@20: 75.56%	acc@30: 94.22%	
[2023-11-29 13:55:57] INFO (nni/MainThread) Intermediate result: 17.889540773446587  (Index 199)
*** Epoch: 100 ***
-----------------G2R RESULT-------------------

val result: krc:0.808 | lsd:0.575 | ed:0.875 | hr@1:0.698 | hr@2:0.878 | hr@3:0.924 | acc@1:0.698 | acc@2:0.634 | acc@3:0.599 | Best krc: 0.811 | Best epoch: 99
[2023-11-29 13:56:30] INFO (nni/MainThread) Intermediate result: 0.80847449203374  (Index 200)
-----------------ETPA RESULT-------------------
Epoch 100: Validation	rmse: 17.88	mae: 14.69	mape: 34.64%	acc@10: 37.04%	acc@20: 75.62%	acc@30: 94.21%	
[2023-11-29 13:56:30] INFO (nni/MainThread) Intermediate result: 17.88036499415708  (Index 201)
*** Epoch: 101 ***
-----------------G2R RESULT-------------------

val result: krc:0.812 | lsd:0.567 | ed:0.866 | hr@1:0.697 | hr@2:0.882 | hr@3:0.925 | acc@1:0.697 | acc@2:0.637 | acc@3:0.601 | Best krc: 0.811 | Best epoch: 99
best model saved
[2023-11-29 13:57:05] INFO (nni/MainThread) Intermediate result: 0.8119910324982471  (Index 202)
-----------------ETPA RESULT-------------------
Epoch 101: Validation	rmse: 17.85	mae: 14.67	mape: 34.62%	acc@10: 37.04%	acc@20: 75.7%	acc@30: 94.27%	
[2023-11-29 13:57:05] INFO (nni/MainThread) Intermediate result: 17.85154032389614  (Index 203)
*** Epoch: 102 ***
-----------------G2R RESULT-------------------

val result: krc:0.809 | lsd:0.595 | ed:0.864 | hr@1:0.696 | hr@2:0.876 | hr@3:0.922 | acc@1:0.696 | acc@2:0.635 | acc@3:0.598 | Best krc: 0.812 | Best epoch: 101
[2023-11-29 13:57:35] INFO (nni/MainThread) Intermediate result: 0.8087593907007987  (Index 204)
-----------------ETPA RESULT-------------------
Epoch 102: Validation	rmse: 17.84	mae: 14.66	mape: 34.6%	acc@10: 37.04%	acc@20: 75.73%	acc@30: 94.27%	
[2023-11-29 13:57:35] INFO (nni/MainThread) Intermediate result: 17.837020886813256  (Index 205)
*** Epoch: 103 ***
-----------------G2R RESULT-------------------

val result: krc:0.804 | lsd:0.586 | ed:0.895 | hr@1:0.689 | hr@2:0.875 | hr@3:0.919 | acc@1:0.689 | acc@2:0.624 | acc@3:0.592 | Best krc: 0.812 | Best epoch: 101
[2023-11-29 13:58:05] INFO (nni/MainThread) Intermediate result: 0.8038608718363855  (Index 206)
-----------------ETPA RESULT-------------------
Epoch 103: Validation	rmse: 17.83	mae: 14.65	mape: 34.59%	acc@10: 37.05%	acc@20: 75.72%	acc@30: 94.26%	
[2023-11-29 13:58:05] INFO (nni/MainThread) Intermediate result: 17.83050265898912  (Index 207)
*** Epoch: 104 ***
-----------------G2R RESULT-------------------

val result: krc:0.806 | lsd:0.593 | ed:0.885 | hr@1:0.683 | hr@2:0.878 | hr@3:0.922 | acc@1:0.683 | acc@2:0.627 | acc@3:0.592 | Best krc: 0.812 | Best epoch: 101
[2023-11-29 13:58:35] INFO (nni/MainThread) Intermediate result: 0.8060858650976709  (Index 208)
-----------------ETPA RESULT-------------------
Epoch 104: Validation	rmse: 17.85	mae: 14.66	mape: 34.62%	acc@10: 36.99%	acc@20: 75.71%	acc@30: 94.26%	
[2023-11-29 13:58:35] INFO (nni/MainThread) Intermediate result: 17.848158155492833  (Index 209)
*** Epoch: 105 ***
-----------------G2R RESULT-------------------

val result: krc:0.809 | lsd:0.584 | ed:0.871 | hr@1:0.694 | hr@2:0.88 | hr@3:0.921 | acc@1:0.694 | acc@2:0.634 | acc@3:0.599 | Best krc: 0.812 | Best epoch: 101
[2023-11-29 13:59:05] INFO (nni/MainThread) Intermediate result: 0.8092624663066288  (Index 210)
-----------------ETPA RESULT-------------------
Epoch 105: Validation	rmse: 17.85	mae: 14.67	mape: 34.64%	acc@10: 37.03%	acc@20: 75.65%	acc@30: 94.25%	
[2023-11-29 13:59:05] INFO (nni/MainThread) Intermediate result: 17.85293055622989  (Index 211)
*** Epoch: 106 ***
-----------------G2R RESULT-------------------

val result: krc:0.808 | lsd:0.584 | ed:0.882 | hr@1:0.686 | hr@2:0.878 | hr@3:0.921 | acc@1:0.686 | acc@2:0.627 | acc@3:0.592 | Best krc: 0.812 | Best epoch: 101
[2023-11-29 13:59:35] INFO (nni/MainThread) Intermediate result: 0.8080276587491279  (Index 212)
-----------------ETPA RESULT-------------------
Epoch 106: Validation	rmse: 17.87	mae: 14.68	mape: 34.67%	acc@10: 37.0%	acc@20: 75.64%	acc@30: 94.25%	
[2023-11-29 13:59:35] INFO (nni/MainThread) Intermediate result: 17.874114185546038  (Index 213)
*** Epoch: 107 ***
-----------------G2R RESULT-------------------

val result: krc:0.813 | lsd:0.566 | ed:0.859 | hr@1:0.696 | hr@2:0.879 | hr@3:0.924 | acc@1:0.696 | acc@2:0.634 | acc@3:0.601 | Best krc: 0.812 | Best epoch: 101
best model saved
[2023-11-29 14:00:06] INFO (nni/MainThread) Intermediate result: 0.8131642391196391  (Index 214)
-----------------ETPA RESULT-------------------
Epoch 107: Validation	rmse: 17.87	mae: 14.68	mape: 34.66%	acc@10: 37.01%	acc@20: 75.64%	acc@30: 94.24%	
[2023-11-29 14:00:06] INFO (nni/MainThread) Intermediate result: 17.86912738431819  (Index 215)
*** Epoch: 108 ***
-----------------G2R RESULT-------------------

val result: krc:0.804 | lsd:0.606 | ed:0.89 | hr@1:0.693 | hr@2:0.878 | hr@3:0.922 | acc@1:0.693 | acc@2:0.631 | acc@3:0.593 | Best krc: 0.813 | Best epoch: 107
[2023-11-29 14:00:41] INFO (nni/MainThread) Intermediate result: 0.8041315645600736  (Index 216)
-----------------ETPA RESULT-------------------
Epoch 108: Validation	rmse: 17.89	mae: 14.69	mape: 34.66%	acc@10: 37.01%	acc@20: 75.54%	acc@30: 94.24%	
[2023-11-29 14:00:41] INFO (nni/MainThread) Intermediate result: 17.88845493797653  (Index 217)
*** Epoch: 109 ***
-----------------G2R RESULT-------------------

val result: krc:0.808 | lsd:0.585 | ed:0.875 | hr@1:0.69 | hr@2:0.874 | hr@3:0.923 | acc@1:0.69 | acc@2:0.63 | acc@3:0.596 | Best krc: 0.813 | Best epoch: 107
[2023-11-29 14:01:15] INFO (nni/MainThread) Intermediate result: 0.8078487943901148  (Index 218)
-----------------ETPA RESULT-------------------
Epoch 109: Validation	rmse: 17.91	mae: 14.69	mape: 34.66%	acc@10: 36.96%	acc@20: 75.51%	acc@30: 94.2%	
[2023-11-29 14:01:15] INFO (nni/MainThread) Intermediate result: 17.91238197631088  (Index 219)
*** Epoch: 110 ***
-----------------G2R RESULT-------------------

val result: krc:0.801 | lsd:0.586 | ed:0.91 | hr@1:0.691 | hr@2:0.877 | hr@3:0.92 | acc@1:0.691 | acc@2:0.627 | acc@3:0.585 | Best krc: 0.813 | Best epoch: 107
[2023-11-29 14:01:48] INFO (nni/MainThread) Intermediate result: 0.8012836796396045  (Index 220)
-----------------ETPA RESULT-------------------
Epoch 110: Validation	rmse: 17.93	mae: 14.7	mape: 34.68%	acc@10: 36.91%	acc@20: 75.51%	acc@30: 94.2%	
[2023-11-29 14:01:48] INFO (nni/MainThread) Intermediate result: 17.931089297441794  (Index 221)
*** Epoch: 111 ***
-----------------G2R RESULT-------------------

val result: krc:0.813 | lsd:0.584 | ed:0.846 | hr@1:0.702 | hr@2:0.879 | hr@3:0.921 | acc@1:0.702 | acc@2:0.647 | acc@3:0.613 | Best krc: 0.813 | Best epoch: 107
best model saved
[2023-11-29 14:02:25] INFO (nni/MainThread) Intermediate result: 0.8133087172265134  (Index 222)
-----------------ETPA RESULT-------------------
Epoch 111: Validation	rmse: 17.91	mae: 14.69	mape: 34.67%	acc@10: 36.94%	acc@20: 75.59%	acc@30: 94.2%	
[2023-11-29 14:02:25] INFO (nni/MainThread) Intermediate result: 17.908789047171318  (Index 223)
*** Epoch: 112 ***
-----------------G2R RESULT-------------------

val result: krc:0.815 | lsd:0.572 | ed:0.853 | hr@1:0.707 | hr@2:0.878 | hr@3:0.922 | acc@1:0.707 | acc@2:0.647 | acc@3:0.613 | Best krc: 0.813 | Best epoch: 111
best model saved
[2023-11-29 14:02:58] INFO (nni/MainThread) Intermediate result: 0.8147264845472103  (Index 224)
-----------------ETPA RESULT-------------------
Epoch 112: Validation	rmse: 17.93	mae: 14.7	mape: 34.68%	acc@10: 36.92%	acc@20: 75.5%	acc@30: 94.19%	
[2023-11-29 14:02:58] INFO (nni/MainThread) Intermediate result: 17.92979089481985  (Index 225)
*** Epoch: 113 ***
-----------------G2R RESULT-------------------

val result: krc:0.795 | lsd:0.653 | ed:0.92 | hr@1:0.688 | hr@2:0.876 | hr@3:0.918 | acc@1:0.688 | acc@2:0.627 | acc@3:0.585 | Best krc: 0.815 | Best epoch: 112
[2023-11-29 14:03:29] INFO (nni/MainThread) Intermediate result: 0.7945058963773437  (Index 226)
-----------------ETPA RESULT-------------------
Epoch 113: Validation	rmse: 17.94	mae: 14.7	mape: 34.66%	acc@10: 36.92%	acc@20: 75.55%	acc@30: 94.19%	
[2023-11-29 14:03:29] INFO (nni/MainThread) Intermediate result: 17.939209744070006  (Index 227)
*** Epoch: 114 ***
-----------------G2R RESULT-------------------

val result: krc:0.809 | lsd:0.595 | ed:0.87 | hr@1:0.694 | hr@2:0.88 | hr@3:0.921 | acc@1:0.694 | acc@2:0.637 | acc@3:0.602 | Best krc: 0.815 | Best epoch: 112
[2023-11-29 14:04:03] INFO (nni/MainThread) Intermediate result: 0.8093883298518192  (Index 228)
-----------------ETPA RESULT-------------------
Epoch 114: Validation	rmse: 17.91	mae: 14.68	mape: 34.62%	acc@10: 36.88%	acc@20: 75.62%	acc@30: 94.21%	
[2023-11-29 14:04:03] INFO (nni/MainThread) Intermediate result: 17.910452773613475  (Index 229)
*** Epoch: 115 ***
-----------------G2R RESULT-------------------

val result: krc:0.814 | lsd:0.555 | ed:0.868 | hr@1:0.71 | hr@2:0.879 | hr@3:0.92 | acc@1:0.71 | acc@2:0.649 | acc@3:0.605 | Best krc: 0.815 | Best epoch: 112
[2023-11-29 14:04:34] INFO (nni/MainThread) Intermediate result: 0.8143427535556963  (Index 230)
-----------------ETPA RESULT-------------------
Epoch 115: Validation	rmse: 17.88	mae: 14.66	mape: 34.59%	acc@10: 36.91%	acc@20: 75.7%	acc@30: 94.23%	
[2023-11-29 14:04:34] INFO (nni/MainThread) Intermediate result: 17.88464901200974  (Index 231)
*** Epoch: 116 ***
-----------------G2R RESULT-------------------

val result: krc:0.812 | lsd:0.578 | ed:0.87 | hr@1:0.706 | hr@2:0.881 | hr@3:0.921 | acc@1:0.706 | acc@2:0.648 | acc@3:0.606 | Best krc: 0.815 | Best epoch: 112
[2023-11-29 14:05:06] INFO (nni/MainThread) Intermediate result: 0.8123687998021186  (Index 232)
-----------------ETPA RESULT-------------------
Epoch 116: Validation	rmse: 17.89	mae: 14.66	mape: 34.58%	acc@10: 36.83%	acc@20: 75.75%	acc@30: 94.23%	
[2023-11-29 14:05:06] INFO (nni/MainThread) Intermediate result: 17.890355943970288  (Index 233)
*** Epoch: 117 ***
-----------------G2R RESULT-------------------

val result: krc:0.793 | lsd:0.624 | ed:0.911 | hr@1:0.693 | hr@2:0.87 | hr@3:0.914 | acc@1:0.693 | acc@2:0.625 | acc@3:0.579 | Best krc: 0.815 | Best epoch: 112
[2023-11-29 14:05:37] INFO (nni/MainThread) Intermediate result: 0.7926536742015535  (Index 234)
-----------------ETPA RESULT-------------------
Epoch 117: Validation	rmse: 17.92	mae: 14.68	mape: 34.61%	acc@10: 36.84%	acc@20: 75.69%	acc@30: 94.23%	
[2023-11-29 14:05:37] INFO (nni/MainThread) Intermediate result: 17.919956510686145  (Index 235)
*** Epoch: 118 ***
-----------------G2R RESULT-------------------

val result: krc:0.812 | lsd:0.576 | ed:0.861 | hr@1:0.704 | hr@2:0.881 | hr@3:0.922 | acc@1:0.704 | acc@2:0.646 | acc@3:0.605 | Best krc: 0.815 | Best epoch: 112
[2023-11-29 14:06:11] INFO (nni/MainThread) Intermediate result: 0.8119505683388498  (Index 236)
-----------------ETPA RESULT-------------------
Epoch 118: Validation	rmse: 17.94	mae: 14.69	mape: 34.62%	acc@10: 36.9%	acc@20: 75.74%	acc@30: 94.22%	
[2023-11-29 14:06:11] INFO (nni/MainThread) Intermediate result: 17.94182336211132  (Index 237)
*** Epoch: 119 ***
-----------------G2R RESULT-------------------

val result: krc:0.81 | lsd:0.571 | ed:0.885 | hr@1:0.702 | hr@2:0.877 | hr@3:0.921 | acc@1:0.702 | acc@2:0.641 | acc@3:0.599 | Best krc: 0.815 | Best epoch: 112
[2023-11-29 14:06:42] INFO (nni/MainThread) Intermediate result: 0.8096122200363566  (Index 238)
-----------------ETPA RESULT-------------------
Epoch 119: Validation	rmse: 17.93	mae: 14.68	mape: 34.6%	acc@10: 36.95%	acc@20: 75.73%	acc@30: 94.24%	
[2023-11-29 14:06:42] INFO (nni/MainThread) Intermediate result: 17.928069822331064  (Index 239)
*** Epoch: 120 ***
-----------------G2R RESULT-------------------

val result: krc:0.806 | lsd:0.601 | ed:0.885 | hr@1:0.707 | hr@2:0.878 | hr@3:0.92 | acc@1:0.707 | acc@2:0.641 | acc@3:0.601 | Best krc: 0.815 | Best epoch: 112
[2023-11-29 14:07:13] INFO (nni/MainThread) Intermediate result: 0.8064456206476319  (Index 240)
-----------------ETPA RESULT-------------------
Epoch 120: Validation	rmse: 17.95	mae: 14.69	mape: 34.61%	acc@10: 36.93%	acc@20: 75.65%	acc@30: 94.24%	
[2023-11-29 14:07:13] INFO (nni/MainThread) Intermediate result: 17.9509116192444  (Index 241)
*** Epoch: 121 ***
-----------------G2R RESULT-------------------

val result: krc:0.805 | lsd:0.588 | ed:0.897 | hr@1:0.703 | hr@2:0.877 | hr@3:0.919 | acc@1:0.703 | acc@2:0.64 | acc@3:0.597 | Best krc: 0.815 | Best epoch: 112
[2023-11-29 14:07:43] INFO (nni/MainThread) Intermediate result: 0.80518296809508  (Index 242)
-----------------ETPA RESULT-------------------
Epoch 121: Validation	rmse: 17.94	mae: 14.69	mape: 34.59%	acc@10: 36.94%	acc@20: 75.64%	acc@30: 94.24%	
[2023-11-29 14:07:43] INFO (nni/MainThread) Intermediate result: 17.941827932517963  (Index 243)
*** Epoch: 122 ***
-----------------G2R RESULT-------------------

val result: krc:0.817 | lsd:0.565 | ed:0.851 | hr@1:0.707 | hr@2:0.881 | hr@3:0.926 | acc@1:0.707 | acc@2:0.647 | acc@3:0.611 | Best krc: 0.815 | Best epoch: 112
best model saved
[2023-11-29 14:08:16] INFO (nni/MainThread) Intermediate result: 0.8172134160678105  (Index 244)
-----------------ETPA RESULT-------------------
Epoch 122: Validation	rmse: 17.94	mae: 14.69	mape: 34.59%	acc@10: 36.99%	acc@20: 75.64%	acc@30: 94.23%	
[2023-11-29 14:08:16] INFO (nni/MainThread) Intermediate result: 17.944240465331376  (Index 245)
*** Epoch: 123 ***
-----------------G2R RESULT-------------------

val result: krc:0.818 | lsd:0.56 | ed:0.833 | hr@1:0.713 | hr@2:0.881 | hr@3:0.923 | acc@1:0.713 | acc@2:0.652 | acc@3:0.619 | Best krc: 0.817 | Best epoch: 122
best model saved
[2023-11-29 14:08:51] INFO (nni/MainThread) Intermediate result: 0.8178784026707071  (Index 246)
-----------------ETPA RESULT-------------------
Epoch 123: Validation	rmse: 17.94	mae: 14.68	mape: 34.56%	acc@10: 37.07%	acc@20: 75.66%	acc@30: 94.23%	
[2023-11-29 14:08:51] INFO (nni/MainThread) Intermediate result: 17.93935418731966  (Index 247)
*** Epoch: 124 ***
-----------------G2R RESULT-------------------

val result: krc:0.812 | lsd:0.573 | ed:0.859 | hr@1:0.703 | hr@2:0.877 | hr@3:0.921 | acc@1:0.703 | acc@2:0.638 | acc@3:0.606 | Best krc: 0.818 | Best epoch: 123
[2023-11-29 14:09:22] INFO (nni/MainThread) Intermediate result: 0.8117278103198523  (Index 248)
-----------------ETPA RESULT-------------------
Epoch 124: Validation	rmse: 17.96	mae: 14.69	mape: 34.58%	acc@10: 37.08%	acc@20: 75.6%	acc@30: 94.23%	
[2023-11-29 14:09:22] INFO (nni/MainThread) Intermediate result: 17.962577406241657  (Index 249)
*** Epoch: 125 ***
-----------------G2R RESULT-------------------

val result: krc:0.819 | lsd:0.569 | ed:0.857 | hr@1:0.706 | hr@2:0.881 | hr@3:0.925 | acc@1:0.706 | acc@2:0.646 | acc@3:0.612 | Best krc: 0.818 | Best epoch: 123
best model saved
[2023-11-29 14:09:56] INFO (nni/MainThread) Intermediate result: 0.8187037759403304  (Index 250)
-----------------ETPA RESULT-------------------
Epoch 125: Validation	rmse: 17.98	mae: 14.71	mape: 34.64%	acc@10: 36.93%	acc@20: 75.6%	acc@30: 94.2%	
[2023-11-29 14:09:56] INFO (nni/MainThread) Intermediate result: 17.984978205129607  (Index 251)
*** Epoch: 126 ***
-----------------G2R RESULT-------------------

val result: krc:0.815 | lsd:0.557 | ed:0.868 | hr@1:0.711 | hr@2:0.881 | hr@3:0.923 | acc@1:0.711 | acc@2:0.644 | acc@3:0.607 | Best krc: 0.819 | Best epoch: 125
[2023-11-29 14:10:26] INFO (nni/MainThread) Intermediate result: 0.8151628762822466  (Index 252)
-----------------ETPA RESULT-------------------
Epoch 126: Validation	rmse: 18.01	mae: 14.73	mape: 34.68%	acc@10: 36.91%	acc@20: 75.54%	acc@30: 94.19%	
[2023-11-29 14:10:26] INFO (nni/MainThread) Intermediate result: 18.007755467216867  (Index 253)
*** Epoch: 127 ***
-----------------G2R RESULT-------------------

val result: krc:0.818 | lsd:0.562 | ed:0.851 | hr@1:0.715 | hr@2:0.883 | hr@3:0.927 | acc@1:0.715 | acc@2:0.655 | acc@3:0.615 | Best krc: 0.819 | Best epoch: 125
[2023-11-29 14:10:57] INFO (nni/MainThread) Intermediate result: 0.8175945009176315  (Index 254)
-----------------ETPA RESULT-------------------
Epoch 127: Validation	rmse: 18.02	mae: 14.74	mape: 34.67%	acc@10: 36.91%	acc@20: 75.54%	acc@30: 94.19%	
[2023-11-29 14:10:57] INFO (nni/MainThread) Intermediate result: 18.022216520642925  (Index 255)
*** Epoch: 128 ***
-----------------G2R RESULT-------------------

val result: krc:0.811 | lsd:0.602 | ed:0.882 | hr@1:0.707 | hr@2:0.879 | hr@3:0.924 | acc@1:0.707 | acc@2:0.643 | acc@3:0.604 | Best krc: 0.819 | Best epoch: 125
[2023-11-29 14:11:28] INFO (nni/MainThread) Intermediate result: 0.8113866502410447  (Index 256)
-----------------ETPA RESULT-------------------
Epoch 128: Validation	rmse: 18.02	mae: 14.73	mape: 34.66%	acc@10: 37.02%	acc@20: 75.56%	acc@30: 94.19%	
[2023-11-29 14:11:28] INFO (nni/MainThread) Intermediate result: 18.017254265901208  (Index 257)
*** Epoch: 129 ***
-----------------G2R RESULT-------------------

val result: krc:0.802 | lsd:0.578 | ed:0.912 | hr@1:0.7 | hr@2:0.88 | hr@3:0.924 | acc@1:0.7 | acc@2:0.632 | acc@3:0.592 | Best krc: 0.819 | Best epoch: 125
[2023-11-29 14:12:04] INFO (nni/MainThread) Intermediate result: 0.8021090053446851  (Index 258)
-----------------ETPA RESULT-------------------
Epoch 129: Validation	rmse: 18.03	mae: 14.74	mape: 34.68%	acc@10: 37.02%	acc@20: 75.5%	acc@30: 94.18%	
[2023-11-29 14:12:04] INFO (nni/MainThread) Intermediate result: 18.032970835729312  (Index 259)
*** Epoch: 130 ***
-----------------G2R RESULT-------------------

val result: krc:0.808 | lsd:0.566 | ed:0.894 | hr@1:0.708 | hr@2:0.879 | hr@3:0.922 | acc@1:0.708 | acc@2:0.641 | acc@3:0.597 | Best krc: 0.819 | Best epoch: 125
[2023-11-29 14:12:35] INFO (nni/MainThread) Intermediate result: 0.8080370512902212  (Index 260)
-----------------ETPA RESULT-------------------
Epoch 130: Validation	rmse: 18.06	mae: 14.75	mape: 34.72%	acc@10: 36.95%	acc@20: 75.45%	acc@30: 94.18%	
[2023-11-29 14:12:35] INFO (nni/MainThread) Intermediate result: 18.05976548340985  (Index 261)
*** Epoch: 131 ***
-----------------G2R RESULT-------------------

val result: krc:0.812 | lsd:0.597 | ed:0.868 | hr@1:0.714 | hr@2:0.882 | hr@3:0.927 | acc@1:0.714 | acc@2:0.645 | acc@3:0.608 | Best krc: 0.819 | Best epoch: 125
[2023-11-29 14:13:07] INFO (nni/MainThread) Intermediate result: 0.8121692303065281  (Index 262)
-----------------ETPA RESULT-------------------
Epoch 131: Validation	rmse: 18.06	mae: 14.75	mape: 34.71%	acc@10: 36.98%	acc@20: 75.52%	acc@30: 94.18%	
[2023-11-29 14:13:07] INFO (nni/MainThread) Intermediate result: 18.056174503657132  (Index 263)
*** Epoch: 132 ***
-----------------G2R RESULT-------------------

val result: krc:0.815 | lsd:0.561 | ed:0.868 | hr@1:0.714 | hr@2:0.882 | hr@3:0.926 | acc@1:0.714 | acc@2:0.643 | acc@3:0.606 | Best krc: 0.819 | Best epoch: 125
[2023-11-29 14:13:39] INFO (nni/MainThread) Intermediate result: 0.8150732365336653  (Index 264)
-----------------ETPA RESULT-------------------
Epoch 132: Validation	rmse: 18.05	mae: 14.74	mape: 34.7%	acc@10: 37.01%	acc@20: 75.54%	acc@30: 94.17%	
[2023-11-29 14:13:39] INFO (nni/MainThread) Intermediate result: 18.047446506375756  (Index 265)
*** Epoch: 133 ***
-----------------G2R RESULT-------------------

val result: krc:0.82 | lsd:0.557 | ed:0.845 | hr@1:0.713 | hr@2:0.883 | hr@3:0.926 | acc@1:0.713 | acc@2:0.652 | acc@3:0.614 | Best krc: 0.819 | Best epoch: 125
best model saved
[2023-11-29 14:14:13] INFO (nni/MainThread) Intermediate result: 0.8195019882383241  (Index 266)
-----------------ETPA RESULT-------------------
Epoch 133: Validation	rmse: 18.04	mae: 14.74	mape: 34.69%	acc@10: 37.06%	acc@20: 75.56%	acc@30: 94.17%	
[2023-11-29 14:14:13] INFO (nni/MainThread) Intermediate result: 18.03993299403475  (Index 267)
*** Epoch: 134 ***
-----------------G2R RESULT-------------------

val result: krc:0.809 | lsd:0.605 | ed:0.874 | hr@1:0.7 | hr@2:0.88 | hr@3:0.925 | acc@1:0.7 | acc@2:0.638 | acc@3:0.601 | Best krc: 0.82 | Best epoch: 133
[2023-11-29 14:14:45] INFO (nni/MainThread) Intermediate result: 0.8086192409672952  (Index 268)
-----------------ETPA RESULT-------------------
Epoch 134: Validation	rmse: 18.03	mae: 14.73	mape: 34.68%	acc@10: 37.08%	acc@20: 75.6%	acc@30: 94.17%	
[2023-11-29 14:14:45] INFO (nni/MainThread) Intermediate result: 18.03161531632725  (Index 269)
*** Epoch: 135 ***
-----------------G2R RESULT-------------------

val result: krc:0.819 | lsd:0.545 | ed:0.846 | hr@1:0.721 | hr@2:0.882 | hr@3:0.927 | acc@1:0.721 | acc@2:0.655 | acc@3:0.618 | Best krc: 0.82 | Best epoch: 133
[2023-11-29 14:15:17] INFO (nni/MainThread) Intermediate result: 0.8190131768181614  (Index 270)
-----------------ETPA RESULT-------------------
Epoch 135: Validation	rmse: 18.02	mae: 14.72	mape: 34.67%	acc@10: 37.09%	acc@20: 75.57%	acc@30: 94.21%	
[2023-11-29 14:15:17] INFO (nni/MainThread) Intermediate result: 18.022710679053706  (Index 271)
*** Epoch: 136 ***
-----------------G2R RESULT-------------------

val result: krc:0.825 | lsd:0.538 | ed:0.818 | hr@1:0.733 | hr@2:0.885 | hr@3:0.927 | acc@1:0.733 | acc@2:0.665 | acc@3:0.626 | Best krc: 0.82 | Best epoch: 133
best model saved
[2023-11-29 14:15:51] INFO (nni/MainThread) Intermediate result: 0.8254066162505165  (Index 272)
-----------------ETPA RESULT-------------------
Epoch 136: Validation	rmse: 18.01	mae: 14.71	mape: 34.65%	acc@10: 37.16%	acc@20: 75.57%	acc@30: 94.21%	
[2023-11-29 14:15:51] INFO (nni/MainThread) Intermediate result: 18.009281929023423  (Index 273)
*** Epoch: 137 ***
-----------------G2R RESULT-------------------

val result: krc:0.82 | lsd:0.557 | ed:0.848 | hr@1:0.719 | hr@2:0.883 | hr@3:0.924 | acc@1:0.719 | acc@2:0.656 | acc@3:0.618 | Best krc: 0.825 | Best epoch: 136
[2023-11-29 14:16:22] INFO (nni/MainThread) Intermediate result: 0.8201417504259655  (Index 274)
-----------------ETPA RESULT-------------------
Epoch 137: Validation	rmse: 18.02	mae: 14.72	mape: 34.63%	acc@10: 37.18%	acc@20: 75.59%	acc@30: 94.18%	
[2023-11-29 14:16:22] INFO (nni/MainThread) Intermediate result: 18.01998675608277  (Index 275)
*** Epoch: 138 ***
-----------------G2R RESULT-------------------

val result: krc:0.826 | lsd:0.54 | ed:0.812 | hr@1:0.726 | hr@2:0.881 | hr@3:0.925 | acc@1:0.726 | acc@2:0.663 | acc@3:0.628 | Best krc: 0.825 | Best epoch: 136
best model saved
[2023-11-29 14:17:03] INFO (nni/MainThread) Intermediate result: 0.8261710273078879  (Index 276)
-----------------ETPA RESULT-------------------
Epoch 138: Validation	rmse: 18.01	mae: 14.72	mape: 34.63%	acc@10: 37.19%	acc@20: 75.56%	acc@30: 94.18%	
[2023-11-29 14:17:03] INFO (nni/MainThread) Intermediate result: 18.014768220575945  (Index 277)
*** Epoch: 139 ***
-----------------G2R RESULT-------------------

val result: krc:0.822 | lsd:0.536 | ed:0.848 | hr@1:0.722 | hr@2:0.885 | hr@3:0.925 | acc@1:0.722 | acc@2:0.659 | acc@3:0.617 | Best krc: 0.826 | Best epoch: 138
[2023-11-29 14:17:37] INFO (nni/MainThread) Intermediate result: 0.8217634952134296  (Index 278)
-----------------ETPA RESULT-------------------
Epoch 139: Validation	rmse: 18.01	mae: 14.71	mape: 34.63%	acc@10: 37.25%	acc@20: 75.54%	acc@30: 94.17%	
[2023-11-29 14:17:37] INFO (nni/MainThread) Intermediate result: 18.012933669565577  (Index 279)
*** Epoch: 140 ***
-----------------G2R RESULT-------------------

val result: krc:0.822 | lsd:0.554 | ed:0.833 | hr@1:0.717 | hr@2:0.884 | hr@3:0.926 | acc@1:0.717 | acc@2:0.656 | acc@3:0.622 | Best krc: 0.826 | Best epoch: 138
[2023-11-29 14:18:12] INFO (nni/MainThread) Intermediate result: 0.8222215669963813  (Index 280)
-----------------ETPA RESULT-------------------
Epoch 140: Validation	rmse: 18.02	mae: 14.72	mape: 34.65%	acc@10: 37.23%	acc@20: 75.47%	acc@30: 94.17%	
[2023-11-29 14:18:12] INFO (nni/MainThread) Intermediate result: 18.01835005829232  (Index 281)
*** Epoch: 141 ***
-----------------G2R RESULT-------------------

val result: krc:0.824 | lsd:0.546 | ed:0.83 | hr@1:0.716 | hr@2:0.884 | hr@3:0.926 | acc@1:0.716 | acc@2:0.652 | acc@3:0.619 | Best krc: 0.826 | Best epoch: 138
[2023-11-29 14:18:45] INFO (nni/MainThread) Intermediate result: 0.823990785162626  (Index 282)
-----------------ETPA RESULT-------------------
Epoch 141: Validation	rmse: 17.99	mae: 14.7	mape: 34.63%	acc@10: 37.24%	acc@20: 75.53%	acc@30: 94.21%	
[2023-11-29 14:18:45] INFO (nni/MainThread) Intermediate result: 17.99277146649474  (Index 283)
*** Epoch: 142 ***
-----------------G2R RESULT-------------------

val result: krc:0.832 | lsd:0.52 | ed:0.802 | hr@1:0.732 | hr@2:0.89 | hr@3:0.93 | acc@1:0.732 | acc@2:0.671 | acc@3:0.638 | Best krc: 0.826 | Best epoch: 138
best model saved
[2023-11-29 14:19:21] INFO (nni/MainThread) Intermediate result: 0.8321323923772547  (Index 284)
-----------------ETPA RESULT-------------------
Epoch 142: Validation	rmse: 17.98	mae: 14.7	mape: 34.61%	acc@10: 37.24%	acc@20: 75.55%	acc@30: 94.21%	
[2023-11-29 14:19:21] INFO (nni/MainThread) Intermediate result: 17.98079581140428  (Index 285)
*** Epoch: 143 ***
-----------------G2R RESULT-------------------

val result: krc:0.827 | lsd:0.529 | ed:0.82 | hr@1:0.728 | hr@2:0.888 | hr@3:0.928 | acc@1:0.728 | acc@2:0.666 | acc@3:0.63 | Best krc: 0.832 | Best epoch: 142
[2023-11-29 14:19:56] INFO (nni/MainThread) Intermediate result: 0.8273690322050621  (Index 286)
-----------------ETPA RESULT-------------------
Epoch 143: Validation	rmse: 18.0	mae: 14.71	mape: 34.63%	acc@10: 37.24%	acc@20: 75.46%	acc@30: 94.16%	
[2023-11-29 14:19:56] INFO (nni/MainThread) Intermediate result: 17.995555715360542  (Index 287)
*** Epoch: 144 ***
-----------------G2R RESULT-------------------

val result: krc:0.823 | lsd:0.549 | ed:0.847 | hr@1:0.722 | hr@2:0.882 | hr@3:0.924 | acc@1:0.722 | acc@2:0.656 | acc@3:0.618 | Best krc: 0.832 | Best epoch: 142
[2023-11-29 14:20:32] INFO (nni/MainThread) Intermediate result: 0.8225929392960437  (Index 288)
-----------------ETPA RESULT-------------------
Epoch 144: Validation	rmse: 18.01	mae: 14.72	mape: 34.64%	acc@10: 37.24%	acc@20: 75.39%	acc@30: 94.16%	
[2023-11-29 14:20:32] INFO (nni/MainThread) Intermediate result: 18.006209077454173  (Index 289)
*** Epoch: 145 ***
-----------------G2R RESULT-------------------

val result: krc:0.83 | lsd:0.531 | ed:0.816 | hr@1:0.74 | hr@2:0.889 | hr@3:0.93 | acc@1:0.74 | acc@2:0.677 | acc@3:0.64 | Best krc: 0.832 | Best epoch: 142
[2023-11-29 14:21:06] INFO (nni/MainThread) Intermediate result: 0.8303197587849972  (Index 290)
-----------------ETPA RESULT-------------------
Epoch 145: Validation	rmse: 18.01	mae: 14.72	mape: 34.65%	acc@10: 37.22%	acc@20: 75.41%	acc@30: 94.16%	
[2023-11-29 14:21:06] INFO (nni/MainThread) Intermediate result: 18.005949914318155  (Index 291)
*** Epoch: 146 ***
-----------------G2R RESULT-------------------

val result: krc:0.825 | lsd:0.573 | ed:0.833 | hr@1:0.725 | hr@2:0.883 | hr@3:0.927 | acc@1:0.725 | acc@2:0.667 | acc@3:0.63 | Best krc: 0.832 | Best epoch: 142
[2023-11-29 14:21:43] INFO (nni/MainThread) Intermediate result: 0.8247741197894236  (Index 292)
-----------------ETPA RESULT-------------------
Epoch 146: Validation	rmse: 18.01	mae: 14.72	mape: 34.67%	acc@10: 37.16%	acc@20: 75.4%	acc@30: 94.15%	
[2023-11-29 14:21:43] INFO (nni/MainThread) Intermediate result: 18.009464084928567  (Index 293)
*** Epoch: 147 ***
-----------------G2R RESULT-------------------

val result: krc:0.823 | lsd:0.535 | ed:0.836 | hr@1:0.721 | hr@2:0.883 | hr@3:0.926 | acc@1:0.721 | acc@2:0.659 | acc@3:0.62 | Best krc: 0.832 | Best epoch: 142
[2023-11-29 14:22:18] INFO (nni/MainThread) Intermediate result: 0.8228737545309474  (Index 294)
-----------------ETPA RESULT-------------------
Epoch 147: Validation	rmse: 17.99	mae: 14.71	mape: 34.65%	acc@10: 37.2%	acc@20: 75.44%	acc@30: 94.15%	
[2023-11-29 14:22:18] INFO (nni/MainThread) Intermediate result: 17.9937757167526  (Index 295)
*** Epoch: 148 ***
-----------------G2R RESULT-------------------

val result: krc:0.821 | lsd:0.533 | ed:0.848 | hr@1:0.728 | hr@2:0.89 | hr@3:0.929 | acc@1:0.728 | acc@2:0.662 | acc@3:0.627 | Best krc: 0.832 | Best epoch: 142
[2023-11-29 14:22:52] INFO (nni/MainThread) Intermediate result: 0.8205990482335036  (Index 296)
-----------------ETPA RESULT-------------------
Epoch 148: Validation	rmse: 18.01	mae: 14.72	mape: 34.65%	acc@10: 37.19%	acc@20: 75.42%	acc@30: 94.13%	
[2023-11-29 14:22:52] INFO (nni/MainThread) Intermediate result: 18.01068110615781  (Index 297)
*** Epoch: 149 ***
-----------------G2R RESULT-------------------

val result: krc:0.812 | lsd:0.594 | ed:0.868 | hr@1:0.715 | hr@2:0.885 | hr@3:0.925 | acc@1:0.715 | acc@2:0.654 | acc@3:0.615 | Best krc: 0.832 | Best epoch: 142
[2023-11-29 14:23:26] INFO (nni/MainThread) Intermediate result: 0.8122211177217735  (Index 298)
-----------------ETPA RESULT-------------------
Epoch 149: Validation	rmse: 17.99	mae: 14.71	mape: 34.65%	acc@10: 37.15%	acc@20: 75.46%	acc@30: 94.15%	
[2023-11-29 14:23:26] INFO (nni/MainThread) Intermediate result: 17.993336847184196  (Index 299)
*** Epoch: 150 ***
-----------------G2R RESULT-------------------

val result: krc:0.826 | lsd:0.539 | ed:0.818 | hr@1:0.733 | hr@2:0.887 | hr@3:0.929 | acc@1:0.733 | acc@2:0.672 | acc@3:0.636 | Best krc: 0.832 | Best epoch: 142
[2023-11-29 14:24:01] INFO (nni/MainThread) Intermediate result: 0.8264406412548082  (Index 300)
-----------------ETPA RESULT-------------------
Epoch 150: Validation	rmse: 17.99	mae: 14.71	mape: 34.66%	acc@10: 37.15%	acc@20: 75.46%	acc@30: 94.14%	
[2023-11-29 14:24:01] INFO (nni/MainThread) Intermediate result: 17.985104903637293  (Index 301)
*** Epoch: 151 ***
-----------------G2R RESULT-------------------

val result: krc:0.822 | lsd:0.562 | ed:0.841 | hr@1:0.728 | hr@2:0.885 | hr@3:0.926 | acc@1:0.728 | acc@2:0.666 | acc@3:0.628 | Best krc: 0.832 | Best epoch: 142
[2023-11-29 14:24:35] INFO (nni/MainThread) Intermediate result: 0.8220204887017305  (Index 302)
-----------------ETPA RESULT-------------------
Epoch 151: Validation	rmse: 18.0	mae: 14.72	mape: 34.69%	acc@10: 37.11%	acc@20: 75.41%	acc@30: 94.12%	
[2023-11-29 14:24:35] INFO (nni/MainThread) Intermediate result: 18.002243305809824  (Index 303)
*** Epoch: 152 ***
-----------------G2R RESULT-------------------

val result: krc:0.826 | lsd:0.564 | ed:0.823 | hr@1:0.737 | hr@2:0.888 | hr@3:0.928 | acc@1:0.737 | acc@2:0.678 | acc@3:0.639 | Best krc: 0.832 | Best epoch: 142
[2023-11-29 14:25:09] INFO (nni/MainThread) Intermediate result: 0.8258472661445989  (Index 304)
-----------------ETPA RESULT-------------------
Epoch 152: Validation	rmse: 18.01	mae: 14.73	mape: 34.72%	acc@10: 37.05%	acc@20: 75.35%	acc@30: 94.12%	
[2023-11-29 14:25:09] INFO (nni/MainThread) Intermediate result: 18.010606230090705  (Index 305)
*** Epoch: 153 ***
-----------------G2R RESULT-------------------

val result: krc:0.822 | lsd:0.574 | ed:0.843 | hr@1:0.724 | hr@2:0.884 | hr@3:0.927 | acc@1:0.724 | acc@2:0.66 | acc@3:0.628 | Best krc: 0.832 | Best epoch: 142
[2023-11-29 14:25:44] INFO (nni/MainThread) Intermediate result: 0.8223918897989732  (Index 306)
-----------------ETPA RESULT-------------------
Epoch 153: Validation	rmse: 18.0	mae: 14.73	mape: 34.74%	acc@10: 37.01%	acc@20: 75.32%	acc@30: 94.14%	
[2023-11-29 14:25:44] INFO (nni/MainThread) Intermediate result: 18.002139704980486  (Index 307)
*** Epoch: 154 ***
-----------------G2R RESULT-------------------

val result: krc:0.825 | lsd:0.571 | ed:0.832 | hr@1:0.729 | hr@2:0.885 | hr@3:0.926 | acc@1:0.729 | acc@2:0.67 | acc@3:0.631 | Best krc: 0.832 | Best epoch: 142
[2023-11-29 14:26:18] INFO (nni/MainThread) Intermediate result: 0.8247756298827572  (Index 308)
-----------------ETPA RESULT-------------------
Epoch 154: Validation	rmse: 18.0	mae: 14.73	mape: 34.73%	acc@10: 37.06%	acc@20: 75.3%	acc@30: 94.13%	
[2023-11-29 14:26:18] INFO (nni/MainThread) Intermediate result: 18.003513742918948  (Index 309)
*** Epoch: 155 ***
-----------------G2R RESULT-------------------

val result: krc:0.821 | lsd:0.549 | ed:0.843 | hr@1:0.734 | hr@2:0.887 | hr@3:0.928 | acc@1:0.734 | acc@2:0.671 | acc@3:0.627 | Best krc: 0.832 | Best epoch: 142
[2023-11-29 14:26:52] INFO (nni/MainThread) Intermediate result: 0.8211996952180598  (Index 310)
-----------------ETPA RESULT-------------------
Epoch 155: Validation	rmse: 18.02	mae: 14.74	mape: 34.74%	acc@10: 37.08%	acc@20: 75.28%	acc@30: 94.13%	
[2023-11-29 14:26:52] INFO (nni/MainThread) Intermediate result: 18.01951911678243  (Index 311)
*** Epoch: 156 ***
-----------------G2R RESULT-------------------

val result: krc:0.826 | lsd:0.549 | ed:0.839 | hr@1:0.729 | hr@2:0.887 | hr@3:0.925 | acc@1:0.729 | acc@2:0.667 | acc@3:0.625 | Best krc: 0.832 | Best epoch: 142
[2023-11-29 14:27:27] INFO (nni/MainThread) Intermediate result: 0.8256603637014656  (Index 312)
-----------------ETPA RESULT-------------------
Epoch 156: Validation	rmse: 18.02	mae: 14.74	mape: 34.75%	acc@10: 37.06%	acc@20: 75.3%	acc@30: 94.13%	
[2023-11-29 14:27:27] INFO (nni/MainThread) Intermediate result: 18.02160305712652  (Index 313)
*** Epoch: 157 ***
-----------------G2R RESULT-------------------

val result: krc:0.825 | lsd:0.532 | ed:0.838 | hr@1:0.727 | hr@2:0.89 | hr@3:0.93 | acc@1:0.727 | acc@2:0.663 | acc@3:0.628 | Best krc: 0.832 | Best epoch: 142
[2023-11-29 14:28:01] INFO (nni/MainThread) Intermediate result: 0.824782154961429  (Index 314)
-----------------ETPA RESULT-------------------
Epoch 157: Validation	rmse: 18.02	mae: 14.73	mape: 34.73%	acc@10: 37.12%	acc@20: 75.34%	acc@30: 94.13%	
[2023-11-29 14:28:01] INFO (nni/MainThread) Intermediate result: 18.023712282388026  (Index 315)
*** Epoch: 158 ***
-----------------G2R RESULT-------------------

val result: krc:0.831 | lsd:0.526 | ed:0.822 | hr@1:0.737 | hr@2:0.888 | hr@3:0.931 | acc@1:0.737 | acc@2:0.668 | acc@3:0.633 | Best krc: 0.832 | Best epoch: 142
[2023-11-29 14:28:37] INFO (nni/MainThread) Intermediate result: 0.8314957558595513  (Index 316)
-----------------ETPA RESULT-------------------
Epoch 158: Validation	rmse: 18.02	mae: 14.73	mape: 34.72%	acc@10: 37.13%	acc@20: 75.37%	acc@30: 94.12%	
[2023-11-29 14:28:37] INFO (nni/MainThread) Intermediate result: 18.024111785957313  (Index 317)
*** Epoch: 159 ***
-----------------G2R RESULT-------------------

val result: krc:0.829 | lsd:0.552 | ed:0.814 | hr@1:0.734 | hr@2:0.888 | hr@3:0.929 | acc@1:0.734 | acc@2:0.673 | acc@3:0.639 | Best krc: 0.832 | Best epoch: 142
[2023-11-29 14:29:11] INFO (nni/MainThread) Intermediate result: 0.8291603436159622  (Index 318)
-----------------ETPA RESULT-------------------
Epoch 159: Validation	rmse: 18.03	mae: 14.72	mape: 34.68%	acc@10: 37.19%	acc@20: 75.39%	acc@30: 94.12%	
[2023-11-29 14:29:11] INFO (nni/MainThread) Intermediate result: 18.027971153175052  (Index 319)
*** Epoch: 160 ***
-----------------G2R RESULT-------------------

val result: krc:0.829 | lsd:0.512 | ed:0.828 | hr@1:0.739 | hr@2:0.888 | hr@3:0.933 | acc@1:0.739 | acc@2:0.666 | acc@3:0.63 | Best krc: 0.832 | Best epoch: 142
[2023-11-29 14:29:46] INFO (nni/MainThread) Intermediate result: 0.8292727169508981  (Index 320)
-----------------ETPA RESULT-------------------
Epoch 160: Validation	rmse: 18.02	mae: 14.72	mape: 34.68%	acc@10: 37.19%	acc@20: 75.41%	acc@30: 94.12%	
[2023-11-29 14:29:46] INFO (nni/MainThread) Intermediate result: 18.02099033459382  (Index 321)
*** Epoch: 161 ***
-----------------G2R RESULT-------------------

val result: krc:0.825 | lsd:0.547 | ed:0.837 | hr@1:0.735 | hr@2:0.889 | hr@3:0.931 | acc@1:0.735 | acc@2:0.669 | acc@3:0.633 | Best krc: 0.832 | Best epoch: 142
[2023-11-29 14:30:19] INFO (nni/MainThread) Intermediate result: 0.8245063903043789  (Index 322)
-----------------ETPA RESULT-------------------
Epoch 161: Validation	rmse: 18.0	mae: 14.71	mape: 34.67%	acc@10: 37.21%	acc@20: 75.42%	acc@30: 94.14%	
[2023-11-29 14:30:19] INFO (nni/MainThread) Intermediate result: 18.004085103220934  (Index 323)
*** Epoch: 162 ***
-----------------G2R RESULT-------------------

val result: krc:0.828 | lsd:0.534 | ed:0.829 | hr@1:0.736 | hr@2:0.888 | hr@3:0.926 | acc@1:0.736 | acc@2:0.673 | acc@3:0.634 | Best krc: 0.832 | Best epoch: 142
[2023-11-29 14:30:51] INFO (nni/MainThread) Intermediate result: 0.8284089785095469  (Index 324)
-----------------ETPA RESULT-------------------
Epoch 162: Validation	rmse: 18.0	mae: 14.7	mape: 34.66%	acc@10: 37.23%	acc@20: 75.42%	acc@30: 94.13%	
[2023-11-29 14:30:51] INFO (nni/MainThread) Intermediate result: 17.996622874886555  (Index 325)
loaded model path: /home/sentanoe/joint_training/data/dataset/food_pd/sort_model/hidden_size-8.gcnru-pd_1701259617.56605151701259617.5660634
best model loaded !!!
krc:0.819 | lsd:0.403 | ed:0.849 | hr@1:0.732 | hr@2:0.917 | hr@3:0.95 | acc@1:0.732 | acc@2:0.676 | acc@3:0.63 |

-------------------------------------------------------------
Best epoch for G2R:  142
Best epoch for ETPA:  103
graph2route_pd Evaluation in test: krc:0.819 | lsd:0.403 | ed:0.849 | hr@1:0.732 | hr@2:0.917 | hr@3:0.95 | acc@1:0.732 | acc@2:0.676 | acc@3:0.63 |
RankPETA Evaluation in test: rmse: 11.07	mae: 9.28	mape: 80.81%	acc@10: 60.0%	acc@20: 90.0%	acc@30: 100.0%	
