Device:  cuda
{'alpha_loss': 0.5,
 'batch_size': 64,
 'dataset': 'food_pd',
 'datatype': 'order',
 'device': device(type='cuda'),
 'early_stop': 10,
 'edge_fea_dim': 5,
 'embedding_dim': 32,
 'eval_end_1': 11,
 'eval_end_2': 25,
 'eval_start': 1,
 'gcn_num_layers': 2,
 'hidden_size': 8,
 'is_eval': False,
 'is_test': False,
 'k_min_nodes': 3,
 'k_nearest_neighbors': 'n-1',
 'lr': 0.001,
 'max_task_num': 25,
 'min_task_num': 0,
 'modelArrivalTime': 'RankPETA',
 'modelRoute': 'graph2route_pd',
 'no_cuda': False,
 'node_fea_dim': 8,
 'node_features_test': '/home/sentanoe/joint_training/data/dataset/food_pd/node_features_test_full.npy',
 'node_features_train': '/home/sentanoe/joint_training/data/dataset/food_pd/node_features_train_full.npy',
 'node_features_val': '/home/sentanoe/joint_training/data/dataset/food_pd/node_features_val_full.npy',
 'num_block': 2,
 'num_epoch': 1000,
 'num_head': 2,
 'num_worker_logistics': 2346,
 'num_worker_pd': 920,
 'pad_value': 26,
 'seed': 9999,
 'sort_mode': 'pnn_idx',
 'spatial_encoder': 'gcn',
 'temporal_encoder': 'gru',
 'test_path': '/home/sentanoe/joint_training/data/dataset/food_pd/test_full.npy',
 'train_mode': 'sort',
 'train_path': '/home/sentanoe/joint_training/data/dataset/food_pd/train_full.npy',
 'val_path': '/home/sentanoe/joint_training/data/dataset/food_pd/val_full.npy',
 'wd': 1e-05,
 'worker_emb_dim': 10,
 'workers': 2}
last_x_size:13;unpick_x_size:12;input_size:53
#train:2521 | #val:1257 | #test:1261
*** Epoch: 0 ***
-----------------G2R RESULT-------------------

val result: krc:0.684 | lsd:0.987 | ed:1.27 | hr@1:0.638 | hr@2:0.793 | hr@3:0.867 | acc@1:0.638 | acc@2:0.509 | acc@3:0.458 | Best krc: -1 | Best epoch: -1
best model saved
[2023-12-16 09:26:51] INFO (nni/MainThread) Intermediate result: 0.6841265987571191  (Index 0)
-----------------ETPA RESULT-------------------
Epoch 0: Validation	rmse: 23.49	mae: 17.38	mape: 104.93%	acc@10: 40.37%	acc@20: 69.26%	acc@30: 83.7%	
[2023-12-16 09:26:51] INFO (nni/MainThread) Intermediate result: 23.487234990937765  (Index 1)
*** Epoch: 1 ***
-----------------G2R RESULT-------------------

val result: krc:0.701 | lsd:0.925 | ed:1.224 | hr@1:0.63 | hr@2:0.815 | hr@3:0.881 | acc@1:0.63 | acc@2:0.524 | acc@3:0.478 | Best krc: 0.684 | Best epoch: 0
best model saved
[2023-12-16 09:27:15] INFO (nni/MainThread) Intermediate result: 0.7009616117093159  (Index 2)
-----------------ETPA RESULT-------------------
Epoch 1: Validation	rmse: 23.22	mae: 17.24	mape: 109.54%	acc@10: 40.37%	acc@20: 70.93%	acc@30: 82.78%	
[2023-12-16 09:27:15] INFO (nni/MainThread) Intermediate result: 23.22442848581681  (Index 3)
*** Epoch: 2 ***
-----------------G2R RESULT-------------------

val result: krc:0.738 | lsd:0.79 | ed:1.105 | hr@1:0.653 | hr@2:0.842 | hr@3:0.894 | acc@1:0.653 | acc@2:0.564 | acc@3:0.512 | Best krc: 0.701 | Best epoch: 1
best model saved
[2023-12-16 09:27:38] INFO (nni/MainThread) Intermediate result: 0.7378716122660154  (Index 4)
-----------------ETPA RESULT-------------------
Epoch 2: Validation	rmse: 21.97	mae: 16.26	mape: 103.98%	acc@10: 43.09%	acc@20: 72.22%	acc@30: 83.83%	
[2023-12-16 09:27:38] INFO (nni/MainThread) Intermediate result: 21.96813440843971  (Index 5)
*** Epoch: 3 ***
-----------------G2R RESULT-------------------

val result: krc:0.747 | lsd:0.763 | ed:1.08 | hr@1:0.645 | hr@2:0.848 | hr@3:0.899 | acc@1:0.645 | acc@2:0.565 | acc@3:0.517 | Best krc: 0.738 | Best epoch: 2
best model saved
[2023-12-16 09:28:02] INFO (nni/MainThread) Intermediate result: 0.7473829624682269  (Index 6)
-----------------ETPA RESULT-------------------
Epoch 3: Validation	rmse: 21.28	mae: 15.91	mape: 105.4%	acc@10: 43.43%	acc@20: 72.31%	acc@30: 84.81%	
[2023-12-16 09:28:02] INFO (nni/MainThread) Intermediate result: 21.27860205562808  (Index 7)
*** Epoch: 4 ***
-----------------G2R RESULT-------------------

val result: krc:0.75 | lsd:0.732 | ed:1.06 | hr@1:0.639 | hr@2:0.854 | hr@3:0.901 | acc@1:0.639 | acc@2:0.569 | acc@3:0.523 | Best krc: 0.747 | Best epoch: 3
best model saved
[2023-12-16 09:28:26] INFO (nni/MainThread) Intermediate result: 0.749901458401677  (Index 8)
-----------------ETPA RESULT-------------------
Epoch 4: Validation	rmse: 20.88	mae: 15.72	mape: 104.72%	acc@10: 43.19%	acc@20: 72.3%	acc@30: 85.04%	
[2023-12-16 09:28:26] INFO (nni/MainThread) Intermediate result: 20.883021055136652  (Index 9)
*** Epoch: 5 ***
-----------------G2R RESULT-------------------

val result: krc:0.76 | lsd:0.698 | ed:1.014 | hr@1:0.64 | hr@2:0.861 | hr@3:0.909 | acc@1:0.64 | acc@2:0.575 | acc@3:0.539 | Best krc: 0.75 | Best epoch: 4
best model saved
[2023-12-16 09:28:50] INFO (nni/MainThread) Intermediate result: 0.7599524380460105  (Index 10)
-----------------ETPA RESULT-------------------
Epoch 5: Validation	rmse: 20.69	mae: 15.63	mape: 105.45%	acc@10: 43.33%	acc@20: 72.35%	acc@30: 85.25%	
[2023-12-16 09:28:50] INFO (nni/MainThread) Intermediate result: 20.694747773819824  (Index 11)
*** Epoch: 6 ***
-----------------G2R RESULT-------------------

val result: krc:0.782 | lsd:0.648 | ed:0.955 | hr@1:0.657 | hr@2:0.866 | hr@3:0.914 | acc@1:0.657 | acc@2:0.6 | acc@3:0.564 | Best krc: 0.76 | Best epoch: 5
best model saved
[2023-12-16 09:29:14] INFO (nni/MainThread) Intermediate result: 0.7817978516972832  (Index 12)
-----------------ETPA RESULT-------------------
Epoch 6: Validation	rmse: 20.45	mae: 15.51	mape: 105.48%	acc@10: 43.28%	acc@20: 72.75%	acc@30: 85.45%	
[2023-12-16 09:29:14] INFO (nni/MainThread) Intermediate result: 20.45270049203099  (Index 13)
*** Epoch: 7 ***
-----------------G2R RESULT-------------------

val result: krc:0.764 | lsd:0.692 | ed:1.017 | hr@1:0.645 | hr@2:0.866 | hr@3:0.908 | acc@1:0.645 | acc@2:0.585 | acc@3:0.538 | Best krc: 0.782 | Best epoch: 6
[2023-12-16 09:29:38] INFO (nni/MainThread) Intermediate result: 0.764047347169341  (Index 14)
-----------------ETPA RESULT-------------------
Epoch 7: Validation	rmse: 20.22	mae: 15.36	mape: 105.32%	acc@10: 43.52%	acc@20: 73.06%	acc@30: 85.79%	
[2023-12-16 09:29:38] INFO (nni/MainThread) Intermediate result: 20.21728377131265  (Index 15)
*** Epoch: 8 ***
-----------------G2R RESULT-------------------

val result: krc:0.772 | lsd:0.661 | ed:0.978 | hr@1:0.641 | hr@2:0.866 | hr@3:0.912 | acc@1:0.641 | acc@2:0.58 | acc@3:0.541 | Best krc: 0.782 | Best epoch: 6
[2023-12-16 09:30:00] INFO (nni/MainThread) Intermediate result: 0.7721206970004522  (Index 16)
-----------------ETPA RESULT-------------------
Epoch 8: Validation	rmse: 19.89	mae: 15.21	mape: 105.35%	acc@10: 42.96%	acc@20: 73.37%	acc@30: 86.3%	
[2023-12-16 09:30:00] INFO (nni/MainThread) Intermediate result: 19.890844597191577  (Index 17)
*** Epoch: 9 ***
-----------------G2R RESULT-------------------

val result: krc:0.741 | lsd:0.789 | ed:1.082 | hr@1:0.631 | hr@2:0.843 | hr@3:0.894 | acc@1:0.631 | acc@2:0.563 | acc@3:0.517 | Best krc: 0.782 | Best epoch: 6
[2023-12-16 09:30:23] INFO (nni/MainThread) Intermediate result: 0.7407425575768383  (Index 18)
-----------------ETPA RESULT-------------------
Epoch 9: Validation	rmse: 19.49	mae: 14.93	mape: 103.74%	acc@10: 43.89%	acc@20: 74.15%	acc@30: 86.85%	
[2023-12-16 09:30:23] INFO (nni/MainThread) Intermediate result: 19.489494889200714  (Index 19)
*** Epoch: 10 ***
-----------------G2R RESULT-------------------

val result: krc:0.775 | lsd:0.649 | ed:0.996 | hr@1:0.651 | hr@2:0.871 | hr@3:0.912 | acc@1:0.651 | acc@2:0.591 | acc@3:0.544 | Best krc: 0.782 | Best epoch: 6
[2023-12-16 09:30:46] INFO (nni/MainThread) Intermediate result: 0.7748978091173107  (Index 20)
-----------------ETPA RESULT-------------------
Epoch 10: Validation	rmse: 19.09	mae: 14.65	mape: 102.33%	acc@10: 44.81%	acc@20: 74.71%	acc@30: 87.58%	
[2023-12-16 09:30:46] INFO (nni/MainThread) Intermediate result: 19.08918022547196  (Index 21)
*** Epoch: 11 ***
-----------------G2R RESULT-------------------

val result: krc:0.781 | lsd:0.665 | ed:0.953 | hr@1:0.65 | hr@2:0.869 | hr@3:0.915 | acc@1:0.65 | acc@2:0.59 | acc@3:0.556 | Best krc: 0.782 | Best epoch: 6
[2023-12-16 09:31:09] INFO (nni/MainThread) Intermediate result: 0.7814614700753747  (Index 22)
-----------------ETPA RESULT-------------------
Epoch 11: Validation	rmse: 18.86	mae: 14.47	mape: 101.74%	acc@10: 45.37%	acc@20: 75.06%	acc@30: 87.87%	
[2023-12-16 09:31:09] INFO (nni/MainThread) Intermediate result: 18.8569898102821  (Index 23)
*** Epoch: 12 ***
-----------------G2R RESULT-------------------

val result: krc:0.78 | lsd:0.661 | ed:0.954 | hr@1:0.651 | hr@2:0.869 | hr@3:0.913 | acc@1:0.651 | acc@2:0.594 | acc@3:0.555 | Best krc: 0.782 | Best epoch: 6
[2023-12-16 09:31:32] INFO (nni/MainThread) Intermediate result: 0.7804773516010944  (Index 24)
-----------------ETPA RESULT-------------------
Epoch 12: Validation	rmse: 18.63	mae: 14.31	mape: 100.89%	acc@10: 45.75%	acc@20: 75.56%	acc@30: 88.26%	
[2023-12-16 09:31:33] INFO (nni/MainThread) Intermediate result: 18.627995417778397  (Index 25)
*** Epoch: 13 ***
-----------------G2R RESULT-------------------

val result: krc:0.768 | lsd:0.692 | ed:1.014 | hr@1:0.643 | hr@2:0.87 | hr@3:0.911 | acc@1:0.643 | acc@2:0.587 | acc@3:0.543 | Best krc: 0.782 | Best epoch: 6
[2023-12-16 09:31:55] INFO (nni/MainThread) Intermediate result: 0.7675551687619899  (Index 26)
-----------------ETPA RESULT-------------------
Epoch 13: Validation	rmse: 18.32	mae: 14.07	mape: 98.73%	acc@10: 46.67%	acc@20: 76.03%	acc@30: 88.81%	
[2023-12-16 09:31:55] INFO (nni/MainThread) Intermediate result: 18.32040264240964  (Index 27)
*** Epoch: 14 ***
-----------------G2R RESULT-------------------

val result: krc:0.783 | lsd:0.654 | ed:0.954 | hr@1:0.651 | hr@2:0.868 | hr@3:0.911 | acc@1:0.651 | acc@2:0.595 | acc@3:0.559 | Best krc: 0.782 | Best epoch: 6
best model saved
[2023-12-16 09:32:19] INFO (nni/MainThread) Intermediate result: 0.7832868865575466  (Index 28)
-----------------ETPA RESULT-------------------
Epoch 14: Validation	rmse: 18.14	mae: 13.92	mape: 97.51%	acc@10: 47.28%	acc@20: 76.35%	acc@30: 89.04%	
[2023-12-16 09:32:19] INFO (nni/MainThread) Intermediate result: 18.140003685707565  (Index 29)
*** Epoch: 15 ***
-----------------G2R RESULT-------------------

val result: krc:0.769 | lsd:0.689 | ed:1.018 | hr@1:0.642 | hr@2:0.863 | hr@3:0.908 | acc@1:0.642 | acc@2:0.579 | acc@3:0.536 | Best krc: 0.783 | Best epoch: 14
[2023-12-16 09:32:43] INFO (nni/MainThread) Intermediate result: 0.7686440683642259  (Index 30)
-----------------ETPA RESULT-------------------
Epoch 15: Validation	rmse: 18.17	mae: 13.91	mape: 97.71%	acc@10: 47.41%	acc@20: 76.41%	acc@30: 88.94%	
[2023-12-16 09:32:43] INFO (nni/MainThread) Intermediate result: 18.167768688432442  (Index 31)
*** Epoch: 16 ***
-----------------G2R RESULT-------------------

val result: krc:0.769 | lsd:0.666 | ed:1.017 | hr@1:0.642 | hr@2:0.866 | hr@3:0.911 | acc@1:0.642 | acc@2:0.582 | acc@3:0.537 | Best krc: 0.783 | Best epoch: 14
[2023-12-16 09:33:06] INFO (nni/MainThread) Intermediate result: 0.7692936171991703  (Index 32)
-----------------ETPA RESULT-------------------
Epoch 16: Validation	rmse: 18.08	mae: 13.84	mape: 97.37%	acc@10: 47.58%	acc@20: 76.67%	acc@30: 88.95%	
[2023-12-16 09:33:06] INFO (nni/MainThread) Intermediate result: 18.07609458055553  (Index 33)
*** Epoch: 17 ***
-----------------G2R RESULT-------------------

val result: krc:0.783 | lsd:0.634 | ed:0.96 | hr@1:0.657 | hr@2:0.869 | hr@3:0.915 | acc@1:0.657 | acc@2:0.597 | acc@3:0.562 | Best krc: 0.783 | Best epoch: 14
best model saved
[2023-12-16 09:33:30] INFO (nni/MainThread) Intermediate result: 0.783415868654172  (Index 34)
-----------------ETPA RESULT-------------------
Epoch 17: Validation	rmse: 17.88	mae: 13.71	mape: 96.33%	acc@10: 47.9%	acc@20: 77.1%	acc@30: 89.32%	
[2023-12-16 09:33:30] INFO (nni/MainThread) Intermediate result: 17.875473607442736  (Index 35)
*** Epoch: 18 ***
-----------------G2R RESULT-------------------

val result: krc:0.764 | lsd:0.664 | ed:1.028 | hr@1:0.644 | hr@2:0.864 | hr@3:0.908 | acc@1:0.644 | acc@2:0.579 | acc@3:0.532 | Best krc: 0.783 | Best epoch: 17
[2023-12-16 09:33:54] INFO (nni/MainThread) Intermediate result: 0.7643066227849787  (Index 36)
-----------------ETPA RESULT-------------------
Epoch 18: Validation	rmse: 17.75	mae: 13.62	mape: 95.83%	acc@10: 47.99%	acc@20: 77.35%	acc@30: 89.47%	
[2023-12-16 09:33:54] INFO (nni/MainThread) Intermediate result: 17.74928800573997  (Index 37)
*** Epoch: 19 ***
-----------------G2R RESULT-------------------

val result: krc:0.787 | lsd:0.648 | ed:0.951 | hr@1:0.657 | hr@2:0.869 | hr@3:0.915 | acc@1:0.657 | acc@2:0.595 | acc@3:0.563 | Best krc: 0.783 | Best epoch: 17
best model saved
[2023-12-16 09:34:18] INFO (nni/MainThread) Intermediate result: 0.786983283765094  (Index 38)
-----------------ETPA RESULT-------------------
Epoch 19: Validation	rmse: 17.6	mae: 13.52	mape: 95.16%	acc@10: 48.26%	acc@20: 77.65%	acc@30: 89.7%	
[2023-12-16 09:34:18] INFO (nni/MainThread) Intermediate result: 17.59740522720927  (Index 39)
*** Epoch: 20 ***
-----------------G2R RESULT-------------------

val result: krc:0.788 | lsd:0.63 | ed:0.95 | hr@1:0.66 | hr@2:0.871 | hr@3:0.914 | acc@1:0.66 | acc@2:0.6 | acc@3:0.564 | Best krc: 0.787 | Best epoch: 19
best model saved
[2023-12-16 09:34:42] INFO (nni/MainThread) Intermediate result: 0.7878932727380475  (Index 40)
-----------------ETPA RESULT-------------------
Epoch 20: Validation	rmse: 17.46	mae: 13.41	mape: 94.16%	acc@10: 48.64%	acc@20: 77.85%	acc@30: 89.91%	
[2023-12-16 09:34:42] INFO (nni/MainThread) Intermediate result: 17.456182376511002  (Index 41)
*** Epoch: 21 ***
-----------------G2R RESULT-------------------

val result: krc:0.79 | lsd:0.62 | ed:0.926 | hr@1:0.67 | hr@2:0.873 | hr@3:0.917 | acc@1:0.67 | acc@2:0.609 | acc@3:0.572 | Best krc: 0.788 | Best epoch: 20
best model saved
[2023-12-16 09:35:06] INFO (nni/MainThread) Intermediate result: 0.790018541920597  (Index 42)
-----------------ETPA RESULT-------------------
Epoch 21: Validation	rmse: 17.29	mae: 13.3	mape: 93.27%	acc@10: 48.91%	acc@20: 78.2%	acc@30: 90.22%	
[2023-12-16 09:35:06] INFO (nni/MainThread) Intermediate result: 17.289294055670545  (Index 43)
*** Epoch: 22 ***
-----------------G2R RESULT-------------------

val result: krc:0.79 | lsd:0.623 | ed:0.935 | hr@1:0.666 | hr@2:0.874 | hr@3:0.917 | acc@1:0.666 | acc@2:0.607 | acc@3:0.573 | Best krc: 0.79 | Best epoch: 21
best model saved
[2023-12-16 09:35:31] INFO (nni/MainThread) Intermediate result: 0.7900675897002962  (Index 44)
-----------------ETPA RESULT-------------------
Epoch 22: Validation	rmse: 17.15	mae: 13.22	mape: 92.71%	acc@10: 48.99%	acc@20: 78.45%	acc@30: 90.53%	
[2023-12-16 09:35:31] INFO (nni/MainThread) Intermediate result: 17.15319841190089  (Index 45)
*** Epoch: 23 ***
-----------------G2R RESULT-------------------

val result: krc:0.786 | lsd:0.639 | ed:0.949 | hr@1:0.666 | hr@2:0.87 | hr@3:0.914 | acc@1:0.666 | acc@2:0.606 | acc@3:0.564 | Best krc: 0.79 | Best epoch: 22
[2023-12-16 09:35:54] INFO (nni/MainThread) Intermediate result: 0.7862209276901014  (Index 46)
-----------------ETPA RESULT-------------------
Epoch 23: Validation	rmse: 17.09	mae: 13.18	mape: 92.56%	acc@10: 49.06%	acc@20: 78.52%	acc@30: 90.62%	
[2023-12-16 09:35:54] INFO (nni/MainThread) Intermediate result: 17.093090630240322  (Index 47)
*** Epoch: 24 ***
-----------------G2R RESULT-------------------

val result: krc:0.791 | lsd:0.624 | ed:0.915 | hr@1:0.667 | hr@2:0.873 | hr@3:0.917 | acc@1:0.667 | acc@2:0.609 | acc@3:0.578 | Best krc: 0.79 | Best epoch: 22
best model saved
[2023-12-16 09:36:18] INFO (nni/MainThread) Intermediate result: 0.7908973023446132  (Index 48)
-----------------ETPA RESULT-------------------
Epoch 24: Validation	rmse: 17.04	mae: 13.16	mape: 92.61%	acc@10: 48.96%	acc@20: 78.53%	acc@30: 90.68%	
[2023-12-16 09:36:18] INFO (nni/MainThread) Intermediate result: 17.041650889181057  (Index 49)
*** Epoch: 25 ***
-----------------G2R RESULT-------------------

val result: krc:0.788 | lsd:0.632 | ed:0.946 | hr@1:0.667 | hr@2:0.87 | hr@3:0.914 | acc@1:0.667 | acc@2:0.602 | acc@3:0.568 | Best krc: 0.791 | Best epoch: 24
[2023-12-16 09:36:42] INFO (nni/MainThread) Intermediate result: 0.7876643009130986  (Index 50)
-----------------ETPA RESULT-------------------
Epoch 25: Validation	rmse: 16.92	mae: 13.08	mape: 91.82%	acc@10: 49.15%	acc@20: 78.77%	acc@30: 90.91%	
[2023-12-16 09:36:42] INFO (nni/MainThread) Intermediate result: 16.917070857694295  (Index 51)
*** Epoch: 26 ***
-----------------G2R RESULT-------------------

val result: krc:0.78 | lsd:0.626 | ed:0.97 | hr@1:0.649 | hr@2:0.868 | hr@3:0.914 | acc@1:0.649 | acc@2:0.587 | acc@3:0.552 | Best krc: 0.791 | Best epoch: 24
[2023-12-16 09:37:05] INFO (nni/MainThread) Intermediate result: 0.7795886272143377  (Index 52)
-----------------ETPA RESULT-------------------
Epoch 26: Validation	rmse: 16.83	mae: 13.02	mape: 91.5%	acc@10: 49.16%	acc@20: 78.96%	acc@30: 91.08%	
[2023-12-16 09:37:05] INFO (nni/MainThread) Intermediate result: 16.830528512516153  (Index 53)
*** Epoch: 27 ***
-----------------G2R RESULT-------------------

val result: krc:0.789 | lsd:0.613 | ed:0.947 | hr@1:0.658 | hr@2:0.873 | hr@3:0.916 | acc@1:0.658 | acc@2:0.597 | acc@3:0.561 | Best krc: 0.791 | Best epoch: 24
[2023-12-16 09:37:29] INFO (nni/MainThread) Intermediate result: 0.7885174179008897  (Index 54)
-----------------ETPA RESULT-------------------
Epoch 27: Validation	rmse: 16.77	mae: 12.99	mape: 91.1%	acc@10: 49.3%	acc@20: 79.01%	acc@30: 91.12%	
[2023-12-16 09:37:29] INFO (nni/MainThread) Intermediate result: 16.7732791565897  (Index 55)
*** Epoch: 28 ***
-----------------G2R RESULT-------------------

val result: krc:0.792 | lsd:0.625 | ed:0.941 | hr@1:0.662 | hr@2:0.872 | hr@3:0.913 | acc@1:0.662 | acc@2:0.603 | acc@3:0.567 | Best krc: 0.791 | Best epoch: 24
best model saved
[2023-12-16 09:37:53] INFO (nni/MainThread) Intermediate result: 0.7922513500038642  (Index 56)
-----------------ETPA RESULT-------------------
Epoch 28: Validation	rmse: 16.66	mae: 12.9	mape: 90.25%	acc@10: 49.48%	acc@20: 79.22%	acc@30: 91.32%	
[2023-12-16 09:37:53] INFO (nni/MainThread) Intermediate result: 16.659517118191147  (Index 57)
*** Epoch: 29 ***
-----------------G2R RESULT-------------------

val result: krc:0.771 | lsd:0.677 | ed:1.011 | hr@1:0.654 | hr@2:0.867 | hr@3:0.907 | acc@1:0.654 | acc@2:0.592 | acc@3:0.547 | Best krc: 0.792 | Best epoch: 28
[2023-12-16 09:38:16] INFO (nni/MainThread) Intermediate result: 0.770696899013471  (Index 58)
-----------------ETPA RESULT-------------------
Epoch 29: Validation	rmse: 16.57	mae: 12.83	mape: 89.31%	acc@10: 49.73%	acc@20: 79.37%	acc@30: 91.48%	
[2023-12-16 09:38:16] INFO (nni/MainThread) Intermediate result: 16.571122498076985  (Index 59)
*** Epoch: 30 ***
-----------------G2R RESULT-------------------

val result: krc:0.795 | lsd:0.602 | ed:0.921 | hr@1:0.669 | hr@2:0.877 | hr@3:0.918 | acc@1:0.669 | acc@2:0.613 | acc@3:0.577 | Best krc: 0.792 | Best epoch: 28
best model saved
[2023-12-16 09:38:41] INFO (nni/MainThread) Intermediate result: 0.7953102648861283  (Index 60)
-----------------ETPA RESULT-------------------
Epoch 30: Validation	rmse: 16.46	mae: 12.75	mape: 88.51%	acc@10: 49.93%	acc@20: 79.64%	acc@30: 91.65%	
[2023-12-16 09:38:41] INFO (nni/MainThread) Intermediate result: 16.460495860608113  (Index 61)
*** Epoch: 31 ***
-----------------G2R RESULT-------------------

val result: krc:0.802 | lsd:0.587 | ed:0.912 | hr@1:0.676 | hr@2:0.876 | hr@3:0.92 | acc@1:0.676 | acc@2:0.616 | acc@3:0.581 | Best krc: 0.795 | Best epoch: 30
best model saved
[2023-12-16 09:39:06] INFO (nni/MainThread) Intermediate result: 0.801950030730092  (Index 62)
-----------------ETPA RESULT-------------------
Epoch 31: Validation	rmse: 16.39	mae: 12.69	mape: 87.96%	acc@10: 50.14%	acc@20: 79.72%	acc@30: 91.78%	
[2023-12-16 09:39:06] INFO (nni/MainThread) Intermediate result: 16.38625773562875  (Index 63)
*** Epoch: 32 ***
-----------------G2R RESULT-------------------

val result: krc:0.8 | lsd:0.587 | ed:0.913 | hr@1:0.674 | hr@2:0.875 | hr@3:0.92 | acc@1:0.674 | acc@2:0.613 | acc@3:0.58 | Best krc: 0.802 | Best epoch: 31
[2023-12-16 09:39:29] INFO (nni/MainThread) Intermediate result: 0.7996275647784173  (Index 64)
-----------------ETPA RESULT-------------------
Epoch 32: Validation	rmse: 16.3	mae: 12.62	mape: 87.09%	acc@10: 50.39%	acc@20: 79.91%	acc@30: 91.92%	
[2023-12-16 09:39:29] INFO (nni/MainThread) Intermediate result: 16.30414914911957  (Index 65)
*** Epoch: 33 ***
-----------------G2R RESULT-------------------

val result: krc:0.78 | lsd:0.629 | ed:0.975 | hr@1:0.657 | hr@2:0.871 | hr@3:0.914 | acc@1:0.657 | acc@2:0.592 | acc@3:0.553 | Best krc: 0.802 | Best epoch: 31
[2023-12-16 09:39:53] INFO (nni/MainThread) Intermediate result: 0.779656594033507  (Index 66)
-----------------ETPA RESULT-------------------
Epoch 33: Validation	rmse: 16.24	mae: 12.59	mape: 86.87%	acc@10: 50.46%	acc@20: 80.0%	acc@30: 92.04%	
[2023-12-16 09:39:53] INFO (nni/MainThread) Intermediate result: 16.243911230934128  (Index 67)
*** Epoch: 34 ***
-----------------G2R RESULT-------------------

val result: krc:0.798 | lsd:0.594 | ed:0.92 | hr@1:0.672 | hr@2:0.877 | hr@3:0.92 | acc@1:0.672 | acc@2:0.613 | acc@3:0.578 | Best krc: 0.802 | Best epoch: 31
[2023-12-16 09:40:17] INFO (nni/MainThread) Intermediate result: 0.7980097607294809  (Index 68)
-----------------ETPA RESULT-------------------
Epoch 34: Validation	rmse: 16.2	mae: 12.56	mape: 86.77%	acc@10: 50.48%	acc@20: 80.08%	acc@30: 92.14%	
[2023-12-16 09:40:17] INFO (nni/MainThread) Intermediate result: 16.196882855561206  (Index 69)
*** Epoch: 35 ***
-----------------G2R RESULT-------------------

val result: krc:0.794 | lsd:0.611 | ed:0.932 | hr@1:0.669 | hr@2:0.873 | hr@3:0.917 | acc@1:0.669 | acc@2:0.606 | acc@3:0.572 | Best krc: 0.802 | Best epoch: 31
[2023-12-16 09:40:40] INFO (nni/MainThread) Intermediate result: 0.7939622731314905  (Index 70)
-----------------ETPA RESULT-------------------
Epoch 35: Validation	rmse: 16.14	mae: 12.52	mape: 86.47%	acc@10: 50.53%	acc@20: 80.16%	acc@30: 92.24%	
[2023-12-16 09:40:40] INFO (nni/MainThread) Intermediate result: 16.143148342562966  (Index 71)
*** Epoch: 36 ***
-----------------G2R RESULT-------------------

val result: krc:0.786 | lsd:0.638 | ed:0.948 | hr@1:0.66 | hr@2:0.875 | hr@3:0.916 | acc@1:0.66 | acc@2:0.603 | acc@3:0.564 | Best krc: 0.802 | Best epoch: 31
[2023-12-16 09:41:04] INFO (nni/MainThread) Intermediate result: 0.7862404129741253  (Index 72)
-----------------ETPA RESULT-------------------
Epoch 36: Validation	rmse: 16.08	mae: 12.48	mape: 86.08%	acc@10: 50.66%	acc@20: 80.25%	acc@30: 92.35%	
[2023-12-16 09:41:04] INFO (nni/MainThread) Intermediate result: 16.08291570165768  (Index 73)
*** Epoch: 37 ***
-----------------G2R RESULT-------------------

val result: krc:0.801 | lsd:0.596 | ed:0.913 | hr@1:0.678 | hr@2:0.876 | hr@3:0.92 | acc@1:0.678 | acc@2:0.623 | acc@3:0.585 | Best krc: 0.802 | Best epoch: 31
[2023-12-16 09:41:28] INFO (nni/MainThread) Intermediate result: 0.8011080347853413  (Index 74)
-----------------ETPA RESULT-------------------
Epoch 37: Validation	rmse: 16.02	mae: 12.44	mape: 85.77%	acc@10: 50.77%	acc@20: 80.36%	acc@30: 92.48%	
[2023-12-16 09:41:28] INFO (nni/MainThread) Intermediate result: 16.023714673955126  (Index 75)
*** Epoch: 38 ***
-----------------G2R RESULT-------------------

val result: krc:0.799 | lsd:0.6 | ed:0.906 | hr@1:0.681 | hr@2:0.876 | hr@3:0.917 | acc@1:0.681 | acc@2:0.621 | acc@3:0.585 | Best krc: 0.802 | Best epoch: 31
[2023-12-16 09:41:51] INFO (nni/MainThread) Intermediate result: 0.798600720402207  (Index 76)
-----------------ETPA RESULT-------------------
Epoch 38: Validation	rmse: 15.99	mae: 12.42	mape: 85.67%	acc@10: 50.76%	acc@20: 80.44%	acc@30: 92.54%	
[2023-12-16 09:41:51] INFO (nni/MainThread) Intermediate result: 15.988620095711164  (Index 77)
*** Epoch: 39 ***
-----------------G2R RESULT-------------------

val result: krc:0.794 | lsd:0.606 | ed:0.946 | hr@1:0.675 | hr@2:0.875 | hr@3:0.919 | acc@1:0.675 | acc@2:0.611 | acc@3:0.571 | Best krc: 0.802 | Best epoch: 31
[2023-12-16 09:42:15] INFO (nni/MainThread) Intermediate result: 0.7936035636778969  (Index 78)
-----------------ETPA RESULT-------------------
Epoch 39: Validation	rmse: 15.92	mae: 12.36	mape: 84.95%	acc@10: 50.95%	acc@20: 80.62%	acc@30: 92.64%	
[2023-12-16 09:42:15] INFO (nni/MainThread) Intermediate result: 15.91759229094271  (Index 79)
*** Epoch: 40 ***
-----------------G2R RESULT-------------------

val result: krc:0.792 | lsd:0.61 | ed:0.938 | hr@1:0.678 | hr@2:0.872 | hr@3:0.916 | acc@1:0.678 | acc@2:0.614 | acc@3:0.572 | Best krc: 0.802 | Best epoch: 31
[2023-12-16 09:42:39] INFO (nni/MainThread) Intermediate result: 0.7918338365386902  (Index 80)
-----------------ETPA RESULT-------------------
Epoch 40: Validation	rmse: 15.86	mae: 12.32	mape: 84.55%	acc@10: 51.07%	acc@20: 80.73%	acc@30: 92.76%	
[2023-12-16 09:42:39] INFO (nni/MainThread) Intermediate result: 15.858670262279462  (Index 81)
*** Epoch: 41 ***
-----------------G2R RESULT-------------------

val result: krc:0.803 | lsd:0.586 | ed:0.901 | hr@1:0.679 | hr@2:0.878 | hr@3:0.919 | acc@1:0.679 | acc@2:0.623 | acc@3:0.589 | Best krc: 0.802 | Best epoch: 31
best model saved
[2023-12-16 09:43:04] INFO (nni/MainThread) Intermediate result: 0.8031897594381198  (Index 82)
-----------------ETPA RESULT-------------------
Epoch 41: Validation	rmse: 15.81	mae: 12.29	mape: 84.29%	acc@10: 51.13%	acc@20: 80.81%	acc@30: 92.85%	
[2023-12-16 09:43:04] INFO (nni/MainThread) Intermediate result: 15.8126367421258  (Index 83)
*** Epoch: 42 ***
-----------------G2R RESULT-------------------

val result: krc:0.794 | lsd:0.608 | ed:0.941 | hr@1:0.679 | hr@2:0.876 | hr@3:0.92 | acc@1:0.679 | acc@2:0.615 | acc@3:0.578 | Best krc: 0.803 | Best epoch: 41
[2023-12-16 09:43:27] INFO (nni/MainThread) Intermediate result: 0.7936964083706541  (Index 84)
-----------------ETPA RESULT-------------------
Epoch 42: Validation	rmse: 15.76	mae: 12.25	mape: 83.88%	acc@10: 51.27%	acc@20: 80.9%	acc@30: 92.95%	
[2023-12-16 09:43:27] INFO (nni/MainThread) Intermediate result: 15.759785317983722  (Index 85)
*** Epoch: 43 ***
-----------------G2R RESULT-------------------

val result: krc:0.801 | lsd:0.597 | ed:0.907 | hr@1:0.683 | hr@2:0.878 | hr@3:0.923 | acc@1:0.683 | acc@2:0.624 | acc@3:0.59 | Best krc: 0.803 | Best epoch: 41
[2023-12-16 09:43:51] INFO (nni/MainThread) Intermediate result: 0.800691664163461  (Index 86)
-----------------ETPA RESULT-------------------
Epoch 43: Validation	rmse: 15.71	mae: 12.22	mape: 83.51%	acc@10: 51.41%	acc@20: 80.98%	acc@30: 93.04%	
[2023-12-16 09:43:51] INFO (nni/MainThread) Intermediate result: 15.712414717067984  (Index 87)
*** Epoch: 44 ***
-----------------G2R RESULT-------------------

val result: krc:0.804 | lsd:0.563 | ed:0.899 | hr@1:0.685 | hr@2:0.879 | hr@3:0.924 | acc@1:0.685 | acc@2:0.627 | acc@3:0.594 | Best krc: 0.803 | Best epoch: 41
best model saved
[2023-12-16 09:44:16] INFO (nni/MainThread) Intermediate result: 0.8035544532877285  (Index 88)
-----------------ETPA RESULT-------------------
Epoch 44: Validation	rmse: 15.66	mae: 12.18	mape: 83.09%	acc@10: 51.49%	acc@20: 81.1%	acc@30: 93.13%	
[2023-12-16 09:44:16] INFO (nni/MainThread) Intermediate result: 15.657239781405492  (Index 89)
*** Epoch: 45 ***
-----------------G2R RESULT-------------------

val result: krc:0.806 | lsd:0.579 | ed:0.889 | hr@1:0.686 | hr@2:0.878 | hr@3:0.921 | acc@1:0.686 | acc@2:0.629 | acc@3:0.597 | Best krc: 0.804 | Best epoch: 44
best model saved
[2023-12-16 09:44:41] INFO (nni/MainThread) Intermediate result: 0.8056376702375828  (Index 90)
-----------------ETPA RESULT-------------------
Epoch 45: Validation	rmse: 15.61	mae: 12.13	mape: 82.53%	acc@10: 51.56%	acc@20: 81.26%	acc@30: 93.19%	
[2023-12-16 09:44:41] INFO (nni/MainThread) Intermediate result: 15.605291499397802  (Index 91)
*** Epoch: 46 ***
-----------------G2R RESULT-------------------

val result: krc:0.804 | lsd:0.594 | ed:0.908 | hr@1:0.683 | hr@2:0.879 | hr@3:0.924 | acc@1:0.683 | acc@2:0.621 | acc@3:0.59 | Best krc: 0.806 | Best epoch: 45
[2023-12-16 09:45:06] INFO (nni/MainThread) Intermediate result: 0.8038796326509487  (Index 92)
-----------------ETPA RESULT-------------------
Epoch 46: Validation	rmse: 15.57	mae: 12.11	mape: 82.38%	acc@10: 51.63%	acc@20: 81.35%	acc@30: 93.25%	
[2023-12-16 09:45:06] INFO (nni/MainThread) Intermediate result: 15.571875715102399  (Index 93)
*** Epoch: 47 ***
-----------------G2R RESULT-------------------

val result: krc:0.787 | lsd:0.619 | ed:0.962 | hr@1:0.67 | hr@2:0.874 | hr@3:0.916 | acc@1:0.67 | acc@2:0.611 | acc@3:0.568 | Best krc: 0.806 | Best epoch: 45
[2023-12-16 09:45:30] INFO (nni/MainThread) Intermediate result: 0.7867098248558678  (Index 94)
-----------------ETPA RESULT-------------------
Epoch 47: Validation	rmse: 15.55	mae: 12.11	mape: 82.38%	acc@10: 51.65%	acc@20: 81.38%	acc@30: 93.27%	
[2023-12-16 09:45:30] INFO (nni/MainThread) Intermediate result: 15.55440622953923  (Index 95)
*** Epoch: 48 ***
-----------------G2R RESULT-------------------

val result: krc:0.806 | lsd:0.586 | ed:0.891 | hr@1:0.691 | hr@2:0.881 | hr@3:0.922 | acc@1:0.691 | acc@2:0.634 | acc@3:0.597 | Best krc: 0.806 | Best epoch: 45
[2023-12-16 09:45:55] INFO (nni/MainThread) Intermediate result: 0.8055740191726201  (Index 96)
-----------------ETPA RESULT-------------------
Epoch 48: Validation	rmse: 15.53	mae: 12.08	mape: 82.14%	acc@10: 51.81%	acc@20: 81.41%	acc@30: 93.3%	
[2023-12-16 09:45:55] INFO (nni/MainThread) Intermediate result: 15.529387156247022  (Index 97)
*** Epoch: 49 ***
-----------------G2R RESULT-------------------

val result: krc:0.802 | lsd:0.611 | ed:0.913 | hr@1:0.681 | hr@2:0.874 | hr@3:0.922 | acc@1:0.681 | acc@2:0.617 | acc@3:0.588 | Best krc: 0.806 | Best epoch: 45
[2023-12-16 09:46:19] INFO (nni/MainThread) Intermediate result: 0.8021743489955121  (Index 98)
-----------------ETPA RESULT-------------------
Epoch 49: Validation	rmse: 15.5	mae: 12.06	mape: 81.87%	acc@10: 51.9%	acc@20: 81.4%	acc@30: 93.33%	
[2023-12-16 09:46:19] INFO (nni/MainThread) Intermediate result: 15.504216053652039  (Index 99)
*** Epoch: 50 ***
-----------------G2R RESULT-------------------

val result: krc:0.808 | lsd:0.585 | ed:0.896 | hr@1:0.686 | hr@2:0.879 | hr@3:0.922 | acc@1:0.686 | acc@2:0.626 | acc@3:0.594 | Best krc: 0.806 | Best epoch: 45
best model saved
[2023-12-16 09:46:44] INFO (nni/MainThread) Intermediate result: 0.8081353225472159  (Index 100)
-----------------ETPA RESULT-------------------
Epoch 50: Validation	rmse: 15.47	mae: 12.03	mape: 81.58%	acc@10: 51.97%	acc@20: 81.47%	acc@30: 93.41%	
[2023-12-16 09:46:44] INFO (nni/MainThread) Intermediate result: 15.465150169449037  (Index 101)
*** Epoch: 51 ***
-----------------G2R RESULT-------------------

val result: krc:0.772 | lsd:0.655 | ed:1.009 | hr@1:0.665 | hr@2:0.868 | hr@3:0.912 | acc@1:0.665 | acc@2:0.595 | acc@3:0.554 | Best krc: 0.808 | Best epoch: 50
[2023-12-16 09:47:08] INFO (nni/MainThread) Intermediate result: 0.7715294959457617  (Index 102)
-----------------ETPA RESULT-------------------
Epoch 51: Validation	rmse: 15.43	mae: 12.01	mape: 81.37%	acc@10: 52.04%	acc@20: 81.54%	acc@30: 93.48%	
[2023-12-16 09:47:08] INFO (nni/MainThread) Intermediate result: 15.431723529696669  (Index 103)
*** Epoch: 52 ***
-----------------G2R RESULT-------------------

val result: krc:0.8 | lsd:0.606 | ed:0.906 | hr@1:0.686 | hr@2:0.878 | hr@3:0.922 | acc@1:0.686 | acc@2:0.622 | acc@3:0.591 | Best krc: 0.808 | Best epoch: 50
[2023-12-16 09:47:33] INFO (nni/MainThread) Intermediate result: 0.8003216168760551  (Index 104)
-----------------ETPA RESULT-------------------
Epoch 52: Validation	rmse: 15.4	mae: 11.99	mape: 81.17%	acc@10: 52.08%	acc@20: 81.57%	acc@30: 93.54%	
[2023-12-16 09:47:33] INFO (nni/MainThread) Intermediate result: 15.404155661859557  (Index 105)
*** Epoch: 53 ***
-----------------G2R RESULT-------------------

val result: krc:0.801 | lsd:0.594 | ed:0.908 | hr@1:0.687 | hr@2:0.88 | hr@3:0.922 | acc@1:0.687 | acc@2:0.625 | acc@3:0.591 | Best krc: 0.808 | Best epoch: 50
[2023-12-16 09:47:57] INFO (nni/MainThread) Intermediate result: 0.800974805854561  (Index 106)
-----------------ETPA RESULT-------------------
Epoch 53: Validation	rmse: 15.36	mae: 11.97	mape: 80.91%	acc@10: 52.15%	acc@20: 81.66%	acc@30: 93.6%	
[2023-12-16 09:47:57] INFO (nni/MainThread) Intermediate result: 15.364285386060876  (Index 107)
*** Epoch: 54 ***
-----------------G2R RESULT-------------------

val result: krc:0.805 | lsd:0.575 | ed:0.908 | hr@1:0.695 | hr@2:0.88 | hr@3:0.921 | acc@1:0.695 | acc@2:0.631 | acc@3:0.59 | Best krc: 0.808 | Best epoch: 50
[2023-12-16 09:48:22] INFO (nni/MainThread) Intermediate result: 0.8049001862119485  (Index 108)
-----------------ETPA RESULT-------------------
Epoch 54: Validation	rmse: 15.34	mae: 11.95	mape: 80.71%	acc@10: 52.2%	acc@20: 81.69%	acc@30: 93.65%	
[2023-12-16 09:48:22] INFO (nni/MainThread) Intermediate result: 15.337729911788248  (Index 109)
*** Epoch: 55 ***
-----------------G2R RESULT-------------------

val result: krc:0.813 | lsd:0.568 | ed:0.875 | hr@1:0.698 | hr@2:0.88 | hr@3:0.925 | acc@1:0.698 | acc@2:0.637 | acc@3:0.605 | Best krc: 0.808 | Best epoch: 50
best model saved
[2023-12-16 09:48:47] INFO (nni/MainThread) Intermediate result: 0.8126314295269258  (Index 110)
-----------------ETPA RESULT-------------------
Epoch 55: Validation	rmse: 15.3	mae: 11.92	mape: 80.47%	acc@10: 52.24%	acc@20: 81.79%	acc@30: 93.72%	
[2023-12-16 09:48:47] INFO (nni/MainThread) Intermediate result: 15.301848505182223  (Index 111)
*** Epoch: 56 ***
-----------------G2R RESULT-------------------

val result: krc:0.806 | lsd:0.6 | ed:0.897 | hr@1:0.697 | hr@2:0.882 | hr@3:0.921 | acc@1:0.697 | acc@2:0.634 | acc@3:0.597 | Best krc: 0.813 | Best epoch: 55
[2023-12-16 09:49:12] INFO (nni/MainThread) Intermediate result: 0.8056022071500865  (Index 112)
-----------------ETPA RESULT-------------------
Epoch 56: Validation	rmse: 15.29	mae: 11.92	mape: 80.45%	acc@10: 52.22%	acc@20: 81.8%	acc@30: 93.76%	
[2023-12-16 09:49:12] INFO (nni/MainThread) Intermediate result: 15.285767210659799  (Index 113)
*** Epoch: 57 ***
-----------------G2R RESULT-------------------

val result: krc:0.817 | lsd:0.571 | ed:0.861 | hr@1:0.706 | hr@2:0.886 | hr@3:0.926 | acc@1:0.706 | acc@2:0.644 | acc@3:0.61 | Best krc: 0.813 | Best epoch: 55
best model saved
[2023-12-16 09:49:38] INFO (nni/MainThread) Intermediate result: 0.8170101747189634  (Index 114)
-----------------ETPA RESULT-------------------
Epoch 57: Validation	rmse: 15.25	mae: 11.89	mape: 80.16%	acc@10: 52.3%	acc@20: 81.87%	acc@30: 93.82%	
[2023-12-16 09:49:38] INFO (nni/MainThread) Intermediate result: 15.250778720259945  (Index 115)
*** Epoch: 58 ***
-----------------G2R RESULT-------------------

val result: krc:0.791 | lsd:0.638 | ed:0.952 | hr@1:0.685 | hr@2:0.879 | hr@3:0.917 | acc@1:0.685 | acc@2:0.625 | acc@3:0.581 | Best krc: 0.817 | Best epoch: 57
[2023-12-16 09:50:02] INFO (nni/MainThread) Intermediate result: 0.790613339437126  (Index 116)
-----------------ETPA RESULT-------------------
Epoch 58: Validation	rmse: 15.22	mae: 11.87	mape: 79.9%	acc@10: 52.35%	acc@20: 81.95%	acc@30: 93.87%	
[2023-12-16 09:50:02] INFO (nni/MainThread) Intermediate result: 15.218229184973428  (Index 117)
*** Epoch: 59 ***
-----------------G2R RESULT-------------------

val result: krc:0.815 | lsd:0.578 | ed:0.875 | hr@1:0.706 | hr@2:0.886 | hr@3:0.925 | acc@1:0.706 | acc@2:0.646 | acc@3:0.608 | Best krc: 0.817 | Best epoch: 57
[2023-12-16 09:50:27] INFO (nni/MainThread) Intermediate result: 0.8153458499588802  (Index 118)
-----------------ETPA RESULT-------------------
Epoch 59: Validation	rmse: 15.2	mae: 11.85	mape: 79.57%	acc@10: 52.45%	acc@20: 81.96%	acc@30: 93.9%	
[2023-12-16 09:50:27] INFO (nni/MainThread) Intermediate result: 15.198773827981382  (Index 119)
*** Epoch: 60 ***
-----------------G2R RESULT-------------------

val result: krc:0.821 | lsd:0.532 | ed:0.854 | hr@1:0.707 | hr@2:0.886 | hr@3:0.929 | acc@1:0.707 | acc@2:0.644 | acc@3:0.612 | Best krc: 0.817 | Best epoch: 57
best model saved
[2023-12-16 09:50:52] INFO (nni/MainThread) Intermediate result: 0.8205697348854322  (Index 120)
-----------------ETPA RESULT-------------------
Epoch 60: Validation	rmse: 15.17	mae: 11.83	mape: 79.34%	acc@10: 52.5%	acc@20: 82.02%	acc@30: 93.95%	
[2023-12-16 09:50:52] INFO (nni/MainThread) Intermediate result: 15.174865518384085  (Index 121)
*** Epoch: 61 ***
-----------------G2R RESULT-------------------

val result: krc:0.818 | lsd:0.545 | ed:0.86 | hr@1:0.715 | hr@2:0.886 | hr@3:0.93 | acc@1:0.715 | acc@2:0.648 | acc@3:0.616 | Best krc: 0.821 | Best epoch: 60
[2023-12-16 09:51:17] INFO (nni/MainThread) Intermediate result: 0.8178036926878203  (Index 122)
-----------------ETPA RESULT-------------------
Epoch 61: Validation	rmse: 15.15	mae: 11.81	mape: 79.17%	acc@10: 52.55%	acc@20: 82.03%	acc@30: 94.0%	
[2023-12-16 09:51:17] INFO (nni/MainThread) Intermediate result: 15.151294994179835  (Index 123)
*** Epoch: 62 ***
-----------------G2R RESULT-------------------

val result: krc:0.821 | lsd:0.541 | ed:0.85 | hr@1:0.707 | hr@2:0.89 | hr@3:0.928 | acc@1:0.707 | acc@2:0.648 | acc@3:0.617 | Best krc: 0.821 | Best epoch: 60
best model saved
[2023-12-16 09:51:42] INFO (nni/MainThread) Intermediate result: 0.8207984070861203  (Index 124)
-----------------ETPA RESULT-------------------
Epoch 62: Validation	rmse: 15.13	mae: 11.8	mape: 79.1%	acc@10: 52.57%	acc@20: 82.06%	acc@30: 94.05%	
[2023-12-16 09:51:42] INFO (nni/MainThread) Intermediate result: 15.12945904662438  (Index 125)
*** Epoch: 63 ***
-----------------G2R RESULT-------------------

val result: krc:0.816 | lsd:0.581 | ed:0.876 | hr@1:0.706 | hr@2:0.888 | hr@3:0.926 | acc@1:0.706 | acc@2:0.648 | acc@3:0.607 | Best krc: 0.821 | Best epoch: 62
[2023-12-16 09:52:07] INFO (nni/MainThread) Intermediate result: 0.8157128854723956  (Index 126)
-----------------ETPA RESULT-------------------
Epoch 63: Validation	rmse: 15.1	mae: 11.78	mape: 78.98%	acc@10: 52.58%	acc@20: 82.12%	acc@30: 94.1%	
[2023-12-16 09:52:07] INFO (nni/MainThread) Intermediate result: 15.104334396094737  (Index 127)
*** Epoch: 64 ***
-----------------G2R RESULT-------------------

val result: krc:0.821 | lsd:0.551 | ed:0.855 | hr@1:0.713 | hr@2:0.891 | hr@3:0.931 | acc@1:0.713 | acc@2:0.652 | acc@3:0.618 | Best krc: 0.821 | Best epoch: 62
best model saved
[2023-12-16 09:52:32] INFO (nni/MainThread) Intermediate result: 0.8208865713631783  (Index 128)
-----------------ETPA RESULT-------------------
Epoch 64: Validation	rmse: 15.08	mae: 11.77	mape: 78.8%	acc@10: 52.67%	acc@20: 82.14%	acc@30: 94.15%	
[2023-12-16 09:52:32] INFO (nni/MainThread) Intermediate result: 15.084907169789556  (Index 129)
*** Epoch: 65 ***
-----------------G2R RESULT-------------------

val result: krc:0.819 | lsd:0.54 | ed:0.861 | hr@1:0.715 | hr@2:0.889 | hr@3:0.928 | acc@1:0.715 | acc@2:0.652 | acc@3:0.617 | Best krc: 0.821 | Best epoch: 64
[2023-12-16 09:52:57] INFO (nni/MainThread) Intermediate result: 0.8187343143180486  (Index 130)
-----------------ETPA RESULT-------------------
Epoch 65: Validation	rmse: 15.06	mae: 11.75	mape: 78.64%	acc@10: 52.73%	acc@20: 82.18%	acc@30: 94.19%	
[2023-12-16 09:52:57] INFO (nni/MainThread) Intermediate result: 15.06320618485518  (Index 131)
*** Epoch: 66 ***
-----------------G2R RESULT-------------------

val result: krc:0.786 | lsd:0.66 | ed:0.966 | hr@1:0.684 | hr@2:0.877 | hr@3:0.914 | acc@1:0.684 | acc@2:0.62 | acc@3:0.571 | Best krc: 0.821 | Best epoch: 64
[2023-12-16 09:53:22] INFO (nni/MainThread) Intermediate result: 0.7855888127160536  (Index 132)
-----------------ETPA RESULT-------------------
Epoch 66: Validation	rmse: 15.04	mae: 11.73	mape: 78.45%	acc@10: 52.78%	acc@20: 82.24%	acc@30: 94.24%	
[2023-12-16 09:53:22] INFO (nni/MainThread) Intermediate result: 15.038619186474273  (Index 133)
*** Epoch: 67 ***
-----------------G2R RESULT-------------------

val result: krc:0.825 | lsd:0.539 | ed:0.837 | hr@1:0.722 | hr@2:0.89 | hr@3:0.931 | acc@1:0.722 | acc@2:0.658 | acc@3:0.623 | Best krc: 0.821 | Best epoch: 64
best model saved
[2023-12-16 09:53:48] INFO (nni/MainThread) Intermediate result: 0.8249326964149875  (Index 134)
-----------------ETPA RESULT-------------------
Epoch 67: Validation	rmse: 15.02	mae: 11.72	mape: 78.32%	acc@10: 52.83%	acc@20: 82.28%	acc@30: 94.29%	
[2023-12-16 09:53:48] INFO (nni/MainThread) Intermediate result: 15.016265209120196  (Index 135)
*** Epoch: 68 ***
-----------------G2R RESULT-------------------

val result: krc:0.817 | lsd:0.575 | ed:0.864 | hr@1:0.71 | hr@2:0.886 | hr@3:0.927 | acc@1:0.71 | acc@2:0.652 | acc@3:0.617 | Best krc: 0.825 | Best epoch: 67
[2023-12-16 09:54:12] INFO (nni/MainThread) Intermediate result: 0.817056591888249  (Index 136)
-----------------ETPA RESULT-------------------
Epoch 68: Validation	rmse: 15.0	mae: 11.7	mape: 78.18%	acc@10: 52.86%	acc@20: 82.33%	acc@30: 94.33%	
[2023-12-16 09:54:12] INFO (nni/MainThread) Intermediate result: 14.99529301088724  (Index 137)
*** Epoch: 69 ***
-----------------G2R RESULT-------------------

val result: krc:0.8 | lsd:0.586 | ed:0.935 | hr@1:0.685 | hr@2:0.879 | hr@3:0.919 | acc@1:0.685 | acc@2:0.624 | acc@3:0.585 | Best krc: 0.825 | Best epoch: 67
[2023-12-16 09:54:36] INFO (nni/MainThread) Intermediate result: 0.7995965730814877  (Index 138)
-----------------ETPA RESULT-------------------
Epoch 69: Validation	rmse: 14.98	mae: 11.69	mape: 77.93%	acc@10: 52.94%	acc@20: 82.34%	acc@30: 94.35%	
[2023-12-16 09:54:36] INFO (nni/MainThread) Intermediate result: 14.979458872844981  (Index 139)
*** Epoch: 70 ***
-----------------G2R RESULT-------------------

val result: krc:0.821 | lsd:0.556 | ed:0.845 | hr@1:0.71 | hr@2:0.886 | hr@3:0.927 | acc@1:0.71 | acc@2:0.652 | acc@3:0.619 | Best krc: 0.825 | Best epoch: 67
[2023-12-16 09:55:01] INFO (nni/MainThread) Intermediate result: 0.8205665283234149  (Index 140)
-----------------ETPA RESULT-------------------
Epoch 70: Validation	rmse: 14.96	mae: 11.67	mape: 77.77%	acc@10: 52.98%	acc@20: 82.42%	acc@30: 94.39%	
[2023-12-16 09:55:01] INFO (nni/MainThread) Intermediate result: 14.9557537523359  (Index 141)
*** Epoch: 71 ***
-----------------G2R RESULT-------------------

val result: krc:0.822 | lsd:0.555 | ed:0.855 | hr@1:0.712 | hr@2:0.888 | hr@3:0.927 | acc@1:0.712 | acc@2:0.652 | acc@3:0.621 | Best krc: 0.825 | Best epoch: 67
[2023-12-16 09:55:26] INFO (nni/MainThread) Intermediate result: 0.8222435903502803  (Index 142)
-----------------ETPA RESULT-------------------
Epoch 71: Validation	rmse: 14.93	mae: 11.65	mape: 77.53%	acc@10: 53.03%	acc@20: 82.44%	acc@30: 94.42%	
[2023-12-16 09:55:26] INFO (nni/MainThread) Intermediate result: 14.934931571175618  (Index 143)
*** Epoch: 72 ***
-----------------G2R RESULT-------------------

val result: krc:0.82 | lsd:0.56 | ed:0.859 | hr@1:0.713 | hr@2:0.886 | hr@3:0.925 | acc@1:0.713 | acc@2:0.654 | acc@3:0.619 | Best krc: 0.825 | Best epoch: 67
[2023-12-16 09:55:51] INFO (nni/MainThread) Intermediate result: 0.8204883066535886  (Index 144)
-----------------ETPA RESULT-------------------
Epoch 72: Validation	rmse: 14.93	mae: 11.65	mape: 77.53%	acc@10: 53.02%	acc@20: 82.44%	acc@30: 94.42%	
[2023-12-16 09:55:51] INFO (nni/MainThread) Intermediate result: 14.928328212667148  (Index 145)
*** Epoch: 73 ***
-----------------G2R RESULT-------------------

val result: krc:0.825 | lsd:0.527 | ed:0.837 | hr@1:0.719 | hr@2:0.891 | hr@3:0.93 | acc@1:0.719 | acc@2:0.657 | acc@3:0.624 | Best krc: 0.825 | Best epoch: 67
best model saved
[2023-12-16 09:56:17] INFO (nni/MainThread) Intermediate result: 0.8251151863569878  (Index 146)
-----------------ETPA RESULT-------------------
Epoch 73: Validation	rmse: 14.92	mae: 11.64	mape: 77.3%	acc@10: 53.07%	acc@20: 82.44%	acc@30: 94.42%	
[2023-12-16 09:56:17] INFO (nni/MainThread) Intermediate result: 14.921931890958097  (Index 147)
*** Epoch: 74 ***
-----------------G2R RESULT-------------------

val result: krc:0.825 | lsd:0.522 | ed:0.833 | hr@1:0.723 | hr@2:0.891 | hr@3:0.93 | acc@1:0.723 | acc@2:0.659 | acc@3:0.625 | Best krc: 0.825 | Best epoch: 73
best model saved
[2023-12-16 09:56:43] INFO (nni/MainThread) Intermediate result: 0.8252486437269997  (Index 148)
-----------------ETPA RESULT-------------------
Epoch 74: Validation	rmse: 14.9	mae: 11.62	mape: 77.03%	acc@10: 53.15%	acc@20: 82.49%	acc@30: 94.43%	
[2023-12-16 09:56:43] INFO (nni/MainThread) Intermediate result: 14.904530659927305  (Index 149)
*** Epoch: 75 ***
-----------------G2R RESULT-------------------

val result: krc:0.827 | lsd:0.52 | ed:0.834 | hr@1:0.726 | hr@2:0.891 | hr@3:0.929 | acc@1:0.726 | acc@2:0.661 | acc@3:0.625 | Best krc: 0.825 | Best epoch: 74
best model saved
[2023-12-16 09:57:09] INFO (nni/MainThread) Intermediate result: 0.826986114987864  (Index 150)
-----------------ETPA RESULT-------------------
Epoch 75: Validation	rmse: 14.89	mae: 11.61	mape: 76.77%	acc@10: 53.21%	acc@20: 82.53%	acc@30: 94.46%	
[2023-12-16 09:57:09] INFO (nni/MainThread) Intermediate result: 14.889496119389124  (Index 151)
*** Epoch: 76 ***
-----------------G2R RESULT-------------------

val result: krc:0.821 | lsd:0.553 | ed:0.844 | hr@1:0.715 | hr@2:0.887 | hr@3:0.926 | acc@1:0.715 | acc@2:0.655 | acc@3:0.62 | Best krc: 0.827 | Best epoch: 75
[2023-12-16 09:57:34] INFO (nni/MainThread) Intermediate result: 0.8206514934805271  (Index 152)
-----------------ETPA RESULT-------------------
Epoch 76: Validation	rmse: 14.87	mae: 11.59	mape: 76.58%	acc@10: 53.27%	acc@20: 82.6%	acc@30: 94.49%	
[2023-12-16 09:57:34] INFO (nni/MainThread) Intermediate result: 14.868280803369432  (Index 153)
*** Epoch: 77 ***
-----------------G2R RESULT-------------------

val result: krc:0.825 | lsd:0.516 | ed:0.841 | hr@1:0.722 | hr@2:0.887 | hr@3:0.93 | acc@1:0.722 | acc@2:0.657 | acc@3:0.623 | Best krc: 0.827 | Best epoch: 75
[2023-12-16 09:58:00] INFO (nni/MainThread) Intermediate result: 0.8248221942756268  (Index 154)
-----------------ETPA RESULT-------------------
Epoch 77: Validation	rmse: 14.85	mae: 11.58	mape: 76.43%	acc@10: 53.3%	acc@20: 82.63%	acc@30: 94.52%	
[2023-12-16 09:58:00] INFO (nni/MainThread) Intermediate result: 14.852314066953717  (Index 155)
*** Epoch: 78 ***
-----------------G2R RESULT-------------------

val result: krc:0.828 | lsd:0.538 | ed:0.832 | hr@1:0.724 | hr@2:0.887 | hr@3:0.928 | acc@1:0.724 | acc@2:0.661 | acc@3:0.627 | Best krc: 0.827 | Best epoch: 75
best model saved
[2023-12-16 09:58:26] INFO (nni/MainThread) Intermediate result: 0.8277956133487396  (Index 156)
-----------------ETPA RESULT-------------------
Epoch 78: Validation	rmse: 14.84	mae: 11.57	mape: 76.27%	acc@10: 53.35%	acc@20: 82.62%	acc@30: 94.54%	
[2023-12-16 09:58:26] INFO (nni/MainThread) Intermediate result: 14.840482678297205  (Index 157)
*** Epoch: 79 ***
-----------------G2R RESULT-------------------

val result: krc:0.829 | lsd:0.523 | ed:0.822 | hr@1:0.725 | hr@2:0.885 | hr@3:0.929 | acc@1:0.725 | acc@2:0.662 | acc@3:0.631 | Best krc: 0.828 | Best epoch: 78
best model saved
[2023-12-16 09:58:52] INFO (nni/MainThread) Intermediate result: 0.8288224289273698  (Index 158)
-----------------ETPA RESULT-------------------
Epoch 79: Validation	rmse: 14.82	mae: 11.55	mape: 76.08%	acc@10: 53.41%	acc@20: 82.7%	acc@30: 94.57%	
[2023-12-16 09:58:52] INFO (nni/MainThread) Intermediate result: 14.819556169848804  (Index 159)
*** Epoch: 80 ***
-----------------G2R RESULT-------------------

val result: krc:0.802 | lsd:0.574 | ed:0.915 | hr@1:0.701 | hr@2:0.883 | hr@3:0.918 | acc@1:0.701 | acc@2:0.633 | acc@3:0.592 | Best krc: 0.829 | Best epoch: 79
[2023-12-16 09:59:17] INFO (nni/MainThread) Intermediate result: 0.8023857070555801  (Index 160)
-----------------ETPA RESULT-------------------
Epoch 80: Validation	rmse: 14.8	mae: 11.54	mape: 75.98%	acc@10: 53.47%	acc@20: 82.77%	acc@30: 94.61%	
[2023-12-16 09:59:17] INFO (nni/MainThread) Intermediate result: 14.797644987072795  (Index 161)
*** Epoch: 81 ***
-----------------G2R RESULT-------------------

val result: krc:0.827 | lsd:0.533 | ed:0.832 | hr@1:0.721 | hr@2:0.889 | hr@3:0.93 | acc@1:0.721 | acc@2:0.66 | acc@3:0.629 | Best krc: 0.829 | Best epoch: 79
[2023-12-16 09:59:42] INFO (nni/MainThread) Intermediate result: 0.8265457546874249  (Index 162)
-----------------ETPA RESULT-------------------
Epoch 81: Validation	rmse: 14.79	mae: 11.54	mape: 75.99%	acc@10: 53.46%	acc@20: 82.75%	acc@30: 94.63%	
[2023-12-16 09:59:42] INFO (nni/MainThread) Intermediate result: 14.79058730097308  (Index 163)
*** Epoch: 82 ***
-----------------G2R RESULT-------------------

val result: krc:0.83 | lsd:0.522 | ed:0.825 | hr@1:0.732 | hr@2:0.891 | hr@3:0.93 | acc@1:0.732 | acc@2:0.668 | acc@3:0.633 | Best krc: 0.829 | Best epoch: 79
best model saved
[2023-12-16 10:00:09] INFO (nni/MainThread) Intermediate result: 0.8304275403619523  (Index 164)
-----------------ETPA RESULT-------------------
Epoch 82: Validation	rmse: 14.77	mae: 11.52	mape: 75.85%	acc@10: 53.49%	acc@20: 82.81%	acc@30: 94.66%	
[2023-12-16 10:00:09] INFO (nni/MainThread) Intermediate result: 14.771167759027724  (Index 165)
*** Epoch: 83 ***
-----------------G2R RESULT-------------------

val result: krc:0.825 | lsd:0.516 | ed:0.848 | hr@1:0.728 | hr@2:0.887 | hr@3:0.93 | acc@1:0.728 | acc@2:0.656 | acc@3:0.623 | Best krc: 0.83 | Best epoch: 82
[2023-12-16 10:00:34] INFO (nni/MainThread) Intermediate result: 0.8250181585730341  (Index 166)
-----------------ETPA RESULT-------------------
Epoch 83: Validation	rmse: 14.76	mae: 11.52	mape: 75.88%	acc@10: 53.49%	acc@20: 82.82%	acc@30: 94.69%	
[2023-12-16 10:00:34] INFO (nni/MainThread) Intermediate result: 14.764376361517915  (Index 167)
*** Epoch: 84 ***
-----------------G2R RESULT-------------------

val result: krc:0.83 | lsd:0.532 | ed:0.817 | hr@1:0.726 | hr@2:0.887 | hr@3:0.928 | acc@1:0.726 | acc@2:0.666 | acc@3:0.634 | Best krc: 0.83 | Best epoch: 82
[2023-12-16 10:01:00] INFO (nni/MainThread) Intermediate result: 0.8297607602198769  (Index 168)
-----------------ETPA RESULT-------------------
Epoch 84: Validation	rmse: 14.75	mae: 11.52	mape: 75.84%	acc@10: 53.47%	acc@20: 82.87%	acc@30: 94.71%	
[2023-12-16 10:01:00] INFO (nni/MainThread) Intermediate result: 14.749875672207068  (Index 169)
*** Epoch: 85 ***
-----------------G2R RESULT-------------------

val result: krc:0.828 | lsd:0.512 | ed:0.825 | hr@1:0.728 | hr@2:0.892 | hr@3:0.932 | acc@1:0.728 | acc@2:0.662 | acc@3:0.63 | Best krc: 0.83 | Best epoch: 82
[2023-12-16 10:01:26] INFO (nni/MainThread) Intermediate result: 0.828446687808297  (Index 170)
-----------------ETPA RESULT-------------------
Epoch 85: Validation	rmse: 14.73	mae: 11.5	mape: 75.71%	acc@10: 53.47%	acc@20: 82.93%	acc@30: 94.74%	
[2023-12-16 10:01:26] INFO (nni/MainThread) Intermediate result: 14.73210272026675  (Index 171)
*** Epoch: 86 ***
-----------------G2R RESULT-------------------

val result: krc:0.825 | lsd:0.583 | ed:0.842 | hr@1:0.721 | hr@2:0.889 | hr@3:0.926 | acc@1:0.721 | acc@2:0.661 | acc@3:0.625 | Best krc: 0.83 | Best epoch: 82
[2023-12-16 10:01:52] INFO (nni/MainThread) Intermediate result: 0.8252741457638703  (Index 172)
-----------------ETPA RESULT-------------------
Epoch 86: Validation	rmse: 14.72	mae: 11.49	mape: 75.52%	acc@10: 53.55%	acc@20: 82.98%	acc@30: 94.76%	
[2023-12-16 10:01:52] INFO (nni/MainThread) Intermediate result: 14.715578378868024  (Index 173)
*** Epoch: 87 ***
-----------------G2R RESULT-------------------

val result: krc:0.822 | lsd:0.557 | ed:0.862 | hr@1:0.716 | hr@2:0.887 | hr@3:0.927 | acc@1:0.716 | acc@2:0.653 | acc@3:0.617 | Best krc: 0.83 | Best epoch: 82
[2023-12-16 10:02:18] INFO (nni/MainThread) Intermediate result: 0.8222439899571512  (Index 174)
-----------------ETPA RESULT-------------------
Epoch 87: Validation	rmse: 14.7	mae: 11.48	mape: 75.36%	acc@10: 53.6%	acc@20: 83.01%	acc@30: 94.78%	
[2023-12-16 10:02:18] INFO (nni/MainThread) Intermediate result: 14.699127318304837  (Index 175)
*** Epoch: 88 ***
-----------------G2R RESULT-------------------

val result: krc:0.798 | lsd:0.569 | ed:0.955 | hr@1:0.692 | hr@2:0.882 | hr@3:0.923 | acc@1:0.692 | acc@2:0.617 | acc@3:0.579 | Best krc: 0.83 | Best epoch: 82
[2023-12-16 10:02:43] INFO (nni/MainThread) Intermediate result: 0.797682086007403  (Index 176)
-----------------ETPA RESULT-------------------
Epoch 88: Validation	rmse: 14.68	mae: 11.46	mape: 75.2%	acc@10: 53.67%	acc@20: 83.08%	acc@30: 94.81%	
[2023-12-16 10:02:43] INFO (nni/MainThread) Intermediate result: 14.680227460146611  (Index 177)
*** Epoch: 89 ***
-----------------G2R RESULT-------------------

val result: krc:0.824 | lsd:0.557 | ed:0.848 | hr@1:0.723 | hr@2:0.89 | hr@3:0.929 | acc@1:0.723 | acc@2:0.661 | acc@3:0.627 | Best krc: 0.83 | Best epoch: 82
[2023-12-16 10:03:13] INFO (nni/MainThread) Intermediate result: 0.8242729034071405  (Index 178)
-----------------ETPA RESULT-------------------
Epoch 89: Validation	rmse: 14.67	mae: 11.45	mape: 75.1%	acc@10: 53.72%	acc@20: 83.09%	acc@30: 94.83%	
[2023-12-16 10:03:13] INFO (nni/MainThread) Intermediate result: 14.670000603905883  (Index 179)
*** Epoch: 90 ***
-----------------G2R RESULT-------------------

val result: krc:0.83 | lsd:0.521 | ed:0.838 | hr@1:0.728 | hr@2:0.887 | hr@3:0.929 | acc@1:0.728 | acc@2:0.663 | acc@3:0.629 | Best krc: 0.83 | Best epoch: 82
[2023-12-16 10:03:39] INFO (nni/MainThread) Intermediate result: 0.8295549037918956  (Index 180)
-----------------ETPA RESULT-------------------
Epoch 90: Validation	rmse: 14.65	mae: 11.44	mape: 75.03%	acc@10: 53.73%	acc@20: 83.15%	acc@30: 94.85%	
[2023-12-16 10:03:39] INFO (nni/MainThread) Intermediate result: 14.653474854973622  (Index 181)
*** Epoch: 91 ***
-----------------G2R RESULT-------------------

val result: krc:0.83 | lsd:0.524 | ed:0.834 | hr@1:0.723 | hr@2:0.889 | hr@3:0.93 | acc@1:0.723 | acc@2:0.661 | acc@3:0.63 | Best krc: 0.83 | Best epoch: 82
[2023-12-16 10:04:05] INFO (nni/MainThread) Intermediate result: 0.8302945049250252  (Index 182)
-----------------ETPA RESULT-------------------
Epoch 91: Validation	rmse: 14.65	mae: 11.44	mape: 74.91%	acc@10: 53.77%	acc@20: 83.16%	acc@30: 94.87%	
[2023-12-16 10:04:05] INFO (nni/MainThread) Intermediate result: 14.646637633473835  (Index 183)
*** Epoch: 92 ***
-----------------G2R RESULT-------------------

val result: krc:0.829 | lsd:0.535 | ed:0.832 | hr@1:0.721 | hr@2:0.891 | hr@3:0.93 | acc@1:0.721 | acc@2:0.662 | acc@3:0.628 | Best krc: 0.83 | Best epoch: 82
[2023-12-16 10:04:31] INFO (nni/MainThread) Intermediate result: 0.8287035761368948  (Index 184)
-----------------ETPA RESULT-------------------
Epoch 92: Validation	rmse: 14.64	mae: 11.43	mape: 74.9%	acc@10: 53.76%	acc@20: 83.19%	acc@30: 94.89%	
[2023-12-16 10:04:31] INFO (nni/MainThread) Intermediate result: 14.636876558695851  (Index 185)
loaded model path: /home/sentanoe/joint_training/data/dataset/food_pd/sort_model/hidden_size-8.gcnru-pd_1702715187.96324681702715187.9632595
best model loaded !!!
krc:0.829 | lsd:0.385 | ed:0.821 | hr@1:0.733 | hr@2:0.921 | hr@3:0.951 | acc@1:0.733 | acc@2:0.676 | acc@3:0.634 |

-------------------------------------------------------------
Best epoch for G2R:  82
Best epoch for ETPA:  92
graph2route_pd Evaluation in test: krc:0.829 | lsd:0.385 | ed:0.821 | hr@1:0.733 | hr@2:0.921 | hr@3:0.951 | acc@1:0.733 | acc@2:0.676 | acc@3:0.634 |
RankPETA Evaluation in test: rmse: 11.73	mae: 9.12	mape: 85.57%	acc@10: 64.14%	acc@20: 91.98%	acc@30: 98.31%	
