Device:  cuda
{'alpha_loss': 0.5,
 'batch_size': 64,
 'dataset': 'food_pd',
 'datatype': 'order',
 'device': device(type='cuda'),
 'early_stop': 20,
 'edge_fea_dim': 5,
 'embedding_dim': 32,
 'eval_end_1': 11,
 'eval_end_2': 25,
 'eval_start': 1,
 'gcn_num_layers': 2,
 'hidden_size': 8,
 'is_eval': False,
 'is_test': False,
 'k_min_nodes': 3,
 'k_nearest_neighbors': 'n-1',
 'lr': 0.001,
 'max_task_num': 25,
 'min_task_num': 0,
 'modelArrivalTime': 'RankPETA',
 'modelRoute': 'graph2route_pd',
 'no_cuda': False,
 'node_fea_dim': 8,
 'node_features_test': '/home/sentanoe/joint_training/data/dataset/food_pd/node_features_test_full.npy',
 'node_features_train': '/home/sentanoe/joint_training/data/dataset/food_pd/node_features_train_full.npy',
 'node_features_val': '/home/sentanoe/joint_training/data/dataset/food_pd/node_features_val_full.npy',
 'num_block': 4,
 'num_epoch': 1000,
 'num_head': 2,
 'num_worker_logistics': 2346,
 'num_worker_pd': 920,
 'pad_value': 26,
 'seed': 1999,
 'sort_mode': 'true_idx',
 'spatial_encoder': 'gatv2',
 'temporal_encoder': 'tft',
 'test_path': '/home/sentanoe/joint_training/data/dataset/food_pd/test_full.npy',
 'train_mode': 'sort',
 'train_path': '/home/sentanoe/joint_training/data/dataset/food_pd/train_full.npy',
 'val_path': '/home/sentanoe/joint_training/data/dataset/food_pd/val_full.npy',
 'wd': 1e-05,
 'worker_emb_dim': 10,
 'workers': 2}
last_x_size:13;unpick_x_size:12;input_size:38
#train:2521 | #val:1257 | #test:1261
*** Epoch: 0 ***
-----------------G2R RESULT-------------------

val result: krc:0.719 | lsd:0.861 | ed:1.168 | hr@1:0.614 | hr@2:0.839 | hr@3:0.884 | acc@1:0.614 | acc@2:0.545 | acc@3:0.486 | Best krc: -1 | Best epoch: -1
best model saved
[2023-11-29 15:01:35] INFO (nni/MainThread) Intermediate result: 0.7191967785408976  (Index 0)
-----------------ETPA RESULT-------------------
Epoch 0: Validation	rmse: 44.81	mae: 39.53	mape: 81.26%	acc@10: 3.12%	acc@20: 12.5%	acc@30: 37.5%	
[2023-11-29 15:01:35] INFO (nni/MainThread) Intermediate result: 44.80894364592924  (Index 1)
*** Epoch: 1 ***
-----------------G2R RESULT-------------------

val result: krc:0.733 | lsd:0.775 | ed:1.128 | hr@1:0.62 | hr@2:0.85 | hr@3:0.894 | acc@1:0.62 | acc@2:0.56 | acc@3:0.504 | Best krc: 0.719 | Best epoch: 0
best model saved
[2023-11-29 15:03:23] INFO (nni/MainThread) Intermediate result: 0.7330926137135145  (Index 2)
-----------------ETPA RESULT-------------------
Epoch 1: Validation	rmse: 38.36	mae: 31.77	mape: 63.88%	acc@10: 15.62%	acc@20: 31.25%	acc@30: 51.56%	
[2023-11-29 15:03:23] INFO (nni/MainThread) Intermediate result: 38.355621576722086  (Index 3)
*** Epoch: 2 ***
-----------------G2R RESULT-------------------

val result: krc:0.765 | lsd:0.734 | ed:1.0 | hr@1:0.633 | hr@2:0.859 | hr@3:0.905 | acc@1:0.633 | acc@2:0.579 | acc@3:0.54 | Best krc: 0.733 | Best epoch: 1
best model saved
[2023-11-29 15:05:10] INFO (nni/MainThread) Intermediate result: 0.7654375875626422  (Index 4)
-----------------ETPA RESULT-------------------
Epoch 2: Validation	rmse: 34.53	mae: 27.67	mape: 57.11%	acc@10: 20.83%	acc@20: 39.58%	acc@30: 63.54%	
[2023-11-29 15:05:10] INFO (nni/MainThread) Intermediate result: 34.53402716988587  (Index 5)
*** Epoch: 3 ***
-----------------G2R RESULT-------------------

val result: krc:0.771 | lsd:0.678 | ed:0.976 | hr@1:0.637 | hr@2:0.858 | hr@3:0.905 | acc@1:0.637 | acc@2:0.588 | acc@3:0.553 | Best krc: 0.765 | Best epoch: 2
best model saved
[2023-11-29 15:06:59] INFO (nni/MainThread) Intermediate result: 0.7705075008879118  (Index 6)
-----------------ETPA RESULT-------------------
Epoch 3: Validation	rmse: 32.68	mae: 25.58	mape: 53.02%	acc@10: 24.22%	acc@20: 47.66%	acc@30: 67.97%	
[2023-11-29 15:06:59] INFO (nni/MainThread) Intermediate result: 32.679946109047755  (Index 7)
*** Epoch: 4 ***
-----------------G2R RESULT-------------------

val result: krc:0.773 | lsd:0.707 | ed:0.974 | hr@1:0.645 | hr@2:0.859 | hr@3:0.906 | acc@1:0.645 | acc@2:0.588 | acc@3:0.55 | Best krc: 0.771 | Best epoch: 3
best model saved
[2023-11-29 15:08:46] INFO (nni/MainThread) Intermediate result: 0.7732203423064812  (Index 8)
-----------------ETPA RESULT-------------------
Epoch 4: Validation	rmse: 30.91	mae: 23.72	mape: 49.33%	acc@10: 27.5%	acc@20: 54.37%	acc@30: 71.88%	
[2023-11-29 15:08:46] INFO (nni/MainThread) Intermediate result: 30.913307889667674  (Index 9)
*** Epoch: 5 ***
-----------------G2R RESULT-------------------

val result: krc:0.767 | lsd:0.712 | ed:0.984 | hr@1:0.636 | hr@2:0.855 | hr@3:0.909 | acc@1:0.636 | acc@2:0.577 | acc@3:0.546 | Best krc: 0.773 | Best epoch: 4
[2023-11-29 15:10:33] INFO (nni/MainThread) Intermediate result: 0.7665321179007232  (Index 10)
-----------------ETPA RESULT-------------------
Epoch 5: Validation	rmse: 29.29	mae: 22.21	mape: 45.94%	acc@10: 31.77%	acc@20: 59.38%	acc@30: 75.52%	
[2023-11-29 15:10:33] INFO (nni/MainThread) Intermediate result: 29.285407383320177  (Index 11)
*** Epoch: 6 ***
-----------------G2R RESULT-------------------

val result: krc:0.761 | lsd:0.725 | ed:1.025 | hr@1:0.625 | hr@2:0.861 | hr@3:0.906 | acc@1:0.625 | acc@2:0.572 | acc@3:0.534 | Best krc: 0.773 | Best epoch: 4
[2023-11-29 15:12:21] INFO (nni/MainThread) Intermediate result: 0.7609811804739658  (Index 12)
-----------------ETPA RESULT-------------------
Epoch 6: Validation	rmse: 28.43	mae: 21.39	mape: 44.77%	acc@10: 33.04%	acc@20: 61.16%	acc@30: 77.23%	
[2023-11-29 15:12:21] INFO (nni/MainThread) Intermediate result: 28.430010357852176  (Index 13)
*** Epoch: 7 ***
-----------------G2R RESULT-------------------

val result: krc:0.76 | lsd:0.705 | ed:1.018 | hr@1:0.627 | hr@2:0.858 | hr@3:0.909 | acc@1:0.627 | acc@2:0.569 | acc@3:0.531 | Best krc: 0.773 | Best epoch: 4
[2023-11-29 15:14:10] INFO (nni/MainThread) Intermediate result: 0.760301108469014  (Index 14)
-----------------ETPA RESULT-------------------
Epoch 7: Validation	rmse: 27.66	mae: 20.58	mape: 43.44%	acc@10: 34.38%	acc@20: 63.28%	acc@30: 79.3%	
[2023-11-29 15:14:10] INFO (nni/MainThread) Intermediate result: 27.664928568187538  (Index 15)
*** Epoch: 8 ***
-----------------G2R RESULT-------------------

val result: krc:0.77 | lsd:0.693 | ed:0.983 | hr@1:0.642 | hr@2:0.859 | hr@3:0.91 | acc@1:0.642 | acc@2:0.586 | acc@3:0.551 | Best krc: 0.773 | Best epoch: 4
[2023-11-29 15:15:56] INFO (nni/MainThread) Intermediate result: 0.7695317214162865  (Index 16)
-----------------ETPA RESULT-------------------
Epoch 8: Validation	rmse: 26.75	mae: 19.82	mape: 41.99%	acc@10: 35.42%	acc@20: 65.28%	acc@30: 80.56%	
[2023-11-29 15:15:56] INFO (nni/MainThread) Intermediate result: 26.752571924201543  (Index 17)
*** Epoch: 9 ***
-----------------G2R RESULT-------------------

val result: krc:0.766 | lsd:0.695 | ed:0.995 | hr@1:0.652 | hr@2:0.859 | hr@3:0.909 | acc@1:0.652 | acc@2:0.588 | acc@3:0.548 | Best krc: 0.773 | Best epoch: 4
[2023-11-29 15:17:42] INFO (nni/MainThread) Intermediate result: 0.7664928360599546  (Index 18)
-----------------ETPA RESULT-------------------
Epoch 9: Validation	rmse: 25.96	mae: 19.16	mape: 40.66%	acc@10: 37.19%	acc@20: 66.88%	acc@30: 81.88%	
[2023-11-29 15:17:42] INFO (nni/MainThread) Intermediate result: 25.95526797241957  (Index 19)
*** Epoch: 10 ***
-----------------G2R RESULT-------------------

val result: krc:0.776 | lsd:0.681 | ed:0.991 | hr@1:0.648 | hr@2:0.861 | hr@3:0.916 | acc@1:0.648 | acc@2:0.585 | acc@3:0.554 | Best krc: 0.773 | Best epoch: 4
best model saved
[2023-11-29 15:19:32] INFO (nni/MainThread) Intermediate result: 0.7762096440539816  (Index 20)
-----------------ETPA RESULT-------------------
Epoch 10: Validation	rmse: 25.38	mae: 18.73	mape: 39.86%	acc@10: 38.07%	acc@20: 67.61%	acc@30: 82.95%	
[2023-11-29 15:19:32] INFO (nni/MainThread) Intermediate result: 25.38311141649807  (Index 21)
*** Epoch: 11 ***
-----------------G2R RESULT-------------------

val result: krc:0.784 | lsd:0.678 | ed:0.973 | hr@1:0.672 | hr@2:0.862 | hr@3:0.909 | acc@1:0.672 | acc@2:0.607 | acc@3:0.563 | Best krc: 0.776 | Best epoch: 10
best model saved
[2023-11-29 15:21:20] INFO (nni/MainThread) Intermediate result: 0.7843652113000602  (Index 22)
-----------------ETPA RESULT-------------------
Epoch 11: Validation	rmse: 24.92	mae: 18.35	mape: 39.1%	acc@10: 39.06%	acc@20: 68.49%	acc@30: 83.85%	
[2023-11-29 15:21:20] INFO (nni/MainThread) Intermediate result: 24.91716054278889  (Index 23)
*** Epoch: 12 ***
-----------------G2R RESULT-------------------

val result: krc:0.788 | lsd:0.668 | ed:0.975 | hr@1:0.686 | hr@2:0.864 | hr@3:0.917 | acc@1:0.686 | acc@2:0.607 | acc@3:0.568 | Best krc: 0.784 | Best epoch: 11
best model saved
[2023-11-29 15:23:08] INFO (nni/MainThread) Intermediate result: 0.7880653476630738  (Index 24)
-----------------ETPA RESULT-------------------
Epoch 12: Validation	rmse: 24.74	mae: 18.28	mape: 38.91%	acc@10: 38.46%	acc@20: 68.27%	acc@30: 83.65%	
[2023-11-29 15:23:08] INFO (nni/MainThread) Intermediate result: 24.74150566491012  (Index 25)
*** Epoch: 13 ***
-----------------G2R RESULT-------------------

val result: krc:0.779 | lsd:0.685 | ed:0.971 | hr@1:0.654 | hr@2:0.868 | hr@3:0.915 | acc@1:0.654 | acc@2:0.595 | acc@3:0.559 | Best krc: 0.788 | Best epoch: 12
[2023-11-29 15:24:55] INFO (nni/MainThread) Intermediate result: 0.7792473826841994  (Index 26)
-----------------ETPA RESULT-------------------
Epoch 13: Validation	rmse: 24.46	mae: 18.08	mape: 38.6%	acc@10: 39.06%	acc@20: 67.86%	acc@30: 84.38%	
[2023-11-29 15:24:55] INFO (nni/MainThread) Intermediate result: 24.458150922507347  (Index 27)
*** Epoch: 14 ***
-----------------G2R RESULT-------------------

val result: krc:0.795 | lsd:0.647 | ed:0.931 | hr@1:0.7 | hr@2:0.863 | hr@3:0.911 | acc@1:0.7 | acc@2:0.626 | acc@3:0.586 | Best krc: 0.788 | Best epoch: 12
best model saved
[2023-11-29 15:26:44] INFO (nni/MainThread) Intermediate result: 0.7954767792896346  (Index 28)
-----------------ETPA RESULT-------------------
Epoch 14: Validation	rmse: 24.1	mae: 17.82	mape: 38.17%	acc@10: 39.17%	acc@20: 68.75%	acc@30: 85.0%	
[2023-11-29 15:26:44] INFO (nni/MainThread) Intermediate result: 24.104327160495597  (Index 29)
*** Epoch: 15 ***
-----------------G2R RESULT-------------------

val result: krc:0.795 | lsd:0.64 | ed:0.936 | hr@1:0.677 | hr@2:0.867 | hr@3:0.915 | acc@1:0.677 | acc@2:0.61 | acc@3:0.573 | Best krc: 0.795 | Best epoch: 14
[2023-11-29 15:28:30] INFO (nni/MainThread) Intermediate result: 0.7953044966337489  (Index 30)
-----------------ETPA RESULT-------------------
Epoch 15: Validation	rmse: 23.72	mae: 17.53	mape: 37.78%	acc@10: 39.45%	acc@20: 69.92%	acc@30: 85.55%	
[2023-11-29 15:28:30] INFO (nni/MainThread) Intermediate result: 23.724762270905835  (Index 31)
*** Epoch: 16 ***
-----------------G2R RESULT-------------------

val result: krc:0.789 | lsd:0.647 | ed:0.937 | hr@1:0.678 | hr@2:0.868 | hr@3:0.916 | acc@1:0.678 | acc@2:0.617 | acc@3:0.578 | Best krc: 0.795 | Best epoch: 14
[2023-11-29 15:30:19] INFO (nni/MainThread) Intermediate result: 0.789136720540306  (Index 32)
-----------------ETPA RESULT-------------------
Epoch 16: Validation	rmse: 23.44	mae: 17.36	mape: 37.44%	acc@10: 39.34%	acc@20: 70.22%	acc@30: 86.03%	
[2023-11-29 15:30:19] INFO (nni/MainThread) Intermediate result: 23.442293945324618  (Index 33)
*** Epoch: 17 ***
-----------------G2R RESULT-------------------

val result: krc:0.784 | lsd:0.642 | ed:0.962 | hr@1:0.662 | hr@2:0.869 | hr@3:0.915 | acc@1:0.662 | acc@2:0.6 | acc@3:0.564 | Best krc: 0.795 | Best epoch: 14
[2023-11-29 15:32:09] INFO (nni/MainThread) Intermediate result: 0.7843299475306471  (Index 34)
-----------------ETPA RESULT-------------------
Epoch 17: Validation	rmse: 23.24	mae: 17.26	mape: 37.36%	acc@10: 39.41%	acc@20: 70.31%	acc@30: 86.28%	
[2023-11-29 15:32:09] INFO (nni/MainThread) Intermediate result: 23.24210755309974  (Index 35)
*** Epoch: 18 ***
-----------------G2R RESULT-------------------

val result: krc:0.801 | lsd:0.658 | ed:0.909 | hr@1:0.693 | hr@2:0.868 | hr@3:0.916 | acc@1:0.693 | acc@2:0.631 | acc@3:0.593 | Best krc: 0.795 | Best epoch: 14
best model saved
[2023-11-29 15:33:58] INFO (nni/MainThread) Intermediate result: 0.8006972350391677  (Index 36)
-----------------ETPA RESULT-------------------
Epoch 18: Validation	rmse: 23.07	mae: 17.16	mape: 37.18%	acc@10: 39.47%	acc@20: 70.23%	acc@30: 86.68%	
[2023-11-29 15:33:58] INFO (nni/MainThread) Intermediate result: 23.065677517055118  (Index 37)
*** Epoch: 19 ***
-----------------G2R RESULT-------------------

val result: krc:0.789 | lsd:0.683 | ed:0.958 | hr@1:0.687 | hr@2:0.868 | hr@3:0.912 | acc@1:0.687 | acc@2:0.612 | acc@3:0.571 | Best krc: 0.801 | Best epoch: 18
[2023-11-29 15:35:46] INFO (nni/MainThread) Intermediate result: 0.7892644222771027  (Index 38)
-----------------ETPA RESULT-------------------
Epoch 19: Validation	rmse: 22.92	mae: 17.06	mape: 36.97%	acc@10: 39.69%	acc@20: 70.31%	acc@30: 86.88%	
[2023-11-29 15:35:46] INFO (nni/MainThread) Intermediate result: 22.917814510424588  (Index 39)
*** Epoch: 20 ***
-----------------G2R RESULT-------------------

val result: krc:0.782 | lsd:0.669 | ed:0.966 | hr@1:0.673 | hr@2:0.869 | hr@3:0.917 | acc@1:0.673 | acc@2:0.601 | acc@3:0.569 | Best krc: 0.801 | Best epoch: 18
[2023-11-29 15:37:33] INFO (nni/MainThread) Intermediate result: 0.7815056957164521  (Index 40)
-----------------ETPA RESULT-------------------
Epoch 20: Validation	rmse: 22.7	mae: 16.93	mape: 36.76%	acc@10: 39.88%	acc@20: 70.39%	acc@30: 87.2%	
[2023-11-29 15:37:33] INFO (nni/MainThread) Intermediate result: 22.698955961775752  (Index 41)
*** Epoch: 21 ***
-----------------G2R RESULT-------------------

val result: krc:0.797 | lsd:0.677 | ed:0.923 | hr@1:0.717 | hr@2:0.865 | hr@3:0.911 | acc@1:0.717 | acc@2:0.633 | acc@3:0.596 | Best krc: 0.801 | Best epoch: 18
[2023-11-29 15:39:23] INFO (nni/MainThread) Intermediate result: 0.7973654676147023  (Index 42)
-----------------ETPA RESULT-------------------
Epoch 21: Validation	rmse: 22.57	mae: 16.87	mape: 36.7%	acc@10: 39.77%	acc@20: 70.45%	acc@30: 87.5%	
[2023-11-29 15:39:23] INFO (nni/MainThread) Intermediate result: 22.570447607518553  (Index 43)
*** Epoch: 22 ***
-----------------G2R RESULT-------------------

val result: krc:0.799 | lsd:0.63 | ed:0.912 | hr@1:0.707 | hr@2:0.871 | hr@3:0.923 | acc@1:0.707 | acc@2:0.634 | acc@3:0.596 | Best krc: 0.801 | Best epoch: 18
[2023-11-29 15:41:11] INFO (nni/MainThread) Intermediate result: 0.7989927632166373  (Index 44)
-----------------ETPA RESULT-------------------
Epoch 22: Validation	rmse: 22.45	mae: 16.83	mape: 36.66%	acc@10: 39.67%	acc@20: 70.38%	acc@30: 87.77%	
[2023-11-29 15:41:11] INFO (nni/MainThread) Intermediate result: 22.44522188038743  (Index 45)
*** Epoch: 23 ***
-----------------G2R RESULT-------------------

val result: krc:0.797 | lsd:0.656 | ed:0.92 | hr@1:0.699 | hr@2:0.871 | hr@3:0.917 | acc@1:0.699 | acc@2:0.63 | acc@3:0.589 | Best krc: 0.801 | Best epoch: 18
[2023-11-29 15:42:59] INFO (nni/MainThread) Intermediate result: 0.7967723833924096  (Index 46)
-----------------ETPA RESULT-------------------
Epoch 23: Validation	rmse: 22.29	mae: 16.74	mape: 36.48%	acc@10: 39.71%	acc@20: 70.44%	acc@30: 88.02%	
[2023-11-29 15:42:59] INFO (nni/MainThread) Intermediate result: 22.294842524493713  (Index 47)
*** Epoch: 24 ***
-----------------G2R RESULT-------------------

val result: krc:0.795 | lsd:0.64 | ed:0.936 | hr@1:0.704 | hr@2:0.868 | hr@3:0.917 | acc@1:0.704 | acc@2:0.624 | acc@3:0.588 | Best krc: 0.801 | Best epoch: 18
[2023-11-29 15:44:52] INFO (nni/MainThread) Intermediate result: 0.7950222887608108  (Index 48)
-----------------ETPA RESULT-------------------
Epoch 24: Validation	rmse: 22.08	mae: 16.59	mape: 36.13%	acc@10: 39.88%	acc@20: 71.0%	acc@30: 88.25%	
[2023-11-29 15:44:52] INFO (nni/MainThread) Intermediate result: 22.076497996846665  (Index 49)
*** Epoch: 25 ***
-----------------G2R RESULT-------------------

val result: krc:0.81 | lsd:0.588 | ed:0.909 | hr@1:0.725 | hr@2:0.878 | hr@3:0.925 | acc@1:0.725 | acc@2:0.645 | acc@3:0.606 | Best krc: 0.801 | Best epoch: 18
best model saved
[2023-11-29 15:46:42] INFO (nni/MainThread) Intermediate result: 0.8099387033798928  (Index 50)
-----------------ETPA RESULT-------------------
Epoch 25: Validation	rmse: 21.92	mae: 16.5	mape: 35.93%	acc@10: 39.9%	acc@20: 71.15%	acc@30: 88.46%	
[2023-11-29 15:46:42] INFO (nni/MainThread) Intermediate result: 21.920627335395015  (Index 51)
*** Epoch: 26 ***
-----------------G2R RESULT-------------------

val result: krc:0.799 | lsd:0.625 | ed:0.903 | hr@1:0.693 | hr@2:0.871 | hr@3:0.919 | acc@1:0.693 | acc@2:0.626 | acc@3:0.586 | Best krc: 0.81 | Best epoch: 25
[2023-11-29 15:48:29] INFO (nni/MainThread) Intermediate result: 0.7993949961680611  (Index 52)
-----------------ETPA RESULT-------------------
Epoch 26: Validation	rmse: 21.84	mae: 16.45	mape: 35.79%	acc@10: 40.16%	acc@20: 71.18%	acc@30: 88.66%	
[2023-11-29 15:48:29] INFO (nni/MainThread) Intermediate result: 21.83673126129094  (Index 53)
*** Epoch: 27 ***
-----------------G2R RESULT-------------------

val result: krc:0.809 | lsd:0.627 | ed:0.898 | hr@1:0.726 | hr@2:0.87 | hr@3:0.921 | acc@1:0.726 | acc@2:0.646 | acc@3:0.607 | Best krc: 0.81 | Best epoch: 25
[2023-11-29 15:50:19] INFO (nni/MainThread) Intermediate result: 0.8091546805232858  (Index 54)
-----------------ETPA RESULT-------------------
Epoch 27: Validation	rmse: 21.64	mae: 16.32	mape: 35.54%	acc@10: 40.29%	acc@20: 71.65%	acc@30: 88.84%	
[2023-11-29 15:50:19] INFO (nni/MainThread) Intermediate result: 21.641593880500814  (Index 55)
*** Epoch: 28 ***
-----------------G2R RESULT-------------------

val result: krc:0.807 | lsd:0.625 | ed:0.882 | hr@1:0.716 | hr@2:0.872 | hr@3:0.922 | acc@1:0.716 | acc@2:0.646 | acc@3:0.61 | Best krc: 0.81 | Best epoch: 25
[2023-11-29 15:52:10] INFO (nni/MainThread) Intermediate result: 0.8065254873387798  (Index 56)
-----------------ETPA RESULT-------------------
Epoch 28: Validation	rmse: 21.53	mae: 16.26	mape: 35.42%	acc@10: 40.3%	acc@20: 71.66%	acc@30: 89.01%	
[2023-11-29 15:52:10] INFO (nni/MainThread) Intermediate result: 21.527221116900577  (Index 57)
*** Epoch: 29 ***
-----------------G2R RESULT-------------------

val result: krc:0.806 | lsd:0.612 | ed:0.891 | hr@1:0.716 | hr@2:0.872 | hr@3:0.921 | acc@1:0.716 | acc@2:0.641 | acc@3:0.604 | Best krc: 0.81 | Best epoch: 25
[2023-11-29 15:53:58] INFO (nni/MainThread) Intermediate result: 0.806084372800595  (Index 58)
-----------------ETPA RESULT-------------------
Epoch 29: Validation	rmse: 21.39	mae: 16.19	mape: 35.28%	acc@10: 40.21%	acc@20: 71.56%	acc@30: 89.06%	
[2023-11-29 15:53:58] INFO (nni/MainThread) Intermediate result: 21.393408577343507  (Index 59)
*** Epoch: 30 ***
-----------------G2R RESULT-------------------

val result: krc:0.807 | lsd:0.633 | ed:0.884 | hr@1:0.726 | hr@2:0.876 | hr@3:0.92 | acc@1:0.726 | acc@2:0.654 | acc@3:0.61 | Best krc: 0.81 | Best epoch: 25
[2023-11-29 15:55:48] INFO (nni/MainThread) Intermediate result: 0.8074381053043056  (Index 60)
-----------------ETPA RESULT-------------------
Epoch 30: Validation	rmse: 21.26	mae: 16.13	mape: 35.18%	acc@10: 40.02%	acc@20: 71.88%	acc@30: 89.21%	
[2023-11-29 15:55:48] INFO (nni/MainThread) Intermediate result: 21.256694338833743  (Index 61)
*** Epoch: 31 ***
-----------------G2R RESULT-------------------

val result: krc:0.807 | lsd:0.607 | ed:0.894 | hr@1:0.717 | hr@2:0.873 | hr@3:0.924 | acc@1:0.717 | acc@2:0.638 | acc@3:0.608 | Best krc: 0.81 | Best epoch: 25
[2023-11-29 15:57:39] INFO (nni/MainThread) Intermediate result: 0.8074648944959394  (Index 62)
-----------------ETPA RESULT-------------------
Epoch 31: Validation	rmse: 21.22	mae: 16.12	mape: 35.16%	acc@10: 40.04%	acc@20: 71.68%	acc@30: 89.16%	
[2023-11-29 15:57:39] INFO (nni/MainThread) Intermediate result: 21.221812744681625  (Index 63)
*** Epoch: 32 ***
-----------------G2R RESULT-------------------

val result: krc:0.805 | lsd:0.598 | ed:0.903 | hr@1:0.708 | hr@2:0.876 | hr@3:0.923 | acc@1:0.708 | acc@2:0.637 | acc@3:0.601 | Best krc: 0.81 | Best epoch: 25
[2023-11-29 15:59:28] INFO (nni/MainThread) Intermediate result: 0.8053674211260569  (Index 64)
-----------------ETPA RESULT-------------------
Epoch 32: Validation	rmse: 21.11	mae: 16.07	mape: 35.07%	acc@10: 39.96%	acc@20: 71.78%	acc@30: 89.3%	
[2023-11-29 15:59:28] INFO (nni/MainThread) Intermediate result: 21.110253795895865  (Index 65)
*** Epoch: 33 ***
-----------------G2R RESULT-------------------

val result: krc:0.808 | lsd:0.584 | ed:0.894 | hr@1:0.701 | hr@2:0.878 | hr@3:0.924 | acc@1:0.701 | acc@2:0.637 | acc@3:0.603 | Best krc: 0.81 | Best epoch: 25
[2023-11-29 16:01:17] INFO (nni/MainThread) Intermediate result: 0.8075424431436675  (Index 66)
-----------------ETPA RESULT-------------------
Epoch 33: Validation	rmse: 20.98	mae: 16.01	mape: 34.98%	acc@10: 39.89%	acc@20: 71.97%	acc@30: 89.43%	
[2023-11-29 16:01:17] INFO (nni/MainThread) Intermediate result: 20.982084606124403  (Index 67)
*** Epoch: 34 ***
-----------------G2R RESULT-------------------

val result: krc:0.805 | lsd:0.61 | ed:0.899 | hr@1:0.713 | hr@2:0.872 | hr@3:0.919 | acc@1:0.713 | acc@2:0.638 | acc@3:0.602 | Best krc: 0.81 | Best epoch: 25
[2023-11-29 16:03:05] INFO (nni/MainThread) Intermediate result: 0.8047918736593855  (Index 68)
-----------------ETPA RESULT-------------------
Epoch 34: Validation	rmse: 20.91	mae: 15.97	mape: 34.89%	acc@10: 40.0%	acc@20: 72.05%	acc@30: 89.55%	
[2023-11-29 16:03:05] INFO (nni/MainThread) Intermediate result: 20.9074910730117  (Index 69)
*** Epoch: 35 ***
-----------------G2R RESULT-------------------

val result: krc:0.786 | lsd:0.664 | ed:0.956 | hr@1:0.68 | hr@2:0.867 | hr@3:0.913 | acc@1:0.68 | acc@2:0.613 | acc@3:0.572 | Best krc: 0.81 | Best epoch: 25
[2023-11-29 16:04:55] INFO (nni/MainThread) Intermediate result: 0.7858037539716594  (Index 70)
-----------------ETPA RESULT-------------------
Epoch 35: Validation	rmse: 20.82	mae: 15.94	mape: 34.85%	acc@10: 39.93%	acc@20: 72.05%	acc@30: 89.67%	
[2023-11-29 16:04:55] INFO (nni/MainThread) Intermediate result: 20.820687560449684  (Index 71)
*** Epoch: 36 ***
-----------------G2R RESULT-------------------

val result: krc:0.808 | lsd:0.594 | ed:0.893 | hr@1:0.728 | hr@2:0.876 | hr@3:0.921 | acc@1:0.728 | acc@2:0.647 | acc@3:0.604 | Best krc: 0.81 | Best epoch: 25
[2023-11-29 16:06:45] INFO (nni/MainThread) Intermediate result: 0.8082902004633531  (Index 72)
-----------------ETPA RESULT-------------------
Epoch 36: Validation	rmse: 20.68	mae: 15.86	mape: 34.71%	acc@10: 39.86%	acc@20: 72.3%	acc@30: 89.78%	
[2023-11-29 16:06:45] INFO (nni/MainThread) Intermediate result: 20.683410027249426  (Index 73)
*** Epoch: 37 ***
-----------------G2R RESULT-------------------

val result: krc:0.805 | lsd:0.606 | ed:0.898 | hr@1:0.72 | hr@2:0.873 | hr@3:0.925 | acc@1:0.72 | acc@2:0.641 | acc@3:0.607 | Best krc: 0.81 | Best epoch: 25
[2023-11-29 16:08:34] INFO (nni/MainThread) Intermediate result: 0.8050780565690928  (Index 74)
-----------------ETPA RESULT-------------------
Epoch 37: Validation	rmse: 20.6	mae: 15.81	mape: 34.61%	acc@10: 39.88%	acc@20: 72.2%	acc@30: 89.88%	
[2023-11-29 16:08:34] INFO (nni/MainThread) Intermediate result: 20.59526777683318  (Index 75)
*** Epoch: 38 ***
-----------------G2R RESULT-------------------

val result: krc:0.815 | lsd:0.615 | ed:0.86 | hr@1:0.727 | hr@2:0.878 | hr@3:0.922 | acc@1:0.727 | acc@2:0.657 | acc@3:0.616 | Best krc: 0.81 | Best epoch: 25
best model saved
[2023-11-29 16:10:22] INFO (nni/MainThread) Intermediate result: 0.8146805381698254  (Index 76)
-----------------ETPA RESULT-------------------
Epoch 38: Validation	rmse: 20.55	mae: 15.78	mape: 34.52%	acc@10: 39.9%	acc@20: 72.28%	acc@30: 89.98%	
[2023-11-29 16:10:22] INFO (nni/MainThread) Intermediate result: 20.547373191079842  (Index 77)
*** Epoch: 39 ***
-----------------G2R RESULT-------------------

val result: krc:0.811 | lsd:0.6 | ed:0.871 | hr@1:0.721 | hr@2:0.877 | hr@3:0.924 | acc@1:0.721 | acc@2:0.649 | acc@3:0.611 | Best krc: 0.815 | Best epoch: 38
[2023-11-29 16:12:09] INFO (nni/MainThread) Intermediate result: 0.810582991317578  (Index 78)
-----------------ETPA RESULT-------------------
Epoch 39: Validation	rmse: 20.47	mae: 15.74	mape: 34.44%	acc@10: 40.08%	acc@20: 72.34%	acc@30: 90.08%	
[2023-11-29 16:12:09] INFO (nni/MainThread) Intermediate result: 20.467208834967174  (Index 79)
*** Epoch: 40 ***
-----------------G2R RESULT-------------------

val result: krc:0.813 | lsd:0.617 | ed:0.874 | hr@1:0.735 | hr@2:0.875 | hr@3:0.922 | acc@1:0.735 | acc@2:0.653 | acc@3:0.613 | Best krc: 0.815 | Best epoch: 38
[2023-11-29 16:13:59] INFO (nni/MainThread) Intermediate result: 0.8133385994076856  (Index 80)
-----------------ETPA RESULT-------------------
Epoch 40: Validation	rmse: 20.37	mae: 15.69	mape: 34.31%	acc@10: 40.09%	acc@20: 72.41%	acc@30: 90.17%	
[2023-11-29 16:13:59] INFO (nni/MainThread) Intermediate result: 20.370202842346934  (Index 81)
*** Epoch: 41 ***
-----------------G2R RESULT-------------------

val result: krc:0.806 | lsd:0.625 | ed:0.896 | hr@1:0.728 | hr@2:0.87 | hr@3:0.917 | acc@1:0.728 | acc@2:0.648 | acc@3:0.607 | Best krc: 0.815 | Best epoch: 38
[2023-11-29 16:15:49] INFO (nni/MainThread) Intermediate result: 0.8062731292901822  (Index 82)
-----------------ETPA RESULT-------------------
Epoch 41: Validation	rmse: 20.37	mae: 15.7	mape: 34.31%	acc@10: 40.03%	acc@20: 72.32%	acc@30: 90.18%	
[2023-11-29 16:15:49] INFO (nni/MainThread) Intermediate result: 20.370727086864857  (Index 83)
*** Epoch: 42 ***
-----------------G2R RESULT-------------------

val result: krc:0.818 | lsd:0.579 | ed:0.861 | hr@1:0.73 | hr@2:0.878 | hr@3:0.924 | acc@1:0.73 | acc@2:0.656 | acc@3:0.615 | Best krc: 0.815 | Best epoch: 38
best model saved
[2023-11-29 16:17:40] INFO (nni/MainThread) Intermediate result: 0.8177465647601195  (Index 84)
-----------------ETPA RESULT-------------------
Epoch 42: Validation	rmse: 20.32	mae: 15.66	mape: 34.19%	acc@10: 40.04%	acc@20: 72.53%	acc@30: 90.26%	
[2023-11-29 16:17:40] INFO (nni/MainThread) Intermediate result: 20.321684452270205  (Index 85)
*** Epoch: 43 ***
-----------------G2R RESULT-------------------

val result: krc:0.819 | lsd:0.621 | ed:0.843 | hr@1:0.735 | hr@2:0.879 | hr@3:0.925 | acc@1:0.735 | acc@2:0.663 | acc@3:0.623 | Best krc: 0.818 | Best epoch: 42
best model saved
[2023-11-29 16:19:29] INFO (nni/MainThread) Intermediate result: 0.8190444836706315  (Index 86)
-----------------ETPA RESULT-------------------
Epoch 43: Validation	rmse: 20.26	mae: 15.63	mape: 34.12%	acc@10: 40.06%	acc@20: 72.73%	acc@30: 90.34%	
[2023-11-29 16:19:29] INFO (nni/MainThread) Intermediate result: 20.264172212056952  (Index 87)
*** Epoch: 44 ***
-----------------G2R RESULT-------------------

val result: krc:0.82 | lsd:0.604 | ed:0.851 | hr@1:0.735 | hr@2:0.884 | hr@3:0.928 | acc@1:0.735 | acc@2:0.662 | acc@3:0.626 | Best krc: 0.819 | Best epoch: 43
best model saved
[2023-11-29 16:21:24] INFO (nni/MainThread) Intermediate result: 0.8201512054157443  (Index 88)
-----------------ETPA RESULT-------------------
Epoch 44: Validation	rmse: 20.24	mae: 15.62	mape: 34.07%	acc@10: 40.0%	acc@20: 72.57%	acc@30: 90.28%	
[2023-11-29 16:21:24] INFO (nni/MainThread) Intermediate result: 20.237952209888082  (Index 89)
*** Epoch: 45 ***
-----------------G2R RESULT-------------------

val result: krc:0.822 | lsd:0.571 | ed:0.847 | hr@1:0.734 | hr@2:0.88 | hr@3:0.926 | acc@1:0.734 | acc@2:0.658 | acc@3:0.626 | Best krc: 0.82 | Best epoch: 44
best model saved
[2023-11-29 16:23:17] INFO (nni/MainThread) Intermediate result: 0.8216193788559334  (Index 90)
-----------------ETPA RESULT-------------------
Epoch 45: Validation	rmse: 20.21	mae: 15.61	mape: 34.02%	acc@10: 40.08%	acc@20: 72.55%	acc@30: 90.35%	
[2023-11-29 16:23:17] INFO (nni/MainThread) Intermediate result: 20.208372510816172  (Index 91)
*** Epoch: 46 ***
-----------------G2R RESULT-------------------

val result: krc:0.813 | lsd:0.641 | ed:0.883 | hr@1:0.73 | hr@2:0.877 | hr@3:0.922 | acc@1:0.73 | acc@2:0.655 | acc@3:0.622 | Best krc: 0.822 | Best epoch: 45
[2023-11-29 16:25:08] INFO (nni/MainThread) Intermediate result: 0.8127544709092589  (Index 92)
-----------------ETPA RESULT-------------------
Epoch 46: Validation	rmse: 20.2	mae: 15.6	mape: 33.96%	acc@10: 40.09%	acc@20: 72.41%	acc@30: 90.43%	
[2023-11-29 16:25:08] INFO (nni/MainThread) Intermediate result: 20.203320947923768  (Index 93)
*** Epoch: 47 ***
-----------------G2R RESULT-------------------

val result: krc:0.813 | lsd:0.617 | ed:0.888 | hr@1:0.718 | hr@2:0.878 | hr@3:0.925 | acc@1:0.718 | acc@2:0.645 | acc@3:0.613 | Best krc: 0.822 | Best epoch: 45
[2023-11-29 16:27:00] INFO (nni/MainThread) Intermediate result: 0.8128483646104985  (Index 94)
-----------------ETPA RESULT-------------------
Epoch 47: Validation	rmse: 20.14	mae: 15.55	mape: 33.85%	acc@10: 40.1%	acc@20: 72.59%	acc@30: 90.49%	
[2023-11-29 16:27:00] INFO (nni/MainThread) Intermediate result: 20.139935901018095  (Index 95)
*** Epoch: 48 ***
-----------------G2R RESULT-------------------

val result: krc:0.814 | lsd:0.601 | ed:0.879 | hr@1:0.725 | hr@2:0.88 | hr@3:0.925 | acc@1:0.725 | acc@2:0.654 | acc@3:0.62 | Best krc: 0.822 | Best epoch: 45
[2023-11-29 16:28:51] INFO (nni/MainThread) Intermediate result: 0.8141963576594097  (Index 96)
-----------------ETPA RESULT-------------------
Epoch 48: Validation	rmse: 20.07	mae: 15.51	mape: 33.73%	acc@10: 40.11%	acc@20: 72.77%	acc@30: 90.56%	
[2023-11-29 16:28:51] INFO (nni/MainThread) Intermediate result: 20.069250865169664  (Index 97)
*** Epoch: 49 ***
-----------------G2R RESULT-------------------

val result: krc:0.801 | lsd:0.711 | ed:0.919 | hr@1:0.718 | hr@2:0.863 | hr@3:0.917 | acc@1:0.718 | acc@2:0.633 | acc@3:0.603 | Best krc: 0.822 | Best epoch: 45
[2023-11-29 16:30:42] INFO (nni/MainThread) Intermediate result: 0.8005769507824603  (Index 98)
-----------------ETPA RESULT-------------------
Epoch 49: Validation	rmse: 20.04	mae: 15.49	mape: 33.68%	acc@10: 40.06%	acc@20: 72.81%	acc@30: 90.62%	
[2023-11-29 16:30:42] INFO (nni/MainThread) Intermediate result: 20.04321005838135  (Index 99)
*** Epoch: 50 ***
-----------------G2R RESULT-------------------

val result: krc:0.811 | lsd:0.607 | ed:0.881 | hr@1:0.712 | hr@2:0.873 | hr@3:0.924 | acc@1:0.712 | acc@2:0.641 | acc@3:0.606 | Best krc: 0.822 | Best epoch: 45
[2023-11-29 16:32:34] INFO (nni/MainThread) Intermediate result: 0.8105549392388044  (Index 100)
-----------------ETPA RESULT-------------------
Epoch 50: Validation	rmse: 20.02	mae: 15.48	mape: 33.64%	acc@10: 40.07%	acc@20: 72.79%	acc@30: 90.69%	
[2023-11-29 16:32:34] INFO (nni/MainThread) Intermediate result: 20.01629291689959  (Index 101)
*** Epoch: 51 ***
-----------------G2R RESULT-------------------

val result: krc:0.812 | lsd:0.625 | ed:0.889 | hr@1:0.71 | hr@2:0.873 | hr@3:0.921 | acc@1:0.71 | acc@2:0.634 | acc@3:0.603 | Best krc: 0.822 | Best epoch: 45
[2023-11-29 16:34:25] INFO (nni/MainThread) Intermediate result: 0.8119372635332406  (Index 102)
-----------------ETPA RESULT-------------------
Epoch 51: Validation	rmse: 20.01	mae: 15.48	mape: 33.63%	acc@10: 40.08%	acc@20: 72.66%	acc@30: 90.69%	
[2023-11-29 16:34:25] INFO (nni/MainThread) Intermediate result: 20.01224875454089  (Index 103)
*** Epoch: 52 ***
-----------------G2R RESULT-------------------

val result: krc:0.786 | lsd:0.644 | ed:0.957 | hr@1:0.666 | hr@2:0.864 | hr@3:0.916 | acc@1:0.666 | acc@2:0.594 | acc@3:0.566 | Best krc: 0.822 | Best epoch: 45
[2023-11-29 16:36:16] INFO (nni/MainThread) Intermediate result: 0.786331342789585  (Index 104)
-----------------ETPA RESULT-------------------
Epoch 52: Validation	rmse: 20.0	mae: 15.48	mape: 33.62%	acc@10: 40.09%	acc@20: 72.52%	acc@30: 90.62%	
[2023-11-29 16:36:16] INFO (nni/MainThread) Intermediate result: 19.99803449927132  (Index 105)
*** Epoch: 53 ***
-----------------G2R RESULT-------------------

val result: krc:0.81 | lsd:0.594 | ed:0.881 | hr@1:0.701 | hr@2:0.876 | hr@3:0.925 | acc@1:0.701 | acc@2:0.635 | acc@3:0.603 | Best krc: 0.822 | Best epoch: 45
[2023-11-29 16:38:07] INFO (nni/MainThread) Intermediate result: 0.809686346625568  (Index 106)
-----------------ETPA RESULT-------------------
Epoch 53: Validation	rmse: 19.96	mae: 15.46	mape: 33.54%	acc@10: 40.05%	acc@20: 72.63%	acc@30: 90.68%	
[2023-11-29 16:38:07] INFO (nni/MainThread) Intermediate result: 19.959097354866977  (Index 107)
*** Epoch: 54 ***
-----------------G2R RESULT-------------------

val result: krc:0.813 | lsd:0.583 | ed:0.865 | hr@1:0.717 | hr@2:0.87 | hr@3:0.922 | acc@1:0.717 | acc@2:0.644 | acc@3:0.608 | Best krc: 0.822 | Best epoch: 45
[2023-11-29 16:39:57] INFO (nni/MainThread) Intermediate result: 0.8126869454372734  (Index 108)
-----------------ETPA RESULT-------------------
Epoch 54: Validation	rmse: 19.92	mae: 15.45	mape: 33.53%	acc@10: 40.0%	acc@20: 72.61%	acc@30: 90.74%	
[2023-11-29 16:39:57] INFO (nni/MainThread) Intermediate result: 19.924219618121562  (Index 109)
*** Epoch: 55 ***
-----------------G2R RESULT-------------------

val result: krc:0.814 | lsd:0.585 | ed:0.861 | hr@1:0.712 | hr@2:0.871 | hr@3:0.924 | acc@1:0.712 | acc@2:0.646 | acc@3:0.613 | Best krc: 0.822 | Best epoch: 45
[2023-11-29 16:41:44] INFO (nni/MainThread) Intermediate result: 0.8144647404288855  (Index 110)
-----------------ETPA RESULT-------------------
Epoch 55: Validation	rmse: 19.96	mae: 15.49	mape: 33.6%	acc@10: 39.9%	acc@20: 72.38%	acc@30: 90.62%	
[2023-11-29 16:41:44] INFO (nni/MainThread) Intermediate result: 19.959143547757  (Index 111)
*** Epoch: 56 ***
-----------------G2R RESULT-------------------

val result: krc:0.809 | lsd:0.609 | ed:0.897 | hr@1:0.703 | hr@2:0.873 | hr@3:0.919 | acc@1:0.703 | acc@2:0.634 | acc@3:0.6 | Best krc: 0.822 | Best epoch: 45
[2023-11-29 16:43:31] INFO (nni/MainThread) Intermediate result: 0.8085736194525001  (Index 112)
-----------------ETPA RESULT-------------------
Epoch 56: Validation	rmse: 19.95	mae: 15.5	mape: 33.63%	acc@10: 39.8%	acc@20: 72.37%	acc@30: 90.62%	
[2023-11-29 16:43:31] INFO (nni/MainThread) Intermediate result: 19.946342956011897  (Index 113)
*** Epoch: 57 ***
-----------------G2R RESULT-------------------

val result: krc:0.802 | lsd:0.641 | ed:0.92 | hr@1:0.706 | hr@2:0.872 | hr@3:0.918 | acc@1:0.706 | acc@2:0.633 | acc@3:0.598 | Best krc: 0.822 | Best epoch: 45
[2023-11-29 16:45:19] INFO (nni/MainThread) Intermediate result: 0.8024490682033314  (Index 114)
-----------------ETPA RESULT-------------------
Epoch 57: Validation	rmse: 19.94	mae: 15.51	mape: 33.64%	acc@10: 39.82%	acc@20: 72.31%	acc@30: 90.62%	
[2023-11-29 16:45:19] INFO (nni/MainThread) Intermediate result: 19.93517343900077  (Index 115)
*** Epoch: 58 ***
-----------------G2R RESULT-------------------

val result: krc:0.813 | lsd:0.603 | ed:0.859 | hr@1:0.716 | hr@2:0.877 | hr@3:0.923 | acc@1:0.716 | acc@2:0.652 | acc@3:0.616 | Best krc: 0.822 | Best epoch: 45
[2023-11-29 16:47:08] INFO (nni/MainThread) Intermediate result: 0.8133835993477445  (Index 116)
-----------------ETPA RESULT-------------------
Epoch 58: Validation	rmse: 19.93	mae: 15.52	mape: 33.65%	acc@10: 39.83%	acc@20: 72.25%	acc@30: 90.68%	
[2023-11-29 16:47:08] INFO (nni/MainThread) Intermediate result: 19.932795586696447  (Index 117)
*** Epoch: 59 ***
-----------------G2R RESULT-------------------

val result: krc:0.817 | lsd:0.572 | ed:0.852 | hr@1:0.725 | hr@2:0.874 | hr@3:0.922 | acc@1:0.725 | acc@2:0.649 | acc@3:0.616 | Best krc: 0.822 | Best epoch: 45
[2023-11-29 16:48:57] INFO (nni/MainThread) Intermediate result: 0.8168327712708998  (Index 118)
-----------------ETPA RESULT-------------------
Epoch 59: Validation	rmse: 19.9	mae: 15.51	mape: 33.66%	acc@10: 39.74%	acc@20: 72.24%	acc@30: 90.68%	
[2023-11-29 16:48:57] INFO (nni/MainThread) Intermediate result: 19.900751736415188  (Index 119)
*** Epoch: 60 ***
-----------------G2R RESULT-------------------

val result: krc:0.817 | lsd:0.569 | ed:0.857 | hr@1:0.715 | hr@2:0.876 | hr@3:0.923 | acc@1:0.715 | acc@2:0.644 | acc@3:0.611 | Best krc: 0.822 | Best epoch: 45
[2023-11-29 16:50:48] INFO (nni/MainThread) Intermediate result: 0.8171015497644268  (Index 120)
-----------------ETPA RESULT-------------------
Epoch 60: Validation	rmse: 19.89	mae: 15.53	mape: 33.71%	acc@10: 39.65%	acc@20: 72.08%	acc@30: 90.62%	
[2023-11-29 16:50:48] INFO (nni/MainThread) Intermediate result: 19.89446953374896  (Index 121)
*** Epoch: 61 ***
-----------------G2R RESULT-------------------

val result: krc:0.812 | lsd:0.586 | ed:0.864 | hr@1:0.714 | hr@2:0.873 | hr@3:0.922 | acc@1:0.714 | acc@2:0.643 | acc@3:0.608 | Best krc: 0.822 | Best epoch: 45
[2023-11-29 16:52:36] INFO (nni/MainThread) Intermediate result: 0.8120622547382494  (Index 122)
-----------------ETPA RESULT-------------------
Epoch 61: Validation	rmse: 19.88	mae: 15.53	mape: 33.71%	acc@10: 39.67%	acc@20: 72.03%	acc@30: 90.62%	
[2023-11-29 16:52:36] INFO (nni/MainThread) Intermediate result: 19.877908151691923  (Index 123)
*** Epoch: 62 ***
-----------------G2R RESULT-------------------

val result: krc:0.807 | lsd:0.61 | ed:0.901 | hr@1:0.733 | hr@2:0.867 | hr@3:0.918 | acc@1:0.733 | acc@2:0.644 | acc@3:0.604 | Best krc: 0.822 | Best epoch: 45
[2023-11-29 16:54:22] INFO (nni/MainThread) Intermediate result: 0.8067759327750581  (Index 124)
-----------------ETPA RESULT-------------------
Epoch 62: Validation	rmse: 19.84	mae: 15.51	mape: 33.68%	acc@10: 39.53%	acc@20: 72.07%	acc@30: 90.67%	
[2023-11-29 16:54:22] INFO (nni/MainThread) Intermediate result: 19.837980849571956  (Index 125)
*** Epoch: 63 ***
-----------------G2R RESULT-------------------

val result: krc:0.816 | lsd:0.579 | ed:0.861 | hr@1:0.733 | hr@2:0.87 | hr@3:0.921 | acc@1:0.733 | acc@2:0.654 | acc@3:0.617 | Best krc: 0.822 | Best epoch: 45
[2023-11-29 16:56:10] INFO (nni/MainThread) Intermediate result: 0.8164146711763677  (Index 126)
-----------------ETPA RESULT-------------------
Epoch 63: Validation	rmse: 19.81	mae: 15.5	mape: 33.67%	acc@10: 39.55%	acc@20: 72.02%	acc@30: 90.72%	
[2023-11-29 16:56:10] INFO (nni/MainThread) Intermediate result: 19.806471959760543  (Index 127)
*** Epoch: 64 ***
-----------------G2R RESULT-------------------

val result: krc:0.803 | lsd:0.644 | ed:0.905 | hr@1:0.729 | hr@2:0.861 | hr@3:0.918 | acc@1:0.729 | acc@2:0.641 | acc@3:0.609 | Best krc: 0.822 | Best epoch: 45
[2023-11-29 16:57:58] INFO (nni/MainThread) Intermediate result: 0.8033934272500081  (Index 128)
-----------------ETPA RESULT-------------------
Epoch 64: Validation	rmse: 19.79	mae: 15.5	mape: 33.66%	acc@10: 39.47%	acc@20: 71.92%	acc@30: 90.72%	
[2023-11-29 16:57:58] INFO (nni/MainThread) Intermediate result: 19.78672384324621  (Index 129)
*** Epoch: 65 ***
-----------------G2R RESULT-------------------

val result: krc:0.818 | lsd:0.585 | ed:0.85 | hr@1:0.729 | hr@2:0.876 | hr@3:0.927 | acc@1:0.729 | acc@2:0.654 | acc@3:0.624 | Best krc: 0.822 | Best epoch: 45
[2023-11-29 16:59:46] INFO (nni/MainThread) Intermediate result: 0.8181540624916226  (Index 130)
-----------------ETPA RESULT-------------------
Epoch 65: Validation	rmse: 19.74	mae: 15.48	mape: 33.63%	acc@10: 39.39%	acc@20: 72.02%	acc@30: 90.81%	
[2023-11-29 16:59:46] INFO (nni/MainThread) Intermediate result: 19.736172667524958  (Index 131)
loaded model path: /home/sentanoe/joint_training/data/dataset/food_pd/sort_model/hidden_size-8.gcnru-pd_1701266390.3503711701266390.3503819
best model loaded !!!
krc:0.805 | lsd:0.449 | ed:0.892 | hr@1:0.723 | hr@2:0.909 | hr@3:0.945 | acc@1:0.723 | acc@2:0.661 | acc@3:0.609 |

-------------------------------------------------------------
Best epoch for G2R:  45
Best epoch for ETPA:  65
graph2route_pd Evaluation in test: krc:0.805 | lsd:0.449 | ed:0.892 | hr@1:0.723 | hr@2:0.909 | hr@3:0.945 | acc@1:0.723 | acc@2:0.661 | acc@3:0.609 |
RankPETA Evaluation in test: rmse: 14.2	mae: 11.24	mape: 105.09%	acc@10: 55.0%	acc@20: 80.0%	acc@30: 95.0%	
