Device:  cuda
{'alpha_loss': 0.5,
 'batch_size': 64,
 'dataset': 'food_pd',
 'datatype': 'order',
 'device': device(type='cuda'),
 'early_stop': 20,
 'edge_fea_dim': 5,
 'embedding_dim': 32,
 'eval_end_1': 11,
 'eval_end_2': 25,
 'eval_start': 1,
 'gcn_num_layers': 2,
 'hidden_size': 8,
 'is_eval': False,
 'is_test': False,
 'k_min_nodes': 3,
 'k_nearest_neighbors': 'n-1',
 'lr': 0.001,
 'max_task_num': 25,
 'min_task_num': 0,
 'modelArrivalTime': 'RankPETA',
 'modelRoute': 'graph2route_pd',
 'no_cuda': False,
 'node_fea_dim': 8,
 'node_features_test': '/home/sentanoe/joint_training/data/dataset/food_pd/node_features_test_full.npy',
 'node_features_train': '/home/sentanoe/joint_training/data/dataset/food_pd/node_features_train_full.npy',
 'node_features_val': '/home/sentanoe/joint_training/data/dataset/food_pd/node_features_val_full.npy',
 'num_block': 4,
 'num_epoch': 1000,
 'num_head': 2,
 'num_worker_logistics': 2346,
 'num_worker_pd': 920,
 'pad_value': 26,
 'seed': 9999,
 'sort_mode': 'true_idx',
 'spatial_encoder': 'gcn',
 'temporal_encoder': 'tft',
 'test_path': '/home/sentanoe/joint_training/data/dataset/food_pd/test_full.npy',
 'train_mode': 'sort',
 'train_path': '/home/sentanoe/joint_training/data/dataset/food_pd/train_full.npy',
 'val_path': '/home/sentanoe/joint_training/data/dataset/food_pd/val_full.npy',
 'wd': 1e-05,
 'worker_emb_dim': 10,
 'workers': 2}
last_x_size:13;unpick_x_size:12;input_size:38
#train:2521 | #val:1257 | #test:1261
*** Epoch: 0 ***
-----------------G2R RESULT-------------------

val result: krc:0.689 | lsd:0.983 | ed:1.248 | hr@1:0.617 | hr@2:0.806 | hr@3:0.877 | acc@1:0.617 | acc@2:0.517 | acc@3:0.479 | Best krc: -1 | Best epoch: -1
best model saved
[2023-11-29 14:31:50] INFO (nni/MainThread) Intermediate result: 0.6888634476828619  (Index 0)
-----------------ETPA RESULT-------------------
Epoch 0: Validation	rmse: 42.65	mae: 38.0	mape: 77.28%	acc@10: 3.12%	acc@20: 15.62%	acc@30: 25.0%	
[2023-11-29 14:31:50] INFO (nni/MainThread) Intermediate result: 42.651722516139365  (Index 1)
*** Epoch: 1 ***
-----------------G2R RESULT-------------------

val result: krc:0.767 | lsd:0.73 | ed:1.009 | hr@1:0.665 | hr@2:0.855 | hr@3:0.91 | acc@1:0.665 | acc@2:0.588 | acc@3:0.553 | Best krc: 0.689 | Best epoch: 0
best model saved
[2023-11-29 14:33:34] INFO (nni/MainThread) Intermediate result: 0.76654723565961  (Index 2)
-----------------ETPA RESULT-------------------
Epoch 1: Validation	rmse: 31.88	mae: 26.58	mape: 54.27%	acc@10: 26.56%	acc@20: 43.75%	acc@30: 56.25%	
[2023-11-29 14:33:34] INFO (nni/MainThread) Intermediate result: 31.88377576406093  (Index 3)
*** Epoch: 2 ***
-----------------G2R RESULT-------------------

val result: krc:0.768 | lsd:0.765 | ed:1.03 | hr@1:0.684 | hr@2:0.849 | hr@3:0.901 | acc@1:0.684 | acc@2:0.596 | acc@3:0.551 | Best krc: 0.767 | Best epoch: 1
best model saved
[2023-11-29 14:35:19] INFO (nni/MainThread) Intermediate result: 0.7683081898910495  (Index 4)
-----------------ETPA RESULT-------------------
Epoch 2: Validation	rmse: 28.02	mae: 22.87	mape: 49.05%	acc@10: 29.17%	acc@20: 55.21%	acc@30: 67.71%	
[2023-11-29 14:35:19] INFO (nni/MainThread) Intermediate result: 28.01927243465134  (Index 5)
*** Epoch: 3 ***
-----------------G2R RESULT-------------------

val result: krc:0.773 | lsd:0.681 | ed:0.995 | hr@1:0.673 | hr@2:0.859 | hr@3:0.912 | acc@1:0.673 | acc@2:0.596 | acc@3:0.56 | Best krc: 0.768 | Best epoch: 2
best model saved
[2023-11-29 14:37:04] INFO (nni/MainThread) Intermediate result: 0.7730608781330249  (Index 6)
-----------------ETPA RESULT-------------------
Epoch 3: Validation	rmse: 26.0	mae: 20.99	mape: 46.81%	acc@10: 32.03%	acc@20: 58.59%	acc@30: 72.66%	
[2023-11-29 14:37:04] INFO (nni/MainThread) Intermediate result: 26.000929334841555  (Index 7)
*** Epoch: 4 ***
-----------------G2R RESULT-------------------

val result: krc:0.799 | lsd:0.663 | ed:0.911 | hr@1:0.718 | hr@2:0.86 | hr@3:0.917 | acc@1:0.718 | acc@2:0.631 | acc@3:0.595 | Best krc: 0.773 | Best epoch: 3
best model saved
[2023-11-29 14:38:49] INFO (nni/MainThread) Intermediate result: 0.7985692967415748  (Index 8)
-----------------ETPA RESULT-------------------
Epoch 4: Validation	rmse: 24.7	mae: 19.62	mape: 44.6%	acc@10: 35.62%	acc@20: 62.5%	acc@30: 76.25%	
[2023-11-29 14:38:49] INFO (nni/MainThread) Intermediate result: 24.702294704340765  (Index 9)
*** Epoch: 5 ***
-----------------G2R RESULT-------------------

val result: krc:0.8 | lsd:0.62 | ed:0.925 | hr@1:0.708 | hr@2:0.868 | hr@3:0.916 | acc@1:0.708 | acc@2:0.627 | acc@3:0.589 | Best krc: 0.799 | Best epoch: 4
best model saved
[2023-11-29 14:40:35] INFO (nni/MainThread) Intermediate result: 0.799745071201127  (Index 10)
-----------------ETPA RESULT-------------------
Epoch 5: Validation	rmse: 23.67	mae: 18.7	mape: 43.55%	acc@10: 39.06%	acc@20: 63.54%	acc@30: 78.12%	
[2023-11-29 14:40:35] INFO (nni/MainThread) Intermediate result: 23.672439314203924  (Index 11)
*** Epoch: 6 ***
-----------------G2R RESULT-------------------

val result: krc:0.804 | lsd:0.618 | ed:0.91 | hr@1:0.7 | hr@2:0.871 | hr@3:0.919 | acc@1:0.7 | acc@2:0.629 | acc@3:0.591 | Best krc: 0.8 | Best epoch: 5
best model saved
[2023-11-29 14:42:19] INFO (nni/MainThread) Intermediate result: 0.8039333259009692  (Index 12)
-----------------ETPA RESULT-------------------
Epoch 6: Validation	rmse: 22.74	mae: 17.81	mape: 42.07%	acc@10: 39.73%	acc@20: 66.07%	acc@30: 80.36%	
[2023-11-29 14:42:19] INFO (nni/MainThread) Intermediate result: 22.736520646112663  (Index 13)
*** Epoch: 7 ***
-----------------G2R RESULT-------------------

val result: krc:0.81 | lsd:0.609 | ed:0.882 | hr@1:0.728 | hr@2:0.873 | hr@3:0.921 | acc@1:0.728 | acc@2:0.644 | acc@3:0.61 | Best krc: 0.804 | Best epoch: 6
best model saved
[2023-11-29 14:44:07] INFO (nni/MainThread) Intermediate result: 0.8102039756871413  (Index 14)
-----------------ETPA RESULT-------------------
Epoch 7: Validation	rmse: 22.39	mae: 17.55	mape: 41.71%	acc@10: 38.67%	acc@20: 67.19%	acc@30: 82.03%	
[2023-11-29 14:44:07] INFO (nni/MainThread) Intermediate result: 22.393383787144963  (Index 15)
*** Epoch: 8 ***
-----------------G2R RESULT-------------------

val result: krc:0.804 | lsd:0.6 | ed:0.908 | hr@1:0.709 | hr@2:0.87 | hr@3:0.923 | acc@1:0.709 | acc@2:0.633 | acc@3:0.598 | Best krc: 0.81 | Best epoch: 7
[2023-11-29 14:45:52] INFO (nni/MainThread) Intermediate result: 0.8040998189489664  (Index 16)
-----------------ETPA RESULT-------------------
Epoch 8: Validation	rmse: 21.79	mae: 17.06	mape: 40.62%	acc@10: 39.58%	acc@20: 68.06%	acc@30: 83.33%	
[2023-11-29 14:45:52] INFO (nni/MainThread) Intermediate result: 21.7937520769624  (Index 17)
*** Epoch: 9 ***
-----------------G2R RESULT-------------------

val result: krc:0.795 | lsd:0.696 | ed:0.934 | hr@1:0.724 | hr@2:0.855 | hr@3:0.915 | acc@1:0.724 | acc@2:0.623 | acc@3:0.594 | Best krc: 0.81 | Best epoch: 7
[2023-11-29 14:47:36] INFO (nni/MainThread) Intermediate result: 0.794703802731787  (Index 18)
-----------------ETPA RESULT-------------------
Epoch 9: Validation	rmse: 21.41	mae: 16.79	mape: 40.13%	acc@10: 38.75%	acc@20: 69.06%	acc@30: 84.38%	
[2023-11-29 14:47:36] INFO (nni/MainThread) Intermediate result: 21.406837479450523  (Index 19)
*** Epoch: 10 ***
-----------------G2R RESULT-------------------

val result: krc:0.807 | lsd:0.601 | ed:0.9 | hr@1:0.707 | hr@2:0.875 | hr@3:0.923 | acc@1:0.707 | acc@2:0.637 | acc@3:0.6 | Best krc: 0.81 | Best epoch: 7
[2023-11-29 14:49:18] INFO (nni/MainThread) Intermediate result: 0.8070459997176219  (Index 20)
-----------------ETPA RESULT-------------------
Epoch 10: Validation	rmse: 20.95	mae: 16.38	mape: 39.18%	acc@10: 40.06%	acc@20: 70.17%	acc@30: 85.23%	
[2023-11-29 14:49:18] INFO (nni/MainThread) Intermediate result: 20.94819905633924  (Index 21)
*** Epoch: 11 ***
-----------------G2R RESULT-------------------

val result: krc:0.809 | lsd:0.616 | ed:0.891 | hr@1:0.703 | hr@2:0.873 | hr@3:0.921 | acc@1:0.703 | acc@2:0.631 | acc@3:0.606 | Best krc: 0.81 | Best epoch: 7
[2023-11-29 14:51:02] INFO (nni/MainThread) Intermediate result: 0.8086955157265607  (Index 22)
-----------------ETPA RESULT-------------------
Epoch 11: Validation	rmse: 20.53	mae: 16.05	mape: 38.37%	acc@10: 40.62%	acc@20: 71.09%	acc@30: 85.94%	
[2023-11-29 14:51:02] INFO (nni/MainThread) Intermediate result: 20.531253724450067  (Index 23)
*** Epoch: 12 ***
-----------------G2R RESULT-------------------

val result: krc:0.787 | lsd:0.676 | ed:0.973 | hr@1:0.709 | hr@2:0.866 | hr@3:0.915 | acc@1:0.709 | acc@2:0.631 | acc@3:0.581 | Best krc: 0.81 | Best epoch: 7
[2023-11-29 14:52:45] INFO (nni/MainThread) Intermediate result: 0.7866669019008329  (Index 24)
-----------------ETPA RESULT-------------------
Epoch 12: Validation	rmse: 20.2	mae: 15.81	mape: 37.71%	acc@10: 41.59%	acc@20: 71.63%	acc@30: 86.54%	
[2023-11-29 14:52:45] INFO (nni/MainThread) Intermediate result: 20.20322036841433  (Index 25)
*** Epoch: 13 ***
-----------------G2R RESULT-------------------

val result: krc:0.802 | lsd:0.621 | ed:0.921 | hr@1:0.697 | hr@2:0.87 | hr@3:0.922 | acc@1:0.697 | acc@2:0.628 | acc@3:0.597 | Best krc: 0.81 | Best epoch: 7
[2023-11-29 14:54:28] INFO (nni/MainThread) Intermediate result: 0.8018096211712302  (Index 26)
-----------------ETPA RESULT-------------------
Epoch 13: Validation	rmse: 19.96	mae: 15.65	mape: 37.33%	acc@10: 41.52%	acc@20: 71.88%	acc@30: 87.05%	
[2023-11-29 14:54:28] INFO (nni/MainThread) Intermediate result: 19.959386614989256  (Index 27)
*** Epoch: 14 ***
-----------------G2R RESULT-------------------

val result: krc:0.798 | lsd:0.634 | ed:0.916 | hr@1:0.678 | hr@2:0.873 | hr@3:0.919 | acc@1:0.678 | acc@2:0.618 | acc@3:0.589 | Best krc: 0.81 | Best epoch: 7
[2023-11-29 14:56:14] INFO (nni/MainThread) Intermediate result: 0.7979799448798137  (Index 28)
-----------------ETPA RESULT-------------------
Epoch 14: Validation	rmse: 19.56	mae: 15.37	mape: 36.62%	acc@10: 41.88%	acc@20: 72.71%	acc@30: 87.71%	
[2023-11-29 14:56:14] INFO (nni/MainThread) Intermediate result: 19.561107135029182  (Index 29)
*** Epoch: 15 ***
-----------------G2R RESULT-------------------

val result: krc:0.806 | lsd:0.613 | ed:0.89 | hr@1:0.706 | hr@2:0.873 | hr@3:0.923 | acc@1:0.706 | acc@2:0.637 | acc@3:0.6 | Best krc: 0.81 | Best epoch: 7
[2023-11-29 14:57:59] INFO (nni/MainThread) Intermediate result: 0.8064916230023357  (Index 30)
-----------------ETPA RESULT-------------------
Epoch 15: Validation	rmse: 19.4	mae: 15.27	mape: 36.36%	acc@10: 41.99%	acc@20: 73.24%	acc@30: 88.09%	
[2023-11-29 14:57:59] INFO (nni/MainThread) Intermediate result: 19.39698612937863  (Index 31)
*** Epoch: 16 ***
-----------------G2R RESULT-------------------

val result: krc:0.803 | lsd:0.625 | ed:0.927 | hr@1:0.721 | hr@2:0.872 | hr@3:0.919 | acc@1:0.721 | acc@2:0.642 | acc@3:0.602 | Best krc: 0.81 | Best epoch: 7
[2023-11-29 14:59:42] INFO (nni/MainThread) Intermediate result: 0.8026691852577291  (Index 32)
-----------------ETPA RESULT-------------------
Epoch 16: Validation	rmse: 19.2	mae: 15.14	mape: 36.03%	acc@10: 41.91%	acc@20: 73.71%	acc@30: 88.42%	
[2023-11-29 14:59:42] INFO (nni/MainThread) Intermediate result: 19.201800258562727  (Index 33)
*** Epoch: 17 ***
-----------------G2R RESULT-------------------

val result: krc:0.811 | lsd:0.615 | ed:0.891 | hr@1:0.716 | hr@2:0.871 | hr@3:0.92 | acc@1:0.716 | acc@2:0.646 | acc@3:0.61 | Best krc: 0.81 | Best epoch: 7
best model saved
[2023-11-29 15:01:26] INFO (nni/MainThread) Intermediate result: 0.8110292043217271  (Index 34)
-----------------ETPA RESULT-------------------
Epoch 17: Validation	rmse: 19.13	mae: 15.1	mape: 35.83%	acc@10: 42.36%	acc@20: 73.96%	acc@30: 88.37%	
[2023-11-29 15:01:26] INFO (nni/MainThread) Intermediate result: 19.133869228631156  (Index 35)
*** Epoch: 18 ***
-----------------G2R RESULT-------------------

val result: krc:0.793 | lsd:0.682 | ed:0.958 | hr@1:0.715 | hr@2:0.866 | hr@3:0.913 | acc@1:0.715 | acc@2:0.638 | acc@3:0.588 | Best krc: 0.811 | Best epoch: 17
[2023-11-29 15:03:08] INFO (nni/MainThread) Intermediate result: 0.7928835238673455  (Index 36)
-----------------ETPA RESULT-------------------
Epoch 18: Validation	rmse: 18.98	mae: 15.01	mape: 35.64%	acc@10: 42.27%	acc@20: 74.01%	acc@30: 88.65%	
[2023-11-29 15:03:08] INFO (nni/MainThread) Intermediate result: 18.97529290700924  (Index 37)
*** Epoch: 19 ***
-----------------G2R RESULT-------------------

val result: krc:0.803 | lsd:0.639 | ed:0.926 | hr@1:0.726 | hr@2:0.865 | hr@3:0.916 | acc@1:0.726 | acc@2:0.639 | acc@3:0.598 | Best krc: 0.811 | Best epoch: 17
[2023-11-29 15:04:50] INFO (nni/MainThread) Intermediate result: 0.8034012517790393  (Index 38)
-----------------ETPA RESULT-------------------
Epoch 19: Validation	rmse: 18.84	mae: 14.91	mape: 35.36%	acc@10: 42.34%	acc@20: 74.22%	acc@30: 88.91%	
[2023-11-29 15:04:51] INFO (nni/MainThread) Intermediate result: 18.838741063965212  (Index 39)
*** Epoch: 20 ***
-----------------G2R RESULT-------------------

val result: krc:0.81 | lsd:0.581 | ed:0.895 | hr@1:0.704 | hr@2:0.879 | hr@3:0.924 | acc@1:0.704 | acc@2:0.635 | acc@3:0.603 | Best krc: 0.811 | Best epoch: 17
[2023-11-29 15:06:33] INFO (nni/MainThread) Intermediate result: 0.8101538009189956  (Index 40)
-----------------ETPA RESULT-------------------
Epoch 20: Validation	rmse: 18.79	mae: 14.85	mape: 35.16%	acc@10: 42.41%	acc@20: 74.4%	acc@30: 88.99%	
[2023-11-29 15:06:33] INFO (nni/MainThread) Intermediate result: 18.793180267293614  (Index 41)
*** Epoch: 21 ***
-----------------G2R RESULT-------------------

val result: krc:0.809 | lsd:0.604 | ed:0.916 | hr@1:0.729 | hr@2:0.878 | hr@3:0.923 | acc@1:0.729 | acc@2:0.65 | acc@3:0.61 | Best krc: 0.811 | Best epoch: 17
[2023-11-29 15:08:15] INFO (nni/MainThread) Intermediate result: 0.8094755538393491  (Index 42)
-----------------ETPA RESULT-------------------
Epoch 21: Validation	rmse: 18.8	mae: 14.85	mape: 35.07%	acc@10: 42.47%	acc@20: 74.29%	acc@30: 88.92%	
[2023-11-29 15:08:15] INFO (nni/MainThread) Intermediate result: 18.795706806743212  (Index 43)
*** Epoch: 22 ***
-----------------G2R RESULT-------------------

val result: krc:0.807 | lsd:0.626 | ed:0.9 | hr@1:0.701 | hr@2:0.874 | hr@3:0.923 | acc@1:0.701 | acc@2:0.63 | acc@3:0.599 | Best krc: 0.811 | Best epoch: 17
[2023-11-29 15:09:57] INFO (nni/MainThread) Intermediate result: 0.806918156581471  (Index 44)
-----------------ETPA RESULT-------------------
Epoch 22: Validation	rmse: 18.71	mae: 14.76	mape: 34.78%	acc@10: 42.66%	acc@20: 74.46%	acc@30: 88.86%	
[2023-11-29 15:09:57] INFO (nni/MainThread) Intermediate result: 18.706824659198247  (Index 45)
*** Epoch: 23 ***
-----------------G2R RESULT-------------------

val result: krc:0.809 | lsd:0.608 | ed:0.894 | hr@1:0.711 | hr@2:0.876 | hr@3:0.924 | acc@1:0.711 | acc@2:0.64 | acc@3:0.61 | Best krc: 0.811 | Best epoch: 17
[2023-11-29 15:11:39] INFO (nni/MainThread) Intermediate result: 0.8091047969666247  (Index 46)
-----------------ETPA RESULT-------------------
Epoch 23: Validation	rmse: 18.6	mae: 14.69	mape: 34.58%	acc@10: 42.84%	acc@20: 74.61%	acc@30: 89.06%	
[2023-11-29 15:11:39] INFO (nni/MainThread) Intermediate result: 18.604124789732648  (Index 47)
*** Epoch: 24 ***
-----------------G2R RESULT-------------------

val result: krc:0.804 | lsd:0.656 | ed:0.909 | hr@1:0.738 | hr@2:0.859 | hr@3:0.917 | acc@1:0.738 | acc@2:0.639 | acc@3:0.608 | Best krc: 0.811 | Best epoch: 17
[2023-11-29 15:13:21] INFO (nni/MainThread) Intermediate result: 0.8039819268328231  (Index 48)
-----------------ETPA RESULT-------------------
Epoch 24: Validation	rmse: 18.52	mae: 14.61	mape: 34.39%	acc@10: 43.12%	acc@20: 74.75%	acc@30: 89.12%	
[2023-11-29 15:13:22] INFO (nni/MainThread) Intermediate result: 18.52485853632176  (Index 49)
*** Epoch: 25 ***
-----------------G2R RESULT-------------------

val result: krc:0.801 | lsd:0.638 | ed:0.911 | hr@1:0.702 | hr@2:0.872 | hr@3:0.916 | acc@1:0.702 | acc@2:0.635 | acc@3:0.6 | Best krc: 0.811 | Best epoch: 17
[2023-11-29 15:15:06] INFO (nni/MainThread) Intermediate result: 0.8011769849286249  (Index 50)
-----------------ETPA RESULT-------------------
Epoch 25: Validation	rmse: 18.47	mae: 14.56	mape: 34.22%	acc@10: 43.27%	acc@20: 74.88%	acc@30: 89.06%	
[2023-11-29 15:15:06] INFO (nni/MainThread) Intermediate result: 18.465172607827103  (Index 51)
*** Epoch: 26 ***
-----------------G2R RESULT-------------------

val result: krc:0.805 | lsd:0.645 | ed:0.907 | hr@1:0.724 | hr@2:0.859 | hr@3:0.918 | acc@1:0.724 | acc@2:0.636 | acc@3:0.607 | Best krc: 0.811 | Best epoch: 17
[2023-11-29 15:16:51] INFO (nni/MainThread) Intermediate result: 0.8052592596798981  (Index 52)
-----------------ETPA RESULT-------------------
Epoch 26: Validation	rmse: 18.48	mae: 14.56	mape: 34.19%	acc@10: 43.29%	acc@20: 74.88%	acc@30: 89.0%	
[2023-11-29 15:16:51] INFO (nni/MainThread) Intermediate result: 18.478808923768355  (Index 53)
*** Epoch: 27 ***
-----------------G2R RESULT-------------------

val result: krc:0.805 | lsd:0.603 | ed:0.924 | hr@1:0.711 | hr@2:0.871 | hr@3:0.921 | acc@1:0.711 | acc@2:0.636 | acc@3:0.596 | Best krc: 0.811 | Best epoch: 17
[2023-11-29 15:18:34] INFO (nni/MainThread) Intermediate result: 0.8048179302923509  (Index 54)
-----------------ETPA RESULT-------------------
Epoch 27: Validation	rmse: 18.32	mae: 14.44	mape: 33.96%	acc@10: 43.53%	acc@20: 75.11%	acc@30: 89.17%	
[2023-11-29 15:18:34] INFO (nni/MainThread) Intermediate result: 18.323017544324447  (Index 55)
*** Epoch: 28 ***
-----------------G2R RESULT-------------------

val result: krc:0.805 | lsd:0.649 | ed:0.927 | hr@1:0.72 | hr@2:0.861 | hr@3:0.919 | acc@1:0.72 | acc@2:0.636 | acc@3:0.608 | Best krc: 0.811 | Best epoch: 17
[2023-11-29 15:20:17] INFO (nni/MainThread) Intermediate result: 0.8045460034791038  (Index 56)
-----------------ETPA RESULT-------------------
Epoch 28: Validation	rmse: 18.23	mae: 14.38	mape: 33.84%	acc@10: 43.75%	acc@20: 75.32%	acc@30: 89.33%	
[2023-11-29 15:20:17] INFO (nni/MainThread) Intermediate result: 18.23447929911382  (Index 57)
*** Epoch: 29 ***
-----------------G2R RESULT-------------------

val result: krc:0.804 | lsd:0.648 | ed:0.921 | hr@1:0.726 | hr@2:0.859 | hr@3:0.92 | acc@1:0.726 | acc@2:0.632 | acc@3:0.61 | Best krc: 0.811 | Best epoch: 17
[2023-11-29 15:21:59] INFO (nni/MainThread) Intermediate result: 0.8043801226223614  (Index 58)
-----------------ETPA RESULT-------------------
Epoch 29: Validation	rmse: 18.19	mae: 14.34	mape: 33.68%	acc@10: 43.85%	acc@20: 75.42%	acc@30: 89.38%	
[2023-11-29 15:21:59] INFO (nni/MainThread) Intermediate result: 18.192845120676953  (Index 59)
*** Epoch: 30 ***
-----------------G2R RESULT-------------------

val result: krc:0.815 | lsd:0.599 | ed:0.875 | hr@1:0.714 | hr@2:0.879 | hr@3:0.924 | acc@1:0.714 | acc@2:0.65 | acc@3:0.619 | Best krc: 0.811 | Best epoch: 17
best model saved
[2023-11-29 15:23:44] INFO (nni/MainThread) Intermediate result: 0.8154571105423751  (Index 60)
-----------------ETPA RESULT-------------------
Epoch 30: Validation	rmse: 18.12	mae: 14.28	mape: 33.53%	acc@10: 44.05%	acc@20: 75.5%	acc@30: 89.42%	
[2023-11-29 15:23:44] INFO (nni/MainThread) Intermediate result: 18.1242173983957  (Index 61)
*** Epoch: 31 ***
-----------------G2R RESULT-------------------

val result: krc:0.818 | lsd:0.589 | ed:0.871 | hr@1:0.724 | hr@2:0.88 | hr@3:0.927 | acc@1:0.724 | acc@2:0.652 | acc@3:0.622 | Best krc: 0.815 | Best epoch: 30
best model saved
[2023-11-29 15:25:29] INFO (nni/MainThread) Intermediate result: 0.8180153736690684  (Index 62)
-----------------ETPA RESULT-------------------
Epoch 31: Validation	rmse: 18.04	mae: 14.21	mape: 33.34%	acc@10: 44.24%	acc@20: 75.59%	acc@30: 89.55%	
[2023-11-29 15:25:29] INFO (nni/MainThread) Intermediate result: 18.043073741534123  (Index 63)
*** Epoch: 32 ***
-----------------G2R RESULT-------------------

val result: krc:0.824 | lsd:0.549 | ed:0.84 | hr@1:0.723 | hr@2:0.886 | hr@3:0.93 | acc@1:0.723 | acc@2:0.656 | acc@3:0.627 | Best krc: 0.818 | Best epoch: 31
best model saved
[2023-11-29 15:27:13] INFO (nni/MainThread) Intermediate result: 0.8239335245719157  (Index 64)
-----------------ETPA RESULT-------------------
Epoch 32: Validation	rmse: 18.04	mae: 14.2	mape: 33.29%	acc@10: 44.13%	acc@20: 75.66%	acc@30: 89.49%	
[2023-11-29 15:27:13] INFO (nni/MainThread) Intermediate result: 18.044279267820794  (Index 65)
*** Epoch: 33 ***
-----------------G2R RESULT-------------------

val result: krc:0.822 | lsd:0.58 | ed:0.844 | hr@1:0.744 | hr@2:0.879 | hr@3:0.925 | acc@1:0.744 | acc@2:0.666 | acc@3:0.633 | Best krc: 0.824 | Best epoch: 32
[2023-11-29 15:28:55] INFO (nni/MainThread) Intermediate result: 0.8224115918737694  (Index 66)
-----------------ETPA RESULT-------------------
Epoch 33: Validation	rmse: 17.99	mae: 14.14	mape: 33.11%	acc@10: 44.39%	acc@20: 75.74%	acc@30: 89.52%	
[2023-11-29 15:28:55] INFO (nni/MainThread) Intermediate result: 17.98749084847967  (Index 67)
*** Epoch: 34 ***
-----------------G2R RESULT-------------------

val result: krc:0.818 | lsd:0.61 | ed:0.861 | hr@1:0.751 | hr@2:0.867 | hr@3:0.922 | acc@1:0.751 | acc@2:0.66 | acc@3:0.629 | Best krc: 0.824 | Best epoch: 32
[2023-11-29 15:30:38] INFO (nni/MainThread) Intermediate result: 0.8178572448620545  (Index 68)
-----------------ETPA RESULT-------------------
Epoch 34: Validation	rmse: 17.97	mae: 14.12	mape: 32.99%	acc@10: 44.38%	acc@20: 75.8%	acc@30: 89.46%	
[2023-11-29 15:30:38] INFO (nni/MainThread) Intermediate result: 17.965926604277477  (Index 69)
*** Epoch: 35 ***
-----------------G2R RESULT-------------------

val result: krc:0.817 | lsd:0.59 | ed:0.864 | hr@1:0.736 | hr@2:0.878 | hr@3:0.926 | acc@1:0.736 | acc@2:0.658 | acc@3:0.625 | Best krc: 0.824 | Best epoch: 32
[2023-11-29 15:32:20] INFO (nni/MainThread) Intermediate result: 0.816952720957968  (Index 70)
-----------------ETPA RESULT-------------------
Epoch 35: Validation	rmse: 17.98	mae: 14.14	mape: 32.97%	acc@10: 44.27%	acc@20: 75.87%	acc@30: 89.41%	
[2023-11-29 15:32:20] INFO (nni/MainThread) Intermediate result: 17.97768319393297  (Index 71)
*** Epoch: 36 ***
-----------------G2R RESULT-------------------

val result: krc:0.814 | lsd:0.571 | ed:0.889 | hr@1:0.723 | hr@2:0.882 | hr@3:0.926 | acc@1:0.723 | acc@2:0.649 | acc@3:0.609 | Best krc: 0.824 | Best epoch: 32
[2023-11-29 15:34:03] INFO (nni/MainThread) Intermediate result: 0.8136133212040513  (Index 72)
-----------------ETPA RESULT-------------------
Epoch 36: Validation	rmse: 17.97	mae: 14.14	mape: 32.93%	acc@10: 44.17%	acc@20: 75.93%	acc@30: 89.36%	
[2023-11-29 15:34:03] INFO (nni/MainThread) Intermediate result: 17.974753739205372  (Index 73)
*** Epoch: 37 ***
-----------------G2R RESULT-------------------

val result: krc:0.82 | lsd:0.585 | ed:0.874 | hr@1:0.725 | hr@2:0.884 | hr@3:0.93 | acc@1:0.725 | acc@2:0.655 | acc@3:0.623 | Best krc: 0.824 | Best epoch: 32
[2023-11-29 15:35:45] INFO (nni/MainThread) Intermediate result: 0.8202465655285944  (Index 74)
-----------------ETPA RESULT-------------------
Epoch 37: Validation	rmse: 18.0	mae: 14.16	mape: 32.94%	acc@10: 44.0%	acc@20: 75.99%	acc@30: 89.31%	
[2023-11-29 15:35:45] INFO (nni/MainThread) Intermediate result: 18.003165946913363  (Index 75)
*** Epoch: 38 ***
-----------------G2R RESULT-------------------

val result: krc:0.819 | lsd:0.573 | ed:0.865 | hr@1:0.715 | hr@2:0.887 | hr@3:0.929 | acc@1:0.715 | acc@2:0.652 | acc@3:0.618 | Best krc: 0.824 | Best epoch: 32
[2023-11-29 15:37:29] INFO (nni/MainThread) Intermediate result: 0.8191827392352097  (Index 76)
-----------------ETPA RESULT-------------------
Epoch 38: Validation	rmse: 18.03	mae: 14.18	mape: 32.9%	acc@10: 43.99%	acc@20: 76.04%	acc@30: 89.26%	
[2023-11-29 15:37:29] INFO (nni/MainThread) Intermediate result: 18.031013463030753  (Index 77)
*** Epoch: 39 ***
-----------------G2R RESULT-------------------

val result: krc:0.821 | lsd:0.566 | ed:0.86 | hr@1:0.72 | hr@2:0.885 | hr@3:0.927 | acc@1:0.72 | acc@2:0.655 | acc@3:0.623 | Best krc: 0.824 | Best epoch: 32
[2023-11-29 15:39:11] INFO (nni/MainThread) Intermediate result: 0.8210652338155617  (Index 78)
-----------------ETPA RESULT-------------------
Epoch 39: Validation	rmse: 18.02	mae: 14.18	mape: 32.86%	acc@10: 43.83%	acc@20: 76.09%	acc@30: 89.3%	
[2023-11-29 15:39:11] INFO (nni/MainThread) Intermediate result: 18.020887150276465  (Index 79)
*** Epoch: 40 ***
-----------------G2R RESULT-------------------

val result: krc:0.822 | lsd:0.559 | ed:0.867 | hr@1:0.714 | hr@2:0.888 | hr@3:0.929 | acc@1:0.714 | acc@2:0.647 | acc@3:0.613 | Best krc: 0.824 | Best epoch: 32
[2023-11-29 15:40:54] INFO (nni/MainThread) Intermediate result: 0.8219880228275505  (Index 80)
-----------------ETPA RESULT-------------------
Epoch 40: Validation	rmse: 18.03	mae: 14.2	mape: 32.87%	acc@10: 43.67%	acc@20: 75.99%	acc@30: 89.25%	
[2023-11-29 15:40:54] INFO (nni/MainThread) Intermediate result: 18.03444305883765  (Index 81)
*** Epoch: 41 ***
-----------------G2R RESULT-------------------

val result: krc:0.819 | lsd:0.539 | ed:0.863 | hr@1:0.711 | hr@2:0.889 | hr@3:0.931 | acc@1:0.711 | acc@2:0.647 | acc@3:0.616 | Best krc: 0.824 | Best epoch: 32
[2023-11-29 15:42:38] INFO (nni/MainThread) Intermediate result: 0.8185065341952092  (Index 82)
-----------------ETPA RESULT-------------------
Epoch 41: Validation	rmse: 18.02	mae: 14.19	mape: 32.82%	acc@10: 43.68%	acc@20: 75.89%	acc@30: 89.21%	
[2023-11-29 15:42:38] INFO (nni/MainThread) Intermediate result: 18.022196452829007  (Index 83)
*** Epoch: 42 ***
-----------------G2R RESULT-------------------

val result: krc:0.822 | lsd:0.551 | ed:0.861 | hr@1:0.718 | hr@2:0.884 | hr@3:0.93 | acc@1:0.718 | acc@2:0.65 | acc@3:0.62 | Best krc: 0.824 | Best epoch: 32
[2023-11-29 15:44:22] INFO (nni/MainThread) Intermediate result: 0.8218436832079158  (Index 84)
-----------------ETPA RESULT-------------------
Epoch 42: Validation	rmse: 18.01	mae: 14.19	mape: 32.79%	acc@10: 43.68%	acc@20: 75.8%	acc@30: 89.32%	
[2023-11-29 15:44:22] INFO (nni/MainThread) Intermediate result: 18.00647349870884  (Index 85)
*** Epoch: 43 ***
-----------------G2R RESULT-------------------

val result: krc:0.801 | lsd:0.6 | ed:0.917 | hr@1:0.713 | hr@2:0.879 | hr@3:0.918 | acc@1:0.713 | acc@2:0.641 | acc@3:0.593 | Best krc: 0.824 | Best epoch: 32
[2023-11-29 15:46:05] INFO (nni/MainThread) Intermediate result: 0.8011019245212511  (Index 86)
-----------------ETPA RESULT-------------------
Epoch 43: Validation	rmse: 17.95	mae: 14.15	mape: 32.7%	acc@10: 43.68%	acc@20: 75.85%	acc@30: 89.42%	
[2023-11-29 15:46:06] INFO (nni/MainThread) Intermediate result: 17.952201387405804  (Index 87)
*** Epoch: 44 ***
-----------------G2R RESULT-------------------

val result: krc:0.816 | lsd:0.583 | ed:0.899 | hr@1:0.716 | hr@2:0.881 | hr@3:0.924 | acc@1:0.716 | acc@2:0.643 | acc@3:0.608 | Best krc: 0.824 | Best epoch: 32
[2023-11-29 15:47:50] INFO (nni/MainThread) Intermediate result: 0.8155206833038052  (Index 88)
-----------------ETPA RESULT-------------------
Epoch 44: Validation	rmse: 17.92	mae: 14.14	mape: 32.67%	acc@10: 43.68%	acc@20: 75.9%	acc@30: 89.44%	
[2023-11-29 15:47:50] INFO (nni/MainThread) Intermediate result: 17.92306702311888  (Index 89)
*** Epoch: 45 ***
-----------------G2R RESULT-------------------

val result: krc:0.824 | lsd:0.572 | ed:0.855 | hr@1:0.727 | hr@2:0.881 | hr@3:0.929 | acc@1:0.727 | acc@2:0.657 | acc@3:0.624 | Best krc: 0.824 | Best epoch: 32
[2023-11-29 15:49:33] INFO (nni/MainThread) Intermediate result: 0.8236573586901528  (Index 90)
-----------------ETPA RESULT-------------------
Epoch 45: Validation	rmse: 17.89	mae: 14.12	mape: 32.6%	acc@10: 43.61%	acc@20: 75.95%	acc@30: 89.47%	
[2023-11-29 15:49:33] INFO (nni/MainThread) Intermediate result: 17.88758493423695  (Index 91)
*** Epoch: 46 ***
-----------------G2R RESULT-------------------

val result: krc:0.818 | lsd:0.569 | ed:0.864 | hr@1:0.725 | hr@2:0.877 | hr@3:0.926 | acc@1:0.725 | acc@2:0.654 | acc@3:0.622 | Best krc: 0.824 | Best epoch: 32
[2023-11-29 15:51:18] INFO (nni/MainThread) Intermediate result: 0.8180406893305886  (Index 92)
-----------------ETPA RESULT-------------------
Epoch 46: Validation	rmse: 17.87	mae: 14.1	mape: 32.5%	acc@10: 43.82%	acc@20: 75.93%	acc@30: 89.43%	
[2023-11-29 15:51:18] INFO (nni/MainThread) Intermediate result: 17.873474884565702  (Index 93)
*** Epoch: 47 ***
-----------------G2R RESULT-------------------

val result: krc:0.802 | lsd:0.614 | ed:0.911 | hr@1:0.702 | hr@2:0.872 | hr@3:0.917 | acc@1:0.702 | acc@2:0.635 | acc@3:0.598 | Best krc: 0.824 | Best epoch: 32
[2023-11-29 15:53:02] INFO (nni/MainThread) Intermediate result: 0.8016108706270489  (Index 94)
-----------------ETPA RESULT-------------------
Epoch 47: Validation	rmse: 17.87	mae: 14.09	mape: 32.43%	acc@10: 43.75%	acc@20: 75.98%	acc@30: 89.39%	
[2023-11-29 15:53:02] INFO (nni/MainThread) Intermediate result: 17.865165384283554  (Index 95)
*** Epoch: 48 ***
-----------------G2R RESULT-------------------

val result: krc:0.816 | lsd:0.546 | ed:0.866 | hr@1:0.721 | hr@2:0.885 | hr@3:0.925 | acc@1:0.721 | acc@2:0.654 | acc@3:0.617 | Best krc: 0.824 | Best epoch: 32
[2023-11-29 15:54:45] INFO (nni/MainThread) Intermediate result: 0.8157666495838773  (Index 96)
-----------------ETPA RESULT-------------------
Epoch 48: Validation	rmse: 17.86	mae: 14.1	mape: 32.43%	acc@10: 43.75%	acc@20: 75.83%	acc@30: 89.41%	
[2023-11-29 15:54:45] INFO (nni/MainThread) Intermediate result: 17.85951661079809  (Index 97)
*** Epoch: 49 ***
-----------------G2R RESULT-------------------

val result: krc:0.814 | lsd:0.569 | ed:0.885 | hr@1:0.717 | hr@2:0.882 | hr@3:0.924 | acc@1:0.717 | acc@2:0.654 | acc@3:0.613 | Best krc: 0.824 | Best epoch: 32
[2023-11-29 15:56:29] INFO (nni/MainThread) Intermediate result: 0.8140006622472734  (Index 98)
-----------------ETPA RESULT-------------------
Epoch 49: Validation	rmse: 17.88	mae: 14.1	mape: 32.37%	acc@10: 43.75%	acc@20: 75.88%	acc@30: 89.38%	
[2023-11-29 15:56:29] INFO (nni/MainThread) Intermediate result: 17.87564516664902  (Index 99)
*** Epoch: 50 ***
-----------------G2R RESULT-------------------

val result: krc:0.828 | lsd:0.562 | ed:0.838 | hr@1:0.721 | hr@2:0.887 | hr@3:0.929 | acc@1:0.721 | acc@2:0.659 | acc@3:0.629 | Best krc: 0.824 | Best epoch: 32
best model saved
[2023-11-29 15:58:15] INFO (nni/MainThread) Intermediate result: 0.8281528670684771  (Index 100)
-----------------ETPA RESULT-------------------
Epoch 50: Validation	rmse: 17.91	mae: 14.14	mape: 32.4%	acc@10: 43.69%	acc@20: 75.61%	acc@30: 89.34%	
[2023-11-29 15:58:15] INFO (nni/MainThread) Intermediate result: 17.905520944137  (Index 101)
*** Epoch: 51 ***
-----------------G2R RESULT-------------------

val result: krc:0.825 | lsd:0.526 | ed:0.863 | hr@1:0.721 | hr@2:0.888 | hr@3:0.933 | acc@1:0.721 | acc@2:0.656 | acc@3:0.624 | Best krc: 0.828 | Best epoch: 50
[2023-11-29 15:59:59] INFO (nni/MainThread) Intermediate result: 0.8253075098636973  (Index 102)
-----------------ETPA RESULT-------------------
Epoch 51: Validation	rmse: 17.9	mae: 14.14	mape: 32.37%	acc@10: 43.75%	acc@20: 75.54%	acc@30: 89.36%	
[2023-11-29 16:00:00] INFO (nni/MainThread) Intermediate result: 17.90366822171097  (Index 103)
*** Epoch: 52 ***
-----------------G2R RESULT-------------------

val result: krc:0.826 | lsd:0.548 | ed:0.859 | hr@1:0.727 | hr@2:0.885 | hr@3:0.933 | acc@1:0.727 | acc@2:0.657 | acc@3:0.623 | Best krc: 0.828 | Best epoch: 50
[2023-11-29 16:01:45] INFO (nni/MainThread) Intermediate result: 0.8264583016135266  (Index 104)
-----------------ETPA RESULT-------------------
Epoch 52: Validation	rmse: 17.89	mae: 14.14	mape: 32.35%	acc@10: 43.69%	acc@20: 75.47%	acc@30: 89.39%	
[2023-11-29 16:01:45] INFO (nni/MainThread) Intermediate result: 17.89449765915438  (Index 105)
*** Epoch: 53 ***
-----------------G2R RESULT-------------------

val result: krc:0.825 | lsd:0.541 | ed:0.861 | hr@1:0.714 | hr@2:0.89 | hr@3:0.932 | acc@1:0.714 | acc@2:0.651 | acc@3:0.617 | Best krc: 0.828 | Best epoch: 50
[2023-11-29 16:03:29] INFO (nni/MainThread) Intermediate result: 0.8249733721880639  (Index 106)
-----------------ETPA RESULT-------------------
Epoch 53: Validation	rmse: 17.88	mae: 14.13	mape: 32.33%	acc@10: 43.69%	acc@20: 75.46%	acc@30: 89.47%	
[2023-11-29 16:03:29] INFO (nni/MainThread) Intermediate result: 17.87535034121219  (Index 107)
*** Epoch: 54 ***
-----------------G2R RESULT-------------------

val result: krc:0.832 | lsd:0.521 | ed:0.821 | hr@1:0.731 | hr@2:0.891 | hr@3:0.933 | acc@1:0.731 | acc@2:0.669 | acc@3:0.635 | Best krc: 0.828 | Best epoch: 50
best model saved
[2023-11-29 16:05:15] INFO (nni/MainThread) Intermediate result: 0.8315616599307024  (Index 108)
-----------------ETPA RESULT-------------------
Epoch 54: Validation	rmse: 17.84	mae: 14.11	mape: 32.27%	acc@10: 43.69%	acc@20: 75.51%	acc@30: 89.6%	
[2023-11-29 16:05:15] INFO (nni/MainThread) Intermediate result: 17.841344513943163  (Index 109)
*** Epoch: 55 ***
-----------------G2R RESULT-------------------

val result: krc:0.83 | lsd:0.535 | ed:0.818 | hr@1:0.735 | hr@2:0.889 | hr@3:0.934 | acc@1:0.735 | acc@2:0.669 | acc@3:0.636 | Best krc: 0.832 | Best epoch: 54
[2023-11-29 16:07:00] INFO (nni/MainThread) Intermediate result: 0.8304431771244188  (Index 110)
-----------------ETPA RESULT-------------------
Epoch 55: Validation	rmse: 17.83	mae: 14.13	mape: 32.31%	acc@10: 43.69%	acc@20: 75.33%	acc@30: 89.73%	
[2023-11-29 16:07:00] INFO (nni/MainThread) Intermediate result: 17.834827898914657  (Index 111)
*** Epoch: 56 ***
-----------------G2R RESULT-------------------

val result: krc:0.821 | lsd:0.569 | ed:0.849 | hr@1:0.73 | hr@2:0.887 | hr@3:0.929 | acc@1:0.73 | acc@2:0.666 | acc@3:0.627 | Best krc: 0.832 | Best epoch: 54
[2023-11-29 16:08:45] INFO (nni/MainThread) Intermediate result: 0.8209667735946704  (Index 112)
-----------------ETPA RESULT-------------------
Epoch 56: Validation	rmse: 17.86	mae: 14.16	mape: 32.35%	acc@10: 43.64%	acc@20: 75.11%	acc@30: 89.75%	
[2023-11-29 16:08:45] INFO (nni/MainThread) Intermediate result: 17.85954070458201  (Index 113)
*** Epoch: 57 ***
-----------------G2R RESULT-------------------

val result: krc:0.834 | lsd:0.511 | ed:0.806 | hr@1:0.732 | hr@2:0.892 | hr@3:0.934 | acc@1:0.732 | acc@2:0.669 | acc@3:0.639 | Best krc: 0.832 | Best epoch: 54
best model saved
[2023-11-29 16:10:31] INFO (nni/MainThread) Intermediate result: 0.8339367335606951  (Index 114)
-----------------ETPA RESULT-------------------
Epoch 57: Validation	rmse: 17.84	mae: 14.15	mape: 32.3%	acc@10: 43.7%	acc@20: 75.05%	acc@30: 89.82%	
[2023-11-29 16:10:31] INFO (nni/MainThread) Intermediate result: 17.84173447414416  (Index 115)
*** Epoch: 58 ***
-----------------G2R RESULT-------------------

val result: krc:0.808 | lsd:0.635 | ed:0.909 | hr@1:0.713 | hr@2:0.883 | hr@3:0.919 | acc@1:0.713 | acc@2:0.648 | acc@3:0.599 | Best krc: 0.834 | Best epoch: 57
[2023-11-29 16:12:15] INFO (nni/MainThread) Intermediate result: 0.8081949092705543  (Index 116)
-----------------ETPA RESULT-------------------
Epoch 58: Validation	rmse: 17.85	mae: 14.16	mape: 32.3%	acc@10: 43.64%	acc@20: 75.0%	acc@30: 89.88%	
[2023-11-29 16:12:15] INFO (nni/MainThread) Intermediate result: 17.846614310372843  (Index 117)
*** Epoch: 59 ***
-----------------G2R RESULT-------------------

val result: krc:0.825 | lsd:0.563 | ed:0.847 | hr@1:0.729 | hr@2:0.889 | hr@3:0.93 | acc@1:0.729 | acc@2:0.663 | acc@3:0.631 | Best krc: 0.834 | Best epoch: 57
[2023-11-29 16:14:01] INFO (nni/MainThread) Intermediate result: 0.8253668956511108  (Index 118)
-----------------ETPA RESULT-------------------
Epoch 59: Validation	rmse: 17.81	mae: 14.13	mape: 32.23%	acc@10: 43.7%	acc@20: 75.0%	acc@30: 90.05%	
[2023-11-29 16:14:01] INFO (nni/MainThread) Intermediate result: 17.81158630913626  (Index 119)
*** Epoch: 60 ***
-----------------G2R RESULT-------------------

val result: krc:0.816 | lsd:0.616 | ed:0.858 | hr@1:0.716 | hr@2:0.889 | hr@3:0.925 | acc@1:0.716 | acc@2:0.659 | acc@3:0.619 | Best krc: 0.834 | Best epoch: 57
[2023-11-29 16:15:47] INFO (nni/MainThread) Intermediate result: 0.8162185269749764  (Index 120)
-----------------ETPA RESULT-------------------
Epoch 60: Validation	rmse: 17.78	mae: 14.12	mape: 32.21%	acc@10: 43.6%	acc@20: 75.05%	acc@30: 90.11%	
[2023-11-29 16:15:48] INFO (nni/MainThread) Intermediate result: 17.780959667502742  (Index 121)
*** Epoch: 61 ***
-----------------G2R RESULT-------------------

val result: krc:0.828 | lsd:0.558 | ed:0.837 | hr@1:0.74 | hr@2:0.89 | hr@3:0.93 | acc@1:0.74 | acc@2:0.673 | acc@3:0.639 | Best krc: 0.834 | Best epoch: 57
[2023-11-29 16:17:32] INFO (nni/MainThread) Intermediate result: 0.8280601236526027  (Index 122)
-----------------ETPA RESULT-------------------
Epoch 61: Validation	rmse: 17.77	mae: 14.13	mape: 32.23%	acc@10: 43.65%	acc@20: 74.95%	acc@30: 90.17%	
[2023-11-29 16:17:33] INFO (nni/MainThread) Intermediate result: 17.774924927263307  (Index 123)
*** Epoch: 62 ***
-----------------G2R RESULT-------------------

val result: krc:0.833 | lsd:0.517 | ed:0.81 | hr@1:0.734 | hr@2:0.891 | hr@3:0.934 | acc@1:0.734 | acc@2:0.67 | acc@3:0.64 | Best krc: 0.834 | Best epoch: 57
[2023-11-29 16:19:18] INFO (nni/MainThread) Intermediate result: 0.8326690378723611  (Index 124)
-----------------ETPA RESULT-------------------
Epoch 62: Validation	rmse: 17.75	mae: 14.1	mape: 32.15%	acc@10: 43.7%	acc@20: 74.95%	acc@30: 90.23%	
[2023-11-29 16:19:18] INFO (nni/MainThread) Intermediate result: 17.747531302164433  (Index 125)
*** Epoch: 63 ***
-----------------G2R RESULT-------------------

val result: krc:0.832 | lsd:0.501 | ed:0.829 | hr@1:0.731 | hr@2:0.894 | hr@3:0.932 | acc@1:0.731 | acc@2:0.666 | acc@3:0.631 | Best krc: 0.834 | Best epoch: 57
[2023-11-29 16:21:03] INFO (nni/MainThread) Intermediate result: 0.8318541478926262  (Index 126)
-----------------ETPA RESULT-------------------
Epoch 63: Validation	rmse: 17.74	mae: 14.1	mape: 32.13%	acc@10: 43.65%	acc@20: 74.95%	acc@30: 90.23%	
[2023-11-29 16:21:03] INFO (nni/MainThread) Intermediate result: 17.742701719861948  (Index 127)
*** Epoch: 64 ***
-----------------G2R RESULT-------------------

val result: krc:0.817 | lsd:0.604 | ed:0.863 | hr@1:0.722 | hr@2:0.887 | hr@3:0.927 | acc@1:0.722 | acc@2:0.659 | acc@3:0.62 | Best krc: 0.834 | Best epoch: 57
[2023-11-29 16:22:48] INFO (nni/MainThread) Intermediate result: 0.8170869908080226  (Index 128)
-----------------ETPA RESULT-------------------
Epoch 64: Validation	rmse: 17.77	mae: 14.13	mape: 32.15%	acc@10: 43.51%	acc@20: 74.9%	acc@30: 90.19%	
[2023-11-29 16:22:48] INFO (nni/MainThread) Intermediate result: 17.772966739728822  (Index 129)
*** Epoch: 65 ***
-----------------G2R RESULT-------------------

val result: krc:0.832 | lsd:0.526 | ed:0.811 | hr@1:0.739 | hr@2:0.893 | hr@3:0.931 | acc@1:0.739 | acc@2:0.677 | acc@3:0.641 | Best krc: 0.834 | Best epoch: 57
[2023-11-29 16:24:34] INFO (nni/MainThread) Intermediate result: 0.8315580210814142  (Index 130)
-----------------ETPA RESULT-------------------
Epoch 65: Validation	rmse: 17.82	mae: 14.15	mape: 32.15%	acc@10: 43.47%	acc@20: 74.86%	acc@30: 90.15%	
[2023-11-29 16:24:34] INFO (nni/MainThread) Intermediate result: 17.816950471811047  (Index 131)
*** Epoch: 66 ***
-----------------G2R RESULT-------------------

val result: krc:0.824 | lsd:0.566 | ed:0.843 | hr@1:0.723 | hr@2:0.89 | hr@3:0.928 | acc@1:0.723 | acc@2:0.661 | acc@3:0.626 | Best krc: 0.834 | Best epoch: 57
[2023-11-29 16:26:21] INFO (nni/MainThread) Intermediate result: 0.8241881139476243  (Index 132)
-----------------ETPA RESULT-------------------
Epoch 66: Validation	rmse: 17.83	mae: 14.16	mape: 32.12%	acc@10: 43.42%	acc@20: 74.86%	acc@30: 90.11%	
[2023-11-29 16:26:21] INFO (nni/MainThread) Intermediate result: 17.830110220785073  (Index 133)
*** Epoch: 67 ***
-----------------G2R RESULT-------------------

val result: krc:0.796 | lsd:0.592 | ed:0.926 | hr@1:0.693 | hr@2:0.881 | hr@3:0.92 | acc@1:0.693 | acc@2:0.627 | acc@3:0.585 | Best krc: 0.834 | Best epoch: 57
[2023-11-29 16:28:08] INFO (nni/MainThread) Intermediate result: 0.7963257057441577  (Index 134)
-----------------ETPA RESULT-------------------
Epoch 67: Validation	rmse: 17.85	mae: 14.17	mape: 32.11%	acc@10: 43.38%	acc@20: 74.86%	acc@30: 90.07%	
[2023-11-29 16:28:08] INFO (nni/MainThread) Intermediate result: 17.846694159267393  (Index 135)
*** Epoch: 68 ***
-----------------G2R RESULT-------------------

val result: krc:0.832 | lsd:0.559 | ed:0.822 | hr@1:0.744 | hr@2:0.887 | hr@3:0.93 | acc@1:0.744 | acc@2:0.675 | acc@3:0.64 | Best krc: 0.834 | Best epoch: 57
[2023-11-29 16:29:55] INFO (nni/MainThread) Intermediate result: 0.8322932414231059  (Index 136)
-----------------ETPA RESULT-------------------
Epoch 68: Validation	rmse: 17.84	mae: 14.17	mape: 32.08%	acc@10: 43.43%	acc@20: 74.86%	acc@30: 90.08%	
[2023-11-29 16:29:55] INFO (nni/MainThread) Intermediate result: 17.84107941850017  (Index 137)
*** Epoch: 69 ***
-----------------G2R RESULT-------------------

val result: krc:0.828 | lsd:0.543 | ed:0.836 | hr@1:0.733 | hr@2:0.887 | hr@3:0.929 | acc@1:0.733 | acc@2:0.664 | acc@3:0.633 | Best krc: 0.834 | Best epoch: 57
[2023-11-29 16:31:43] INFO (nni/MainThread) Intermediate result: 0.8275297592656577  (Index 138)
-----------------ETPA RESULT-------------------
Epoch 69: Validation	rmse: 17.83	mae: 14.17	mape: 32.1%	acc@10: 43.35%	acc@20: 74.82%	acc@30: 90.13%	
[2023-11-29 16:31:43] INFO (nni/MainThread) Intermediate result: 17.831810830772444  (Index 139)
*** Epoch: 70 ***
-----------------G2R RESULT-------------------

val result: krc:0.822 | lsd:0.55 | ed:0.853 | hr@1:0.727 | hr@2:0.884 | hr@3:0.926 | acc@1:0.727 | acc@2:0.661 | acc@3:0.625 | Best krc: 0.834 | Best epoch: 57
[2023-11-29 16:33:31] INFO (nni/MainThread) Intermediate result: 0.8215397169835298  (Index 140)
-----------------ETPA RESULT-------------------
Epoch 70: Validation	rmse: 17.83	mae: 14.16	mape: 32.04%	acc@10: 43.4%	acc@20: 74.82%	acc@30: 90.1%	
[2023-11-29 16:33:31] INFO (nni/MainThread) Intermediate result: 17.82551932558992  (Index 141)
*** Epoch: 71 ***
-----------------G2R RESULT-------------------

val result: krc:0.824 | lsd:0.585 | ed:0.845 | hr@1:0.752 | hr@2:0.878 | hr@3:0.925 | acc@1:0.752 | acc@2:0.67 | acc@3:0.632 | Best krc: 0.834 | Best epoch: 57
[2023-11-29 16:35:19] INFO (nni/MainThread) Intermediate result: 0.824393356566509  (Index 142)
-----------------ETPA RESULT-------------------
Epoch 71: Validation	rmse: 17.82	mae: 14.16	mape: 32.02%	acc@10: 43.36%	acc@20: 74.83%	acc@30: 90.1%	
[2023-11-29 16:35:19] INFO (nni/MainThread) Intermediate result: 17.82258992906814  (Index 143)
*** Epoch: 72 ***
-----------------G2R RESULT-------------------

val result: krc:0.822 | lsd:0.56 | ed:0.848 | hr@1:0.711 | hr@2:0.89 | hr@3:0.929 | acc@1:0.711 | acc@2:0.652 | acc@3:0.622 | Best krc: 0.834 | Best epoch: 57
[2023-11-29 16:37:07] INFO (nni/MainThread) Intermediate result: 0.8218840147043033  (Index 144)
-----------------ETPA RESULT-------------------
Epoch 72: Validation	rmse: 17.83	mae: 14.16	mape: 31.99%	acc@10: 43.32%	acc@20: 74.83%	acc@30: 90.07%	
[2023-11-29 16:37:07] INFO (nni/MainThread) Intermediate result: 17.83316057800759  (Index 145)
*** Epoch: 73 ***
-----------------G2R RESULT-------------------

val result: krc:0.826 | lsd:0.533 | ed:0.851 | hr@1:0.721 | hr@2:0.889 | hr@3:0.929 | acc@1:0.721 | acc@2:0.656 | acc@3:0.623 | Best krc: 0.834 | Best epoch: 57
[2023-11-29 16:38:54] INFO (nni/MainThread) Intermediate result: 0.8255316957896754  (Index 146)
-----------------ETPA RESULT-------------------
Epoch 73: Validation	rmse: 17.81	mae: 14.15	mape: 31.95%	acc@10: 43.29%	acc@20: 74.92%	acc@30: 90.12%	
[2023-11-29 16:38:54] INFO (nni/MainThread) Intermediate result: 17.80958730548236  (Index 147)
*** Epoch: 74 ***
-----------------G2R RESULT-------------------

val result: krc:0.811 | lsd:0.572 | ed:0.893 | hr@1:0.714 | hr@2:0.883 | hr@3:0.923 | acc@1:0.714 | acc@2:0.645 | acc@3:0.603 | Best krc: 0.834 | Best epoch: 57
[2023-11-29 16:40:42] INFO (nni/MainThread) Intermediate result: 0.8105046195120528  (Index 148)
-----------------ETPA RESULT-------------------
Epoch 74: Validation	rmse: 17.8	mae: 14.15	mape: 31.91%	acc@10: 43.33%	acc@20: 74.88%	acc@30: 90.08%	
[2023-11-29 16:40:42] INFO (nni/MainThread) Intermediate result: 17.80308682754798  (Index 149)
*** Epoch: 75 ***
-----------------G2R RESULT-------------------

val result: krc:0.831 | lsd:0.541 | ed:0.808 | hr@1:0.739 | hr@2:0.89 | hr@3:0.933 | acc@1:0.739 | acc@2:0.675 | acc@3:0.64 | Best krc: 0.834 | Best epoch: 57
[2023-11-29 16:42:32] INFO (nni/MainThread) Intermediate result: 0.8314889023590379  (Index 150)
-----------------ETPA RESULT-------------------
Epoch 75: Validation	rmse: 17.82	mae: 14.16	mape: 31.91%	acc@10: 43.34%	acc@20: 74.88%	acc@30: 90.05%	
[2023-11-29 16:42:32] INFO (nni/MainThread) Intermediate result: 17.8184535005425  (Index 151)
*** Epoch: 76 ***
-----------------G2R RESULT-------------------

val result: krc:0.83 | lsd:0.538 | ed:0.823 | hr@1:0.745 | hr@2:0.888 | hr@3:0.931 | acc@1:0.745 | acc@2:0.678 | acc@3:0.643 | Best krc: 0.834 | Best epoch: 57
[2023-11-29 16:44:22] INFO (nni/MainThread) Intermediate result: 0.830288495937818  (Index 152)
-----------------ETPA RESULT-------------------
Epoch 76: Validation	rmse: 17.84	mae: 14.18	mape: 31.93%	acc@10: 43.38%	acc@20: 74.76%	acc@30: 90.02%	
[2023-11-29 16:44:22] INFO (nni/MainThread) Intermediate result: 17.83881496479286  (Index 153)
*** Epoch: 77 ***
-----------------G2R RESULT-------------------

val result: krc:0.832 | lsd:0.535 | ed:0.812 | hr@1:0.751 | hr@2:0.888 | hr@3:0.931 | acc@1:0.751 | acc@2:0.681 | acc@3:0.647 | Best krc: 0.834 | Best epoch: 57
[2023-11-29 16:46:11] INFO (nni/MainThread) Intermediate result: 0.8323035198942501  (Index 154)
-----------------ETPA RESULT-------------------
Epoch 77: Validation	rmse: 17.86	mae: 14.2	mape: 31.95%	acc@10: 43.39%	acc@20: 74.64%	acc@30: 89.98%	
[2023-11-29 16:46:11] INFO (nni/MainThread) Intermediate result: 17.862050556229008  (Index 155)
loaded model path: /home/sentanoe/joint_training/data/dataset/food_pd/sort_model/hidden_size-8.gcnru-pd_1701264606.5163351701264606.5163462
best model loaded !!!
krc:0.821 | lsd:0.395 | ed:0.86 | hr@1:0.73 | hr@2:0.918 | hr@3:0.949 | acc@1:0.73 | acc@2:0.667 | acc@3:0.621 |

-------------------------------------------------------------
Best epoch for G2R:  57
Best epoch for ETPA:  63
graph2route_pd Evaluation in test: krc:0.821 | lsd:0.395 | ed:0.86 | hr@1:0.73 | hr@2:0.918 | hr@3:0.949 | acc@1:0.73 | acc@2:0.667 | acc@3:0.621 |
RankPETA Evaluation in test: rmse: 10.52	mae: 8.52	mape: 61.23%	acc@10: 60.0%	acc@20: 95.0%	acc@30: 100.0%	
