Device:  cuda
{'alpha_loss': 0.5,
 'batch_size': 64,
 'dataset': 'food_pd',
 'datatype': 'order',
 'device': device(type='cuda'),
 'early_stop': 10,
 'edge_fea_dim': 5,
 'embedding_dim': 64,
 'eval_end_1': 11,
 'eval_end_2': 25,
 'eval_start': 1,
 'gcn_num_layers': 2,
 'hidden_size': 8,
 'is_eval': False,
 'is_test': False,
 'k_min_nodes': 3,
 'k_nearest_neighbors': 'n-1',
 'lr': 0.0005,
 'max_task_num': 25,
 'min_task_num': 0,
 'modelArrivalTime': 'RankPETA',
 'modelRoute': 'graph2route_pd',
 'no_cuda': False,
 'node_fea_dim': 8,
 'node_features_test': '/home/sentanoe/joint_training/data/dataset/food_pd/node_features_test_full.npy',
 'node_features_train': '/home/sentanoe/joint_training/data/dataset/food_pd/node_features_train_full.npy',
 'node_features_val': '/home/sentanoe/joint_training/data/dataset/food_pd/node_features_val_full.npy',
 'num_block': 2,
 'num_epoch': 1000,
 'num_head': 4,
 'num_worker_logistics': 2346,
 'num_worker_pd': 920,
 'pad_value': 26,
 'seed': 1999,
 'sort_mode': 'pnn_order',
 'spatial_encoder': 'gatv2',
 'temporal_encoder': 'tft',
 'test_path': '/home/sentanoe/joint_training/data/dataset/food_pd/test_full.npy',
 'train_mode': 'sort',
 'train_path': '/home/sentanoe/joint_training/data/dataset/food_pd/train_full.npy',
 'val_path': '/home/sentanoe/joint_training/data/dataset/food_pd/val_full.npy',
 'wd': 1e-05,
 'worker_emb_dim': 10,
 'workers': 2}
last_x_size:13;unpick_x_size:12;input_size:53
#train:2521 | #val:1257 | #test:1261
*** Epoch: 0 ***
-----------------G2R RESULT-------------------

val result: krc:0.634 | lsd:1.221 | ed:1.339 | hr@1:0.583 | hr@2:0.779 | hr@3:0.844 | acc@1:0.583 | acc@2:0.488 | acc@3:0.435 | Best krc: -1 | Best epoch: -1
best model saved
[2023-12-06 18:30:13] INFO (nni/MainThread) Intermediate result: 0.6342386195643739  (Index 0)
-----------------ETPA RESULT-------------------
Epoch 0: Validation	rmse: 29.94	mae: 24.99	mape: 85.07%	acc@10: 19.63%	acc@20: 42.22%	acc@30: 68.52%	
[2023-12-06 18:30:13] INFO (nni/MainThread) Intermediate result: 29.942929725184605  (Index 1)
*** Epoch: 1 ***
-----------------G2R RESULT-------------------

val result: krc:0.708 | lsd:0.901 | ed:1.18 | hr@1:0.601 | hr@2:0.831 | hr@3:0.877 | acc@1:0.601 | acc@2:0.537 | acc@3:0.48 | Best krc: 0.634 | Best epoch: 0
best model saved
[2023-12-06 18:32:04] INFO (nni/MainThread) Intermediate result: 0.7084622417372747  (Index 2)
-----------------ETPA RESULT-------------------
Epoch 1: Validation	rmse: 27.35	mae: 22.06	mape: 74.12%	acc@10: 26.3%	acc@20: 52.22%	acc@30: 73.89%	
[2023-12-06 18:32:04] INFO (nni/MainThread) Intermediate result: 27.351574115039917  (Index 3)
*** Epoch: 2 ***
-----------------G2R RESULT-------------------

val result: krc:0.741 | lsd:0.794 | ed:1.097 | hr@1:0.628 | hr@2:0.847 | hr@3:0.895 | acc@1:0.628 | acc@2:0.563 | acc@3:0.508 | Best krc: 0.708 | Best epoch: 1
best model saved
[2023-12-06 18:33:55] INFO (nni/MainThread) Intermediate result: 0.7408867703576929  (Index 4)
-----------------ETPA RESULT-------------------
Epoch 2: Validation	rmse: 24.22	mae: 19.43	mape: 79.81%	acc@10: 31.23%	acc@20: 59.63%	acc@30: 79.75%	
[2023-12-06 18:33:55] INFO (nni/MainThread) Intermediate result: 24.22385624778778  (Index 5)
*** Epoch: 3 ***
-----------------G2R RESULT-------------------

val result: krc:0.758 | lsd:0.743 | ed:1.03 | hr@1:0.629 | hr@2:0.857 | hr@3:0.904 | acc@1:0.629 | acc@2:0.572 | acc@3:0.53 | Best krc: 0.741 | Best epoch: 2
best model saved
[2023-12-06 18:35:45] INFO (nni/MainThread) Intermediate result: 0.7584528215310901  (Index 6)
-----------------ETPA RESULT-------------------
Epoch 3: Validation	rmse: 23.18	mae: 18.61	mape: 89.45%	acc@10: 31.85%	acc@20: 61.39%	acc@30: 81.76%	
[2023-12-06 18:35:45] INFO (nni/MainThread) Intermediate result: 23.18165193928279  (Index 7)
*** Epoch: 4 ***
-----------------G2R RESULT-------------------

val result: krc:0.767 | lsd:0.692 | ed:1.006 | hr@1:0.646 | hr@2:0.861 | hr@3:0.906 | acc@1:0.646 | acc@2:0.587 | acc@3:0.539 | Best krc: 0.758 | Best epoch: 3
best model saved
[2023-12-06 18:37:33] INFO (nni/MainThread) Intermediate result: 0.7669053817807643  (Index 8)
-----------------ETPA RESULT-------------------
Epoch 4: Validation	rmse: 22.97	mae: 18.47	mape: 98.38%	acc@10: 31.56%	acc@20: 61.41%	acc@30: 81.93%	
[2023-12-06 18:37:34] INFO (nni/MainThread) Intermediate result: 22.97203337713735  (Index 9)
*** Epoch: 5 ***
-----------------G2R RESULT-------------------

val result: krc:0.759 | lsd:0.722 | ed:1.024 | hr@1:0.631 | hr@2:0.856 | hr@3:0.906 | acc@1:0.631 | acc@2:0.571 | acc@3:0.531 | Best krc: 0.767 | Best epoch: 4
[2023-12-06 18:39:21] INFO (nni/MainThread) Intermediate result: 0.758523766473045  (Index 10)
-----------------ETPA RESULT-------------------
Epoch 5: Validation	rmse: 22.91	mae: 18.48	mape: 105.35%	acc@10: 31.48%	acc@20: 61.17%	acc@30: 81.91%	
[2023-12-06 18:39:21] INFO (nni/MainThread) Intermediate result: 22.911195034320208  (Index 11)
*** Epoch: 6 ***
-----------------G2R RESULT-------------------

val result: krc:0.768 | lsd:0.669 | ed:0.997 | hr@1:0.639 | hr@2:0.863 | hr@3:0.912 | acc@1:0.639 | acc@2:0.58 | acc@3:0.543 | Best krc: 0.767 | Best epoch: 4
best model saved
[2023-12-06 18:41:08] INFO (nni/MainThread) Intermediate result: 0.767641386128487  (Index 12)
-----------------ETPA RESULT-------------------
Epoch 6: Validation	rmse: 22.88	mae: 18.45	mape: 109.45%	acc@10: 31.96%	acc@20: 61.22%	acc@30: 82.06%	
[2023-12-06 18:41:08] INFO (nni/MainThread) Intermediate result: 22.882709093099116  (Index 13)
*** Epoch: 7 ***
-----------------G2R RESULT-------------------

val result: krc:0.771 | lsd:0.682 | ed:0.986 | hr@1:0.639 | hr@2:0.864 | hr@3:0.909 | acc@1:0.639 | acc@2:0.581 | acc@3:0.542 | Best krc: 0.768 | Best epoch: 6
best model saved
[2023-12-06 18:43:03] INFO (nni/MainThread) Intermediate result: 0.7710491882245272  (Index 14)
-----------------ETPA RESULT-------------------
Epoch 7: Validation	rmse: 22.9	mae: 18.47	mape: 113.53%	acc@10: 31.76%	acc@20: 61.2%	acc@30: 82.36%	
[2023-12-06 18:43:03] INFO (nni/MainThread) Intermediate result: 22.903159484999033  (Index 15)
*** Epoch: 8 ***
-----------------G2R RESULT-------------------

val result: krc:0.774 | lsd:0.677 | ed:0.98 | hr@1:0.643 | hr@2:0.866 | hr@3:0.909 | acc@1:0.643 | acc@2:0.59 | acc@3:0.544 | Best krc: 0.771 | Best epoch: 7
best model saved
[2023-12-06 18:44:52] INFO (nni/MainThread) Intermediate result: 0.7738097501455612  (Index 16)
-----------------ETPA RESULT-------------------
Epoch 8: Validation	rmse: 22.59	mae: 18.25	mape: 114.65%	acc@10: 31.73%	acc@20: 61.93%	acc@30: 82.92%	
[2023-12-06 18:44:52] INFO (nni/MainThread) Intermediate result: 22.590548720207078  (Index 17)
*** Epoch: 9 ***
-----------------G2R RESULT-------------------

val result: krc:0.769 | lsd:0.682 | ed:0.991 | hr@1:0.633 | hr@2:0.862 | hr@3:0.912 | acc@1:0.633 | acc@2:0.581 | acc@3:0.542 | Best krc: 0.774 | Best epoch: 8
[2023-12-06 18:46:41] INFO (nni/MainThread) Intermediate result: 0.7691777790947008  (Index 18)
-----------------ETPA RESULT-------------------
Epoch 9: Validation	rmse: 22.22	mae: 17.97	mape: 114.63%	acc@10: 32.15%	acc@20: 62.67%	acc@30: 83.63%	
[2023-12-06 18:46:41] INFO (nni/MainThread) Intermediate result: 22.22402250949819  (Index 19)
*** Epoch: 10 ***
-----------------G2R RESULT-------------------

val result: krc:0.774 | lsd:0.67 | ed:0.967 | hr@1:0.647 | hr@2:0.861 | hr@3:0.912 | acc@1:0.647 | acc@2:0.591 | acc@3:0.554 | Best krc: 0.774 | Best epoch: 8
best model saved
[2023-12-06 18:48:30] INFO (nni/MainThread) Intermediate result: 0.7742526585464933  (Index 20)
-----------------ETPA RESULT-------------------
Epoch 10: Validation	rmse: 22.05	mae: 17.84	mape: 115.64%	acc@10: 32.15%	acc@20: 62.96%	acc@30: 83.87%	
[2023-12-06 18:48:30] INFO (nni/MainThread) Intermediate result: 22.045223760541056  (Index 21)
*** Epoch: 11 ***
-----------------G2R RESULT-------------------

val result: krc:0.775 | lsd:0.687 | ed:0.984 | hr@1:0.649 | hr@2:0.864 | hr@3:0.912 | acc@1:0.649 | acc@2:0.59 | acc@3:0.551 | Best krc: 0.774 | Best epoch: 10
best model saved
[2023-12-06 18:50:21] INFO (nni/MainThread) Intermediate result: 0.7746722726171784  (Index 22)
-----------------ETPA RESULT-------------------
Epoch 11: Validation	rmse: 21.66	mae: 17.49	mape: 114.45%	acc@10: 33.15%	acc@20: 63.95%	acc@30: 84.69%	
[2023-12-06 18:50:21] INFO (nni/MainThread) Intermediate result: 21.65687462154483  (Index 23)
*** Epoch: 12 ***
-----------------G2R RESULT-------------------

val result: krc:0.779 | lsd:0.667 | ed:0.964 | hr@1:0.649 | hr@2:0.864 | hr@3:0.915 | acc@1:0.649 | acc@2:0.589 | acc@3:0.554 | Best krc: 0.775 | Best epoch: 11
best model saved
[2023-12-06 18:52:09] INFO (nni/MainThread) Intermediate result: 0.7794179575465103  (Index 24)
-----------------ETPA RESULT-------------------
Epoch 12: Validation	rmse: 21.29	mae: 17.16	mape: 113.07%	acc@10: 34.3%	acc@20: 64.87%	acc@30: 85.38%	
[2023-12-06 18:52:09] INFO (nni/MainThread) Intermediate result: 21.293692090097167  (Index 25)
*** Epoch: 13 ***
-----------------G2R RESULT-------------------

val result: krc:0.793 | lsd:0.666 | ed:0.933 | hr@1:0.686 | hr@2:0.864 | hr@3:0.914 | acc@1:0.686 | acc@2:0.619 | acc@3:0.58 | Best krc: 0.779 | Best epoch: 12
best model saved
[2023-12-06 18:53:56] INFO (nni/MainThread) Intermediate result: 0.7934591794058345  (Index 26)
-----------------ETPA RESULT-------------------
Epoch 13: Validation	rmse: 21.07	mae: 16.97	mape: 112.87%	acc@10: 34.89%	acc@20: 65.34%	acc@30: 85.82%	
[2023-12-06 18:53:56] INFO (nni/MainThread) Intermediate result: 21.06784350702602  (Index 27)
*** Epoch: 14 ***
-----------------G2R RESULT-------------------

val result: krc:0.794 | lsd:0.636 | ed:0.918 | hr@1:0.692 | hr@2:0.864 | hr@3:0.915 | acc@1:0.692 | acc@2:0.618 | acc@3:0.584 | Best krc: 0.793 | Best epoch: 13
best model saved
[2023-12-06 18:55:45] INFO (nni/MainThread) Intermediate result: 0.79359636104717  (Index 28)
-----------------ETPA RESULT-------------------
Epoch 14: Validation	rmse: 20.74	mae: 16.68	mape: 111.43%	acc@10: 35.88%	acc@20: 66.12%	acc@30: 86.37%	
[2023-12-06 18:55:45] INFO (nni/MainThread) Intermediate result: 20.739577542914155  (Index 29)
*** Epoch: 15 ***
-----------------G2R RESULT-------------------

val result: krc:0.789 | lsd:0.65 | ed:0.947 | hr@1:0.673 | hr@2:0.868 | hr@3:0.914 | acc@1:0.673 | acc@2:0.609 | acc@3:0.569 | Best krc: 0.794 | Best epoch: 14
[2023-12-06 18:57:33] INFO (nni/MainThread) Intermediate result: 0.7891523880417628  (Index 30)
-----------------ETPA RESULT-------------------
Epoch 15: Validation	rmse: 20.49	mae: 16.46	mape: 110.59%	acc@10: 36.41%	acc@20: 66.67%	acc@30: 86.81%	
[2023-12-06 18:57:33] INFO (nni/MainThread) Intermediate result: 20.48592755043423  (Index 31)
*** Epoch: 16 ***
-----------------G2R RESULT-------------------

val result: krc:0.79 | lsd:0.65 | ed:0.938 | hr@1:0.673 | hr@2:0.864 | hr@3:0.912 | acc@1:0.673 | acc@2:0.608 | acc@3:0.568 | Best krc: 0.794 | Best epoch: 14
[2023-12-06 18:59:23] INFO (nni/MainThread) Intermediate result: 0.7896474673037858  (Index 32)
-----------------ETPA RESULT-------------------
Epoch 16: Validation	rmse: 20.24	mae: 16.25	mape: 109.64%	acc@10: 37.06%	acc@20: 67.28%	acc@30: 87.23%	
[2023-12-06 18:59:23] INFO (nni/MainThread) Intermediate result: 20.236902256553545  (Index 33)
*** Epoch: 17 ***
-----------------G2R RESULT-------------------

val result: krc:0.791 | lsd:0.636 | ed:0.939 | hr@1:0.673 | hr@2:0.868 | hr@3:0.916 | acc@1:0.673 | acc@2:0.607 | acc@3:0.572 | Best krc: 0.794 | Best epoch: 14
[2023-12-06 19:01:13] INFO (nni/MainThread) Intermediate result: 0.790583314238758  (Index 34)
-----------------ETPA RESULT-------------------
Epoch 17: Validation	rmse: 20.07	mae: 16.11	mape: 109.25%	acc@10: 37.33%	acc@20: 67.63%	acc@30: 87.51%	
[2023-12-06 19:01:13] INFO (nni/MainThread) Intermediate result: 20.065084212729854  (Index 35)
*** Epoch: 18 ***
-----------------G2R RESULT-------------------

val result: krc:0.789 | lsd:0.645 | ed:0.947 | hr@1:0.668 | hr@2:0.866 | hr@3:0.916 | acc@1:0.668 | acc@2:0.604 | acc@3:0.572 | Best krc: 0.794 | Best epoch: 14
[2023-12-06 19:03:03] INFO (nni/MainThread) Intermediate result: 0.7885178935463153  (Index 36)
-----------------ETPA RESULT-------------------
Epoch 18: Validation	rmse: 19.85	mae: 15.93	mape: 108.46%	acc@10: 37.88%	acc@20: 68.11%	acc@30: 87.88%	
[2023-12-06 19:03:03] INFO (nni/MainThread) Intermediate result: 19.85282448786138  (Index 37)
*** Epoch: 19 ***
-----------------G2R RESULT-------------------

val result: krc:0.788 | lsd:0.645 | ed:0.958 | hr@1:0.676 | hr@2:0.869 | hr@3:0.915 | acc@1:0.676 | acc@2:0.613 | acc@3:0.574 | Best krc: 0.794 | Best epoch: 14
[2023-12-06 19:04:52] INFO (nni/MainThread) Intermediate result: 0.78814273711519  (Index 38)
-----------------ETPA RESULT-------------------
Epoch 19: Validation	rmse: 19.63	mae: 15.74	mape: 107.43%	acc@10: 38.44%	acc@20: 68.74%	acc@30: 88.28%	
[2023-12-06 19:04:52] INFO (nni/MainThread) Intermediate result: 19.626257076634662  (Index 39)
*** Epoch: 20 ***
-----------------G2R RESULT-------------------

val result: krc:0.798 | lsd:0.657 | ed:0.93 | hr@1:0.694 | hr@2:0.869 | hr@3:0.919 | acc@1:0.694 | acc@2:0.624 | acc@3:0.592 | Best krc: 0.794 | Best epoch: 14
best model saved
[2023-12-06 19:06:39] INFO (nni/MainThread) Intermediate result: 0.7979988513001193  (Index 40)
-----------------ETPA RESULT-------------------
Epoch 20: Validation	rmse: 19.46	mae: 15.61	mape: 106.98%	acc@10: 38.62%	acc@20: 69.15%	acc@30: 88.52%	
[2023-12-06 19:06:39] INFO (nni/MainThread) Intermediate result: 19.464308240784543  (Index 41)
*** Epoch: 21 ***
-----------------G2R RESULT-------------------

val result: krc:0.797 | lsd:0.651 | ed:0.933 | hr@1:0.681 | hr@2:0.868 | hr@3:0.92 | acc@1:0.681 | acc@2:0.618 | acc@3:0.59 | Best krc: 0.798 | Best epoch: 20
[2023-12-06 19:08:26] INFO (nni/MainThread) Intermediate result: 0.7965068716446067  (Index 42)
-----------------ETPA RESULT-------------------
Epoch 21: Validation	rmse: 19.28	mae: 15.46	mape: 106.16%	acc@10: 39.09%	acc@20: 69.71%	acc@30: 88.82%	
[2023-12-06 19:08:26] INFO (nni/MainThread) Intermediate result: 19.28337566682306  (Index 43)
*** Epoch: 22 ***
-----------------G2R RESULT-------------------

val result: krc:0.805 | lsd:0.606 | ed:0.899 | hr@1:0.714 | hr@2:0.871 | hr@3:0.918 | acc@1:0.714 | acc@2:0.638 | acc@3:0.599 | Best krc: 0.798 | Best epoch: 20
best model saved
[2023-12-06 19:10:12] INFO (nni/MainThread) Intermediate result: 0.8048928350633642  (Index 44)
-----------------ETPA RESULT-------------------
Epoch 22: Validation	rmse: 19.15	mae: 15.35	mape: 105.75%	acc@10: 39.26%	acc@20: 70.05%	acc@30: 89.1%	
[2023-12-06 19:10:12] INFO (nni/MainThread) Intermediate result: 19.14580372346712  (Index 45)
*** Epoch: 23 ***
-----------------G2R RESULT-------------------

val result: krc:0.806 | lsd:0.603 | ed:0.914 | hr@1:0.706 | hr@2:0.871 | hr@3:0.919 | acc@1:0.706 | acc@2:0.632 | acc@3:0.596 | Best krc: 0.805 | Best epoch: 22
best model saved
[2023-12-06 19:11:55] INFO (nni/MainThread) Intermediate result: 0.8060856208035918  (Index 46)
-----------------ETPA RESULT-------------------
Epoch 23: Validation	rmse: 18.97	mae: 15.21	mape: 104.93%	acc@10: 39.66%	acc@20: 70.63%	acc@30: 89.41%	
[2023-12-06 19:11:55] INFO (nni/MainThread) Intermediate result: 18.969376699484943  (Index 47)
*** Epoch: 24 ***
-----------------G2R RESULT-------------------

val result: krc:0.804 | lsd:0.606 | ed:0.894 | hr@1:0.707 | hr@2:0.868 | hr@3:0.919 | acc@1:0.707 | acc@2:0.631 | acc@3:0.598 | Best krc: 0.806 | Best epoch: 23
[2023-12-06 19:13:41] INFO (nni/MainThread) Intermediate result: 0.8036925800721166  (Index 48)
-----------------ETPA RESULT-------------------
Epoch 24: Validation	rmse: 18.79	mae: 15.06	mape: 103.91%	acc@10: 40.13%	acc@20: 71.2%	acc@30: 89.69%	
[2023-12-06 19:13:41] INFO (nni/MainThread) Intermediate result: 18.786054726595353  (Index 49)
*** Epoch: 25 ***
-----------------G2R RESULT-------------------

val result: krc:0.802 | lsd:0.616 | ed:0.89 | hr@1:0.702 | hr@2:0.868 | hr@3:0.917 | acc@1:0.702 | acc@2:0.633 | acc@3:0.601 | Best krc: 0.806 | Best epoch: 23
[2023-12-06 19:15:24] INFO (nni/MainThread) Intermediate result: 0.8022530408101024  (Index 50)
-----------------ETPA RESULT-------------------
Epoch 25: Validation	rmse: 18.64	mae: 14.94	mape: 103.32%	acc@10: 40.38%	acc@20: 71.6%	acc@30: 89.96%	
[2023-12-06 19:15:24] INFO (nni/MainThread) Intermediate result: 18.641306313936337  (Index 51)
*** Epoch: 26 ***
-----------------G2R RESULT-------------------

val result: krc:0.804 | lsd:0.622 | ed:0.892 | hr@1:0.706 | hr@2:0.87 | hr@3:0.915 | acc@1:0.706 | acc@2:0.636 | acc@3:0.598 | Best krc: 0.806 | Best epoch: 23
[2023-12-06 19:17:11] INFO (nni/MainThread) Intermediate result: 0.8043322989016037  (Index 52)
-----------------ETPA RESULT-------------------
Epoch 26: Validation	rmse: 18.5	mae: 14.83	mape: 102.74%	acc@10: 40.66%	acc@20: 72.0%	acc@30: 90.22%	
[2023-12-06 19:17:11] INFO (nni/MainThread) Intermediate result: 18.500338481800952  (Index 53)
*** Epoch: 27 ***
-----------------G2R RESULT-------------------

val result: krc:0.806 | lsd:0.621 | ed:0.909 | hr@1:0.721 | hr@2:0.869 | hr@3:0.918 | acc@1:0.721 | acc@2:0.638 | acc@3:0.599 | Best krc: 0.806 | Best epoch: 23
best model saved
[2023-12-06 19:18:58] INFO (nni/MainThread) Intermediate result: 0.8064504482869151  (Index 54)
-----------------ETPA RESULT-------------------
Epoch 27: Validation	rmse: 18.35	mae: 14.71	mape: 101.98%	acc@10: 41.07%	acc@20: 72.42%	acc@30: 90.42%	
[2023-12-06 19:18:58] INFO (nni/MainThread) Intermediate result: 18.351419849410874  (Index 55)
*** Epoch: 28 ***
-----------------G2R RESULT-------------------

val result: krc:0.81 | lsd:0.599 | ed:0.894 | hr@1:0.718 | hr@2:0.872 | hr@3:0.918 | acc@1:0.718 | acc@2:0.641 | acc@3:0.605 | Best krc: 0.806 | Best epoch: 27
best model saved
[2023-12-06 19:20:44] INFO (nni/MainThread) Intermediate result: 0.8097551307783053  (Index 56)
-----------------ETPA RESULT-------------------
Epoch 28: Validation	rmse: 18.24	mae: 14.62	mape: 101.56%	acc@10: 41.24%	acc@20: 72.76%	acc@30: 90.6%	
[2023-12-06 19:20:44] INFO (nni/MainThread) Intermediate result: 18.239762230290225  (Index 57)
*** Epoch: 29 ***
-----------------G2R RESULT-------------------

val result: krc:0.794 | lsd:0.647 | ed:0.931 | hr@1:0.695 | hr@2:0.866 | hr@3:0.915 | acc@1:0.695 | acc@2:0.623 | acc@3:0.583 | Best krc: 0.81 | Best epoch: 28
[2023-12-06 19:22:24] INFO (nni/MainThread) Intermediate result: 0.7940866505274025  (Index 58)
-----------------ETPA RESULT-------------------
Epoch 29: Validation	rmse: 18.1	mae: 14.5	mape: 100.8%	acc@10: 41.63%	acc@20: 73.16%	acc@30: 90.8%	
[2023-12-06 19:22:24] INFO (nni/MainThread) Intermediate result: 18.10256909948527  (Index 59)
*** Epoch: 30 ***
-----------------G2R RESULT-------------------

val result: krc:0.804 | lsd:0.622 | ed:0.902 | hr@1:0.707 | hr@2:0.873 | hr@3:0.917 | acc@1:0.707 | acc@2:0.637 | acc@3:0.599 | Best krc: 0.81 | Best epoch: 28
[2023-12-06 19:24:09] INFO (nni/MainThread) Intermediate result: 0.8035629773714601  (Index 60)
-----------------ETPA RESULT-------------------
Epoch 30: Validation	rmse: 17.98	mae: 14.4	mape: 100.23%	acc@10: 41.97%	acc@20: 73.46%	acc@30: 91.02%	
[2023-12-06 19:24:09] INFO (nni/MainThread) Intermediate result: 17.98039651147905  (Index 61)
*** Epoch: 31 ***
-----------------G2R RESULT-------------------

val result: krc:0.808 | lsd:0.606 | ed:0.9 | hr@1:0.708 | hr@2:0.876 | hr@3:0.92 | acc@1:0.708 | acc@2:0.641 | acc@3:0.603 | Best krc: 0.81 | Best epoch: 28
[2023-12-06 19:25:54] INFO (nni/MainThread) Intermediate result: 0.8080848203279336  (Index 62)
-----------------ETPA RESULT-------------------
Epoch 31: Validation	rmse: 17.87	mae: 14.31	mape: 99.75%	acc@10: 42.25%	acc@20: 73.75%	acc@30: 91.18%	
[2023-12-06 19:25:54] INFO (nni/MainThread) Intermediate result: 17.870930634222077  (Index 63)
*** Epoch: 32 ***
-----------------G2R RESULT-------------------

val result: krc:0.806 | lsd:0.591 | ed:0.904 | hr@1:0.704 | hr@2:0.87 | hr@3:0.917 | acc@1:0.704 | acc@2:0.634 | acc@3:0.596 | Best krc: 0.81 | Best epoch: 28
[2023-12-06 19:27:32] INFO (nni/MainThread) Intermediate result: 0.8055312567074701  (Index 64)
-----------------ETPA RESULT-------------------
Epoch 32: Validation	rmse: 17.75	mae: 14.21	mape: 98.87%	acc@10: 42.64%	acc@20: 74.1%	acc@30: 91.32%	
[2023-12-06 19:27:32] INFO (nni/MainThread) Intermediate result: 17.74755571653363  (Index 65)
*** Epoch: 33 ***
-----------------G2R RESULT-------------------

val result: krc:0.803 | lsd:0.607 | ed:0.902 | hr@1:0.703 | hr@2:0.871 | hr@3:0.921 | acc@1:0.703 | acc@2:0.634 | acc@3:0.596 | Best krc: 0.81 | Best epoch: 28
[2023-12-06 19:29:17] INFO (nni/MainThread) Intermediate result: 0.8029158213242165  (Index 66)
-----------------ETPA RESULT-------------------
Epoch 33: Validation	rmse: 17.64	mae: 14.12	mape: 98.29%	acc@10: 43.05%	acc@20: 74.4%	acc@30: 91.49%	
[2023-12-06 19:29:17] INFO (nni/MainThread) Intermediate result: 17.63892443063456  (Index 67)
*** Epoch: 34 ***
-----------------G2R RESULT-------------------

val result: krc:0.798 | lsd:0.619 | ed:0.921 | hr@1:0.691 | hr@2:0.868 | hr@3:0.918 | acc@1:0.691 | acc@2:0.622 | acc@3:0.587 | Best krc: 0.81 | Best epoch: 28
[2023-12-06 19:31:02] INFO (nni/MainThread) Intermediate result: 0.7978272500791086  (Index 68)
-----------------ETPA RESULT-------------------
Epoch 34: Validation	rmse: 17.57	mae: 14.06	mape: 98.03%	acc@10: 43.21%	acc@20: 74.61%	acc@30: 91.6%	
[2023-12-06 19:31:02] INFO (nni/MainThread) Intermediate result: 17.56576869329421  (Index 69)
*** Epoch: 35 ***
-----------------G2R RESULT-------------------

val result: krc:0.805 | lsd:0.609 | ed:0.897 | hr@1:0.704 | hr@2:0.868 | hr@3:0.919 | acc@1:0.704 | acc@2:0.632 | acc@3:0.594 | Best krc: 0.81 | Best epoch: 28
[2023-12-06 19:32:46] INFO (nni/MainThread) Intermediate result: 0.8054865318004801  (Index 70)
-----------------ETPA RESULT-------------------
Epoch 35: Validation	rmse: 17.46	mae: 13.97	mape: 97.37%	acc@10: 43.56%	acc@20: 74.92%	acc@30: 91.75%	
[2023-12-06 19:32:46] INFO (nni/MainThread) Intermediate result: 17.458977283187796  (Index 71)
*** Epoch: 36 ***
-----------------G2R RESULT-------------------

val result: krc:0.806 | lsd:0.615 | ed:0.894 | hr@1:0.703 | hr@2:0.873 | hr@3:0.919 | acc@1:0.703 | acc@2:0.635 | acc@3:0.596 | Best krc: 0.81 | Best epoch: 28
[2023-12-06 19:34:31] INFO (nni/MainThread) Intermediate result: 0.8055115640161552  (Index 72)
-----------------ETPA RESULT-------------------
Epoch 36: Validation	rmse: 17.37	mae: 13.9	mape: 96.92%	acc@10: 43.8%	acc@20: 75.17%	acc@30: 91.84%	
[2023-12-06 19:34:31] INFO (nni/MainThread) Intermediate result: 17.372605313616308  (Index 73)
*** Epoch: 37 ***
-----------------G2R RESULT-------------------

val result: krc:0.801 | lsd:0.61 | ed:0.9 | hr@1:0.694 | hr@2:0.871 | hr@3:0.922 | acc@1:0.694 | acc@2:0.63 | acc@3:0.596 | Best krc: 0.81 | Best epoch: 28
[2023-12-06 19:36:08] INFO (nni/MainThread) Intermediate result: 0.8013391172464193  (Index 74)
-----------------ETPA RESULT-------------------
Epoch 37: Validation	rmse: 17.29	mae: 13.82	mape: 96.44%	acc@10: 44.07%	acc@20: 75.38%	acc@30: 91.97%	
[2023-12-06 19:36:08] INFO (nni/MainThread) Intermediate result: 17.285119910790264  (Index 75)
*** Epoch: 38 ***
-----------------G2R RESULT-------------------

val result: krc:0.804 | lsd:0.624 | ed:0.894 | hr@1:0.713 | hr@2:0.872 | hr@3:0.92 | acc@1:0.713 | acc@2:0.641 | acc@3:0.603 | Best krc: 0.81 | Best epoch: 28
[2023-12-06 19:37:47] INFO (nni/MainThread) Intermediate result: 0.8040533758942155  (Index 76)
-----------------ETPA RESULT-------------------
Epoch 38: Validation	rmse: 17.21	mae: 13.76	mape: 96.13%	acc@10: 44.25%	acc@20: 75.59%	acc@30: 92.08%	
[2023-12-06 19:37:47] INFO (nni/MainThread) Intermediate result: 17.21154053765354  (Index 77)
loaded model path: /home/sentanoe/joint_training/data/dataset/food_pd/sort_model/hidden_size-8.gcnru-pd_1701883704.12025881701883704.1202796
best model loaded !!!
krc:0.791 | lsd:0.485 | ed:0.946 | hr@1:0.693 | hr@2:0.898 | hr@3:0.942 | acc@1:0.693 | acc@2:0.631 | acc@3:0.591 |

-------------------------------------------------------------
Best epoch for G2R:  28
Best epoch for ETPA:  38
graph2route_pd Evaluation in test: krc:0.791 | lsd:0.485 | ed:0.946 | hr@1:0.693 | hr@2:0.898 | hr@3:0.942 | acc@1:0.693 | acc@2:0.631 | acc@3:0.591 |
RankPETA Evaluation in test: rmse: 14.23	mae: 11.07	mape: 104.2%	acc@10: 53.16%	acc@20: 82.28%	acc@30: 97.05%	
