Device:  cuda
{'alpha_loss': 0.5,
 'batch_size': 64,
 'dataset': 'food_pd',
 'datatype': 'order',
 'device': device(type='cuda'),
 'early_stop': 20,
 'edge_fea_dim': 5,
 'embedding_dim': 32,
 'eval_end_1': 11,
 'eval_end_2': 25,
 'eval_start': 1,
 'gcn_num_layers': 2,
 'hidden_size': 8,
 'is_eval': False,
 'is_test': False,
 'k_min_nodes': 3,
 'k_nearest_neighbors': 'n-1',
 'lr': 0.001,
 'max_task_num': 25,
 'min_task_num': 0,
 'modelArrivalTime': 'RankPETA',
 'modelRoute': 'graph2route_pd',
 'no_cuda': False,
 'node_fea_dim': 8,
 'node_features_test': '/home/sentanoe/joint_training/data/dataset/food_pd/node_features_test_full.npy',
 'node_features_train': '/home/sentanoe/joint_training/data/dataset/food_pd/node_features_train_full.npy',
 'node_features_val': '/home/sentanoe/joint_training/data/dataset/food_pd/node_features_val_full.npy',
 'num_block': 4,
 'num_epoch': 1000,
 'num_head': 2,
 'num_worker_logistics': 2346,
 'num_worker_pd': 920,
 'pad_value': 26,
 'seed': 1000,
 'sort_mode': 'true_idx',
 'spatial_encoder': 'gatv2',
 'temporal_encoder': 'tft',
 'test_path': '/home/sentanoe/joint_training/data/dataset/food_pd/test_full.npy',
 'train_mode': 'sort',
 'train_path': '/home/sentanoe/joint_training/data/dataset/food_pd/train_full.npy',
 'val_path': '/home/sentanoe/joint_training/data/dataset/food_pd/val_full.npy',
 'wd': 1e-05,
 'worker_emb_dim': 10,
 'workers': 2}
last_x_size:13;unpick_x_size:12;input_size:38
#train:2521 | #val:1257 | #test:1261
*** Epoch: 0 ***
-----------------G2R RESULT-------------------

val result: krc:0.756 | lsd:0.709 | ed:1.039 | hr@1:0.628 | hr@2:0.852 | hr@3:0.9 | acc@1:0.628 | acc@2:0.566 | acc@3:0.526 | Best krc: -1 | Best epoch: -1
best model saved
[2023-11-29 03:26:32] INFO (nni/MainThread) Intermediate result: 0.7559760422899907  (Index 0)
-----------------ETPA RESULT-------------------
Epoch 0: Validation	rmse: 32.0	mae: 24.85	mape: 48.38%	acc@10: 25.0%	acc@20: 40.62%	acc@30: 75.0%	
[2023-11-29 03:26:32] INFO (nni/MainThread) Intermediate result: 32.003761070478106  (Index 1)
*** Epoch: 1 ***
-----------------G2R RESULT-------------------

val result: krc:0.756 | lsd:0.714 | ed:1.027 | hr@1:0.632 | hr@2:0.856 | hr@3:0.906 | acc@1:0.632 | acc@2:0.573 | acc@3:0.532 | Best krc: 0.756 | Best epoch: 0
best model saved
[2023-11-29 03:28:14] INFO (nni/MainThread) Intermediate result: 0.7563299063080435  (Index 2)
-----------------ETPA RESULT-------------------
Epoch 1: Validation	rmse: 29.13	mae: 21.93	mape: 42.71%	acc@10: 26.56%	acc@20: 59.38%	acc@30: 81.25%	
[2023-11-29 03:28:14] INFO (nni/MainThread) Intermediate result: 29.1274583220006  (Index 3)
*** Epoch: 2 ***
-----------------G2R RESULT-------------------

val result: krc:0.763 | lsd:0.682 | ed:1.008 | hr@1:0.631 | hr@2:0.859 | hr@3:0.908 | acc@1:0.631 | acc@2:0.573 | acc@3:0.534 | Best krc: 0.756 | Best epoch: 1
best model saved
[2023-11-29 03:29:58] INFO (nni/MainThread) Intermediate result: 0.7632576000656455  (Index 4)
-----------------ETPA RESULT-------------------
Epoch 2: Validation	rmse: 28.46	mae: 20.78	mape: 40.75%	acc@10: 27.08%	acc@20: 65.62%	acc@30: 82.29%	
[2023-11-29 03:29:58] INFO (nni/MainThread) Intermediate result: 28.45959230737215  (Index 5)
*** Epoch: 3 ***
-----------------G2R RESULT-------------------

val result: krc:0.767 | lsd:0.699 | ed:1.0 | hr@1:0.638 | hr@2:0.861 | hr@3:0.909 | acc@1:0.638 | acc@2:0.579 | acc@3:0.537 | Best krc: 0.763 | Best epoch: 2
best model saved
[2023-11-29 03:31:42] INFO (nni/MainThread) Intermediate result: 0.7673334616928847  (Index 6)
-----------------ETPA RESULT-------------------
Epoch 3: Validation	rmse: 27.24	mae: 19.55	mape: 38.27%	acc@10: 29.69%	acc@20: 70.31%	acc@30: 83.59%	
[2023-11-29 03:31:42] INFO (nni/MainThread) Intermediate result: 27.236359164844558  (Index 7)
*** Epoch: 4 ***
-----------------G2R RESULT-------------------

val result: krc:0.768 | lsd:0.71 | ed:0.982 | hr@1:0.636 | hr@2:0.857 | hr@3:0.908 | acc@1:0.636 | acc@2:0.578 | acc@3:0.538 | Best krc: 0.767 | Best epoch: 3
best model saved
[2023-11-29 03:33:25] INFO (nni/MainThread) Intermediate result: 0.7680958695388079  (Index 8)
-----------------ETPA RESULT-------------------
Epoch 4: Validation	rmse: 26.31	mae: 18.68	mape: 36.39%	acc@10: 33.75%	acc@20: 71.88%	acc@30: 85.62%	
[2023-11-29 03:33:25] INFO (nni/MainThread) Intermediate result: 26.3067289393252  (Index 9)
*** Epoch: 5 ***
-----------------G2R RESULT-------------------

val result: krc:0.768 | lsd:0.707 | ed:1.01 | hr@1:0.641 | hr@2:0.859 | hr@3:0.908 | acc@1:0.641 | acc@2:0.577 | acc@3:0.535 | Best krc: 0.768 | Best epoch: 4
[2023-11-29 03:35:08] INFO (nni/MainThread) Intermediate result: 0.7676856373314613  (Index 10)
-----------------ETPA RESULT-------------------
Epoch 5: Validation	rmse: 25.35	mae: 17.8	mape: 35.24%	acc@10: 38.02%	acc@20: 71.88%	acc@30: 86.98%	
[2023-11-29 03:35:08] INFO (nni/MainThread) Intermediate result: 25.34752231674653  (Index 11)
*** Epoch: 6 ***
-----------------G2R RESULT-------------------

val result: krc:0.775 | lsd:0.663 | ed:0.963 | hr@1:0.638 | hr@2:0.865 | hr@3:0.915 | acc@1:0.638 | acc@2:0.581 | acc@3:0.548 | Best krc: 0.768 | Best epoch: 4
best model saved
[2023-11-29 03:36:53] INFO (nni/MainThread) Intermediate result: 0.775207838041244  (Index 12)
-----------------ETPA RESULT-------------------
Epoch 6: Validation	rmse: 24.47	mae: 17.18	mape: 34.39%	acc@10: 39.29%	acc@20: 73.66%	acc@30: 87.95%	
[2023-11-29 03:36:53] INFO (nni/MainThread) Intermediate result: 24.472600133343512  (Index 13)
*** Epoch: 7 ***
-----------------G2R RESULT-------------------

val result: krc:0.775 | lsd:0.659 | ed:0.969 | hr@1:0.632 | hr@2:0.867 | hr@3:0.914 | acc@1:0.632 | acc@2:0.577 | acc@3:0.545 | Best krc: 0.775 | Best epoch: 6
[2023-11-29 03:38:38] INFO (nni/MainThread) Intermediate result: 0.7749597287682115  (Index 14)
-----------------ETPA RESULT-------------------
Epoch 7: Validation	rmse: 24.08	mae: 16.83	mape: 34.11%	acc@10: 40.62%	acc@20: 74.22%	acc@30: 88.67%	
[2023-11-29 03:38:38] INFO (nni/MainThread) Intermediate result: 24.080991954987923  (Index 15)
*** Epoch: 8 ***
-----------------G2R RESULT-------------------

val result: krc:0.778 | lsd:0.648 | ed:0.958 | hr@1:0.635 | hr@2:0.866 | hr@3:0.916 | acc@1:0.635 | acc@2:0.581 | acc@3:0.55 | Best krc: 0.775 | Best epoch: 6
best model saved
[2023-11-29 03:40:23] INFO (nni/MainThread) Intermediate result: 0.7776736971752275  (Index 16)
-----------------ETPA RESULT-------------------
Epoch 8: Validation	rmse: 23.76	mae: 16.66	mape: 34.36%	acc@10: 41.67%	acc@20: 74.31%	acc@30: 87.85%	
[2023-11-29 03:40:23] INFO (nni/MainThread) Intermediate result: 23.76081592572244  (Index 17)
*** Epoch: 9 ***
-----------------G2R RESULT-------------------

val result: krc:0.779 | lsd:0.653 | ed:0.954 | hr@1:0.643 | hr@2:0.867 | hr@3:0.914 | acc@1:0.643 | acc@2:0.587 | acc@3:0.552 | Best krc: 0.778 | Best epoch: 8
best model saved
[2023-11-29 03:42:07] INFO (nni/MainThread) Intermediate result: 0.7794293762724022  (Index 18)
-----------------ETPA RESULT-------------------
Epoch 9: Validation	rmse: 23.45	mae: 16.57	mape: 34.58%	acc@10: 41.56%	acc@20: 74.06%	acc@30: 88.44%	
[2023-11-29 03:42:07] INFO (nni/MainThread) Intermediate result: 23.45112071951503  (Index 19)
*** Epoch: 10 ***
-----------------G2R RESULT-------------------

val result: krc:0.786 | lsd:0.639 | ed:0.941 | hr@1:0.653 | hr@2:0.866 | hr@3:0.915 | acc@1:0.653 | acc@2:0.597 | acc@3:0.563 | Best krc: 0.779 | Best epoch: 9
best model saved
[2023-11-29 03:43:52] INFO (nni/MainThread) Intermediate result: 0.7864739827048529  (Index 20)
-----------------ETPA RESULT-------------------
Epoch 10: Validation	rmse: 23.32	mae: 16.66	mape: 35.28%	acc@10: 40.34%	acc@20: 73.3%	acc@30: 88.92%	
[2023-11-29 03:43:52] INFO (nni/MainThread) Intermediate result: 23.32188591159596  (Index 21)
*** Epoch: 11 ***
-----------------G2R RESULT-------------------

val result: krc:0.78 | lsd:0.656 | ed:0.956 | hr@1:0.648 | hr@2:0.869 | hr@3:0.915 | acc@1:0.648 | acc@2:0.594 | acc@3:0.555 | Best krc: 0.786 | Best epoch: 10
[2023-11-29 03:45:35] INFO (nni/MainThread) Intermediate result: 0.7796762912547782  (Index 22)
-----------------ETPA RESULT-------------------
Epoch 11: Validation	rmse: 22.9	mae: 16.34	mape: 34.78%	acc@10: 40.89%	acc@20: 74.22%	acc@30: 89.32%	
[2023-11-29 03:45:35] INFO (nni/MainThread) Intermediate result: 22.898661144836268  (Index 23)
*** Epoch: 12 ***
-----------------G2R RESULT-------------------

val result: krc:0.793 | lsd:0.645 | ed:0.922 | hr@1:0.669 | hr@2:0.865 | hr@3:0.915 | acc@1:0.669 | acc@2:0.61 | acc@3:0.579 | Best krc: 0.786 | Best epoch: 10
best model saved
[2023-11-29 03:47:20] INFO (nni/MainThread) Intermediate result: 0.7927784754719605  (Index 24)
-----------------ETPA RESULT-------------------
Epoch 12: Validation	rmse: 22.59	mae: 16.25	mape: 34.91%	acc@10: 40.62%	acc@20: 74.28%	acc@30: 89.66%	
[2023-11-29 03:47:20] INFO (nni/MainThread) Intermediate result: 22.58630894092585  (Index 25)
*** Epoch: 13 ***
-----------------G2R RESULT-------------------

val result: krc:0.78 | lsd:0.647 | ed:0.969 | hr@1:0.652 | hr@2:0.866 | hr@3:0.912 | acc@1:0.652 | acc@2:0.594 | acc@3:0.556 | Best krc: 0.793 | Best epoch: 12
[2023-11-29 03:49:04] INFO (nni/MainThread) Intermediate result: 0.7804903846093176  (Index 26)
-----------------ETPA RESULT-------------------
Epoch 13: Validation	rmse: 22.29	mae: 16.06	mape: 34.73%	acc@10: 40.85%	acc@20: 75.0%	acc@30: 89.96%	
[2023-11-29 03:49:04] INFO (nni/MainThread) Intermediate result: 22.28611065769411  (Index 27)
*** Epoch: 14 ***
-----------------G2R RESULT-------------------

val result: krc:0.762 | lsd:0.688 | ed:1.017 | hr@1:0.644 | hr@2:0.861 | hr@3:0.906 | acc@1:0.644 | acc@2:0.583 | acc@3:0.542 | Best krc: 0.793 | Best epoch: 12
[2023-11-29 03:50:47] INFO (nni/MainThread) Intermediate result: 0.7623812935837423  (Index 28)
-----------------ETPA RESULT-------------------
Epoch 14: Validation	rmse: 22.15	mae: 16.06	mape: 35.02%	acc@10: 40.62%	acc@20: 74.79%	acc@30: 89.79%	
[2023-11-29 03:50:47] INFO (nni/MainThread) Intermediate result: 22.153550577773558  (Index 29)
*** Epoch: 15 ***
-----------------G2R RESULT-------------------

val result: krc:0.781 | lsd:0.641 | ed:0.976 | hr@1:0.656 | hr@2:0.861 | hr@3:0.91 | acc@1:0.656 | acc@2:0.591 | acc@3:0.551 | Best krc: 0.793 | Best epoch: 12
[2023-11-29 03:52:31] INFO (nni/MainThread) Intermediate result: 0.78084818710092  (Index 30)
-----------------ETPA RESULT-------------------
Epoch 15: Validation	rmse: 21.92	mae: 16.01	mape: 35.1%	acc@10: 40.43%	acc@20: 75.2%	acc@30: 90.04%	
[2023-11-29 03:52:31] INFO (nni/MainThread) Intermediate result: 21.918683232951963  (Index 31)
*** Epoch: 16 ***
-----------------G2R RESULT-------------------

val result: krc:0.792 | lsd:0.633 | ed:0.922 | hr@1:0.673 | hr@2:0.863 | hr@3:0.914 | acc@1:0.673 | acc@2:0.611 | acc@3:0.573 | Best krc: 0.793 | Best epoch: 12
[2023-11-29 03:54:15] INFO (nni/MainThread) Intermediate result: 0.7923800881299787  (Index 32)
-----------------ETPA RESULT-------------------
Epoch 16: Validation	rmse: 21.7	mae: 15.99	mape: 35.22%	acc@10: 39.89%	acc@20: 75.0%	acc@30: 90.26%	
[2023-11-29 03:54:15] INFO (nni/MainThread) Intermediate result: 21.70240022826794  (Index 33)
*** Epoch: 17 ***
-----------------G2R RESULT-------------------

val result: krc:0.789 | lsd:0.645 | ed:0.945 | hr@1:0.68 | hr@2:0.871 | hr@3:0.916 | acc@1:0.68 | acc@2:0.613 | acc@3:0.575 | Best krc: 0.793 | Best epoch: 12
[2023-11-29 03:56:00] INFO (nni/MainThread) Intermediate result: 0.7894255340604269  (Index 34)
-----------------ETPA RESULT-------------------
Epoch 17: Validation	rmse: 21.52	mae: 15.93	mape: 35.22%	acc@10: 39.41%	acc@20: 75.35%	acc@30: 90.28%	
[2023-11-29 03:56:00] INFO (nni/MainThread) Intermediate result: 21.524857494678326  (Index 35)
*** Epoch: 18 ***
-----------------G2R RESULT-------------------

val result: krc:0.806 | lsd:0.607 | ed:0.889 | hr@1:0.697 | hr@2:0.873 | hr@3:0.918 | acc@1:0.697 | acc@2:0.634 | acc@3:0.593 | Best krc: 0.793 | Best epoch: 12
best model saved
[2023-11-29 03:57:45] INFO (nni/MainThread) Intermediate result: 0.805827117545526  (Index 36)
-----------------ETPA RESULT-------------------
Epoch 18: Validation	rmse: 21.3	mae: 15.83	mape: 35.15%	acc@10: 39.8%	acc@20: 75.49%	acc@30: 90.46%	
[2023-11-29 03:57:45] INFO (nni/MainThread) Intermediate result: 21.295693568463605  (Index 37)
*** Epoch: 19 ***
-----------------G2R RESULT-------------------

val result: krc:0.792 | lsd:0.647 | ed:0.928 | hr@1:0.694 | hr@2:0.868 | hr@3:0.919 | acc@1:0.694 | acc@2:0.624 | acc@3:0.585 | Best krc: 0.806 | Best epoch: 18
[2023-11-29 03:59:29] INFO (nni/MainThread) Intermediate result: 0.7919073561137402  (Index 38)
-----------------ETPA RESULT-------------------
Epoch 19: Validation	rmse: 21.16	mae: 15.8	mape: 35.16%	acc@10: 39.69%	acc@20: 75.47%	acc@30: 90.62%	
[2023-11-29 03:59:29] INFO (nni/MainThread) Intermediate result: 21.16204041695279  (Index 39)
*** Epoch: 20 ***
-----------------G2R RESULT-------------------

val result: krc:0.799 | lsd:0.636 | ed:0.92 | hr@1:0.697 | hr@2:0.869 | hr@3:0.918 | acc@1:0.697 | acc@2:0.623 | acc@3:0.588 | Best krc: 0.806 | Best epoch: 18
[2023-11-29 04:01:13] INFO (nni/MainThread) Intermediate result: 0.7990353092145833  (Index 40)
-----------------ETPA RESULT-------------------
Epoch 20: Validation	rmse: 20.96	mae: 15.73	mape: 35.2%	acc@10: 39.58%	acc@20: 75.45%	acc@30: 90.92%	
[2023-11-29 04:01:13] INFO (nni/MainThread) Intermediate result: 20.962397858908986  (Index 41)
*** Epoch: 21 ***
-----------------G2R RESULT-------------------

val result: krc:0.799 | lsd:0.634 | ed:0.934 | hr@1:0.692 | hr@2:0.868 | hr@3:0.915 | acc@1:0.692 | acc@2:0.622 | acc@3:0.585 | Best krc: 0.806 | Best epoch: 18
[2023-11-29 04:02:57] INFO (nni/MainThread) Intermediate result: 0.7990833131628932  (Index 42)
-----------------ETPA RESULT-------------------
Epoch 21: Validation	rmse: 20.73	mae: 15.62	mape: 35.13%	acc@10: 39.2%	acc@20: 75.85%	acc@30: 91.05%	
[2023-11-29 04:02:57] INFO (nni/MainThread) Intermediate result: 20.72698854596247  (Index 43)
*** Epoch: 22 ***
-----------------G2R RESULT-------------------

val result: krc:0.79 | lsd:0.643 | ed:0.955 | hr@1:0.672 | hr@2:0.868 | hr@3:0.917 | acc@1:0.672 | acc@2:0.605 | acc@3:0.567 | Best krc: 0.806 | Best epoch: 18
[2023-11-29 04:04:41] INFO (nni/MainThread) Intermediate result: 0.7897703737581306  (Index 44)
-----------------ETPA RESULT-------------------
Epoch 22: Validation	rmse: 20.54	mae: 15.53	mape: 35.09%	acc@10: 39.13%	acc@20: 75.82%	acc@30: 91.17%	
[2023-11-29 04:04:41] INFO (nni/MainThread) Intermediate result: 20.53964703165552  (Index 45)
*** Epoch: 23 ***
-----------------G2R RESULT-------------------

val result: krc:0.8 | lsd:0.647 | ed:0.916 | hr@1:0.7 | hr@2:0.874 | hr@3:0.918 | acc@1:0.7 | acc@2:0.633 | acc@3:0.595 | Best krc: 0.806 | Best epoch: 18
[2023-11-29 04:06:25] INFO (nni/MainThread) Intermediate result: 0.8002595461187503  (Index 46)
-----------------ETPA RESULT-------------------
Epoch 23: Validation	rmse: 20.45	mae: 15.51	mape: 35.17%	acc@10: 39.45%	acc@20: 75.52%	acc@30: 91.02%	
[2023-11-29 04:06:25] INFO (nni/MainThread) Intermediate result: 20.453195638148124  (Index 47)
*** Epoch: 24 ***
-----------------G2R RESULT-------------------

val result: krc:0.804 | lsd:0.6 | ed:0.904 | hr@1:0.699 | hr@2:0.872 | hr@3:0.92 | acc@1:0.699 | acc@2:0.634 | acc@3:0.602 | Best krc: 0.806 | Best epoch: 18
[2023-11-29 04:08:08] INFO (nni/MainThread) Intermediate result: 0.8038591724555869  (Index 48)
-----------------ETPA RESULT-------------------
Epoch 24: Validation	rmse: 20.39	mae: 15.49	mape: 35.09%	acc@10: 39.38%	acc@20: 75.38%	acc@30: 90.88%	
[2023-11-29 04:08:08] INFO (nni/MainThread) Intermediate result: 20.389233393019666  (Index 49)
*** Epoch: 25 ***
-----------------G2R RESULT-------------------

val result: krc:0.804 | lsd:0.625 | ed:0.899 | hr@1:0.705 | hr@2:0.871 | hr@3:0.919 | acc@1:0.705 | acc@2:0.634 | acc@3:0.605 | Best krc: 0.806 | Best epoch: 18
[2023-11-29 04:09:51] INFO (nni/MainThread) Intermediate result: 0.8037017030808022  (Index 50)
-----------------ETPA RESULT-------------------
Epoch 25: Validation	rmse: 20.31	mae: 15.48	mape: 35.13%	acc@10: 39.18%	acc@20: 75.36%	acc@30: 90.87%	
[2023-11-29 04:09:51] INFO (nni/MainThread) Intermediate result: 20.308530235035246  (Index 51)
*** Epoch: 26 ***
-----------------G2R RESULT-------------------

val result: krc:0.812 | lsd:0.597 | ed:0.891 | hr@1:0.714 | hr@2:0.873 | hr@3:0.921 | acc@1:0.714 | acc@2:0.644 | acc@3:0.611 | Best krc: 0.806 | Best epoch: 18
best model saved
[2023-11-29 04:11:36] INFO (nni/MainThread) Intermediate result: 0.8119044928577068  (Index 52)
-----------------ETPA RESULT-------------------
Epoch 26: Validation	rmse: 20.2	mae: 15.44	mape: 35.05%	acc@10: 39.24%	acc@20: 75.23%	acc@30: 90.97%	
[2023-11-29 04:11:36] INFO (nni/MainThread) Intermediate result: 20.195350303049025  (Index 53)
*** Epoch: 27 ***
-----------------G2R RESULT-------------------

val result: krc:0.805 | lsd:0.616 | ed:0.891 | hr@1:0.704 | hr@2:0.871 | hr@3:0.918 | acc@1:0.704 | acc@2:0.634 | acc@3:0.6 | Best krc: 0.812 | Best epoch: 26
[2023-11-29 04:13:18] INFO (nni/MainThread) Intermediate result: 0.8049859855281806  (Index 54)
-----------------ETPA RESULT-------------------
Epoch 27: Validation	rmse: 20.06	mae: 15.39	mape: 34.98%	acc@10: 38.95%	acc@20: 75.22%	acc@30: 91.18%	
[2023-11-29 04:13:18] INFO (nni/MainThread) Intermediate result: 20.056050554427006  (Index 55)
*** Epoch: 28 ***
-----------------G2R RESULT-------------------

val result: krc:0.796 | lsd:0.647 | ed:0.909 | hr@1:0.674 | hr@2:0.871 | hr@3:0.917 | acc@1:0.674 | acc@2:0.616 | acc@3:0.584 | Best krc: 0.812 | Best epoch: 26
[2023-11-29 04:15:00] INFO (nni/MainThread) Intermediate result: 0.7962319508537261  (Index 56)
-----------------ETPA RESULT-------------------
Epoch 28: Validation	rmse: 19.97	mae: 15.38	mape: 35.09%	acc@10: 38.69%	acc@20: 75.22%	acc@30: 91.16%	
[2023-11-29 04:15:00] INFO (nni/MainThread) Intermediate result: 19.974965893419434  (Index 57)
*** Epoch: 29 ***
-----------------G2R RESULT-------------------

val result: krc:0.811 | lsd:0.602 | ed:0.856 | hr@1:0.704 | hr@2:0.878 | hr@3:0.923 | acc@1:0.704 | acc@2:0.642 | acc@3:0.609 | Best krc: 0.812 | Best epoch: 26
[2023-11-29 04:16:43] INFO (nni/MainThread) Intermediate result: 0.8114763809123232  (Index 58)
-----------------ETPA RESULT-------------------
Epoch 29: Validation	rmse: 19.91	mae: 15.37	mape: 35.05%	acc@10: 38.44%	acc@20: 75.0%	acc@30: 91.25%	
[2023-11-29 04:16:43] INFO (nni/MainThread) Intermediate result: 19.90724391512766  (Index 59)
*** Epoch: 30 ***
-----------------G2R RESULT-------------------

val result: krc:0.81 | lsd:0.614 | ed:0.862 | hr@1:0.7 | hr@2:0.877 | hr@3:0.923 | acc@1:0.7 | acc@2:0.639 | acc@3:0.607 | Best krc: 0.812 | Best epoch: 26
[2023-11-29 04:18:27] INFO (nni/MainThread) Intermediate result: 0.8100162271128603  (Index 60)
-----------------ETPA RESULT-------------------
Epoch 30: Validation	rmse: 19.76	mae: 15.3	mape: 34.96%	acc@10: 38.31%	acc@20: 75.2%	acc@30: 91.43%	
[2023-11-29 04:18:27] INFO (nni/MainThread) Intermediate result: 19.756727447934743  (Index 61)
*** Epoch: 31 ***
-----------------G2R RESULT-------------------

val result: krc:0.799 | lsd:0.618 | ed:0.934 | hr@1:0.695 | hr@2:0.871 | hr@3:0.92 | acc@1:0.695 | acc@2:0.627 | acc@3:0.59 | Best krc: 0.812 | Best epoch: 26
[2023-11-29 04:20:11] INFO (nni/MainThread) Intermediate result: 0.7992841283965028  (Index 62)
-----------------ETPA RESULT-------------------
Epoch 31: Validation	rmse: 19.62	mae: 15.23	mape: 34.89%	acc@10: 38.28%	acc@20: 75.29%	acc@30: 91.6%	
[2023-11-29 04:20:11] INFO (nni/MainThread) Intermediate result: 19.617653523675045  (Index 63)
*** Epoch: 32 ***
-----------------G2R RESULT-------------------

val result: krc:0.808 | lsd:0.632 | ed:0.878 | hr@1:0.705 | hr@2:0.869 | hr@3:0.919 | acc@1:0.705 | acc@2:0.638 | acc@3:0.606 | Best krc: 0.812 | Best epoch: 26
[2023-11-29 04:21:56] INFO (nni/MainThread) Intermediate result: 0.8076156300904881  (Index 64)
-----------------ETPA RESULT-------------------
Epoch 32: Validation	rmse: 19.56	mae: 15.23	mape: 34.96%	acc@10: 38.26%	acc@20: 75.09%	acc@30: 91.67%	
[2023-11-29 04:21:57] INFO (nni/MainThread) Intermediate result: 19.557004364340127  (Index 65)
*** Epoch: 33 ***
-----------------G2R RESULT-------------------

val result: krc:0.797 | lsd:0.626 | ed:0.92 | hr@1:0.7 | hr@2:0.869 | hr@3:0.915 | acc@1:0.7 | acc@2:0.627 | acc@3:0.585 | Best krc: 0.812 | Best epoch: 26
[2023-11-29 04:23:41] INFO (nni/MainThread) Intermediate result: 0.7966655870809783  (Index 66)
-----------------ETPA RESULT-------------------
Epoch 33: Validation	rmse: 19.45	mae: 15.19	mape: 34.92%	acc@10: 37.96%	acc@20: 75.46%	acc@30: 91.82%	
[2023-11-29 04:23:41] INFO (nni/MainThread) Intermediate result: 19.447852109728604  (Index 67)
*** Epoch: 34 ***
-----------------G2R RESULT-------------------

val result: krc:0.817 | lsd:0.583 | ed:0.86 | hr@1:0.719 | hr@2:0.875 | hr@3:0.921 | acc@1:0.719 | acc@2:0.648 | acc@3:0.612 | Best krc: 0.812 | Best epoch: 26
best model saved
[2023-11-29 04:25:27] INFO (nni/MainThread) Intermediate result: 0.8168051417723478  (Index 68)
-----------------ETPA RESULT-------------------
Epoch 34: Validation	rmse: 19.38	mae: 15.16	mape: 34.89%	acc@10: 38.12%	acc@20: 75.54%	acc@30: 91.88%	
[2023-11-29 04:25:27] INFO (nni/MainThread) Intermediate result: 19.37850421094275  (Index 69)
*** Epoch: 35 ***
-----------------G2R RESULT-------------------

val result: krc:0.794 | lsd:0.636 | ed:0.923 | hr@1:0.683 | hr@2:0.869 | hr@3:0.913 | acc@1:0.683 | acc@2:0.623 | acc@3:0.582 | Best krc: 0.817 | Best epoch: 34
[2023-11-29 04:27:11] INFO (nni/MainThread) Intermediate result: 0.7939541276226891  (Index 70)
-----------------ETPA RESULT-------------------
Epoch 35: Validation	rmse: 19.32	mae: 15.13	mape: 34.85%	acc@10: 38.19%	acc@20: 75.69%	acc@30: 91.84%	
[2023-11-29 04:27:11] INFO (nni/MainThread) Intermediate result: 19.324751205239423  (Index 71)
*** Epoch: 36 ***
-----------------G2R RESULT-------------------

val result: krc:0.804 | lsd:0.586 | ed:0.911 | hr@1:0.697 | hr@2:0.874 | hr@3:0.921 | acc@1:0.697 | acc@2:0.627 | acc@3:0.592 | Best krc: 0.817 | Best epoch: 34
[2023-11-29 04:28:55] INFO (nni/MainThread) Intermediate result: 0.8040596660622896  (Index 72)
-----------------ETPA RESULT-------------------
Epoch 36: Validation	rmse: 19.3	mae: 15.14	mape: 34.89%	acc@10: 38.26%	acc@20: 75.42%	acc@30: 91.89%	
[2023-11-29 04:28:55] INFO (nni/MainThread) Intermediate result: 19.301034056969822  (Index 73)
*** Epoch: 37 ***
-----------------G2R RESULT-------------------

val result: krc:0.797 | lsd:0.623 | ed:0.918 | hr@1:0.695 | hr@2:0.87 | hr@3:0.916 | acc@1:0.695 | acc@2:0.626 | acc@3:0.584 | Best krc: 0.817 | Best epoch: 34
[2023-11-29 04:30:40] INFO (nni/MainThread) Intermediate result: 0.797143419181023  (Index 74)
-----------------ETPA RESULT-------------------
Epoch 37: Validation	rmse: 19.19	mae: 15.07	mape: 34.81%	acc@10: 38.32%	acc@20: 75.66%	acc@30: 92.02%	
[2023-11-29 04:30:40] INFO (nni/MainThread) Intermediate result: 19.19245553588857  (Index 75)
*** Epoch: 38 ***
-----------------G2R RESULT-------------------

val result: krc:0.814 | lsd:0.586 | ed:0.89 | hr@1:0.709 | hr@2:0.875 | hr@3:0.923 | acc@1:0.709 | acc@2:0.639 | acc@3:0.604 | Best krc: 0.817 | Best epoch: 34
[2023-11-29 04:32:25] INFO (nni/MainThread) Intermediate result: 0.8135305268667753  (Index 76)
-----------------ETPA RESULT-------------------
Epoch 38: Validation	rmse: 19.13	mae: 15.04	mape: 34.75%	acc@10: 38.38%	acc@20: 75.72%	acc@30: 92.07%	
[2023-11-29 04:32:25] INFO (nni/MainThread) Intermediate result: 19.132798784755206  (Index 77)
*** Epoch: 39 ***
-----------------G2R RESULT-------------------

val result: krc:0.808 | lsd:0.611 | ed:0.888 | hr@1:0.724 | hr@2:0.87 | hr@3:0.92 | acc@1:0.724 | acc@2:0.644 | acc@3:0.61 | Best krc: 0.817 | Best epoch: 34
[2023-11-29 04:34:09] INFO (nni/MainThread) Intermediate result: 0.8084422639822726  (Index 78)
-----------------ETPA RESULT-------------------
Epoch 39: Validation	rmse: 19.07	mae: 15.01	mape: 34.7%	acc@10: 38.44%	acc@20: 75.86%	acc@30: 92.11%	
[2023-11-29 04:34:09] INFO (nni/MainThread) Intermediate result: 19.070325318318673  (Index 79)
*** Epoch: 40 ***
-----------------G2R RESULT-------------------

val result: krc:0.816 | lsd:0.585 | ed:0.865 | hr@1:0.717 | hr@2:0.878 | hr@3:0.926 | acc@1:0.717 | acc@2:0.647 | acc@3:0.614 | Best krc: 0.817 | Best epoch: 34
[2023-11-29 04:35:57] INFO (nni/MainThread) Intermediate result: 0.8155791220067565  (Index 80)
-----------------ETPA RESULT-------------------
Epoch 40: Validation	rmse: 19.01	mae: 15.0	mape: 34.71%	acc@10: 38.34%	acc@20: 75.91%	acc@30: 92.23%	
[2023-11-29 04:35:57] INFO (nni/MainThread) Intermediate result: 19.01096708079333  (Index 81)
*** Epoch: 41 ***
-----------------G2R RESULT-------------------

val result: krc:0.81 | lsd:0.623 | ed:0.899 | hr@1:0.72 | hr@2:0.869 | hr@3:0.922 | acc@1:0.72 | acc@2:0.644 | acc@3:0.611 | Best krc: 0.817 | Best epoch: 34
[2023-11-29 04:37:41] INFO (nni/MainThread) Intermediate result: 0.8103274859199652  (Index 82)
-----------------ETPA RESULT-------------------
Epoch 41: Validation	rmse: 19.0	mae: 15.0	mape: 34.71%	acc@10: 38.24%	acc@20: 75.97%	acc@30: 92.11%	
[2023-11-29 04:37:41] INFO (nni/MainThread) Intermediate result: 18.998254350303217  (Index 83)
*** Epoch: 42 ***
-----------------G2R RESULT-------------------

val result: krc:0.814 | lsd:0.62 | ed:0.891 | hr@1:0.724 | hr@2:0.87 | hr@3:0.92 | acc@1:0.724 | acc@2:0.647 | acc@3:0.613 | Best krc: 0.817 | Best epoch: 34
[2023-11-29 04:39:26] INFO (nni/MainThread) Intermediate result: 0.8136816177393353  (Index 84)
-----------------ETPA RESULT-------------------
Epoch 42: Validation	rmse: 18.96	mae: 14.99	mape: 34.68%	acc@10: 38.08%	acc@20: 75.94%	acc@30: 92.15%	
[2023-11-29 04:39:26] INFO (nni/MainThread) Intermediate result: 18.96414169444862  (Index 85)
*** Epoch: 43 ***
-----------------G2R RESULT-------------------

val result: krc:0.811 | lsd:0.616 | ed:0.907 | hr@1:0.724 | hr@2:0.874 | hr@3:0.92 | acc@1:0.724 | acc@2:0.648 | acc@3:0.608 | Best krc: 0.817 | Best epoch: 34
[2023-11-29 04:41:11] INFO (nni/MainThread) Intermediate result: 0.8110512622974362  (Index 86)
-----------------ETPA RESULT-------------------
Epoch 43: Validation	rmse: 18.93	mae: 15.0	mape: 34.73%	acc@10: 37.86%	acc@20: 75.78%	acc@30: 92.26%	
[2023-11-29 04:41:12] INFO (nni/MainThread) Intermediate result: 18.92711608876075  (Index 87)
*** Epoch: 44 ***
-----------------G2R RESULT-------------------

val result: krc:0.813 | lsd:0.575 | ed:0.883 | hr@1:0.709 | hr@2:0.881 | hr@3:0.926 | acc@1:0.709 | acc@2:0.641 | acc@3:0.607 | Best krc: 0.817 | Best epoch: 34
[2023-11-29 04:42:59] INFO (nni/MainThread) Intermediate result: 0.8125243070586314  (Index 88)
-----------------ETPA RESULT-------------------
Epoch 44: Validation	rmse: 18.87	mae: 14.96	mape: 34.67%	acc@10: 37.92%	acc@20: 75.9%	acc@30: 92.29%	
[2023-11-29 04:42:59] INFO (nni/MainThread) Intermediate result: 18.865609889363906  (Index 89)
*** Epoch: 45 ***
-----------------G2R RESULT-------------------

val result: krc:0.816 | lsd:0.586 | ed:0.861 | hr@1:0.733 | hr@2:0.873 | hr@3:0.925 | acc@1:0.733 | acc@2:0.651 | acc@3:0.616 | Best krc: 0.817 | Best epoch: 34
[2023-11-29 04:44:48] INFO (nni/MainThread) Intermediate result: 0.8158199490512565  (Index 90)
-----------------ETPA RESULT-------------------
Epoch 45: Validation	rmse: 18.86	mae: 14.98	mape: 34.72%	acc@10: 37.84%	acc@20: 75.75%	acc@30: 92.32%	
[2023-11-29 04:44:48] INFO (nni/MainThread) Intermediate result: 18.861717095604618  (Index 91)
*** Epoch: 46 ***
-----------------G2R RESULT-------------------

val result: krc:0.814 | lsd:0.583 | ed:0.87 | hr@1:0.725 | hr@2:0.87 | hr@3:0.922 | acc@1:0.725 | acc@2:0.648 | acc@3:0.613 | Best krc: 0.817 | Best epoch: 34
[2023-11-29 04:46:35] INFO (nni/MainThread) Intermediate result: 0.814093107656728  (Index 92)
-----------------ETPA RESULT-------------------
Epoch 46: Validation	rmse: 18.8	mae: 14.96	mape: 34.71%	acc@10: 37.7%	acc@20: 75.8%	acc@30: 92.42%	
[2023-11-29 04:46:35] INFO (nni/MainThread) Intermediate result: 18.80337535873442  (Index 93)
*** Epoch: 47 ***
-----------------G2R RESULT-------------------

val result: krc:0.814 | lsd:0.573 | ed:0.866 | hr@1:0.707 | hr@2:0.877 | hr@3:0.922 | acc@1:0.707 | acc@2:0.641 | acc@3:0.603 | Best krc: 0.817 | Best epoch: 34
[2023-11-29 04:48:19] INFO (nni/MainThread) Intermediate result: 0.8137213538700203  (Index 94)
-----------------ETPA RESULT-------------------
Epoch 47: Validation	rmse: 18.77	mae: 14.94	mape: 34.65%	acc@10: 37.83%	acc@20: 75.91%	acc@30: 92.38%	
[2023-11-29 04:48:19] INFO (nni/MainThread) Intermediate result: 18.773123871207435  (Index 95)
*** Epoch: 48 ***
-----------------G2R RESULT-------------------

val result: krc:0.817 | lsd:0.576 | ed:0.864 | hr@1:0.721 | hr@2:0.874 | hr@3:0.922 | acc@1:0.721 | acc@2:0.648 | acc@3:0.612 | Best krc: 0.817 | Best epoch: 34
[2023-11-29 04:50:06] INFO (nni/MainThread) Intermediate result: 0.8166921284192818  (Index 96)
-----------------ETPA RESULT-------------------
Epoch 48: Validation	rmse: 18.76	mae: 14.93	mape: 34.64%	acc@10: 37.82%	acc@20: 75.83%	acc@30: 92.41%	
[2023-11-29 04:50:06] INFO (nni/MainThread) Intermediate result: 18.757311144451922  (Index 97)
*** Epoch: 49 ***
-----------------G2R RESULT-------------------

val result: krc:0.815 | lsd:0.579 | ed:0.856 | hr@1:0.725 | hr@2:0.875 | hr@3:0.922 | acc@1:0.725 | acc@2:0.652 | acc@3:0.614 | Best krc: 0.817 | Best epoch: 34
[2023-11-29 04:51:51] INFO (nni/MainThread) Intermediate result: 0.8151074276741089  (Index 98)
-----------------ETPA RESULT-------------------
Epoch 49: Validation	rmse: 18.7	mae: 14.89	mape: 34.56%	acc@10: 37.94%	acc@20: 75.94%	acc@30: 92.44%	
[2023-11-29 04:51:51] INFO (nni/MainThread) Intermediate result: 18.696045845052762  (Index 99)
*** Epoch: 50 ***
-----------------G2R RESULT-------------------

val result: krc:0.805 | lsd:0.596 | ed:0.908 | hr@1:0.705 | hr@2:0.874 | hr@3:0.918 | acc@1:0.705 | acc@2:0.635 | acc@3:0.596 | Best krc: 0.817 | Best epoch: 34
[2023-11-29 04:53:35] INFO (nni/MainThread) Intermediate result: 0.8051567833290614  (Index 100)
-----------------ETPA RESULT-------------------
Epoch 50: Validation	rmse: 18.68	mae: 14.9	mape: 34.6%	acc@10: 37.93%	acc@20: 75.8%	acc@30: 92.46%	
[2023-11-29 04:53:35] INFO (nni/MainThread) Intermediate result: 18.67662811504933  (Index 101)
*** Epoch: 51 ***
-----------------G2R RESULT-------------------

val result: krc:0.813 | lsd:0.573 | ed:0.877 | hr@1:0.721 | hr@2:0.879 | hr@3:0.927 | acc@1:0.721 | acc@2:0.643 | acc@3:0.606 | Best krc: 0.817 | Best epoch: 34
[2023-11-29 04:55:22] INFO (nni/MainThread) Intermediate result: 0.8131579081819571  (Index 102)
-----------------ETPA RESULT-------------------
Epoch 51: Validation	rmse: 18.63	mae: 14.88	mape: 34.57%	acc@10: 37.8%	acc@20: 75.84%	acc@30: 92.55%	
[2023-11-29 04:55:22] INFO (nni/MainThread) Intermediate result: 18.630751615981083  (Index 103)
*** Epoch: 52 ***
-----------------G2R RESULT-------------------

val result: krc:0.812 | lsd:0.585 | ed:0.869 | hr@1:0.723 | hr@2:0.878 | hr@3:0.924 | acc@1:0.723 | acc@2:0.652 | acc@3:0.614 | Best krc: 0.817 | Best epoch: 34
[2023-11-29 04:57:06] INFO (nni/MainThread) Intermediate result: 0.8122598837946454  (Index 104)
-----------------ETPA RESULT-------------------
Epoch 52: Validation	rmse: 18.6	mae: 14.87	mape: 34.58%	acc@10: 37.85%	acc@20: 75.88%	acc@30: 92.57%	
[2023-11-29 04:57:06] INFO (nni/MainThread) Intermediate result: 18.60413040723597  (Index 105)
*** Epoch: 53 ***
-----------------G2R RESULT-------------------

val result: krc:0.813 | lsd:0.561 | ed:0.87 | hr@1:0.707 | hr@2:0.879 | hr@3:0.924 | acc@1:0.707 | acc@2:0.644 | acc@3:0.607 | Best krc: 0.817 | Best epoch: 34
[2023-11-29 04:58:50] INFO (nni/MainThread) Intermediate result: 0.8126759949147356  (Index 106)
-----------------ETPA RESULT-------------------
Epoch 53: Validation	rmse: 18.59	mae: 14.87	mape: 34.58%	acc@10: 37.85%	acc@20: 75.69%	acc@30: 92.59%	
[2023-11-29 04:58:50] INFO (nni/MainThread) Intermediate result: 18.593385896599518  (Index 107)
*** Epoch: 54 ***
-----------------G2R RESULT-------------------

val result: krc:0.804 | lsd:0.58 | ed:0.902 | hr@1:0.693 | hr@2:0.877 | hr@3:0.92 | acc@1:0.693 | acc@2:0.629 | acc@3:0.593 | Best krc: 0.817 | Best epoch: 34
[2023-11-29 05:00:32] INFO (nni/MainThread) Intermediate result: 0.8037869293575459  (Index 108)
-----------------ETPA RESULT-------------------
Epoch 54: Validation	rmse: 18.59	mae: 14.88	mape: 34.57%	acc@10: 37.9%	acc@20: 75.74%	acc@30: 92.5%	
[2023-11-29 05:00:32] INFO (nni/MainThread) Intermediate result: 18.592570952236596  (Index 109)
loaded model path: /home/sentanoe/joint_training/data/dataset/food_pd/sort_model/hidden_size-8.gcnru-pd_1701224689.45346121701224689.4534726
best model loaded !!!
krc:0.802 | lsd:0.45 | ed:0.904 | hr@1:0.709 | hr@2:0.907 | hr@3:0.945 | acc@1:0.709 | acc@2:0.644 | acc@3:0.598 |

-------------------------------------------------------------
Best epoch for G2R:  34
Best epoch for ETPA:  54
graph2route_pd Evaluation in test: krc:0.802 | lsd:0.45 | ed:0.904 | hr@1:0.709 | hr@2:0.907 | hr@3:0.945 | acc@1:0.709 | acc@2:0.644 | acc@3:0.598 |
RankPETA Evaluation in test: rmse: 11.5	mae: 9.3	mape: 78.44%	acc@10: 50.0%	acc@20: 95.0%	acc@30: 100.0%	
