Device:  cuda
{'alpha_loss': 0.5,
 'batch_size': 64,
 'dataset': 'food_pd',
 'datatype': 'order',
 'device': device(type='cuda'),
 'early_stop': 10,
 'edge_fea_dim': 5,
 'embedding_dim': 32,
 'eval_end_1': 11,
 'eval_end_2': 25,
 'eval_start': 1,
 'gcn_num_layers': 2,
 'hidden_size': 8,
 'is_eval': False,
 'is_test': False,
 'k_min_nodes': 3,
 'k_nearest_neighbors': 'n-1',
 'lr': 0.001,
 'max_task_num': 25,
 'min_task_num': 0,
 'modelArrivalTime': 'RankPETA',
 'modelRoute': 'graph2route_pd',
 'no_cuda': False,
 'node_fea_dim': 8,
 'node_features_test': '/home/sentanoe/joint_training/data/dataset/food_pd/node_features_test_full.npy',
 'node_features_train': '/home/sentanoe/joint_training/data/dataset/food_pd/node_features_train_full.npy',
 'node_features_val': '/home/sentanoe/joint_training/data/dataset/food_pd/node_features_val_full.npy',
 'num_block': 2,
 'num_epoch': 1000,
 'num_head': 2,
 'num_worker_logistics': 2346,
 'num_worker_pd': 920,
 'pad_value': 26,
 'seed': 1000,
 'sort_mode': 'pnn_idx',
 'spatial_encoder': 'gatv2',
 'temporal_encoder': 'gru',
 'test_path': '/home/sentanoe/joint_training/data/dataset/food_pd/test_full.npy',
 'train_mode': 'sort',
 'train_path': '/home/sentanoe/joint_training/data/dataset/food_pd/train_full.npy',
 'val_path': '/home/sentanoe/joint_training/data/dataset/food_pd/val_full.npy',
 'wd': 1e-05,
 'worker_emb_dim': 10,
 'workers': 2}
last_x_size:13;unpick_x_size:12;input_size:53
#train:2521 | #val:1257 | #test:1261
*** Epoch: 0 ***
-----------------G2R RESULT-------------------

val result: krc:0.757 | lsd:0.751 | ed:1.056 | hr@1:0.626 | hr@2:0.857 | hr@3:0.902 | acc@1:0.626 | acc@2:0.566 | acc@3:0.529 | Best krc: -1 | Best epoch: -1
best model saved
[2023-12-16 11:57:01] INFO (nni/MainThread) Intermediate result: 0.757298345955976  (Index 0)
-----------------ETPA RESULT-------------------
Epoch 0: Validation	rmse: 24.51	mae: 19.31	mape: 72.26%	acc@10: 31.48%	acc@20: 59.26%	acc@30: 79.26%	
[2023-12-16 11:57:01] INFO (nni/MainThread) Intermediate result: 24.513818697398133  (Index 1)
*** Epoch: 1 ***
-----------------G2R RESULT-------------------

val result: krc:0.755 | lsd:0.76 | ed:1.054 | hr@1:0.626 | hr@2:0.855 | hr@3:0.9 | acc@1:0.626 | acc@2:0.567 | acc@3:0.52 | Best krc: 0.757 | Best epoch: 0
[2023-12-16 11:57:26] INFO (nni/MainThread) Intermediate result: 0.7546393880455969  (Index 2)
-----------------ETPA RESULT-------------------
Epoch 1: Validation	rmse: 25.59	mae: 19.57	mape: 107.98%	acc@10: 31.85%	acc@20: 61.85%	acc@30: 80.19%	
[2023-12-16 11:57:26] INFO (nni/MainThread) Intermediate result: 25.58801636599664  (Index 3)
*** Epoch: 2 ***
-----------------G2R RESULT-------------------

val result: krc:0.761 | lsd:0.696 | ed:1.038 | hr@1:0.631 | hr@2:0.857 | hr@3:0.906 | acc@1:0.631 | acc@2:0.57 | acc@3:0.53 | Best krc: 0.757 | Best epoch: 0
best model saved
[2023-12-16 11:57:52] INFO (nni/MainThread) Intermediate result: 0.7605135449822813  (Index 4)
-----------------ETPA RESULT-------------------
Epoch 2: Validation	rmse: 23.97	mae: 18.33	mape: 109.01%	acc@10: 36.17%	acc@20: 65.31%	acc@30: 81.48%	
[2023-12-16 11:57:52] INFO (nni/MainThread) Intermediate result: 23.97453039403358  (Index 5)
*** Epoch: 3 ***
-----------------G2R RESULT-------------------

val result: krc:0.763 | lsd:0.705 | ed:1.02 | hr@1:0.63 | hr@2:0.861 | hr@3:0.909 | acc@1:0.63 | acc@2:0.57 | acc@3:0.536 | Best krc: 0.761 | Best epoch: 2
best model saved
[2023-12-16 11:58:19] INFO (nni/MainThread) Intermediate result: 0.7629085782474503  (Index 6)
-----------------ETPA RESULT-------------------
Epoch 3: Validation	rmse: 23.24	mae: 17.83	mape: 111.96%	acc@10: 37.5%	acc@20: 66.39%	acc@30: 82.41%	
[2023-12-16 11:58:19] INFO (nni/MainThread) Intermediate result: 23.241927396715393  (Index 7)
*** Epoch: 4 ***
-----------------G2R RESULT-------------------

val result: krc:0.765 | lsd:0.711 | ed:1.011 | hr@1:0.633 | hr@2:0.861 | hr@3:0.908 | acc@1:0.633 | acc@2:0.576 | acc@3:0.541 | Best krc: 0.763 | Best epoch: 3
best model saved
[2023-12-16 11:58:46] INFO (nni/MainThread) Intermediate result: 0.7652351104821592  (Index 8)
-----------------ETPA RESULT-------------------
Epoch 4: Validation	rmse: 22.11	mae: 17.01	mape: 108.45%	acc@10: 39.41%	acc@20: 68.22%	acc@30: 83.93%	
[2023-12-16 11:58:46] INFO (nni/MainThread) Intermediate result: 22.107334842781587  (Index 9)
*** Epoch: 5 ***
-----------------G2R RESULT-------------------

val result: krc:0.763 | lsd:0.715 | ed:1.03 | hr@1:0.625 | hr@2:0.857 | hr@3:0.91 | acc@1:0.625 | acc@2:0.558 | acc@3:0.524 | Best krc: 0.765 | Best epoch: 4
[2023-12-16 11:59:12] INFO (nni/MainThread) Intermediate result: 0.7631626806528425  (Index 10)
-----------------ETPA RESULT-------------------
Epoch 5: Validation	rmse: 21.21	mae: 16.4	mape: 106.29%	acc@10: 39.88%	acc@20: 69.44%	acc@30: 85.43%	
[2023-12-16 11:59:12] INFO (nni/MainThread) Intermediate result: 21.206650559314863  (Index 11)
*** Epoch: 6 ***
-----------------G2R RESULT-------------------

val result: krc:0.767 | lsd:0.678 | ed:1.002 | hr@1:0.633 | hr@2:0.861 | hr@3:0.907 | acc@1:0.633 | acc@2:0.575 | acc@3:0.539 | Best krc: 0.765 | Best epoch: 4
best model saved
[2023-12-16 11:59:39] INFO (nni/MainThread) Intermediate result: 0.7665407490855677  (Index 12)
-----------------ETPA RESULT-------------------
Epoch 6: Validation	rmse: 20.31	mae: 15.75	mape: 103.04%	acc@10: 41.32%	acc@20: 71.22%	acc@30: 86.93%	
[2023-12-16 11:59:39] INFO (nni/MainThread) Intermediate result: 20.31025208343225  (Index 13)
*** Epoch: 7 ***
-----------------G2R RESULT-------------------

val result: krc:0.773 | lsd:0.667 | ed:0.995 | hr@1:0.633 | hr@2:0.858 | hr@3:0.908 | acc@1:0.633 | acc@2:0.573 | acc@3:0.537 | Best krc: 0.767 | Best epoch: 6
best model saved
[2023-12-16 12:00:06] INFO (nni/MainThread) Intermediate result: 0.7733812068836118  (Index 14)
-----------------ETPA RESULT-------------------
Epoch 7: Validation	rmse: 20.0	mae: 15.49	mape: 103.15%	acc@10: 41.53%	acc@20: 72.18%	acc@30: 87.41%	
[2023-12-16 12:00:06] INFO (nni/MainThread) Intermediate result: 19.997289069347477  (Index 15)
*** Epoch: 8 ***
-----------------G2R RESULT-------------------

val result: krc:0.771 | lsd:0.668 | ed:0.994 | hr@1:0.632 | hr@2:0.86 | hr@3:0.909 | acc@1:0.632 | acc@2:0.575 | acc@3:0.54 | Best krc: 0.773 | Best epoch: 7
[2023-12-16 12:00:32] INFO (nni/MainThread) Intermediate result: 0.7709464821401857  (Index 16)
-----------------ETPA RESULT-------------------
Epoch 8: Validation	rmse: 19.55	mae: 15.17	mape: 102.14%	acc@10: 42.35%	acc@20: 72.84%	acc@30: 88.11%	
[2023-12-16 12:00:32] INFO (nni/MainThread) Intermediate result: 19.551008536110448  (Index 17)
*** Epoch: 9 ***
-----------------G2R RESULT-------------------

val result: krc:0.771 | lsd:0.701 | ed:0.984 | hr@1:0.64 | hr@2:0.861 | hr@3:0.91 | acc@1:0.64 | acc@2:0.581 | acc@3:0.545 | Best krc: 0.773 | Best epoch: 7
[2023-12-16 12:00:58] INFO (nni/MainThread) Intermediate result: 0.771258405880181  (Index 18)
-----------------ETPA RESULT-------------------
Epoch 9: Validation	rmse: 19.02	mae: 14.78	mape: 99.69%	acc@10: 43.22%	acc@20: 74.22%	acc@30: 88.78%	
[2023-12-16 12:00:58] INFO (nni/MainThread) Intermediate result: 19.020292379530623  (Index 19)
*** Epoch: 10 ***
-----------------G2R RESULT-------------------

val result: krc:0.778 | lsd:0.663 | ed:0.966 | hr@1:0.638 | hr@2:0.864 | hr@3:0.913 | acc@1:0.638 | acc@2:0.582 | acc@3:0.551 | Best krc: 0.773 | Best epoch: 7
best model saved
[2023-12-16 12:01:25] INFO (nni/MainThread) Intermediate result: 0.7775496255513745  (Index 20)
-----------------ETPA RESULT-------------------
Epoch 10: Validation	rmse: 18.67	mae: 14.55	mape: 98.76%	acc@10: 43.43%	acc@20: 74.92%	acc@30: 89.43%	
[2023-12-16 12:01:25] INFO (nni/MainThread) Intermediate result: 18.66826285361031  (Index 21)
*** Epoch: 11 ***
-----------------G2R RESULT-------------------

val result: krc:0.773 | lsd:0.685 | ed:0.969 | hr@1:0.64 | hr@2:0.863 | hr@3:0.91 | acc@1:0.64 | acc@2:0.581 | acc@3:0.546 | Best krc: 0.778 | Best epoch: 10
[2023-12-16 12:01:51] INFO (nni/MainThread) Intermediate result: 0.7725370928606609  (Index 22)
-----------------ETPA RESULT-------------------
Epoch 11: Validation	rmse: 18.27	mae: 14.23	mape: 96.12%	acc@10: 44.38%	acc@20: 75.96%	acc@30: 90.03%	
[2023-12-16 12:01:51] INFO (nni/MainThread) Intermediate result: 18.26709310719667  (Index 23)
*** Epoch: 12 ***
-----------------G2R RESULT-------------------

val result: krc:0.779 | lsd:0.649 | ed:0.962 | hr@1:0.647 | hr@2:0.865 | hr@3:0.911 | acc@1:0.647 | acc@2:0.586 | acc@3:0.547 | Best krc: 0.778 | Best epoch: 10
best model saved
[2023-12-16 12:02:18] INFO (nni/MainThread) Intermediate result: 0.7793535253876313  (Index 24)
-----------------ETPA RESULT-------------------
Epoch 12: Validation	rmse: 17.98	mae: 14.03	mape: 95.37%	acc@10: 44.87%	acc@20: 76.61%	acc@30: 90.46%	
[2023-12-16 12:02:18] INFO (nni/MainThread) Intermediate result: 17.984891087424035  (Index 25)
*** Epoch: 13 ***
-----------------G2R RESULT-------------------

val result: krc:0.775 | lsd:0.666 | ed:0.972 | hr@1:0.641 | hr@2:0.862 | hr@3:0.912 | acc@1:0.641 | acc@2:0.583 | acc@3:0.545 | Best krc: 0.779 | Best epoch: 12
[2023-12-16 12:02:44] INFO (nni/MainThread) Intermediate result: 0.7753661622835213  (Index 26)
-----------------ETPA RESULT-------------------
Epoch 13: Validation	rmse: 17.71	mae: 13.84	mape: 94.34%	acc@10: 45.21%	acc@20: 77.25%	acc@30: 90.9%	
[2023-12-16 12:02:44] INFO (nni/MainThread) Intermediate result: 17.706803870457204  (Index 27)
*** Epoch: 14 ***
-----------------G2R RESULT-------------------

val result: krc:0.779 | lsd:0.66 | ed:0.952 | hr@1:0.643 | hr@2:0.861 | hr@3:0.91 | acc@1:0.643 | acc@2:0.586 | acc@3:0.553 | Best krc: 0.779 | Best epoch: 12
best model saved
[2023-12-16 12:03:11] INFO (nni/MainThread) Intermediate result: 0.7793643018304146  (Index 28)
-----------------ETPA RESULT-------------------
Epoch 14: Validation	rmse: 17.48	mae: 13.68	mape: 93.08%	acc@10: 45.7%	acc@20: 77.8%	acc@30: 91.26%	
[2023-12-16 12:03:11] INFO (nni/MainThread) Intermediate result: 17.47573673118583  (Index 29)
*** Epoch: 15 ***
-----------------G2R RESULT-------------------

val result: krc:0.779 | lsd:0.652 | ed:0.948 | hr@1:0.646 | hr@2:0.862 | hr@3:0.913 | acc@1:0.646 | acc@2:0.586 | acc@3:0.555 | Best krc: 0.779 | Best epoch: 14
[2023-12-16 12:03:37] INFO (nni/MainThread) Intermediate result: 0.7789764268994702  (Index 30)
-----------------ETPA RESULT-------------------
Epoch 15: Validation	rmse: 17.32	mae: 13.58	mape: 92.69%	acc@10: 45.81%	acc@20: 78.12%	acc@30: 91.53%	
[2023-12-16 12:03:37] INFO (nni/MainThread) Intermediate result: 17.315775060981334  (Index 31)
*** Epoch: 16 ***
-----------------G2R RESULT-------------------

val result: krc:0.773 | lsd:0.654 | ed:0.965 | hr@1:0.641 | hr@2:0.862 | hr@3:0.91 | acc@1:0.641 | acc@2:0.582 | acc@3:0.546 | Best krc: 0.779 | Best epoch: 14
[2023-12-16 12:04:03] INFO (nni/MainThread) Intermediate result: 0.7731782531869982  (Index 32)
-----------------ETPA RESULT-------------------
Epoch 16: Validation	rmse: 17.12	mae: 13.43	mape: 91.9%	acc@10: 46.21%	acc@20: 78.63%	acc@30: 91.85%	
[2023-12-16 12:04:03] INFO (nni/MainThread) Intermediate result: 17.115854700349935  (Index 33)
*** Epoch: 17 ***
-----------------G2R RESULT-------------------

val result: krc:0.779 | lsd:0.639 | ed:0.951 | hr@1:0.637 | hr@2:0.867 | hr@3:0.913 | acc@1:0.637 | acc@2:0.584 | acc@3:0.549 | Best krc: 0.779 | Best epoch: 14
best model saved
[2023-12-16 12:04:30] INFO (nni/MainThread) Intermediate result: 0.7793643804575157  (Index 34)
-----------------ETPA RESULT-------------------
Epoch 17: Validation	rmse: 16.91	mae: 13.27	mape: 90.55%	acc@10: 46.75%	acc@20: 79.05%	acc@30: 92.12%	
[2023-12-16 12:04:30] INFO (nni/MainThread) Intermediate result: 16.90980456375201  (Index 35)
*** Epoch: 18 ***
-----------------G2R RESULT-------------------

val result: krc:0.765 | lsd:0.679 | ed:1.028 | hr@1:0.638 | hr@2:0.865 | hr@3:0.908 | acc@1:0.638 | acc@2:0.575 | acc@3:0.53 | Best krc: 0.779 | Best epoch: 17
[2023-12-16 12:04:56] INFO (nni/MainThread) Intermediate result: 0.7650028702936441  (Index 36)
-----------------ETPA RESULT-------------------
Epoch 18: Validation	rmse: 16.77	mae: 13.16	mape: 89.79%	acc@10: 47.17%	acc@20: 79.3%	acc@30: 92.32%	
[2023-12-16 12:04:56] INFO (nni/MainThread) Intermediate result: 16.76534338989564  (Index 37)
*** Epoch: 19 ***
-----------------G2R RESULT-------------------

val result: krc:0.777 | lsd:0.656 | ed:0.965 | hr@1:0.638 | hr@2:0.867 | hr@3:0.913 | acc@1:0.638 | acc@2:0.583 | acc@3:0.548 | Best krc: 0.779 | Best epoch: 17
[2023-12-16 12:05:22] INFO (nni/MainThread) Intermediate result: 0.7767962028740342  (Index 38)
-----------------ETPA RESULT-------------------
Epoch 19: Validation	rmse: 16.67	mae: 13.09	mape: 89.38%	acc@10: 47.46%	acc@20: 79.44%	acc@30: 92.44%	
[2023-12-16 12:05:22] INFO (nni/MainThread) Intermediate result: 16.66688153078855  (Index 39)
*** Epoch: 20 ***
-----------------G2R RESULT-------------------

val result: krc:0.765 | lsd:0.69 | ed:1.001 | hr@1:0.64 | hr@2:0.862 | hr@3:0.905 | acc@1:0.64 | acc@2:0.581 | acc@3:0.538 | Best krc: 0.779 | Best epoch: 17
[2023-12-16 12:05:47] INFO (nni/MainThread) Intermediate result: 0.764890345205168  (Index 40)
-----------------ETPA RESULT-------------------
Epoch 20: Validation	rmse: 16.58	mae: 13.02	mape: 88.98%	acc@10: 47.72%	acc@20: 79.52%	acc@30: 92.54%	
[2023-12-16 12:05:47] INFO (nni/MainThread) Intermediate result: 16.576944351537563  (Index 41)
*** Epoch: 21 ***
-----------------G2R RESULT-------------------

val result: krc:0.773 | lsd:0.661 | ed:0.974 | hr@1:0.642 | hr@2:0.867 | hr@3:0.912 | acc@1:0.642 | acc@2:0.584 | acc@3:0.545 | Best krc: 0.779 | Best epoch: 17
[2023-12-16 12:06:13] INFO (nni/MainThread) Intermediate result: 0.7730447608716082  (Index 42)
-----------------ETPA RESULT-------------------
Epoch 21: Validation	rmse: 16.45	mae: 12.92	mape: 88.41%	acc@10: 47.96%	acc@20: 79.87%	acc@30: 92.74%	
[2023-12-16 12:06:13] INFO (nni/MainThread) Intermediate result: 16.447390862525275  (Index 43)
*** Epoch: 22 ***
-----------------G2R RESULT-------------------

val result: krc:0.784 | lsd:0.646 | ed:0.941 | hr@1:0.654 | hr@2:0.867 | hr@3:0.915 | acc@1:0.654 | acc@2:0.597 | acc@3:0.562 | Best krc: 0.779 | Best epoch: 17
best model saved
[2023-12-16 12:06:40] INFO (nni/MainThread) Intermediate result: 0.7836683684256922  (Index 44)
-----------------ETPA RESULT-------------------
Epoch 22: Validation	rmse: 16.35	mae: 12.86	mape: 88.03%	acc@10: 48.07%	acc@20: 80.08%	acc@30: 92.85%	
[2023-12-16 12:06:40] INFO (nni/MainThread) Intermediate result: 16.354284477879702  (Index 45)
*** Epoch: 23 ***
-----------------G2R RESULT-------------------

val result: krc:0.779 | lsd:0.661 | ed:0.961 | hr@1:0.646 | hr@2:0.868 | hr@3:0.914 | acc@1:0.646 | acc@2:0.592 | acc@3:0.557 | Best krc: 0.784 | Best epoch: 22
[2023-12-16 12:07:06] INFO (nni/MainThread) Intermediate result: 0.7794092279968975  (Index 46)
-----------------ETPA RESULT-------------------
Epoch 23: Validation	rmse: 16.25	mae: 12.78	mape: 87.56%	acc@10: 48.32%	acc@20: 80.32%	acc@30: 92.98%	
[2023-12-16 12:07:06] INFO (nni/MainThread) Intermediate result: 16.253623555440186  (Index 47)
*** Epoch: 24 ***
-----------------G2R RESULT-------------------

val result: krc:0.782 | lsd:0.644 | ed:0.957 | hr@1:0.643 | hr@2:0.869 | hr@3:0.915 | acc@1:0.643 | acc@2:0.588 | acc@3:0.556 | Best krc: 0.784 | Best epoch: 22
[2023-12-16 12:07:32] INFO (nni/MainThread) Intermediate result: 0.781863764504779  (Index 48)
-----------------ETPA RESULT-------------------
Epoch 24: Validation	rmse: 16.14	mae: 12.69	mape: 86.68%	acc@10: 48.56%	acc@20: 80.62%	acc@30: 93.13%	
[2023-12-16 12:07:32] INFO (nni/MainThread) Intermediate result: 16.14450113686993  (Index 49)
*** Epoch: 25 ***
-----------------G2R RESULT-------------------

val result: krc:0.775 | lsd:0.649 | ed:0.969 | hr@1:0.648 | hr@2:0.867 | hr@3:0.912 | acc@1:0.648 | acc@2:0.592 | acc@3:0.547 | Best krc: 0.784 | Best epoch: 22
[2023-12-16 12:07:57] INFO (nni/MainThread) Intermediate result: 0.7748186646306453  (Index 50)
-----------------ETPA RESULT-------------------
Epoch 25: Validation	rmse: 16.06	mae: 12.61	mape: 85.8%	acc@10: 48.82%	acc@20: 80.85%	acc@30: 93.25%	
[2023-12-16 12:07:57] INFO (nni/MainThread) Intermediate result: 16.056853532704647  (Index 51)
*** Epoch: 26 ***
-----------------G2R RESULT-------------------

val result: krc:0.775 | lsd:0.646 | ed:0.969 | hr@1:0.648 | hr@2:0.869 | hr@3:0.912 | acc@1:0.648 | acc@2:0.594 | acc@3:0.55 | Best krc: 0.784 | Best epoch: 22
[2023-12-16 12:08:23] INFO (nni/MainThread) Intermediate result: 0.7750917837931393  (Index 52)
-----------------ETPA RESULT-------------------
Epoch 26: Validation	rmse: 15.99	mae: 12.56	mape: 85.4%	acc@10: 49.0%	acc@20: 81.04%	acc@30: 93.31%	
[2023-12-16 12:08:23] INFO (nni/MainThread) Intermediate result: 15.987415822605564  (Index 53)
*** Epoch: 27 ***
-----------------G2R RESULT-------------------

val result: krc:0.773 | lsd:0.639 | ed:0.989 | hr@1:0.64 | hr@2:0.871 | hr@3:0.913 | acc@1:0.64 | acc@2:0.584 | acc@3:0.54 | Best krc: 0.784 | Best epoch: 22
[2023-12-16 12:08:49] INFO (nni/MainThread) Intermediate result: 0.7732988545406559  (Index 54)
-----------------ETPA RESULT-------------------
Epoch 27: Validation	rmse: 15.93	mae: 12.52	mape: 85.17%	acc@10: 49.14%	acc@20: 81.19%	acc@30: 93.4%	
[2023-12-16 12:08:49] INFO (nni/MainThread) Intermediate result: 15.925339519605952  (Index 55)
*** Epoch: 28 ***
-----------------G2R RESULT-------------------

val result: krc:0.754 | lsd:0.758 | ed:1.04 | hr@1:0.634 | hr@2:0.859 | hr@3:0.905 | acc@1:0.634 | acc@2:0.576 | acc@3:0.526 | Best krc: 0.784 | Best epoch: 22
[2023-12-16 12:09:15] INFO (nni/MainThread) Intermediate result: 0.7539309640140424  (Index 56)
-----------------ETPA RESULT-------------------
Epoch 28: Validation	rmse: 15.86	mae: 12.47	mape: 84.85%	acc@10: 49.37%	acc@20: 81.34%	acc@30: 93.47%	
[2023-12-16 12:09:15] INFO (nni/MainThread) Intermediate result: 15.86259350560111  (Index 57)
*** Epoch: 29 ***
-----------------G2R RESULT-------------------

val result: krc:0.776 | lsd:0.665 | ed:0.973 | hr@1:0.642 | hr@2:0.869 | hr@3:0.913 | acc@1:0.642 | acc@2:0.586 | acc@3:0.548 | Best krc: 0.784 | Best epoch: 22
[2023-12-16 12:09:40] INFO (nni/MainThread) Intermediate result: 0.775512251760612  (Index 58)
-----------------ETPA RESULT-------------------
Epoch 29: Validation	rmse: 15.79	mae: 12.41	mape: 84.43%	acc@10: 49.52%	acc@20: 81.56%	acc@30: 93.58%	
[2023-12-16 12:09:40] INFO (nni/MainThread) Intermediate result: 15.791852064911556  (Index 59)
*** Epoch: 30 ***
-----------------G2R RESULT-------------------

val result: krc:0.78 | lsd:0.647 | ed:0.956 | hr@1:0.642 | hr@2:0.872 | hr@3:0.917 | acc@1:0.642 | acc@2:0.589 | acc@3:0.557 | Best krc: 0.784 | Best epoch: 22
[2023-12-16 12:10:06] INFO (nni/MainThread) Intermediate result: 0.7801678902159882  (Index 60)
-----------------ETPA RESULT-------------------
Epoch 30: Validation	rmse: 15.74	mae: 12.37	mape: 83.96%	acc@10: 49.74%	acc@20: 81.64%	acc@30: 93.66%	
[2023-12-16 12:10:06] INFO (nni/MainThread) Intermediate result: 15.736114097480419  (Index 61)
*** Epoch: 31 ***
-----------------G2R RESULT-------------------

val result: krc:0.769 | lsd:0.7 | ed:0.987 | hr@1:0.646 | hr@2:0.865 | hr@3:0.91 | acc@1:0.646 | acc@2:0.59 | acc@3:0.545 | Best krc: 0.784 | Best epoch: 22
[2023-12-16 12:10:32] INFO (nni/MainThread) Intermediate result: 0.7692047925191781  (Index 62)
-----------------ETPA RESULT-------------------
Epoch 31: Validation	rmse: 15.7	mae: 12.35	mape: 83.94%	acc@10: 49.75%	acc@20: 81.69%	acc@30: 93.68%	
[2023-12-16 12:10:32] INFO (nni/MainThread) Intermediate result: 15.70393102211828  (Index 63)
*** Epoch: 32 ***
-----------------G2R RESULT-------------------

val result: krc:0.776 | lsd:0.651 | ed:0.962 | hr@1:0.643 | hr@2:0.867 | hr@3:0.91 | acc@1:0.643 | acc@2:0.588 | acc@3:0.554 | Best krc: 0.784 | Best epoch: 22
[2023-12-16 12:10:59] INFO (nni/MainThread) Intermediate result: 0.7763236763236764  (Index 64)
-----------------ETPA RESULT-------------------
Epoch 32: Validation	rmse: 15.64	mae: 12.3	mape: 83.52%	acc@10: 49.88%	acc@20: 81.91%	acc@30: 93.77%	
[2023-12-16 12:10:59] INFO (nni/MainThread) Intermediate result: 15.639337549663951  (Index 65)
loaded model path: /home/sentanoe/joint_training/data/dataset/food_pd/sort_model/hidden_size-8.gcnru-pd_1702724194.88415121702724194.884164
best model loaded !!!
krc:0.773 | lsd:0.493 | ed:0.987 | hr@1:0.659 | hr@2:0.906 | hr@3:0.938 | acc@1:0.659 | acc@2:0.606 | acc@3:0.555 |

-------------------------------------------------------------
Best epoch for G2R:  22
Best epoch for ETPA:  32
graph2route_pd Evaluation in test: krc:0.773 | lsd:0.493 | ed:0.987 | hr@1:0.659 | hr@2:0.906 | hr@3:0.938 | acc@1:0.659 | acc@2:0.606 | acc@3:0.555 |
RankPETA Evaluation in test: rmse: 12.5	mae: 9.49	mape: 81.9%	acc@10: 63.29%	acc@20: 90.72%	acc@30: 97.47%	
