Device:  cuda
{'alpha_loss': 0.5,
 'batch_size': 64,
 'dataset': 'food_pd',
 'datatype': 'order',
 'device': device(type='cuda'),
 'early_stop': 10,
 'edge_fea_dim': 5,
 'embedding_dim': 32,
 'eval_end_1': 11,
 'eval_end_2': 25,
 'eval_start': 1,
 'gcn_num_layers': 2,
 'hidden_size': 8,
 'is_eval': False,
 'is_test': False,
 'k_min_nodes': 3,
 'k_nearest_neighbors': 'n-1',
 'lr': 0.001,
 'max_task_num': 25,
 'min_task_num': 0,
 'modelArrivalTime': 'RankPETA',
 'modelRoute': 'graph2route_pd',
 'no_cuda': False,
 'node_fea_dim': 8,
 'node_features_test': '/home/sentanoe/joint_training/data/dataset/food_pd/node_features_test_full.npy',
 'node_features_train': '/home/sentanoe/joint_training/data/dataset/food_pd/node_features_train_full.npy',
 'node_features_val': '/home/sentanoe/joint_training/data/dataset/food_pd/node_features_val_full.npy',
 'num_block': 2,
 'num_epoch': 1000,
 'num_head': 2,
 'num_worker_logistics': 2346,
 'num_worker_pd': 920,
 'pad_value': 26,
 'seed': 9999,
 'sort_mode': 'pnn_idx',
 'spatial_encoder': 'gcn',
 'temporal_encoder': 'gru',
 'test_path': '/home/sentanoe/joint_training/data/dataset/food_pd/test_full.npy',
 'train_mode': 'sort',
 'train_path': '/home/sentanoe/joint_training/data/dataset/food_pd/train_full.npy',
 'val_path': '/home/sentanoe/joint_training/data/dataset/food_pd/val_full.npy',
 'wd': 1e-05,
 'worker_emb_dim': 10,
 'workers': 2}
last_x_size:13;unpick_x_size:12;input_size:53
#train:2521 | #val:1257 | #test:1261
*** Epoch: 0 ***
-----------------G2R RESULT-------------------

val result: krc:0.695 | lsd:0.956 | ed:1.227 | hr@1:0.638 | hr@2:0.81 | hr@3:0.874 | acc@1:0.638 | acc@2:0.523 | acc@3:0.477 | Best krc: -1 | Best epoch: -1
best model saved
[2023-12-19 09:21:49] INFO (nni/MainThread) Intermediate result: 0.6946076155783195  (Index 0)
-----------------ETPA RESULT-------------------
Epoch 0: Validation	rmse: 23.4	mae: 17.3	mape: 104.87%	acc@10: 40.37%	acc@20: 70.37%	acc@30: 83.7%	
[2023-12-19 09:21:49] INFO (nni/MainThread) Intermediate result: 23.400594641800105  (Index 1)
*** Epoch: 1 ***
-----------------G2R RESULT-------------------

val result: krc:0.68 | lsd:1.026 | ed:1.264 | hr@1:0.608 | hr@2:0.794 | hr@3:0.866 | acc@1:0.608 | acc@2:0.498 | acc@3:0.456 | Best krc: 0.695 | Best epoch: 0
[2023-12-19 09:22:12] INFO (nni/MainThread) Intermediate result: 0.6795049592426068  (Index 2)
-----------------ETPA RESULT-------------------
Epoch 1: Validation	rmse: 22.72	mae: 16.84	mape: 108.36%	acc@10: 41.48%	acc@20: 71.11%	acc@30: 83.15%	
[2023-12-19 09:22:12] INFO (nni/MainThread) Intermediate result: 22.722305527982467  (Index 3)
*** Epoch: 2 ***
-----------------G2R RESULT-------------------

val result: krc:0.743 | lsd:0.812 | ed:1.091 | hr@1:0.64 | hr@2:0.848 | hr@3:0.894 | acc@1:0.64 | acc@2:0.561 | acc@3:0.516 | Best krc: 0.695 | Best epoch: 0
best model saved
[2023-12-19 09:22:37] INFO (nni/MainThread) Intermediate result: 0.7431278271680545  (Index 4)
-----------------ETPA RESULT-------------------
Epoch 2: Validation	rmse: 21.2	mae: 15.78	mape: 102.69%	acc@10: 44.69%	acc@20: 73.46%	acc@30: 84.69%	
[2023-12-19 09:22:37] INFO (nni/MainThread) Intermediate result: 21.19623345904798  (Index 5)
*** Epoch: 3 ***
-----------------G2R RESULT-------------------

val result: krc:0.774 | lsd:0.683 | ed:0.988 | hr@1:0.648 | hr@2:0.863 | hr@3:0.91 | acc@1:0.648 | acc@2:0.588 | acc@3:0.554 | Best krc: 0.743 | Best epoch: 2
best model saved
[2023-12-19 09:23:01] INFO (nni/MainThread) Intermediate result: 0.7743835328706338  (Index 6)
-----------------ETPA RESULT-------------------
Epoch 3: Validation	rmse: 20.61	mae: 15.52	mape: 104.58%	acc@10: 44.17%	acc@20: 73.33%	acc@30: 85.83%	
[2023-12-19 09:23:01] INFO (nni/MainThread) Intermediate result: 20.60870691573134  (Index 7)
*** Epoch: 4 ***
-----------------G2R RESULT-------------------

val result: krc:0.758 | lsd:0.712 | ed:1.035 | hr@1:0.647 | hr@2:0.861 | hr@3:0.907 | acc@1:0.647 | acc@2:0.585 | acc@3:0.538 | Best krc: 0.774 | Best epoch: 3
[2023-12-19 09:23:24] INFO (nni/MainThread) Intermediate result: 0.7583598671486735  (Index 8)
-----------------ETPA RESULT-------------------
Epoch 4: Validation	rmse: 19.99	mae: 15.19	mape: 102.66%	acc@10: 44.22%	acc@20: 74.0%	acc@30: 86.59%	
[2023-12-19 09:23:24] INFO (nni/MainThread) Intermediate result: 19.99096297077977  (Index 9)
*** Epoch: 5 ***
-----------------G2R RESULT-------------------

val result: krc:0.779 | lsd:0.657 | ed:0.982 | hr@1:0.652 | hr@2:0.868 | hr@3:0.914 | acc@1:0.652 | acc@2:0.591 | acc@3:0.555 | Best krc: 0.774 | Best epoch: 3
best model saved
[2023-12-19 09:23:49] INFO (nni/MainThread) Intermediate result: 0.7794140032181134  (Index 10)
-----------------ETPA RESULT-------------------
Epoch 5: Validation	rmse: 19.66	mae: 14.97	mape: 102.75%	acc@10: 44.2%	acc@20: 74.69%	acc@30: 87.1%	
[2023-12-19 09:23:49] INFO (nni/MainThread) Intermediate result: 19.655990001374843  (Index 11)
*** Epoch: 6 ***
-----------------G2R RESULT-------------------

val result: krc:0.786 | lsd:0.629 | ed:0.935 | hr@1:0.658 | hr@2:0.872 | hr@3:0.914 | acc@1:0.658 | acc@2:0.605 | acc@3:0.57 | Best krc: 0.779 | Best epoch: 5
best model saved
[2023-12-19 09:24:13] INFO (nni/MainThread) Intermediate result: 0.7855477347475599  (Index 12)
-----------------ETPA RESULT-------------------
Epoch 6: Validation	rmse: 19.2	mae: 14.65	mape: 101.33%	acc@10: 45.03%	acc@20: 75.61%	acc@30: 87.67%	
[2023-12-19 09:24:13] INFO (nni/MainThread) Intermediate result: 19.2027338016526  (Index 13)
*** Epoch: 7 ***
-----------------G2R RESULT-------------------

val result: krc:0.782 | lsd:0.649 | ed:0.957 | hr@1:0.657 | hr@2:0.869 | hr@3:0.915 | acc@1:0.657 | acc@2:0.6 | acc@3:0.564 | Best krc: 0.786 | Best epoch: 6
[2023-12-19 09:24:36] INFO (nni/MainThread) Intermediate result: 0.7818047181405292  (Index 14)
-----------------ETPA RESULT-------------------
Epoch 7: Validation	rmse: 18.79	mae: 14.34	mape: 99.95%	acc@10: 46.06%	acc@20: 76.3%	acc@30: 88.15%	
[2023-12-19 09:24:36] INFO (nni/MainThread) Intermediate result: 18.78982182959377  (Index 15)
*** Epoch: 8 ***
-----------------G2R RESULT-------------------

val result: krc:0.772 | lsd:0.65 | ed:0.997 | hr@1:0.652 | hr@2:0.871 | hr@3:0.912 | acc@1:0.652 | acc@2:0.592 | acc@3:0.547 | Best krc: 0.786 | Best epoch: 6
[2023-12-19 09:24:59] INFO (nni/MainThread) Intermediate result: 0.7723179778973396  (Index 16)
-----------------ETPA RESULT-------------------
Epoch 8: Validation	rmse: 18.6	mae: 14.29	mape: 99.86%	acc@10: 45.6%	acc@20: 75.88%	acc@30: 88.64%	
[2023-12-19 09:24:59] INFO (nni/MainThread) Intermediate result: 18.60274864744554  (Index 17)
*** Epoch: 9 ***
-----------------G2R RESULT-------------------

val result: krc:0.776 | lsd:0.677 | ed:0.977 | hr@1:0.653 | hr@2:0.871 | hr@3:0.91 | acc@1:0.653 | acc@2:0.599 | acc@3:0.555 | Best krc: 0.786 | Best epoch: 6
[2023-12-19 09:25:23] INFO (nni/MainThread) Intermediate result: 0.7762663380765698  (Index 18)
-----------------ETPA RESULT-------------------
Epoch 9: Validation	rmse: 18.36	mae: 14.12	mape: 98.87%	acc@10: 46.3%	acc@20: 76.15%	acc@30: 88.96%	
[2023-12-19 09:25:23] INFO (nni/MainThread) Intermediate result: 18.36101309165487  (Index 19)
*** Epoch: 10 ***
-----------------G2R RESULT-------------------

val result: krc:0.787 | lsd:0.617 | ed:0.941 | hr@1:0.661 | hr@2:0.873 | hr@3:0.919 | acc@1:0.661 | acc@2:0.603 | acc@3:0.569 | Best krc: 0.786 | Best epoch: 6
best model saved
[2023-12-19 09:25:48] INFO (nni/MainThread) Intermediate result: 0.786863492626501  (Index 20)
-----------------ETPA RESULT-------------------
Epoch 10: Validation	rmse: 18.15	mae: 13.97	mape: 98.19%	acc@10: 46.67%	acc@20: 76.33%	acc@30: 89.36%	
[2023-12-19 09:25:48] INFO (nni/MainThread) Intermediate result: 18.14875604174372  (Index 21)
*** Epoch: 11 ***
-----------------G2R RESULT-------------------

val result: krc:0.753 | lsd:0.736 | ed:1.049 | hr@1:0.639 | hr@2:0.855 | hr@3:0.905 | acc@1:0.639 | acc@2:0.575 | acc@3:0.54 | Best krc: 0.787 | Best epoch: 10
[2023-12-19 09:26:11] INFO (nni/MainThread) Intermediate result: 0.752756341457697  (Index 22)
-----------------ETPA RESULT-------------------
Epoch 11: Validation	rmse: 17.97	mae: 13.86	mape: 97.74%	acc@10: 46.85%	acc@20: 76.6%	acc@30: 89.63%	
[2023-12-19 09:26:11] INFO (nni/MainThread) Intermediate result: 17.965051094131088  (Index 23)
*** Epoch: 12 ***
-----------------G2R RESULT-------------------

val result: krc:0.79 | lsd:0.637 | ed:0.941 | hr@1:0.659 | hr@2:0.874 | hr@3:0.915 | acc@1:0.659 | acc@2:0.603 | acc@3:0.567 | Best krc: 0.787 | Best epoch: 10
best model saved
[2023-12-19 09:26:36] INFO (nni/MainThread) Intermediate result: 0.7902005109176077  (Index 24)
-----------------ETPA RESULT-------------------
Epoch 12: Validation	rmse: 17.83	mae: 13.79	mape: 97.28%	acc@10: 46.84%	acc@20: 76.67%	acc@30: 89.91%	
[2023-12-19 09:26:36] INFO (nni/MainThread) Intermediate result: 17.833230623007616  (Index 25)
*** Epoch: 13 ***
-----------------G2R RESULT-------------------

val result: krc:0.783 | lsd:0.624 | ed:0.972 | hr@1:0.657 | hr@2:0.871 | hr@3:0.914 | acc@1:0.657 | acc@2:0.596 | acc@3:0.553 | Best krc: 0.79 | Best epoch: 12
[2023-12-19 09:26:59] INFO (nni/MainThread) Intermediate result: 0.7829979384330062  (Index 26)
-----------------ETPA RESULT-------------------
Epoch 13: Validation	rmse: 17.58	mae: 13.62	mape: 96.03%	acc@10: 47.33%	acc@20: 77.14%	acc@30: 90.34%	
[2023-12-19 09:26:59] INFO (nni/MainThread) Intermediate result: 17.584537688529448  (Index 27)
*** Epoch: 14 ***
-----------------G2R RESULT-------------------

val result: krc:0.788 | lsd:0.641 | ed:0.948 | hr@1:0.66 | hr@2:0.874 | hr@3:0.913 | acc@1:0.66 | acc@2:0.606 | acc@3:0.565 | Best krc: 0.79 | Best epoch: 12
[2023-12-19 09:27:23] INFO (nni/MainThread) Intermediate result: 0.7884070413060356  (Index 28)
-----------------ETPA RESULT-------------------
Epoch 14: Validation	rmse: 17.53	mae: 13.61	mape: 96.21%	acc@10: 47.23%	acc@20: 77.04%	acc@30: 90.4%	
[2023-12-19 09:27:23] INFO (nni/MainThread) Intermediate result: 17.528646194485354  (Index 29)
*** Epoch: 15 ***
-----------------G2R RESULT-------------------

val result: krc:0.789 | lsd:0.626 | ed:0.944 | hr@1:0.66 | hr@2:0.875 | hr@3:0.916 | acc@1:0.66 | acc@2:0.604 | acc@3:0.565 | Best krc: 0.79 | Best epoch: 12
[2023-12-19 09:27:47] INFO (nni/MainThread) Intermediate result: 0.7894209798363712  (Index 30)
-----------------ETPA RESULT-------------------
Epoch 15: Validation	rmse: 17.58	mae: 13.7	mape: 97.17%	acc@10: 46.55%	acc@20: 76.76%	acc@30: 90.35%	
[2023-12-19 09:27:47] INFO (nni/MainThread) Intermediate result: 17.582957766815365  (Index 31)
*** Epoch: 16 ***
-----------------G2R RESULT-------------------

val result: krc:0.79 | lsd:0.633 | ed:0.929 | hr@1:0.662 | hr@2:0.871 | hr@3:0.918 | acc@1:0.662 | acc@2:0.605 | acc@3:0.573 | Best krc: 0.79 | Best epoch: 12
best model saved
[2023-12-19 09:28:12] INFO (nni/MainThread) Intermediate result: 0.7902303979523044  (Index 32)
-----------------ETPA RESULT-------------------
Epoch 16: Validation	rmse: 17.5	mae: 13.64	mape: 96.96%	acc@10: 46.67%	acc@20: 76.93%	acc@30: 90.44%	
[2023-12-19 09:28:12] INFO (nni/MainThread) Intermediate result: 17.50068940574785  (Index 33)
*** Epoch: 17 ***
-----------------G2R RESULT-------------------

val result: krc:0.793 | lsd:0.6 | ed:0.918 | hr@1:0.664 | hr@2:0.876 | hr@3:0.92 | acc@1:0.664 | acc@2:0.61 | acc@3:0.575 | Best krc: 0.79 | Best epoch: 16
best model saved
[2023-12-19 09:28:36] INFO (nni/MainThread) Intermediate result: 0.7930965466864023  (Index 34)
-----------------ETPA RESULT-------------------
Epoch 17: Validation	rmse: 17.33	mae: 13.53	mape: 96.15%	acc@10: 46.93%	acc@20: 77.28%	acc@30: 90.78%	
[2023-12-19 09:28:36] INFO (nni/MainThread) Intermediate result: 17.32561551378915  (Index 35)
*** Epoch: 18 ***
-----------------G2R RESULT-------------------

val result: krc:0.797 | lsd:0.59 | ed:0.903 | hr@1:0.667 | hr@2:0.876 | hr@3:0.921 | acc@1:0.667 | acc@2:0.611 | acc@3:0.576 | Best krc: 0.793 | Best epoch: 17
best model saved
[2023-12-19 09:29:01] INFO (nni/MainThread) Intermediate result: 0.7968081163358818  (Index 36)
-----------------ETPA RESULT-------------------
Epoch 18: Validation	rmse: 17.28	mae: 13.52	mape: 96.22%	acc@10: 46.92%	acc@20: 77.25%	acc@30: 90.82%	
[2023-12-19 09:29:01] INFO (nni/MainThread) Intermediate result: 17.283559444736532  (Index 37)
*** Epoch: 19 ***
-----------------G2R RESULT-------------------

val result: krc:0.797 | lsd:0.606 | ed:0.907 | hr@1:0.669 | hr@2:0.875 | hr@3:0.922 | acc@1:0.669 | acc@2:0.614 | acc@3:0.586 | Best krc: 0.797 | Best epoch: 18
best model saved
[2023-12-19 09:29:26] INFO (nni/MainThread) Intermediate result: 0.7971163562505934  (Index 38)
-----------------ETPA RESULT-------------------
Epoch 19: Validation	rmse: 17.13	mae: 13.41	mape: 95.21%	acc@10: 47.15%	acc@20: 77.57%	acc@30: 91.07%	
[2023-12-19 09:29:26] INFO (nni/MainThread) Intermediate result: 17.126506029317657  (Index 39)
*** Epoch: 20 ***
-----------------G2R RESULT-------------------

val result: krc:0.797 | lsd:0.594 | ed:0.917 | hr@1:0.67 | hr@2:0.877 | hr@3:0.922 | acc@1:0.67 | acc@2:0.612 | acc@3:0.582 | Best krc: 0.797 | Best epoch: 19
[2023-12-19 09:29:49] INFO (nni/MainThread) Intermediate result: 0.7970011335730619  (Index 40)
-----------------ETPA RESULT-------------------
Epoch 20: Validation	rmse: 17.02	mae: 13.34	mape: 94.63%	acc@10: 47.3%	acc@20: 77.76%	acc@30: 91.27%	
[2023-12-19 09:29:49] INFO (nni/MainThread) Intermediate result: 17.020858612136774  (Index 41)
*** Epoch: 21 ***
-----------------G2R RESULT-------------------

val result: krc:0.793 | lsd:0.584 | ed:0.933 | hr@1:0.67 | hr@2:0.879 | hr@3:0.922 | acc@1:0.67 | acc@2:0.609 | acc@3:0.571 | Best krc: 0.797 | Best epoch: 19
[2023-12-19 09:30:13] INFO (nni/MainThread) Intermediate result: 0.7929917053747398  (Index 42)
-----------------ETPA RESULT-------------------
Epoch 21: Validation	rmse: 16.91	mae: 13.27	mape: 94.03%	acc@10: 47.49%	acc@20: 77.96%	acc@30: 91.46%	
[2023-12-19 09:30:13] INFO (nni/MainThread) Intermediate result: 16.907123196068618  (Index 43)
*** Epoch: 22 ***
-----------------G2R RESULT-------------------

val result: krc:0.803 | lsd:0.593 | ed:0.892 | hr@1:0.674 | hr@2:0.877 | hr@3:0.921 | acc@1:0.674 | acc@2:0.617 | acc@3:0.587 | Best krc: 0.797 | Best epoch: 19
best model saved
[2023-12-19 09:30:38] INFO (nni/MainThread) Intermediate result: 0.8028258583308867  (Index 44)
-----------------ETPA RESULT-------------------
Epoch 22: Validation	rmse: 16.82	mae: 13.22	mape: 93.76%	acc@10: 47.38%	acc@20: 78.15%	acc@30: 91.71%	
[2023-12-19 09:30:38] INFO (nni/MainThread) Intermediate result: 16.815431132139626  (Index 45)
*** Epoch: 23 ***
-----------------G2R RESULT-------------------

val result: krc:0.804 | lsd:0.574 | ed:0.884 | hr@1:0.681 | hr@2:0.88 | hr@3:0.923 | acc@1:0.681 | acc@2:0.623 | acc@3:0.591 | Best krc: 0.803 | Best epoch: 22
best model saved
[2023-12-19 09:31:03] INFO (nni/MainThread) Intermediate result: 0.8041754536901016  (Index 46)
-----------------ETPA RESULT-------------------
Epoch 23: Validation	rmse: 16.77	mae: 13.19	mape: 93.61%	acc@10: 47.39%	acc@20: 78.18%	acc@30: 91.76%	
[2023-12-19 09:31:03] INFO (nni/MainThread) Intermediate result: 16.7678196936192  (Index 47)
*** Epoch: 24 ***
-----------------G2R RESULT-------------------

val result: krc:0.802 | lsd:0.572 | ed:0.899 | hr@1:0.679 | hr@2:0.879 | hr@3:0.924 | acc@1:0.679 | acc@2:0.618 | acc@3:0.588 | Best krc: 0.804 | Best epoch: 23
[2023-12-19 09:31:27] INFO (nni/MainThread) Intermediate result: 0.8018550627820413  (Index 48)
-----------------ETPA RESULT-------------------
Epoch 24: Validation	rmse: 16.76	mae: 13.21	mape: 93.91%	acc@10: 47.11%	acc@20: 78.13%	acc@30: 91.82%	
[2023-12-19 09:31:27] INFO (nni/MainThread) Intermediate result: 16.76185012315602  (Index 49)
*** Epoch: 25 ***
-----------------G2R RESULT-------------------

val result: krc:0.805 | lsd:0.579 | ed:0.897 | hr@1:0.679 | hr@2:0.882 | hr@3:0.924 | acc@1:0.679 | acc@2:0.623 | acc@3:0.592 | Best krc: 0.804 | Best epoch: 23
best model saved
[2023-12-19 09:31:52] INFO (nni/MainThread) Intermediate result: 0.80475446722058  (Index 50)
-----------------ETPA RESULT-------------------
Epoch 25: Validation	rmse: 16.69	mae: 13.16	mape: 93.42%	acc@10: 47.25%	acc@20: 78.26%	acc@30: 91.92%	
[2023-12-19 09:31:52] INFO (nni/MainThread) Intermediate result: 16.69303910940989  (Index 51)
*** Epoch: 26 ***
-----------------G2R RESULT-------------------

val result: krc:0.765 | lsd:0.697 | ed:1.026 | hr@1:0.65 | hr@2:0.867 | hr@3:0.91 | acc@1:0.65 | acc@2:0.585 | acc@3:0.539 | Best krc: 0.805 | Best epoch: 25
[2023-12-19 09:32:16] INFO (nni/MainThread) Intermediate result: 0.764831016365778  (Index 52)
-----------------ETPA RESULT-------------------
Epoch 26: Validation	rmse: 16.67	mae: 13.16	mape: 93.52%	acc@10: 47.06%	acc@20: 78.27%	acc@30: 91.98%	
[2023-12-19 09:32:16] INFO (nni/MainThread) Intermediate result: 16.6713337188719  (Index 53)
*** Epoch: 27 ***
-----------------G2R RESULT-------------------

val result: krc:0.788 | lsd:0.627 | ed:0.96 | hr@1:0.669 | hr@2:0.87 | hr@3:0.918 | acc@1:0.669 | acc@2:0.601 | acc@3:0.568 | Best krc: 0.805 | Best epoch: 25
[2023-12-19 09:32:40] INFO (nni/MainThread) Intermediate result: 0.7880003981184567  (Index 54)
-----------------ETPA RESULT-------------------
Epoch 27: Validation	rmse: 16.63	mae: 13.13	mape: 93.32%	acc@10: 47.08%	acc@20: 78.29%	acc@30: 92.05%	
[2023-12-19 09:32:40] INFO (nni/MainThread) Intermediate result: 16.633513547412978  (Index 55)
*** Epoch: 28 ***
-----------------G2R RESULT-------------------

val result: krc:0.805 | lsd:0.587 | ed:0.897 | hr@1:0.681 | hr@2:0.881 | hr@3:0.924 | acc@1:0.681 | acc@2:0.622 | acc@3:0.589 | Best krc: 0.805 | Best epoch: 25
best model saved
[2023-12-19 09:33:04] INFO (nni/MainThread) Intermediate result: 0.8048901950694692  (Index 56)
-----------------ETPA RESULT-------------------
Epoch 28: Validation	rmse: 16.52	mae: 13.06	mape: 92.68%	acc@10: 47.24%	acc@20: 78.52%	acc@30: 92.26%	
[2023-12-19 09:33:04] INFO (nni/MainThread) Intermediate result: 16.52497002886225  (Index 57)
*** Epoch: 29 ***
-----------------G2R RESULT-------------------

val result: krc:0.8 | lsd:0.59 | ed:0.917 | hr@1:0.683 | hr@2:0.882 | hr@3:0.922 | acc@1:0.683 | acc@2:0.62 | acc@3:0.584 | Best krc: 0.805 | Best epoch: 28
[2023-12-19 09:33:28] INFO (nni/MainThread) Intermediate result: 0.7998349368003937  (Index 58)
-----------------ETPA RESULT-------------------
Epoch 29: Validation	rmse: 16.42	mae: 12.98	mape: 91.8%	acc@10: 47.52%	acc@20: 78.78%	acc@30: 92.38%	
[2023-12-19 09:33:28] INFO (nni/MainThread) Intermediate result: 16.422444702596326  (Index 59)
*** Epoch: 30 ***
-----------------G2R RESULT-------------------

val result: krc:0.801 | lsd:0.574 | ed:0.92 | hr@1:0.682 | hr@2:0.882 | hr@3:0.924 | acc@1:0.682 | acc@2:0.621 | acc@3:0.582 | Best krc: 0.805 | Best epoch: 28
[2023-12-19 09:33:51] INFO (nni/MainThread) Intermediate result: 0.8011860367522807  (Index 60)
-----------------ETPA RESULT-------------------
Epoch 30: Validation	rmse: 16.32	mae: 12.89	mape: 90.89%	acc@10: 47.72%	acc@20: 79.09%	acc@30: 92.5%	
[2023-12-19 09:33:51] INFO (nni/MainThread) Intermediate result: 16.316378673267707  (Index 61)
*** Epoch: 31 ***
-----------------G2R RESULT-------------------

val result: krc:0.805 | lsd:0.596 | ed:0.902 | hr@1:0.678 | hr@2:0.877 | hr@3:0.922 | acc@1:0.678 | acc@2:0.619 | acc@3:0.587 | Best krc: 0.805 | Best epoch: 28
best model saved
[2023-12-19 09:34:16] INFO (nni/MainThread) Intermediate result: 0.8053721575190748  (Index 62)
-----------------ETPA RESULT-------------------
Epoch 31: Validation	rmse: 16.25	mae: 12.84	mape: 90.3%	acc@10: 47.91%	acc@20: 79.21%	acc@30: 92.57%	
[2023-12-19 09:34:16] INFO (nni/MainThread) Intermediate result: 16.254289240566344  (Index 63)
*** Epoch: 32 ***
-----------------G2R RESULT-------------------

val result: krc:0.807 | lsd:0.572 | ed:0.883 | hr@1:0.688 | hr@2:0.885 | hr@3:0.925 | acc@1:0.688 | acc@2:0.633 | acc@3:0.6 | Best krc: 0.805 | Best epoch: 31
best model saved
[2023-12-19 09:34:41] INFO (nni/MainThread) Intermediate result: 0.8067418341751531  (Index 64)
-----------------ETPA RESULT-------------------
Epoch 32: Validation	rmse: 16.16	mae: 12.76	mape: 89.61%	acc@10: 48.18%	acc@20: 79.45%	acc@30: 92.69%	
[2023-12-19 09:34:41] INFO (nni/MainThread) Intermediate result: 16.162551009772013  (Index 65)
*** Epoch: 33 ***
-----------------G2R RESULT-------------------

val result: krc:0.81 | lsd:0.566 | ed:0.878 | hr@1:0.692 | hr@2:0.88 | hr@3:0.927 | acc@1:0.692 | acc@2:0.631 | acc@3:0.603 | Best krc: 0.807 | Best epoch: 32
best model saved
[2023-12-19 09:35:05] INFO (nni/MainThread) Intermediate result: 0.8098914093404693  (Index 66)
-----------------ETPA RESULT-------------------
Epoch 33: Validation	rmse: 16.11	mae: 12.73	mape: 89.4%	acc@10: 48.21%	acc@20: 79.55%	acc@30: 92.79%	
[2023-12-19 09:35:05] INFO (nni/MainThread) Intermediate result: 16.113557699459278  (Index 67)
*** Epoch: 34 ***
-----------------G2R RESULT-------------------

val result: krc:0.811 | lsd:0.549 | ed:0.888 | hr@1:0.696 | hr@2:0.883 | hr@3:0.926 | acc@1:0.696 | acc@2:0.631 | acc@3:0.596 | Best krc: 0.81 | Best epoch: 33
best model saved
[2023-12-19 09:35:30] INFO (nni/MainThread) Intermediate result: 0.810804837844628  (Index 68)
-----------------ETPA RESULT-------------------
Epoch 34: Validation	rmse: 16.07	mae: 12.71	mape: 89.3%	acc@10: 48.25%	acc@20: 79.61%	acc@30: 92.9%	
[2023-12-19 09:35:30] INFO (nni/MainThread) Intermediate result: 16.07253191479441  (Index 69)
*** Epoch: 35 ***
-----------------G2R RESULT-------------------

val result: krc:0.813 | lsd:0.568 | ed:0.873 | hr@1:0.691 | hr@2:0.882 | hr@3:0.925 | acc@1:0.691 | acc@2:0.631 | acc@3:0.599 | Best krc: 0.811 | Best epoch: 34
best model saved
[2023-12-19 09:35:54] INFO (nni/MainThread) Intermediate result: 0.8132064502243775  (Index 70)
-----------------ETPA RESULT-------------------
Epoch 35: Validation	rmse: 16.02	mae: 12.68	mape: 88.97%	acc@10: 48.35%	acc@20: 79.72%	acc@30: 93.01%	
[2023-12-19 09:35:54] INFO (nni/MainThread) Intermediate result: 16.016767329092158  (Index 71)
*** Epoch: 36 ***
-----------------G2R RESULT-------------------

val result: krc:0.813 | lsd:0.545 | ed:0.87 | hr@1:0.696 | hr@2:0.882 | hr@3:0.927 | acc@1:0.696 | acc@2:0.633 | acc@3:0.603 | Best krc: 0.813 | Best epoch: 35
[2023-12-19 09:36:18] INFO (nni/MainThread) Intermediate result: 0.812975988690899  (Index 72)
-----------------ETPA RESULT-------------------
Epoch 36: Validation	rmse: 15.96	mae: 12.64	mape: 88.6%	acc@10: 48.46%	acc@20: 79.82%	acc@30: 93.11%	
[2023-12-19 09:36:18] INFO (nni/MainThread) Intermediate result: 15.96374511330254  (Index 73)
*** Epoch: 37 ***
-----------------G2R RESULT-------------------

val result: krc:0.789 | lsd:0.602 | ed:0.945 | hr@1:0.688 | hr@2:0.876 | hr@3:0.919 | acc@1:0.688 | acc@2:0.624 | acc@3:0.582 | Best krc: 0.813 | Best epoch: 35
[2023-12-19 09:36:42] INFO (nni/MainThread) Intermediate result: 0.7894576983689359  (Index 74)
-----------------ETPA RESULT-------------------
Epoch 37: Validation	rmse: 15.92	mae: 12.6	mape: 88.29%	acc@10: 48.58%	acc@20: 79.94%	acc@30: 93.19%	
[2023-12-19 09:36:42] INFO (nni/MainThread) Intermediate result: 15.91612895866925  (Index 75)
*** Epoch: 38 ***
-----------------G2R RESULT-------------------

val result: krc:0.815 | lsd:0.559 | ed:0.857 | hr@1:0.698 | hr@2:0.886 | hr@3:0.927 | acc@1:0.698 | acc@2:0.639 | acc@3:0.607 | Best krc: 0.813 | Best epoch: 35
best model saved
[2023-12-19 09:37:07] INFO (nni/MainThread) Intermediate result: 0.8150623604318401  (Index 76)
-----------------ETPA RESULT-------------------
Epoch 38: Validation	rmse: 15.88	mae: 12.58	mape: 88.11%	acc@10: 48.62%	acc@20: 79.98%	acc@30: 93.27%	
[2023-12-19 09:37:07] INFO (nni/MainThread) Intermediate result: 15.879439981025739  (Index 77)
*** Epoch: 39 ***
-----------------G2R RESULT-------------------

val result: krc:0.81 | lsd:0.59 | ed:0.889 | hr@1:0.693 | hr@2:0.883 | hr@3:0.923 | acc@1:0.693 | acc@2:0.633 | acc@3:0.597 | Best krc: 0.815 | Best epoch: 38
[2023-12-19 09:37:30] INFO (nni/MainThread) Intermediate result: 0.8099670686727967  (Index 78)
-----------------ETPA RESULT-------------------
Epoch 39: Validation	rmse: 15.8	mae: 12.52	mape: 87.42%	acc@10: 48.83%	acc@20: 80.24%	acc@30: 93.35%	
[2023-12-19 09:37:30] INFO (nni/MainThread) Intermediate result: 15.803650672842673  (Index 79)
*** Epoch: 40 ***
-----------------G2R RESULT-------------------

val result: krc:0.81 | lsd:0.568 | ed:0.884 | hr@1:0.697 | hr@2:0.881 | hr@3:0.925 | acc@1:0.697 | acc@2:0.634 | acc@3:0.597 | Best krc: 0.815 | Best epoch: 38
[2023-12-19 09:37:54] INFO (nni/MainThread) Intermediate result: 0.8095857058777916  (Index 80)
-----------------ETPA RESULT-------------------
Epoch 40: Validation	rmse: 15.75	mae: 12.47	mape: 86.98%	acc@10: 48.95%	acc@20: 80.41%	acc@30: 93.44%	
[2023-12-19 09:37:54] INFO (nni/MainThread) Intermediate result: 15.74653775741635  (Index 81)
*** Epoch: 41 ***
-----------------G2R RESULT-------------------

val result: krc:0.817 | lsd:0.542 | ed:0.853 | hr@1:0.704 | hr@2:0.887 | hr@3:0.93 | acc@1:0.704 | acc@2:0.645 | acc@3:0.614 | Best krc: 0.815 | Best epoch: 38
best model saved
[2023-12-19 09:38:20] INFO (nni/MainThread) Intermediate result: 0.8172954516373842  (Index 82)
-----------------ETPA RESULT-------------------
Epoch 41: Validation	rmse: 15.71	mae: 12.45	mape: 86.73%	acc@10: 49.04%	acc@20: 80.5%	acc@30: 93.52%	
[2023-12-19 09:38:20] INFO (nni/MainThread) Intermediate result: 15.708310937083224  (Index 83)
*** Epoch: 42 ***
-----------------G2R RESULT-------------------

val result: krc:0.815 | lsd:0.564 | ed:0.87 | hr@1:0.696 | hr@2:0.886 | hr@3:0.928 | acc@1:0.696 | acc@2:0.638 | acc@3:0.607 | Best krc: 0.817 | Best epoch: 41
[2023-12-19 09:38:44] INFO (nni/MainThread) Intermediate result: 0.8146175979844542  (Index 84)
-----------------ETPA RESULT-------------------
Epoch 42: Validation	rmse: 15.66	mae: 12.41	mape: 86.37%	acc@10: 49.14%	acc@20: 80.59%	acc@30: 93.59%	
[2023-12-19 09:38:44] INFO (nni/MainThread) Intermediate result: 15.661913081811152  (Index 85)
*** Epoch: 43 ***
-----------------G2R RESULT-------------------

val result: krc:0.786 | lsd:0.626 | ed:0.984 | hr@1:0.693 | hr@2:0.88 | hr@3:0.92 | acc@1:0.693 | acc@2:0.624 | acc@3:0.57 | Best krc: 0.817 | Best epoch: 41
[2023-12-19 09:39:08] INFO (nni/MainThread) Intermediate result: 0.7862245946898329  (Index 86)
-----------------ETPA RESULT-------------------
Epoch 43: Validation	rmse: 15.63	mae: 12.39	mape: 86.14%	acc@10: 49.17%	acc@20: 80.66%	acc@30: 93.66%	
[2023-12-19 09:39:08] INFO (nni/MainThread) Intermediate result: 15.62698293214818  (Index 87)
*** Epoch: 44 ***
-----------------G2R RESULT-------------------

val result: krc:0.794 | lsd:0.618 | ed:0.964 | hr@1:0.683 | hr@2:0.868 | hr@3:0.914 | acc@1:0.683 | acc@2:0.611 | acc@3:0.568 | Best krc: 0.817 | Best epoch: 41
[2023-12-19 09:39:33] INFO (nni/MainThread) Intermediate result: 0.7938939769197748  (Index 88)
-----------------ETPA RESULT-------------------
Epoch 44: Validation	rmse: 15.58	mae: 12.35	mape: 85.82%	acc@10: 49.25%	acc@20: 80.77%	acc@30: 93.74%	
[2023-12-19 09:39:33] INFO (nni/MainThread) Intermediate result: 15.57998568163624  (Index 89)
*** Epoch: 45 ***
-----------------G2R RESULT-------------------

val result: krc:0.822 | lsd:0.524 | ed:0.856 | hr@1:0.706 | hr@2:0.885 | hr@3:0.929 | acc@1:0.706 | acc@2:0.64 | acc@3:0.608 | Best krc: 0.817 | Best epoch: 41
best model saved
[2023-12-19 09:39:58] INFO (nni/MainThread) Intermediate result: 0.8216931582563415  (Index 90)
-----------------ETPA RESULT-------------------
Epoch 45: Validation	rmse: 15.53	mae: 12.31	mape: 85.22%	acc@10: 49.39%	acc@20: 80.93%	acc@30: 93.79%	
[2023-12-19 09:39:58] INFO (nni/MainThread) Intermediate result: 15.53231767368963  (Index 91)
*** Epoch: 46 ***
-----------------G2R RESULT-------------------

val result: krc:0.814 | lsd:0.546 | ed:0.88 | hr@1:0.7 | hr@2:0.88 | hr@3:0.924 | acc@1:0.7 | acc@2:0.632 | acc@3:0.597 | Best krc: 0.822 | Best epoch: 45
[2023-12-19 09:40:23] INFO (nni/MainThread) Intermediate result: 0.8142021537386646  (Index 92)
-----------------ETPA RESULT-------------------
Epoch 46: Validation	rmse: 15.51	mae: 12.29	mape: 85.06%	acc@10: 49.46%	acc@20: 80.95%	acc@30: 93.85%	
[2023-12-19 09:40:23] INFO (nni/MainThread) Intermediate result: 15.508047286617266  (Index 93)
*** Epoch: 47 ***
-----------------G2R RESULT-------------------

val result: krc:0.821 | lsd:0.547 | ed:0.853 | hr@1:0.707 | hr@2:0.884 | hr@3:0.927 | acc@1:0.707 | acc@2:0.645 | acc@3:0.614 | Best krc: 0.822 | Best epoch: 45
[2023-12-19 09:40:48] INFO (nni/MainThread) Intermediate result: 0.820645942342488  (Index 94)
-----------------ETPA RESULT-------------------
Epoch 47: Validation	rmse: 15.5	mae: 12.29	mape: 85.1%	acc@10: 49.45%	acc@20: 80.93%	acc@30: 93.89%	
[2023-12-19 09:40:48] INFO (nni/MainThread) Intermediate result: 15.500797103319703  (Index 95)
*** Epoch: 48 ***
-----------------G2R RESULT-------------------

val result: krc:0.819 | lsd:0.583 | ed:0.86 | hr@1:0.713 | hr@2:0.886 | hr@3:0.924 | acc@1:0.713 | acc@2:0.651 | acc@3:0.61 | Best krc: 0.822 | Best epoch: 45
[2023-12-19 09:41:13] INFO (nni/MainThread) Intermediate result: 0.8193054072197054  (Index 96)
-----------------ETPA RESULT-------------------
Epoch 48: Validation	rmse: 15.47	mae: 12.26	mape: 84.77%	acc@10: 49.63%	acc@20: 81.01%	acc@30: 93.93%	
[2023-12-19 09:41:13] INFO (nni/MainThread) Intermediate result: 15.46616416870621  (Index 97)
*** Epoch: 49 ***
-----------------G2R RESULT-------------------

val result: krc:0.823 | lsd:0.537 | ed:0.862 | hr@1:0.713 | hr@2:0.884 | hr@3:0.928 | acc@1:0.713 | acc@2:0.648 | acc@3:0.615 | Best krc: 0.822 | Best epoch: 45
best model saved
[2023-12-19 09:41:39] INFO (nni/MainThread) Intermediate result: 0.8228947939135959  (Index 98)
-----------------ETPA RESULT-------------------
Epoch 49: Validation	rmse: 15.43	mae: 12.24	mape: 84.51%	acc@10: 49.7%	acc@20: 81.08%	acc@30: 93.98%	
[2023-12-19 09:41:39] INFO (nni/MainThread) Intermediate result: 15.434032701110214  (Index 99)
*** Epoch: 50 ***
-----------------G2R RESULT-------------------

val result: krc:0.826 | lsd:0.534 | ed:0.848 | hr@1:0.721 | hr@2:0.89 | hr@3:0.93 | acc@1:0.721 | acc@2:0.658 | acc@3:0.623 | Best krc: 0.823 | Best epoch: 49
best model saved
[2023-12-19 09:42:05] INFO (nni/MainThread) Intermediate result: 0.8262697599733018  (Index 100)
-----------------ETPA RESULT-------------------
Epoch 50: Validation	rmse: 15.39	mae: 12.21	mape: 84.23%	acc@10: 49.77%	acc@20: 81.18%	acc@30: 94.05%	
[2023-12-19 09:42:05] INFO (nni/MainThread) Intermediate result: 15.39339491410498  (Index 101)
*** Epoch: 51 ***
-----------------G2R RESULT-------------------

val result: krc:0.825 | lsd:0.539 | ed:0.845 | hr@1:0.72 | hr@2:0.888 | hr@3:0.931 | acc@1:0.72 | acc@2:0.656 | acc@3:0.624 | Best krc: 0.826 | Best epoch: 50
[2023-12-19 09:42:29] INFO (nni/MainThread) Intermediate result: 0.8254619305778033  (Index 102)
-----------------ETPA RESULT-------------------
Epoch 51: Validation	rmse: 15.37	mae: 12.19	mape: 84.14%	acc@10: 49.81%	acc@20: 81.2%	acc@30: 94.11%	
[2023-12-19 09:42:29] INFO (nni/MainThread) Intermediate result: 15.371807988749081  (Index 103)
*** Epoch: 52 ***
-----------------G2R RESULT-------------------

val result: krc:0.83 | lsd:0.511 | ed:0.824 | hr@1:0.725 | hr@2:0.889 | hr@3:0.932 | acc@1:0.725 | acc@2:0.66 | acc@3:0.629 | Best krc: 0.826 | Best epoch: 50
best model saved
[2023-12-19 09:42:56] INFO (nni/MainThread) Intermediate result: 0.8296588394358398  (Index 104)
-----------------ETPA RESULT-------------------
Epoch 52: Validation	rmse: 15.34	mae: 12.17	mape: 83.91%	acc@10: 49.89%	acc@20: 81.3%	acc@30: 94.16%	
[2023-12-19 09:42:56] INFO (nni/MainThread) Intermediate result: 15.337989783807181  (Index 105)
*** Epoch: 53 ***
-----------------G2R RESULT-------------------

val result: krc:0.815 | lsd:0.548 | ed:0.87 | hr@1:0.707 | hr@2:0.878 | hr@3:0.926 | acc@1:0.707 | acc@2:0.641 | acc@3:0.61 | Best krc: 0.83 | Best epoch: 52
[2023-12-19 09:43:20] INFO (nni/MainThread) Intermediate result: 0.8147033801515654  (Index 106)
-----------------ETPA RESULT-------------------
Epoch 53: Validation	rmse: 15.31	mae: 12.15	mape: 83.73%	acc@10: 49.92%	acc@20: 81.34%	acc@30: 94.22%	
[2023-12-19 09:43:20] INFO (nni/MainThread) Intermediate result: 15.310284424100518  (Index 107)
*** Epoch: 54 ***
-----------------G2R RESULT-------------------

val result: krc:0.829 | lsd:0.522 | ed:0.833 | hr@1:0.726 | hr@2:0.888 | hr@3:0.928 | acc@1:0.726 | acc@2:0.662 | acc@3:0.628 | Best krc: 0.83 | Best epoch: 52
[2023-12-19 09:43:45] INFO (nni/MainThread) Intermediate result: 0.8286130980228049  (Index 108)
-----------------ETPA RESULT-------------------
Epoch 54: Validation	rmse: 15.28	mae: 12.13	mape: 83.45%	acc@10: 50.03%	acc@20: 81.4%	acc@30: 94.26%	
[2023-12-19 09:43:45] INFO (nni/MainThread) Intermediate result: 15.28344699439877  (Index 109)
*** Epoch: 55 ***
-----------------G2R RESULT-------------------

val result: krc:0.828 | lsd:0.536 | ed:0.842 | hr@1:0.722 | hr@2:0.888 | hr@3:0.927 | acc@1:0.722 | acc@2:0.658 | acc@3:0.623 | Best krc: 0.83 | Best epoch: 52
[2023-12-19 09:44:11] INFO (nni/MainThread) Intermediate result: 0.8276805320705626  (Index 110)
-----------------ETPA RESULT-------------------
Epoch 55: Validation	rmse: 15.25	mae: 12.1	mape: 83.2%	acc@10: 50.12%	acc@20: 81.48%	acc@30: 94.31%	
[2023-12-19 09:44:11] INFO (nni/MainThread) Intermediate result: 15.25137809984659  (Index 111)
*** Epoch: 56 ***
-----------------G2R RESULT-------------------

val result: krc:0.833 | lsd:0.506 | ed:0.827 | hr@1:0.728 | hr@2:0.893 | hr@3:0.931 | acc@1:0.728 | acc@2:0.666 | acc@3:0.632 | Best krc: 0.83 | Best epoch: 52
best model saved
[2023-12-19 09:44:37] INFO (nni/MainThread) Intermediate result: 0.8332884311109061  (Index 112)
-----------------ETPA RESULT-------------------
Epoch 56: Validation	rmse: 15.24	mae: 12.1	mape: 83.16%	acc@10: 50.11%	acc@20: 81.46%	acc@30: 94.35%	
[2023-12-19 09:44:37] INFO (nni/MainThread) Intermediate result: 15.244550795480908  (Index 113)
*** Epoch: 57 ***
-----------------G2R RESULT-------------------

val result: krc:0.78 | lsd:0.641 | ed:1.014 | hr@1:0.687 | hr@2:0.872 | hr@3:0.91 | acc@1:0.687 | acc@2:0.607 | acc@3:0.559 | Best krc: 0.833 | Best epoch: 56
[2023-12-19 09:45:01] INFO (nni/MainThread) Intermediate result: 0.7800683353634819  (Index 114)
-----------------ETPA RESULT-------------------
Epoch 57: Validation	rmse: 15.21	mae: 12.08	mape: 82.91%	acc@10: 50.17%	acc@20: 81.55%	acc@30: 94.38%	
[2023-12-19 09:45:01] INFO (nni/MainThread) Intermediate result: 15.213206827668602  (Index 115)
*** Epoch: 58 ***
-----------------G2R RESULT-------------------

val result: krc:0.831 | lsd:0.519 | ed:0.833 | hr@1:0.728 | hr@2:0.896 | hr@3:0.933 | acc@1:0.728 | acc@2:0.666 | acc@3:0.632 | Best krc: 0.833 | Best epoch: 56
[2023-12-19 09:45:27] INFO (nni/MainThread) Intermediate result: 0.830923852095693  (Index 116)
-----------------ETPA RESULT-------------------
Epoch 58: Validation	rmse: 15.19	mae: 12.06	mape: 82.66%	acc@10: 50.26%	acc@20: 81.59%	acc@30: 94.4%	
[2023-12-19 09:45:27] INFO (nni/MainThread) Intermediate result: 15.192711454291965  (Index 117)
*** Epoch: 59 ***
-----------------G2R RESULT-------------------

val result: krc:0.83 | lsd:0.51 | ed:0.836 | hr@1:0.722 | hr@2:0.892 | hr@3:0.932 | acc@1:0.722 | acc@2:0.659 | acc@3:0.626 | Best krc: 0.833 | Best epoch: 56
[2023-12-19 09:45:52] INFO (nni/MainThread) Intermediate result: 0.8301650617435489  (Index 118)
-----------------ETPA RESULT-------------------
Epoch 59: Validation	rmse: 15.16	mae: 12.03	mape: 82.33%	acc@10: 50.44%	acc@20: 81.68%	acc@30: 94.43%	
[2023-12-19 09:45:52] INFO (nni/MainThread) Intermediate result: 15.16214194026459  (Index 119)
*** Epoch: 60 ***
-----------------G2R RESULT-------------------

val result: krc:0.831 | lsd:0.518 | ed:0.843 | hr@1:0.72 | hr@2:0.891 | hr@3:0.93 | acc@1:0.72 | acc@2:0.658 | acc@3:0.625 | Best krc: 0.833 | Best epoch: 56
[2023-12-19 09:46:17] INFO (nni/MainThread) Intermediate result: 0.8306544232298494  (Index 120)
-----------------ETPA RESULT-------------------
Epoch 60: Validation	rmse: 15.14	mae: 12.01	mape: 82.14%	acc@10: 50.48%	acc@20: 81.72%	acc@30: 94.46%	
[2023-12-19 09:46:17] INFO (nni/MainThread) Intermediate result: 15.142008116245856  (Index 121)
*** Epoch: 61 ***
-----------------G2R RESULT-------------------

val result: krc:0.831 | lsd:0.51 | ed:0.822 | hr@1:0.727 | hr@2:0.896 | hr@3:0.932 | acc@1:0.727 | acc@2:0.668 | acc@3:0.634 | Best krc: 0.833 | Best epoch: 56
[2023-12-19 09:46:41] INFO (nni/MainThread) Intermediate result: 0.8313262772466969  (Index 122)
-----------------ETPA RESULT-------------------
Epoch 61: Validation	rmse: 15.12	mae: 11.99	mape: 81.96%	acc@10: 50.55%	acc@20: 81.74%	acc@30: 94.49%	
[2023-12-19 09:46:41] INFO (nni/MainThread) Intermediate result: 15.119295512987138  (Index 123)
*** Epoch: 62 ***
-----------------G2R RESULT-------------------

val result: krc:0.831 | lsd:0.504 | ed:0.836 | hr@1:0.726 | hr@2:0.895 | hr@3:0.935 | acc@1:0.726 | acc@2:0.662 | acc@3:0.631 | Best krc: 0.833 | Best epoch: 56
[2023-12-19 09:47:07] INFO (nni/MainThread) Intermediate result: 0.8312561331363255  (Index 124)
-----------------ETPA RESULT-------------------
Epoch 62: Validation	rmse: 15.1	mae: 11.98	mape: 81.88%	acc@10: 50.55%	acc@20: 81.78%	acc@30: 94.54%	
[2023-12-19 09:47:07] INFO (nni/MainThread) Intermediate result: 15.103508860591898  (Index 125)
*** Epoch: 63 ***
-----------------G2R RESULT-------------------

val result: krc:0.834 | lsd:0.501 | ed:0.812 | hr@1:0.735 | hr@2:0.894 | hr@3:0.931 | acc@1:0.735 | acc@2:0.674 | acc@3:0.636 | Best krc: 0.833 | Best epoch: 56
best model saved
[2023-12-19 09:47:33] INFO (nni/MainThread) Intermediate result: 0.834095864135217  (Index 126)
-----------------ETPA RESULT-------------------
Epoch 63: Validation	rmse: 15.09	mae: 11.97	mape: 81.77%	acc@10: 50.56%	acc@20: 81.82%	acc@30: 94.55%	
[2023-12-19 09:47:33] INFO (nni/MainThread) Intermediate result: 15.086724491627507  (Index 127)
*** Epoch: 64 ***
-----------------G2R RESULT-------------------

val result: krc:0.807 | lsd:0.566 | ed:0.92 | hr@1:0.695 | hr@2:0.882 | hr@3:0.919 | acc@1:0.695 | acc@2:0.631 | acc@3:0.59 | Best krc: 0.834 | Best epoch: 63
[2023-12-19 09:47:58] INFO (nni/MainThread) Intermediate result: 0.806566566601547  (Index 128)
-----------------ETPA RESULT-------------------
Epoch 64: Validation	rmse: 15.07	mae: 11.95	mape: 81.59%	acc@10: 50.63%	acc@20: 81.9%	acc@30: 94.58%	
[2023-12-19 09:47:58] INFO (nni/MainThread) Intermediate result: 15.065635878268207  (Index 129)
*** Epoch: 65 ***
-----------------G2R RESULT-------------------

val result: krc:0.825 | lsd:0.544 | ed:0.857 | hr@1:0.721 | hr@2:0.892 | hr@3:0.929 | acc@1:0.721 | acc@2:0.661 | acc@3:0.622 | Best krc: 0.834 | Best epoch: 63
[2023-12-19 09:48:23] INFO (nni/MainThread) Intermediate result: 0.8252774044203864  (Index 130)
-----------------ETPA RESULT-------------------
Epoch 65: Validation	rmse: 15.05	mae: 11.94	mape: 81.44%	acc@10: 50.65%	acc@20: 81.92%	acc@30: 94.61%	
[2023-12-19 09:48:23] INFO (nni/MainThread) Intermediate result: 15.049108190835499  (Index 131)
*** Epoch: 66 ***
-----------------G2R RESULT-------------------

val result: krc:0.824 | lsd:0.544 | ed:0.86 | hr@1:0.715 | hr@2:0.891 | hr@3:0.929 | acc@1:0.715 | acc@2:0.653 | acc@3:0.616 | Best krc: 0.834 | Best epoch: 63
[2023-12-19 09:48:48] INFO (nni/MainThread) Intermediate result: 0.8235677558283592  (Index 132)
-----------------ETPA RESULT-------------------
Epoch 66: Validation	rmse: 15.03	mae: 11.93	mape: 81.27%	acc@10: 50.71%	acc@20: 81.98%	acc@30: 94.64%	
[2023-12-19 09:48:48] INFO (nni/MainThread) Intermediate result: 15.029288816256749  (Index 133)
*** Epoch: 67 ***
-----------------G2R RESULT-------------------

val result: krc:0.835 | lsd:0.491 | ed:0.802 | hr@1:0.733 | hr@2:0.891 | hr@3:0.932 | acc@1:0.733 | acc@2:0.669 | acc@3:0.635 | Best krc: 0.834 | Best epoch: 63
best model saved
[2023-12-19 09:49:14] INFO (nni/MainThread) Intermediate result: 0.8349605334826148  (Index 134)
-----------------ETPA RESULT-------------------
Epoch 67: Validation	rmse: 15.0	mae: 11.91	mape: 81.05%	acc@10: 50.82%	acc@20: 82.05%	acc@30: 94.67%	
[2023-12-19 09:49:14] INFO (nni/MainThread) Intermediate result: 15.00477291163684  (Index 135)
*** Epoch: 68 ***
-----------------G2R RESULT-------------------

val result: krc:0.835 | lsd:0.497 | ed:0.81 | hr@1:0.73 | hr@2:0.893 | hr@3:0.932 | acc@1:0.73 | acc@2:0.669 | acc@3:0.638 | Best krc: 0.835 | Best epoch: 67
best model saved
[2023-12-19 09:49:40] INFO (nni/MainThread) Intermediate result: 0.8351530178027773  (Index 136)
-----------------ETPA RESULT-------------------
Epoch 68: Validation	rmse: 14.99	mae: 11.89	mape: 80.91%	acc@10: 50.89%	acc@20: 82.1%	acc@30: 94.69%	
[2023-12-19 09:49:40] INFO (nni/MainThread) Intermediate result: 14.98855968901175  (Index 137)
*** Epoch: 69 ***
-----------------G2R RESULT-------------------

val result: krc:0.808 | lsd:0.591 | ed:0.899 | hr@1:0.718 | hr@2:0.878 | hr@3:0.919 | acc@1:0.718 | acc@2:0.643 | acc@3:0.6 | Best krc: 0.835 | Best epoch: 68
[2023-12-19 09:50:06] INFO (nni/MainThread) Intermediate result: 0.8078188717629033  (Index 138)
-----------------ETPA RESULT-------------------
Epoch 69: Validation	rmse: 14.97	mae: 11.87	mape: 80.67%	acc@10: 50.99%	acc@20: 82.14%	acc@30: 94.71%	
[2023-12-19 09:50:06] INFO (nni/MainThread) Intermediate result: 14.970381173939836  (Index 139)
*** Epoch: 70 ***
-----------------G2R RESULT-------------------

val result: krc:0.833 | lsd:0.517 | ed:0.828 | hr@1:0.73 | hr@2:0.892 | hr@3:0.932 | acc@1:0.73 | acc@2:0.669 | acc@3:0.634 | Best krc: 0.835 | Best epoch: 68
[2023-12-19 09:50:31] INFO (nni/MainThread) Intermediate result: 0.8332721944527802  (Index 140)
-----------------ETPA RESULT-------------------
Epoch 70: Validation	rmse: 14.95	mae: 11.86	mape: 80.49%	acc@10: 51.05%	acc@20: 82.21%	acc@30: 94.74%	
[2023-12-19 09:50:31] INFO (nni/MainThread) Intermediate result: 14.949759164480408  (Index 141)
*** Epoch: 71 ***
-----------------G2R RESULT-------------------

val result: krc:0.777 | lsd:0.651 | ed:1.036 | hr@1:0.674 | hr@2:0.867 | hr@3:0.908 | acc@1:0.674 | acc@2:0.598 | acc@3:0.552 | Best krc: 0.835 | Best epoch: 68
[2023-12-19 09:50:56] INFO (nni/MainThread) Intermediate result: 0.7766667975500509  (Index 142)
-----------------ETPA RESULT-------------------
Epoch 71: Validation	rmse: 14.93	mae: 11.84	mape: 80.22%	acc@10: 51.16%	acc@20: 82.26%	acc@30: 94.75%	
[2023-12-19 09:50:56] INFO (nni/MainThread) Intermediate result: 14.932188339404359  (Index 143)
*** Epoch: 72 ***
-----------------G2R RESULT-------------------

val result: krc:0.831 | lsd:0.528 | ed:0.826 | hr@1:0.729 | hr@2:0.887 | hr@3:0.926 | acc@1:0.729 | acc@2:0.664 | acc@3:0.627 | Best krc: 0.835 | Best epoch: 68
[2023-12-19 09:51:22] INFO (nni/MainThread) Intermediate result: 0.8313869560131038  (Index 144)
-----------------ETPA RESULT-------------------
Epoch 72: Validation	rmse: 14.93	mae: 11.83	mape: 80.18%	acc@10: 51.18%	acc@20: 82.26%	acc@30: 94.75%	
[2023-12-19 09:51:22] INFO (nni/MainThread) Intermediate result: 14.930457981481126  (Index 145)
*** Epoch: 73 ***
-----------------G2R RESULT-------------------

val result: krc:0.83 | lsd:0.519 | ed:0.842 | hr@1:0.72 | hr@2:0.891 | hr@3:0.929 | acc@1:0.72 | acc@2:0.658 | acc@3:0.622 | Best krc: 0.835 | Best epoch: 68
[2023-12-19 09:51:48] INFO (nni/MainThread) Intermediate result: 0.830300229495682  (Index 146)
-----------------ETPA RESULT-------------------
Epoch 73: Validation	rmse: 14.93	mae: 11.83	mape: 80.0%	acc@10: 51.24%	acc@20: 82.27%	acc@30: 94.76%	
[2023-12-19 09:51:48] INFO (nni/MainThread) Intermediate result: 14.92840028411343  (Index 147)
*** Epoch: 74 ***
-----------------G2R RESULT-------------------

val result: krc:0.761 | lsd:0.76 | ed:1.07 | hr@1:0.672 | hr@2:0.858 | hr@3:0.901 | acc@1:0.672 | acc@2:0.586 | acc@3:0.534 | Best krc: 0.835 | Best epoch: 68
[2023-12-19 09:52:13] INFO (nni/MainThread) Intermediate result: 0.760925109320387  (Index 148)
-----------------ETPA RESULT-------------------
Epoch 74: Validation	rmse: 14.91	mae: 11.81	mape: 79.75%	acc@10: 51.32%	acc@20: 82.31%	acc@30: 94.79%	
[2023-12-19 09:52:13] INFO (nni/MainThread) Intermediate result: 14.91305609022745  (Index 149)
*** Epoch: 75 ***
-----------------G2R RESULT-------------------

val result: krc:0.832 | lsd:0.532 | ed:0.824 | hr@1:0.73 | hr@2:0.893 | hr@3:0.929 | acc@1:0.73 | acc@2:0.666 | acc@3:0.631 | Best krc: 0.835 | Best epoch: 68
[2023-12-19 09:52:38] INFO (nni/MainThread) Intermediate result: 0.8315499875272504  (Index 150)
-----------------ETPA RESULT-------------------
Epoch 75: Validation	rmse: 14.9	mae: 11.8	mape: 79.57%	acc@10: 51.37%	acc@20: 82.34%	acc@30: 94.81%	
[2023-12-19 09:52:38] INFO (nni/MainThread) Intermediate result: 14.897960865105624  (Index 151)
*** Epoch: 76 ***
-----------------G2R RESULT-------------------

val result: krc:0.834 | lsd:0.515 | ed:0.817 | hr@1:0.733 | hr@2:0.893 | hr@3:0.93 | acc@1:0.733 | acc@2:0.67 | acc@3:0.635 | Best krc: 0.835 | Best epoch: 68
[2023-12-19 09:53:04] INFO (nni/MainThread) Intermediate result: 0.8339972188332484  (Index 152)
-----------------ETPA RESULT-------------------
Epoch 76: Validation	rmse: 14.88	mae: 11.78	mape: 79.37%	acc@10: 51.43%	acc@20: 82.41%	acc@30: 94.82%	
[2023-12-19 09:53:04] INFO (nni/MainThread) Intermediate result: 14.880844072958295  (Index 153)
*** Epoch: 77 ***
-----------------G2R RESULT-------------------

val result: krc:0.835 | lsd:0.504 | ed:0.814 | hr@1:0.731 | hr@2:0.894 | hr@3:0.93 | acc@1:0.731 | acc@2:0.671 | acc@3:0.638 | Best krc: 0.835 | Best epoch: 68
[2023-12-19 09:53:29] INFO (nni/MainThread) Intermediate result: 0.8347572290379462  (Index 154)
-----------------ETPA RESULT-------------------
Epoch 77: Validation	rmse: 14.87	mae: 11.77	mape: 79.27%	acc@10: 51.48%	acc@20: 82.42%	acc@30: 94.84%	
[2023-12-19 09:53:29] INFO (nni/MainThread) Intermediate result: 14.871969951227886  (Index 155)
*** Epoch: 78 ***
-----------------G2R RESULT-------------------

val result: krc:0.836 | lsd:0.491 | ed:0.809 | hr@1:0.737 | hr@2:0.893 | hr@3:0.934 | acc@1:0.737 | acc@2:0.675 | acc@3:0.641 | Best krc: 0.835 | Best epoch: 68
best model saved
[2023-12-19 09:53:56] INFO (nni/MainThread) Intermediate result: 0.8363503322051637  (Index 156)
-----------------ETPA RESULT-------------------
Epoch 78: Validation	rmse: 14.86	mae: 11.76	mape: 79.08%	acc@10: 51.55%	acc@20: 82.46%	acc@30: 94.86%	
[2023-12-19 09:53:56] INFO (nni/MainThread) Intermediate result: 14.857491081584524  (Index 157)
*** Epoch: 79 ***
-----------------G2R RESULT-------------------

val result: krc:0.836 | lsd:0.498 | ed:0.815 | hr@1:0.741 | hr@2:0.894 | hr@3:0.933 | acc@1:0.741 | acc@2:0.676 | acc@3:0.64 | Best krc: 0.836 | Best epoch: 78
best model saved
[2023-12-19 09:54:23] INFO (nni/MainThread) Intermediate result: 0.8364617972838349  (Index 158)
-----------------ETPA RESULT-------------------
Epoch 79: Validation	rmse: 14.84	mae: 11.74	mape: 78.84%	acc@10: 51.62%	acc@20: 82.52%	acc@30: 94.88%	
[2023-12-19 09:54:23] INFO (nni/MainThread) Intermediate result: 14.8385899715403  (Index 159)
*** Epoch: 80 ***
-----------------G2R RESULT-------------------

val result: krc:0.837 | lsd:0.508 | ed:0.808 | hr@1:0.739 | hr@2:0.895 | hr@3:0.934 | acc@1:0.739 | acc@2:0.676 | acc@3:0.641 | Best krc: 0.836 | Best epoch: 79
best model saved
[2023-12-19 09:54:50] INFO (nni/MainThread) Intermediate result: 0.8374764696671124  (Index 160)
-----------------ETPA RESULT-------------------
Epoch 80: Validation	rmse: 14.83	mae: 11.73	mape: 78.73%	acc@10: 51.67%	acc@20: 82.53%	acc@30: 94.9%	
[2023-12-19 09:54:50] INFO (nni/MainThread) Intermediate result: 14.826632590036699  (Index 161)
*** Epoch: 81 ***
-----------------G2R RESULT-------------------

val result: krc:0.835 | lsd:0.527 | ed:0.827 | hr@1:0.73 | hr@2:0.892 | hr@3:0.931 | acc@1:0.73 | acc@2:0.667 | acc@3:0.632 | Best krc: 0.837 | Best epoch: 80
[2023-12-19 09:55:16] INFO (nni/MainThread) Intermediate result: 0.8346475684997767  (Index 162)
-----------------ETPA RESULT-------------------
Epoch 81: Validation	rmse: 14.82	mae: 11.73	mape: 78.72%	acc@10: 51.66%	acc@20: 82.54%	acc@30: 94.91%	
[2023-12-19 09:55:16] INFO (nni/MainThread) Intermediate result: 14.823556421718303  (Index 163)
*** Epoch: 82 ***
-----------------G2R RESULT-------------------

val result: krc:0.838 | lsd:0.501 | ed:0.806 | hr@1:0.739 | hr@2:0.894 | hr@3:0.934 | acc@1:0.739 | acc@2:0.672 | acc@3:0.64 | Best krc: 0.837 | Best epoch: 80
best model saved
[2023-12-19 09:55:42] INFO (nni/MainThread) Intermediate result: 0.8382239755742161  (Index 164)
-----------------ETPA RESULT-------------------
Epoch 82: Validation	rmse: 14.81	mae: 11.72	mape: 78.62%	acc@10: 51.72%	acc@20: 82.58%	acc@30: 94.93%	
[2023-12-19 09:55:42] INFO (nni/MainThread) Intermediate result: 14.811324507559515  (Index 165)
*** Epoch: 83 ***
-----------------G2R RESULT-------------------

val result: krc:0.84 | lsd:0.495 | ed:0.805 | hr@1:0.739 | hr@2:0.894 | hr@3:0.934 | acc@1:0.739 | acc@2:0.676 | acc@3:0.642 | Best krc: 0.838 | Best epoch: 82
best model saved
[2023-12-19 09:56:09] INFO (nni/MainThread) Intermediate result: 0.8395051993302977  (Index 166)
-----------------ETPA RESULT-------------------
Epoch 83: Validation	rmse: 14.81	mae: 11.72	mape: 78.69%	acc@10: 51.7%	acc@20: 82.56%	acc@30: 94.92%	
[2023-12-19 09:56:09] INFO (nni/MainThread) Intermediate result: 14.813363131427064  (Index 167)
*** Epoch: 84 ***
-----------------G2R RESULT-------------------

val result: krc:0.838 | lsd:0.487 | ed:0.808 | hr@1:0.735 | hr@2:0.893 | hr@3:0.934 | acc@1:0.735 | acc@2:0.672 | acc@3:0.638 | Best krc: 0.84 | Best epoch: 83
[2023-12-19 09:56:35] INFO (nni/MainThread) Intermediate result: 0.838382960219427  (Index 168)
-----------------ETPA RESULT-------------------
Epoch 84: Validation	rmse: 14.81	mae: 11.72	mape: 78.64%	acc@10: 51.69%	acc@20: 82.58%	acc@30: 94.94%	
[2023-12-19 09:56:35] INFO (nni/MainThread) Intermediate result: 14.806641180808539  (Index 169)
*** Epoch: 85 ***
-----------------G2R RESULT-------------------

val result: krc:0.831 | lsd:0.507 | ed:0.841 | hr@1:0.722 | hr@2:0.895 | hr@3:0.931 | acc@1:0.722 | acc@2:0.659 | acc@3:0.626 | Best krc: 0.84 | Best epoch: 83
[2023-12-19 09:57:00] INFO (nni/MainThread) Intermediate result: 0.8312204306082749  (Index 170)
-----------------ETPA RESULT-------------------
Epoch 85: Validation	rmse: 14.79	mae: 11.7	mape: 78.49%	acc@10: 51.73%	acc@20: 82.62%	acc@30: 94.95%	
[2023-12-19 09:57:00] INFO (nni/MainThread) Intermediate result: 14.792245404194436  (Index 171)
*** Epoch: 86 ***
-----------------G2R RESULT-------------------

val result: krc:0.836 | lsd:0.505 | ed:0.81 | hr@1:0.729 | hr@2:0.896 | hr@3:0.933 | acc@1:0.729 | acc@2:0.671 | acc@3:0.638 | Best krc: 0.84 | Best epoch: 83
[2023-12-19 09:57:26] INFO (nni/MainThread) Intermediate result: 0.8362334777726118  (Index 172)
-----------------ETPA RESULT-------------------
Epoch 86: Validation	rmse: 14.78	mae: 11.69	mape: 78.31%	acc@10: 51.81%	acc@20: 82.67%	acc@30: 94.97%	
[2023-12-19 09:57:26] INFO (nni/MainThread) Intermediate result: 14.776167480857275  (Index 173)
*** Epoch: 87 ***
-----------------G2R RESULT-------------------

val result: krc:0.816 | lsd:0.577 | ed:0.89 | hr@1:0.724 | hr@2:0.883 | hr@3:0.919 | acc@1:0.724 | acc@2:0.658 | acc@3:0.61 | Best krc: 0.84 | Best epoch: 83
[2023-12-19 09:57:52] INFO (nni/MainThread) Intermediate result: 0.8156893908533612  (Index 174)
-----------------ETPA RESULT-------------------
Epoch 87: Validation	rmse: 14.76	mae: 11.68	mape: 78.16%	acc@10: 51.88%	acc@20: 82.69%	acc@30: 94.99%	
[2023-12-19 09:57:52] INFO (nni/MainThread) Intermediate result: 14.764745104602328  (Index 175)
*** Epoch: 88 ***
-----------------G2R RESULT-------------------

val result: krc:0.838 | lsd:0.501 | ed:0.808 | hr@1:0.736 | hr@2:0.894 | hr@3:0.933 | acc@1:0.736 | acc@2:0.674 | acc@3:0.642 | Best krc: 0.84 | Best epoch: 83
[2023-12-19 09:58:19] INFO (nni/MainThread) Intermediate result: 0.8375875238140215  (Index 176)
-----------------ETPA RESULT-------------------
Epoch 88: Validation	rmse: 14.75	mae: 11.66	mape: 78.03%	acc@10: 51.94%	acc@20: 82.73%	acc@30: 95.0%	
[2023-12-19 09:58:19] INFO (nni/MainThread) Intermediate result: 14.74982682840849  (Index 177)
*** Epoch: 89 ***
-----------------G2R RESULT-------------------

val result: krc:0.838 | lsd:0.493 | ed:0.804 | hr@1:0.738 | hr@2:0.895 | hr@3:0.934 | acc@1:0.738 | acc@2:0.675 | acc@3:0.644 | Best krc: 0.84 | Best epoch: 83
[2023-12-19 09:58:45] INFO (nni/MainThread) Intermediate result: 0.8379002771831805  (Index 178)
-----------------ETPA RESULT-------------------
Epoch 89: Validation	rmse: 14.75	mae: 11.66	mape: 78.0%	acc@10: 51.99%	acc@20: 82.71%	acc@30: 95.0%	
[2023-12-19 09:58:45] INFO (nni/MainThread) Intermediate result: 14.74912206597254  (Index 179)
*** Epoch: 90 ***
-----------------G2R RESULT-------------------

val result: krc:0.835 | lsd:0.513 | ed:0.816 | hr@1:0.737 | hr@2:0.892 | hr@3:0.93 | acc@1:0.737 | acc@2:0.676 | acc@3:0.643 | Best krc: 0.84 | Best epoch: 83
[2023-12-19 09:59:14] INFO (nni/MainThread) Intermediate result: 0.8354371632027949  (Index 180)
-----------------ETPA RESULT-------------------
Epoch 90: Validation	rmse: 14.74	mae: 11.66	mape: 77.95%	acc@10: 52.03%	acc@20: 82.71%	acc@30: 95.02%	
[2023-12-19 09:59:14] INFO (nni/MainThread) Intermediate result: 14.742378569901204  (Index 181)
*** Epoch: 91 ***
-----------------G2R RESULT-------------------

val result: krc:0.834 | lsd:0.526 | ed:0.822 | hr@1:0.734 | hr@2:0.89 | hr@3:0.93 | acc@1:0.734 | acc@2:0.669 | acc@3:0.638 | Best krc: 0.84 | Best epoch: 83
[2023-12-19 09:59:40] INFO (nni/MainThread) Intermediate result: 0.8335912447849483  (Index 182)
-----------------ETPA RESULT-------------------
Epoch 91: Validation	rmse: 14.74	mae: 11.65	mape: 77.86%	acc@10: 52.07%	acc@20: 82.72%	acc@30: 95.03%	
[2023-12-19 09:59:40] INFO (nni/MainThread) Intermediate result: 14.740192110612798  (Index 183)
*** Epoch: 92 ***
-----------------G2R RESULT-------------------

val result: krc:0.809 | lsd:0.576 | ed:0.93 | hr@1:0.718 | hr@2:0.875 | hr@3:0.919 | acc@1:0.718 | acc@2:0.641 | acc@3:0.603 | Best krc: 0.84 | Best epoch: 83
[2023-12-19 10:00:06] INFO (nni/MainThread) Intermediate result: 0.8088205134029357  (Index 184)
-----------------ETPA RESULT-------------------
Epoch 92: Validation	rmse: 14.73	mae: 11.64	mape: 77.78%	acc@10: 52.09%	acc@20: 82.74%	acc@30: 95.05%	
[2023-12-19 10:00:06] INFO (nni/MainThread) Intermediate result: 14.729198121853287  (Index 185)
*** Epoch: 93 ***
-----------------G2R RESULT-------------------

val result: krc:0.835 | lsd:0.504 | ed:0.825 | hr@1:0.74 | hr@2:0.89 | hr@3:0.931 | acc@1:0.74 | acc@2:0.669 | acc@3:0.638 | Best krc: 0.84 | Best epoch: 83
[2023-12-19 10:00:35] INFO (nni/MainThread) Intermediate result: 0.8349750286960606  (Index 186)
-----------------ETPA RESULT-------------------
Epoch 93: Validation	rmse: 14.72	mae: 11.64	mape: 77.7%	acc@10: 52.12%	acc@20: 82.75%	acc@30: 95.07%	
[2023-12-19 10:00:35] INFO (nni/MainThread) Intermediate result: 14.719573499842108  (Index 187)
loaded model path: /home/sentanoe/joint_training/data/dataset/food_pd/sort_model/hidden_size-8.gcnru-pd_1702974085.72127441702974085.7212887
best model loaded !!!
krc:0.83 | lsd:0.383 | ed:0.823 | hr@1:0.74 | hr@2:0.919 | hr@3:0.95 | acc@1:0.74 | acc@2:0.683 | acc@3:0.637 |

-------------------------------------------------------------
Best epoch for G2R:  83
Best epoch for ETPA:  93
graph2route_pd Evaluation in test: krc:0.83 | lsd:0.383 | ed:0.823 | hr@1:0.74 | hr@2:0.919 | hr@3:0.95 | acc@1:0.74 | acc@2:0.683 | acc@3:0.637 |
RankPETA Evaluation in test: rmse: 12.07	mae: 9.23	mape: 76.01%	acc@10: 63.71%	acc@20: 90.72%	acc@30: 97.05%	
