Device:  cuda
{'alpha_loss': 0.5,
 'batch_size': 64,
 'dataset': 'food_pd',
 'datatype': 'order',
 'device': device(type='cuda'),
 'early_stop': 10,
 'edge_fea_dim': 5,
 'embedding_dim': 32,
 'eval_end_1': 11,
 'eval_end_2': 25,
 'eval_start': 1,
 'gcn_num_layers': 2,
 'hidden_size': 8,
 'is_eval': False,
 'is_test': False,
 'k_min_nodes': 3,
 'k_nearest_neighbors': 'n-1',
 'lr': 0.001,
 'max_task_num': 25,
 'min_task_num': 0,
 'modelArrivalTime': 'RankPETA',
 'modelRoute': 'graph2route_pd',
 'no_cuda': False,
 'node_fea_dim': 8,
 'node_features_test': '/home/sentanoe/joint_training/data/dataset/food_pd/node_features_test_full.npy',
 'node_features_train': '/home/sentanoe/joint_training/data/dataset/food_pd/node_features_train_full.npy',
 'node_features_val': '/home/sentanoe/joint_training/data/dataset/food_pd/node_features_val_full.npy',
 'num_block': 2,
 'num_epoch': 1000,
 'num_head': 2,
 'num_worker_logistics': 2346,
 'num_worker_pd': 920,
 'pad_value': 26,
 'seed': 1999,
 'sort_mode': 'pnn_idx',
 'spatial_encoder': 'gcn',
 'temporal_encoder': 'gru',
 'test_path': '/home/sentanoe/joint_training/data/dataset/food_pd/test_full.npy',
 'train_mode': 'sort',
 'train_path': '/home/sentanoe/joint_training/data/dataset/food_pd/train_full.npy',
 'val_path': '/home/sentanoe/joint_training/data/dataset/food_pd/val_full.npy',
 'wd': 1e-05,
 'worker_emb_dim': 10,
 'workers': 2}
last_x_size:13;unpick_x_size:12;input_size:53
#train:2521 | #val:1257 | #test:1261
*** Epoch: 0 ***
-----------------G2R RESULT-------------------

val result: krc:0.711 | lsd:0.872 | ed:1.178 | hr@1:0.607 | hr@2:0.831 | hr@3:0.877 | acc@1:0.607 | acc@2:0.532 | acc@3:0.476 | Best krc: -1 | Best epoch: -1
best model saved
[2023-12-19 09:21:40] INFO (nni/MainThread) Intermediate result: 0.7109091578877325  (Index 0)
-----------------ETPA RESULT-------------------
Epoch 0: Validation	rmse: 24.17	mae: 18.91	mape: 69.42%	acc@10: 38.89%	acc@20: 61.48%	acc@30: 78.89%	
[2023-12-19 09:21:40] INFO (nni/MainThread) Intermediate result: 24.170045533143266  (Index 1)
*** Epoch: 1 ***
-----------------G2R RESULT-------------------

val result: krc:0.753 | lsd:0.724 | ed:1.039 | hr@1:0.625 | hr@2:0.854 | hr@3:0.898 | acc@1:0.625 | acc@2:0.571 | acc@3:0.522 | Best krc: 0.711 | Best epoch: 0
best model saved
[2023-12-19 09:22:04] INFO (nni/MainThread) Intermediate result: 0.7532177864403488  (Index 2)
-----------------ETPA RESULT-------------------
Epoch 1: Validation	rmse: 22.09	mae: 17.19	mape: 88.19%	acc@10: 40.37%	acc@20: 64.81%	acc@30: 83.7%	
[2023-12-19 09:22:04] INFO (nni/MainThread) Intermediate result: 22.08898430793094  (Index 3)
*** Epoch: 2 ***
-----------------G2R RESULT-------------------

val result: krc:0.77 | lsd:0.667 | ed:0.976 | hr@1:0.639 | hr@2:0.862 | hr@3:0.909 | acc@1:0.639 | acc@2:0.584 | acc@3:0.544 | Best krc: 0.753 | Best epoch: 1
best model saved
[2023-12-19 09:22:28] INFO (nni/MainThread) Intermediate result: 0.7704367478219686  (Index 4)
-----------------ETPA RESULT-------------------
Epoch 2: Validation	rmse: 21.84	mae: 16.87	mape: 99.07%	acc@10: 40.86%	acc@20: 66.3%	acc@30: 84.07%	
[2023-12-19 09:22:28] INFO (nni/MainThread) Intermediate result: 21.842684154664617  (Index 5)
*** Epoch: 3 ***
-----------------G2R RESULT-------------------

val result: krc:0.757 | lsd:0.697 | ed:1.033 | hr@1:0.631 | hr@2:0.862 | hr@3:0.907 | acc@1:0.631 | acc@2:0.571 | acc@3:0.525 | Best krc: 0.77 | Best epoch: 2
[2023-12-19 09:22:51] INFO (nni/MainThread) Intermediate result: 0.7568629705490221  (Index 6)
-----------------ETPA RESULT-------------------
Epoch 3: Validation	rmse: 20.97	mae: 16.08	mape: 97.89%	acc@10: 43.33%	acc@20: 68.33%	acc@30: 84.72%	
[2023-12-19 09:22:51] INFO (nni/MainThread) Intermediate result: 20.96701076544547  (Index 7)
*** Epoch: 4 ***
-----------------G2R RESULT-------------------

val result: krc:0.765 | lsd:0.681 | ed:1.003 | hr@1:0.633 | hr@2:0.86 | hr@3:0.909 | acc@1:0.633 | acc@2:0.573 | acc@3:0.534 | Best krc: 0.77 | Best epoch: 2
[2023-12-19 09:23:14] INFO (nni/MainThread) Intermediate result: 0.764829601725098  (Index 8)
-----------------ETPA RESULT-------------------
Epoch 4: Validation	rmse: 20.45	mae: 15.74	mape: 99.42%	acc@10: 43.85%	acc@20: 69.56%	acc@30: 85.78%	
[2023-12-19 09:23:15] INFO (nni/MainThread) Intermediate result: 20.445975434471492  (Index 9)
*** Epoch: 5 ***
-----------------G2R RESULT-------------------

val result: krc:0.767 | lsd:0.681 | ed:1.01 | hr@1:0.628 | hr@2:0.86 | hr@3:0.905 | acc@1:0.628 | acc@2:0.571 | acc@3:0.53 | Best krc: 0.77 | Best epoch: 2
[2023-12-19 09:23:38] INFO (nni/MainThread) Intermediate result: 0.7666116590821443  (Index 10)
-----------------ETPA RESULT-------------------
Epoch 5: Validation	rmse: 19.69	mae: 15.19	mape: 97.21%	acc@10: 45.37%	acc@20: 70.86%	acc@30: 86.98%	
[2023-12-19 09:23:38] INFO (nni/MainThread) Intermediate result: 19.689757162305344  (Index 11)
*** Epoch: 6 ***
-----------------G2R RESULT-------------------

val result: krc:0.768 | lsd:0.675 | ed:0.987 | hr@1:0.636 | hr@2:0.861 | hr@3:0.909 | acc@1:0.636 | acc@2:0.58 | acc@3:0.542 | Best krc: 0.77 | Best epoch: 2
[2023-12-19 09:24:01] INFO (nni/MainThread) Intermediate result: 0.7684980403651153  (Index 12)
-----------------ETPA RESULT-------------------
Epoch 6: Validation	rmse: 19.25	mae: 14.87	mape: 96.72%	acc@10: 45.98%	acc@20: 71.85%	acc@30: 87.57%	
[2023-12-19 09:24:01] INFO (nni/MainThread) Intermediate result: 19.248553670404302  (Index 13)
*** Epoch: 7 ***
-----------------G2R RESULT-------------------

val result: krc:0.767 | lsd:0.681 | ed:0.985 | hr@1:0.635 | hr@2:0.864 | hr@3:0.911 | acc@1:0.635 | acc@2:0.584 | acc@3:0.547 | Best krc: 0.77 | Best epoch: 2
[2023-12-19 09:24:24] INFO (nni/MainThread) Intermediate result: 0.7667427398428709  (Index 14)
-----------------ETPA RESULT-------------------
Epoch 7: Validation	rmse: 18.9	mae: 14.64	mape: 96.5%	acc@10: 45.93%	acc@20: 72.22%	acc@30: 88.38%	
[2023-12-19 09:24:24] INFO (nni/MainThread) Intermediate result: 18.90485995999891  (Index 15)
*** Epoch: 8 ***
-----------------G2R RESULT-------------------

val result: krc:0.771 | lsd:0.695 | ed:0.987 | hr@1:0.64 | hr@2:0.867 | hr@3:0.91 | acc@1:0.64 | acc@2:0.59 | acc@3:0.551 | Best krc: 0.77 | Best epoch: 2
best model saved
[2023-12-19 09:24:49] INFO (nni/MainThread) Intermediate result: 0.770708769764301  (Index 16)
-----------------ETPA RESULT-------------------
Epoch 8: Validation	rmse: 18.54	mae: 14.37	mape: 95.32%	acc@10: 46.67%	acc@20: 73.09%	acc@30: 88.89%	
[2023-12-19 09:24:49] INFO (nni/MainThread) Intermediate result: 18.540341880554998  (Index 17)
*** Epoch: 9 ***
-----------------G2R RESULT-------------------

val result: krc:0.774 | lsd:0.689 | ed:0.972 | hr@1:0.643 | hr@2:0.867 | hr@3:0.913 | acc@1:0.643 | acc@2:0.587 | acc@3:0.554 | Best krc: 0.771 | Best epoch: 8
best model saved
[2023-12-19 09:25:13] INFO (nni/MainThread) Intermediate result: 0.7736624534350813  (Index 18)
-----------------ETPA RESULT-------------------
Epoch 9: Validation	rmse: 18.54	mae: 14.43	mape: 96.93%	acc@10: 45.93%	acc@20: 72.74%	acc@30: 89.11%	
[2023-12-19 09:25:13] INFO (nni/MainThread) Intermediate result: 18.53783170647188  (Index 19)
*** Epoch: 10 ***
-----------------G2R RESULT-------------------

val result: krc:0.771 | lsd:0.696 | ed:0.962 | hr@1:0.636 | hr@2:0.863 | hr@3:0.912 | acc@1:0.636 | acc@2:0.585 | acc@3:0.554 | Best krc: 0.774 | Best epoch: 9
[2023-12-19 09:25:37] INFO (nni/MainThread) Intermediate result: 0.7710308949661814  (Index 20)
-----------------ETPA RESULT-------------------
Epoch 10: Validation	rmse: 18.17	mae: 14.14	mape: 95.1%	acc@10: 46.7%	acc@20: 73.77%	acc@30: 89.66%	
[2023-12-19 09:25:37] INFO (nni/MainThread) Intermediate result: 18.168328191734222  (Index 21)
*** Epoch: 11 ***
-----------------G2R RESULT-------------------

val result: krc:0.766 | lsd:0.697 | ed:0.985 | hr@1:0.633 | hr@2:0.866 | hr@3:0.91 | acc@1:0.633 | acc@2:0.582 | acc@3:0.546 | Best krc: 0.774 | Best epoch: 9
[2023-12-19 09:26:01] INFO (nni/MainThread) Intermediate result: 0.7661097907097032  (Index 22)
-----------------ETPA RESULT-------------------
Epoch 11: Validation	rmse: 17.83	mae: 13.88	mape: 93.13%	acc@10: 47.44%	acc@20: 74.85%	acc@30: 90.09%	
[2023-12-19 09:26:01] INFO (nni/MainThread) Intermediate result: 17.834267301633723  (Index 23)
*** Epoch: 12 ***
-----------------G2R RESULT-------------------

val result: krc:0.768 | lsd:0.693 | ed:0.982 | hr@1:0.642 | hr@2:0.863 | hr@3:0.909 | acc@1:0.642 | acc@2:0.589 | acc@3:0.551 | Best krc: 0.774 | Best epoch: 9
[2023-12-19 09:26:25] INFO (nni/MainThread) Intermediate result: 0.768472535739698  (Index 24)
-----------------ETPA RESULT-------------------
Epoch 12: Validation	rmse: 17.67	mae: 13.76	mape: 92.7%	acc@10: 47.75%	acc@20: 75.07%	acc@30: 90.43%	
[2023-12-19 09:26:25] INFO (nni/MainThread) Intermediate result: 17.672659428267632  (Index 25)
*** Epoch: 13 ***
-----------------G2R RESULT-------------------

val result: krc:0.766 | lsd:0.692 | ed:1.007 | hr@1:0.634 | hr@2:0.865 | hr@3:0.91 | acc@1:0.634 | acc@2:0.578 | acc@3:0.54 | Best krc: 0.774 | Best epoch: 9
[2023-12-19 09:26:48] INFO (nni/MainThread) Intermediate result: 0.7661113218349773  (Index 26)
-----------------ETPA RESULT-------------------
Epoch 13: Validation	rmse: 17.48	mae: 13.64	mape: 92.08%	acc@10: 47.99%	acc@20: 75.45%	acc@30: 90.74%	
[2023-12-19 09:26:48] INFO (nni/MainThread) Intermediate result: 17.48273453171064  (Index 27)
*** Epoch: 14 ***
-----------------G2R RESULT-------------------

val result: krc:0.773 | lsd:0.689 | ed:0.977 | hr@1:0.64 | hr@2:0.867 | hr@3:0.912 | acc@1:0.64 | acc@2:0.586 | acc@3:0.551 | Best krc: 0.774 | Best epoch: 9
[2023-12-19 09:27:12] INFO (nni/MainThread) Intermediate result: 0.7730486656940527  (Index 28)
-----------------ETPA RESULT-------------------
Epoch 14: Validation	rmse: 17.37	mae: 13.54	mape: 91.75%	acc@10: 48.32%	acc@20: 75.63%	acc@30: 90.79%	
[2023-12-19 09:27:12] INFO (nni/MainThread) Intermediate result: 17.37271180504591  (Index 29)
*** Epoch: 15 ***
-----------------G2R RESULT-------------------

val result: krc:0.766 | lsd:0.681 | ed:0.997 | hr@1:0.633 | hr@2:0.865 | hr@3:0.911 | acc@1:0.633 | acc@2:0.582 | acc@3:0.54 | Best krc: 0.774 | Best epoch: 9
[2023-12-19 09:27:35] INFO (nni/MainThread) Intermediate result: 0.7658788684149417  (Index 30)
-----------------ETPA RESULT-------------------
Epoch 15: Validation	rmse: 17.19	mae: 13.41	mape: 90.9%	acc@10: 48.66%	acc@20: 76.02%	acc@30: 91.11%	
[2023-12-19 09:27:35] INFO (nni/MainThread) Intermediate result: 17.193419282420308  (Index 31)
*** Epoch: 16 ***
-----------------G2R RESULT-------------------

val result: krc:0.776 | lsd:0.66 | ed:0.962 | hr@1:0.643 | hr@2:0.866 | hr@3:0.913 | acc@1:0.643 | acc@2:0.588 | acc@3:0.554 | Best krc: 0.774 | Best epoch: 9
best model saved
[2023-12-19 09:28:00] INFO (nni/MainThread) Intermediate result: 0.7763271495059864  (Index 32)
-----------------ETPA RESULT-------------------
Epoch 16: Validation	rmse: 17.06	mae: 13.33	mape: 90.43%	acc@10: 48.67%	acc@20: 76.27%	acc@30: 91.44%	
[2023-12-19 09:28:00] INFO (nni/MainThread) Intermediate result: 17.058751495549608  (Index 33)
*** Epoch: 17 ***
-----------------G2R RESULT-------------------

val result: krc:0.768 | lsd:0.685 | ed:0.988 | hr@1:0.64 | hr@2:0.864 | hr@3:0.909 | acc@1:0.64 | acc@2:0.588 | acc@3:0.548 | Best krc: 0.776 | Best epoch: 16
[2023-12-19 09:28:23] INFO (nni/MainThread) Intermediate result: 0.7682047308632355  (Index 34)
-----------------ETPA RESULT-------------------
Epoch 17: Validation	rmse: 16.96	mae: 13.27	mape: 90.32%	acc@10: 48.7%	acc@20: 76.46%	acc@30: 91.65%	
[2023-12-19 09:28:23] INFO (nni/MainThread) Intermediate result: 16.95645958808118  (Index 35)
*** Epoch: 18 ***
-----------------G2R RESULT-------------------

val result: krc:0.773 | lsd:0.67 | ed:0.958 | hr@1:0.641 | hr@2:0.868 | hr@3:0.913 | acc@1:0.641 | acc@2:0.588 | acc@3:0.551 | Best krc: 0.776 | Best epoch: 16
[2023-12-19 09:28:47] INFO (nni/MainThread) Intermediate result: 0.7734884435715219  (Index 36)
-----------------ETPA RESULT-------------------
Epoch 18: Validation	rmse: 16.77	mae: 13.13	mape: 89.42%	acc@10: 49.12%	acc@20: 77.0%	acc@30: 91.91%	
[2023-12-19 09:28:47] INFO (nni/MainThread) Intermediate result: 16.76935855361739  (Index 37)
*** Epoch: 19 ***
-----------------G2R RESULT-------------------

val result: krc:0.778 | lsd:0.67 | ed:0.952 | hr@1:0.638 | hr@2:0.866 | hr@3:0.913 | acc@1:0.638 | acc@2:0.587 | acc@3:0.555 | Best krc: 0.776 | Best epoch: 16
best model saved
[2023-12-19 09:29:12] INFO (nni/MainThread) Intermediate result: 0.7781672213679209  (Index 38)
-----------------ETPA RESULT-------------------
Epoch 19: Validation	rmse: 16.68	mae: 13.08	mape: 89.39%	acc@10: 48.94%	acc@20: 77.17%	acc@30: 92.15%	
[2023-12-19 09:29:12] INFO (nni/MainThread) Intermediate result: 16.67659566927317  (Index 39)
*** Epoch: 20 ***
-----------------G2R RESULT-------------------

val result: krc:0.772 | lsd:0.688 | ed:0.978 | hr@1:0.648 | hr@2:0.863 | hr@3:0.908 | acc@1:0.648 | acc@2:0.593 | acc@3:0.553 | Best krc: 0.778 | Best epoch: 19
[2023-12-19 09:29:36] INFO (nni/MainThread) Intermediate result: 0.7722479780984373  (Index 40)
-----------------ETPA RESULT-------------------
Epoch 20: Validation	rmse: 16.57	mae: 13.01	mape: 88.99%	acc@10: 49.19%	acc@20: 77.34%	acc@30: 92.33%	
[2023-12-19 09:29:36] INFO (nni/MainThread) Intermediate result: 16.573005656176033  (Index 41)
*** Epoch: 21 ***
-----------------G2R RESULT-------------------

val result: krc:0.751 | lsd:0.736 | ed:1.044 | hr@1:0.63 | hr@2:0.857 | hr@3:0.904 | acc@1:0.63 | acc@2:0.57 | acc@3:0.527 | Best krc: 0.778 | Best epoch: 19
[2023-12-19 09:30:00] INFO (nni/MainThread) Intermediate result: 0.7513106336892956  (Index 42)
-----------------ETPA RESULT-------------------
Epoch 21: Validation	rmse: 16.5	mae: 12.96	mape: 88.81%	acc@10: 49.28%	acc@20: 77.47%	acc@30: 92.46%	
[2023-12-19 09:30:00] INFO (nni/MainThread) Intermediate result: 16.496263319994956  (Index 43)
*** Epoch: 22 ***
-----------------G2R RESULT-------------------

val result: krc:0.77 | lsd:0.704 | ed:0.99 | hr@1:0.64 | hr@2:0.863 | hr@3:0.909 | acc@1:0.64 | acc@2:0.584 | acc@3:0.546 | Best krc: 0.778 | Best epoch: 19
[2023-12-19 09:30:24] INFO (nni/MainThread) Intermediate result: 0.769682458305108  (Index 44)
-----------------ETPA RESULT-------------------
Epoch 22: Validation	rmse: 16.43	mae: 12.92	mape: 88.69%	acc@10: 49.32%	acc@20: 77.58%	acc@30: 92.58%	
[2023-12-19 09:30:24] INFO (nni/MainThread) Intermediate result: 16.43453554372266  (Index 45)
*** Epoch: 23 ***
-----------------G2R RESULT-------------------

val result: krc:0.775 | lsd:0.678 | ed:0.976 | hr@1:0.64 | hr@2:0.869 | hr@3:0.911 | acc@1:0.64 | acc@2:0.583 | acc@3:0.55 | Best krc: 0.778 | Best epoch: 19
[2023-12-19 09:30:47] INFO (nni/MainThread) Intermediate result: 0.7747314490558914  (Index 46)
-----------------ETPA RESULT-------------------
Epoch 23: Validation	rmse: 16.36	mae: 12.87	mape: 88.47%	acc@10: 49.49%	acc@20: 77.69%	acc@30: 92.72%	
[2023-12-19 09:30:47] INFO (nni/MainThread) Intermediate result: 16.362452999789372  (Index 47)
*** Epoch: 24 ***
-----------------G2R RESULT-------------------

val result: krc:0.769 | lsd:0.719 | ed:0.994 | hr@1:0.638 | hr@2:0.864 | hr@3:0.91 | acc@1:0.638 | acc@2:0.578 | acc@3:0.54 | Best krc: 0.778 | Best epoch: 19
[2023-12-19 09:31:11] INFO (nni/MainThread) Intermediate result: 0.7687014266725679  (Index 48)
-----------------ETPA RESULT-------------------
Epoch 24: Validation	rmse: 16.3	mae: 12.82	mape: 88.21%	acc@10: 49.63%	acc@20: 77.78%	acc@30: 92.79%	
[2023-12-19 09:31:11] INFO (nni/MainThread) Intermediate result: 16.302795879922776  (Index 49)
*** Epoch: 25 ***
-----------------G2R RESULT-------------------

val result: krc:0.774 | lsd:0.652 | ed:0.968 | hr@1:0.646 | hr@2:0.869 | hr@3:0.912 | acc@1:0.646 | acc@2:0.592 | acc@3:0.551 | Best krc: 0.778 | Best epoch: 19
[2023-12-19 09:31:36] INFO (nni/MainThread) Intermediate result: 0.7741680917019788  (Index 50)
-----------------ETPA RESULT-------------------
Epoch 25: Validation	rmse: 16.25	mae: 12.78	mape: 87.94%	acc@10: 49.77%	acc@20: 77.91%	acc@30: 92.83%	
[2023-12-19 09:31:36] INFO (nni/MainThread) Intermediate result: 16.252161305432885  (Index 51)
*** Epoch: 26 ***
-----------------G2R RESULT-------------------

val result: krc:0.779 | lsd:0.668 | ed:0.958 | hr@1:0.644 | hr@2:0.864 | hr@3:0.914 | acc@1:0.644 | acc@2:0.586 | acc@3:0.554 | Best krc: 0.778 | Best epoch: 19
best model saved
[2023-12-19 09:32:01] INFO (nni/MainThread) Intermediate result: 0.7788951649817413  (Index 52)
-----------------ETPA RESULT-------------------
Epoch 26: Validation	rmse: 16.18	mae: 12.74	mape: 87.7%	acc@10: 49.9%	acc@20: 78.01%	acc@30: 92.96%	
[2023-12-19 09:32:01] INFO (nni/MainThread) Intermediate result: 16.184923188640234  (Index 53)
*** Epoch: 27 ***
-----------------G2R RESULT-------------------

val result: krc:0.76 | lsd:0.705 | ed:1.028 | hr@1:0.635 | hr@2:0.864 | hr@3:0.908 | acc@1:0.635 | acc@2:0.575 | acc@3:0.531 | Best krc: 0.779 | Best epoch: 26
[2023-12-19 09:32:25] INFO (nni/MainThread) Intermediate result: 0.7596050703090492  (Index 54)
-----------------ETPA RESULT-------------------
Epoch 27: Validation	rmse: 16.09	mae: 12.66	mape: 87.06%	acc@10: 50.11%	acc@20: 78.35%	acc@30: 93.11%	
[2023-12-19 09:32:25] INFO (nni/MainThread) Intermediate result: 16.090597127092316  (Index 55)
*** Epoch: 28 ***
-----------------G2R RESULT-------------------

val result: krc:0.78 | lsd:0.655 | ed:0.951 | hr@1:0.64 | hr@2:0.869 | hr@3:0.917 | acc@1:0.64 | acc@2:0.588 | acc@3:0.557 | Best krc: 0.779 | Best epoch: 26
best model saved
[2023-12-19 09:32:50] INFO (nni/MainThread) Intermediate result: 0.779962555380133  (Index 56)
-----------------ETPA RESULT-------------------
Epoch 28: Validation	rmse: 16.03	mae: 12.62	mape: 86.66%	acc@10: 50.26%	acc@20: 78.47%	acc@30: 93.22%	
[2023-12-19 09:32:50] INFO (nni/MainThread) Intermediate result: 16.02635209869003  (Index 57)
*** Epoch: 29 ***
-----------------G2R RESULT-------------------

val result: krc:0.778 | lsd:0.66 | ed:0.96 | hr@1:0.637 | hr@2:0.867 | hr@3:0.913 | acc@1:0.637 | acc@2:0.586 | acc@3:0.552 | Best krc: 0.78 | Best epoch: 28
[2023-12-19 09:33:14] INFO (nni/MainThread) Intermediate result: 0.7784879041022458  (Index 58)
-----------------ETPA RESULT-------------------
Epoch 29: Validation	rmse: 16.0	mae: 12.6	mape: 86.63%	acc@10: 50.23%	acc@20: 78.54%	acc@30: 93.3%	
[2023-12-19 09:33:14] INFO (nni/MainThread) Intermediate result: 15.99631192161091  (Index 59)
*** Epoch: 30 ***
-----------------G2R RESULT-------------------

val result: krc:0.78 | lsd:0.666 | ed:0.95 | hr@1:0.638 | hr@2:0.867 | hr@3:0.913 | acc@1:0.638 | acc@2:0.587 | acc@3:0.555 | Best krc: 0.78 | Best epoch: 28
best model saved
[2023-12-19 09:33:38] INFO (nni/MainThread) Intermediate result: 0.7801742564226167  (Index 60)
-----------------ETPA RESULT-------------------
Epoch 30: Validation	rmse: 15.92	mae: 12.54	mape: 86.05%	acc@10: 50.42%	acc@20: 78.81%	acc@30: 93.41%	
[2023-12-19 09:33:39] INFO (nni/MainThread) Intermediate result: 15.917599172687524  (Index 61)
*** Epoch: 31 ***
-----------------G2R RESULT-------------------

val result: krc:0.779 | lsd:0.656 | ed:0.943 | hr@1:0.647 | hr@2:0.866 | hr@3:0.912 | acc@1:0.647 | acc@2:0.593 | acc@3:0.56 | Best krc: 0.78 | Best epoch: 30
[2023-12-19 09:34:02] INFO (nni/MainThread) Intermediate result: 0.779417508757255  (Index 62)
-----------------ETPA RESULT-------------------
Epoch 31: Validation	rmse: 15.85	mae: 12.48	mape: 85.51%	acc@10: 50.62%	acc@20: 78.97%	acc@30: 93.5%	
[2023-12-19 09:34:02] INFO (nni/MainThread) Intermediate result: 15.849391505258248  (Index 63)
*** Epoch: 32 ***
-----------------G2R RESULT-------------------

val result: krc:0.778 | lsd:0.646 | ed:0.955 | hr@1:0.649 | hr@2:0.87 | hr@3:0.914 | acc@1:0.649 | acc@2:0.59 | acc@3:0.555 | Best krc: 0.78 | Best epoch: 30
[2023-12-19 09:34:26] INFO (nni/MainThread) Intermediate result: 0.7783085323881127  (Index 64)
-----------------ETPA RESULT-------------------
Epoch 32: Validation	rmse: 15.79	mae: 12.43	mape: 85.09%	acc@10: 50.81%	acc@20: 79.11%	acc@30: 93.59%	
[2023-12-19 09:34:26] INFO (nni/MainThread) Intermediate result: 15.792561143736732  (Index 65)
*** Epoch: 33 ***
-----------------G2R RESULT-------------------

val result: krc:0.773 | lsd:0.65 | ed:0.976 | hr@1:0.644 | hr@2:0.865 | hr@3:0.909 | acc@1:0.644 | acc@2:0.59 | acc@3:0.548 | Best krc: 0.78 | Best epoch: 30
[2023-12-19 09:34:50] INFO (nni/MainThread) Intermediate result: 0.7727262486335507  (Index 66)
-----------------ETPA RESULT-------------------
Epoch 33: Validation	rmse: 15.75	mae: 12.39	mape: 84.77%	acc@10: 50.94%	acc@20: 79.22%	acc@30: 93.66%	
[2023-12-19 09:34:50] INFO (nni/MainThread) Intermediate result: 15.74757153147803  (Index 67)
*** Epoch: 34 ***
-----------------G2R RESULT-------------------

val result: krc:0.783 | lsd:0.652 | ed:0.948 | hr@1:0.65 | hr@2:0.87 | hr@3:0.916 | acc@1:0.65 | acc@2:0.596 | acc@3:0.564 | Best krc: 0.78 | Best epoch: 30
best model saved
[2023-12-19 09:35:15] INFO (nni/MainThread) Intermediate result: 0.7832182819852255  (Index 68)
-----------------ETPA RESULT-------------------
Epoch 34: Validation	rmse: 15.7	mae: 12.34	mape: 84.29%	acc@10: 51.12%	acc@20: 79.31%	acc@30: 93.71%	
[2023-12-19 09:35:15] INFO (nni/MainThread) Intermediate result: 15.698320662733401  (Index 69)
*** Epoch: 35 ***
-----------------G2R RESULT-------------------

val result: krc:0.782 | lsd:0.654 | ed:0.946 | hr@1:0.648 | hr@2:0.867 | hr@3:0.914 | acc@1:0.648 | acc@2:0.594 | acc@3:0.56 | Best krc: 0.783 | Best epoch: 34
[2023-12-19 09:35:38] INFO (nni/MainThread) Intermediate result: 0.7815421230375318  (Index 70)
-----------------ETPA RESULT-------------------
Epoch 35: Validation	rmse: 15.66	mae: 12.31	mape: 84.09%	acc@10: 51.2%	acc@20: 79.44%	acc@30: 93.79%	
[2023-12-19 09:35:38] INFO (nni/MainThread) Intermediate result: 15.66218793628732  (Index 71)
*** Epoch: 36 ***
-----------------G2R RESULT-------------------

val result: krc:0.764 | lsd:0.681 | ed:0.999 | hr@1:0.645 | hr@2:0.86 | hr@3:0.908 | acc@1:0.645 | acc@2:0.582 | acc@3:0.541 | Best krc: 0.783 | Best epoch: 34
[2023-12-19 09:36:02] INFO (nni/MainThread) Intermediate result: 0.7637790533811524  (Index 72)
-----------------ETPA RESULT-------------------
Epoch 36: Validation	rmse: 15.62	mae: 12.28	mape: 83.77%	acc@10: 51.37%	acc@20: 79.57%	acc@30: 93.84%	
[2023-12-19 09:36:02] INFO (nni/MainThread) Intermediate result: 15.619564511980146  (Index 73)
*** Epoch: 37 ***
-----------------G2R RESULT-------------------

val result: krc:0.76 | lsd:0.737 | ed:1.012 | hr@1:0.637 | hr@2:0.86 | hr@3:0.903 | acc@1:0.637 | acc@2:0.579 | acc@3:0.537 | Best krc: 0.783 | Best epoch: 34
[2023-12-19 09:36:26] INFO (nni/MainThread) Intermediate result: 0.7604293994237152  (Index 74)
-----------------ETPA RESULT-------------------
Epoch 37: Validation	rmse: 15.58	mae: 12.24	mape: 83.47%	acc@10: 51.49%	acc@20: 79.64%	acc@30: 93.91%	
[2023-12-19 09:36:26] INFO (nni/MainThread) Intermediate result: 15.58040267736647  (Index 75)
*** Epoch: 38 ***
-----------------G2R RESULT-------------------

val result: krc:0.776 | lsd:0.662 | ed:0.953 | hr@1:0.648 | hr@2:0.868 | hr@3:0.913 | acc@1:0.648 | acc@2:0.589 | acc@3:0.554 | Best krc: 0.783 | Best epoch: 34
[2023-12-19 09:36:50] INFO (nni/MainThread) Intermediate result: 0.7761335912625813  (Index 76)
-----------------ETPA RESULT-------------------
Epoch 38: Validation	rmse: 15.54	mae: 12.21	mape: 83.27%	acc@10: 51.58%	acc@20: 79.72%	acc@30: 93.97%	
[2023-12-19 09:36:50] INFO (nni/MainThread) Intermediate result: 15.540917682356012  (Index 77)
*** Epoch: 39 ***
-----------------G2R RESULT-------------------

val result: krc:0.777 | lsd:0.68 | ed:0.966 | hr@1:0.644 | hr@2:0.867 | hr@3:0.913 | acc@1:0.644 | acc@2:0.586 | acc@3:0.553 | Best krc: 0.783 | Best epoch: 34
[2023-12-19 09:37:14] INFO (nni/MainThread) Intermediate result: 0.77651591440835  (Index 78)
-----------------ETPA RESULT-------------------
Epoch 39: Validation	rmse: 15.5	mae: 12.19	mape: 83.06%	acc@10: 51.67%	acc@20: 79.79%	acc@30: 94.01%	
[2023-12-19 09:37:14] INFO (nni/MainThread) Intermediate result: 15.502219819965147  (Index 79)
*** Epoch: 40 ***
-----------------G2R RESULT-------------------

val result: krc:0.778 | lsd:0.664 | ed:0.962 | hr@1:0.648 | hr@2:0.867 | hr@3:0.913 | acc@1:0.648 | acc@2:0.59 | acc@3:0.554 | Best krc: 0.783 | Best epoch: 34
[2023-12-19 09:37:39] INFO (nni/MainThread) Intermediate result: 0.7778238610245605  (Index 80)
-----------------ETPA RESULT-------------------
Epoch 40: Validation	rmse: 15.46	mae: 12.16	mape: 82.76%	acc@10: 51.75%	acc@20: 79.89%	acc@30: 94.06%	
[2023-12-19 09:37:39] INFO (nni/MainThread) Intermediate result: 15.461980102994998  (Index 81)
*** Epoch: 41 ***
-----------------G2R RESULT-------------------

val result: krc:0.772 | lsd:0.699 | ed:0.974 | hr@1:0.653 | hr@2:0.866 | hr@3:0.907 | acc@1:0.653 | acc@2:0.596 | acc@3:0.55 | Best krc: 0.783 | Best epoch: 34
[2023-12-19 09:38:03] INFO (nni/MainThread) Intermediate result: 0.7719830879253704  (Index 82)
-----------------ETPA RESULT-------------------
Epoch 41: Validation	rmse: 15.42	mae: 12.12	mape: 82.37%	acc@10: 51.89%	acc@20: 79.97%	acc@30: 94.09%	
[2023-12-19 09:38:03] INFO (nni/MainThread) Intermediate result: 15.423563221592763  (Index 83)
*** Epoch: 42 ***
-----------------G2R RESULT-------------------

val result: krc:0.777 | lsd:0.698 | ed:0.961 | hr@1:0.645 | hr@2:0.867 | hr@3:0.911 | acc@1:0.645 | acc@2:0.589 | acc@3:0.556 | Best krc: 0.783 | Best epoch: 34
[2023-12-19 09:38:27] INFO (nni/MainThread) Intermediate result: 0.7773674064360553  (Index 84)
-----------------ETPA RESULT-------------------
Epoch 42: Validation	rmse: 15.39	mae: 12.09	mape: 82.02%	acc@10: 52.05%	acc@20: 80.03%	acc@30: 94.13%	
[2023-12-19 09:38:27] INFO (nni/MainThread) Intermediate result: 15.389449614571026  (Index 85)
*** Epoch: 43 ***
-----------------G2R RESULT-------------------

val result: krc:0.78 | lsd:0.674 | ed:0.947 | hr@1:0.648 | hr@2:0.869 | hr@3:0.915 | acc@1:0.648 | acc@2:0.591 | acc@3:0.557 | Best krc: 0.783 | Best epoch: 34
[2023-12-19 09:38:51] INFO (nni/MainThread) Intermediate result: 0.7802089057357969  (Index 86)
-----------------ETPA RESULT-------------------
Epoch 43: Validation	rmse: 15.37	mae: 12.07	mape: 81.87%	acc@10: 52.15%	acc@20: 80.08%	acc@30: 94.16%	
[2023-12-19 09:38:51] INFO (nni/MainThread) Intermediate result: 15.366788549998974  (Index 87)
*** Epoch: 44 ***
-----------------G2R RESULT-------------------

val result: krc:0.775 | lsd:0.689 | ed:0.98 | hr@1:0.654 | hr@2:0.869 | hr@3:0.911 | acc@1:0.654 | acc@2:0.595 | acc@3:0.552 | Best krc: 0.783 | Best epoch: 34
[2023-12-19 09:39:15] INFO (nni/MainThread) Intermediate result: 0.775072371635555  (Index 88)
-----------------ETPA RESULT-------------------
Epoch 44: Validation	rmse: 15.35	mae: 12.05	mape: 81.79%	acc@10: 52.23%	acc@20: 80.12%	acc@30: 94.19%	
[2023-12-19 09:39:15] INFO (nni/MainThread) Intermediate result: 15.34559472264113  (Index 89)
loaded model path: /home/sentanoe/joint_training/data/dataset/food_pd/sort_model/hidden_size-8.gcnru-pd_1702974074.77937131702974074.779385
best model loaded !!!
krc:0.776 | lsd:0.488 | ed:0.971 | hr@1:0.658 | hr@2:0.904 | hr@3:0.938 | acc@1:0.658 | acc@2:0.609 | acc@3:0.557 |

-------------------------------------------------------------
Best epoch for G2R:  34
Best epoch for ETPA:  44
graph2route_pd Evaluation in test: krc:0.776 | lsd:0.488 | ed:0.971 | hr@1:0.658 | hr@2:0.904 | hr@3:0.938 | acc@1:0.658 | acc@2:0.609 | acc@3:0.557 |
RankPETA Evaluation in test: rmse: 13.06	mae: 10.03	mape: 84.4%	acc@10: 60.34%	acc@20: 89.03%	acc@30: 97.47%	
