Device:  cuda
{'alpha_loss': 0.5,
 'batch_size': 64,
 'dataset': 'food_pd',
 'datatype': 'order',
 'device': device(type='cuda'),
 'early_stop': 10,
 'edge_fea_dim': 5,
 'embedding_dim': 64,
 'eval_end_1': 11,
 'eval_end_2': 25,
 'eval_start': 1,
 'gcn_num_layers': 2,
 'hidden_size': 8,
 'is_eval': False,
 'is_test': False,
 'k_min_nodes': 3,
 'k_nearest_neighbors': 'n-1',
 'lr': 0.001,
 'max_task_num': 25,
 'min_task_num': 0,
 'modelArrivalTime': 'RankPETA',
 'modelRoute': 'graph2route_pd',
 'no_cuda': False,
 'node_fea_dim': 8,
 'node_features_test': '/home/sentanoe/joint_training/data/dataset/food_pd/node_features_test_full.npy',
 'node_features_train': '/home/sentanoe/joint_training/data/dataset/food_pd/node_features_train_full.npy',
 'node_features_val': '/home/sentanoe/joint_training/data/dataset/food_pd/node_features_val_full.npy',
 'num_block': 2,
 'num_epoch': 100,
 'num_head': 4,
 'num_worker_logistics': 2346,
 'num_worker_pd': 920,
 'pad_value': 26,
 'seed': 2022,
 'sort_mode': 'pnn_order',
 'spatial_encoder': 'gcn',
 'temporal_encoder': 'gru',
 'test_path': '/home/sentanoe/joint_training/data/dataset/food_pd/test_full.npy',
 'train_mode': 'sort',
 'train_path': '/home/sentanoe/joint_training/data/dataset/food_pd/train_full.npy',
 'val_path': '/home/sentanoe/joint_training/data/dataset/food_pd/val_full.npy',
 'wd': 1e-05,
 'worker_emb_dim': 10,
 'workers': 2}
last_x_size:13;unpick_x_size:12;input_size:53
#train:2521 | #val:1257 | #test:1261
*** Epoch: 0 ***
-----------------G2R RESULT-------------------

val result: krc:0.758 | lsd:0.707 | ed:1.033 | hr@1:0.62 | hr@2:0.861 | hr@3:0.908 | acc@1:0.62 | acc@2:0.563 | acc@3:0.527 | Best krc: -1 | Best epoch: -1
best model saved
[2023-12-05 16:28:33] INFO (nni/MainThread) Intermediate result: 0.7579845845259051  (Index 0)
-----------------ETPA RESULT-------------------
Epoch 0: Validation	rmse: 24.68	mae: 19.38	mape: 65.52%	acc@10: 33.33%	acc@20: 62.96%	acc@30: 80.37%	
[2023-12-05 16:28:33] INFO (nni/MainThread) Intermediate result: 24.678637649797444  (Index 1)
*** Epoch: 1 ***
-----------------G2R RESULT-------------------

val result: krc:0.765 | lsd:0.689 | ed:1.027 | hr@1:0.617 | hr@2:0.866 | hr@3:0.911 | acc@1:0.617 | acc@2:0.564 | acc@3:0.525 | Best krc: 0.758 | Best epoch: 0
best model saved
[2023-12-05 16:28:58] INFO (nni/MainThread) Intermediate result: 0.7651055129585955  (Index 2)
-----------------ETPA RESULT-------------------
Epoch 1: Validation	rmse: 25.55	mae: 19.82	mape: 106.8%	acc@10: 30.93%	acc@20: 61.11%	acc@30: 81.11%	
[2023-12-05 16:28:58] INFO (nni/MainThread) Intermediate result: 25.552730128617757  (Index 3)
*** Epoch: 2 ***
-----------------G2R RESULT-------------------

val result: krc:0.763 | lsd:0.685 | ed:1.016 | hr@1:0.628 | hr@2:0.86 | hr@3:0.906 | acc@1:0.628 | acc@2:0.568 | acc@3:0.525 | Best krc: 0.765 | Best epoch: 1
[2023-12-05 16:29:23] INFO (nni/MainThread) Intermediate result: 0.7628054133432359  (Index 4)
-----------------ETPA RESULT-------------------
Epoch 2: Validation	rmse: 25.55	mae: 19.97	mape: 123.72%	acc@10: 29.75%	acc@20: 60.62%	acc@30: 81.6%	
[2023-12-05 16:29:23] INFO (nni/MainThread) Intermediate result: 25.54812406489773  (Index 5)
*** Epoch: 3 ***
-----------------G2R RESULT-------------------

val result: krc:0.769 | lsd:0.676 | ed:1.016 | hr@1:0.628 | hr@2:0.866 | hr@3:0.911 | acc@1:0.628 | acc@2:0.571 | acc@3:0.535 | Best krc: 0.765 | Best epoch: 1
best model saved
[2023-12-05 16:29:49] INFO (nni/MainThread) Intermediate result: 0.7685169047215396  (Index 6)
-----------------ETPA RESULT-------------------
Epoch 3: Validation	rmse: 24.46	mae: 19.38	mape: 127.61%	acc@10: 30.09%	acc@20: 61.2%	acc@30: 82.78%	
[2023-12-05 16:29:49] INFO (nni/MainThread) Intermediate result: 24.45947282864818  (Index 7)
*** Epoch: 4 ***
-----------------G2R RESULT-------------------

val result: krc:0.746 | lsd:0.761 | ed:1.06 | hr@1:0.62 | hr@2:0.853 | hr@3:0.897 | acc@1:0.62 | acc@2:0.559 | acc@3:0.512 | Best krc: 0.769 | Best epoch: 3
[2023-12-05 16:30:13] INFO (nni/MainThread) Intermediate result: 0.7463162936271814  (Index 8)
-----------------ETPA RESULT-------------------
Epoch 4: Validation	rmse: 23.75	mae: 19.06	mape: 129.27%	acc@10: 29.48%	acc@20: 61.33%	acc@30: 83.41%	
[2023-12-05 16:30:13] INFO (nni/MainThread) Intermediate result: 23.749365994596527  (Index 9)
*** Epoch: 5 ***
-----------------G2R RESULT-------------------

val result: krc:0.772 | lsd:0.682 | ed:0.982 | hr@1:0.639 | hr@2:0.863 | hr@3:0.907 | acc@1:0.639 | acc@2:0.583 | acc@3:0.542 | Best krc: 0.769 | Best epoch: 3
best model saved
[2023-12-05 16:30:40] INFO (nni/MainThread) Intermediate result: 0.7717578594622757  (Index 10)
-----------------ETPA RESULT-------------------
Epoch 5: Validation	rmse: 23.55	mae: 18.93	mape: 131.58%	acc@10: 29.63%	acc@20: 61.11%	acc@30: 83.46%	
[2023-12-05 16:30:41] INFO (nni/MainThread) Intermediate result: 23.552412095165902  (Index 11)
*** Epoch: 6 ***
-----------------G2R RESULT-------------------

val result: krc:0.774 | lsd:0.679 | ed:0.986 | hr@1:0.638 | hr@2:0.866 | hr@3:0.912 | acc@1:0.638 | acc@2:0.583 | acc@3:0.548 | Best krc: 0.772 | Best epoch: 5
best model saved
[2023-12-05 16:31:06] INFO (nni/MainThread) Intermediate result: 0.7735324747480408  (Index 12)
-----------------ETPA RESULT-------------------
Epoch 6: Validation	rmse: 23.35	mae: 18.83	mape: 133.27%	acc@10: 29.84%	acc@20: 61.16%	acc@30: 83.33%	
[2023-12-05 16:31:06] INFO (nni/MainThread) Intermediate result: 23.348894681525184  (Index 13)
*** Epoch: 7 ***
-----------------G2R RESULT-------------------

val result: krc:0.779 | lsd:0.663 | ed:0.969 | hr@1:0.644 | hr@2:0.862 | hr@3:0.911 | acc@1:0.644 | acc@2:0.582 | acc@3:0.551 | Best krc: 0.774 | Best epoch: 6
best model saved
[2023-12-05 16:31:32] INFO (nni/MainThread) Intermediate result: 0.7787153477140359  (Index 14)
-----------------ETPA RESULT-------------------
Epoch 7: Validation	rmse: 22.8	mae: 18.43	mape: 131.35%	acc@10: 30.79%	acc@20: 61.81%	acc@30: 84.03%	
[2023-12-05 16:31:32] INFO (nni/MainThread) Intermediate result: 22.79877267573226  (Index 15)
*** Epoch: 8 ***
-----------------G2R RESULT-------------------

val result: krc:0.767 | lsd:0.677 | ed:1.0 | hr@1:0.641 | hr@2:0.866 | hr@3:0.909 | acc@1:0.641 | acc@2:0.582 | acc@3:0.542 | Best krc: 0.779 | Best epoch: 7
[2023-12-05 16:31:57] INFO (nni/MainThread) Intermediate result: 0.7666149992778762  (Index 16)
-----------------ETPA RESULT-------------------
Epoch 8: Validation	rmse: 22.31	mae: 18.05	mape: 129.58%	acc@10: 31.73%	acc@20: 62.63%	acc@30: 84.9%	
[2023-12-05 16:31:57] INFO (nni/MainThread) Intermediate result: 22.306524316327213  (Index 17)
*** Epoch: 9 ***
-----------------G2R RESULT-------------------

val result: krc:0.768 | lsd:0.664 | ed:0.994 | hr@1:0.636 | hr@2:0.862 | hr@3:0.909 | acc@1:0.636 | acc@2:0.574 | acc@3:0.537 | Best krc: 0.779 | Best epoch: 7
[2023-12-05 16:32:20] INFO (nni/MainThread) Intermediate result: 0.767630989231339  (Index 18)
-----------------ETPA RESULT-------------------
Epoch 9: Validation	rmse: 21.79	mae: 17.66	mape: 127.66%	acc@10: 32.44%	acc@20: 63.7%	acc@30: 85.67%	
[2023-12-05 16:32:20] INFO (nni/MainThread) Intermediate result: 21.78922064219944  (Index 19)
*** Epoch: 10 ***
-----------------G2R RESULT-------------------

val result: krc:0.771 | lsd:0.67 | ed:1.008 | hr@1:0.646 | hr@2:0.863 | hr@3:0.909 | acc@1:0.646 | acc@2:0.577 | acc@3:0.539 | Best krc: 0.779 | Best epoch: 7
[2023-12-05 16:32:44] INFO (nni/MainThread) Intermediate result: 0.7707420856524486  (Index 20)
-----------------ETPA RESULT-------------------
Epoch 10: Validation	rmse: 21.3	mae: 17.28	mape: 125.43%	acc@10: 33.33%	acc@20: 64.68%	acc@30: 86.46%	
[2023-12-05 16:32:44] INFO (nni/MainThread) Intermediate result: 21.30494401460275  (Index 21)
*** Epoch: 11 ***
-----------------G2R RESULT-------------------

val result: krc:0.766 | lsd:0.681 | ed:1.016 | hr@1:0.623 | hr@2:0.863 | hr@3:0.911 | acc@1:0.623 | acc@2:0.564 | acc@3:0.532 | Best krc: 0.779 | Best epoch: 7
[2023-12-05 16:33:08] INFO (nni/MainThread) Intermediate result: 0.7661731389147216  (Index 22)
-----------------ETPA RESULT-------------------
Epoch 11: Validation	rmse: 20.83	mae: 16.9	mape: 123.02%	acc@10: 34.32%	acc@20: 65.77%	acc@30: 87.22%	
[2023-12-05 16:33:08] INFO (nni/MainThread) Intermediate result: 20.83357558180288  (Index 23)
*** Epoch: 12 ***
-----------------G2R RESULT-------------------

val result: krc:0.766 | lsd:0.69 | ed:1.005 | hr@1:0.634 | hr@2:0.865 | hr@3:0.91 | acc@1:0.634 | acc@2:0.577 | acc@3:0.537 | Best krc: 0.779 | Best epoch: 7
[2023-12-05 16:33:32] INFO (nni/MainThread) Intermediate result: 0.7664049280490033  (Index 24)
-----------------ETPA RESULT-------------------
Epoch 12: Validation	rmse: 20.5	mae: 16.65	mape: 121.53%	acc@10: 34.84%	acc@20: 66.41%	acc@30: 87.81%	
[2023-12-05 16:33:32] INFO (nni/MainThread) Intermediate result: 20.49531723330169  (Index 25)
*** Epoch: 13 ***
-----------------G2R RESULT-------------------

val result: krc:0.775 | lsd:0.663 | ed:0.996 | hr@1:0.639 | hr@2:0.868 | hr@3:0.915 | acc@1:0.639 | acc@2:0.581 | acc@3:0.539 | Best krc: 0.779 | Best epoch: 7
[2023-12-05 16:33:56] INFO (nni/MainThread) Intermediate result: 0.7746027018698639  (Index 26)
-----------------ETPA RESULT-------------------
Epoch 13: Validation	rmse: 20.17	mae: 16.38	mape: 119.64%	acc@10: 35.53%	acc@20: 67.25%	acc@30: 88.2%	
[2023-12-05 16:33:56] INFO (nni/MainThread) Intermediate result: 20.169397822891113  (Index 27)
*** Epoch: 14 ***
-----------------G2R RESULT-------------------

val result: krc:0.769 | lsd:0.684 | ed:0.977 | hr@1:0.632 | hr@2:0.861 | hr@3:0.909 | acc@1:0.632 | acc@2:0.575 | acc@3:0.54 | Best krc: 0.779 | Best epoch: 7
[2023-12-05 16:34:20] INFO (nni/MainThread) Intermediate result: 0.7692232964204981  (Index 28)
-----------------ETPA RESULT-------------------
Epoch 14: Validation	rmse: 19.88	mae: 16.14	mape: 118.09%	acc@10: 36.02%	acc@20: 67.93%	acc@30: 88.57%	
[2023-12-05 16:34:20] INFO (nni/MainThread) Intermediate result: 19.878941313299784  (Index 29)
*** Epoch: 15 ***
-----------------G2R RESULT-------------------

val result: krc:0.781 | lsd:0.641 | ed:0.976 | hr@1:0.641 | hr@2:0.873 | hr@3:0.916 | acc@1:0.641 | acc@2:0.586 | acc@3:0.553 | Best krc: 0.779 | Best epoch: 7
best model saved
[2023-12-05 16:34:45] INFO (nni/MainThread) Intermediate result: 0.781118877883198  (Index 30)
-----------------ETPA RESULT-------------------
Epoch 15: Validation	rmse: 19.56	mae: 15.87	mape: 116.09%	acc@10: 36.81%	acc@20: 68.94%	acc@30: 88.91%	
[2023-12-05 16:34:45] INFO (nni/MainThread) Intermediate result: 19.56023378932182  (Index 31)
*** Epoch: 16 ***
-----------------G2R RESULT-------------------

val result: krc:0.778 | lsd:0.649 | ed:0.975 | hr@1:0.632 | hr@2:0.869 | hr@3:0.914 | acc@1:0.632 | acc@2:0.575 | acc@3:0.544 | Best krc: 0.781 | Best epoch: 15
[2023-12-05 16:35:10] INFO (nni/MainThread) Intermediate result: 0.7778861003609584  (Index 32)
-----------------ETPA RESULT-------------------
Epoch 16: Validation	rmse: 19.38	mae: 15.73	mape: 115.22%	acc@10: 37.04%	acc@20: 69.35%	acc@30: 89.19%	
[2023-12-05 16:35:10] INFO (nni/MainThread) Intermediate result: 19.37982986669142  (Index 33)
*** Epoch: 17 ***
-----------------G2R RESULT-------------------

val result: krc:0.776 | lsd:0.647 | ed:0.966 | hr@1:0.641 | hr@2:0.867 | hr@3:0.914 | acc@1:0.641 | acc@2:0.581 | acc@3:0.549 | Best krc: 0.781 | Best epoch: 15
[2023-12-05 16:35:34] INFO (nni/MainThread) Intermediate result: 0.7758410288799442  (Index 34)
-----------------ETPA RESULT-------------------
Epoch 17: Validation	rmse: 19.13	mae: 15.52	mape: 113.72%	acc@10: 37.76%	acc@20: 70.06%	acc@30: 89.57%	
[2023-12-05 16:35:34] INFO (nni/MainThread) Intermediate result: 19.130868972613353  (Index 35)
*** Epoch: 18 ***
-----------------G2R RESULT-------------------

val result: krc:0.765 | lsd:0.707 | ed:1.009 | hr@1:0.635 | hr@2:0.864 | hr@3:0.908 | acc@1:0.635 | acc@2:0.578 | acc@3:0.534 | Best krc: 0.781 | Best epoch: 15
[2023-12-05 16:35:58] INFO (nni/MainThread) Intermediate result: 0.7653904274805018  (Index 36)
-----------------ETPA RESULT-------------------
Epoch 18: Validation	rmse: 18.97	mae: 15.37	mape: 112.84%	acc@10: 38.21%	acc@20: 70.51%	acc@30: 89.81%	
[2023-12-05 16:35:58] INFO (nni/MainThread) Intermediate result: 18.96761535320789  (Index 37)
*** Epoch: 19 ***
-----------------G2R RESULT-------------------

val result: krc:0.778 | lsd:0.665 | ed:0.964 | hr@1:0.64 | hr@2:0.866 | hr@3:0.914 | acc@1:0.64 | acc@2:0.584 | acc@3:0.554 | Best krc: 0.781 | Best epoch: 15
[2023-12-05 16:36:23] INFO (nni/MainThread) Intermediate result: 0.7777983971687513  (Index 38)
-----------------ETPA RESULT-------------------
Epoch 19: Validation	rmse: 18.74	mae: 15.18	mape: 111.24%	acc@10: 38.91%	acc@20: 71.17%	acc@30: 90.02%	
[2023-12-05 16:36:23] INFO (nni/MainThread) Intermediate result: 18.744764976464744  (Index 39)
*** Epoch: 20 ***
-----------------G2R RESULT-------------------

val result: krc:0.775 | lsd:0.639 | ed:0.976 | hr@1:0.64 | hr@2:0.871 | hr@3:0.916 | acc@1:0.64 | acc@2:0.587 | acc@3:0.548 | Best krc: 0.781 | Best epoch: 15
[2023-12-05 16:36:47] INFO (nni/MainThread) Intermediate result: 0.7747099278800197  (Index 40)
-----------------ETPA RESULT-------------------
Epoch 20: Validation	rmse: 18.59	mae: 15.04	mape: 110.26%	acc@10: 39.31%	acc@20: 71.64%	acc@30: 90.26%	
[2023-12-05 16:36:47] INFO (nni/MainThread) Intermediate result: 18.586161345824998  (Index 41)
*** Epoch: 21 ***
-----------------G2R RESULT-------------------

val result: krc:0.783 | lsd:0.622 | ed:0.941 | hr@1:0.646 | hr@2:0.87 | hr@3:0.915 | acc@1:0.646 | acc@2:0.591 | acc@3:0.56 | Best krc: 0.781 | Best epoch: 15
best model saved
[2023-12-05 16:37:13] INFO (nni/MainThread) Intermediate result: 0.783480243217891  (Index 42)
-----------------ETPA RESULT-------------------
Epoch 21: Validation	rmse: 18.48	mae: 14.95	mape: 109.67%	acc@10: 39.44%	acc@20: 72.0%	acc@30: 90.37%	
[2023-12-05 16:37:13] INFO (nni/MainThread) Intermediate result: 18.475572841413044  (Index 43)
*** Epoch: 22 ***
-----------------G2R RESULT-------------------

val result: krc:0.78 | lsd:0.626 | ed:0.952 | hr@1:0.648 | hr@2:0.87 | hr@3:0.914 | acc@1:0.648 | acc@2:0.591 | acc@3:0.558 | Best krc: 0.783 | Best epoch: 21
[2023-12-05 16:37:37] INFO (nni/MainThread) Intermediate result: 0.7804170446146834  (Index 44)
-----------------ETPA RESULT-------------------
Epoch 22: Validation	rmse: 18.33	mae: 14.83	mape: 108.75%	acc@10: 39.87%	acc@20: 72.38%	acc@30: 90.53%	
[2023-12-05 16:37:37] INFO (nni/MainThread) Intermediate result: 18.333724108504487  (Index 45)
*** Epoch: 23 ***
-----------------G2R RESULT-------------------

val result: krc:0.783 | lsd:0.63 | ed:0.939 | hr@1:0.653 | hr@2:0.869 | hr@3:0.913 | acc@1:0.653 | acc@2:0.596 | acc@3:0.563 | Best krc: 0.783 | Best epoch: 21
[2023-12-05 16:38:01] INFO (nni/MainThread) Intermediate result: 0.7833212569548381  (Index 46)
-----------------ETPA RESULT-------------------
Epoch 23: Validation	rmse: 18.24	mae: 14.75	mape: 108.33%	acc@10: 39.94%	acc@20: 72.61%	acc@30: 90.68%	
[2023-12-05 16:38:01] INFO (nni/MainThread) Intermediate result: 18.2392314981175  (Index 47)
*** Epoch: 24 ***
-----------------G2R RESULT-------------------

val result: krc:0.772 | lsd:0.651 | ed:0.985 | hr@1:0.642 | hr@2:0.868 | hr@3:0.913 | acc@1:0.642 | acc@2:0.582 | acc@3:0.544 | Best krc: 0.783 | Best epoch: 21
[2023-12-05 16:38:25] INFO (nni/MainThread) Intermediate result: 0.7718976014997004  (Index 48)
-----------------ETPA RESULT-------------------
Epoch 24: Validation	rmse: 18.15	mae: 14.68	mape: 107.82%	acc@10: 40.15%	acc@20: 72.86%	acc@30: 90.74%	
[2023-12-05 16:38:25] INFO (nni/MainThread) Intermediate result: 18.15331795034119  (Index 49)
*** Epoch: 25 ***
-----------------G2R RESULT-------------------

val result: krc:0.785 | lsd:0.638 | ed:0.945 | hr@1:0.645 | hr@2:0.872 | hr@3:0.919 | acc@1:0.645 | acc@2:0.591 | acc@3:0.561 | Best krc: 0.783 | Best epoch: 21
best model saved
[2023-12-05 16:38:51] INFO (nni/MainThread) Intermediate result: 0.7854656865588217  (Index 50)
-----------------ETPA RESULT-------------------
Epoch 25: Validation	rmse: 18.02	mae: 14.56	mape: 106.93%	acc@10: 40.57%	acc@20: 73.16%	acc@30: 90.91%	
[2023-12-05 16:38:51] INFO (nni/MainThread) Intermediate result: 18.021693509470825  (Index 51)
*** Epoch: 26 ***
-----------------G2R RESULT-------------------

val result: krc:0.772 | lsd:0.644 | ed:0.979 | hr@1:0.645 | hr@2:0.868 | hr@3:0.912 | acc@1:0.645 | acc@2:0.587 | acc@3:0.547 | Best krc: 0.785 | Best epoch: 25
[2023-12-05 16:39:16] INFO (nni/MainThread) Intermediate result: 0.7724432794043637  (Index 52)
-----------------ETPA RESULT-------------------
Epoch 26: Validation	rmse: 17.94	mae: 14.49	mape: 106.53%	acc@10: 40.74%	acc@20: 73.36%	acc@30: 91.04%	
[2023-12-05 16:39:16] INFO (nni/MainThread) Intermediate result: 17.939847295349256  (Index 53)
*** Epoch: 27 ***
-----------------G2R RESULT-------------------

val result: krc:0.786 | lsd:0.636 | ed:0.937 | hr@1:0.644 | hr@2:0.871 | hr@3:0.918 | acc@1:0.644 | acc@2:0.591 | acc@3:0.562 | Best krc: 0.785 | Best epoch: 25
best model saved
[2023-12-05 16:39:41] INFO (nni/MainThread) Intermediate result: 0.786225469618561  (Index 54)
-----------------ETPA RESULT-------------------
Epoch 27: Validation	rmse: 17.81	mae: 14.38	mape: 105.56%	acc@10: 41.15%	acc@20: 73.69%	acc@30: 91.2%	
[2023-12-05 16:39:41] INFO (nni/MainThread) Intermediate result: 17.813443081255016  (Index 55)
*** Epoch: 28 ***
-----------------G2R RESULT-------------------

val result: krc:0.768 | lsd:0.656 | ed:1.013 | hr@1:0.634 | hr@2:0.868 | hr@3:0.911 | acc@1:0.634 | acc@2:0.576 | acc@3:0.53 | Best krc: 0.786 | Best epoch: 27
[2023-12-05 16:40:06] INFO (nni/MainThread) Intermediate result: 0.7675177953271527  (Index 56)
-----------------ETPA RESULT-------------------
Epoch 28: Validation	rmse: 17.7	mae: 14.28	mape: 104.72%	acc@10: 41.55%	acc@20: 74.0%	acc@30: 91.37%	
[2023-12-05 16:40:06] INFO (nni/MainThread) Intermediate result: 17.70029198032469  (Index 57)
*** Epoch: 29 ***
-----------------G2R RESULT-------------------

val result: krc:0.78 | lsd:0.624 | ed:0.979 | hr@1:0.647 | hr@2:0.873 | hr@3:0.914 | acc@1:0.647 | acc@2:0.59 | acc@3:0.548 | Best krc: 0.786 | Best epoch: 27
[2023-12-05 16:40:31] INFO (nni/MainThread) Intermediate result: 0.7799994667594143  (Index 58)
-----------------ETPA RESULT-------------------
Epoch 29: Validation	rmse: 17.6	mae: 14.18	mape: 103.7%	acc@10: 41.96%	acc@20: 74.27%	acc@30: 91.41%	
[2023-12-05 16:40:31] INFO (nni/MainThread) Intermediate result: 17.602663816254037  (Index 59)
*** Epoch: 30 ***
-----------------G2R RESULT-------------------

val result: krc:0.791 | lsd:0.621 | ed:0.936 | hr@1:0.656 | hr@2:0.875 | hr@3:0.92 | acc@1:0.656 | acc@2:0.599 | acc@3:0.568 | Best krc: 0.786 | Best epoch: 27
best model saved
[2023-12-05 16:40:56] INFO (nni/MainThread) Intermediate result: 0.7910953788959911  (Index 60)
-----------------ETPA RESULT-------------------
Epoch 30: Validation	rmse: 17.57	mae: 14.16	mape: 103.57%	acc@10: 41.96%	acc@20: 74.38%	acc@30: 91.45%	
[2023-12-05 16:40:56] INFO (nni/MainThread) Intermediate result: 17.571092135654485  (Index 61)
*** Epoch: 31 ***
-----------------G2R RESULT-------------------

val result: krc:0.78 | lsd:0.656 | ed:0.956 | hr@1:0.643 | hr@2:0.871 | hr@3:0.914 | acc@1:0.643 | acc@2:0.592 | acc@3:0.554 | Best krc: 0.791 | Best epoch: 30
[2023-12-05 16:41:20] INFO (nni/MainThread) Intermediate result: 0.7803562344795403  (Index 62)
-----------------ETPA RESULT-------------------
Epoch 31: Validation	rmse: 17.49	mae: 14.09	mape: 103.09%	acc@10: 42.2%	acc@20: 74.63%	acc@30: 91.55%	
[2023-12-05 16:41:20] INFO (nni/MainThread) Intermediate result: 17.49441991728952  (Index 63)
*** Epoch: 32 ***
-----------------G2R RESULT-------------------

val result: krc:0.79 | lsd:0.63 | ed:0.911 | hr@1:0.656 | hr@2:0.875 | hr@3:0.918 | acc@1:0.656 | acc@2:0.606 | acc@3:0.578 | Best krc: 0.791 | Best epoch: 30
[2023-12-05 16:41:44] INFO (nni/MainThread) Intermediate result: 0.7900558907642423  (Index 64)
-----------------ETPA RESULT-------------------
Epoch 32: Validation	rmse: 17.38	mae: 13.99	mape: 102.19%	acc@10: 42.65%	acc@20: 74.94%	acc@30: 91.74%	
[2023-12-05 16:41:44] INFO (nni/MainThread) Intermediate result: 17.381867757992016  (Index 65)
*** Epoch: 33 ***
-----------------G2R RESULT-------------------

val result: krc:0.792 | lsd:0.628 | ed:0.908 | hr@1:0.661 | hr@2:0.872 | hr@3:0.917 | acc@1:0.661 | acc@2:0.61 | acc@3:0.578 | Best krc: 0.791 | Best epoch: 30
best model saved
[2023-12-05 16:42:10] INFO (nni/MainThread) Intermediate result: 0.7924381492287046  (Index 66)
-----------------ETPA RESULT-------------------
Epoch 33: Validation	rmse: 17.29	mae: 13.9	mape: 101.38%	acc@10: 43.01%	acc@20: 75.2%	acc@30: 91.85%	
[2023-12-05 16:42:10] INFO (nni/MainThread) Intermediate result: 17.29037805960953  (Index 67)
*** Epoch: 34 ***
-----------------G2R RESULT-------------------

val result: krc:0.793 | lsd:0.631 | ed:0.911 | hr@1:0.661 | hr@2:0.875 | hr@3:0.92 | acc@1:0.661 | acc@2:0.609 | acc@3:0.578 | Best krc: 0.792 | Best epoch: 33
best model saved
[2023-12-05 16:42:35] INFO (nni/MainThread) Intermediate result: 0.7929106696312643  (Index 68)
-----------------ETPA RESULT-------------------
Epoch 34: Validation	rmse: 17.2	mae: 13.82	mape: 100.58%	acc@10: 43.35%	acc@20: 75.41%	acc@30: 91.94%	
[2023-12-05 16:42:35] INFO (nni/MainThread) Intermediate result: 17.20104299989539  (Index 69)
*** Epoch: 35 ***
-----------------G2R RESULT-------------------

val result: krc:0.793 | lsd:0.626 | ed:0.922 | hr@1:0.659 | hr@2:0.877 | hr@3:0.919 | acc@1:0.659 | acc@2:0.607 | acc@3:0.573 | Best krc: 0.793 | Best epoch: 34
[2023-12-05 16:43:00] INFO (nni/MainThread) Intermediate result: 0.7926986142814741  (Index 70)
-----------------ETPA RESULT-------------------
Epoch 35: Validation	rmse: 17.13	mae: 13.76	mape: 99.99%	acc@10: 43.67%	acc@20: 75.64%	acc@30: 92.01%	
[2023-12-05 16:43:00] INFO (nni/MainThread) Intermediate result: 17.129138235221884  (Index 71)
*** Epoch: 36 ***
-----------------G2R RESULT-------------------

val result: krc:0.8 | lsd:0.607 | ed:0.9 | hr@1:0.67 | hr@2:0.875 | hr@3:0.919 | acc@1:0.67 | acc@2:0.613 | acc@3:0.581 | Best krc: 0.793 | Best epoch: 34
best model saved
[2023-12-05 16:43:26] INFO (nni/MainThread) Intermediate result: 0.7995673335069925  (Index 72)
-----------------ETPA RESULT-------------------
Epoch 36: Validation	rmse: 17.04	mae: 13.68	mape: 99.27%	acc@10: 43.99%	acc@20: 75.88%	acc@30: 92.12%	
[2023-12-05 16:43:26] INFO (nni/MainThread) Intermediate result: 17.044651375712416  (Index 73)
*** Epoch: 37 ***
-----------------G2R RESULT-------------------

val result: krc:0.795 | lsd:0.611 | ed:0.918 | hr@1:0.667 | hr@2:0.876 | hr@3:0.919 | acc@1:0.667 | acc@2:0.611 | acc@3:0.579 | Best krc: 0.8 | Best epoch: 36
[2023-12-05 16:43:51] INFO (nni/MainThread) Intermediate result: 0.7952759439947896  (Index 74)
-----------------ETPA RESULT-------------------
Epoch 37: Validation	rmse: 16.95	mae: 13.6	mape: 98.35%	acc@10: 44.4%	acc@20: 76.16%	acc@30: 92.21%	
[2023-12-05 16:43:51] INFO (nni/MainThread) Intermediate result: 16.951580696445898  (Index 75)
*** Epoch: 38 ***
-----------------G2R RESULT-------------------

val result: krc:0.793 | lsd:0.628 | ed:0.927 | hr@1:0.665 | hr@2:0.873 | hr@3:0.918 | acc@1:0.665 | acc@2:0.607 | acc@3:0.576 | Best krc: 0.8 | Best epoch: 36
[2023-12-05 16:44:16] INFO (nni/MainThread) Intermediate result: 0.7929979101207785  (Index 76)
-----------------ETPA RESULT-------------------
Epoch 38: Validation	rmse: 16.88	mae: 13.53	mape: 97.7%	acc@10: 44.7%	acc@20: 76.37%	acc@30: 92.31%	
[2023-12-05 16:44:16] INFO (nni/MainThread) Intermediate result: 16.876794170782865  (Index 77)
*** Epoch: 39 ***
-----------------G2R RESULT-------------------

val result: krc:0.797 | lsd:0.596 | ed:0.9 | hr@1:0.68 | hr@2:0.874 | hr@3:0.918 | acc@1:0.68 | acc@2:0.618 | acc@3:0.578 | Best krc: 0.8 | Best epoch: 36
[2023-12-05 16:44:43] INFO (nni/MainThread) Intermediate result: 0.7965235205287675  (Index 78)
-----------------ETPA RESULT-------------------
Epoch 39: Validation	rmse: 16.82	mae: 13.49	mape: 97.4%	acc@10: 44.81%	acc@20: 76.52%	acc@30: 92.38%	
[2023-12-05 16:44:43] INFO (nni/MainThread) Intermediate result: 16.82467986483558  (Index 79)
*** Epoch: 40 ***
-----------------G2R RESULT-------------------

val result: krc:0.769 | lsd:0.652 | ed:0.992 | hr@1:0.648 | hr@2:0.867 | hr@3:0.911 | acc@1:0.648 | acc@2:0.589 | acc@3:0.547 | Best krc: 0.8 | Best epoch: 36
[2023-12-05 16:45:09] INFO (nni/MainThread) Intermediate result: 0.7687797408829328  (Index 80)
-----------------ETPA RESULT-------------------
Epoch 40: Validation	rmse: 16.75	mae: 13.42	mape: 96.71%	acc@10: 45.09%	acc@20: 76.68%	acc@30: 92.48%	
[2023-12-05 16:45:09] INFO (nni/MainThread) Intermediate result: 16.754224513098855  (Index 81)
*** Epoch: 41 ***
-----------------G2R RESULT-------------------

val result: krc:0.797 | lsd:0.608 | ed:0.907 | hr@1:0.67 | hr@2:0.878 | hr@3:0.921 | acc@1:0.67 | acc@2:0.614 | acc@3:0.582 | Best krc: 0.8 | Best epoch: 36
[2023-12-05 16:45:34] INFO (nni/MainThread) Intermediate result: 0.7969136031663359  (Index 82)
-----------------ETPA RESULT-------------------
Epoch 41: Validation	rmse: 16.7	mae: 13.37	mape: 96.32%	acc@10: 45.28%	acc@20: 76.85%	acc@30: 92.56%	
[2023-12-05 16:45:34] INFO (nni/MainThread) Intermediate result: 16.698138597722533  (Index 83)
*** Epoch: 42 ***
-----------------G2R RESULT-------------------

val result: krc:0.774 | lsd:0.648 | ed:0.984 | hr@1:0.651 | hr@2:0.868 | hr@3:0.912 | acc@1:0.651 | acc@2:0.589 | acc@3:0.547 | Best krc: 0.8 | Best epoch: 36
[2023-12-05 16:45:59] INFO (nni/MainThread) Intermediate result: 0.7744657625811977  (Index 84)
-----------------ETPA RESULT-------------------
Epoch 42: Validation	rmse: 16.63	mae: 13.31	mape: 95.78%	acc@10: 45.55%	acc@20: 77.05%	acc@30: 92.63%	
[2023-12-05 16:45:59] INFO (nni/MainThread) Intermediate result: 16.6331827193438  (Index 85)
*** Epoch: 43 ***
-----------------G2R RESULT-------------------

val result: krc:0.789 | lsd:0.611 | ed:0.93 | hr@1:0.667 | hr@2:0.872 | hr@3:0.918 | acc@1:0.667 | acc@2:0.606 | acc@3:0.568 | Best krc: 0.8 | Best epoch: 36
[2023-12-05 16:46:24] INFO (nni/MainThread) Intermediate result: 0.7891913641104721  (Index 86)
-----------------ETPA RESULT-------------------
Epoch 43: Validation	rmse: 16.59	mae: 13.28	mape: 95.51%	acc@10: 45.67%	acc@20: 77.17%	acc@30: 92.67%	
[2023-12-05 16:46:24] INFO (nni/MainThread) Intermediate result: 16.592508362023565  (Index 87)
*** Epoch: 44 ***
-----------------G2R RESULT-------------------

val result: krc:0.785 | lsd:0.628 | ed:0.952 | hr@1:0.659 | hr@2:0.869 | hr@3:0.915 | acc@1:0.659 | acc@2:0.599 | acc@3:0.56 | Best krc: 0.8 | Best epoch: 36
[2023-12-05 16:46:49] INFO (nni/MainThread) Intermediate result: 0.7846609397986747  (Index 88)
-----------------ETPA RESULT-------------------
Epoch 44: Validation	rmse: 16.55	mae: 13.24	mape: 95.18%	acc@10: 45.84%	acc@20: 77.28%	acc@30: 92.69%	
[2023-12-05 16:46:49] INFO (nni/MainThread) Intermediate result: 16.552718136946446  (Index 89)
*** Epoch: 45 ***
-----------------G2R RESULT-------------------

val result: krc:0.798 | lsd:0.617 | ed:0.909 | hr@1:0.675 | hr@2:0.876 | hr@3:0.92 | acc@1:0.675 | acc@2:0.617 | acc@3:0.583 | Best krc: 0.8 | Best epoch: 36
[2023-12-05 16:47:16] INFO (nni/MainThread) Intermediate result: 0.797755801988421  (Index 90)
-----------------ETPA RESULT-------------------
Epoch 45: Validation	rmse: 16.5	mae: 13.19	mape: 94.64%	acc@10: 46.09%	acc@20: 77.39%	acc@30: 92.76%	
[2023-12-05 16:47:16] INFO (nni/MainThread) Intermediate result: 16.500444918371443  (Index 91)
*** Epoch: 46 ***
-----------------G2R RESULT-------------------

val result: krc:0.798 | lsd:0.594 | ed:0.904 | hr@1:0.676 | hr@2:0.877 | hr@3:0.922 | acc@1:0.676 | acc@2:0.616 | acc@3:0.582 | Best krc: 0.8 | Best epoch: 36
[2023-12-05 16:47:43] INFO (nni/MainThread) Intermediate result: 0.7981256764903463  (Index 92)
-----------------ETPA RESULT-------------------
Epoch 46: Validation	rmse: 16.45	mae: 13.15	mape: 94.12%	acc@10: 46.29%	acc@20: 77.55%	acc@30: 92.81%	
[2023-12-05 16:47:43] INFO (nni/MainThread) Intermediate result: 16.45441783755208  (Index 93)
loaded model path: /home/sentanoe/joint_training/data/dataset/food_pd/sort_model/hidden_size-8.gcnru-pd_1701790082.7903941701790082.7904146
best model loaded !!!
krc:0.79 | lsd:0.451 | ed:0.936 | hr@1:0.672 | hr@2:0.91 | hr@3:0.944 | acc@1:0.672 | acc@2:0.615 | acc@3:0.576 |

-------------------------------------------------------------
Best epoch for G2R:  36
Best epoch for ETPA:  46
graph2route_pd Evaluation in test: krc:0.79 | lsd:0.451 | ed:0.936 | hr@1:0.672 | hr@2:0.91 | hr@3:0.944 | acc@1:0.672 | acc@2:0.615 | acc@3:0.576 |
RankPETA Evaluation in test: rmse: 12.27	mae: 9.63	mape: 81.91%	acc@10: 60.76%	acc@20: 91.98%	acc@30: 98.31%	
