Device:  cuda
{'alpha_loss': 0.5,
 'batch_size': 64,
 'dataset': 'food_pd',
 'datatype': 'order',
 'device': device(type='cuda'),
 'early_stop': 10,
 'edge_fea_dim': 5,
 'embedding_dim': 32,
 'eval_end_1': 11,
 'eval_end_2': 25,
 'eval_start': 1,
 'gcn_num_layers': 2,
 'hidden_size': 8,
 'is_eval': False,
 'is_test': False,
 'k_min_nodes': 3,
 'k_nearest_neighbors': 'n-1',
 'lr': 0.001,
 'max_task_num': 25,
 'min_task_num': 0,
 'modelArrivalTime': 'RankPETA',
 'modelRoute': 'graph2route_pd',
 'no_cuda': False,
 'node_fea_dim': 8,
 'node_features_test': '/home/sentanoe/joint_training/data/dataset/food_pd/node_features_test_full.npy',
 'node_features_train': '/home/sentanoe/joint_training/data/dataset/food_pd/node_features_train_full.npy',
 'node_features_val': '/home/sentanoe/joint_training/data/dataset/food_pd/node_features_val_full.npy',
 'num_block': 2,
 'num_epoch': 1000,
 'num_head': 2,
 'num_worker_logistics': 2346,
 'num_worker_pd': 920,
 'pad_value': 26,
 'seed': 9999,
 'sort_mode': 'pnn_idx',
 'spatial_encoder': 'gatv2',
 'temporal_encoder': 'gru',
 'test_path': '/home/sentanoe/joint_training/data/dataset/food_pd/test_full.npy',
 'train_mode': 'sort',
 'train_path': '/home/sentanoe/joint_training/data/dataset/food_pd/train_full.npy',
 'val_path': '/home/sentanoe/joint_training/data/dataset/food_pd/val_full.npy',
 'wd': 1e-05,
 'worker_emb_dim': 10,
 'workers': 2}
last_x_size:13;unpick_x_size:12;input_size:53
#train:2521 | #val:1257 | #test:1261
*** Epoch: 0 ***
-----------------G2R RESULT-------------------

val result: krc:0.663 | lsd:1.077 | ed:1.307 | hr@1:0.613 | hr@2:0.786 | hr@3:0.863 | acc@1:0.613 | acc@2:0.505 | acc@3:0.46 | Best krc: -1 | Best epoch: -1
best model saved
[2023-12-18 11:17:29] INFO (nni/MainThread) Intermediate result: 0.662911825579075  (Index 0)
-----------------ETPA RESULT-------------------
Epoch 0: Validation	rmse: 23.32	mae: 17.26	mape: 104.78%	acc@10: 40.37%	acc@20: 70.37%	acc@30: 83.7%	
[2023-12-18 11:17:29] INFO (nni/MainThread) Intermediate result: 23.323497479322622  (Index 1)
*** Epoch: 1 ***
-----------------G2R RESULT-------------------

val result: krc:0.712 | lsd:0.892 | ed:1.179 | hr@1:0.623 | hr@2:0.816 | hr@3:0.887 | acc@1:0.623 | acc@2:0.528 | acc@3:0.49 | Best krc: 0.663 | Best epoch: 0
best model saved
[2023-12-18 11:17:56] INFO (nni/MainThread) Intermediate result: 0.7119037205001351  (Index 2)
-----------------ETPA RESULT-------------------
Epoch 1: Validation	rmse: 22.87	mae: 16.89	mape: 109.24%	acc@10: 42.04%	acc@20: 71.48%	acc@30: 83.15%	
[2023-12-18 11:17:56] INFO (nni/MainThread) Intermediate result: 22.86866391802067  (Index 3)
*** Epoch: 2 ***
-----------------G2R RESULT-------------------

val result: krc:0.732 | lsd:0.839 | ed:1.115 | hr@1:0.642 | hr@2:0.831 | hr@3:0.888 | acc@1:0.642 | acc@2:0.557 | acc@3:0.514 | Best krc: 0.712 | Best epoch: 1
best model saved
[2023-12-18 11:18:24] INFO (nni/MainThread) Intermediate result: 0.7317373785585418  (Index 4)
-----------------ETPA RESULT-------------------
Epoch 2: Validation	rmse: 21.55	mae: 15.94	mape: 105.26%	acc@10: 44.81%	acc@20: 73.21%	acc@30: 84.69%	
[2023-12-18 11:18:24] INFO (nni/MainThread) Intermediate result: 21.547011253304593  (Index 5)
*** Epoch: 3 ***
-----------------G2R RESULT-------------------

val result: krc:0.715 | lsd:0.869 | ed:1.132 | hr@1:0.63 | hr@2:0.828 | hr@3:0.886 | acc@1:0.63 | acc@2:0.552 | acc@3:0.505 | Best krc: 0.732 | Best epoch: 2
[2023-12-18 11:18:50] INFO (nni/MainThread) Intermediate result: 0.7152381567160755  (Index 6)
-----------------ETPA RESULT-------------------
Epoch 3: Validation	rmse: 20.96	mae: 15.69	mape: 106.85%	acc@10: 44.17%	acc@20: 72.78%	acc@30: 85.83%	
[2023-12-18 11:18:50] INFO (nni/MainThread) Intermediate result: 20.956950927472306  (Index 7)
*** Epoch: 4 ***
-----------------G2R RESULT-------------------

val result: krc:0.743 | lsd:0.793 | ed:1.077 | hr@1:0.64 | hr@2:0.838 | hr@3:0.897 | acc@1:0.64 | acc@2:0.564 | acc@3:0.523 | Best krc: 0.732 | Best epoch: 2
best model saved
[2023-12-18 11:19:18] INFO (nni/MainThread) Intermediate result: 0.7429110428673174  (Index 8)
-----------------ETPA RESULT-------------------
Epoch 4: Validation	rmse: 20.41	mae: 15.34	mape: 105.42%	acc@10: 44.44%	acc@20: 73.7%	acc@30: 86.3%	
[2023-12-18 11:19:18] INFO (nni/MainThread) Intermediate result: 20.411060261666044  (Index 9)
*** Epoch: 5 ***
-----------------G2R RESULT-------------------

val result: krc:0.747 | lsd:0.793 | ed:1.047 | hr@1:0.64 | hr@2:0.837 | hr@3:0.899 | acc@1:0.64 | acc@2:0.566 | acc@3:0.534 | Best krc: 0.743 | Best epoch: 4
best model saved
[2023-12-18 11:19:46] INFO (nni/MainThread) Intermediate result: 0.7465787916596835  (Index 10)
-----------------ETPA RESULT-------------------
Epoch 5: Validation	rmse: 20.13	mae: 15.12	mape: 105.08%	acc@10: 45.31%	acc@20: 74.2%	acc@30: 86.54%	
[2023-12-18 11:19:46] INFO (nni/MainThread) Intermediate result: 20.125756131095184  (Index 11)
*** Epoch: 6 ***
-----------------G2R RESULT-------------------

val result: krc:0.728 | lsd:0.818 | ed:1.118 | hr@1:0.631 | hr@2:0.836 | hr@3:0.893 | acc@1:0.631 | acc@2:0.557 | acc@3:0.506 | Best krc: 0.747 | Best epoch: 5
[2023-12-18 11:20:13] INFO (nni/MainThread) Intermediate result: 0.7275556469959618  (Index 12)
-----------------ETPA RESULT-------------------
Epoch 6: Validation	rmse: 19.8	mae: 14.92	mape: 104.54%	acc@10: 45.29%	acc@20: 75.03%	acc@30: 86.83%	
[2023-12-18 11:20:13] INFO (nni/MainThread) Intermediate result: 19.79817130012039  (Index 13)
*** Epoch: 7 ***
-----------------G2R RESULT-------------------

val result: krc:0.744 | lsd:0.788 | ed:1.063 | hr@1:0.632 | hr@2:0.845 | hr@3:0.895 | acc@1:0.632 | acc@2:0.57 | acc@3:0.529 | Best krc: 0.747 | Best epoch: 5
[2023-12-18 11:20:39] INFO (nni/MainThread) Intermediate result: 0.743768589828931  (Index 14)
-----------------ETPA RESULT-------------------
Epoch 7: Validation	rmse: 19.52	mae: 14.72	mape: 103.76%	acc@10: 45.56%	acc@20: 75.46%	acc@30: 87.13%	
[2023-12-18 11:20:39] INFO (nni/MainThread) Intermediate result: 19.51997410608095  (Index 15)
*** Epoch: 8 ***
-----------------G2R RESULT-------------------

val result: krc:0.74 | lsd:0.765 | ed:1.077 | hr@1:0.627 | hr@2:0.84 | hr@3:0.896 | acc@1:0.627 | acc@2:0.557 | acc@3:0.513 | Best krc: 0.747 | Best epoch: 5
[2023-12-18 11:21:06] INFO (nni/MainThread) Intermediate result: 0.7395781995781996  (Index 16)
-----------------ETPA RESULT-------------------
Epoch 8: Validation	rmse: 19.37	mae: 14.7	mape: 104.74%	acc@10: 44.73%	acc@20: 75.35%	acc@30: 87.45%	
[2023-12-18 11:21:06] INFO (nni/MainThread) Intermediate result: 19.368136079740527  (Index 17)
*** Epoch: 9 ***
-----------------G2R RESULT-------------------

val result: krc:0.759 | lsd:0.707 | ed:1.037 | hr@1:0.633 | hr@2:0.855 | hr@3:0.903 | acc@1:0.633 | acc@2:0.568 | acc@3:0.528 | Best krc: 0.747 | Best epoch: 5
best model saved
[2023-12-18 11:21:34] INFO (nni/MainThread) Intermediate result: 0.7588322849800768  (Index 18)
-----------------ETPA RESULT-------------------
Epoch 9: Validation	rmse: 19.01	mae: 14.46	mape: 103.14%	acc@10: 45.67%	acc@20: 75.81%	acc@30: 87.96%	
[2023-12-18 11:21:34] INFO (nni/MainThread) Intermediate result: 19.01366098359497  (Index 19)
*** Epoch: 10 ***
-----------------G2R RESULT-------------------

val result: krc:0.761 | lsd:0.703 | ed:1.016 | hr@1:0.648 | hr@2:0.857 | hr@3:0.902 | acc@1:0.648 | acc@2:0.581 | acc@3:0.539 | Best krc: 0.759 | Best epoch: 9
best model saved
[2023-12-18 11:22:02] INFO (nni/MainThread) Intermediate result: 0.761139442591126  (Index 20)
-----------------ETPA RESULT-------------------
Epoch 10: Validation	rmse: 18.71	mae: 14.28	mape: 102.18%	acc@10: 46.06%	acc@20: 76.06%	acc@30: 88.48%	
[2023-12-18 11:22:02] INFO (nni/MainThread) Intermediate result: 18.705065015395927  (Index 21)
*** Epoch: 11 ***
-----------------G2R RESULT-------------------

val result: krc:0.762 | lsd:0.72 | ed:1.022 | hr@1:0.639 | hr@2:0.853 | hr@3:0.906 | acc@1:0.639 | acc@2:0.575 | acc@3:0.538 | Best krc: 0.761 | Best epoch: 10
best model saved
[2023-12-18 11:22:30] INFO (nni/MainThread) Intermediate result: 0.7620442509117629  (Index 22)
-----------------ETPA RESULT-------------------
Epoch 11: Validation	rmse: 18.46	mae: 14.08	mape: 101.08%	acc@10: 46.79%	acc@20: 76.51%	acc@30: 88.64%	
[2023-12-18 11:22:30] INFO (nni/MainThread) Intermediate result: 18.455664294318822  (Index 23)
*** Epoch: 12 ***
-----------------G2R RESULT-------------------

val result: krc:0.765 | lsd:0.682 | ed:0.996 | hr@1:0.646 | hr@2:0.859 | hr@3:0.908 | acc@1:0.646 | acc@2:0.579 | acc@3:0.537 | Best krc: 0.762 | Best epoch: 11
best model saved
[2023-12-18 11:22:58] INFO (nni/MainThread) Intermediate result: 0.7651964871029147  (Index 24)
-----------------ETPA RESULT-------------------
Epoch 12: Validation	rmse: 18.3	mae: 14.03	mape: 100.93%	acc@10: 46.38%	acc@20: 76.5%	acc@30: 89.15%	
[2023-12-18 11:22:58] INFO (nni/MainThread) Intermediate result: 18.29919323273574  (Index 25)
*** Epoch: 13 ***
-----------------G2R RESULT-------------------

val result: krc:0.771 | lsd:0.677 | ed:0.973 | hr@1:0.655 | hr@2:0.862 | hr@3:0.909 | acc@1:0.655 | acc@2:0.589 | acc@3:0.551 | Best krc: 0.765 | Best epoch: 12
best model saved
[2023-12-18 11:23:25] INFO (nni/MainThread) Intermediate result: 0.7713931698190553  (Index 26)
-----------------ETPA RESULT-------------------
Epoch 13: Validation	rmse: 18.03	mae: 13.84	mape: 99.45%	acc@10: 46.93%	acc@20: 77.01%	acc@30: 89.52%	
[2023-12-18 11:23:25] INFO (nni/MainThread) Intermediate result: 18.034789744933555  (Index 27)
*** Epoch: 14 ***
-----------------G2R RESULT-------------------

val result: krc:0.768 | lsd:0.685 | ed:1.004 | hr@1:0.641 | hr@2:0.864 | hr@3:0.909 | acc@1:0.641 | acc@2:0.578 | acc@3:0.539 | Best krc: 0.771 | Best epoch: 13
[2023-12-18 11:23:53] INFO (nni/MainThread) Intermediate result: 0.7680879006983073  (Index 28)
-----------------ETPA RESULT-------------------
Epoch 14: Validation	rmse: 17.91	mae: 13.78	mape: 99.07%	acc@10: 47.04%	acc@20: 77.19%	acc@30: 89.7%	
[2023-12-18 11:23:53] INFO (nni/MainThread) Intermediate result: 17.908575117788434  (Index 29)
*** Epoch: 15 ***
-----------------G2R RESULT-------------------

val result: krc:0.762 | lsd:0.689 | ed:1.014 | hr@1:0.645 | hr@2:0.86 | hr@3:0.907 | acc@1:0.645 | acc@2:0.578 | acc@3:0.535 | Best krc: 0.771 | Best epoch: 13
[2023-12-18 11:24:19] INFO (nni/MainThread) Intermediate result: 0.7615587114144176  (Index 30)
-----------------ETPA RESULT-------------------
Epoch 15: Validation	rmse: 17.98	mae: 13.87	mape: 100.06%	acc@10: 46.41%	acc@20: 76.81%	acc@30: 89.65%	
[2023-12-18 11:24:19] INFO (nni/MainThread) Intermediate result: 17.983061787276405  (Index 31)
*** Epoch: 16 ***
-----------------G2R RESULT-------------------

val result: krc:0.771 | lsd:0.663 | ed:0.985 | hr@1:0.645 | hr@2:0.866 | hr@3:0.913 | acc@1:0.645 | acc@2:0.587 | acc@3:0.551 | Best krc: 0.771 | Best epoch: 13
[2023-12-18 11:24:46] INFO (nni/MainThread) Intermediate result: 0.771233057861829  (Index 32)
-----------------ETPA RESULT-------------------
Epoch 16: Validation	rmse: 17.93	mae: 13.84	mape: 99.92%	acc@10: 46.54%	acc@20: 77.1%	acc@30: 89.56%	
[2023-12-18 11:24:46] INFO (nni/MainThread) Intermediate result: 17.93445949183671  (Index 33)
*** Epoch: 17 ***
-----------------G2R RESULT-------------------

val result: krc:0.729 | lsd:0.821 | ed:1.133 | hr@1:0.613 | hr@2:0.842 | hr@3:0.887 | acc@1:0.613 | acc@2:0.542 | acc@3:0.487 | Best krc: 0.771 | Best epoch: 13
[2023-12-18 11:25:13] INFO (nni/MainThread) Intermediate result: 0.7291253506732299  (Index 34)
-----------------ETPA RESULT-------------------
Epoch 17: Validation	rmse: 17.75	mae: 13.71	mape: 98.91%	acc@10: 46.93%	acc@20: 77.41%	acc@30: 89.84%	
[2023-12-18 11:25:13] INFO (nni/MainThread) Intermediate result: 17.7492843529929  (Index 35)
*** Epoch: 18 ***
-----------------G2R RESULT-------------------

val result: krc:0.775 | lsd:0.664 | ed:0.989 | hr@1:0.645 | hr@2:0.866 | hr@3:0.909 | acc@1:0.645 | acc@2:0.587 | acc@3:0.547 | Best krc: 0.771 | Best epoch: 13
best model saved
[2023-12-18 11:25:40] INFO (nni/MainThread) Intermediate result: 0.7752331702047486  (Index 36)
-----------------ETPA RESULT-------------------
Epoch 18: Validation	rmse: 17.65	mae: 13.65	mape: 98.53%	acc@10: 47.04%	acc@20: 77.62%	acc@30: 90.0%	
[2023-12-18 11:25:40] INFO (nni/MainThread) Intermediate result: 17.646775318332267  (Index 37)
*** Epoch: 19 ***
-----------------G2R RESULT-------------------

val result: krc:0.745 | lsd:0.749 | ed:1.085 | hr@1:0.629 | hr@2:0.854 | hr@3:0.9 | acc@1:0.629 | acc@2:0.559 | acc@3:0.512 | Best krc: 0.775 | Best epoch: 18
[2023-12-18 11:26:07] INFO (nni/MainThread) Intermediate result: 0.7453521982074672  (Index 38)
-----------------ETPA RESULT-------------------
Epoch 19: Validation	rmse: 17.5	mae: 13.55	mape: 97.74%	acc@10: 47.28%	acc@20: 77.85%	acc@30: 90.2%	
[2023-12-18 11:26:07] INFO (nni/MainThread) Intermediate result: 17.498659000625043  (Index 39)
*** Epoch: 20 ***
-----------------G2R RESULT-------------------

val result: krc:0.764 | lsd:0.665 | ed:1.014 | hr@1:0.651 | hr@2:0.863 | hr@3:0.908 | acc@1:0.651 | acc@2:0.582 | acc@3:0.538 | Best krc: 0.775 | Best epoch: 18
[2023-12-18 11:26:33] INFO (nni/MainThread) Intermediate result: 0.7639664605908594  (Index 40)
-----------------ETPA RESULT-------------------
Epoch 20: Validation	rmse: 17.45	mae: 13.51	mape: 97.3%	acc@10: 47.48%	acc@20: 78.06%	acc@30: 90.21%	
[2023-12-18 11:26:33] INFO (nni/MainThread) Intermediate result: 17.45021627337834  (Index 41)
*** Epoch: 21 ***
-----------------G2R RESULT-------------------

val result: krc:0.769 | lsd:0.679 | ed:1.005 | hr@1:0.641 | hr@2:0.865 | hr@3:0.91 | acc@1:0.641 | acc@2:0.578 | acc@3:0.538 | Best krc: 0.775 | Best epoch: 18
[2023-12-18 11:27:00] INFO (nni/MainThread) Intermediate result: 0.7688792446116451  (Index 42)
-----------------ETPA RESULT-------------------
Epoch 21: Validation	rmse: 17.34	mae: 13.45	mape: 96.85%	acc@10: 47.58%	acc@20: 78.2%	acc@30: 90.45%	
[2023-12-18 11:27:00] INFO (nni/MainThread) Intermediate result: 17.339623262933518  (Index 43)
*** Epoch: 22 ***
-----------------G2R RESULT-------------------

val result: krc:0.776 | lsd:0.641 | ed:0.972 | hr@1:0.645 | hr@2:0.869 | hr@3:0.913 | acc@1:0.645 | acc@2:0.585 | acc@3:0.552 | Best krc: 0.775 | Best epoch: 18
best model saved
[2023-12-18 11:27:28] INFO (nni/MainThread) Intermediate result: 0.7761149511390002  (Index 44)
-----------------ETPA RESULT-------------------
Epoch 22: Validation	rmse: 17.21	mae: 13.37	mape: 96.18%	acc@10: 47.73%	acc@20: 78.52%	acc@30: 90.71%	
[2023-12-18 11:27:28] INFO (nni/MainThread) Intermediate result: 17.208351661585795  (Index 45)
*** Epoch: 23 ***
-----------------G2R RESULT-------------------

val result: krc:0.772 | lsd:0.654 | ed:0.994 | hr@1:0.654 | hr@2:0.866 | hr@3:0.908 | acc@1:0.654 | acc@2:0.593 | acc@3:0.546 | Best krc: 0.776 | Best epoch: 22
[2023-12-18 11:27:54] INFO (nni/MainThread) Intermediate result: 0.7719231591903214  (Index 46)
-----------------ETPA RESULT-------------------
Epoch 23: Validation	rmse: 17.18	mae: 13.35	mape: 96.03%	acc@10: 47.73%	acc@20: 78.66%	acc@30: 90.66%	
[2023-12-18 11:27:54] INFO (nni/MainThread) Intermediate result: 17.181686999938538  (Index 47)
*** Epoch: 24 ***
-----------------G2R RESULT-------------------

val result: krc:0.782 | lsd:0.647 | ed:0.959 | hr@1:0.648 | hr@2:0.871 | hr@3:0.916 | acc@1:0.648 | acc@2:0.593 | acc@3:0.557 | Best krc: 0.776 | Best epoch: 22
best model saved
[2023-12-18 11:28:22] INFO (nni/MainThread) Intermediate result: 0.7823667753969459  (Index 48)
-----------------ETPA RESULT-------------------
Epoch 24: Validation	rmse: 17.18	mae: 13.37	mape: 96.28%	acc@10: 47.44%	acc@20: 78.55%	acc@30: 90.67%	
[2023-12-18 11:28:22] INFO (nni/MainThread) Intermediate result: 17.181752560747544  (Index 49)
*** Epoch: 25 ***
-----------------G2R RESULT-------------------

val result: krc:0.76 | lsd:0.701 | ed:1.038 | hr@1:0.639 | hr@2:0.862 | hr@3:0.909 | acc@1:0.639 | acc@2:0.574 | acc@3:0.53 | Best krc: 0.782 | Best epoch: 24
[2023-12-18 11:28:49] INFO (nni/MainThread) Intermediate result: 0.759882987989678  (Index 50)
-----------------ETPA RESULT-------------------
Epoch 25: Validation	rmse: 17.09	mae: 13.3	mape: 95.51%	acc@10: 47.62%	acc@20: 78.69%	acc@30: 90.81%	
[2023-12-18 11:28:49] INFO (nni/MainThread) Intermediate result: 17.08583383483175  (Index 51)
*** Epoch: 26 ***
-----------------G2R RESULT-------------------

val result: krc:0.764 | lsd:0.691 | ed:1.009 | hr@1:0.64 | hr@2:0.861 | hr@3:0.911 | acc@1:0.64 | acc@2:0.571 | acc@3:0.538 | Best krc: 0.782 | Best epoch: 24
[2023-12-18 11:29:16] INFO (nni/MainThread) Intermediate result: 0.7637969347370308  (Index 52)
-----------------ETPA RESULT-------------------
Epoch 26: Validation	rmse: 17.04	mae: 13.29	mape: 95.4%	acc@10: 47.5%	acc@20: 78.77%	acc@30: 90.89%	
[2023-12-18 11:29:16] INFO (nni/MainThread) Intermediate result: 17.04053535224256  (Index 53)
*** Epoch: 27 ***
-----------------G2R RESULT-------------------

val result: krc:0.775 | lsd:0.652 | ed:0.976 | hr@1:0.653 | hr@2:0.863 | hr@3:0.911 | acc@1:0.653 | acc@2:0.588 | acc@3:0.553 | Best krc: 0.782 | Best epoch: 24
[2023-12-18 11:29:43] INFO (nni/MainThread) Intermediate result: 0.7752561118455303  (Index 54)
-----------------ETPA RESULT-------------------
Epoch 27: Validation	rmse: 16.99	mae: 13.27	mape: 95.17%	acc@10: 47.41%	acc@20: 78.78%	acc@30: 90.99%	
[2023-12-18 11:29:43] INFO (nni/MainThread) Intermediate result: 16.991776856207284  (Index 55)
*** Epoch: 28 ***
-----------------G2R RESULT-------------------

val result: krc:0.775 | lsd:0.686 | ed:0.988 | hr@1:0.647 | hr@2:0.862 | hr@3:0.912 | acc@1:0.647 | acc@2:0.581 | acc@3:0.549 | Best krc: 0.782 | Best epoch: 24
[2023-12-18 11:30:10] INFO (nni/MainThread) Intermediate result: 0.7749461010414225  (Index 56)
-----------------ETPA RESULT-------------------
Epoch 28: Validation	rmse: 16.89	mae: 13.2	mape: 94.48%	acc@10: 47.64%	acc@20: 78.99%	acc@30: 91.15%	
[2023-12-18 11:30:10] INFO (nni/MainThread) Intermediate result: 16.892484646046377  (Index 57)
*** Epoch: 29 ***
-----------------G2R RESULT-------------------

val result: krc:0.774 | lsd:0.658 | ed:0.983 | hr@1:0.654 | hr@2:0.864 | hr@3:0.911 | acc@1:0.654 | acc@2:0.588 | acc@3:0.554 | Best krc: 0.782 | Best epoch: 24
[2023-12-18 11:30:37] INFO (nni/MainThread) Intermediate result: 0.774488478371294  (Index 58)
-----------------ETPA RESULT-------------------
Epoch 29: Validation	rmse: 16.8	mae: 13.12	mape: 93.59%	acc@10: 47.94%	acc@20: 79.07%	acc@30: 91.3%	
[2023-12-18 11:30:37] INFO (nni/MainThread) Intermediate result: 16.799468190868826  (Index 59)
*** Epoch: 30 ***
-----------------G2R RESULT-------------------

val result: krc:0.772 | lsd:0.687 | ed:0.994 | hr@1:0.652 | hr@2:0.862 | hr@3:0.912 | acc@1:0.652 | acc@2:0.587 | acc@3:0.549 | Best krc: 0.782 | Best epoch: 24
[2023-12-18 11:31:03] INFO (nni/MainThread) Intermediate result: 0.7720582809957536  (Index 60)
-----------------ETPA RESULT-------------------
Epoch 30: Validation	rmse: 16.69	mae: 13.04	mape: 92.63%	acc@10: 48.16%	acc@20: 79.37%	acc@30: 91.45%	
[2023-12-18 11:31:03] INFO (nni/MainThread) Intermediate result: 16.693552041181384  (Index 61)
*** Epoch: 31 ***
-----------------G2R RESULT-------------------

val result: krc:0.756 | lsd:0.733 | ed:1.059 | hr@1:0.652 | hr@2:0.854 | hr@3:0.901 | acc@1:0.652 | acc@2:0.576 | acc@3:0.527 | Best krc: 0.782 | Best epoch: 24
[2023-12-18 11:31:30] INFO (nni/MainThread) Intermediate result: 0.7559479843869874  (Index 62)
-----------------ETPA RESULT-------------------
Epoch 31: Validation	rmse: 16.64	mae: 13.0	mape: 92.05%	acc@10: 48.28%	acc@20: 79.42%	acc@30: 91.53%	
[2023-12-18 11:31:30] INFO (nni/MainThread) Intermediate result: 16.642710919482187  (Index 63)
*** Epoch: 32 ***
-----------------G2R RESULT-------------------

val result: krc:0.747 | lsd:0.758 | ed:1.072 | hr@1:0.647 | hr@2:0.856 | hr@3:0.9 | acc@1:0.647 | acc@2:0.575 | acc@3:0.523 | Best krc: 0.782 | Best epoch: 24
[2023-12-18 11:31:57] INFO (nni/MainThread) Intermediate result: 0.7468854985077109  (Index 64)
-----------------ETPA RESULT-------------------
Epoch 32: Validation	rmse: 16.56	mae: 12.93	mape: 91.36%	acc@10: 48.47%	acc@20: 79.55%	acc@30: 91.65%	
[2023-12-18 11:31:57] INFO (nni/MainThread) Intermediate result: 16.55768615304249  (Index 65)
*** Epoch: 33 ***
-----------------G2R RESULT-------------------

val result: krc:0.772 | lsd:0.676 | ed:0.99 | hr@1:0.666 | hr@2:0.862 | hr@3:0.911 | acc@1:0.666 | acc@2:0.589 | acc@3:0.554 | Best krc: 0.782 | Best epoch: 24
[2023-12-18 11:32:24] INFO (nni/MainThread) Intermediate result: 0.772162042883512  (Index 66)
-----------------ETPA RESULT-------------------
Epoch 33: Validation	rmse: 16.5	mae: 12.89	mape: 91.04%	acc@10: 48.52%	acc@20: 79.67%	acc@30: 91.75%	
[2023-12-18 11:32:24] INFO (nni/MainThread) Intermediate result: 16.50299363903582  (Index 67)
*** Epoch: 34 ***
-----------------G2R RESULT-------------------

val result: krc:0.777 | lsd:0.673 | ed:0.973 | hr@1:0.663 | hr@2:0.865 | hr@3:0.913 | acc@1:0.663 | acc@2:0.596 | acc@3:0.558 | Best krc: 0.782 | Best epoch: 24
[2023-12-18 11:32:51] INFO (nni/MainThread) Intermediate result: 0.776720443882665  (Index 68)
-----------------ETPA RESULT-------------------
Epoch 34: Validation	rmse: 16.46	mae: 12.88	mape: 90.89%	acc@10: 48.48%	acc@20: 79.75%	acc@30: 91.87%	
[2023-12-18 11:32:51] INFO (nni/MainThread) Intermediate result: 16.46052898016182  (Index 69)
loaded model path: /home/sentanoe/joint_training/data/dataset/food_pd/sort_model/hidden_size-8.gcnru-pd_1702894621.63279751702894621.6328125
best model loaded !!!
krc:0.777 | lsd:0.488 | ed:0.96 | hr@1:0.667 | hr@2:0.902 | hr@3:0.937 | acc@1:0.667 | acc@2:0.613 | acc@3:0.567 |

-------------------------------------------------------------
Best epoch for G2R:  24
Best epoch for ETPA:  34
graph2route_pd Evaluation in test: krc:0.777 | lsd:0.488 | ed:0.96 | hr@1:0.667 | hr@2:0.902 | hr@3:0.937 | acc@1:0.667 | acc@2:0.613 | acc@3:0.567 |
RankPETA Evaluation in test: rmse: 14.72	mae: 11.61	mape: 98.87%	acc@10: 48.52%	acc@20: 83.54%	acc@30: 96.62%	
