Device:  cuda
{'alpha_loss': 0.5,
 'batch_size': 64,
 'dataset': 'food_pd',
 'datatype': 'order',
 'device': device(type='cuda'),
 'early_stop': 20,
 'edge_fea_dim': 5,
 'embedding_dim': 32,
 'eval_end_1': 11,
 'eval_end_2': 25,
 'eval_start': 1,
 'gcn_num_layers': 2,
 'hidden_size': 8,
 'is_eval': False,
 'is_test': False,
 'k_min_nodes': 3,
 'k_nearest_neighbors': 'n-1',
 'lr': 0.001,
 'max_task_num': 25,
 'min_task_num': 0,
 'modelArrivalTime': 'RankPETA',
 'modelRoute': 'graph2route_pd',
 'no_cuda': False,
 'node_fea_dim': 8,
 'node_features_test': '/home/sentanoe/joint_training/data/dataset/food_pd/node_features_test_full.npy',
 'node_features_train': '/home/sentanoe/joint_training/data/dataset/food_pd/node_features_train_full.npy',
 'node_features_val': '/home/sentanoe/joint_training/data/dataset/food_pd/node_features_val_full.npy',
 'num_block': 4,
 'num_epoch': 1000,
 'num_head': 2,
 'num_worker_logistics': 2346,
 'num_worker_pd': 920,
 'pad_value': 26,
 'seed': 1000,
 'sort_mode': 'pnn_idx',
 'spatial_encoder': 'gatv2',
 'temporal_encoder': 'tft',
 'test_path': '/home/sentanoe/joint_training/data/dataset/food_pd/test_full.npy',
 'train_mode': 'sort',
 'train_path': '/home/sentanoe/joint_training/data/dataset/food_pd/train_full.npy',
 'val_path': '/home/sentanoe/joint_training/data/dataset/food_pd/val_full.npy',
 'wd': 1e-05,
 'worker_emb_dim': 10,
 'workers': 2}
last_x_size:13;unpick_x_size:12;input_size:53
#train:2521 | #val:1257 | #test:1261
*** Epoch: 0 ***
-----------------G2R RESULT-------------------

val result: krc:0.765 | lsd:0.697 | ed:1.021 | hr@1:0.636 | hr@2:0.852 | hr@3:0.901 | acc@1:0.636 | acc@2:0.567 | acc@3:0.533 | Best krc: -1 | Best epoch: -1
best model saved
[2023-12-01 06:23:22] INFO (nni/MainThread) Intermediate result: 0.7648083837327387  (Index 0)
-----------------ETPA RESULT-------------------
Epoch 0: Validation	rmse: 28.84	mae: 20.12	mape: 122.58%	acc@10: 37.41%	acc@20: 65.19%	acc@30: 78.89%	
[2023-12-01 06:23:22] INFO (nni/MainThread) Intermediate result: 28.839730260595474  (Index 1)
*** Epoch: 1 ***
-----------------G2R RESULT-------------------

val result: krc:0.749 | lsd:0.755 | ed:1.063 | hr@1:0.625 | hr@2:0.854 | hr@3:0.898 | acc@1:0.625 | acc@2:0.562 | acc@3:0.521 | Best krc: 0.765 | Best epoch: 0
[2023-12-01 06:25:06] INFO (nni/MainThread) Intermediate result: 0.7485897512744911  (Index 2)
-----------------ETPA RESULT-------------------
Epoch 1: Validation	rmse: 30.1	mae: 20.4	mape: 133.65%	acc@10: 40.19%	acc@20: 67.04%	acc@30: 79.26%	
[2023-12-01 06:25:06] INFO (nni/MainThread) Intermediate result: 30.095039941019294  (Index 3)
*** Epoch: 2 ***
-----------------G2R RESULT-------------------

val result: krc:0.748 | lsd:0.742 | ed:1.062 | hr@1:0.628 | hr@2:0.85 | hr@3:0.897 | acc@1:0.628 | acc@2:0.567 | acc@3:0.523 | Best krc: 0.765 | Best epoch: 0
[2023-12-01 06:26:51] INFO (nni/MainThread) Intermediate result: 0.7482210189687233  (Index 4)
-----------------ETPA RESULT-------------------
Epoch 2: Validation	rmse: 27.98	mae: 19.42	mape: 133.13%	acc@10: 41.23%	acc@20: 66.91%	acc@30: 80.37%	
[2023-12-01 06:26:51] INFO (nni/MainThread) Intermediate result: 27.975634304157413  (Index 5)
*** Epoch: 3 ***
-----------------G2R RESULT-------------------

val result: krc:0.761 | lsd:0.706 | ed:1.024 | hr@1:0.641 | hr@2:0.855 | hr@3:0.908 | acc@1:0.641 | acc@2:0.574 | acc@3:0.537 | Best krc: 0.765 | Best epoch: 0
[2023-12-01 06:28:33] INFO (nni/MainThread) Intermediate result: 0.761046418317953  (Index 6)
-----------------ETPA RESULT-------------------
Epoch 3: Validation	rmse: 26.85	mae: 19.0	mape: 133.83%	acc@10: 40.56%	acc@20: 67.13%	acc@30: 81.3%	
[2023-12-01 06:28:33] INFO (nni/MainThread) Intermediate result: 26.846908396783753  (Index 7)
*** Epoch: 4 ***
-----------------G2R RESULT-------------------

val result: krc:0.749 | lsd:0.737 | ed:1.069 | hr@1:0.634 | hr@2:0.854 | hr@3:0.901 | acc@1:0.634 | acc@2:0.571 | acc@3:0.525 | Best krc: 0.765 | Best epoch: 0
[2023-12-01 06:30:16] INFO (nni/MainThread) Intermediate result: 0.7487444651414918  (Index 8)
-----------------ETPA RESULT-------------------
Epoch 4: Validation	rmse: 26.34	mae: 18.84	mape: 134.86%	acc@10: 40.0%	acc@20: 66.89%	acc@30: 81.7%	
[2023-12-01 06:30:16] INFO (nni/MainThread) Intermediate result: 26.33614678539319  (Index 9)
*** Epoch: 5 ***
-----------------G2R RESULT-------------------

val result: krc:0.769 | lsd:0.679 | ed:1.003 | hr@1:0.637 | hr@2:0.86 | hr@3:0.907 | acc@1:0.637 | acc@2:0.582 | acc@3:0.544 | Best krc: 0.765 | Best epoch: 0
best model saved
[2023-12-01 06:32:00] INFO (nni/MainThread) Intermediate result: 0.7689124919033096  (Index 10)
-----------------ETPA RESULT-------------------
Epoch 5: Validation	rmse: 25.46	mae: 18.43	mape: 133.14%	acc@10: 39.94%	acc@20: 67.78%	acc@30: 82.59%	
[2023-12-01 06:32:00] INFO (nni/MainThread) Intermediate result: 25.457320599138175  (Index 11)
*** Epoch: 6 ***
-----------------G2R RESULT-------------------

val result: krc:0.773 | lsd:0.673 | ed:0.991 | hr@1:0.64 | hr@2:0.859 | hr@3:0.909 | acc@1:0.64 | acc@2:0.583 | acc@3:0.547 | Best krc: 0.769 | Best epoch: 5
best model saved
[2023-12-01 06:33:43] INFO (nni/MainThread) Intermediate result: 0.7734354851451485  (Index 12)
-----------------ETPA RESULT-------------------
Epoch 6: Validation	rmse: 24.89	mae: 18.13	mape: 131.95%	acc@10: 40.11%	acc@20: 68.04%	acc@30: 82.86%	
[2023-12-01 06:33:43] INFO (nni/MainThread) Intermediate result: 24.88584231090428  (Index 13)
*** Epoch: 7 ***
-----------------G2R RESULT-------------------

val result: krc:0.781 | lsd:0.652 | ed:0.963 | hr@1:0.646 | hr@2:0.864 | hr@3:0.912 | acc@1:0.646 | acc@2:0.59 | acc@3:0.557 | Best krc: 0.773 | Best epoch: 6
best model saved
[2023-12-01 06:35:26] INFO (nni/MainThread) Intermediate result: 0.780507326322805  (Index 14)
-----------------ETPA RESULT-------------------
Epoch 7: Validation	rmse: 24.32	mae: 17.96	mape: 131.56%	acc@10: 39.07%	acc@20: 67.78%	acc@30: 83.24%	
[2023-12-01 06:35:26] INFO (nni/MainThread) Intermediate result: 24.3230060678374  (Index 15)
*** Epoch: 8 ***
-----------------G2R RESULT-------------------

val result: krc:0.768 | lsd:0.672 | ed:0.989 | hr@1:0.639 | hr@2:0.855 | hr@3:0.906 | acc@1:0.639 | acc@2:0.576 | acc@3:0.538 | Best krc: 0.781 | Best epoch: 7
[2023-12-01 06:37:07] INFO (nni/MainThread) Intermediate result: 0.7679970249187563  (Index 16)
-----------------ETPA RESULT-------------------
Epoch 8: Validation	rmse: 24.0	mae: 17.85	mape: 131.27%	acc@10: 38.27%	acc@20: 67.7%	acc@30: 83.54%	
[2023-12-01 06:37:07] INFO (nni/MainThread) Intermediate result: 24.003761141111394  (Index 17)
*** Epoch: 9 ***
-----------------G2R RESULT-------------------

val result: krc:0.784 | lsd:0.641 | ed:0.948 | hr@1:0.658 | hr@2:0.862 | hr@3:0.914 | acc@1:0.658 | acc@2:0.598 | acc@3:0.565 | Best krc: 0.781 | Best epoch: 7
best model saved
[2023-12-01 06:38:51] INFO (nni/MainThread) Intermediate result: 0.7841741205886374  (Index 18)
-----------------ETPA RESULT-------------------
Epoch 9: Validation	rmse: 23.69	mae: 17.76	mape: 130.89%	acc@10: 37.74%	acc@20: 67.67%	acc@30: 83.67%	
[2023-12-01 06:38:51] INFO (nni/MainThread) Intermediate result: 23.693912076508717  (Index 19)
*** Epoch: 10 ***
-----------------G2R RESULT-------------------

val result: krc:0.78 | lsd:0.656 | ed:0.963 | hr@1:0.652 | hr@2:0.862 | hr@3:0.907 | acc@1:0.652 | acc@2:0.599 | acc@3:0.556 | Best krc: 0.784 | Best epoch: 9
[2023-12-01 06:40:32] INFO (nni/MainThread) Intermediate result: 0.7798897250055974  (Index 20)
-----------------ETPA RESULT-------------------
Epoch 10: Validation	rmse: 23.1	mae: 17.4	mape: 128.35%	acc@10: 38.15%	acc@20: 68.52%	acc@30: 84.31%	
[2023-12-01 06:40:32] INFO (nni/MainThread) Intermediate result: 23.095635258720826  (Index 21)
*** Epoch: 11 ***
-----------------G2R RESULT-------------------

val result: krc:0.753 | lsd:0.719 | ed:1.058 | hr@1:0.633 | hr@2:0.856 | hr@3:0.905 | acc@1:0.633 | acc@2:0.568 | acc@3:0.527 | Best krc: 0.784 | Best epoch: 9
[2023-12-01 06:42:14] INFO (nni/MainThread) Intermediate result: 0.7525328573513969  (Index 22)
-----------------ETPA RESULT-------------------
Epoch 11: Validation	rmse: 22.86	mae: 17.32	mape: 128.06%	acc@10: 37.93%	acc@20: 68.49%	acc@30: 84.32%	
[2023-12-01 06:42:14] INFO (nni/MainThread) Intermediate result: 22.856705911735048  (Index 23)
*** Epoch: 12 ***
-----------------G2R RESULT-------------------

val result: krc:0.771 | lsd:0.695 | ed:0.991 | hr@1:0.649 | hr@2:0.861 | hr@3:0.911 | acc@1:0.649 | acc@2:0.589 | acc@3:0.548 | Best krc: 0.784 | Best epoch: 9
[2023-12-01 06:43:58] INFO (nni/MainThread) Intermediate result: 0.771428529041122  (Index 24)
-----------------ETPA RESULT-------------------
Epoch 12: Validation	rmse: 22.52	mae: 17.17	mape: 127.43%	acc@10: 37.66%	acc@20: 68.63%	acc@30: 84.79%	
[2023-12-01 06:43:58] INFO (nni/MainThread) Intermediate result: 22.51960077927083  (Index 25)
*** Epoch: 13 ***
-----------------G2R RESULT-------------------

val result: krc:0.794 | lsd:0.615 | ed:0.937 | hr@1:0.683 | hr@2:0.869 | hr@3:0.919 | acc@1:0.683 | acc@2:0.617 | acc@3:0.58 | Best krc: 0.784 | Best epoch: 9
best model saved
[2023-12-01 06:45:43] INFO (nni/MainThread) Intermediate result: 0.7943460672188261  (Index 26)
-----------------ETPA RESULT-------------------
Epoch 13: Validation	rmse: 22.11	mae: 16.9	mape: 125.55%	acc@10: 38.28%	acc@20: 69.23%	acc@30: 85.26%	
[2023-12-01 06:45:43] INFO (nni/MainThread) Intermediate result: 22.111014507885233  (Index 27)
*** Epoch: 14 ***
-----------------G2R RESULT-------------------

val result: krc:0.79 | lsd:0.637 | ed:0.952 | hr@1:0.68 | hr@2:0.863 | hr@3:0.913 | acc@1:0.68 | acc@2:0.607 | acc@3:0.569 | Best krc: 0.794 | Best epoch: 13
[2023-12-01 06:47:27] INFO (nni/MainThread) Intermediate result: 0.789569086761916  (Index 28)
-----------------ETPA RESULT-------------------
Epoch 14: Validation	rmse: 21.89	mae: 16.84	mape: 125.36%	acc@10: 37.93%	acc@20: 69.09%	acc@30: 85.58%	
[2023-12-01 06:47:27] INFO (nni/MainThread) Intermediate result: 21.8870570579721  (Index 29)
*** Epoch: 15 ***
-----------------G2R RESULT-------------------

val result: krc:0.794 | lsd:0.628 | ed:0.941 | hr@1:0.68 | hr@2:0.864 | hr@3:0.915 | acc@1:0.68 | acc@2:0.612 | acc@3:0.57 | Best krc: 0.794 | Best epoch: 13
[2023-12-01 06:49:10] INFO (nni/MainThread) Intermediate result: 0.793546446751519  (Index 30)
-----------------ETPA RESULT-------------------
Epoch 15: Validation	rmse: 21.53	mae: 16.62	mape: 123.91%	acc@10: 38.06%	acc@20: 69.51%	acc@30: 86.13%	
[2023-12-01 06:49:10] INFO (nni/MainThread) Intermediate result: 21.53210972641327  (Index 31)
*** Epoch: 16 ***
-----------------G2R RESULT-------------------

val result: krc:0.788 | lsd:0.652 | ed:0.944 | hr@1:0.667 | hr@2:0.868 | hr@3:0.915 | acc@1:0.667 | acc@2:0.607 | acc@3:0.572 | Best krc: 0.794 | Best epoch: 13
[2023-12-01 06:50:53] INFO (nni/MainThread) Intermediate result: 0.7881260756118649  (Index 32)
-----------------ETPA RESULT-------------------
Epoch 16: Validation	rmse: 21.32	mae: 16.46	mape: 122.75%	acc@10: 38.56%	acc@20: 70.0%	acc@30: 86.32%	
[2023-12-01 06:50:53] INFO (nni/MainThread) Intermediate result: 21.31539107433649  (Index 33)
*** Epoch: 17 ***
-----------------G2R RESULT-------------------

val result: krc:0.787 | lsd:0.646 | ed:0.934 | hr@1:0.676 | hr@2:0.865 | hr@3:0.914 | acc@1:0.676 | acc@2:0.61 | acc@3:0.575 | Best krc: 0.794 | Best epoch: 13
[2023-12-01 06:52:38] INFO (nni/MainThread) Intermediate result: 0.7872999141298221  (Index 34)
-----------------ETPA RESULT-------------------
Epoch 17: Validation	rmse: 21.11	mae: 16.32	mape: 121.77%	acc@10: 38.62%	acc@20: 70.45%	acc@30: 86.52%	
[2023-12-01 06:52:38] INFO (nni/MainThread) Intermediate result: 21.10905324967238  (Index 35)
*** Epoch: 18 ***
-----------------G2R RESULT-------------------

val result: krc:0.784 | lsd:0.684 | ed:0.966 | hr@1:0.696 | hr@2:0.853 | hr@3:0.911 | acc@1:0.696 | acc@2:0.612 | acc@3:0.577 | Best krc: 0.794 | Best epoch: 13
[2023-12-01 06:54:23] INFO (nni/MainThread) Intermediate result: 0.7843720563877974  (Index 36)
-----------------ETPA RESULT-------------------
Epoch 18: Validation	rmse: 21.1	mae: 16.36	mape: 122.19%	acc@10: 38.36%	acc@20: 70.31%	acc@30: 86.53%	
[2023-12-01 06:54:23] INFO (nni/MainThread) Intermediate result: 21.100954004862587  (Index 37)
*** Epoch: 19 ***
-----------------G2R RESULT-------------------

val result: krc:0.798 | lsd:0.653 | ed:0.926 | hr@1:0.708 | hr@2:0.868 | hr@3:0.916 | acc@1:0.708 | acc@2:0.631 | acc@3:0.594 | Best krc: 0.794 | Best epoch: 13
best model saved
[2023-12-01 06:56:07] INFO (nni/MainThread) Intermediate result: 0.798450559788557  (Index 38)
-----------------ETPA RESULT-------------------
Epoch 19: Validation	rmse: 20.96	mae: 16.28	mape: 121.62%	acc@10: 38.54%	acc@20: 70.43%	acc@30: 86.59%	
[2023-12-01 06:56:07] INFO (nni/MainThread) Intermediate result: 20.959753518182165  (Index 39)
*** Epoch: 20 ***
-----------------G2R RESULT-------------------

val result: krc:0.793 | lsd:0.696 | ed:0.947 | hr@1:0.704 | hr@2:0.862 | hr@3:0.911 | acc@1:0.704 | acc@2:0.627 | acc@3:0.586 | Best krc: 0.798 | Best epoch: 19
[2023-12-01 06:57:51] INFO (nni/MainThread) Intermediate result: 0.7927095777467442  (Index 40)
-----------------ETPA RESULT-------------------
Epoch 20: Validation	rmse: 20.77	mae: 16.17	mape: 120.93%	acc@10: 38.54%	acc@20: 70.72%	acc@30: 86.83%	
[2023-12-01 06:57:51] INFO (nni/MainThread) Intermediate result: 20.767290733581838  (Index 41)
*** Epoch: 21 ***
-----------------G2R RESULT-------------------

val result: krc:0.799 | lsd:0.652 | ed:0.917 | hr@1:0.699 | hr@2:0.868 | hr@3:0.916 | acc@1:0.699 | acc@2:0.629 | acc@3:0.596 | Best krc: 0.798 | Best epoch: 19
best model saved
[2023-12-01 06:59:36] INFO (nni/MainThread) Intermediate result: 0.7986309533314342  (Index 42)
-----------------ETPA RESULT-------------------
Epoch 21: Validation	rmse: 20.7	mae: 16.17	mape: 121.03%	acc@10: 38.23%	acc@20: 70.69%	acc@30: 86.84%	
[2023-12-01 06:59:36] INFO (nni/MainThread) Intermediate result: 20.702572289044376  (Index 43)
*** Epoch: 22 ***
-----------------G2R RESULT-------------------

val result: krc:0.799 | lsd:0.65 | ed:0.914 | hr@1:0.693 | hr@2:0.872 | hr@3:0.918 | acc@1:0.693 | acc@2:0.629 | acc@3:0.594 | Best krc: 0.799 | Best epoch: 21
best model saved
[2023-12-01 07:01:21] INFO (nni/MainThread) Intermediate result: 0.7988751678126403  (Index 44)
-----------------ETPA RESULT-------------------
Epoch 22: Validation	rmse: 20.61	mae: 16.15	mape: 121.02%	acc@10: 37.97%	acc@20: 70.64%	acc@30: 87.0%	
[2023-12-01 07:01:21] INFO (nni/MainThread) Intermediate result: 20.610034732181628  (Index 45)
*** Epoch: 23 ***
-----------------G2R RESULT-------------------

val result: krc:0.778 | lsd:0.677 | ed:0.972 | hr@1:0.681 | hr@2:0.863 | hr@3:0.911 | acc@1:0.681 | acc@2:0.603 | acc@3:0.563 | Best krc: 0.799 | Best epoch: 22
[2023-12-01 07:03:05] INFO (nni/MainThread) Intermediate result: 0.7776549933086879  (Index 46)
-----------------ETPA RESULT-------------------
Epoch 23: Validation	rmse: 20.48	mae: 16.09	mape: 120.71%	acc@10: 37.84%	acc@20: 70.62%	acc@30: 87.22%	
[2023-12-01 07:03:05] INFO (nni/MainThread) Intermediate result: 20.479495543752947  (Index 47)
*** Epoch: 24 ***
-----------------G2R RESULT-------------------

val result: krc:0.8 | lsd:0.674 | ed:0.921 | hr@1:0.705 | hr@2:0.869 | hr@3:0.919 | acc@1:0.705 | acc@2:0.629 | acc@3:0.597 | Best krc: 0.799 | Best epoch: 22
best model saved
[2023-12-01 07:04:52] INFO (nni/MainThread) Intermediate result: 0.7998055425602429  (Index 48)
-----------------ETPA RESULT-------------------
Epoch 24: Validation	rmse: 20.3	mae: 15.98	mape: 119.88%	acc@10: 37.97%	acc@20: 70.9%	acc@30: 87.54%	
[2023-12-01 07:04:52] INFO (nni/MainThread) Intermediate result: 20.303624885381915  (Index 49)
*** Epoch: 25 ***
-----------------G2R RESULT-------------------

val result: krc:0.802 | lsd:0.639 | ed:0.898 | hr@1:0.69 | hr@2:0.87 | hr@3:0.92 | acc@1:0.69 | acc@2:0.624 | acc@3:0.597 | Best krc: 0.8 | Best epoch: 24
best model saved
[2023-12-01 07:06:38] INFO (nni/MainThread) Intermediate result: 0.8020778204774704  (Index 50)
-----------------ETPA RESULT-------------------
Epoch 25: Validation	rmse: 20.19	mae: 15.92	mape: 119.52%	acc@10: 37.91%	acc@20: 70.95%	acc@30: 87.71%	
[2023-12-01 07:06:38] INFO (nni/MainThread) Intermediate result: 20.19439322676044  (Index 51)
*** Epoch: 26 ***
-----------------G2R RESULT-------------------

val result: krc:0.787 | lsd:0.683 | ed:0.956 | hr@1:0.686 | hr@2:0.861 | hr@3:0.91 | acc@1:0.686 | acc@2:0.612 | acc@3:0.574 | Best krc: 0.802 | Best epoch: 25
[2023-12-01 07:08:24] INFO (nni/MainThread) Intermediate result: 0.7873282752163381  (Index 52)
-----------------ETPA RESULT-------------------
Epoch 26: Validation	rmse: 20.03	mae: 15.81	mape: 118.64%	acc@10: 38.18%	acc@20: 71.28%	acc@30: 87.97%	
[2023-12-01 07:08:24] INFO (nni/MainThread) Intermediate result: 20.027333642065567  (Index 53)
*** Epoch: 27 ***
-----------------G2R RESULT-------------------

val result: krc:0.799 | lsd:0.641 | ed:0.935 | hr@1:0.694 | hr@2:0.87 | hr@3:0.916 | acc@1:0.694 | acc@2:0.628 | acc@3:0.593 | Best krc: 0.802 | Best epoch: 25
[2023-12-01 07:10:10] INFO (nni/MainThread) Intermediate result: 0.7991046867916128  (Index 54)
-----------------ETPA RESULT-------------------
Epoch 27: Validation	rmse: 19.96	mae: 15.77	mape: 118.34%	acc@10: 38.25%	acc@20: 71.39%	acc@30: 88.02%	
[2023-12-01 07:10:10] INFO (nni/MainThread) Intermediate result: 19.961767337981335  (Index 55)
*** Epoch: 28 ***
-----------------G2R RESULT-------------------

val result: krc:0.806 | lsd:0.607 | ed:0.899 | hr@1:0.712 | hr@2:0.873 | hr@3:0.919 | acc@1:0.712 | acc@2:0.642 | acc@3:0.603 | Best krc: 0.802 | Best epoch: 25
best model saved
[2023-12-01 07:11:57] INFO (nni/MainThread) Intermediate result: 0.8058364673756017  (Index 56)
-----------------ETPA RESULT-------------------
Epoch 28: Validation	rmse: 19.77	mae: 15.62	mape: 117.15%	acc@10: 38.74%	acc@20: 71.66%	acc@30: 88.31%	
[2023-12-01 07:11:57] INFO (nni/MainThread) Intermediate result: 19.770489018077537  (Index 57)
*** Epoch: 29 ***
-----------------G2R RESULT-------------------

val result: krc:0.802 | lsd:0.622 | ed:0.925 | hr@1:0.706 | hr@2:0.869 | hr@3:0.917 | acc@1:0.706 | acc@2:0.631 | acc@3:0.591 | Best krc: 0.806 | Best epoch: 28
[2023-12-01 07:13:42] INFO (nni/MainThread) Intermediate result: 0.8022056607015067  (Index 58)
-----------------ETPA RESULT-------------------
Epoch 29: Validation	rmse: 19.65	mae: 15.52	mape: 116.26%	acc@10: 39.04%	acc@20: 71.9%	acc@30: 88.4%	
[2023-12-01 07:13:43] INFO (nni/MainThread) Intermediate result: 19.650823140029214  (Index 59)
*** Epoch: 30 ***
-----------------G2R RESULT-------------------

val result: krc:0.801 | lsd:0.645 | ed:0.936 | hr@1:0.717 | hr@2:0.866 | hr@3:0.915 | acc@1:0.717 | acc@2:0.626 | acc@3:0.591 | Best krc: 0.806 | Best epoch: 28
[2023-12-01 07:15:28] INFO (nni/MainThread) Intermediate result: 0.8014430386533578  (Index 60)
-----------------ETPA RESULT-------------------
Epoch 30: Validation	rmse: 19.61	mae: 15.51	mape: 116.15%	acc@10: 39.0%	acc@20: 71.9%	acc@30: 88.39%	
[2023-12-01 07:15:28] INFO (nni/MainThread) Intermediate result: 19.60668194329505  (Index 61)
*** Epoch: 31 ***
-----------------G2R RESULT-------------------

val result: krc:0.807 | lsd:0.632 | ed:0.913 | hr@1:0.699 | hr@2:0.872 | hr@3:0.918 | acc@1:0.699 | acc@2:0.628 | acc@3:0.595 | Best krc: 0.806 | Best epoch: 28
best model saved
[2023-12-01 07:17:13] INFO (nni/MainThread) Intermediate result: 0.8073853290468944  (Index 62)
-----------------ETPA RESULT-------------------
Epoch 31: Validation	rmse: 19.55	mae: 15.49	mape: 116.05%	acc@10: 38.94%	acc@20: 71.88%	acc@30: 88.45%	
[2023-12-01 07:17:13] INFO (nni/MainThread) Intermediate result: 19.551156652174075  (Index 63)
*** Epoch: 32 ***
-----------------G2R RESULT-------------------

val result: krc:0.801 | lsd:0.653 | ed:0.916 | hr@1:0.69 | hr@2:0.873 | hr@3:0.916 | acc@1:0.69 | acc@2:0.628 | acc@3:0.586 | Best krc: 0.807 | Best epoch: 31
[2023-12-01 07:18:59] INFO (nni/MainThread) Intermediate result: 0.8008555871083198  (Index 64)
-----------------ETPA RESULT-------------------
Epoch 32: Validation	rmse: 19.47	mae: 15.45	mape: 115.72%	acc@10: 38.92%	acc@20: 71.93%	acc@30: 88.59%	
[2023-12-01 07:18:59] INFO (nni/MainThread) Intermediate result: 19.469958589214844  (Index 65)
*** Epoch: 33 ***
-----------------G2R RESULT-------------------

val result: krc:0.783 | lsd:0.651 | ed:0.981 | hr@1:0.683 | hr@2:0.868 | hr@3:0.913 | acc@1:0.683 | acc@2:0.613 | acc@3:0.571 | Best krc: 0.807 | Best epoch: 31
[2023-12-01 07:20:45] INFO (nni/MainThread) Intermediate result: 0.7828998671412313  (Index 66)
-----------------ETPA RESULT-------------------
Epoch 33: Validation	rmse: 19.37	mae: 15.38	mape: 115.21%	acc@10: 39.01%	acc@20: 72.11%	acc@30: 88.81%	
[2023-12-01 07:20:45] INFO (nni/MainThread) Intermediate result: 19.36590136812118  (Index 67)
*** Epoch: 34 ***
-----------------G2R RESULT-------------------

val result: krc:0.799 | lsd:0.647 | ed:0.93 | hr@1:0.686 | hr@2:0.872 | hr@3:0.917 | acc@1:0.686 | acc@2:0.623 | acc@3:0.585 | Best krc: 0.807 | Best epoch: 31
[2023-12-01 07:22:32] INFO (nni/MainThread) Intermediate result: 0.7988292476442892  (Index 68)
-----------------ETPA RESULT-------------------
Epoch 34: Validation	rmse: 19.28	mae: 15.33	mape: 114.81%	acc@10: 39.02%	acc@20: 72.2%	acc@30: 88.95%	
[2023-12-01 07:22:32] INFO (nni/MainThread) Intermediate result: 19.284070282869525  (Index 69)
*** Epoch: 35 ***
-----------------G2R RESULT-------------------

val result: krc:0.797 | lsd:0.648 | ed:0.948 | hr@1:0.683 | hr@2:0.873 | hr@3:0.918 | acc@1:0.683 | acc@2:0.616 | acc@3:0.577 | Best krc: 0.807 | Best epoch: 31
[2023-12-01 07:24:17] INFO (nni/MainThread) Intermediate result: 0.7968843817116664  (Index 70)
-----------------ETPA RESULT-------------------
Epoch 35: Validation	rmse: 19.2	mae: 15.28	mape: 114.41%	acc@10: 39.07%	acc@20: 72.35%	acc@30: 89.08%	
[2023-12-01 07:24:17] INFO (nni/MainThread) Intermediate result: 19.20478280096608  (Index 71)
*** Epoch: 36 ***
-----------------G2R RESULT-------------------

val result: krc:0.798 | lsd:0.625 | ed:0.924 | hr@1:0.68 | hr@2:0.874 | hr@3:0.917 | acc@1:0.68 | acc@2:0.621 | acc@3:0.581 | Best krc: 0.807 | Best epoch: 31
[2023-12-01 07:26:07] INFO (nni/MainThread) Intermediate result: 0.7982127752569378  (Index 72)
-----------------ETPA RESULT-------------------
Epoch 36: Validation	rmse: 19.09	mae: 15.2	mape: 113.76%	acc@10: 39.22%	acc@20: 72.58%	acc@30: 89.32%	
[2023-12-01 07:26:07] INFO (nni/MainThread) Intermediate result: 19.08526984798102  (Index 73)
*** Epoch: 37 ***
-----------------G2R RESULT-------------------

val result: krc:0.787 | lsd:0.669 | ed:0.967 | hr@1:0.682 | hr@2:0.868 | hr@3:0.914 | acc@1:0.682 | acc@2:0.61 | acc@3:0.571 | Best krc: 0.807 | Best epoch: 31
[2023-12-01 07:27:52] INFO (nni/MainThread) Intermediate result: 0.7866923926128122  (Index 74)
-----------------ETPA RESULT-------------------
Epoch 37: Validation	rmse: 19.0	mae: 15.14	mape: 113.3%	acc@10: 39.3%	acc@20: 72.75%	acc@30: 89.46%	
[2023-12-01 07:27:52] INFO (nni/MainThread) Intermediate result: 18.999829800291625  (Index 75)
*** Epoch: 38 ***
-----------------G2R RESULT-------------------

val result: krc:0.805 | lsd:0.615 | ed:0.89 | hr@1:0.706 | hr@2:0.874 | hr@3:0.918 | acc@1:0.706 | acc@2:0.637 | acc@3:0.599 | Best krc: 0.807 | Best epoch: 31
[2023-12-01 07:29:38] INFO (nni/MainThread) Intermediate result: 0.8050553815486041  (Index 76)
-----------------ETPA RESULT-------------------
Epoch 38: Validation	rmse: 18.88	mae: 15.04	mape: 112.34%	acc@10: 39.69%	acc@20: 73.04%	acc@30: 89.66%	
[2023-12-01 07:29:38] INFO (nni/MainThread) Intermediate result: 18.883336027110605  (Index 77)
*** Epoch: 39 ***
-----------------G2R RESULT-------------------

val result: krc:0.792 | lsd:0.672 | ed:0.952 | hr@1:0.694 | hr@2:0.87 | hr@3:0.913 | acc@1:0.694 | acc@2:0.621 | acc@3:0.578 | Best krc: 0.807 | Best epoch: 31
[2023-12-01 07:31:25] INFO (nni/MainThread) Intermediate result: 0.7915604025442241  (Index 78)
-----------------ETPA RESULT-------------------
Epoch 39: Validation	rmse: 18.77	mae: 14.95	mape: 111.59%	acc@10: 40.02%	acc@20: 73.29%	acc@30: 89.86%	
[2023-12-01 07:31:25] INFO (nni/MainThread) Intermediate result: 18.765269018992807  (Index 79)
*** Epoch: 40 ***
-----------------G2R RESULT-------------------

val result: krc:0.796 | lsd:0.628 | ed:0.924 | hr@1:0.692 | hr@2:0.869 | hr@3:0.917 | acc@1:0.692 | acc@2:0.621 | acc@3:0.582 | Best krc: 0.807 | Best epoch: 31
[2023-12-01 07:33:13] INFO (nni/MainThread) Intermediate result: 0.795877577862711  (Index 80)
-----------------ETPA RESULT-------------------
Epoch 40: Validation	rmse: 18.72	mae: 14.91	mape: 111.24%	acc@10: 40.13%	acc@20: 73.41%	acc@30: 89.87%	
[2023-12-01 07:33:13] INFO (nni/MainThread) Intermediate result: 18.71572923619602  (Index 81)
*** Epoch: 41 ***
-----------------G2R RESULT-------------------

val result: krc:0.805 | lsd:0.618 | ed:0.894 | hr@1:0.706 | hr@2:0.872 | hr@3:0.918 | acc@1:0.706 | acc@2:0.635 | acc@3:0.598 | Best krc: 0.807 | Best epoch: 31
[2023-12-01 07:35:00] INFO (nni/MainThread) Intermediate result: 0.8051211872549868  (Index 82)
-----------------ETPA RESULT-------------------
Epoch 41: Validation	rmse: 18.64	mae: 14.86	mape: 110.86%	acc@10: 40.16%	acc@20: 73.61%	acc@30: 90.01%	
[2023-12-01 07:35:00] INFO (nni/MainThread) Intermediate result: 18.643653527662337  (Index 83)
*** Epoch: 42 ***
-----------------G2R RESULT-------------------

val result: krc:0.803 | lsd:0.647 | ed:0.921 | hr@1:0.706 | hr@2:0.866 | hr@3:0.917 | acc@1:0.706 | acc@2:0.627 | acc@3:0.592 | Best krc: 0.807 | Best epoch: 31
[2023-12-01 07:36:49] INFO (nni/MainThread) Intermediate result: 0.8029794866261851  (Index 84)
-----------------ETPA RESULT-------------------
Epoch 42: Validation	rmse: 18.6	mae: 14.83	mape: 110.63%	acc@10: 40.18%	acc@20: 73.7%	acc@30: 90.03%	
[2023-12-01 07:36:49] INFO (nni/MainThread) Intermediate result: 18.598557099395624  (Index 85)
*** Epoch: 43 ***
-----------------G2R RESULT-------------------

val result: krc:0.8 | lsd:0.651 | ed:0.934 | hr@1:0.71 | hr@2:0.867 | hr@3:0.918 | acc@1:0.71 | acc@2:0.63 | acc@3:0.598 | Best krc: 0.807 | Best epoch: 31
[2023-12-01 07:38:36] INFO (nni/MainThread) Intermediate result: 0.8001819922939294  (Index 86)
-----------------ETPA RESULT-------------------
Epoch 43: Validation	rmse: 18.53	mae: 14.77	mape: 110.14%	acc@10: 40.4%	acc@20: 73.87%	acc@30: 90.12%	
[2023-12-01 07:38:36] INFO (nni/MainThread) Intermediate result: 18.531727016243735  (Index 87)
*** Epoch: 44 ***
-----------------G2R RESULT-------------------

val result: krc:0.803 | lsd:0.648 | ed:0.923 | hr@1:0.709 | hr@2:0.871 | hr@3:0.919 | acc@1:0.709 | acc@2:0.631 | acc@3:0.597 | Best krc: 0.807 | Best epoch: 31
[2023-12-01 07:40:22] INFO (nni/MainThread) Intermediate result: 0.8025679019032758  (Index 88)
-----------------ETPA RESULT-------------------
Epoch 44: Validation	rmse: 18.47	mae: 14.73	mape: 109.79%	acc@10: 40.48%	acc@20: 73.99%	acc@30: 90.21%	
[2023-12-01 07:40:22] INFO (nni/MainThread) Intermediate result: 18.46795601144406  (Index 89)
*** Epoch: 45 ***
-----------------G2R RESULT-------------------

val result: krc:0.806 | lsd:0.65 | ed:0.91 | hr@1:0.723 | hr@2:0.863 | hr@3:0.918 | acc@1:0.723 | acc@2:0.635 | acc@3:0.601 | Best krc: 0.807 | Best epoch: 31
[2023-12-01 07:42:13] INFO (nni/MainThread) Intermediate result: 0.8060783625191146  (Index 90)
-----------------ETPA RESULT-------------------
Epoch 45: Validation	rmse: 18.4	mae: 14.67	mape: 109.33%	acc@10: 40.69%	acc@20: 74.16%	acc@30: 90.3%	
[2023-12-01 07:42:13] INFO (nni/MainThread) Intermediate result: 18.396494267630885  (Index 91)
*** Epoch: 46 ***
-----------------G2R RESULT-------------------

val result: krc:0.796 | lsd:0.677 | ed:0.953 | hr@1:0.719 | hr@2:0.859 | hr@3:0.912 | acc@1:0.719 | acc@2:0.624 | acc@3:0.582 | Best krc: 0.807 | Best epoch: 31
[2023-12-01 07:44:00] INFO (nni/MainThread) Intermediate result: 0.7964821109027492  (Index 92)
-----------------ETPA RESULT-------------------
Epoch 46: Validation	rmse: 18.38	mae: 14.67	mape: 109.28%	acc@10: 40.61%	acc@20: 74.18%	acc@30: 90.28%	
[2023-12-01 07:44:00] INFO (nni/MainThread) Intermediate result: 18.380504631441138  (Index 93)
*** Epoch: 47 ***
-----------------G2R RESULT-------------------

val result: krc:0.804 | lsd:0.643 | ed:0.907 | hr@1:0.705 | hr@2:0.868 | hr@3:0.915 | acc@1:0.705 | acc@2:0.63 | acc@3:0.591 | Best krc: 0.807 | Best epoch: 31
[2023-12-01 07:45:47] INFO (nni/MainThread) Intermediate result: 0.8044496603657076  (Index 94)
-----------------ETPA RESULT-------------------
Epoch 47: Validation	rmse: 18.31	mae: 14.61	mape: 108.79%	acc@10: 40.88%	acc@20: 74.34%	acc@30: 90.36%	
[2023-12-01 07:45:47] INFO (nni/MainThread) Intermediate result: 18.312055438301204  (Index 95)
*** Epoch: 48 ***
-----------------G2R RESULT-------------------

val result: krc:0.805 | lsd:0.614 | ed:0.906 | hr@1:0.705 | hr@2:0.867 | hr@3:0.915 | acc@1:0.705 | acc@2:0.63 | acc@3:0.596 | Best krc: 0.807 | Best epoch: 31
[2023-12-01 07:47:36] INFO (nni/MainThread) Intermediate result: 0.805456970599078  (Index 96)
-----------------ETPA RESULT-------------------
Epoch 48: Validation	rmse: 18.28	mae: 14.59	mape: 108.6%	acc@10: 40.93%	acc@20: 74.41%	acc@30: 90.39%	
[2023-12-01 07:47:36] INFO (nni/MainThread) Intermediate result: 18.281201198930695  (Index 97)
*** Epoch: 49 ***
-----------------G2R RESULT-------------------

val result: krc:0.798 | lsd:0.641 | ed:0.932 | hr@1:0.702 | hr@2:0.864 | hr@3:0.911 | acc@1:0.702 | acc@2:0.621 | acc@3:0.582 | Best krc: 0.807 | Best epoch: 31
[2023-12-01 07:49:24] INFO (nni/MainThread) Intermediate result: 0.7975873655891146  (Index 98)
-----------------ETPA RESULT-------------------
Epoch 49: Validation	rmse: 18.23	mae: 14.54	mape: 108.23%	acc@10: 41.08%	acc@20: 74.56%	acc@30: 90.43%	
[2023-12-01 07:49:24] INFO (nni/MainThread) Intermediate result: 18.22672589404092  (Index 99)
*** Epoch: 50 ***
-----------------G2R RESULT-------------------

val result: krc:0.788 | lsd:0.648 | ed:0.954 | hr@1:0.68 | hr@2:0.869 | hr@3:0.912 | acc@1:0.68 | acc@2:0.613 | acc@3:0.571 | Best krc: 0.807 | Best epoch: 31
[2023-12-01 07:51:14] INFO (nni/MainThread) Intermediate result: 0.7876811533217304  (Index 100)
-----------------ETPA RESULT-------------------
Epoch 50: Validation	rmse: 18.17	mae: 14.5	mape: 107.83%	acc@10: 41.27%	acc@20: 74.67%	acc@30: 90.52%	
[2023-12-01 07:51:14] INFO (nni/MainThread) Intermediate result: 18.165270998362875  (Index 101)
*** Epoch: 51 ***
-----------------G2R RESULT-------------------

val result: krc:0.794 | lsd:0.648 | ed:0.952 | hr@1:0.688 | hr@2:0.871 | hr@3:0.914 | acc@1:0.688 | acc@2:0.619 | acc@3:0.576 | Best krc: 0.807 | Best epoch: 31
[2023-12-01 07:53:02] INFO (nni/MainThread) Intermediate result: 0.7940244328700823  (Index 102)
-----------------ETPA RESULT-------------------
Epoch 51: Validation	rmse: 18.11	mae: 14.45	mape: 107.42%	acc@10: 41.46%	acc@20: 74.81%	acc@30: 90.59%	
[2023-12-01 07:53:02] INFO (nni/MainThread) Intermediate result: 18.10707598593753  (Index 103)
loaded model path: /home/sentanoe/joint_training/data/dataset/food_pd/sort_model/hidden_size-8.gcnru-pd_1701408098.1379641701408098.1379755
best model loaded !!!
krc:0.802 | lsd:0.455 | ed:0.896 | hr@1:0.706 | hr@2:0.91 | hr@3:0.94 | acc@1:0.706 | acc@2:0.651 | acc@3:0.605 |

-------------------------------------------------------------
Best epoch for G2R:  31
Best epoch for ETPA:  51
graph2route_pd Evaluation in test: krc:0.802 | lsd:0.455 | ed:0.896 | hr@1:0.706 | hr@2:0.91 | hr@3:0.94 | acc@1:0.706 | acc@2:0.651 | acc@3:0.605 |
RankPETA Evaluation in test: rmse: 13.19	mae: 10.47	mape: 89.03%	acc@10: 55.7%	acc@20: 89.03%	acc@30: 96.62%	
