Device:  cuda
{'alpha_loss': 0.5,
 'batch_size': 64,
 'dataset': 'food_pd',
 'datatype': 'order',
 'device': device(type='cuda'),
 'early_stop': 10,
 'edge_fea_dim': 5,
 'embedding_dim': 32,
 'eval_end_1': 11,
 'eval_end_2': 25,
 'eval_start': 1,
 'gcn_num_layers': 2,
 'hidden_size': 8,
 'is_eval': False,
 'is_test': False,
 'k_min_nodes': 3,
 'k_nearest_neighbors': 'n-1',
 'lr': 0.001,
 'max_task_num': 25,
 'min_task_num': 0,
 'modelArrivalTime': 'RankPETA',
 'modelRoute': 'graph2route_pd',
 'no_cuda': False,
 'node_fea_dim': 8,
 'node_features_test': '/home/sentanoe/joint_training/data/dataset/food_pd/node_features_test_full.npy',
 'node_features_train': '/home/sentanoe/joint_training/data/dataset/food_pd/node_features_train_full.npy',
 'node_features_val': '/home/sentanoe/joint_training/data/dataset/food_pd/node_features_val_full.npy',
 'num_block': 2,
 'num_epoch': 1000,
 'num_head': 2,
 'num_worker_logistics': 2346,
 'num_worker_pd': 920,
 'pad_value': 26,
 'seed': 2022,
 'sort_mode': 'pnn_idx',
 'spatial_encoder': 'gcn',
 'temporal_encoder': 'gru',
 'test_path': '/home/sentanoe/joint_training/data/dataset/food_pd/test_full.npy',
 'train_mode': 'sort',
 'train_path': '/home/sentanoe/joint_training/data/dataset/food_pd/train_full.npy',
 'val_path': '/home/sentanoe/joint_training/data/dataset/food_pd/val_full.npy',
 'wd': 1e-05,
 'worker_emb_dim': 10,
 'workers': 2}
last_x_size:13;unpick_x_size:12;input_size:53
#train:2521 | #val:1257 | #test:1261
*** Epoch: 0 ***
-----------------G2R RESULT-------------------

val result: krc:0.758 | lsd:0.724 | ed:1.041 | hr@1:0.619 | hr@2:0.86 | hr@3:0.908 | acc@1:0.619 | acc@2:0.559 | acc@3:0.523 | Best krc: -1 | Best epoch: -1
best model saved
[2023-12-18 23:23:44] INFO (nni/MainThread) Intermediate result: 0.757965267820974  (Index 0)
-----------------ETPA RESULT-------------------
Epoch 0: Validation	rmse: 26.15	mae: 20.52	mape: 65.47%	acc@10: 30.0%	acc@20: 57.78%	acc@30: 76.67%	
[2023-12-18 23:23:44] INFO (nni/MainThread) Intermediate result: 26.15000135374339  (Index 1)
*** Epoch: 1 ***
-----------------G2R RESULT-------------------

val result: krc:0.765 | lsd:0.671 | ed:1.022 | hr@1:0.629 | hr@2:0.865 | hr@3:0.91 | acc@1:0.629 | acc@2:0.569 | acc@3:0.536 | Best krc: 0.758 | Best epoch: 0
best model saved
[2023-12-18 23:24:09] INFO (nni/MainThread) Intermediate result: 0.7645797480952705  (Index 2)
-----------------ETPA RESULT-------------------
Epoch 1: Validation	rmse: 26.08	mae: 19.73	mape: 102.93%	acc@10: 33.7%	acc@20: 62.04%	acc@30: 79.07%	
[2023-12-18 23:24:09] INFO (nni/MainThread) Intermediate result: 26.083457750803866  (Index 3)
*** Epoch: 2 ***
-----------------G2R RESULT-------------------

val result: krc:0.765 | lsd:0.656 | ed:1.021 | hr@1:0.626 | hr@2:0.867 | hr@3:0.913 | acc@1:0.626 | acc@2:0.57 | acc@3:0.533 | Best krc: 0.765 | Best epoch: 1
best model saved
[2023-12-18 23:24:34] INFO (nni/MainThread) Intermediate result: 0.7651815812812752  (Index 4)
-----------------ETPA RESULT-------------------
Epoch 2: Validation	rmse: 25.21	mae: 19.19	mape: 115.02%	acc@10: 34.44%	acc@20: 63.58%	acc@30: 80.62%	
[2023-12-18 23:24:34] INFO (nni/MainThread) Intermediate result: 25.207044499152726  (Index 5)
*** Epoch: 3 ***
-----------------G2R RESULT-------------------

val result: krc:0.737 | lsd:0.78 | ed:1.082 | hr@1:0.626 | hr@2:0.85 | hr@3:0.895 | acc@1:0.626 | acc@2:0.561 | acc@3:0.512 | Best krc: 0.765 | Best epoch: 2
[2023-12-18 23:24:58] INFO (nni/MainThread) Intermediate result: 0.7369213930735573  (Index 6)
-----------------ETPA RESULT-------------------
Epoch 3: Validation	rmse: 23.68	mae: 18.31	mape: 116.32%	acc@10: 34.54%	acc@20: 65.19%	acc@30: 82.5%	
[2023-12-18 23:24:58] INFO (nni/MainThread) Intermediate result: 23.67820819147768  (Index 7)
*** Epoch: 4 ***
-----------------G2R RESULT-------------------

val result: krc:0.761 | lsd:0.673 | ed:1.018 | hr@1:0.624 | hr@2:0.863 | hr@3:0.909 | acc@1:0.624 | acc@2:0.565 | acc@3:0.53 | Best krc: 0.765 | Best epoch: 2
[2023-12-18 23:25:21] INFO (nni/MainThread) Intermediate result: 0.760732126705017  (Index 8)
-----------------ETPA RESULT-------------------
Epoch 4: Validation	rmse: 22.36	mae: 17.39	mape: 113.42%	acc@10: 36.07%	acc@20: 67.41%	acc@30: 83.93%	
[2023-12-18 23:25:21] INFO (nni/MainThread) Intermediate result: 22.360197875812172  (Index 9)
*** Epoch: 5 ***
-----------------G2R RESULT-------------------

val result: krc:0.768 | lsd:0.657 | ed:1.007 | hr@1:0.634 | hr@2:0.866 | hr@3:0.911 | acc@1:0.634 | acc@2:0.575 | acc@3:0.539 | Best krc: 0.765 | Best epoch: 2
best model saved
[2023-12-18 23:25:46] INFO (nni/MainThread) Intermediate result: 0.7680591542419265  (Index 10)
-----------------ETPA RESULT-------------------
Epoch 5: Validation	rmse: 21.4	mae: 16.69	mape: 111.26%	acc@10: 37.65%	acc@20: 68.89%	acc@30: 84.94%	
[2023-12-18 23:25:46] INFO (nni/MainThread) Intermediate result: 21.39733795960569  (Index 11)
*** Epoch: 6 ***
-----------------G2R RESULT-------------------

val result: krc:0.76 | lsd:0.708 | ed:1.011 | hr@1:0.63 | hr@2:0.86 | hr@3:0.907 | acc@1:0.63 | acc@2:0.572 | acc@3:0.531 | Best krc: 0.768 | Best epoch: 5
[2023-12-18 23:26:10] INFO (nni/MainThread) Intermediate result: 0.7604866338053919  (Index 12)
-----------------ETPA RESULT-------------------
Epoch 6: Validation	rmse: 20.63	mae: 16.16	mape: 109.46%	acc@10: 38.47%	acc@20: 69.89%	acc@30: 86.19%	
[2023-12-18 23:26:10] INFO (nni/MainThread) Intermediate result: 20.6256520594466  (Index 13)
*** Epoch: 7 ***
-----------------G2R RESULT-------------------

val result: krc:0.777 | lsd:0.652 | ed:0.969 | hr@1:0.634 | hr@2:0.869 | hr@3:0.917 | acc@1:0.634 | acc@2:0.579 | acc@3:0.55 | Best krc: 0.768 | Best epoch: 5
best model saved
[2023-12-18 23:26:35] INFO (nni/MainThread) Intermediate result: 0.7770674068356622  (Index 14)
-----------------ETPA RESULT-------------------
Epoch 7: Validation	rmse: 20.12	mae: 15.82	mape: 109.09%	acc@10: 39.07%	acc@20: 70.65%	acc@30: 87.18%	
[2023-12-18 23:26:35] INFO (nni/MainThread) Intermediate result: 20.12357482254671  (Index 15)
*** Epoch: 8 ***
-----------------G2R RESULT-------------------

val result: krc:0.78 | lsd:0.656 | ed:0.953 | hr@1:0.639 | hr@2:0.869 | hr@3:0.917 | acc@1:0.639 | acc@2:0.582 | acc@3:0.551 | Best krc: 0.777 | Best epoch: 7
best model saved
[2023-12-18 23:27:00] INFO (nni/MainThread) Intermediate result: 0.7801048843462488  (Index 16)
-----------------ETPA RESULT-------------------
Epoch 8: Validation	rmse: 19.92	mae: 15.68	mape: 109.57%	acc@10: 39.51%	acc@20: 70.86%	acc@30: 87.33%	
[2023-12-18 23:27:00] INFO (nni/MainThread) Intermediate result: 19.91547964160562  (Index 17)
*** Epoch: 9 ***
-----------------G2R RESULT-------------------

val result: krc:0.77 | lsd:0.703 | ed:0.989 | hr@1:0.636 | hr@2:0.862 | hr@3:0.91 | acc@1:0.636 | acc@2:0.581 | acc@3:0.539 | Best krc: 0.78 | Best epoch: 8
[2023-12-18 23:27:24] INFO (nni/MainThread) Intermediate result: 0.7696726509494327  (Index 18)
-----------------ETPA RESULT-------------------
Epoch 9: Validation	rmse: 19.49	mae: 15.38	mape: 108.43%	acc@10: 40.22%	acc@20: 71.41%	acc@30: 88.26%	
[2023-12-18 23:27:24] INFO (nni/MainThread) Intermediate result: 19.48788915198768  (Index 19)
*** Epoch: 10 ***
-----------------G2R RESULT-------------------

val result: krc:0.777 | lsd:0.66 | ed:0.965 | hr@1:0.64 | hr@2:0.868 | hr@3:0.916 | acc@1:0.64 | acc@2:0.583 | acc@3:0.547 | Best krc: 0.78 | Best epoch: 8
[2023-12-18 23:27:48] INFO (nni/MainThread) Intermediate result: 0.7770252504139692  (Index 20)
-----------------ETPA RESULT-------------------
Epoch 10: Validation	rmse: 19.1	mae: 15.08	mape: 106.87%	acc@10: 41.21%	acc@20: 72.15%	acc@30: 88.96%	
[2023-12-18 23:27:48] INFO (nni/MainThread) Intermediate result: 19.09819391206093  (Index 21)
*** Epoch: 11 ***
-----------------G2R RESULT-------------------

val result: krc:0.78 | lsd:0.637 | ed:0.961 | hr@1:0.635 | hr@2:0.866 | hr@3:0.917 | acc@1:0.635 | acc@2:0.58 | acc@3:0.55 | Best krc: 0.78 | Best epoch: 8
[2023-12-18 23:28:12] INFO (nni/MainThread) Intermediate result: 0.7796358947211592  (Index 22)
-----------------ETPA RESULT-------------------
Epoch 11: Validation	rmse: 18.74	mae: 14.81	mape: 105.21%	acc@10: 41.94%	acc@20: 72.87%	acc@30: 89.51%	
[2023-12-18 23:28:12] INFO (nni/MainThread) Intermediate result: 18.73923864977773  (Index 23)
*** Epoch: 12 ***
-----------------G2R RESULT-------------------

val result: krc:0.773 | lsd:0.671 | ed:0.988 | hr@1:0.639 | hr@2:0.864 | hr@3:0.911 | acc@1:0.639 | acc@2:0.578 | acc@3:0.539 | Best krc: 0.78 | Best epoch: 8
[2023-12-18 23:28:36] INFO (nni/MainThread) Intermediate result: 0.7727662643272613  (Index 24)
-----------------ETPA RESULT-------------------
Epoch 12: Validation	rmse: 18.38	mae: 14.53	mape: 103.26%	acc@10: 42.59%	acc@20: 73.96%	acc@30: 90.06%	
[2023-12-18 23:28:36] INFO (nni/MainThread) Intermediate result: 18.379229033107592  (Index 25)
*** Epoch: 13 ***
-----------------G2R RESULT-------------------

val result: krc:0.758 | lsd:0.699 | ed:1.029 | hr@1:0.637 | hr@2:0.859 | hr@3:0.906 | acc@1:0.637 | acc@2:0.57 | acc@3:0.524 | Best krc: 0.78 | Best epoch: 8
[2023-12-18 23:29:00] INFO (nni/MainThread) Intermediate result: 0.7581285352164234  (Index 26)
-----------------ETPA RESULT-------------------
Epoch 13: Validation	rmse: 18.07	mae: 14.29	mape: 101.35%	acc@10: 43.39%	acc@20: 74.87%	acc@30: 90.5%	
[2023-12-18 23:29:00] INFO (nni/MainThread) Intermediate result: 18.06681271429132  (Index 27)
*** Epoch: 14 ***
-----------------G2R RESULT-------------------

val result: krc:0.76 | lsd:0.687 | ed:1.024 | hr@1:0.632 | hr@2:0.862 | hr@3:0.91 | acc@1:0.632 | acc@2:0.569 | acc@3:0.53 | Best krc: 0.78 | Best epoch: 8
[2023-12-18 23:29:24] INFO (nni/MainThread) Intermediate result: 0.7598432935993058  (Index 28)
-----------------ETPA RESULT-------------------
Epoch 14: Validation	rmse: 17.81	mae: 14.09	mape: 99.75%	acc@10: 43.93%	acc@20: 75.48%	acc@30: 90.91%	
[2023-12-18 23:29:24] INFO (nni/MainThread) Intermediate result: 17.805455864740473  (Index 29)
*** Epoch: 15 ***
-----------------G2R RESULT-------------------

val result: krc:0.778 | lsd:0.649 | ed:0.963 | hr@1:0.641 | hr@2:0.862 | hr@3:0.913 | acc@1:0.641 | acc@2:0.579 | acc@3:0.549 | Best krc: 0.78 | Best epoch: 8
[2023-12-18 23:29:47] INFO (nni/MainThread) Intermediate result: 0.7783137130404294  (Index 30)
-----------------ETPA RESULT-------------------
Epoch 15: Validation	rmse: 17.55	mae: 13.88	mape: 97.64%	acc@10: 44.56%	acc@20: 76.11%	acc@30: 91.25%	
[2023-12-18 23:29:47] INFO (nni/MainThread) Intermediate result: 17.552423460213745  (Index 31)
*** Epoch: 16 ***
-----------------G2R RESULT-------------------

val result: krc:0.78 | lsd:0.656 | ed:0.96 | hr@1:0.636 | hr@2:0.866 | hr@3:0.914 | acc@1:0.636 | acc@2:0.585 | acc@3:0.555 | Best krc: 0.78 | Best epoch: 8
best model saved
[2023-12-18 23:30:13] INFO (nni/MainThread) Intermediate result: 0.7803689672163656  (Index 32)
-----------------ETPA RESULT-------------------
Epoch 16: Validation	rmse: 17.34	mae: 13.71	mape: 95.95%	acc@10: 45.1%	acc@20: 76.69%	acc@30: 91.5%	
[2023-12-18 23:30:13] INFO (nni/MainThread) Intermediate result: 17.342557832617768  (Index 33)
*** Epoch: 17 ***
-----------------G2R RESULT-------------------

val result: krc:0.767 | lsd:0.67 | ed:0.993 | hr@1:0.641 | hr@2:0.863 | hr@3:0.911 | acc@1:0.641 | acc@2:0.579 | acc@3:0.543 | Best krc: 0.78 | Best epoch: 16
[2023-12-18 23:30:38] INFO (nni/MainThread) Intermediate result: 0.7673053306634419  (Index 34)
-----------------ETPA RESULT-------------------
Epoch 17: Validation	rmse: 17.16	mae: 13.56	mape: 94.46%	acc@10: 45.56%	acc@20: 77.22%	acc@30: 91.77%	
[2023-12-18 23:30:38] INFO (nni/MainThread) Intermediate result: 17.16197434126811  (Index 35)
*** Epoch: 18 ***
-----------------G2R RESULT-------------------

val result: krc:0.781 | lsd:0.63 | ed:0.95 | hr@1:0.647 | hr@2:0.865 | hr@3:0.913 | acc@1:0.647 | acc@2:0.585 | acc@3:0.549 | Best krc: 0.78 | Best epoch: 16
best model saved
[2023-12-18 23:31:03] INFO (nni/MainThread) Intermediate result: 0.7812157998603122  (Index 36)
-----------------ETPA RESULT-------------------
Epoch 18: Validation	rmse: 16.99	mae: 13.42	mape: 93.09%	acc@10: 46.02%	acc@20: 77.66%	acc@30: 92.01%	
[2023-12-18 23:31:03] INFO (nni/MainThread) Intermediate result: 16.98755571407048  (Index 37)
*** Epoch: 19 ***
-----------------G2R RESULT-------------------

val result: krc:0.783 | lsd:0.633 | ed:0.946 | hr@1:0.644 | hr@2:0.87 | hr@3:0.919 | acc@1:0.644 | acc@2:0.587 | acc@3:0.56 | Best krc: 0.781 | Best epoch: 18
best model saved
[2023-12-18 23:31:28] INFO (nni/MainThread) Intermediate result: 0.7832993348778219  (Index 38)
-----------------ETPA RESULT-------------------
Epoch 19: Validation	rmse: 16.86	mae: 13.32	mape: 92.31%	acc@10: 46.37%	acc@20: 78.0%	acc@30: 92.17%	
[2023-12-18 23:31:28] INFO (nni/MainThread) Intermediate result: 16.859898421546887  (Index 39)
*** Epoch: 20 ***
-----------------G2R RESULT-------------------

val result: krc:0.778 | lsd:0.639 | ed:0.973 | hr@1:0.635 | hr@2:0.87 | hr@3:0.917 | acc@1:0.635 | acc@2:0.58 | acc@3:0.544 | Best krc: 0.783 | Best epoch: 19
[2023-12-18 23:31:52] INFO (nni/MainThread) Intermediate result: 0.7781764870702343  (Index 40)
-----------------ETPA RESULT-------------------
Epoch 20: Validation	rmse: 16.72	mae: 13.2	mape: 91.09%	acc@10: 46.84%	acc@20: 78.36%	acc@30: 92.35%	
[2023-12-18 23:31:52] INFO (nni/MainThread) Intermediate result: 16.717381539725885  (Index 41)
*** Epoch: 21 ***
-----------------G2R RESULT-------------------

val result: krc:0.78 | lsd:0.627 | ed:0.964 | hr@1:0.646 | hr@2:0.866 | hr@3:0.915 | acc@1:0.646 | acc@2:0.585 | acc@3:0.554 | Best krc: 0.783 | Best epoch: 19
[2023-12-18 23:32:17] INFO (nni/MainThread) Intermediate result: 0.7803914471251594  (Index 42)
-----------------ETPA RESULT-------------------
Epoch 21: Validation	rmse: 16.62	mae: 13.1	mape: 89.8%	acc@10: 47.37%	acc@20: 78.62%	acc@30: 92.49%	
[2023-12-18 23:32:17] INFO (nni/MainThread) Intermediate result: 16.617509395285783  (Index 43)
*** Epoch: 22 ***
-----------------G2R RESULT-------------------

val result: krc:0.781 | lsd:0.641 | ed:0.948 | hr@1:0.65 | hr@2:0.869 | hr@3:0.916 | acc@1:0.65 | acc@2:0.59 | acc@3:0.555 | Best krc: 0.783 | Best epoch: 19
[2023-12-18 23:32:42] INFO (nni/MainThread) Intermediate result: 0.780669096891222  (Index 44)
-----------------ETPA RESULT-------------------
Epoch 22: Validation	rmse: 16.51	mae: 13.01	mape: 88.71%	acc@10: 47.73%	acc@20: 78.9%	acc@30: 92.62%	
[2023-12-18 23:32:42] INFO (nni/MainThread) Intermediate result: 16.51079226228901  (Index 45)
*** Epoch: 23 ***
-----------------G2R RESULT-------------------

val result: krc:0.779 | lsd:0.632 | ed:0.956 | hr@1:0.647 | hr@2:0.869 | hr@3:0.913 | acc@1:0.647 | acc@2:0.588 | acc@3:0.554 | Best krc: 0.783 | Best epoch: 19
[2023-12-18 23:33:07] INFO (nni/MainThread) Intermediate result: 0.7788886589935998  (Index 46)
-----------------ETPA RESULT-------------------
Epoch 23: Validation	rmse: 16.42	mae: 12.93	mape: 87.71%	acc@10: 48.09%	acc@20: 79.09%	acc@30: 92.76%	
[2023-12-18 23:33:07] INFO (nni/MainThread) Intermediate result: 16.421350459562213  (Index 47)
*** Epoch: 24 ***
-----------------G2R RESULT-------------------

val result: krc:0.787 | lsd:0.621 | ed:0.937 | hr@1:0.652 | hr@2:0.87 | hr@3:0.917 | acc@1:0.652 | acc@2:0.592 | acc@3:0.561 | Best krc: 0.783 | Best epoch: 19
best model saved
[2023-12-18 23:33:33] INFO (nni/MainThread) Intermediate result: 0.7872741231464448  (Index 48)
-----------------ETPA RESULT-------------------
Epoch 24: Validation	rmse: 16.36	mae: 12.87	mape: 86.81%	acc@10: 48.43%	acc@20: 79.21%	acc@30: 92.83%	
[2023-12-18 23:33:33] INFO (nni/MainThread) Intermediate result: 16.359680482438183  (Index 49)
*** Epoch: 25 ***
-----------------G2R RESULT-------------------

val result: krc:0.777 | lsd:0.625 | ed:0.959 | hr@1:0.652 | hr@2:0.869 | hr@3:0.915 | acc@1:0.652 | acc@2:0.592 | acc@3:0.55 | Best krc: 0.787 | Best epoch: 24
[2023-12-18 23:33:58] INFO (nni/MainThread) Intermediate result: 0.7772489849621463  (Index 50)
-----------------ETPA RESULT-------------------
Epoch 25: Validation	rmse: 16.29	mae: 12.8	mape: 86.07%	acc@10: 48.62%	acc@20: 79.36%	acc@30: 92.93%	
[2023-12-18 23:33:58] INFO (nni/MainThread) Intermediate result: 16.287076491797542  (Index 51)
*** Epoch: 26 ***
-----------------G2R RESULT-------------------

val result: krc:0.784 | lsd:0.625 | ed:0.944 | hr@1:0.652 | hr@2:0.87 | hr@3:0.915 | acc@1:0.652 | acc@2:0.594 | acc@3:0.556 | Best krc: 0.787 | Best epoch: 24
[2023-12-18 23:34:24] INFO (nni/MainThread) Intermediate result: 0.7838058538976772  (Index 52)
-----------------ETPA RESULT-------------------
Epoch 26: Validation	rmse: 16.21	mae: 12.75	mape: 85.49%	acc@10: 48.74%	acc@20: 79.55%	acc@30: 93.07%	
[2023-12-18 23:34:24] INFO (nni/MainThread) Intermediate result: 16.214040049877347  (Index 53)
*** Epoch: 27 ***
-----------------G2R RESULT-------------------

val result: krc:0.79 | lsd:0.617 | ed:0.929 | hr@1:0.657 | hr@2:0.873 | hr@3:0.919 | acc@1:0.657 | acc@2:0.601 | acc@3:0.569 | Best krc: 0.787 | Best epoch: 24
best model saved
[2023-12-18 23:34:50] INFO (nni/MainThread) Intermediate result: 0.7900014656026898  (Index 54)
-----------------ETPA RESULT-------------------
Epoch 27: Validation	rmse: 16.14	mae: 12.68	mape: 84.92%	acc@10: 48.88%	acc@20: 79.76%	acc@30: 93.19%	
[2023-12-18 23:34:50] INFO (nni/MainThread) Intermediate result: 16.136552952767005  (Index 55)
*** Epoch: 28 ***
-----------------G2R RESULT-------------------

val result: krc:0.791 | lsd:0.609 | ed:0.919 | hr@1:0.658 | hr@2:0.872 | hr@3:0.919 | acc@1:0.658 | acc@2:0.599 | acc@3:0.57 | Best krc: 0.79 | Best epoch: 27
best model saved
[2023-12-18 23:35:16] INFO (nni/MainThread) Intermediate result: 0.7910478855384846  (Index 56)
-----------------ETPA RESULT-------------------
Epoch 28: Validation	rmse: 16.07	mae: 12.63	mape: 84.34%	acc@10: 49.04%	acc@20: 79.91%	acc@30: 93.3%	
[2023-12-18 23:35:16] INFO (nni/MainThread) Intermediate result: 16.07386104597001  (Index 57)
*** Epoch: 29 ***
-----------------G2R RESULT-------------------

val result: krc:0.79 | lsd:0.621 | ed:0.938 | hr@1:0.652 | hr@2:0.871 | hr@3:0.918 | acc@1:0.652 | acc@2:0.596 | acc@3:0.563 | Best krc: 0.791 | Best epoch: 28
[2023-12-18 23:35:42] INFO (nni/MainThread) Intermediate result: 0.790033973540751  (Index 58)
-----------------ETPA RESULT-------------------
Epoch 29: Validation	rmse: 16.03	mae: 12.59	mape: 83.9%	acc@10: 49.21%	acc@20: 80.02%	acc@30: 93.35%	
[2023-12-18 23:35:42] INFO (nni/MainThread) Intermediate result: 16.025304478183482  (Index 59)
*** Epoch: 30 ***
-----------------G2R RESULT-------------------

val result: krc:0.791 | lsd:0.625 | ed:0.932 | hr@1:0.652 | hr@2:0.873 | hr@3:0.918 | acc@1:0.652 | acc@2:0.596 | acc@3:0.565 | Best krc: 0.791 | Best epoch: 28
[2023-12-18 23:36:08] INFO (nni/MainThread) Intermediate result: 0.7905515770404272  (Index 60)
-----------------ETPA RESULT-------------------
Epoch 30: Validation	rmse: 15.97	mae: 12.55	mape: 83.58%	acc@10: 49.34%	acc@20: 80.14%	acc@30: 93.39%	
[2023-12-18 23:36:08] INFO (nni/MainThread) Intermediate result: 15.970983705358442  (Index 61)
*** Epoch: 31 ***
-----------------G2R RESULT-------------------

val result: krc:0.789 | lsd:0.614 | ed:0.927 | hr@1:0.658 | hr@2:0.874 | hr@3:0.917 | acc@1:0.658 | acc@2:0.605 | acc@3:0.568 | Best krc: 0.791 | Best epoch: 28
[2023-12-18 23:36:33] INFO (nni/MainThread) Intermediate result: 0.7889936667811612  (Index 62)
-----------------ETPA RESULT-------------------
Epoch 31: Validation	rmse: 15.92	mae: 12.5	mape: 83.06%	acc@10: 49.47%	acc@20: 80.23%	acc@30: 93.47%	
[2023-12-18 23:36:33] INFO (nni/MainThread) Intermediate result: 15.915483046130339  (Index 63)
*** Epoch: 32 ***
-----------------G2R RESULT-------------------

val result: krc:0.794 | lsd:0.611 | ed:0.921 | hr@1:0.651 | hr@2:0.875 | hr@3:0.922 | acc@1:0.651 | acc@2:0.6 | acc@3:0.575 | Best krc: 0.791 | Best epoch: 28
best model saved
[2023-12-18 23:37:00] INFO (nni/MainThread) Intermediate result: 0.7935036438403293  (Index 64)
-----------------ETPA RESULT-------------------
Epoch 32: Validation	rmse: 15.87	mae: 12.45	mape: 82.49%	acc@10: 49.8%	acc@20: 80.3%	acc@30: 93.52%	
[2023-12-18 23:37:00] INFO (nni/MainThread) Intermediate result: 15.869430456711804  (Index 65)
*** Epoch: 33 ***
-----------------G2R RESULT-------------------

val result: krc:0.792 | lsd:0.606 | ed:0.923 | hr@1:0.659 | hr@2:0.873 | hr@3:0.918 | acc@1:0.659 | acc@2:0.6 | acc@3:0.565 | Best krc: 0.794 | Best epoch: 32
[2023-12-18 23:37:26] INFO (nni/MainThread) Intermediate result: 0.7916390011711394  (Index 66)
-----------------ETPA RESULT-------------------
Epoch 33: Validation	rmse: 15.81	mae: 12.4	mape: 81.94%	acc@10: 50.04%	acc@20: 80.44%	acc@30: 93.58%	
[2023-12-18 23:37:26] INFO (nni/MainThread) Intermediate result: 15.814338282367993  (Index 67)
*** Epoch: 34 ***
-----------------G2R RESULT-------------------

val result: krc:0.793 | lsd:0.622 | ed:0.919 | hr@1:0.659 | hr@2:0.874 | hr@3:0.919 | acc@1:0.659 | acc@2:0.602 | acc@3:0.571 | Best krc: 0.794 | Best epoch: 32
[2023-12-18 23:37:51] INFO (nni/MainThread) Intermediate result: 0.7934120261186285  (Index 68)
-----------------ETPA RESULT-------------------
Epoch 34: Validation	rmse: 15.76	mae: 12.36	mape: 81.57%	acc@10: 50.14%	acc@20: 80.58%	acc@30: 93.65%	
[2023-12-18 23:37:51] INFO (nni/MainThread) Intermediate result: 15.763802132511058  (Index 69)
*** Epoch: 35 ***
-----------------G2R RESULT-------------------

val result: krc:0.798 | lsd:0.603 | ed:0.898 | hr@1:0.672 | hr@2:0.876 | hr@3:0.92 | acc@1:0.672 | acc@2:0.613 | acc@3:0.58 | Best krc: 0.794 | Best epoch: 32
best model saved
[2023-12-18 23:38:18] INFO (nni/MainThread) Intermediate result: 0.7982245880890393  (Index 70)
-----------------ETPA RESULT-------------------
Epoch 35: Validation	rmse: 15.73	mae: 12.34	mape: 81.46%	acc@10: 50.19%	acc@20: 80.65%	acc@30: 93.7%	
[2023-12-18 23:38:18] INFO (nni/MainThread) Intermediate result: 15.731935385888459  (Index 71)
*** Epoch: 36 ***
-----------------G2R RESULT-------------------

val result: krc:0.799 | lsd:0.601 | ed:0.892 | hr@1:0.671 | hr@2:0.876 | hr@3:0.921 | acc@1:0.671 | acc@2:0.615 | acc@3:0.585 | Best krc: 0.798 | Best epoch: 35
best model saved
[2023-12-18 23:38:45] INFO (nni/MainThread) Intermediate result: 0.799000320478239  (Index 72)
-----------------ETPA RESULT-------------------
Epoch 36: Validation	rmse: 15.69	mae: 12.3	mape: 81.09%	acc@10: 50.34%	acc@20: 80.75%	acc@30: 93.74%	
[2023-12-18 23:38:45] INFO (nni/MainThread) Intermediate result: 15.687493909342313  (Index 73)
*** Epoch: 37 ***
-----------------G2R RESULT-------------------

val result: krc:0.795 | lsd:0.617 | ed:0.916 | hr@1:0.659 | hr@2:0.877 | hr@3:0.921 | acc@1:0.659 | acc@2:0.605 | acc@3:0.577 | Best krc: 0.799 | Best epoch: 36
[2023-12-18 23:39:10] INFO (nni/MainThread) Intermediate result: 0.7950478050346872  (Index 74)
-----------------ETPA RESULT-------------------
Epoch 37: Validation	rmse: 15.65	mae: 12.27	mape: 80.81%	acc@10: 50.46%	acc@20: 80.86%	acc@30: 93.8%	
[2023-12-18 23:39:10] INFO (nni/MainThread) Intermediate result: 15.648673624575498  (Index 75)
*** Epoch: 38 ***
-----------------G2R RESULT-------------------

val result: krc:0.8 | lsd:0.602 | ed:0.901 | hr@1:0.666 | hr@2:0.878 | hr@3:0.922 | acc@1:0.666 | acc@2:0.611 | acc@3:0.581 | Best krc: 0.799 | Best epoch: 36
best model saved
[2023-12-18 23:39:38] INFO (nni/MainThread) Intermediate result: 0.800031202663472  (Index 76)
-----------------ETPA RESULT-------------------
Epoch 38: Validation	rmse: 15.61	mae: 12.24	mape: 80.6%	acc@10: 50.61%	acc@20: 80.96%	acc@30: 93.82%	
[2023-12-18 23:39:38] INFO (nni/MainThread) Intermediate result: 15.61285713168214  (Index 77)
*** Epoch: 39 ***
-----------------G2R RESULT-------------------

val result: krc:0.793 | lsd:0.635 | ed:0.93 | hr@1:0.658 | hr@2:0.876 | hr@3:0.922 | acc@1:0.658 | acc@2:0.605 | acc@3:0.571 | Best krc: 0.8 | Best epoch: 38
[2023-12-18 23:40:03] INFO (nni/MainThread) Intermediate result: 0.7934624888625762  (Index 78)
-----------------ETPA RESULT-------------------
Epoch 39: Validation	rmse: 15.57	mae: 12.2	mape: 80.15%	acc@10: 50.71%	acc@20: 81.03%	acc@30: 93.88%	
[2023-12-18 23:40:03] INFO (nni/MainThread) Intermediate result: 15.573743735954919  (Index 79)
*** Epoch: 40 ***
-----------------G2R RESULT-------------------

val result: krc:0.8 | lsd:0.598 | ed:0.905 | hr@1:0.664 | hr@2:0.878 | hr@3:0.921 | acc@1:0.664 | acc@2:0.611 | acc@3:0.58 | Best krc: 0.8 | Best epoch: 38
best model saved
[2023-12-18 23:40:31] INFO (nni/MainThread) Intermediate result: 0.8002281441371952  (Index 80)
-----------------ETPA RESULT-------------------
Epoch 40: Validation	rmse: 15.55	mae: 12.18	mape: 79.86%	acc@10: 50.81%	acc@20: 81.07%	acc@30: 93.9%	
[2023-12-18 23:40:31] INFO (nni/MainThread) Intermediate result: 15.546581801346628  (Index 81)
*** Epoch: 41 ***
-----------------G2R RESULT-------------------

val result: krc:0.795 | lsd:0.607 | ed:0.932 | hr@1:0.665 | hr@2:0.873 | hr@3:0.919 | acc@1:0.665 | acc@2:0.605 | acc@3:0.57 | Best krc: 0.8 | Best epoch: 40
[2023-12-18 23:40:56] INFO (nni/MainThread) Intermediate result: 0.79538088755404  (Index 82)
-----------------ETPA RESULT-------------------
Epoch 41: Validation	rmse: 15.52	mae: 12.15	mape: 79.45%	acc@10: 50.95%	acc@20: 81.14%	acc@30: 93.94%	
[2023-12-18 23:40:56] INFO (nni/MainThread) Intermediate result: 15.515087363650824  (Index 83)
*** Epoch: 42 ***
-----------------G2R RESULT-------------------

val result: krc:0.796 | lsd:0.613 | ed:0.922 | hr@1:0.667 | hr@2:0.874 | hr@3:0.921 | acc@1:0.667 | acc@2:0.61 | acc@3:0.582 | Best krc: 0.8 | Best epoch: 40
[2023-12-18 23:41:22] INFO (nni/MainThread) Intermediate result: 0.7963933189031572  (Index 84)
-----------------ETPA RESULT-------------------
Epoch 42: Validation	rmse: 15.48	mae: 12.12	mape: 79.07%	acc@10: 51.02%	acc@20: 81.18%	acc@30: 94.0%	
[2023-12-18 23:41:22] INFO (nni/MainThread) Intermediate result: 15.484830841155025  (Index 85)
*** Epoch: 43 ***
-----------------G2R RESULT-------------------

val result: krc:0.773 | lsd:0.697 | ed:0.989 | hr@1:0.651 | hr@2:0.869 | hr@3:0.912 | acc@1:0.651 | acc@2:0.593 | acc@3:0.546 | Best krc: 0.8 | Best epoch: 40
[2023-12-18 23:41:48] INFO (nni/MainThread) Intermediate result: 0.773232867636016  (Index 86)
-----------------ETPA RESULT-------------------
Epoch 43: Validation	rmse: 15.46	mae: 12.1	mape: 78.81%	acc@10: 51.08%	acc@20: 81.24%	acc@30: 94.03%	
[2023-12-18 23:41:48] INFO (nni/MainThread) Intermediate result: 15.457504643161997  (Index 87)
*** Epoch: 44 ***
-----------------G2R RESULT-------------------

val result: krc:0.787 | lsd:0.641 | ed:0.949 | hr@1:0.666 | hr@2:0.873 | hr@3:0.917 | acc@1:0.666 | acc@2:0.609 | acc@3:0.567 | Best krc: 0.8 | Best epoch: 40
[2023-12-18 23:42:13] INFO (nni/MainThread) Intermediate result: 0.7869118427929098  (Index 88)
-----------------ETPA RESULT-------------------
Epoch 44: Validation	rmse: 15.41	mae: 12.06	mape: 78.38%	acc@10: 51.18%	acc@20: 81.39%	acc@30: 94.08%	
[2023-12-18 23:42:13] INFO (nni/MainThread) Intermediate result: 15.411904082798191  (Index 89)
*** Epoch: 45 ***
-----------------G2R RESULT-------------------

val result: krc:0.773 | lsd:0.67 | ed:0.987 | hr@1:0.648 | hr@2:0.869 | hr@3:0.911 | acc@1:0.648 | acc@2:0.596 | acc@3:0.551 | Best krc: 0.8 | Best epoch: 40
[2023-12-18 23:42:39] INFO (nni/MainThread) Intermediate result: 0.7729020436235128  (Index 90)
-----------------ETPA RESULT-------------------
Epoch 45: Validation	rmse: 15.37	mae: 12.03	mape: 78.16%	acc@10: 51.32%	acc@20: 81.5%	acc@30: 94.12%	
[2023-12-18 23:42:39] INFO (nni/MainThread) Intermediate result: 15.3748908853338  (Index 91)
*** Epoch: 46 ***
-----------------G2R RESULT-------------------

val result: krc:0.802 | lsd:0.594 | ed:0.887 | hr@1:0.674 | hr@2:0.874 | hr@3:0.918 | acc@1:0.674 | acc@2:0.62 | acc@3:0.586 | Best krc: 0.8 | Best epoch: 40
best model saved
[2023-12-18 23:43:06] INFO (nni/MainThread) Intermediate result: 0.8023362807009505  (Index 92)
-----------------ETPA RESULT-------------------
Epoch 46: Validation	rmse: 15.35	mae: 12.01	mape: 77.89%	acc@10: 51.39%	acc@20: 81.58%	acc@30: 94.16%	
[2023-12-18 23:43:06] INFO (nni/MainThread) Intermediate result: 15.347377054831409  (Index 93)
*** Epoch: 47 ***
-----------------G2R RESULT-------------------

val result: krc:0.791 | lsd:0.624 | ed:0.934 | hr@1:0.669 | hr@2:0.871 | hr@3:0.916 | acc@1:0.669 | acc@2:0.61 | acc@3:0.572 | Best krc: 0.802 | Best epoch: 46
[2023-12-18 23:43:31] INFO (nni/MainThread) Intermediate result: 0.790633202001807  (Index 94)
-----------------ETPA RESULT-------------------
Epoch 47: Validation	rmse: 15.33	mae: 11.99	mape: 77.69%	acc@10: 51.49%	acc@20: 81.63%	acc@30: 94.17%	
[2023-12-18 23:43:31] INFO (nni/MainThread) Intermediate result: 15.328102550977185  (Index 95)
*** Epoch: 48 ***
-----------------G2R RESULT-------------------

val result: krc:0.803 | lsd:0.602 | ed:0.895 | hr@1:0.675 | hr@2:0.878 | hr@3:0.921 | acc@1:0.675 | acc@2:0.622 | acc@3:0.589 | Best krc: 0.802 | Best epoch: 46
best model saved
[2023-12-18 23:43:58] INFO (nni/MainThread) Intermediate result: 0.8026569731423252  (Index 96)
-----------------ETPA RESULT-------------------
Epoch 48: Validation	rmse: 15.3	mae: 11.97	mape: 77.55%	acc@10: 51.6%	acc@20: 81.69%	acc@30: 94.22%	
[2023-12-18 23:43:59] INFO (nni/MainThread) Intermediate result: 15.304084247572069  (Index 97)
*** Epoch: 49 ***
-----------------G2R RESULT-------------------

val result: krc:0.801 | lsd:0.603 | ed:0.903 | hr@1:0.674 | hr@2:0.878 | hr@3:0.921 | acc@1:0.674 | acc@2:0.616 | acc@3:0.584 | Best krc: 0.803 | Best epoch: 48
[2023-12-18 23:44:24] INFO (nni/MainThread) Intermediate result: 0.8014725412888946  (Index 98)
-----------------ETPA RESULT-------------------
Epoch 49: Validation	rmse: 15.29	mae: 11.96	mape: 77.4%	acc@10: 51.64%	acc@20: 81.7%	acc@30: 94.24%	
[2023-12-18 23:44:24] INFO (nni/MainThread) Intermediate result: 15.289499186927705  (Index 99)
*** Epoch: 50 ***
-----------------G2R RESULT-------------------

val result: krc:0.796 | lsd:0.594 | ed:0.906 | hr@1:0.668 | hr@2:0.874 | hr@3:0.918 | acc@1:0.668 | acc@2:0.614 | acc@3:0.581 | Best krc: 0.803 | Best epoch: 48
[2023-12-18 23:44:51] INFO (nni/MainThread) Intermediate result: 0.796459734859385  (Index 100)
-----------------ETPA RESULT-------------------
Epoch 50: Validation	rmse: 15.27	mae: 11.95	mape: 77.16%	acc@10: 51.66%	acc@20: 81.72%	acc@30: 94.28%	
[2023-12-18 23:44:51] INFO (nni/MainThread) Intermediate result: 15.271676007775357  (Index 101)
*** Epoch: 51 ***
-----------------G2R RESULT-------------------

val result: krc:0.791 | lsd:0.605 | ed:0.944 | hr@1:0.657 | hr@2:0.872 | hr@3:0.917 | acc@1:0.657 | acc@2:0.599 | acc@3:0.562 | Best krc: 0.803 | Best epoch: 48
[2023-12-18 23:45:16] INFO (nni/MainThread) Intermediate result: 0.7910162593240861  (Index 102)
-----------------ETPA RESULT-------------------
Epoch 51: Validation	rmse: 15.25	mae: 11.93	mape: 76.95%	acc@10: 51.7%	acc@20: 81.77%	acc@30: 94.32%	
[2023-12-18 23:45:16] INFO (nni/MainThread) Intermediate result: 15.250206333060417  (Index 103)
*** Epoch: 52 ***
-----------------G2R RESULT-------------------

val result: krc:0.803 | lsd:0.601 | ed:0.901 | hr@1:0.676 | hr@2:0.873 | hr@3:0.918 | acc@1:0.676 | acc@2:0.616 | acc@3:0.582 | Best krc: 0.803 | Best epoch: 48
best model saved
[2023-12-18 23:45:44] INFO (nni/MainThread) Intermediate result: 0.8028853683685341  (Index 104)
-----------------ETPA RESULT-------------------
Epoch 52: Validation	rmse: 15.23	mae: 11.91	mape: 76.68%	acc@10: 51.75%	acc@20: 81.84%	acc@30: 94.37%	
[2023-12-18 23:45:44] INFO (nni/MainThread) Intermediate result: 15.225393202096008  (Index 105)
*** Epoch: 53 ***
-----------------G2R RESULT-------------------

val result: krc:0.799 | lsd:0.585 | ed:0.919 | hr@1:0.672 | hr@2:0.875 | hr@3:0.921 | acc@1:0.672 | acc@2:0.613 | acc@3:0.579 | Best krc: 0.803 | Best epoch: 52
[2023-12-18 23:46:09] INFO (nni/MainThread) Intermediate result: 0.7994353771704013  (Index 106)
-----------------ETPA RESULT-------------------
Epoch 53: Validation	rmse: 15.21	mae: 11.9	mape: 76.58%	acc@10: 51.82%	acc@20: 81.86%	acc@30: 94.36%	
[2023-12-18 23:46:09] INFO (nni/MainThread) Intermediate result: 15.211560513538268  (Index 107)
*** Epoch: 54 ***
-----------------G2R RESULT-------------------

val result: krc:0.798 | lsd:0.59 | ed:0.913 | hr@1:0.675 | hr@2:0.875 | hr@3:0.919 | acc@1:0.675 | acc@2:0.614 | acc@3:0.58 | Best krc: 0.803 | Best epoch: 52
[2023-12-18 23:46:35] INFO (nni/MainThread) Intermediate result: 0.7983628802168373  (Index 108)
-----------------ETPA RESULT-------------------
Epoch 54: Validation	rmse: 15.2	mae: 11.89	mape: 76.36%	acc@10: 51.86%	acc@20: 81.89%	acc@30: 94.4%	
[2023-12-18 23:46:35] INFO (nni/MainThread) Intermediate result: 15.19965719360852  (Index 109)
*** Epoch: 55 ***
-----------------G2R RESULT-------------------

val result: krc:0.802 | lsd:0.592 | ed:0.901 | hr@1:0.674 | hr@2:0.877 | hr@3:0.922 | acc@1:0.674 | acc@2:0.615 | acc@3:0.585 | Best krc: 0.803 | Best epoch: 52
[2023-12-18 23:47:01] INFO (nni/MainThread) Intermediate result: 0.8018956168934307  (Index 110)
-----------------ETPA RESULT-------------------
Epoch 55: Validation	rmse: 15.17	mae: 11.87	mape: 76.14%	acc@10: 51.91%	acc@20: 81.94%	acc@30: 94.44%	
[2023-12-18 23:47:01] INFO (nni/MainThread) Intermediate result: 15.174742678086945  (Index 111)
*** Epoch: 56 ***
-----------------G2R RESULT-------------------

val result: krc:0.788 | lsd:0.629 | ed:0.948 | hr@1:0.67 | hr@2:0.874 | hr@3:0.917 | acc@1:0.67 | acc@2:0.607 | acc@3:0.567 | Best krc: 0.803 | Best epoch: 52
[2023-12-18 23:47:27] INFO (nni/MainThread) Intermediate result: 0.7882464342892851  (Index 112)
-----------------ETPA RESULT-------------------
Epoch 56: Validation	rmse: 15.15	mae: 11.85	mape: 75.91%	acc@10: 52.01%	acc@20: 82.01%	acc@30: 94.48%	
[2023-12-18 23:47:27] INFO (nni/MainThread) Intermediate result: 15.149712428192375  (Index 113)
*** Epoch: 57 ***
-----------------G2R RESULT-------------------

val result: krc:0.777 | lsd:0.645 | ed:0.983 | hr@1:0.655 | hr@2:0.871 | hr@3:0.914 | acc@1:0.655 | acc@2:0.593 | acc@3:0.554 | Best krc: 0.803 | Best epoch: 52
[2023-12-18 23:47:53] INFO (nni/MainThread) Intermediate result: 0.7767733592744522  (Index 114)
-----------------ETPA RESULT-------------------
Epoch 57: Validation	rmse: 15.13	mae: 11.83	mape: 75.8%	acc@10: 52.1%	acc@20: 82.06%	acc@30: 94.51%	
[2023-12-18 23:47:53] INFO (nni/MainThread) Intermediate result: 15.128529485112198  (Index 115)
*** Epoch: 58 ***
-----------------G2R RESULT-------------------

val result: krc:0.806 | lsd:0.576 | ed:0.89 | hr@1:0.687 | hr@2:0.876 | hr@3:0.922 | acc@1:0.687 | acc@2:0.626 | acc@3:0.59 | Best krc: 0.803 | Best epoch: 52
best model saved
[2023-12-18 23:48:20] INFO (nni/MainThread) Intermediate result: 0.805837941552852  (Index 116)
-----------------ETPA RESULT-------------------
Epoch 58: Validation	rmse: 15.11	mae: 11.82	mape: 75.74%	acc@10: 52.13%	acc@20: 82.1%	acc@30: 94.55%	
[2023-12-18 23:48:20] INFO (nni/MainThread) Intermediate result: 15.109312717216731  (Index 117)
*** Epoch: 59 ***
-----------------G2R RESULT-------------------

val result: krc:0.804 | lsd:0.604 | ed:0.888 | hr@1:0.684 | hr@2:0.877 | hr@3:0.92 | acc@1:0.684 | acc@2:0.627 | acc@3:0.591 | Best krc: 0.806 | Best epoch: 58
[2023-12-18 23:48:45] INFO (nni/MainThread) Intermediate result: 0.8041432508769631  (Index 118)
-----------------ETPA RESULT-------------------
Epoch 59: Validation	rmse: 15.1	mae: 11.81	mape: 75.65%	acc@10: 52.19%	acc@20: 82.1%	acc@30: 94.59%	
[2023-12-18 23:48:45] INFO (nni/MainThread) Intermediate result: 15.095451857974492  (Index 119)
*** Epoch: 60 ***
-----------------G2R RESULT-------------------

val result: krc:0.803 | lsd:0.602 | ed:0.887 | hr@1:0.69 | hr@2:0.88 | hr@3:0.922 | acc@1:0.69 | acc@2:0.632 | acc@3:0.596 | Best krc: 0.806 | Best epoch: 58
[2023-12-18 23:49:12] INFO (nni/MainThread) Intermediate result: 0.8029993100391002  (Index 120)
-----------------ETPA RESULT-------------------
Epoch 60: Validation	rmse: 15.08	mae: 11.8	mape: 75.62%	acc@10: 52.22%	acc@20: 82.13%	acc@30: 94.63%	
[2023-12-18 23:49:12] INFO (nni/MainThread) Intermediate result: 15.076265577291096  (Index 121)
*** Epoch: 61 ***
-----------------G2R RESULT-------------------

val result: krc:0.81 | lsd:0.589 | ed:0.869 | hr@1:0.691 | hr@2:0.878 | hr@3:0.919 | acc@1:0.691 | acc@2:0.634 | acc@3:0.597 | Best krc: 0.806 | Best epoch: 58
best model saved
[2023-12-18 23:49:39] INFO (nni/MainThread) Intermediate result: 0.8095491158018487  (Index 122)
-----------------ETPA RESULT-------------------
Epoch 61: Validation	rmse: 15.06	mae: 11.79	mape: 75.52%	acc@10: 52.27%	acc@20: 82.16%	acc@30: 94.67%	
[2023-12-18 23:49:39] INFO (nni/MainThread) Intermediate result: 15.056449617726068  (Index 123)
*** Epoch: 62 ***
-----------------G2R RESULT-------------------

val result: krc:0.805 | lsd:0.606 | ed:0.885 | hr@1:0.684 | hr@2:0.878 | hr@3:0.919 | acc@1:0.684 | acc@2:0.626 | acc@3:0.59 | Best krc: 0.81 | Best epoch: 61
[2023-12-18 23:50:04] INFO (nni/MainThread) Intermediate result: 0.8051748960362864  (Index 124)
-----------------ETPA RESULT-------------------
Epoch 62: Validation	rmse: 15.04	mae: 11.78	mape: 75.41%	acc@10: 52.32%	acc@20: 82.21%	acc@30: 94.7%	
[2023-12-18 23:50:04] INFO (nni/MainThread) Intermediate result: 15.036050993918604  (Index 125)
*** Epoch: 63 ***
-----------------G2R RESULT-------------------

val result: krc:0.81 | lsd:0.573 | ed:0.867 | hr@1:0.69 | hr@2:0.877 | hr@3:0.921 | acc@1:0.69 | acc@2:0.634 | acc@3:0.598 | Best krc: 0.81 | Best epoch: 61
best model saved
[2023-12-18 23:50:32] INFO (nni/MainThread) Intermediate result: 0.8097673011533963  (Index 126)
-----------------ETPA RESULT-------------------
Epoch 63: Validation	rmse: 15.01	mae: 11.76	mape: 75.16%	acc@10: 52.37%	acc@20: 82.27%	acc@30: 94.72%	
[2023-12-18 23:50:32] INFO (nni/MainThread) Intermediate result: 15.01295665957422  (Index 127)
*** Epoch: 64 ***
-----------------G2R RESULT-------------------

val result: krc:0.812 | lsd:0.58 | ed:0.857 | hr@1:0.696 | hr@2:0.881 | hr@3:0.923 | acc@1:0.696 | acc@2:0.639 | acc@3:0.602 | Best krc: 0.81 | Best epoch: 63
best model saved
[2023-12-18 23:50:59] INFO (nni/MainThread) Intermediate result: 0.8124508706406387  (Index 128)
-----------------ETPA RESULT-------------------
Epoch 64: Validation	rmse: 14.99	mae: 11.74	mape: 74.86%	acc@10: 52.42%	acc@20: 82.34%	acc@30: 94.74%	
[2023-12-18 23:50:59] INFO (nni/MainThread) Intermediate result: 14.992914372197047  (Index 129)
*** Epoch: 65 ***
-----------------G2R RESULT-------------------

val result: krc:0.811 | lsd:0.596 | ed:0.874 | hr@1:0.69 | hr@2:0.879 | hr@3:0.921 | acc@1:0.69 | acc@2:0.633 | acc@3:0.6 | Best krc: 0.812 | Best epoch: 64
[2023-12-18 23:51:26] INFO (nni/MainThread) Intermediate result: 0.8106665039765169  (Index 130)
-----------------ETPA RESULT-------------------
Epoch 65: Validation	rmse: 14.98	mae: 11.73	mape: 74.8%	acc@10: 52.5%	acc@20: 82.37%	acc@30: 94.77%	
[2023-12-18 23:51:27] INFO (nni/MainThread) Intermediate result: 14.976994453463073  (Index 131)
*** Epoch: 66 ***
-----------------G2R RESULT-------------------

val result: krc:0.814 | lsd:0.582 | ed:0.853 | hr@1:0.697 | hr@2:0.88 | hr@3:0.921 | acc@1:0.697 | acc@2:0.642 | acc@3:0.608 | Best krc: 0.812 | Best epoch: 64
best model saved
[2023-12-18 23:51:55] INFO (nni/MainThread) Intermediate result: 0.8140602389399941  (Index 132)
-----------------ETPA RESULT-------------------
Epoch 66: Validation	rmse: 14.96	mae: 11.71	mape: 74.69%	acc@10: 52.55%	acc@20: 82.38%	acc@30: 94.8%	
[2023-12-18 23:51:55] INFO (nni/MainThread) Intermediate result: 14.961136107146913  (Index 133)
*** Epoch: 67 ***
-----------------G2R RESULT-------------------

val result: krc:0.815 | lsd:0.573 | ed:0.864 | hr@1:0.692 | hr@2:0.88 | hr@3:0.922 | acc@1:0.692 | acc@2:0.635 | acc@3:0.604 | Best krc: 0.814 | Best epoch: 66
best model saved
[2023-12-18 23:52:23] INFO (nni/MainThread) Intermediate result: 0.8149305238155258  (Index 134)
-----------------ETPA RESULT-------------------
Epoch 67: Validation	rmse: 14.94	mae: 11.7	mape: 74.51%	acc@10: 52.61%	acc@20: 82.45%	acc@30: 94.82%	
[2023-12-18 23:52:23] INFO (nni/MainThread) Intermediate result: 14.943014441086598  (Index 135)
*** Epoch: 68 ***
-----------------G2R RESULT-------------------

val result: krc:0.812 | lsd:0.587 | ed:0.872 | hr@1:0.691 | hr@2:0.88 | hr@3:0.922 | acc@1:0.691 | acc@2:0.635 | acc@3:0.604 | Best krc: 0.815 | Best epoch: 67
[2023-12-18 23:52:50] INFO (nni/MainThread) Intermediate result: 0.8117746264488722  (Index 136)
-----------------ETPA RESULT-------------------
Epoch 68: Validation	rmse: 14.92	mae: 11.68	mape: 74.32%	acc@10: 52.67%	acc@20: 82.49%	acc@30: 94.84%	
[2023-12-18 23:52:50] INFO (nni/MainThread) Intermediate result: 14.92394324499911  (Index 137)
*** Epoch: 69 ***
-----------------G2R RESULT-------------------

val result: krc:0.817 | lsd:0.557 | ed:0.853 | hr@1:0.701 | hr@2:0.881 | hr@3:0.925 | acc@1:0.701 | acc@2:0.643 | acc@3:0.611 | Best krc: 0.815 | Best epoch: 67
best model saved
[2023-12-18 23:53:18] INFO (nni/MainThread) Intermediate result: 0.8166508365721307  (Index 138)
-----------------ETPA RESULT-------------------
Epoch 69: Validation	rmse: 14.91	mae: 11.67	mape: 74.24%	acc@10: 52.7%	acc@20: 82.52%	acc@30: 94.86%	
[2023-12-18 23:53:18] INFO (nni/MainThread) Intermediate result: 14.910256495929607  (Index 139)
*** Epoch: 70 ***
-----------------G2R RESULT-------------------

val result: krc:0.816 | lsd:0.568 | ed:0.859 | hr@1:0.7 | hr@2:0.883 | hr@3:0.925 | acc@1:0.7 | acc@2:0.642 | acc@3:0.61 | Best krc: 0.817 | Best epoch: 69
[2023-12-18 23:53:49] INFO (nni/MainThread) Intermediate result: 0.8163094072844839  (Index 140)
-----------------ETPA RESULT-------------------
Epoch 70: Validation	rmse: 14.9	mae: 11.67	mape: 74.26%	acc@10: 52.72%	acc@20: 82.51%	acc@30: 94.89%	
[2023-12-18 23:53:49] INFO (nni/MainThread) Intermediate result: 14.900893763569414  (Index 141)
*** Epoch: 71 ***
-----------------G2R RESULT-------------------

val result: krc:0.814 | lsd:0.587 | ed:0.861 | hr@1:0.703 | hr@2:0.88 | hr@3:0.924 | acc@1:0.703 | acc@2:0.642 | acc@3:0.613 | Best krc: 0.817 | Best epoch: 69
[2023-12-18 23:54:16] INFO (nni/MainThread) Intermediate result: 0.8137452141212528  (Index 142)
-----------------ETPA RESULT-------------------
Epoch 71: Validation	rmse: 14.89	mae: 11.66	mape: 74.18%	acc@10: 52.79%	acc@20: 82.55%	acc@30: 94.9%	
[2023-12-18 23:54:16] INFO (nni/MainThread) Intermediate result: 14.886735831161241  (Index 143)
*** Epoch: 72 ***
-----------------G2R RESULT-------------------

val result: krc:0.811 | lsd:0.563 | ed:0.868 | hr@1:0.693 | hr@2:0.877 | hr@3:0.921 | acc@1:0.693 | acc@2:0.636 | acc@3:0.601 | Best krc: 0.817 | Best epoch: 69
[2023-12-18 23:54:43] INFO (nni/MainThread) Intermediate result: 0.8114874686278273  (Index 144)
-----------------ETPA RESULT-------------------
Epoch 72: Validation	rmse: 14.87	mae: 11.64	mape: 74.07%	acc@10: 52.86%	acc@20: 82.6%	acc@30: 94.93%	
[2023-12-18 23:54:43] INFO (nni/MainThread) Intermediate result: 14.868964133717391  (Index 145)
*** Epoch: 73 ***
-----------------G2R RESULT-------------------

val result: krc:0.781 | lsd:0.628 | ed:0.97 | hr@1:0.661 | hr@2:0.869 | hr@3:0.914 | acc@1:0.661 | acc@2:0.597 | acc@3:0.562 | Best krc: 0.817 | Best epoch: 69
[2023-12-18 23:55:10] INFO (nni/MainThread) Intermediate result: 0.7806277189748987  (Index 146)
-----------------ETPA RESULT-------------------
Epoch 73: Validation	rmse: 14.86	mae: 11.63	mape: 73.99%	acc@10: 52.9%	acc@20: 82.62%	acc@30: 94.95%	
[2023-12-18 23:55:10] INFO (nni/MainThread) Intermediate result: 14.855238051735272  (Index 147)
*** Epoch: 74 ***
-----------------G2R RESULT-------------------

val result: krc:0.815 | lsd:0.55 | ed:0.871 | hr@1:0.698 | hr@2:0.884 | hr@3:0.923 | acc@1:0.698 | acc@2:0.638 | acc@3:0.602 | Best krc: 0.817 | Best epoch: 69
[2023-12-18 23:55:37] INFO (nni/MainThread) Intermediate result: 0.8151247744951287  (Index 148)
-----------------ETPA RESULT-------------------
Epoch 74: Validation	rmse: 14.85	mae: 11.63	mape: 73.97%	acc@10: 52.94%	acc@20: 82.62%	acc@30: 94.95%	
[2023-12-18 23:55:37] INFO (nni/MainThread) Intermediate result: 14.849303281807332  (Index 149)
*** Epoch: 75 ***
-----------------G2R RESULT-------------------

val result: krc:0.814 | lsd:0.58 | ed:0.852 | hr@1:0.711 | hr@2:0.882 | hr@3:0.924 | acc@1:0.711 | acc@2:0.65 | acc@3:0.614 | Best krc: 0.817 | Best epoch: 69
[2023-12-18 23:56:05] INFO (nni/MainThread) Intermediate result: 0.8143566893195229  (Index 150)
-----------------ETPA RESULT-------------------
Epoch 75: Validation	rmse: 14.84	mae: 11.62	mape: 73.85%	acc@10: 52.98%	acc@20: 82.65%	acc@30: 94.97%	
[2023-12-18 23:56:05] INFO (nni/MainThread) Intermediate result: 14.838601699528725  (Index 151)
*** Epoch: 76 ***
-----------------G2R RESULT-------------------

val result: krc:0.822 | lsd:0.562 | ed:0.843 | hr@1:0.706 | hr@2:0.887 | hr@3:0.927 | acc@1:0.706 | acc@2:0.65 | acc@3:0.619 | Best krc: 0.817 | Best epoch: 69
best model saved
[2023-12-18 23:56:34] INFO (nni/MainThread) Intermediate result: 0.8217951346941289  (Index 152)
-----------------ETPA RESULT-------------------
Epoch 76: Validation	rmse: 14.83	mae: 11.61	mape: 73.73%	acc@10: 53.01%	acc@20: 82.68%	acc@30: 94.98%	
[2023-12-18 23:56:34] INFO (nni/MainThread) Intermediate result: 14.827831248818852  (Index 153)
*** Epoch: 77 ***
-----------------G2R RESULT-------------------

val result: krc:0.82 | lsd:0.573 | ed:0.843 | hr@1:0.712 | hr@2:0.885 | hr@3:0.926 | acc@1:0.712 | acc@2:0.651 | acc@3:0.621 | Best krc: 0.822 | Best epoch: 76
[2023-12-18 23:57:01] INFO (nni/MainThread) Intermediate result: 0.8197930201428231  (Index 154)
-----------------ETPA RESULT-------------------
Epoch 77: Validation	rmse: 14.82	mae: 11.61	mape: 73.74%	acc@10: 53.01%	acc@20: 82.68%	acc@30: 95.0%	
[2023-12-18 23:57:01] INFO (nni/MainThread) Intermediate result: 14.819937847398132  (Index 155)
*** Epoch: 78 ***
-----------------G2R RESULT-------------------

val result: krc:0.818 | lsd:0.569 | ed:0.857 | hr@1:0.702 | hr@2:0.885 | hr@3:0.926 | acc@1:0.702 | acc@2:0.646 | acc@3:0.616 | Best krc: 0.822 | Best epoch: 76
[2023-12-18 23:57:28] INFO (nni/MainThread) Intermediate result: 0.8175399314446101  (Index 156)
-----------------ETPA RESULT-------------------
Epoch 78: Validation	rmse: 14.81	mae: 11.6	mape: 73.64%	acc@10: 53.07%	acc@20: 82.72%	acc@30: 95.03%	
[2023-12-18 23:57:28] INFO (nni/MainThread) Intermediate result: 14.807677714463354  (Index 157)
*** Epoch: 79 ***
-----------------G2R RESULT-------------------

val result: krc:0.815 | lsd:0.603 | ed:0.855 | hr@1:0.704 | hr@2:0.88 | hr@3:0.923 | acc@1:0.704 | acc@2:0.646 | acc@3:0.612 | Best krc: 0.822 | Best epoch: 76
[2023-12-18 23:57:55] INFO (nni/MainThread) Intermediate result: 0.814616786151548  (Index 158)
-----------------ETPA RESULT-------------------
Epoch 79: Validation	rmse: 14.8	mae: 11.59	mape: 73.54%	acc@10: 53.12%	acc@20: 82.75%	acc@30: 95.04%	
[2023-12-18 23:57:55] INFO (nni/MainThread) Intermediate result: 14.79793368324582  (Index 159)
*** Epoch: 80 ***
-----------------G2R RESULT-------------------

val result: krc:0.817 | lsd:0.556 | ed:0.851 | hr@1:0.704 | hr@2:0.885 | hr@3:0.927 | acc@1:0.704 | acc@2:0.645 | acc@3:0.615 | Best krc: 0.822 | Best epoch: 76
[2023-12-18 23:58:22] INFO (nni/MainThread) Intermediate result: 0.8174759775197029  (Index 160)
-----------------ETPA RESULT-------------------
Epoch 80: Validation	rmse: 14.79	mae: 11.58	mape: 73.53%	acc@10: 53.14%	acc@20: 82.74%	acc@30: 95.05%	
[2023-12-18 23:58:22] INFO (nni/MainThread) Intermediate result: 14.793845449169584  (Index 161)
*** Epoch: 81 ***
-----------------G2R RESULT-------------------

val result: krc:0.792 | lsd:0.597 | ed:0.934 | hr@1:0.674 | hr@2:0.876 | hr@3:0.919 | acc@1:0.674 | acc@2:0.614 | acc@3:0.58 | Best krc: 0.822 | Best epoch: 76
[2023-12-18 23:58:49] INFO (nni/MainThread) Intermediate result: 0.7924758983263573  (Index 162)
-----------------ETPA RESULT-------------------
Epoch 81: Validation	rmse: 14.79	mae: 11.58	mape: 73.54%	acc@10: 53.15%	acc@20: 82.75%	acc@30: 95.06%	
[2023-12-18 23:58:50] INFO (nni/MainThread) Intermediate result: 14.78751585375318  (Index 163)
*** Epoch: 82 ***
-----------------G2R RESULT-------------------

val result: krc:0.813 | lsd:0.555 | ed:0.867 | hr@1:0.695 | hr@2:0.878 | hr@3:0.922 | acc@1:0.695 | acc@2:0.635 | acc@3:0.603 | Best krc: 0.822 | Best epoch: 76
[2023-12-18 23:59:17] INFO (nni/MainThread) Intermediate result: 0.8131357712555789  (Index 164)
-----------------ETPA RESULT-------------------
Epoch 82: Validation	rmse: 14.78	mae: 11.57	mape: 73.53%	acc@10: 53.18%	acc@20: 82.75%	acc@30: 95.07%	
[2023-12-18 23:59:17] INFO (nni/MainThread) Intermediate result: 14.781147636581002  (Index 165)
*** Epoch: 83 ***
-----------------G2R RESULT-------------------

val result: krc:0.818 | lsd:0.569 | ed:0.857 | hr@1:0.708 | hr@2:0.882 | hr@3:0.924 | acc@1:0.708 | acc@2:0.645 | acc@3:0.614 | Best krc: 0.822 | Best epoch: 76
[2023-12-18 23:59:44] INFO (nni/MainThread) Intermediate result: 0.8179605155731084  (Index 166)
-----------------ETPA RESULT-------------------
Epoch 83: Validation	rmse: 14.77	mae: 11.57	mape: 73.47%	acc@10: 53.23%	acc@20: 82.77%	acc@30: 95.09%	
[2023-12-18 23:59:44] INFO (nni/MainThread) Intermediate result: 14.772003772555292  (Index 167)
*** Epoch: 84 ***
-----------------G2R RESULT-------------------

val result: krc:0.819 | lsd:0.598 | ed:0.847 | hr@1:0.709 | hr@2:0.882 | hr@3:0.923 | acc@1:0.709 | acc@2:0.649 | acc@3:0.617 | Best krc: 0.822 | Best epoch: 76
[2023-12-19 00:00:12] INFO (nni/MainThread) Intermediate result: 0.8192126181806986  (Index 168)
-----------------ETPA RESULT-------------------
Epoch 84: Validation	rmse: 14.76	mae: 11.56	mape: 73.37%	acc@10: 53.27%	acc@20: 82.81%	acc@30: 95.1%	
[2023-12-19 00:00:12] INFO (nni/MainThread) Intermediate result: 14.764996842246866  (Index 169)
*** Epoch: 85 ***
-----------------G2R RESULT-------------------

val result: krc:0.821 | lsd:0.552 | ed:0.847 | hr@1:0.711 | hr@2:0.883 | hr@3:0.926 | acc@1:0.711 | acc@2:0.65 | acc@3:0.618 | Best krc: 0.822 | Best epoch: 76
[2023-12-19 00:00:39] INFO (nni/MainThread) Intermediate result: 0.8207153040646699  (Index 170)
-----------------ETPA RESULT-------------------
Epoch 85: Validation	rmse: 14.76	mae: 11.55	mape: 73.32%	acc@10: 53.31%	acc@20: 82.81%	acc@30: 95.12%	
[2023-12-19 00:00:39] INFO (nni/MainThread) Intermediate result: 14.756682860819584  (Index 171)
*** Epoch: 86 ***
-----------------G2R RESULT-------------------

val result: krc:0.825 | lsd:0.55 | ed:0.828 | hr@1:0.717 | hr@2:0.887 | hr@3:0.925 | acc@1:0.717 | acc@2:0.657 | acc@3:0.62 | Best krc: 0.822 | Best epoch: 76
best model saved
[2023-12-19 00:01:08] INFO (nni/MainThread) Intermediate result: 0.8245575694285795  (Index 172)
-----------------ETPA RESULT-------------------
Epoch 86: Validation	rmse: 14.75	mae: 11.54	mape: 73.22%	acc@10: 53.35%	acc@20: 82.84%	acc@30: 95.13%	
[2023-12-19 00:01:08] INFO (nni/MainThread) Intermediate result: 14.748537147111753  (Index 173)
*** Epoch: 87 ***
-----------------G2R RESULT-------------------

val result: krc:0.823 | lsd:0.56 | ed:0.845 | hr@1:0.717 | hr@2:0.887 | hr@3:0.927 | acc@1:0.717 | acc@2:0.656 | acc@3:0.618 | Best krc: 0.825 | Best epoch: 86
[2023-12-19 00:01:35] INFO (nni/MainThread) Intermediate result: 0.8225068177057683  (Index 174)
-----------------ETPA RESULT-------------------
Epoch 87: Validation	rmse: 14.74	mae: 11.53	mape: 73.16%	acc@10: 53.37%	acc@20: 82.87%	acc@30: 95.15%	
[2023-12-19 00:01:35] INFO (nni/MainThread) Intermediate result: 14.737787282553022  (Index 175)
*** Epoch: 88 ***
-----------------G2R RESULT-------------------

val result: krc:0.825 | lsd:0.555 | ed:0.852 | hr@1:0.714 | hr@2:0.887 | hr@3:0.926 | acc@1:0.714 | acc@2:0.651 | acc@3:0.614 | Best krc: 0.825 | Best epoch: 86
best model saved
[2023-12-19 00:02:03] INFO (nni/MainThread) Intermediate result: 0.8245970897391972  (Index 176)
-----------------ETPA RESULT-------------------
Epoch 88: Validation	rmse: 14.73	mae: 11.52	mape: 73.08%	acc@10: 53.4%	acc@20: 82.9%	acc@30: 95.17%	
[2023-12-19 00:02:03] INFO (nni/MainThread) Intermediate result: 14.726340031106664  (Index 177)
*** Epoch: 89 ***
-----------------G2R RESULT-------------------

val result: krc:0.825 | lsd:0.545 | ed:0.843 | hr@1:0.722 | hr@2:0.888 | hr@3:0.929 | acc@1:0.722 | acc@2:0.658 | acc@3:0.624 | Best krc: 0.825 | Best epoch: 88
best model saved
[2023-12-19 00:02:32] INFO (nni/MainThread) Intermediate result: 0.8248282673293605  (Index 178)
-----------------ETPA RESULT-------------------
Epoch 89: Validation	rmse: 14.72	mae: 11.52	mape: 73.02%	acc@10: 53.44%	acc@20: 82.91%	acc@30: 95.18%	
[2023-12-19 00:02:32] INFO (nni/MainThread) Intermediate result: 14.722439496364427  (Index 179)
*** Epoch: 90 ***
-----------------G2R RESULT-------------------

val result: krc:0.822 | lsd:0.542 | ed:0.855 | hr@1:0.712 | hr@2:0.888 | hr@3:0.928 | acc@1:0.712 | acc@2:0.653 | acc@3:0.618 | Best krc: 0.825 | Best epoch: 89
[2023-12-19 00:02:59] INFO (nni/MainThread) Intermediate result: 0.8220903348056823  (Index 180)
-----------------ETPA RESULT-------------------
Epoch 90: Validation	rmse: 14.71	mae: 11.51	mape: 72.92%	acc@10: 53.48%	acc@20: 82.95%	acc@30: 95.19%	
[2023-12-19 00:02:59] INFO (nni/MainThread) Intermediate result: 14.713197546421636  (Index 181)
*** Epoch: 91 ***
-----------------G2R RESULT-------------------

val result: krc:0.814 | lsd:0.555 | ed:0.891 | hr@1:0.705 | hr@2:0.883 | hr@3:0.921 | acc@1:0.705 | acc@2:0.64 | acc@3:0.603 | Best krc: 0.825 | Best epoch: 89
[2023-12-19 00:03:26] INFO (nni/MainThread) Intermediate result: 0.8136955910370863  (Index 182)
-----------------ETPA RESULT-------------------
Epoch 91: Validation	rmse: 14.71	mae: 11.51	mape: 72.91%	acc@10: 53.49%	acc@20: 82.96%	acc@30: 95.2%	
[2023-12-19 00:03:26] INFO (nni/MainThread) Intermediate result: 14.708676877833584  (Index 183)
*** Epoch: 92 ***
-----------------G2R RESULT-------------------

val result: krc:0.824 | lsd:0.539 | ed:0.854 | hr@1:0.714 | hr@2:0.888 | hr@3:0.929 | acc@1:0.714 | acc@2:0.654 | acc@3:0.619 | Best krc: 0.825 | Best epoch: 89
[2023-12-19 00:03:54] INFO (nni/MainThread) Intermediate result: 0.824246477582726  (Index 184)
-----------------ETPA RESULT-------------------
Epoch 92: Validation	rmse: 14.7	mae: 11.5	mape: 72.81%	acc@10: 53.53%	acc@20: 82.98%	acc@30: 95.21%	
[2023-12-19 00:03:54] INFO (nni/MainThread) Intermediate result: 14.69947930826705  (Index 185)
*** Epoch: 93 ***
-----------------G2R RESULT-------------------

val result: krc:0.809 | lsd:0.558 | ed:0.903 | hr@1:0.692 | hr@2:0.883 | hr@3:0.922 | acc@1:0.692 | acc@2:0.631 | acc@3:0.593 | Best krc: 0.825 | Best epoch: 89
[2023-12-19 00:04:21] INFO (nni/MainThread) Intermediate result: 0.8090335135722106  (Index 186)
-----------------ETPA RESULT-------------------
Epoch 93: Validation	rmse: 14.7	mae: 11.5	mape: 72.84%	acc@10: 53.51%	acc@20: 82.97%	acc@30: 95.22%	
[2023-12-19 00:04:21] INFO (nni/MainThread) Intermediate result: 14.699938456999133  (Index 187)
*** Epoch: 94 ***
-----------------G2R RESULT-------------------

val result: krc:0.824 | lsd:0.564 | ed:0.854 | hr@1:0.723 | hr@2:0.889 | hr@3:0.93 | acc@1:0.723 | acc@2:0.661 | acc@3:0.628 | Best krc: 0.825 | Best epoch: 89
[2023-12-19 00:04:49] INFO (nni/MainThread) Intermediate result: 0.8237207939350483  (Index 188)
-----------------ETPA RESULT-------------------
Epoch 94: Validation	rmse: 14.69	mae: 11.49	mape: 72.74%	acc@10: 53.54%	acc@20: 83.02%	acc@30: 95.23%	
[2023-12-19 00:04:49] INFO (nni/MainThread) Intermediate result: 14.689423141891103  (Index 189)
*** Epoch: 95 ***
-----------------G2R RESULT-------------------

val result: krc:0.823 | lsd:0.581 | ed:0.842 | hr@1:0.726 | hr@2:0.888 | hr@3:0.926 | acc@1:0.726 | acc@2:0.666 | acc@3:0.629 | Best krc: 0.825 | Best epoch: 89
[2023-12-19 00:05:19] INFO (nni/MainThread) Intermediate result: 0.8227673571792504  (Index 190)
-----------------ETPA RESULT-------------------
Epoch 95: Validation	rmse: 14.68	mae: 11.48	mape: 72.63%	acc@10: 53.58%	acc@20: 83.05%	acc@30: 95.24%	
[2023-12-19 00:05:19] INFO (nni/MainThread) Intermediate result: 14.683691920731674  (Index 191)
*** Epoch: 96 ***
-----------------G2R RESULT-------------------

val result: krc:0.825 | lsd:0.557 | ed:0.826 | hr@1:0.729 | hr@2:0.889 | hr@3:0.928 | acc@1:0.729 | acc@2:0.666 | acc@3:0.63 | Best krc: 0.825 | Best epoch: 89
best model saved
[2023-12-19 00:05:48] INFO (nni/MainThread) Intermediate result: 0.8253162390897413  (Index 192)
-----------------ETPA RESULT-------------------
Epoch 96: Validation	rmse: 14.68	mae: 11.47	mape: 72.53%	acc@10: 53.62%	acc@20: 83.07%	acc@30: 95.25%	
[2023-12-19 00:05:48] INFO (nni/MainThread) Intermediate result: 14.675903455592847  (Index 193)
*** Epoch: 97 ***
-----------------G2R RESULT-------------------

val result: krc:0.827 | lsd:0.54 | ed:0.843 | hr@1:0.715 | hr@2:0.892 | hr@3:0.93 | acc@1:0.715 | acc@2:0.659 | acc@3:0.625 | Best krc: 0.825 | Best epoch: 96
best model saved
[2023-12-19 00:06:17] INFO (nni/MainThread) Intermediate result: 0.8270319028167737  (Index 194)
-----------------ETPA RESULT-------------------
Epoch 97: Validation	rmse: 14.67	mae: 11.46	mape: 72.42%	acc@10: 53.66%	acc@20: 83.09%	acc@30: 95.25%	
[2023-12-19 00:06:17] INFO (nni/MainThread) Intermediate result: 14.668871880556782  (Index 195)
*** Epoch: 98 ***
-----------------G2R RESULT-------------------

val result: krc:0.79 | lsd:0.612 | ed:0.95 | hr@1:0.676 | hr@2:0.875 | hr@3:0.915 | acc@1:0.676 | acc@2:0.611 | acc@3:0.57 | Best krc: 0.827 | Best epoch: 97
[2023-12-19 00:06:48] INFO (nni/MainThread) Intermediate result: 0.7895911227349792  (Index 196)
-----------------ETPA RESULT-------------------
Epoch 98: Validation	rmse: 14.66	mae: 11.46	mape: 72.35%	acc@10: 53.7%	acc@20: 83.11%	acc@30: 95.27%	
[2023-12-19 00:06:48] INFO (nni/MainThread) Intermediate result: 14.662859506418123  (Index 197)
*** Epoch: 99 ***
-----------------G2R RESULT-------------------

val result: krc:0.82 | lsd:0.542 | ed:0.863 | hr@1:0.702 | hr@2:0.884 | hr@3:0.925 | acc@1:0.702 | acc@2:0.64 | acc@3:0.607 | Best krc: 0.827 | Best epoch: 97
[2023-12-19 00:07:16] INFO (nni/MainThread) Intermediate result: 0.8195808457198924  (Index 198)
-----------------ETPA RESULT-------------------
Epoch 99: Validation	rmse: 14.66	mae: 11.45	mape: 72.25%	acc@10: 53.73%	acc@20: 83.11%	acc@30: 95.27%	
[2023-12-19 00:07:16] INFO (nni/MainThread) Intermediate result: 14.657185050910067  (Index 199)
*** Epoch: 100 ***
-----------------G2R RESULT-------------------

val result: krc:0.823 | lsd:0.546 | ed:0.834 | hr@1:0.723 | hr@2:0.888 | hr@3:0.929 | acc@1:0.723 | acc@2:0.659 | acc@3:0.625 | Best krc: 0.827 | Best epoch: 97
[2023-12-19 00:07:44] INFO (nni/MainThread) Intermediate result: 0.8233307355651036  (Index 200)
-----------------ETPA RESULT-------------------
Epoch 100: Validation	rmse: 14.65	mae: 11.45	mape: 72.24%	acc@10: 53.74%	acc@20: 83.13%	acc@30: 95.28%	
[2023-12-19 00:07:44] INFO (nni/MainThread) Intermediate result: 14.65116490210628  (Index 201)
*** Epoch: 101 ***
-----------------G2R RESULT-------------------

val result: krc:0.821 | lsd:0.534 | ed:0.852 | hr@1:0.711 | hr@2:0.888 | hr@3:0.925 | acc@1:0.711 | acc@2:0.65 | acc@3:0.614 | Best krc: 0.827 | Best epoch: 97
[2023-12-19 00:08:12] INFO (nni/MainThread) Intermediate result: 0.8211771150030879  (Index 202)
-----------------ETPA RESULT-------------------
Epoch 101: Validation	rmse: 14.64	mae: 11.44	mape: 72.18%	acc@10: 53.77%	acc@20: 83.14%	acc@30: 95.29%	
[2023-12-19 00:08:12] INFO (nni/MainThread) Intermediate result: 14.644600347512426  (Index 203)
*** Epoch: 102 ***
-----------------G2R RESULT-------------------

val result: krc:0.827 | lsd:0.535 | ed:0.843 | hr@1:0.725 | hr@2:0.886 | hr@3:0.929 | acc@1:0.725 | acc@2:0.661 | acc@3:0.627 | Best krc: 0.827 | Best epoch: 97
best model saved
[2023-12-19 00:08:40] INFO (nni/MainThread) Intermediate result: 0.8270383835665864  (Index 204)
-----------------ETPA RESULT-------------------
Epoch 102: Validation	rmse: 14.64	mae: 11.44	mape: 72.13%	acc@10: 53.79%	acc@20: 83.17%	acc@30: 95.3%	
[2023-12-19 00:08:40] INFO (nni/MainThread) Intermediate result: 14.63848445720947  (Index 205)
*** Epoch: 103 ***
-----------------G2R RESULT-------------------

val result: krc:0.826 | lsd:0.527 | ed:0.831 | hr@1:0.718 | hr@2:0.89 | hr@3:0.93 | acc@1:0.718 | acc@2:0.658 | acc@3:0.624 | Best krc: 0.827 | Best epoch: 102
[2023-12-19 00:09:09] INFO (nni/MainThread) Intermediate result: 0.8262807257035504  (Index 206)
-----------------ETPA RESULT-------------------
Epoch 103: Validation	rmse: 14.64	mae: 11.44	mape: 72.16%	acc@10: 53.8%	acc@20: 83.16%	acc@30: 95.3%	
[2023-12-19 00:09:09] INFO (nni/MainThread) Intermediate result: 14.641984799271317  (Index 207)
*** Epoch: 104 ***
-----------------G2R RESULT-------------------

val result: krc:0.831 | lsd:0.536 | ed:0.823 | hr@1:0.728 | hr@2:0.89 | hr@3:0.928 | acc@1:0.728 | acc@2:0.67 | acc@3:0.632 | Best krc: 0.827 | Best epoch: 102
best model saved
[2023-12-19 00:09:38] INFO (nni/MainThread) Intermediate result: 0.8312377987848035  (Index 208)
-----------------ETPA RESULT-------------------
Epoch 104: Validation	rmse: 14.64	mae: 11.43	mape: 72.05%	acc@10: 53.83%	acc@20: 83.18%	acc@30: 95.3%	
[2023-12-19 00:09:38] INFO (nni/MainThread) Intermediate result: 14.637454281796764  (Index 209)
*** Epoch: 105 ***
-----------------G2R RESULT-------------------

val result: krc:0.829 | lsd:0.537 | ed:0.84 | hr@1:0.723 | hr@2:0.89 | hr@3:0.926 | acc@1:0.723 | acc@2:0.664 | acc@3:0.625 | Best krc: 0.831 | Best epoch: 104
[2023-12-19 00:10:06] INFO (nni/MainThread) Intermediate result: 0.8294819514321046  (Index 210)
-----------------ETPA RESULT-------------------
Epoch 105: Validation	rmse: 14.63	mae: 11.42	mape: 71.99%	acc@10: 53.85%	acc@20: 83.2%	acc@30: 95.31%	
[2023-12-19 00:10:06] INFO (nni/MainThread) Intermediate result: 14.631490642413771  (Index 211)
*** Epoch: 106 ***
-----------------G2R RESULT-------------------

val result: krc:0.829 | lsd:0.526 | ed:0.835 | hr@1:0.715 | hr@2:0.891 | hr@3:0.928 | acc@1:0.715 | acc@2:0.659 | acc@3:0.624 | Best krc: 0.831 | Best epoch: 104
[2023-12-19 00:10:34] INFO (nni/MainThread) Intermediate result: 0.8285880056234232  (Index 212)
-----------------ETPA RESULT-------------------
Epoch 106: Validation	rmse: 14.62	mae: 11.42	mape: 71.88%	acc@10: 53.89%	acc@20: 83.24%	acc@30: 95.32%	
[2023-12-19 00:10:34] INFO (nni/MainThread) Intermediate result: 14.624020992380547  (Index 213)
*** Epoch: 107 ***
-----------------G2R RESULT-------------------

val result: krc:0.828 | lsd:0.519 | ed:0.832 | hr@1:0.719 | hr@2:0.891 | hr@3:0.929 | acc@1:0.719 | acc@2:0.662 | acc@3:0.625 | Best krc: 0.831 | Best epoch: 104
[2023-12-19 00:11:02] INFO (nni/MainThread) Intermediate result: 0.8277649636635206  (Index 214)
-----------------ETPA RESULT-------------------
Epoch 107: Validation	rmse: 14.62	mae: 11.41	mape: 71.83%	acc@10: 53.91%	acc@20: 83.24%	acc@30: 95.32%	
[2023-12-19 00:11:02] INFO (nni/MainThread) Intermediate result: 14.621658829490762  (Index 215)
*** Epoch: 108 ***
-----------------G2R RESULT-------------------

val result: krc:0.831 | lsd:0.541 | ed:0.835 | hr@1:0.73 | hr@2:0.889 | hr@3:0.927 | acc@1:0.73 | acc@2:0.666 | acc@3:0.628 | Best krc: 0.831 | Best epoch: 104
[2023-12-19 00:11:30] INFO (nni/MainThread) Intermediate result: 0.8305534391760889  (Index 216)
-----------------ETPA RESULT-------------------
Epoch 108: Validation	rmse: 14.62	mae: 11.41	mape: 71.78%	acc@10: 53.94%	acc@20: 83.24%	acc@30: 95.33%	
[2023-12-19 00:11:30] INFO (nni/MainThread) Intermediate result: 14.615772766930261  (Index 217)
*** Epoch: 109 ***
-----------------G2R RESULT-------------------

val result: krc:0.822 | lsd:0.562 | ed:0.851 | hr@1:0.726 | hr@2:0.885 | hr@3:0.926 | acc@1:0.726 | acc@2:0.659 | acc@3:0.623 | Best krc: 0.831 | Best epoch: 104
[2023-12-19 00:11:58] INFO (nni/MainThread) Intermediate result: 0.8218289582609652  (Index 218)
-----------------ETPA RESULT-------------------
Epoch 109: Validation	rmse: 14.61	mae: 11.4	mape: 71.7%	acc@10: 53.98%	acc@20: 83.26%	acc@30: 95.34%	
[2023-12-19 00:11:58] INFO (nni/MainThread) Intermediate result: 14.610190258980795  (Index 219)
*** Epoch: 110 ***
-----------------G2R RESULT-------------------

val result: krc:0.824 | lsd:0.536 | ed:0.854 | hr@1:0.711 | hr@2:0.887 | hr@3:0.929 | acc@1:0.711 | acc@2:0.654 | acc@3:0.617 | Best krc: 0.831 | Best epoch: 104
[2023-12-19 00:12:26] INFO (nni/MainThread) Intermediate result: 0.8244393291529278  (Index 220)
-----------------ETPA RESULT-------------------
Epoch 110: Validation	rmse: 14.6	mae: 11.39	mape: 71.61%	acc@10: 54.0%	acc@20: 83.29%	acc@30: 95.36%	
[2023-12-19 00:12:26] INFO (nni/MainThread) Intermediate result: 14.601593686017395  (Index 221)
*** Epoch: 111 ***
-----------------G2R RESULT-------------------

val result: krc:0.833 | lsd:0.538 | ed:0.832 | hr@1:0.733 | hr@2:0.887 | hr@3:0.927 | acc@1:0.733 | acc@2:0.666 | acc@3:0.627 | Best krc: 0.831 | Best epoch: 104
best model saved
[2023-12-19 00:12:55] INFO (nni/MainThread) Intermediate result: 0.8326875628056214  (Index 222)
-----------------ETPA RESULT-------------------
Epoch 111: Validation	rmse: 14.6	mae: 11.39	mape: 71.55%	acc@10: 54.02%	acc@20: 83.31%	acc@30: 95.36%	
[2023-12-19 00:12:55] INFO (nni/MainThread) Intermediate result: 14.597684382559265  (Index 223)
*** Epoch: 112 ***
-----------------G2R RESULT-------------------

val result: krc:0.813 | lsd:0.554 | ed:0.889 | hr@1:0.7 | hr@2:0.883 | hr@3:0.925 | acc@1:0.7 | acc@2:0.637 | acc@3:0.599 | Best krc: 0.833 | Best epoch: 111
[2023-12-19 00:13:24] INFO (nni/MainThread) Intermediate result: 0.8134930324173874  (Index 224)
-----------------ETPA RESULT-------------------
Epoch 112: Validation	rmse: 14.59	mae: 11.38	mape: 71.46%	acc@10: 54.06%	acc@20: 83.33%	acc@30: 95.38%	
[2023-12-19 00:13:24] INFO (nni/MainThread) Intermediate result: 14.591974244348963  (Index 225)
*** Epoch: 113 ***
-----------------G2R RESULT-------------------

val result: krc:0.828 | lsd:0.543 | ed:0.834 | hr@1:0.725 | hr@2:0.889 | hr@3:0.925 | acc@1:0.725 | acc@2:0.666 | acc@3:0.626 | Best krc: 0.833 | Best epoch: 111
[2023-12-19 00:13:52] INFO (nni/MainThread) Intermediate result: 0.8278262750059863  (Index 226)
-----------------ETPA RESULT-------------------
Epoch 113: Validation	rmse: 14.59	mae: 11.37	mape: 71.37%	acc@10: 54.1%	acc@20: 83.32%	acc@30: 95.38%	
[2023-12-19 00:13:52] INFO (nni/MainThread) Intermediate result: 14.589989014616144  (Index 227)
*** Epoch: 114 ***
-----------------G2R RESULT-------------------

val result: krc:0.829 | lsd:0.53 | ed:0.842 | hr@1:0.732 | hr@2:0.889 | hr@3:0.929 | acc@1:0.732 | acc@2:0.668 | acc@3:0.629 | Best krc: 0.833 | Best epoch: 111
[2023-12-19 00:14:20] INFO (nni/MainThread) Intermediate result: 0.8291990168247275  (Index 228)
-----------------ETPA RESULT-------------------
Epoch 114: Validation	rmse: 14.59	mae: 11.37	mape: 71.25%	acc@10: 54.11%	acc@20: 83.33%	acc@30: 95.38%	
[2023-12-19 00:14:20] INFO (nni/MainThread) Intermediate result: 14.586010365161767  (Index 229)
*** Epoch: 115 ***
-----------------G2R RESULT-------------------

val result: krc:0.815 | lsd:0.564 | ed:0.877 | hr@1:0.702 | hr@2:0.882 | hr@3:0.924 | acc@1:0.702 | acc@2:0.642 | acc@3:0.608 | Best krc: 0.833 | Best epoch: 111
[2023-12-19 00:14:48] INFO (nni/MainThread) Intermediate result: 0.8153931663245174  (Index 230)
-----------------ETPA RESULT-------------------
Epoch 115: Validation	rmse: 14.58	mae: 11.36	mape: 71.21%	acc@10: 54.11%	acc@20: 83.36%	acc@30: 95.39%	
[2023-12-19 00:14:48] INFO (nni/MainThread) Intermediate result: 14.578502044122047  (Index 231)
*** Epoch: 116 ***
-----------------G2R RESULT-------------------

val result: krc:0.827 | lsd:0.558 | ed:0.849 | hr@1:0.735 | hr@2:0.888 | hr@3:0.929 | acc@1:0.735 | acc@2:0.667 | acc@3:0.628 | Best krc: 0.833 | Best epoch: 111
[2023-12-19 00:15:16] INFO (nni/MainThread) Intermediate result: 0.8270624201625514  (Index 232)
-----------------ETPA RESULT-------------------
Epoch 116: Validation	rmse: 14.57	mae: 11.36	mape: 71.16%	acc@10: 54.12%	acc@20: 83.36%	acc@30: 95.4%	
[2023-12-19 00:15:16] INFO (nni/MainThread) Intermediate result: 14.574357892632724  (Index 233)
*** Epoch: 117 ***
-----------------G2R RESULT-------------------

val result: krc:0.834 | lsd:0.536 | ed:0.818 | hr@1:0.737 | hr@2:0.89 | hr@3:0.931 | acc@1:0.737 | acc@2:0.672 | acc@3:0.634 | Best krc: 0.833 | Best epoch: 111
best model saved
[2023-12-19 00:15:46] INFO (nni/MainThread) Intermediate result: 0.8340351675725528  (Index 234)
-----------------ETPA RESULT-------------------
Epoch 117: Validation	rmse: 14.57	mae: 11.35	mape: 71.13%	acc@10: 54.15%	acc@20: 83.36%	acc@30: 95.41%	
[2023-12-19 00:15:46] INFO (nni/MainThread) Intermediate result: 14.570680827584756  (Index 235)
*** Epoch: 118 ***
-----------------G2R RESULT-------------------

val result: krc:0.82 | lsd:0.528 | ed:0.856 | hr@1:0.719 | hr@2:0.891 | hr@3:0.926 | acc@1:0.719 | acc@2:0.662 | acc@3:0.619 | Best krc: 0.834 | Best epoch: 117
[2023-12-19 00:16:15] INFO (nni/MainThread) Intermediate result: 0.8201712203811022  (Index 236)
-----------------ETPA RESULT-------------------
Epoch 118: Validation	rmse: 14.57	mae: 11.35	mape: 71.08%	acc@10: 54.18%	acc@20: 83.38%	acc@30: 95.42%	
[2023-12-19 00:16:15] INFO (nni/MainThread) Intermediate result: 14.566009992549695  (Index 237)
*** Epoch: 119 ***
-----------------G2R RESULT-------------------

val result: krc:0.834 | lsd:0.519 | ed:0.819 | hr@1:0.739 | hr@2:0.89 | hr@3:0.93 | acc@1:0.739 | acc@2:0.677 | acc@3:0.64 | Best krc: 0.834 | Best epoch: 117
[2023-12-19 00:16:43] INFO (nni/MainThread) Intermediate result: 0.8335737193542176  (Index 238)
-----------------ETPA RESULT-------------------
Epoch 119: Validation	rmse: 14.56	mae: 11.34	mape: 71.02%	acc@10: 54.21%	acc@20: 83.41%	acc@30: 95.43%	
[2023-12-19 00:16:43] INFO (nni/MainThread) Intermediate result: 14.559255473135922  (Index 239)
*** Epoch: 120 ***
-----------------G2R RESULT-------------------

val result: krc:0.834 | lsd:0.533 | ed:0.813 | hr@1:0.738 | hr@2:0.891 | hr@3:0.929 | acc@1:0.738 | acc@2:0.677 | acc@3:0.636 | Best krc: 0.834 | Best epoch: 117
[2023-12-19 00:17:12] INFO (nni/MainThread) Intermediate result: 0.8337541232512811  (Index 240)
-----------------ETPA RESULT-------------------
Epoch 120: Validation	rmse: 14.56	mae: 11.34	mape: 70.99%	acc@10: 54.23%	acc@20: 83.41%	acc@30: 95.44%	
[2023-12-19 00:17:12] INFO (nni/MainThread) Intermediate result: 14.557297987657565  (Index 241)
*** Epoch: 121 ***
-----------------G2R RESULT-------------------

val result: krc:0.828 | lsd:0.53 | ed:0.833 | hr@1:0.73 | hr@2:0.889 | hr@3:0.927 | acc@1:0.73 | acc@2:0.667 | acc@3:0.627 | Best krc: 0.834 | Best epoch: 117
[2023-12-19 00:17:40] INFO (nni/MainThread) Intermediate result: 0.8284294118487383  (Index 242)
-----------------ETPA RESULT-------------------
Epoch 121: Validation	rmse: 14.55	mae: 11.34	mape: 70.91%	acc@10: 54.23%	acc@20: 83.43%	acc@30: 95.43%	
[2023-12-19 00:17:40] INFO (nni/MainThread) Intermediate result: 14.554472132985277  (Index 243)
*** Epoch: 122 ***
-----------------G2R RESULT-------------------

val result: krc:0.827 | lsd:0.585 | ed:0.849 | hr@1:0.738 | hr@2:0.881 | hr@3:0.926 | acc@1:0.738 | acc@2:0.664 | acc@3:0.633 | Best krc: 0.834 | Best epoch: 117
[2023-12-19 00:18:09] INFO (nni/MainThread) Intermediate result: 0.8271179050103404  (Index 244)
-----------------ETPA RESULT-------------------
Epoch 122: Validation	rmse: 14.55	mae: 11.33	mape: 70.86%	acc@10: 54.26%	acc@20: 83.43%	acc@30: 95.44%	
[2023-12-19 00:18:09] INFO (nni/MainThread) Intermediate result: 14.55237069721352  (Index 245)
*** Epoch: 123 ***
-----------------G2R RESULT-------------------

val result: krc:0.816 | lsd:0.586 | ed:0.883 | hr@1:0.725 | hr@2:0.876 | hr@3:0.922 | acc@1:0.725 | acc@2:0.651 | acc@3:0.613 | Best krc: 0.834 | Best epoch: 117
[2023-12-19 00:18:37] INFO (nni/MainThread) Intermediate result: 0.8164900797432498  (Index 246)
-----------------ETPA RESULT-------------------
Epoch 123: Validation	rmse: 14.55	mae: 11.33	mape: 70.81%	acc@10: 54.28%	acc@20: 83.45%	acc@30: 95.45%	
[2023-12-19 00:18:37] INFO (nni/MainThread) Intermediate result: 14.546069740866303  (Index 247)
*** Epoch: 124 ***
-----------------G2R RESULT-------------------

val result: krc:0.832 | lsd:0.532 | ed:0.832 | hr@1:0.738 | hr@2:0.889 | hr@3:0.93 | acc@1:0.738 | acc@2:0.67 | acc@3:0.634 | Best krc: 0.834 | Best epoch: 117
[2023-12-19 00:19:06] INFO (nni/MainThread) Intermediate result: 0.8324841292571944  (Index 248)
-----------------ETPA RESULT-------------------
Epoch 124: Validation	rmse: 14.54	mae: 11.33	mape: 70.77%	acc@10: 54.29%	acc@20: 83.46%	acc@30: 95.44%	
[2023-12-19 00:19:06] INFO (nni/MainThread) Intermediate result: 14.543762552796787  (Index 249)
*** Epoch: 125 ***
-----------------G2R RESULT-------------------

val result: krc:0.836 | lsd:0.532 | ed:0.813 | hr@1:0.742 | hr@2:0.894 | hr@3:0.932 | acc@1:0.742 | acc@2:0.676 | acc@3:0.641 | Best krc: 0.834 | Best epoch: 117
best model saved
[2023-12-19 00:19:35] INFO (nni/MainThread) Intermediate result: 0.8356193101623796  (Index 250)
-----------------ETPA RESULT-------------------
Epoch 125: Validation	rmse: 14.54	mae: 11.32	mape: 70.72%	acc@10: 54.3%	acc@20: 83.48%	acc@30: 95.45%	
[2023-12-19 00:19:35] INFO (nni/MainThread) Intermediate result: 14.539717012270092  (Index 251)
*** Epoch: 126 ***
-----------------G2R RESULT-------------------

val result: krc:0.815 | lsd:0.636 | ed:0.884 | hr@1:0.733 | hr@2:0.883 | hr@3:0.92 | acc@1:0.733 | acc@2:0.661 | acc@3:0.613 | Best krc: 0.836 | Best epoch: 125
[2023-12-19 00:20:04] INFO (nni/MainThread) Intermediate result: 0.814868390285968  (Index 252)
-----------------ETPA RESULT-------------------
Epoch 126: Validation	rmse: 14.53	mae: 11.31	mape: 70.64%	acc@10: 54.34%	acc@20: 83.5%	acc@30: 95.46%	
[2023-12-19 00:20:04] INFO (nni/MainThread) Intermediate result: 14.533812411091809  (Index 253)
*** Epoch: 127 ***
-----------------G2R RESULT-------------------

val result: krc:0.831 | lsd:0.539 | ed:0.831 | hr@1:0.74 | hr@2:0.891 | hr@3:0.931 | acc@1:0.74 | acc@2:0.668 | acc@3:0.633 | Best krc: 0.836 | Best epoch: 125
[2023-12-19 00:20:32] INFO (nni/MainThread) Intermediate result: 0.8306115501043352  (Index 254)
-----------------ETPA RESULT-------------------
Epoch 127: Validation	rmse: 14.53	mae: 11.31	mape: 70.62%	acc@10: 54.35%	acc@20: 83.52%	acc@30: 95.47%	
[2023-12-19 00:20:32] INFO (nni/MainThread) Intermediate result: 14.529949737495551  (Index 255)
*** Epoch: 128 ***
-----------------G2R RESULT-------------------

val result: krc:0.829 | lsd:0.555 | ed:0.844 | hr@1:0.736 | hr@2:0.889 | hr@3:0.929 | acc@1:0.736 | acc@2:0.665 | acc@3:0.627 | Best krc: 0.836 | Best epoch: 125
[2023-12-19 00:21:02] INFO (nni/MainThread) Intermediate result: 0.8289004435134738  (Index 256)
-----------------ETPA RESULT-------------------
Epoch 128: Validation	rmse: 14.52	mae: 11.31	mape: 70.58%	acc@10: 54.36%	acc@20: 83.53%	acc@30: 95.48%	
[2023-12-19 00:21:02] INFO (nni/MainThread) Intermediate result: 14.523969684182983  (Index 257)
*** Epoch: 129 ***
-----------------G2R RESULT-------------------

val result: krc:0.834 | lsd:0.538 | ed:0.813 | hr@1:0.742 | hr@2:0.892 | hr@3:0.931 | acc@1:0.742 | acc@2:0.674 | acc@3:0.641 | Best krc: 0.836 | Best epoch: 125
[2023-12-19 00:21:31] INFO (nni/MainThread) Intermediate result: 0.8339414505396141  (Index 258)
-----------------ETPA RESULT-------------------
Epoch 129: Validation	rmse: 14.52	mae: 11.3	mape: 70.54%	acc@10: 54.37%	acc@20: 83.55%	acc@30: 95.48%	
[2023-12-19 00:21:31] INFO (nni/MainThread) Intermediate result: 14.519667681631576  (Index 259)
*** Epoch: 130 ***
-----------------G2R RESULT-------------------

val result: krc:0.813 | lsd:0.615 | ed:0.897 | hr@1:0.732 | hr@2:0.884 | hr@3:0.92 | acc@1:0.732 | acc@2:0.661 | acc@3:0.617 | Best krc: 0.836 | Best epoch: 125
[2023-12-19 00:22:00] INFO (nni/MainThread) Intermediate result: 0.8126380118771898  (Index 260)
-----------------ETPA RESULT-------------------
Epoch 130: Validation	rmse: 14.52	mae: 11.3	mape: 70.48%	acc@10: 54.39%	acc@20: 83.55%	acc@30: 95.49%	
[2023-12-19 00:22:00] INFO (nni/MainThread) Intermediate result: 14.515229073072344  (Index 261)
*** Epoch: 131 ***
-----------------G2R RESULT-------------------

val result: krc:0.821 | lsd:0.547 | ed:0.864 | hr@1:0.724 | hr@2:0.881 | hr@3:0.927 | acc@1:0.724 | acc@2:0.653 | acc@3:0.62 | Best krc: 0.836 | Best epoch: 125
[2023-12-19 00:22:29] INFO (nni/MainThread) Intermediate result: 0.8211910352356353  (Index 262)
-----------------ETPA RESULT-------------------
Epoch 131: Validation	rmse: 14.51	mae: 11.29	mape: 70.45%	acc@10: 54.42%	acc@20: 83.57%	acc@30: 95.49%	
[2023-12-19 00:22:29] INFO (nni/MainThread) Intermediate result: 14.5089383130875  (Index 263)
*** Epoch: 132 ***
-----------------G2R RESULT-------------------

val result: krc:0.829 | lsd:0.545 | ed:0.841 | hr@1:0.74 | hr@2:0.889 | hr@3:0.93 | acc@1:0.74 | acc@2:0.668 | acc@3:0.633 | Best krc: 0.836 | Best epoch: 125
[2023-12-19 00:22:57] INFO (nni/MainThread) Intermediate result: 0.8292970793801576  (Index 264)
-----------------ETPA RESULT-------------------
Epoch 132: Validation	rmse: 14.5	mae: 11.28	mape: 70.39%	acc@10: 54.46%	acc@20: 83.59%	acc@30: 95.5%	
[2023-12-19 00:22:57] INFO (nni/MainThread) Intermediate result: 14.500910279587728  (Index 265)
*** Epoch: 133 ***
-----------------G2R RESULT-------------------

val result: krc:0.833 | lsd:0.546 | ed:0.822 | hr@1:0.736 | hr@2:0.889 | hr@3:0.931 | acc@1:0.736 | acc@2:0.668 | acc@3:0.634 | Best krc: 0.836 | Best epoch: 125
[2023-12-19 00:23:30] INFO (nni/MainThread) Intermediate result: 0.8332289893461734  (Index 266)
-----------------ETPA RESULT-------------------
Epoch 133: Validation	rmse: 14.5	mae: 11.28	mape: 70.38%	acc@10: 54.47%	acc@20: 83.58%	acc@30: 95.51%	
[2023-12-19 00:23:30] INFO (nni/MainThread) Intermediate result: 14.498960042066258  (Index 267)
*** Epoch: 134 ***
-----------------G2R RESULT-------------------

val result: krc:0.837 | lsd:0.516 | ed:0.815 | hr@1:0.738 | hr@2:0.89 | hr@3:0.931 | acc@1:0.738 | acc@2:0.671 | acc@3:0.637 | Best krc: 0.836 | Best epoch: 125
best model saved
[2023-12-19 00:24:00] INFO (nni/MainThread) Intermediate result: 0.8365264934744601  (Index 268)
-----------------ETPA RESULT-------------------
Epoch 134: Validation	rmse: 14.5	mae: 11.28	mape: 70.39%	acc@10: 54.47%	acc@20: 83.59%	acc@30: 95.52%	
[2023-12-19 00:24:00] INFO (nni/MainThread) Intermediate result: 14.495886873519252  (Index 269)
*** Epoch: 135 ***
-----------------G2R RESULT-------------------

val result: krc:0.828 | lsd:0.532 | ed:0.837 | hr@1:0.729 | hr@2:0.886 | hr@3:0.927 | acc@1:0.729 | acc@2:0.661 | acc@3:0.628 | Best krc: 0.837 | Best epoch: 134
[2023-12-19 00:24:29] INFO (nni/MainThread) Intermediate result: 0.8280658961113705  (Index 270)
-----------------ETPA RESULT-------------------
Epoch 135: Validation	rmse: 14.49	mae: 11.28	mape: 70.32%	acc@10: 54.49%	acc@20: 83.6%	acc@30: 95.52%	
[2023-12-19 00:24:29] INFO (nni/MainThread) Intermediate result: 14.492593318616935  (Index 271)
*** Epoch: 136 ***
-----------------G2R RESULT-------------------

val result: krc:0.832 | lsd:0.537 | ed:0.823 | hr@1:0.734 | hr@2:0.89 | hr@3:0.931 | acc@1:0.734 | acc@2:0.665 | acc@3:0.633 | Best krc: 0.837 | Best epoch: 134
[2023-12-19 00:24:57] INFO (nni/MainThread) Intermediate result: 0.8322444997390339  (Index 272)
-----------------ETPA RESULT-------------------
Epoch 136: Validation	rmse: 14.49	mae: 11.27	mape: 70.23%	acc@10: 54.5%	acc@20: 83.62%	acc@30: 95.52%	
[2023-12-19 00:24:57] INFO (nni/MainThread) Intermediate result: 14.489033982136847  (Index 273)
*** Epoch: 137 ***
-----------------G2R RESULT-------------------

val result: krc:0.835 | lsd:0.518 | ed:0.817 | hr@1:0.739 | hr@2:0.893 | hr@3:0.933 | acc@1:0.739 | acc@2:0.671 | acc@3:0.638 | Best krc: 0.837 | Best epoch: 134
[2023-12-19 00:25:26] INFO (nni/MainThread) Intermediate result: 0.8354829332354472  (Index 274)
-----------------ETPA RESULT-------------------
Epoch 137: Validation	rmse: 14.49	mae: 11.27	mape: 70.19%	acc@10: 54.52%	acc@20: 83.62%	acc@30: 95.52%	
[2023-12-19 00:25:26] INFO (nni/MainThread) Intermediate result: 14.48754010369971  (Index 275)
*** Epoch: 138 ***
-----------------G2R RESULT-------------------

val result: krc:0.834 | lsd:0.541 | ed:0.815 | hr@1:0.739 | hr@2:0.89 | hr@3:0.929 | acc@1:0.739 | acc@2:0.672 | acc@3:0.638 | Best krc: 0.837 | Best epoch: 134
[2023-12-19 00:25:55] INFO (nni/MainThread) Intermediate result: 0.8341238605602401  (Index 276)
-----------------ETPA RESULT-------------------
Epoch 138: Validation	rmse: 14.49	mae: 11.27	mape: 70.12%	acc@10: 54.53%	acc@20: 83.62%	acc@30: 95.51%	
[2023-12-19 00:25:55] INFO (nni/MainThread) Intermediate result: 14.487734261471177  (Index 277)
*** Epoch: 139 ***
-----------------G2R RESULT-------------------

val result: krc:0.828 | lsd:0.535 | ed:0.84 | hr@1:0.735 | hr@2:0.889 | hr@3:0.929 | acc@1:0.735 | acc@2:0.666 | acc@3:0.63 | Best krc: 0.837 | Best epoch: 134
[2023-12-19 00:26:25] INFO (nni/MainThread) Intermediate result: 0.8284779791294875  (Index 278)
-----------------ETPA RESULT-------------------
Epoch 139: Validation	rmse: 14.49	mae: 11.27	mape: 70.09%	acc@10: 54.54%	acc@20: 83.62%	acc@30: 95.5%	
[2023-12-19 00:26:25] INFO (nni/MainThread) Intermediate result: 14.489018028210056  (Index 279)
*** Epoch: 140 ***
-----------------G2R RESULT-------------------

val result: krc:0.834 | lsd:0.52 | ed:0.814 | hr@1:0.735 | hr@2:0.889 | hr@3:0.931 | acc@1:0.735 | acc@2:0.669 | acc@3:0.638 | Best krc: 0.837 | Best epoch: 134
[2023-12-19 00:26:54] INFO (nni/MainThread) Intermediate result: 0.8338566707871474  (Index 280)
-----------------ETPA RESULT-------------------
Epoch 140: Validation	rmse: 14.49	mae: 11.26	mape: 69.97%	acc@10: 54.55%	acc@20: 83.62%	acc@30: 95.49%	
[2023-12-19 00:26:54] INFO (nni/MainThread) Intermediate result: 14.490651950189196  (Index 281)
*** Epoch: 141 ***
-----------------G2R RESULT-------------------

val result: krc:0.833 | lsd:0.52 | ed:0.818 | hr@1:0.734 | hr@2:0.891 | hr@3:0.931 | acc@1:0.734 | acc@2:0.669 | acc@3:0.638 | Best krc: 0.837 | Best epoch: 134
[2023-12-19 00:27:22] INFO (nni/MainThread) Intermediate result: 0.8330374093994558  (Index 282)
-----------------ETPA RESULT-------------------
Epoch 141: Validation	rmse: 14.49	mae: 11.26	mape: 69.92%	acc@10: 54.57%	acc@20: 83.62%	acc@30: 95.48%	
[2023-12-19 00:27:22] INFO (nni/MainThread) Intermediate result: 14.491834302591867  (Index 283)
*** Epoch: 142 ***
-----------------G2R RESULT-------------------

val result: krc:0.825 | lsd:0.536 | ed:0.851 | hr@1:0.722 | hr@2:0.889 | hr@3:0.928 | acc@1:0.722 | acc@2:0.659 | acc@3:0.624 | Best krc: 0.837 | Best epoch: 134
[2023-12-19 00:27:51] INFO (nni/MainThread) Intermediate result: 0.8252034321732615  (Index 284)
-----------------ETPA RESULT-------------------
Epoch 142: Validation	rmse: 14.49	mae: 11.26	mape: 69.87%	acc@10: 54.59%	acc@20: 83.63%	acc@30: 95.47%	
[2023-12-19 00:27:51] INFO (nni/MainThread) Intermediate result: 14.490864268959387  (Index 285)
*** Epoch: 143 ***
-----------------G2R RESULT-------------------

val result: krc:0.832 | lsd:0.5 | ed:0.818 | hr@1:0.733 | hr@2:0.891 | hr@3:0.933 | acc@1:0.733 | acc@2:0.669 | acc@3:0.637 | Best krc: 0.837 | Best epoch: 134
[2023-12-19 00:28:19] INFO (nni/MainThread) Intermediate result: 0.8321752269981391  (Index 286)
-----------------ETPA RESULT-------------------
Epoch 143: Validation	rmse: 14.49	mae: 11.26	mape: 69.8%	acc@10: 54.62%	acc@20: 83.63%	acc@30: 95.46%	
[2023-12-19 00:28:19] INFO (nni/MainThread) Intermediate result: 14.493183433583276  (Index 287)
*** Epoch: 144 ***
-----------------G2R RESULT-------------------

val result: krc:0.836 | lsd:0.505 | ed:0.807 | hr@1:0.742 | hr@2:0.892 | hr@3:0.932 | acc@1:0.742 | acc@2:0.676 | acc@3:0.642 | Best krc: 0.837 | Best epoch: 134
[2023-12-19 00:28:47] INFO (nni/MainThread) Intermediate result: 0.8358532749700218  (Index 288)
-----------------ETPA RESULT-------------------
Epoch 144: Validation	rmse: 14.49	mae: 11.25	mape: 69.73%	acc@10: 54.64%	acc@20: 83.64%	acc@30: 95.45%	
[2023-12-19 00:28:47] INFO (nni/MainThread) Intermediate result: 14.489655230423352  (Index 289)
loaded model path: /home/sentanoe/joint_training/data/dataset/food_pd/sort_model/hidden_size-8.gcnru-pd_1702938200.28483181702938200.2848485
best model loaded !!!
krc:0.82 | lsd:0.411 | ed:0.86 | hr@1:0.725 | hr@2:0.918 | hr@3:0.945 | acc@1:0.725 | acc@2:0.672 | acc@3:0.623 |

-------------------------------------------------------------
Best epoch for G2R:  134
Best epoch for ETPA:  137
graph2route_pd Evaluation in test: krc:0.82 | lsd:0.411 | ed:0.86 | hr@1:0.725 | hr@2:0.918 | hr@3:0.945 | acc@1:0.725 | acc@2:0.672 | acc@3:0.623 |
RankPETA Evaluation in test: rmse: 11.28	mae: 9.02	mape: 76.15%	acc@10: 64.14%	acc@20: 93.67%	acc@30: 97.89%	
