Device:  cuda
{'alpha_loss': 0.5,
 'batch_size': 64,
 'dataset': 'food_pd',
 'datatype': 'order',
 'device': device(type='cuda'),
 'early_stop': 10,
 'edge_fea_dim': 5,
 'embedding_dim': 32,
 'eval_end_1': 11,
 'eval_end_2': 25,
 'eval_start': 1,
 'gcn_num_layers': 2,
 'hidden_size': 8,
 'is_eval': False,
 'is_test': False,
 'k_min_nodes': 3,
 'k_nearest_neighbors': 'n-1',
 'lr': 0.001,
 'max_task_num': 25,
 'min_task_num': 0,
 'modelArrivalTime': 'RankPETA',
 'modelRoute': 'graph2route_pd',
 'no_cuda': False,
 'node_fea_dim': 8,
 'node_features_test': '/home/sentanoe/joint_training/data/dataset/food_pd/node_features_test_full.npy',
 'node_features_train': '/home/sentanoe/joint_training/data/dataset/food_pd/node_features_train_full.npy',
 'node_features_val': '/home/sentanoe/joint_training/data/dataset/food_pd/node_features_val_full.npy',
 'num_block': 2,
 'num_epoch': 1000,
 'num_head': 2,
 'num_worker_logistics': 2346,
 'num_worker_pd': 920,
 'pad_value': 26,
 'seed': 8888,
 'sort_mode': 'pnn_idx',
 'spatial_encoder': 'gatv2',
 'temporal_encoder': 'tft',
 'test_path': '/home/sentanoe/joint_training/data/dataset/food_pd/test_full.npy',
 'train_mode': 'sort',
 'train_path': '/home/sentanoe/joint_training/data/dataset/food_pd/train_full.npy',
 'val_path': '/home/sentanoe/joint_training/data/dataset/food_pd/val_full.npy',
 'wd': 1e-05,
 'worker_emb_dim': 10,
 'workers': 2}
last_x_size:13;unpick_x_size:12;input_size:53
#train:2521 | #val:1257 | #test:1261
*** Epoch: 0 ***
-----------------G2R RESULT-------------------

val result: krc:0.745 | lsd:0.778 | ed:1.059 | hr@1:0.618 | hr@2:0.847 | hr@3:0.893 | acc@1:0.618 | acc@2:0.561 | acc@3:0.516 | Best krc: -1 | Best epoch: -1
best model saved
[2023-12-18 10:41:06] INFO (nni/MainThread) Intermediate result: 0.7445405021705853  (Index 0)
-----------------ETPA RESULT-------------------
Epoch 0: Validation	rmse: 24.58	mae: 18.92	mape: 65.61%	acc@10: 32.59%	acc@20: 62.59%	acc@30: 79.63%	
[2023-12-18 10:41:06] INFO (nni/MainThread) Intermediate result: 24.583057604606598  (Index 1)
*** Epoch: 1 ***
-----------------G2R RESULT-------------------

val result: krc:0.751 | lsd:0.73 | ed:1.033 | hr@1:0.631 | hr@2:0.854 | hr@3:0.901 | acc@1:0.631 | acc@2:0.573 | acc@3:0.529 | Best krc: 0.745 | Best epoch: 0
best model saved
[2023-12-18 10:42:47] INFO (nni/MainThread) Intermediate result: 0.7510054796456196  (Index 2)
-----------------ETPA RESULT-------------------
Epoch 1: Validation	rmse: 24.98	mae: 18.38	mape: 90.18%	acc@10: 36.48%	acc@20: 67.04%	acc@30: 80.74%	
[2023-12-18 10:42:47] INFO (nni/MainThread) Intermediate result: 24.98263086852566  (Index 3)
*** Epoch: 2 ***
-----------------G2R RESULT-------------------

val result: krc:0.762 | lsd:0.722 | ed:1.011 | hr@1:0.625 | hr@2:0.853 | hr@3:0.904 | acc@1:0.625 | acc@2:0.568 | acc@3:0.53 | Best krc: 0.751 | Best epoch: 1
best model saved
[2023-12-18 10:44:28] INFO (nni/MainThread) Intermediate result: 0.7617687253716986  (Index 4)
-----------------ETPA RESULT-------------------
Epoch 2: Validation	rmse: 23.84	mae: 17.5	mape: 97.01%	acc@10: 39.14%	acc@20: 68.77%	acc@30: 82.1%	
[2023-12-18 10:44:28] INFO (nni/MainThread) Intermediate result: 23.839486580649325  (Index 5)
*** Epoch: 3 ***
-----------------G2R RESULT-------------------

val result: krc:0.763 | lsd:0.694 | ed:0.996 | hr@1:0.631 | hr@2:0.861 | hr@3:0.905 | acc@1:0.631 | acc@2:0.58 | acc@3:0.543 | Best krc: 0.762 | Best epoch: 2
best model saved
[2023-12-18 10:46:06] INFO (nni/MainThread) Intermediate result: 0.7627614847378732  (Index 6)
-----------------ETPA RESULT-------------------
Epoch 3: Validation	rmse: 22.91	mae: 17.06	mape: 101.92%	acc@10: 38.61%	acc@20: 69.54%	acc@30: 83.52%	
[2023-12-18 10:46:06] INFO (nni/MainThread) Intermediate result: 22.908872747835293  (Index 7)
*** Epoch: 4 ***
-----------------G2R RESULT-------------------

val result: krc:0.761 | lsd:0.711 | ed:1.024 | hr@1:0.627 | hr@2:0.858 | hr@3:0.905 | acc@1:0.627 | acc@2:0.575 | acc@3:0.535 | Best krc: 0.763 | Best epoch: 3
[2023-12-18 10:47:44] INFO (nni/MainThread) Intermediate result: 0.7608307778312152  (Index 8)
-----------------ETPA RESULT-------------------
Epoch 4: Validation	rmse: 22.08	mae: 16.64	mape: 104.31%	acc@10: 39.11%	acc@20: 70.07%	acc@30: 84.59%	
[2023-12-18 10:47:44] INFO (nni/MainThread) Intermediate result: 22.08277147840182  (Index 9)
*** Epoch: 5 ***
-----------------G2R RESULT-------------------

val result: krc:0.758 | lsd:0.716 | ed:1.016 | hr@1:0.634 | hr@2:0.856 | hr@3:0.904 | acc@1:0.634 | acc@2:0.575 | acc@3:0.528 | Best krc: 0.763 | Best epoch: 3
[2023-12-18 10:49:23] INFO (nni/MainThread) Intermediate result: 0.7575898554473107  (Index 10)
-----------------ETPA RESULT-------------------
Epoch 5: Validation	rmse: 21.21	mae: 16.13	mape: 103.85%	acc@10: 39.75%	acc@20: 70.99%	acc@30: 85.86%	
[2023-12-18 10:49:23] INFO (nni/MainThread) Intermediate result: 21.20603363626393  (Index 11)
*** Epoch: 6 ***
-----------------G2R RESULT-------------------

val result: krc:0.766 | lsd:0.709 | ed:0.99 | hr@1:0.632 | hr@2:0.86 | hr@3:0.91 | acc@1:0.632 | acc@2:0.581 | acc@3:0.543 | Best krc: 0.763 | Best epoch: 3
best model saved
[2023-12-18 10:51:01] INFO (nni/MainThread) Intermediate result: 0.766482283526446  (Index 12)
-----------------ETPA RESULT-------------------
Epoch 6: Validation	rmse: 20.62	mae: 15.78	mape: 103.67%	acc@10: 40.16%	acc@20: 71.9%	acc@30: 86.46%	
[2023-12-18 10:51:01] INFO (nni/MainThread) Intermediate result: 20.6191347566095  (Index 13)
*** Epoch: 7 ***
-----------------G2R RESULT-------------------

val result: krc:0.766 | lsd:0.712 | ed:0.993 | hr@1:0.637 | hr@2:0.861 | hr@3:0.905 | acc@1:0.637 | acc@2:0.579 | acc@3:0.538 | Best krc: 0.766 | Best epoch: 6
[2023-12-18 10:52:39] INFO (nni/MainThread) Intermediate result: 0.7656045520496766  (Index 14)
-----------------ETPA RESULT-------------------
Epoch 7: Validation	rmse: 20.0	mae: 15.42	mape: 102.47%	acc@10: 40.74%	acc@20: 72.64%	acc@30: 87.5%	
[2023-12-18 10:52:39] INFO (nni/MainThread) Intermediate result: 20.00480509602007  (Index 15)
*** Epoch: 8 ***
-----------------G2R RESULT-------------------

val result: krc:0.764 | lsd:0.699 | ed:1.0 | hr@1:0.637 | hr@2:0.862 | hr@3:0.908 | acc@1:0.637 | acc@2:0.581 | acc@3:0.54 | Best krc: 0.766 | Best epoch: 6
[2023-12-18 10:54:18] INFO (nni/MainThread) Intermediate result: 0.763681362929286  (Index 16)
-----------------ETPA RESULT-------------------
Epoch 8: Validation	rmse: 19.6	mae: 15.11	mape: 101.34%	acc@10: 41.56%	acc@20: 73.66%	acc@30: 87.78%	
[2023-12-18 10:54:18] INFO (nni/MainThread) Intermediate result: 19.596046665910535  (Index 17)
*** Epoch: 9 ***
-----------------G2R RESULT-------------------

val result: krc:0.758 | lsd:0.701 | ed:1.03 | hr@1:0.629 | hr@2:0.859 | hr@3:0.906 | acc@1:0.629 | acc@2:0.564 | acc@3:0.526 | Best krc: 0.766 | Best epoch: 6
[2023-12-18 10:55:57] INFO (nni/MainThread) Intermediate result: 0.7582233316732662  (Index 18)
-----------------ETPA RESULT-------------------
Epoch 9: Validation	rmse: 19.32	mae: 14.95	mape: 101.1%	acc@10: 41.93%	acc@20: 74.0%	acc@30: 88.19%	
[2023-12-18 10:55:57] INFO (nni/MainThread) Intermediate result: 19.32331597897599  (Index 19)
*** Epoch: 10 ***
-----------------G2R RESULT-------------------

val result: krc:0.752 | lsd:0.745 | ed:1.054 | hr@1:0.629 | hr@2:0.85 | hr@3:0.9 | acc@1:0.629 | acc@2:0.564 | acc@3:0.523 | Best krc: 0.766 | Best epoch: 6
[2023-12-18 10:57:34] INFO (nni/MainThread) Intermediate result: 0.752234322544773  (Index 20)
-----------------ETPA RESULT-------------------
Epoch 10: Validation	rmse: 18.84	mae: 14.6	mape: 98.56%	acc@10: 43.0%	acc@20: 75.05%	acc@30: 88.96%	
[2023-12-18 10:57:34] INFO (nni/MainThread) Intermediate result: 18.840884522559072  (Index 21)
*** Epoch: 11 ***
-----------------G2R RESULT-------------------

val result: krc:0.793 | lsd:0.642 | ed:0.937 | hr@1:0.685 | hr@2:0.871 | hr@3:0.915 | acc@1:0.685 | acc@2:0.62 | acc@3:0.58 | Best krc: 0.766 | Best epoch: 6
best model saved
[2023-12-18 10:59:14] INFO (nni/MainThread) Intermediate result: 0.7926934446304801  (Index 22)
-----------------ETPA RESULT-------------------
Epoch 11: Validation	rmse: 18.45	mae: 14.3	mape: 96.49%	acc@10: 43.89%	acc@20: 75.71%	acc@30: 89.57%	
[2023-12-18 10:59:14] INFO (nni/MainThread) Intermediate result: 18.451141902739884  (Index 23)
*** Epoch: 12 ***
-----------------G2R RESULT-------------------

val result: krc:0.774 | lsd:0.673 | ed:0.982 | hr@1:0.672 | hr@2:0.862 | hr@3:0.912 | acc@1:0.672 | acc@2:0.601 | acc@3:0.56 | Best krc: 0.793 | Best epoch: 11
[2023-12-18 11:00:52] INFO (nni/MainThread) Intermediate result: 0.7742475536091628  (Index 24)
-----------------ETPA RESULT-------------------
Epoch 12: Validation	rmse: 18.21	mae: 14.14	mape: 95.83%	acc@10: 44.25%	acc@20: 76.24%	acc@30: 89.83%	
[2023-12-18 11:00:52] INFO (nni/MainThread) Intermediate result: 18.214804978356234  (Index 25)
*** Epoch: 13 ***
-----------------G2R RESULT-------------------

val result: krc:0.785 | lsd:0.659 | ed:0.965 | hr@1:0.686 | hr@2:0.87 | hr@3:0.912 | acc@1:0.686 | acc@2:0.616 | acc@3:0.573 | Best krc: 0.793 | Best epoch: 11
[2023-12-18 11:02:31] INFO (nni/MainThread) Intermediate result: 0.7850988364499514  (Index 26)
-----------------ETPA RESULT-------------------
Epoch 13: Validation	rmse: 17.92	mae: 13.92	mape: 94.59%	acc@10: 44.76%	acc@20: 76.77%	acc@30: 90.26%	
[2023-12-18 11:02:31] INFO (nni/MainThread) Intermediate result: 17.924765634038366  (Index 27)
*** Epoch: 14 ***
-----------------G2R RESULT-------------------

val result: krc:0.793 | lsd:0.63 | ed:0.935 | hr@1:0.691 | hr@2:0.868 | hr@3:0.913 | acc@1:0.691 | acc@2:0.619 | acc@3:0.582 | Best krc: 0.793 | Best epoch: 11
[2023-12-18 11:04:11] INFO (nni/MainThread) Intermediate result: 0.792659776700004  (Index 28)
-----------------ETPA RESULT-------------------
Epoch 14: Validation	rmse: 17.71	mae: 13.76	mape: 93.51%	acc@10: 45.26%	acc@20: 77.21%	acc@30: 90.52%	
[2023-12-18 11:04:11] INFO (nni/MainThread) Intermediate result: 17.705126958701126  (Index 29)
*** Epoch: 15 ***
-----------------G2R RESULT-------------------

val result: krc:0.794 | lsd:0.672 | ed:0.935 | hr@1:0.709 | hr@2:0.861 | hr@3:0.917 | acc@1:0.709 | acc@2:0.622 | acc@3:0.589 | Best krc: 0.793 | Best epoch: 11
best model saved
[2023-12-18 11:05:53] INFO (nni/MainThread) Intermediate result: 0.7935851261080819  (Index 30)
-----------------ETPA RESULT-------------------
Epoch 15: Validation	rmse: 17.45	mae: 13.56	mape: 92.12%	acc@10: 45.88%	acc@20: 77.78%	acc@30: 90.95%	
[2023-12-18 11:05:53] INFO (nni/MainThread) Intermediate result: 17.4453530640715  (Index 31)
*** Epoch: 16 ***
-----------------G2R RESULT-------------------

val result: krc:0.804 | lsd:0.647 | ed:0.906 | hr@1:0.711 | hr@2:0.868 | hr@3:0.917 | acc@1:0.711 | acc@2:0.634 | acc@3:0.591 | Best krc: 0.794 | Best epoch: 15
best model saved
[2023-12-18 11:07:35] INFO (nni/MainThread) Intermediate result: 0.8036022440045176  (Index 32)
-----------------ETPA RESULT-------------------
Epoch 16: Validation	rmse: 17.26	mae: 13.43	mape: 91.18%	acc@10: 46.45%	acc@20: 78.13%	acc@30: 91.24%	
[2023-12-18 11:07:35] INFO (nni/MainThread) Intermediate result: 17.262646814094488  (Index 33)
*** Epoch: 17 ***
-----------------G2R RESULT-------------------

val result: krc:0.802 | lsd:0.639 | ed:0.927 | hr@1:0.718 | hr@2:0.866 | hr@3:0.921 | acc@1:0.718 | acc@2:0.633 | acc@3:0.593 | Best krc: 0.804 | Best epoch: 16
[2023-12-18 11:09:13] INFO (nni/MainThread) Intermediate result: 0.8016902076368627  (Index 34)
-----------------ETPA RESULT-------------------
Epoch 17: Validation	rmse: 17.09	mae: 13.3	mape: 90.14%	acc@10: 46.91%	acc@20: 78.37%	acc@30: 91.5%	
[2023-12-18 11:09:13] INFO (nni/MainThread) Intermediate result: 17.089677424816117  (Index 35)
*** Epoch: 18 ***
-----------------G2R RESULT-------------------

val result: krc:0.793 | lsd:0.645 | ed:0.966 | hr@1:0.697 | hr@2:0.864 | hr@3:0.914 | acc@1:0.697 | acc@2:0.618 | acc@3:0.575 | Best krc: 0.804 | Best epoch: 16
[2023-12-18 11:10:52] INFO (nni/MainThread) Intermediate result: 0.7934840825177513  (Index 36)
-----------------ETPA RESULT-------------------
Epoch 18: Validation	rmse: 16.95	mae: 13.21	mape: 89.58%	acc@10: 47.1%	acc@20: 78.6%	acc@30: 91.73%	
[2023-12-18 11:10:52] INFO (nni/MainThread) Intermediate result: 16.95193258740037  (Index 37)
*** Epoch: 19 ***
-----------------G2R RESULT-------------------

val result: krc:0.796 | lsd:0.627 | ed:0.932 | hr@1:0.695 | hr@2:0.868 | hr@3:0.918 | acc@1:0.695 | acc@2:0.626 | acc@3:0.585 | Best krc: 0.804 | Best epoch: 16
[2023-12-18 11:12:31] INFO (nni/MainThread) Intermediate result: 0.7964877371086378  (Index 38)
-----------------ETPA RESULT-------------------
Epoch 19: Validation	rmse: 16.82	mae: 13.11	mape: 88.84%	acc@10: 47.43%	acc@20: 78.91%	acc@30: 91.93%	
[2023-12-18 11:12:31] INFO (nni/MainThread) Intermediate result: 16.816217360530505  (Index 39)
*** Epoch: 20 ***
-----------------G2R RESULT-------------------

val result: krc:0.806 | lsd:0.631 | ed:0.926 | hr@1:0.711 | hr@2:0.87 | hr@3:0.92 | acc@1:0.711 | acc@2:0.63 | acc@3:0.591 | Best krc: 0.804 | Best epoch: 16
best model saved
[2023-12-18 11:14:10] INFO (nni/MainThread) Intermediate result: 0.8055922661606965  (Index 40)
-----------------ETPA RESULT-------------------
Epoch 20: Validation	rmse: 16.68	mae: 13.0	mape: 87.67%	acc@10: 47.85%	acc@20: 79.19%	acc@30: 92.08%	
[2023-12-18 11:14:10] INFO (nni/MainThread) Intermediate result: 16.677062021417143  (Index 41)
*** Epoch: 21 ***
-----------------G2R RESULT-------------------

val result: krc:0.796 | lsd:0.655 | ed:0.943 | hr@1:0.722 | hr@2:0.854 | hr@3:0.913 | acc@1:0.722 | acc@2:0.625 | acc@3:0.589 | Best krc: 0.806 | Best epoch: 20
[2023-12-18 11:15:51] INFO (nni/MainThread) Intermediate result: 0.7958406134182261  (Index 42)
-----------------ETPA RESULT-------------------
Epoch 21: Validation	rmse: 16.58	mae: 12.92	mape: 87.17%	acc@10: 48.08%	acc@20: 79.41%	acc@30: 92.21%	
[2023-12-18 11:15:51] INFO (nni/MainThread) Intermediate result: 16.57556419481597  (Index 43)
*** Epoch: 22 ***
-----------------G2R RESULT-------------------

val result: krc:0.809 | lsd:0.603 | ed:0.883 | hr@1:0.725 | hr@2:0.867 | hr@3:0.917 | acc@1:0.725 | acc@2:0.642 | acc@3:0.605 | Best krc: 0.806 | Best epoch: 20
best model saved
[2023-12-18 11:17:34] INFO (nni/MainThread) Intermediate result: 0.8091990213546837  (Index 44)
-----------------ETPA RESULT-------------------
Epoch 22: Validation	rmse: 16.52	mae: 12.88	mape: 86.88%	acc@10: 48.21%	acc@20: 79.53%	acc@30: 92.24%	
[2023-12-18 11:17:34] INFO (nni/MainThread) Intermediate result: 16.520590214557455  (Index 45)
*** Epoch: 23 ***
-----------------G2R RESULT-------------------

val result: krc:0.785 | lsd:0.646 | ed:0.958 | hr@1:0.664 | hr@2:0.866 | hr@3:0.916 | acc@1:0.664 | acc@2:0.595 | acc@3:0.562 | Best krc: 0.809 | Best epoch: 22
[2023-12-18 11:19:15] INFO (nni/MainThread) Intermediate result: 0.7850661816118745  (Index 46)
-----------------ETPA RESULT-------------------
Epoch 23: Validation	rmse: 16.41	mae: 12.8	mape: 86.16%	acc@10: 48.49%	acc@20: 79.81%	acc@30: 92.42%	
[2023-12-18 11:19:15] INFO (nni/MainThread) Intermediate result: 16.41137104087473  (Index 47)
*** Epoch: 24 ***
-----------------G2R RESULT-------------------

val result: krc:0.801 | lsd:0.624 | ed:0.912 | hr@1:0.707 | hr@2:0.865 | hr@3:0.917 | acc@1:0.707 | acc@2:0.629 | acc@3:0.597 | Best krc: 0.809 | Best epoch: 22
[2023-12-18 11:20:54] INFO (nni/MainThread) Intermediate result: 0.8009684289701781  (Index 48)
-----------------ETPA RESULT-------------------
Epoch 24: Validation	rmse: 16.33	mae: 12.74	mape: 85.71%	acc@10: 48.68%	acc@20: 80.0%	acc@30: 92.55%	
[2023-12-18 11:20:54] INFO (nni/MainThread) Intermediate result: 16.327264812036447  (Index 49)
*** Epoch: 25 ***
-----------------G2R RESULT-------------------

val result: krc:0.805 | lsd:0.606 | ed:0.893 | hr@1:0.718 | hr@2:0.874 | hr@3:0.919 | acc@1:0.718 | acc@2:0.642 | acc@3:0.604 | Best krc: 0.809 | Best epoch: 22
[2023-12-18 11:22:34] INFO (nni/MainThread) Intermediate result: 0.8046060998225405  (Index 50)
-----------------ETPA RESULT-------------------
Epoch 25: Validation	rmse: 16.24	mae: 12.67	mape: 84.93%	acc@10: 48.92%	acc@20: 80.19%	acc@30: 92.65%	
[2023-12-18 11:22:34] INFO (nni/MainThread) Intermediate result: 16.235723578295215  (Index 51)
*** Epoch: 26 ***
-----------------G2R RESULT-------------------

val result: krc:0.804 | lsd:0.615 | ed:0.905 | hr@1:0.714 | hr@2:0.875 | hr@3:0.92 | acc@1:0.714 | acc@2:0.643 | acc@3:0.601 | Best krc: 0.809 | Best epoch: 22
[2023-12-18 11:24:15] INFO (nni/MainThread) Intermediate result: 0.8044762512099632  (Index 52)
-----------------ETPA RESULT-------------------
Epoch 26: Validation	rmse: 16.15	mae: 12.6	mape: 84.44%	acc@10: 49.08%	acc@20: 80.36%	acc@30: 92.78%	
[2023-12-18 11:24:15] INFO (nni/MainThread) Intermediate result: 16.14720690942774  (Index 53)
*** Epoch: 27 ***
-----------------G2R RESULT-------------------

val result: krc:0.808 | lsd:0.587 | ed:0.893 | hr@1:0.721 | hr@2:0.87 | hr@3:0.922 | acc@1:0.721 | acc@2:0.639 | acc@3:0.602 | Best krc: 0.809 | Best epoch: 22
[2023-12-18 11:25:53] INFO (nni/MainThread) Intermediate result: 0.8084962403545699  (Index 54)
-----------------ETPA RESULT-------------------
Epoch 27: Validation	rmse: 16.09	mae: 12.55	mape: 83.93%	acc@10: 49.29%	acc@20: 80.46%	acc@30: 92.83%	
[2023-12-18 11:25:53] INFO (nni/MainThread) Intermediate result: 16.087263507546883  (Index 55)
*** Epoch: 28 ***
-----------------G2R RESULT-------------------

val result: krc:0.805 | lsd:0.615 | ed:0.896 | hr@1:0.718 | hr@2:0.868 | hr@3:0.921 | acc@1:0.718 | acc@2:0.634 | acc@3:0.596 | Best krc: 0.809 | Best epoch: 22
[2023-12-18 11:27:31] INFO (nni/MainThread) Intermediate result: 0.80537862241404  (Index 56)
-----------------ETPA RESULT-------------------
Epoch 28: Validation	rmse: 16.04	mae: 12.52	mape: 83.73%	acc@10: 49.37%	acc@20: 80.56%	acc@30: 92.89%	
[2023-12-18 11:27:31] INFO (nni/MainThread) Intermediate result: 16.03634948123437  (Index 57)
*** Epoch: 29 ***
-----------------G2R RESULT-------------------

val result: krc:0.802 | lsd:0.623 | ed:0.923 | hr@1:0.727 | hr@2:0.864 | hr@3:0.914 | acc@1:0.727 | acc@2:0.636 | acc@3:0.591 | Best krc: 0.809 | Best epoch: 22
[2023-12-18 11:29:10] INFO (nni/MainThread) Intermediate result: 0.8022950933663655  (Index 58)
-----------------ETPA RESULT-------------------
Epoch 29: Validation	rmse: 15.99	mae: 12.49	mape: 83.61%	acc@10: 49.46%	acc@20: 80.67%	acc@30: 92.98%	
[2023-12-18 11:29:10] INFO (nni/MainThread) Intermediate result: 15.985402157565462  (Index 59)
*** Epoch: 30 ***
-----------------G2R RESULT-------------------

val result: krc:0.773 | lsd:0.736 | ed:0.996 | hr@1:0.667 | hr@2:0.858 | hr@3:0.908 | acc@1:0.667 | acc@2:0.596 | acc@3:0.557 | Best krc: 0.809 | Best epoch: 22
[2023-12-18 11:30:48] INFO (nni/MainThread) Intermediate result: 0.7733958146988317  (Index 60)
-----------------ETPA RESULT-------------------
Epoch 30: Validation	rmse: 15.95	mae: 12.46	mape: 83.48%	acc@10: 49.55%	acc@20: 80.78%	acc@30: 93.0%	
[2023-12-18 11:30:48] INFO (nni/MainThread) Intermediate result: 15.94667034863752  (Index 61)
*** Epoch: 31 ***
-----------------G2R RESULT-------------------

val result: krc:0.803 | lsd:0.639 | ed:0.909 | hr@1:0.697 | hr@2:0.874 | hr@3:0.919 | acc@1:0.697 | acc@2:0.628 | acc@3:0.591 | Best krc: 0.809 | Best epoch: 22
[2023-12-18 11:32:29] INFO (nni/MainThread) Intermediate result: 0.8030352798345801  (Index 62)
-----------------ETPA RESULT-------------------
Epoch 31: Validation	rmse: 15.92	mae: 12.44	mape: 83.42%	acc@10: 49.64%	acc@20: 80.88%	acc@30: 92.97%	
[2023-12-18 11:32:29] INFO (nni/MainThread) Intermediate result: 15.92156263151686  (Index 63)
*** Epoch: 32 ***
-----------------G2R RESULT-------------------

val result: krc:0.791 | lsd:0.626 | ed:0.941 | hr@1:0.674 | hr@2:0.871 | hr@3:0.917 | acc@1:0.674 | acc@2:0.609 | acc@3:0.571 | Best krc: 0.809 | Best epoch: 22
[2023-12-18 11:34:08] INFO (nni/MainThread) Intermediate result: 0.7910876514374549  (Index 64)
-----------------ETPA RESULT-------------------
Epoch 32: Validation	rmse: 15.87	mae: 12.4	mape: 83.04%	acc@10: 49.75%	acc@20: 80.97%	acc@30: 93.03%	
[2023-12-18 11:34:08] INFO (nni/MainThread) Intermediate result: 15.869460358424622  (Index 65)
loaded model path: /home/sentanoe/joint_training/data/dataset/food_pd/sort_model/hidden_size-8.gcnru-pd_1702892366.18947651702892366.189491
best model loaded !!!
krc:0.794 | lsd:0.485 | ed:0.933 | hr@1:0.714 | hr@2:0.894 | hr@3:0.937 | acc@1:0.714 | acc@2:0.647 | acc@3:0.596 |

-------------------------------------------------------------
Best epoch for G2R:  22
Best epoch for ETPA:  32
graph2route_pd Evaluation in test: krc:0.794 | lsd:0.485 | ed:0.933 | hr@1:0.714 | hr@2:0.894 | hr@3:0.937 | acc@1:0.714 | acc@2:0.647 | acc@3:0.596 |
RankPETA Evaluation in test: rmse: 12.12	mae: 9.35	mape: 77.98%	acc@10: 62.87%	acc@20: 91.98%	acc@30: 97.47%	
