Device:  cuda
{'alpha_loss': 0.5,
 'batch_size': 64,
 'dataset': 'food_pd',
 'datatype': 'order',
 'device': device(type='cuda'),
 'early_stop': 10,
 'edge_fea_dim': 5,
 'embedding_dim': 32,
 'eval_end_1': 11,
 'eval_end_2': 25,
 'eval_start': 1,
 'gcn_num_layers': 2,
 'hidden_size': 8,
 'is_eval': False,
 'is_test': False,
 'k_min_nodes': 3,
 'k_nearest_neighbors': 'n-1',
 'lr': 0.001,
 'max_task_num': 25,
 'min_task_num': 0,
 'modelArrivalTime': 'RankPETA',
 'modelRoute': 'graph2route_pd',
 'no_cuda': False,
 'node_fea_dim': 8,
 'node_features_test': '/home/sentanoe/joint_training/data/dataset/food_pd/node_features_test_full.npy',
 'node_features_train': '/home/sentanoe/joint_training/data/dataset/food_pd/node_features_train_full.npy',
 'node_features_val': '/home/sentanoe/joint_training/data/dataset/food_pd/node_features_val_full.npy',
 'num_block': 2,
 'num_epoch': 1000,
 'num_head': 2,
 'num_worker_logistics': 2346,
 'num_worker_pd': 920,
 'pad_value': 26,
 'seed': 9999,
 'sort_mode': 'pnn_idx',
 'spatial_encoder': 'gatv2',
 'temporal_encoder': 'gru',
 'test_path': '/home/sentanoe/joint_training/data/dataset/food_pd/test_full.npy',
 'train_mode': 'sort',
 'train_path': '/home/sentanoe/joint_training/data/dataset/food_pd/train_full.npy',
 'val_path': '/home/sentanoe/joint_training/data/dataset/food_pd/val_full.npy',
 'wd': 1e-05,
 'worker_emb_dim': 10,
 'workers': 2}
last_x_size:13;unpick_x_size:12;input_size:53
#train:2521 | #val:1257 | #test:1261
*** Epoch: 0 ***
-----------------G2R RESULT-------------------

val result: krc:0.668 | lsd:1.081 | ed:1.288 | hr@1:0.625 | hr@2:0.784 | hr@3:0.86 | acc@1:0.625 | acc@2:0.509 | acc@3:0.462 | Best krc: -1 | Best epoch: -1
best model saved
[2023-12-16 12:00:33] INFO (nni/MainThread) Intermediate result: 0.6679564387741038  (Index 0)
-----------------ETPA RESULT-------------------
Epoch 0: Validation	rmse: 23.48	mae: 17.36	mape: 104.82%	acc@10: 40.37%	acc@20: 69.26%	acc@30: 83.7%	
[2023-12-16 12:00:33] INFO (nni/MainThread) Intermediate result: 23.48360569265557  (Index 1)
*** Epoch: 1 ***
-----------------G2R RESULT-------------------

val result: krc:0.721 | lsd:0.887 | ed:1.145 | hr@1:0.634 | hr@2:0.824 | hr@3:0.888 | acc@1:0.634 | acc@2:0.547 | acc@3:0.504 | Best krc: 0.668 | Best epoch: 0
best model saved
[2023-12-16 12:01:00] INFO (nni/MainThread) Intermediate result: 0.7211431290049568  (Index 2)
-----------------ETPA RESULT-------------------
Epoch 1: Validation	rmse: 23.12	mae: 17.2	mape: 108.96%	acc@10: 41.67%	acc@20: 71.3%	acc@30: 82.78%	
[2023-12-16 12:01:00] INFO (nni/MainThread) Intermediate result: 23.118744403457097  (Index 3)
*** Epoch: 2 ***
-----------------G2R RESULT-------------------

val result: krc:0.728 | lsd:0.861 | ed:1.132 | hr@1:0.628 | hr@2:0.83 | hr@3:0.89 | acc@1:0.628 | acc@2:0.546 | acc@3:0.505 | Best krc: 0.721 | Best epoch: 1
best model saved
[2023-12-16 12:01:28] INFO (nni/MainThread) Intermediate result: 0.7284626539633099  (Index 4)
-----------------ETPA RESULT-------------------
Epoch 2: Validation	rmse: 21.8	mae: 16.17	mape: 103.63%	acc@10: 44.44%	acc@20: 72.72%	acc@30: 83.83%	
[2023-12-16 12:01:28] INFO (nni/MainThread) Intermediate result: 21.799718975685558  (Index 5)
*** Epoch: 3 ***
-----------------G2R RESULT-------------------

val result: krc:0.726 | lsd:0.849 | ed:1.118 | hr@1:0.635 | hr@2:0.828 | hr@3:0.89 | acc@1:0.635 | acc@2:0.552 | acc@3:0.509 | Best krc: 0.728 | Best epoch: 2
[2023-12-16 12:01:54] INFO (nni/MainThread) Intermediate result: 0.726478304283289  (Index 6)
-----------------ETPA RESULT-------------------
Epoch 3: Validation	rmse: 21.1	mae: 15.81	mape: 104.48%	acc@10: 44.26%	acc@20: 72.78%	acc@30: 84.63%	
[2023-12-16 12:01:54] INFO (nni/MainThread) Intermediate result: 21.096817857860447  (Index 7)
*** Epoch: 4 ***
-----------------G2R RESULT-------------------

val result: krc:0.723 | lsd:0.846 | ed:1.128 | hr@1:0.636 | hr@2:0.831 | hr@3:0.892 | acc@1:0.636 | acc@2:0.553 | acc@3:0.505 | Best krc: 0.728 | Best epoch: 2
[2023-12-16 12:02:21] INFO (nni/MainThread) Intermediate result: 0.7228772222125961  (Index 8)
-----------------ETPA RESULT-------------------
Epoch 4: Validation	rmse: 21.12	mae: 15.81	mape: 106.43%	acc@10: 44.37%	acc@20: 72.81%	acc@30: 84.52%	
[2023-12-16 12:02:21] INFO (nni/MainThread) Intermediate result: 21.11922481137573  (Index 9)
*** Epoch: 5 ***
-----------------G2R RESULT-------------------

val result: krc:0.749 | lsd:0.761 | ed:1.052 | hr@1:0.646 | hr@2:0.847 | hr@3:0.901 | acc@1:0.646 | acc@2:0.573 | acc@3:0.532 | Best krc: 0.728 | Best epoch: 2
best model saved
[2023-12-16 12:02:48] INFO (nni/MainThread) Intermediate result: 0.7494345253768078  (Index 10)
-----------------ETPA RESULT-------------------
Epoch 5: Validation	rmse: 20.72	mae: 15.56	mape: 105.14%	acc@10: 45.06%	acc@20: 73.09%	acc@30: 84.88%	
[2023-12-16 12:02:48] INFO (nni/MainThread) Intermediate result: 20.72147100642964  (Index 11)
*** Epoch: 6 ***
-----------------G2R RESULT-------------------

val result: krc:0.746 | lsd:0.802 | ed:1.063 | hr@1:0.64 | hr@2:0.842 | hr@3:0.898 | acc@1:0.64 | acc@2:0.57 | acc@3:0.53 | Best krc: 0.749 | Best epoch: 5
[2023-12-16 12:03:14] INFO (nni/MainThread) Intermediate result: 0.7455227737169144  (Index 12)
-----------------ETPA RESULT-------------------
Epoch 6: Validation	rmse: 20.48	mae: 15.43	mape: 104.72%	acc@10: 45.03%	acc@20: 73.44%	acc@30: 85.08%	
[2023-12-16 12:03:14] INFO (nni/MainThread) Intermediate result: 20.476539593315007  (Index 13)
*** Epoch: 7 ***
-----------------G2R RESULT-------------------

val result: krc:0.749 | lsd:0.782 | ed:1.056 | hr@1:0.639 | hr@2:0.845 | hr@3:0.901 | acc@1:0.639 | acc@2:0.572 | acc@3:0.533 | Best krc: 0.749 | Best epoch: 5
[2023-12-16 12:03:40] INFO (nni/MainThread) Intermediate result: 0.7486443961389304  (Index 14)
-----------------ETPA RESULT-------------------
Epoch 7: Validation	rmse: 20.05	mae: 15.2	mape: 104.08%	acc@10: 44.95%	acc@20: 74.03%	acc@30: 85.83%	
[2023-12-16 12:03:40] INFO (nni/MainThread) Intermediate result: 20.054309970979237  (Index 15)
*** Epoch: 8 ***
-----------------G2R RESULT-------------------

val result: krc:0.757 | lsd:0.758 | ed:1.032 | hr@1:0.648 | hr@2:0.849 | hr@3:0.901 | acc@1:0.648 | acc@2:0.575 | acc@3:0.538 | Best krc: 0.749 | Best epoch: 5
best model saved
[2023-12-16 12:04:08] INFO (nni/MainThread) Intermediate result: 0.7567016358271279  (Index 16)
-----------------ETPA RESULT-------------------
Epoch 8: Validation	rmse: 19.84	mae: 15.13	mape: 104.85%	acc@10: 44.12%	acc@20: 73.99%	acc@30: 86.34%	
[2023-12-16 12:04:08] INFO (nni/MainThread) Intermediate result: 19.840081473368777  (Index 17)
*** Epoch: 9 ***
-----------------G2R RESULT-------------------

val result: krc:0.733 | lsd:0.825 | ed:1.108 | hr@1:0.643 | hr@2:0.839 | hr@3:0.892 | acc@1:0.643 | acc@2:0.56 | acc@3:0.511 | Best krc: 0.757 | Best epoch: 8
[2023-12-16 12:04:34] INFO (nni/MainThread) Intermediate result: 0.7331204127618643  (Index 18)
-----------------ETPA RESULT-------------------
Epoch 9: Validation	rmse: 19.42	mae: 14.81	mape: 103.03%	acc@10: 45.11%	acc@20: 74.85%	acc@30: 86.93%	
[2023-12-16 12:04:34] INFO (nni/MainThread) Intermediate result: 19.419876835042835  (Index 19)
*** Epoch: 10 ***
-----------------G2R RESULT-------------------

val result: krc:0.754 | lsd:0.729 | ed:1.04 | hr@1:0.649 | hr@2:0.854 | hr@3:0.903 | acc@1:0.649 | acc@2:0.577 | acc@3:0.536 | Best krc: 0.757 | Best epoch: 8
[2023-12-16 12:04:59] INFO (nni/MainThread) Intermediate result: 0.7536764154079413  (Index 20)
-----------------ETPA RESULT-------------------
Epoch 10: Validation	rmse: 19.02	mae: 14.54	mape: 101.63%	acc@10: 45.96%	acc@20: 75.59%	acc@30: 87.58%	
[2023-12-16 12:04:59] INFO (nni/MainThread) Intermediate result: 19.020491950634792  (Index 21)
*** Epoch: 11 ***
-----------------G2R RESULT-------------------

val result: krc:0.762 | lsd:0.74 | ed:0.994 | hr@1:0.656 | hr@2:0.853 | hr@3:0.906 | acc@1:0.656 | acc@2:0.589 | acc@3:0.552 | Best krc: 0.757 | Best epoch: 8
best model saved
[2023-12-16 12:05:26] INFO (nni/MainThread) Intermediate result: 0.7615972911119391  (Index 22)
-----------------ETPA RESULT-------------------
Epoch 11: Validation	rmse: 18.78	mae: 14.36	mape: 101.09%	acc@10: 46.36%	acc@20: 76.02%	acc@30: 87.9%	
[2023-12-16 12:05:26] INFO (nni/MainThread) Intermediate result: 18.780188982530415  (Index 23)
*** Epoch: 12 ***
-----------------G2R RESULT-------------------

val result: krc:0.747 | lsd:0.785 | ed:1.069 | hr@1:0.648 | hr@2:0.846 | hr@3:0.901 | acc@1:0.648 | acc@2:0.568 | acc@3:0.529 | Best krc: 0.762 | Best epoch: 11
[2023-12-16 12:05:52] INFO (nni/MainThread) Intermediate result: 0.7465611419787195  (Index 24)
-----------------ETPA RESULT-------------------
Epoch 12: Validation	rmse: 18.48	mae: 14.17	mape: 100.13%	acc@10: 46.67%	acc@20: 76.5%	acc@30: 88.49%	
[2023-12-16 12:05:52] INFO (nni/MainThread) Intermediate result: 18.481816792775856  (Index 25)
*** Epoch: 13 ***
-----------------G2R RESULT-------------------

val result: krc:0.735 | lsd:0.81 | ed:1.098 | hr@1:0.642 | hr@2:0.845 | hr@3:0.897 | acc@1:0.642 | acc@2:0.565 | acc@3:0.52 | Best krc: 0.762 | Best epoch: 11
[2023-12-16 12:06:17] INFO (nni/MainThread) Intermediate result: 0.7346151204218542  (Index 26)
-----------------ETPA RESULT-------------------
Epoch 13: Validation	rmse: 18.19	mae: 13.96	mape: 98.46%	acc@10: 47.43%	acc@20: 76.9%	acc@30: 89.02%	
[2023-12-16 12:06:17] INFO (nni/MainThread) Intermediate result: 18.190243389839104  (Index 27)
*** Epoch: 14 ***
-----------------G2R RESULT-------------------

val result: krc:0.761 | lsd:0.738 | ed:1.013 | hr@1:0.654 | hr@2:0.854 | hr@3:0.901 | acc@1:0.654 | acc@2:0.583 | acc@3:0.541 | Best krc: 0.762 | Best epoch: 11
[2023-12-16 12:06:44] INFO (nni/MainThread) Intermediate result: 0.7605212129042476  (Index 28)
-----------------ETPA RESULT-------------------
Epoch 14: Validation	rmse: 18.01	mae: 13.81	mape: 97.69%	acc@10: 47.75%	acc@20: 77.38%	acc@30: 89.19%	
[2023-12-16 12:06:44] INFO (nni/MainThread) Intermediate result: 18.01419338658801  (Index 29)
*** Epoch: 15 ***
-----------------G2R RESULT-------------------

val result: krc:0.764 | lsd:0.747 | ed:1.007 | hr@1:0.65 | hr@2:0.855 | hr@3:0.904 | acc@1:0.65 | acc@2:0.582 | acc@3:0.547 | Best krc: 0.762 | Best epoch: 11
best model saved
[2023-12-16 12:07:11] INFO (nni/MainThread) Intermediate result: 0.7637787844958811  (Index 30)
-----------------ETPA RESULT-------------------
Epoch 15: Validation	rmse: 18.02	mae: 13.83	mape: 98.27%	acc@10: 47.43%	acc@20: 77.36%	acc@30: 89.17%	
[2023-12-16 12:07:11] INFO (nni/MainThread) Intermediate result: 18.01862909182083  (Index 31)
*** Epoch: 16 ***
-----------------G2R RESULT-------------------

val result: krc:0.759 | lsd:0.736 | ed:1.017 | hr@1:0.655 | hr@2:0.851 | hr@3:0.902 | acc@1:0.655 | acc@2:0.581 | acc@3:0.542 | Best krc: 0.764 | Best epoch: 15
[2023-12-16 12:07:38] INFO (nni/MainThread) Intermediate result: 0.7587165727436825  (Index 32)
-----------------ETPA RESULT-------------------
Epoch 16: Validation	rmse: 17.92	mae: 13.76	mape: 97.93%	acc@10: 47.6%	acc@20: 77.63%	acc@30: 89.22%	
[2023-12-16 12:07:38] INFO (nni/MainThread) Intermediate result: 17.91634128356572  (Index 33)
*** Epoch: 17 ***
-----------------G2R RESULT-------------------

val result: krc:0.762 | lsd:0.734 | ed:1.001 | hr@1:0.653 | hr@2:0.854 | hr@3:0.904 | acc@1:0.653 | acc@2:0.586 | acc@3:0.548 | Best krc: 0.764 | Best epoch: 15
[2023-12-16 12:08:04] INFO (nni/MainThread) Intermediate result: 0.7621056386163514  (Index 34)
-----------------ETPA RESULT-------------------
Epoch 17: Validation	rmse: 17.7	mae: 13.59	mape: 96.59%	acc@10: 48.11%	acc@20: 77.94%	acc@30: 89.57%	
[2023-12-16 12:08:04] INFO (nni/MainThread) Intermediate result: 17.701972771113  (Index 35)
*** Epoch: 18 ***
-----------------G2R RESULT-------------------

val result: krc:0.754 | lsd:0.738 | ed:1.026 | hr@1:0.65 | hr@2:0.852 | hr@3:0.901 | acc@1:0.65 | acc@2:0.582 | acc@3:0.538 | Best krc: 0.764 | Best epoch: 15
[2023-12-16 12:08:30] INFO (nni/MainThread) Intermediate result: 0.7536505671529721  (Index 36)
-----------------ETPA RESULT-------------------
Epoch 18: Validation	rmse: 17.57	mae: 13.5	mape: 96.04%	acc@10: 48.21%	acc@20: 78.27%	acc@30: 89.79%	
[2023-12-16 12:08:30] INFO (nni/MainThread) Intermediate result: 17.565494849761105  (Index 37)
*** Epoch: 19 ***
-----------------G2R RESULT-------------------

val result: krc:0.754 | lsd:0.747 | ed:1.025 | hr@1:0.648 | hr@2:0.853 | hr@3:0.903 | acc@1:0.648 | acc@2:0.58 | acc@3:0.538 | Best krc: 0.764 | Best epoch: 15
[2023-12-16 12:08:56] INFO (nni/MainThread) Intermediate result: 0.7535858017187268  (Index 38)
-----------------ETPA RESULT-------------------
Epoch 19: Validation	rmse: 17.42	mae: 13.38	mape: 95.15%	acc@10: 48.57%	acc@20: 78.52%	acc@30: 90.0%	
[2023-12-16 12:08:56] INFO (nni/MainThread) Intermediate result: 17.415916020579708  (Index 39)
*** Epoch: 20 ***
-----------------G2R RESULT-------------------

val result: krc:0.763 | lsd:0.72 | ed:1.004 | hr@1:0.649 | hr@2:0.856 | hr@3:0.907 | acc@1:0.649 | acc@2:0.582 | acc@3:0.548 | Best krc: 0.764 | Best epoch: 15
[2023-12-16 12:09:22] INFO (nni/MainThread) Intermediate result: 0.7625285433768162  (Index 40)
-----------------ETPA RESULT-------------------
Epoch 20: Validation	rmse: 17.27	mae: 13.27	mape: 94.11%	acc@10: 48.84%	acc@20: 78.71%	acc@30: 90.19%	
[2023-12-16 12:09:22] INFO (nni/MainThread) Intermediate result: 17.273805799224956  (Index 41)
*** Epoch: 21 ***
-----------------G2R RESULT-------------------

val result: krc:0.768 | lsd:0.72 | ed:0.981 | hr@1:0.65 | hr@2:0.861 | hr@3:0.909 | acc@1:0.65 | acc@2:0.588 | acc@3:0.557 | Best krc: 0.764 | Best epoch: 15
best model saved
[2023-12-16 12:09:48] INFO (nni/MainThread) Intermediate result: 0.7680895483081753  (Index 42)
-----------------ETPA RESULT-------------------
Epoch 21: Validation	rmse: 17.12	mae: 13.16	mape: 92.94%	acc@10: 49.18%	acc@20: 78.94%	acc@30: 90.45%	
[2023-12-16 12:09:48] INFO (nni/MainThread) Intermediate result: 17.1221980323831  (Index 43)
*** Epoch: 22 ***
-----------------G2R RESULT-------------------

val result: krc:0.772 | lsd:0.706 | ed:0.979 | hr@1:0.652 | hr@2:0.862 | hr@3:0.91 | acc@1:0.652 | acc@2:0.592 | acc@3:0.556 | Best krc: 0.768 | Best epoch: 21
best model saved
[2023-12-16 12:10:15] INFO (nni/MainThread) Intermediate result: 0.7718160043651954  (Index 44)
-----------------ETPA RESULT-------------------
Epoch 22: Validation	rmse: 16.98	mae: 13.06	mape: 92.27%	acc@10: 49.4%	acc@20: 79.19%	acc@30: 90.74%	
[2023-12-16 12:10:15] INFO (nni/MainThread) Intermediate result: 16.977607518061248  (Index 45)
*** Epoch: 23 ***
-----------------G2R RESULT-------------------

val result: krc:0.772 | lsd:0.691 | ed:0.99 | hr@1:0.652 | hr@2:0.862 | hr@3:0.908 | acc@1:0.652 | acc@2:0.585 | acc@3:0.547 | Best krc: 0.772 | Best epoch: 22
[2023-12-16 12:10:41] INFO (nni/MainThread) Intermediate result: 0.7716694958671347  (Index 46)
-----------------ETPA RESULT-------------------
Epoch 23: Validation	rmse: 16.93	mae: 13.03	mape: 92.14%	acc@10: 49.49%	acc@20: 79.37%	acc@30: 90.79%	
[2023-12-16 12:10:41] INFO (nni/MainThread) Intermediate result: 16.929263604834148  (Index 47)
*** Epoch: 24 ***
-----------------G2R RESULT-------------------

val result: krc:0.772 | lsd:0.701 | ed:0.977 | hr@1:0.648 | hr@2:0.863 | hr@3:0.907 | acc@1:0.648 | acc@2:0.589 | acc@3:0.557 | Best krc: 0.772 | Best epoch: 22
[2023-12-16 12:11:07] INFO (nni/MainThread) Intermediate result: 0.7716626229525225  (Index 48)
-----------------ETPA RESULT-------------------
Epoch 24: Validation	rmse: 16.9	mae: 13.02	mape: 92.24%	acc@10: 49.32%	acc@20: 79.47%	acc@30: 90.77%	
[2023-12-16 12:11:07] INFO (nni/MainThread) Intermediate result: 16.90472430342839  (Index 49)
*** Epoch: 25 ***
-----------------G2R RESULT-------------------

val result: krc:0.771 | lsd:0.676 | ed:0.99 | hr@1:0.654 | hr@2:0.865 | hr@3:0.91 | acc@1:0.654 | acc@2:0.59 | acc@3:0.55 | Best krc: 0.772 | Best epoch: 22
[2023-12-16 12:11:33] INFO (nni/MainThread) Intermediate result: 0.7714504187613063  (Index 50)
-----------------ETPA RESULT-------------------
Epoch 25: Validation	rmse: 16.81	mae: 12.95	mape: 91.57%	acc@10: 49.57%	acc@20: 79.64%	acc@30: 90.93%	
[2023-12-16 12:11:33] INFO (nni/MainThread) Intermediate result: 16.8060930381815  (Index 51)
*** Epoch: 26 ***
-----------------G2R RESULT-------------------

val result: krc:0.773 | lsd:0.685 | ed:0.979 | hr@1:0.655 | hr@2:0.863 | hr@3:0.909 | acc@1:0.655 | acc@2:0.591 | acc@3:0.556 | Best krc: 0.772 | Best epoch: 22
best model saved
[2023-12-16 12:12:00] INFO (nni/MainThread) Intermediate result: 0.773407454745452  (Index 52)
-----------------ETPA RESULT-------------------
Epoch 26: Validation	rmse: 16.73	mae: 12.9	mape: 91.32%	acc@10: 49.63%	acc@20: 79.79%	acc@30: 91.07%	
[2023-12-16 12:12:00] INFO (nni/MainThread) Intermediate result: 16.729093362741402  (Index 53)
*** Epoch: 27 ***
-----------------G2R RESULT-------------------

val result: krc:0.77 | lsd:0.69 | ed:1.018 | hr@1:0.646 | hr@2:0.863 | hr@3:0.909 | acc@1:0.646 | acc@2:0.581 | acc@3:0.541 | Best krc: 0.773 | Best epoch: 26
[2023-12-16 12:12:26] INFO (nni/MainThread) Intermediate result: 0.7695471640377631  (Index 54)
-----------------ETPA RESULT-------------------
Epoch 27: Validation	rmse: 16.64	mae: 12.84	mape: 90.65%	acc@10: 49.87%	acc@20: 79.93%	acc@30: 91.22%	
[2023-12-16 12:12:26] INFO (nni/MainThread) Intermediate result: 16.640595901177697  (Index 55)
*** Epoch: 28 ***
-----------------G2R RESULT-------------------

val result: krc:0.773 | lsd:0.664 | ed:1.014 | hr@1:0.646 | hr@2:0.867 | hr@3:0.911 | acc@1:0.646 | acc@2:0.585 | acc@3:0.542 | Best krc: 0.773 | Best epoch: 26
[2023-12-16 12:12:52] INFO (nni/MainThread) Intermediate result: 0.772838190328352  (Index 56)
-----------------ETPA RESULT-------------------
Epoch 28: Validation	rmse: 16.54	mae: 12.76	mape: 89.89%	acc@10: 50.05%	acc@20: 80.05%	acc@30: 91.38%	
[2023-12-16 12:12:52] INFO (nni/MainThread) Intermediate result: 16.542927298883008  (Index 57)
*** Epoch: 29 ***
-----------------G2R RESULT-------------------

val result: krc:0.78 | lsd:0.678 | ed:0.955 | hr@1:0.656 | hr@2:0.867 | hr@3:0.911 | acc@1:0.656 | acc@2:0.596 | acc@3:0.563 | Best krc: 0.773 | Best epoch: 26
best model saved
[2023-12-16 12:13:20] INFO (nni/MainThread) Intermediate result: 0.7802507392363099  (Index 58)
-----------------ETPA RESULT-------------------
Epoch 29: Validation	rmse: 16.48	mae: 12.71	mape: 88.92%	acc@10: 50.33%	acc@20: 80.11%	acc@30: 91.52%	
[2023-12-16 12:13:20] INFO (nni/MainThread) Intermediate result: 16.475650159243415  (Index 59)
*** Epoch: 30 ***
-----------------G2R RESULT-------------------

val result: krc:0.771 | lsd:0.68 | ed:0.99 | hr@1:0.651 | hr@2:0.87 | hr@3:0.91 | acc@1:0.651 | acc@2:0.589 | acc@3:0.546 | Best krc: 0.78 | Best epoch: 29
[2023-12-16 12:13:47] INFO (nni/MainThread) Intermediate result: 0.77089111765981  (Index 60)
-----------------ETPA RESULT-------------------
Epoch 30: Validation	rmse: 16.37	mae: 12.63	mape: 88.2%	acc@10: 50.47%	acc@20: 80.38%	acc@30: 91.68%	
[2023-12-16 12:13:47] INFO (nni/MainThread) Intermediate result: 16.374837081498335  (Index 61)
*** Epoch: 31 ***
-----------------G2R RESULT-------------------

val result: krc:0.781 | lsd:0.662 | ed:0.962 | hr@1:0.657 | hr@2:0.866 | hr@3:0.911 | acc@1:0.657 | acc@2:0.596 | acc@3:0.56 | Best krc: 0.78 | Best epoch: 29
best model saved
[2023-12-16 12:14:14] INFO (nni/MainThread) Intermediate result: 0.7807585936226076  (Index 62)
-----------------ETPA RESULT-------------------
Epoch 31: Validation	rmse: 16.31	mae: 12.58	mape: 87.57%	acc@10: 50.71%	acc@20: 80.45%	acc@30: 91.78%	
[2023-12-16 12:14:14] INFO (nni/MainThread) Intermediate result: 16.312799670237663  (Index 63)
*** Epoch: 32 ***
-----------------G2R RESULT-------------------

val result: krc:0.781 | lsd:0.653 | ed:0.947 | hr@1:0.657 | hr@2:0.872 | hr@3:0.916 | acc@1:0.657 | acc@2:0.599 | acc@3:0.568 | Best krc: 0.781 | Best epoch: 31
best model saved
[2023-12-16 12:14:42] INFO (nni/MainThread) Intermediate result: 0.7814675673967323  (Index 64)
-----------------ETPA RESULT-------------------
Epoch 32: Validation	rmse: 16.24	mae: 12.52	mape: 86.82%	acc@10: 51.02%	acc@20: 80.57%	acc@30: 91.91%	
[2023-12-16 12:14:42] INFO (nni/MainThread) Intermediate result: 16.239894819975547  (Index 65)
*** Epoch: 33 ***
-----------------G2R RESULT-------------------

val result: krc:0.766 | lsd:0.68 | ed:1.019 | hr@1:0.648 | hr@2:0.864 | hr@3:0.908 | acc@1:0.648 | acc@2:0.58 | acc@3:0.535 | Best krc: 0.781 | Best epoch: 32
[2023-12-16 12:15:08] INFO (nni/MainThread) Intermediate result: 0.7664971330471985  (Index 66)
-----------------ETPA RESULT-------------------
Epoch 33: Validation	rmse: 16.19	mae: 12.49	mape: 86.65%	acc@10: 51.07%	acc@20: 80.69%	acc@30: 92.03%	
[2023-12-16 12:15:08] INFO (nni/MainThread) Intermediate result: 16.188776299842893  (Index 67)
*** Epoch: 34 ***
-----------------G2R RESULT-------------------

val result: krc:0.782 | lsd:0.666 | ed:0.948 | hr@1:0.656 | hr@2:0.87 | hr@3:0.913 | acc@1:0.656 | acc@2:0.598 | acc@3:0.567 | Best krc: 0.781 | Best epoch: 32
best model saved
[2023-12-16 12:15:36] INFO (nni/MainThread) Intermediate result: 0.7822198439950954  (Index 68)
-----------------ETPA RESULT-------------------
Epoch 34: Validation	rmse: 16.16	mae: 12.48	mape: 86.66%	acc@10: 51.02%	acc@20: 80.75%	acc@30: 92.08%	
[2023-12-16 12:15:36] INFO (nni/MainThread) Intermediate result: 16.1552762001258  (Index 69)
*** Epoch: 35 ***
-----------------G2R RESULT-------------------

val result: krc:0.779 | lsd:0.655 | ed:0.961 | hr@1:0.659 | hr@2:0.87 | hr@3:0.913 | acc@1:0.659 | acc@2:0.596 | acc@3:0.559 | Best krc: 0.782 | Best epoch: 34
[2023-12-16 12:16:03] INFO (nni/MainThread) Intermediate result: 0.7793960461472484  (Index 70)
-----------------ETPA RESULT-------------------
Epoch 35: Validation	rmse: 16.11	mae: 12.45	mape: 86.45%	acc@10: 51.05%	acc@20: 80.84%	acc@30: 92.17%	
[2023-12-16 12:16:03] INFO (nni/MainThread) Intermediate result: 16.10946901158946  (Index 71)
*** Epoch: 36 ***
-----------------G2R RESULT-------------------

val result: krc:0.783 | lsd:0.652 | ed:0.945 | hr@1:0.654 | hr@2:0.87 | hr@3:0.916 | acc@1:0.654 | acc@2:0.6 | acc@3:0.563 | Best krc: 0.782 | Best epoch: 34
best model saved
[2023-12-16 12:16:30] INFO (nni/MainThread) Intermediate result: 0.7832014855539123  (Index 72)
-----------------ETPA RESULT-------------------
Epoch 36: Validation	rmse: 16.06	mae: 12.41	mape: 86.08%	acc@10: 51.18%	acc@20: 80.92%	acc@30: 92.25%	
[2023-12-16 12:16:30] INFO (nni/MainThread) Intermediate result: 16.05518528532439  (Index 73)
*** Epoch: 37 ***
-----------------G2R RESULT-------------------

val result: krc:0.773 | lsd:0.661 | ed:0.993 | hr@1:0.647 | hr@2:0.866 | hr@3:0.91 | acc@1:0.647 | acc@2:0.585 | acc@3:0.549 | Best krc: 0.783 | Best epoch: 36
[2023-12-16 12:16:57] INFO (nni/MainThread) Intermediate result: 0.7730809409864942  (Index 74)
-----------------ETPA RESULT-------------------
Epoch 37: Validation	rmse: 16.0	mae: 12.37	mape: 85.73%	acc@10: 51.31%	acc@20: 81.05%	acc@30: 92.34%	
[2023-12-16 12:16:57] INFO (nni/MainThread) Intermediate result: 15.996901664147826  (Index 75)
*** Epoch: 38 ***
-----------------G2R RESULT-------------------

val result: krc:0.778 | lsd:0.665 | ed:0.978 | hr@1:0.658 | hr@2:0.868 | hr@3:0.911 | acc@1:0.658 | acc@2:0.594 | acc@3:0.554 | Best krc: 0.783 | Best epoch: 36
[2023-12-16 12:17:24] INFO (nni/MainThread) Intermediate result: 0.7780066845654952  (Index 76)
-----------------ETPA RESULT-------------------
Epoch 38: Validation	rmse: 15.95	mae: 12.34	mape: 85.55%	acc@10: 51.35%	acc@20: 81.16%	acc@30: 92.41%	
[2023-12-16 12:17:24] INFO (nni/MainThread) Intermediate result: 15.952880636941135  (Index 77)
*** Epoch: 39 ***
-----------------G2R RESULT-------------------

val result: krc:0.785 | lsd:0.635 | ed:0.937 | hr@1:0.662 | hr@2:0.868 | hr@3:0.914 | acc@1:0.662 | acc@2:0.6 | acc@3:0.568 | Best krc: 0.783 | Best epoch: 36
best model saved
[2023-12-16 12:17:51] INFO (nni/MainThread) Intermediate result: 0.7851766413637861  (Index 78)
-----------------ETPA RESULT-------------------
Epoch 39: Validation	rmse: 15.88	mae: 12.29	mape: 84.9%	acc@10: 51.52%	acc@20: 81.3%	acc@30: 92.51%	
[2023-12-16 12:17:51] INFO (nni/MainThread) Intermediate result: 15.884952828179985  (Index 79)
*** Epoch: 40 ***
-----------------G2R RESULT-------------------

val result: krc:0.775 | lsd:0.677 | ed:0.97 | hr@1:0.648 | hr@2:0.868 | hr@3:0.911 | acc@1:0.648 | acc@2:0.59 | acc@3:0.551 | Best krc: 0.785 | Best epoch: 39
[2023-12-16 12:18:18] INFO (nni/MainThread) Intermediate result: 0.7750201735947255  (Index 80)
-----------------ETPA RESULT-------------------
Epoch 40: Validation	rmse: 15.83	mae: 12.25	mape: 84.5%	acc@10: 51.62%	acc@20: 81.36%	acc@30: 92.61%	
[2023-12-16 12:18:18] INFO (nni/MainThread) Intermediate result: 15.83252864917201  (Index 81)
*** Epoch: 41 ***
-----------------G2R RESULT-------------------

val result: krc:0.784 | lsd:0.661 | ed:0.95 | hr@1:0.656 | hr@2:0.866 | hr@3:0.912 | acc@1:0.656 | acc@2:0.595 | acc@3:0.564 | Best krc: 0.785 | Best epoch: 39
[2023-12-16 12:18:45] INFO (nni/MainThread) Intermediate result: 0.7835958596780634  (Index 82)
-----------------ETPA RESULT-------------------
Epoch 41: Validation	rmse: 15.79	mae: 12.22	mape: 84.16%	acc@10: 51.67%	acc@20: 81.45%	acc@30: 92.69%	
[2023-12-16 12:18:45] INFO (nni/MainThread) Intermediate result: 15.786449281227377  (Index 83)
*** Epoch: 42 ***
-----------------G2R RESULT-------------------

val result: krc:0.784 | lsd:0.637 | ed:0.937 | hr@1:0.653 | hr@2:0.87 | hr@3:0.917 | acc@1:0.653 | acc@2:0.595 | acc@3:0.565 | Best krc: 0.785 | Best epoch: 39
[2023-12-16 12:19:11] INFO (nni/MainThread) Intermediate result: 0.7844101128753511  (Index 84)
-----------------ETPA RESULT-------------------
Epoch 42: Validation	rmse: 15.74	mae: 12.18	mape: 83.76%	acc@10: 51.81%	acc@20: 81.52%	acc@30: 92.76%	
[2023-12-16 12:19:11] INFO (nni/MainThread) Intermediate result: 15.736372097217139  (Index 85)
*** Epoch: 43 ***
-----------------G2R RESULT-------------------

val result: krc:0.786 | lsd:0.649 | ed:0.946 | hr@1:0.663 | hr@2:0.868 | hr@3:0.915 | acc@1:0.663 | acc@2:0.599 | acc@3:0.565 | Best krc: 0.785 | Best epoch: 39
best model saved
[2023-12-16 12:19:39] INFO (nni/MainThread) Intermediate result: 0.7856303689185193  (Index 86)
-----------------ETPA RESULT-------------------
Epoch 43: Validation	rmse: 15.7	mae: 12.16	mape: 83.51%	acc@10: 51.9%	acc@20: 81.57%	acc@30: 92.81%	
[2023-12-16 12:19:39] INFO (nni/MainThread) Intermediate result: 15.703201006476506  (Index 87)
*** Epoch: 44 ***
-----------------G2R RESULT-------------------

val result: krc:0.783 | lsd:0.645 | ed:0.958 | hr@1:0.652 | hr@2:0.871 | hr@3:0.915 | acc@1:0.652 | acc@2:0.592 | acc@3:0.56 | Best krc: 0.786 | Best epoch: 43
[2023-12-16 12:20:07] INFO (nni/MainThread) Intermediate result: 0.7834746328668496  (Index 88)
-----------------ETPA RESULT-------------------
Epoch 44: Validation	rmse: 15.66	mae: 12.12	mape: 83.09%	acc@10: 52.01%	acc@20: 81.63%	acc@30: 92.91%	
[2023-12-16 12:20:07] INFO (nni/MainThread) Intermediate result: 15.658717122120192  (Index 89)
*** Epoch: 45 ***
-----------------G2R RESULT-------------------

val result: krc:0.779 | lsd:0.639 | ed:0.987 | hr@1:0.655 | hr@2:0.872 | hr@3:0.912 | acc@1:0.655 | acc@2:0.595 | acc@3:0.554 | Best krc: 0.786 | Best epoch: 43
[2023-12-16 12:20:34] INFO (nni/MainThread) Intermediate result: 0.7792968776353122  (Index 90)
-----------------ETPA RESULT-------------------
Epoch 45: Validation	rmse: 15.61	mae: 12.09	mape: 82.64%	acc@10: 52.07%	acc@20: 81.75%	acc@30: 92.98%	
[2023-12-16 12:20:34] INFO (nni/MainThread) Intermediate result: 15.612500463942919  (Index 91)
*** Epoch: 46 ***
-----------------G2R RESULT-------------------

val result: krc:0.784 | lsd:0.642 | ed:0.957 | hr@1:0.662 | hr@2:0.868 | hr@3:0.916 | acc@1:0.662 | acc@2:0.596 | acc@3:0.565 | Best krc: 0.786 | Best epoch: 43
[2023-12-16 12:21:01] INFO (nni/MainThread) Intermediate result: 0.7837355580337653  (Index 92)
-----------------ETPA RESULT-------------------
Epoch 46: Validation	rmse: 15.59	mae: 12.08	mape: 82.56%	acc@10: 52.14%	acc@20: 81.8%	acc@30: 93.01%	
[2023-12-16 12:21:01] INFO (nni/MainThread) Intermediate result: 15.593339999357491  (Index 93)
*** Epoch: 47 ***
-----------------G2R RESULT-------------------

val result: krc:0.784 | lsd:0.667 | ed:0.944 | hr@1:0.656 | hr@2:0.869 | hr@3:0.914 | acc@1:0.656 | acc@2:0.599 | acc@3:0.571 | Best krc: 0.786 | Best epoch: 43
[2023-12-16 12:21:28] INFO (nni/MainThread) Intermediate result: 0.7843618639858256  (Index 94)
-----------------ETPA RESULT-------------------
Epoch 47: Validation	rmse: 15.58	mae: 12.07	mape: 82.57%	acc@10: 52.15%	acc@20: 81.83%	acc@30: 93.02%	
[2023-12-16 12:21:28] INFO (nni/MainThread) Intermediate result: 15.58116990260802  (Index 95)
*** Epoch: 48 ***
-----------------G2R RESULT-------------------

val result: krc:0.784 | lsd:0.633 | ed:0.953 | hr@1:0.659 | hr@2:0.871 | hr@3:0.916 | acc@1:0.659 | acc@2:0.598 | acc@3:0.561 | Best krc: 0.786 | Best epoch: 43
[2023-12-16 12:21:55] INFO (nni/MainThread) Intermediate result: 0.7844940147869751  (Index 96)
-----------------ETPA RESULT-------------------
Epoch 48: Validation	rmse: 15.56	mae: 12.05	mape: 82.29%	acc@10: 52.19%	acc@20: 81.84%	acc@30: 93.05%	
[2023-12-16 12:21:55] INFO (nni/MainThread) Intermediate result: 15.557420757799516  (Index 97)
*** Epoch: 49 ***
-----------------G2R RESULT-------------------

val result: krc:0.779 | lsd:0.657 | ed:0.99 | hr@1:0.653 | hr@2:0.866 | hr@3:0.91 | acc@1:0.653 | acc@2:0.59 | acc@3:0.547 | Best krc: 0.786 | Best epoch: 43
[2023-12-16 12:22:22] INFO (nni/MainThread) Intermediate result: 0.7792897814585615  (Index 98)
-----------------ETPA RESULT-------------------
Epoch 49: Validation	rmse: 15.52	mae: 12.02	mape: 81.96%	acc@10: 52.25%	acc@20: 81.87%	acc@30: 93.12%	
[2023-12-16 12:22:22] INFO (nni/MainThread) Intermediate result: 15.522857528859952  (Index 99)
*** Epoch: 50 ***
-----------------G2R RESULT-------------------

val result: krc:0.785 | lsd:0.637 | ed:0.951 | hr@1:0.669 | hr@2:0.868 | hr@3:0.912 | acc@1:0.669 | acc@2:0.606 | acc@3:0.565 | Best krc: 0.786 | Best epoch: 43
[2023-12-16 12:22:49] INFO (nni/MainThread) Intermediate result: 0.7854634623502137  (Index 100)
-----------------ETPA RESULT-------------------
Epoch 50: Validation	rmse: 15.49	mae: 12.0	mape: 81.74%	acc@10: 52.32%	acc@20: 81.9%	acc@30: 93.18%	
[2023-12-16 12:22:49] INFO (nni/MainThread) Intermediate result: 15.489089343646047  (Index 101)
*** Epoch: 51 ***
-----------------G2R RESULT-------------------

val result: krc:0.786 | lsd:0.644 | ed:0.949 | hr@1:0.663 | hr@2:0.871 | hr@3:0.916 | acc@1:0.663 | acc@2:0.603 | acc@3:0.57 | Best krc: 0.786 | Best epoch: 43
[2023-12-16 12:23:16] INFO (nni/MainThread) Intermediate result: 0.78556974257018  (Index 102)
-----------------ETPA RESULT-------------------
Epoch 51: Validation	rmse: 15.46	mae: 11.98	mape: 81.54%	acc@10: 52.34%	acc@20: 81.94%	acc@30: 93.23%	
[2023-12-16 12:23:16] INFO (nni/MainThread) Intermediate result: 15.458411396276794  (Index 103)
*** Epoch: 52 ***
-----------------G2R RESULT-------------------

val result: krc:0.791 | lsd:0.643 | ed:0.927 | hr@1:0.666 | hr@2:0.873 | hr@3:0.917 | acc@1:0.666 | acc@2:0.611 | acc@3:0.576 | Best krc: 0.786 | Best epoch: 43
best model saved
[2023-12-16 12:23:44] INFO (nni/MainThread) Intermediate result: 0.7908881142986959  (Index 104)
-----------------ETPA RESULT-------------------
Epoch 52: Validation	rmse: 15.43	mae: 11.97	mape: 81.42%	acc@10: 52.38%	acc@20: 82.0%	acc@30: 93.31%	
[2023-12-16 12:23:44] INFO (nni/MainThread) Intermediate result: 15.431556715331752  (Index 105)
*** Epoch: 53 ***
-----------------G2R RESULT-------------------

val result: krc:0.789 | lsd:0.643 | ed:0.938 | hr@1:0.669 | hr@2:0.871 | hr@3:0.913 | acc@1:0.669 | acc@2:0.605 | acc@3:0.573 | Best krc: 0.791 | Best epoch: 52
[2023-12-16 12:24:11] INFO (nni/MainThread) Intermediate result: 0.7889224060365293  (Index 106)
-----------------ETPA RESULT-------------------
Epoch 53: Validation	rmse: 15.4	mae: 11.95	mape: 81.29%	acc@10: 52.41%	acc@20: 82.06%	acc@30: 93.4%	
[2023-12-16 12:24:11] INFO (nni/MainThread) Intermediate result: 15.39617077086207  (Index 107)
*** Epoch: 54 ***
-----------------G2R RESULT-------------------

val result: krc:0.781 | lsd:0.637 | ed:0.965 | hr@1:0.662 | hr@2:0.873 | hr@3:0.914 | acc@1:0.662 | acc@2:0.599 | acc@3:0.561 | Best krc: 0.791 | Best epoch: 52
[2023-12-16 12:24:39] INFO (nni/MainThread) Intermediate result: 0.7808375387911898  (Index 108)
-----------------ETPA RESULT-------------------
Epoch 54: Validation	rmse: 15.37	mae: 11.93	mape: 81.07%	acc@10: 52.47%	acc@20: 82.08%	acc@30: 93.44%	
[2023-12-16 12:24:39] INFO (nni/MainThread) Intermediate result: 15.369113629540378  (Index 109)
*** Epoch: 55 ***
-----------------G2R RESULT-------------------

val result: krc:0.787 | lsd:0.647 | ed:0.944 | hr@1:0.667 | hr@2:0.869 | hr@3:0.915 | acc@1:0.667 | acc@2:0.605 | acc@3:0.568 | Best krc: 0.791 | Best epoch: 52
[2023-12-16 12:25:06] INFO (nni/MainThread) Intermediate result: 0.7872170466661066  (Index 110)
-----------------ETPA RESULT-------------------
Epoch 55: Validation	rmse: 15.33	mae: 11.9	mape: 80.82%	acc@10: 52.56%	acc@20: 82.18%	acc@30: 93.51%	
[2023-12-16 12:25:06] INFO (nni/MainThread) Intermediate result: 15.332326544709234  (Index 111)
*** Epoch: 56 ***
-----------------G2R RESULT-------------------

val result: krc:0.793 | lsd:0.63 | ed:0.918 | hr@1:0.676 | hr@2:0.872 | hr@3:0.916 | acc@1:0.676 | acc@2:0.613 | acc@3:0.582 | Best krc: 0.791 | Best epoch: 52
best model saved
[2023-12-16 12:25:35] INFO (nni/MainThread) Intermediate result: 0.7934049089099372  (Index 112)
-----------------ETPA RESULT-------------------
Epoch 56: Validation	rmse: 15.32	mae: 11.9	mape: 80.81%	acc@10: 52.57%	acc@20: 82.22%	acc@30: 93.55%	
[2023-12-16 12:25:35] INFO (nni/MainThread) Intermediate result: 15.317162165270634  (Index 113)
*** Epoch: 57 ***
-----------------G2R RESULT-------------------

val result: krc:0.788 | lsd:0.653 | ed:0.965 | hr@1:0.667 | hr@2:0.866 | hr@3:0.911 | acc@1:0.667 | acc@2:0.601 | acc@3:0.558 | Best krc: 0.793 | Best epoch: 56
[2023-12-16 12:26:02] INFO (nni/MainThread) Intermediate result: 0.7876343889636412  (Index 114)
-----------------ETPA RESULT-------------------
Epoch 57: Validation	rmse: 15.29	mae: 11.87	mape: 80.59%	acc@10: 52.61%	acc@20: 82.25%	acc@30: 93.61%	
[2023-12-16 12:26:02] INFO (nni/MainThread) Intermediate result: 15.285745661227232  (Index 115)
*** Epoch: 58 ***
-----------------G2R RESULT-------------------

val result: krc:0.786 | lsd:0.651 | ed:0.955 | hr@1:0.674 | hr@2:0.868 | hr@3:0.912 | acc@1:0.674 | acc@2:0.606 | acc@3:0.565 | Best krc: 0.793 | Best epoch: 56
[2023-12-16 12:26:29] INFO (nni/MainThread) Intermediate result: 0.786305229208596  (Index 116)
-----------------ETPA RESULT-------------------
Epoch 58: Validation	rmse: 15.27	mae: 11.86	mape: 80.33%	acc@10: 52.67%	acc@20: 82.28%	acc@30: 93.63%	
[2023-12-16 12:26:29] INFO (nni/MainThread) Intermediate result: 15.265818539716557  (Index 117)
*** Epoch: 59 ***
-----------------G2R RESULT-------------------

val result: krc:0.774 | lsd:0.66 | ed:0.993 | hr@1:0.652 | hr@2:0.866 | hr@3:0.912 | acc@1:0.652 | acc@2:0.591 | acc@3:0.549 | Best krc: 0.793 | Best epoch: 56
[2023-12-16 12:26:56] INFO (nni/MainThread) Intermediate result: 0.7740201698575112  (Index 118)
-----------------ETPA RESULT-------------------
Epoch 59: Validation	rmse: 15.24	mae: 11.84	mape: 80.03%	acc@10: 52.75%	acc@20: 82.34%	acc@30: 93.67%	
[2023-12-16 12:26:56] INFO (nni/MainThread) Intermediate result: 15.242522289846631  (Index 119)
*** Epoch: 60 ***
-----------------G2R RESULT-------------------

val result: krc:0.789 | lsd:0.651 | ed:0.944 | hr@1:0.668 | hr@2:0.869 | hr@3:0.914 | acc@1:0.668 | acc@2:0.604 | acc@3:0.573 | Best krc: 0.793 | Best epoch: 56
[2023-12-16 12:27:24] INFO (nni/MainThread) Intermediate result: 0.7887319019544643  (Index 120)
-----------------ETPA RESULT-------------------
Epoch 60: Validation	rmse: 15.22	mae: 11.82	mape: 79.83%	acc@10: 52.75%	acc@20: 82.37%	acc@30: 93.7%	
[2023-12-16 12:27:24] INFO (nni/MainThread) Intermediate result: 15.222269109500976  (Index 121)
*** Epoch: 61 ***
-----------------G2R RESULT-------------------

val result: krc:0.79 | lsd:0.623 | ed:0.934 | hr@1:0.671 | hr@2:0.874 | hr@3:0.916 | acc@1:0.671 | acc@2:0.61 | acc@3:0.57 | Best krc: 0.793 | Best epoch: 56
[2023-12-16 12:27:52] INFO (nni/MainThread) Intermediate result: 0.7901830521419502  (Index 122)
-----------------ETPA RESULT-------------------
Epoch 61: Validation	rmse: 15.2	mae: 11.8	mape: 79.65%	acc@10: 52.83%	acc@20: 82.38%	acc@30: 93.74%	
[2023-12-16 12:27:52] INFO (nni/MainThread) Intermediate result: 15.19755762163293  (Index 123)
*** Epoch: 62 ***
-----------------G2R RESULT-------------------

val result: krc:0.782 | lsd:0.651 | ed:0.967 | hr@1:0.658 | hr@2:0.869 | hr@3:0.914 | acc@1:0.658 | acc@2:0.599 | acc@3:0.56 | Best krc: 0.793 | Best epoch: 56
[2023-12-16 12:28:19] INFO (nni/MainThread) Intermediate result: 0.7820793528970178  (Index 124)
-----------------ETPA RESULT-------------------
Epoch 62: Validation	rmse: 15.18	mae: 11.79	mape: 79.57%	acc@10: 52.85%	acc@20: 82.42%	acc@30: 93.79%	
[2023-12-16 12:28:19] INFO (nni/MainThread) Intermediate result: 15.175351948105764  (Index 125)
*** Epoch: 63 ***
-----------------G2R RESULT-------------------

val result: krc:0.789 | lsd:0.634 | ed:0.956 | hr@1:0.666 | hr@2:0.873 | hr@3:0.914 | acc@1:0.666 | acc@2:0.607 | acc@3:0.565 | Best krc: 0.793 | Best epoch: 56
[2023-12-16 12:28:46] INFO (nni/MainThread) Intermediate result: 0.7886115918122913  (Index 126)
-----------------ETPA RESULT-------------------
Epoch 63: Validation	rmse: 15.16	mae: 11.78	mape: 79.48%	acc@10: 52.89%	acc@20: 82.43%	acc@30: 93.84%	
[2023-12-16 12:28:46] INFO (nni/MainThread) Intermediate result: 15.156341223782372  (Index 127)
*** Epoch: 64 ***
-----------------G2R RESULT-------------------

val result: krc:0.789 | lsd:0.618 | ed:0.947 | hr@1:0.671 | hr@2:0.878 | hr@3:0.916 | acc@1:0.671 | acc@2:0.614 | acc@3:0.569 | Best krc: 0.793 | Best epoch: 56
[2023-12-16 12:29:16] INFO (nni/MainThread) Intermediate result: 0.7889785894683138  (Index 128)
-----------------ETPA RESULT-------------------
Epoch 64: Validation	rmse: 15.14	mae: 11.77	mape: 79.36%	acc@10: 52.9%	acc@20: 82.44%	acc@30: 93.87%	
[2023-12-16 12:29:16] INFO (nni/MainThread) Intermediate result: 15.142730917980632  (Index 129)
*** Epoch: 65 ***
-----------------G2R RESULT-------------------

val result: krc:0.781 | lsd:0.65 | ed:0.969 | hr@1:0.654 | hr@2:0.875 | hr@3:0.916 | acc@1:0.654 | acc@2:0.596 | acc@3:0.557 | Best krc: 0.793 | Best epoch: 56
[2023-12-16 12:29:44] INFO (nni/MainThread) Intermediate result: 0.7810109028123895  (Index 130)
-----------------ETPA RESULT-------------------
Epoch 65: Validation	rmse: 15.13	mae: 11.76	mape: 79.19%	acc@10: 52.94%	acc@20: 82.44%	acc@30: 93.91%	
[2023-12-16 12:29:44] INFO (nni/MainThread) Intermediate result: 15.125401603369907  (Index 131)
*** Epoch: 66 ***
-----------------G2R RESULT-------------------

val result: krc:0.754 | lsd:0.744 | ed:1.055 | hr@1:0.643 | hr@2:0.862 | hr@3:0.901 | acc@1:0.643 | acc@2:0.578 | acc@3:0.527 | Best krc: 0.793 | Best epoch: 56
[2023-12-16 12:30:13] INFO (nni/MainThread) Intermediate result: 0.7543116427856261  (Index 132)
-----------------ETPA RESULT-------------------
Epoch 66: Validation	rmse: 15.11	mae: 11.74	mape: 79.02%	acc@10: 52.98%	acc@20: 82.44%	acc@30: 93.96%	
[2023-12-16 12:30:13] INFO (nni/MainThread) Intermediate result: 15.105454864509548  (Index 133)
loaded model path: /home/sentanoe/joint_training/data/dataset/food_pd/sort_model/hidden_size-8.gcnru-pd_1702724405.25294921702724405.252965
best model loaded !!!
krc:0.788 | lsd:0.463 | ed:0.93 | hr@1:0.68 | hr@2:0.906 | hr@3:0.939 | acc@1:0.68 | acc@2:0.622 | acc@3:0.58 |

-------------------------------------------------------------
Best epoch for G2R:  56
Best epoch for ETPA:  66
graph2route_pd Evaluation in test: krc:0.788 | lsd:0.463 | ed:0.93 | hr@1:0.68 | hr@2:0.906 | hr@3:0.939 | acc@1:0.68 | acc@2:0.622 | acc@3:0.58 |
RankPETA Evaluation in test: rmse: 11.89	mae: 8.83	mape: 69.88%	acc@10: 69.2%	acc@20: 92.41%	acc@30: 97.05%	
