Device:  cuda
{'alpha_loss': 0.5,
 'batch_size': 64,
 'dataset': 'food_pd',
 'datatype': 'order',
 'device': device(type='cuda'),
 'early_stop': 10,
 'edge_fea_dim': 5,
 'embedding_dim': 32,
 'eval_end_1': 11,
 'eval_end_2': 25,
 'eval_start': 1,
 'gcn_num_layers': 2,
 'hidden_size': 8,
 'is_eval': False,
 'is_test': False,
 'k_min_nodes': 3,
 'k_nearest_neighbors': 'n-1',
 'lr': 0.001,
 'max_task_num': 25,
 'min_task_num': 0,
 'modelArrivalTime': 'RankPETA',
 'modelRoute': 'graph2route_pd',
 'no_cuda': False,
 'node_fea_dim': 8,
 'node_features_test': '/home/sentanoe/joint_training/data/dataset/food_pd/node_features_test_full.npy',
 'node_features_train': '/home/sentanoe/joint_training/data/dataset/food_pd/node_features_train_full.npy',
 'node_features_val': '/home/sentanoe/joint_training/data/dataset/food_pd/node_features_val_full.npy',
 'num_block': 2,
 'num_epoch': 1000,
 'num_head': 2,
 'num_worker_logistics': 2346,
 'num_worker_pd': 920,
 'pad_value': 26,
 'seed': 9999,
 'sort_mode': 'pnn_idx',
 'spatial_encoder': 'gatv2',
 'temporal_encoder': 'tft',
 'test_path': '/home/sentanoe/joint_training/data/dataset/food_pd/test_full.npy',
 'train_mode': 'sort',
 'train_path': '/home/sentanoe/joint_training/data/dataset/food_pd/train_full.npy',
 'val_path': '/home/sentanoe/joint_training/data/dataset/food_pd/val_full.npy',
 'wd': 1e-05,
 'worker_emb_dim': 10,
 'workers': 2}
last_x_size:13;unpick_x_size:12;input_size:53
#train:2521 | #val:1257 | #test:1261
*** Epoch: 0 ***
-----------------G2R RESULT-------------------

val result: krc:0.626 | lsd:1.287 | ed:1.404 | hr@1:0.591 | hr@2:0.756 | hr@3:0.842 | acc@1:0.591 | acc@2:0.467 | acc@3:0.432 | Best krc: -1 | Best epoch: -1
best model saved
[2023-12-18 15:09:12] INFO (nni/MainThread) Intermediate result: 0.625560949601177  (Index 0)
-----------------ETPA RESULT-------------------
Epoch 0: Validation	rmse: 23.36	mae: 17.29	mape: 104.88%	acc@10: 40.74%	acc@20: 69.63%	acc@30: 83.7%	
[2023-12-18 15:09:12] INFO (nni/MainThread) Intermediate result: 23.359179033458936  (Index 1)
*** Epoch: 1 ***
-----------------G2R RESULT-------------------

val result: krc:0.725 | lsd:0.884 | ed:1.125 | hr@1:0.651 | hr@2:0.826 | hr@3:0.886 | acc@1:0.651 | acc@2:0.557 | acc@3:0.511 | Best krc: 0.626 | Best epoch: 0
best model saved
[2023-12-18 15:10:50] INFO (nni/MainThread) Intermediate result: 0.7253411464080464  (Index 2)
-----------------ETPA RESULT-------------------
Epoch 1: Validation	rmse: 22.57	mae: 16.64	mape: 106.22%	acc@10: 42.22%	acc@20: 71.48%	acc@30: 83.15%	
[2023-12-18 15:10:50] INFO (nni/MainThread) Intermediate result: 22.56706965751126  (Index 3)
*** Epoch: 2 ***
-----------------G2R RESULT-------------------

val result: krc:0.738 | lsd:0.788 | ed:1.09 | hr@1:0.644 | hr@2:0.841 | hr@3:0.898 | acc@1:0.644 | acc@2:0.566 | acc@3:0.52 | Best krc: 0.725 | Best epoch: 1
best model saved
[2023-12-18 15:12:28] INFO (nni/MainThread) Intermediate result: 0.7376552939036541  (Index 4)
-----------------ETPA RESULT-------------------
Epoch 2: Validation	rmse: 21.79	mae: 16.06	mape: 104.51%	acc@10: 44.2%	acc@20: 72.22%	acc@30: 83.7%	
[2023-12-18 15:12:28] INFO (nni/MainThread) Intermediate result: 21.794044950475108  (Index 5)
*** Epoch: 3 ***
-----------------G2R RESULT-------------------

val result: krc:0.757 | lsd:0.765 | ed:1.053 | hr@1:0.654 | hr@2:0.842 | hr@3:0.901 | acc@1:0.654 | acc@2:0.572 | acc@3:0.54 | Best krc: 0.738 | Best epoch: 2
best model saved
[2023-12-18 15:14:08] INFO (nni/MainThread) Intermediate result: 0.7573514234554898  (Index 6)
-----------------ETPA RESULT-------------------
Epoch 3: Validation	rmse: 21.48	mae: 16.01	mape: 108.18%	acc@10: 42.87%	acc@20: 71.85%	acc@30: 84.54%	
[2023-12-18 15:14:08] INFO (nni/MainThread) Intermediate result: 21.47659456729407  (Index 7)
*** Epoch: 4 ***
-----------------G2R RESULT-------------------

val result: krc:0.756 | lsd:0.763 | ed:1.035 | hr@1:0.665 | hr@2:0.842 | hr@3:0.902 | acc@1:0.665 | acc@2:0.584 | acc@3:0.547 | Best krc: 0.757 | Best epoch: 3
[2023-12-18 15:15:49] INFO (nni/MainThread) Intermediate result: 0.755561075307468  (Index 8)
-----------------ETPA RESULT-------------------
Epoch 4: Validation	rmse: 20.78	mae: 15.59	mape: 106.46%	acc@10: 43.48%	acc@20: 72.67%	acc@30: 85.41%	
[2023-12-18 15:15:49] INFO (nni/MainThread) Intermediate result: 20.78453548977722  (Index 9)
*** Epoch: 5 ***
-----------------G2R RESULT-------------------

val result: krc:0.792 | lsd:0.655 | ed:0.939 | hr@1:0.682 | hr@2:0.858 | hr@3:0.912 | acc@1:0.682 | acc@2:0.608 | acc@3:0.574 | Best krc: 0.757 | Best epoch: 3
best model saved
[2023-12-18 15:17:38] INFO (nni/MainThread) Intermediate result: 0.7922035544335502  (Index 10)
-----------------ETPA RESULT-------------------
Epoch 5: Validation	rmse: 20.18	mae: 15.23	mape: 105.09%	acc@10: 44.2%	acc@20: 73.77%	acc@30: 86.54%	
[2023-12-18 15:17:38] INFO (nni/MainThread) Intermediate result: 20.18208179865212  (Index 11)
*** Epoch: 6 ***
-----------------G2R RESULT-------------------

val result: krc:0.753 | lsd:0.76 | ed:1.063 | hr@1:0.655 | hr@2:0.846 | hr@3:0.903 | acc@1:0.655 | acc@2:0.571 | acc@3:0.529 | Best krc: 0.792 | Best epoch: 5
[2023-12-18 15:19:25] INFO (nni/MainThread) Intermediate result: 0.7525157431759968  (Index 12)
-----------------ETPA RESULT-------------------
Epoch 6: Validation	rmse: 19.56	mae: 14.91	mape: 103.74%	acc@10: 44.13%	acc@20: 74.66%	acc@30: 87.67%	
[2023-12-18 15:19:25] INFO (nni/MainThread) Intermediate result: 19.557457254395114  (Index 13)
*** Epoch: 7 ***
-----------------G2R RESULT-------------------

val result: krc:0.786 | lsd:0.683 | ed:0.976 | hr@1:0.697 | hr@2:0.861 | hr@3:0.906 | acc@1:0.697 | acc@2:0.62 | acc@3:0.574 | Best krc: 0.792 | Best epoch: 5
[2023-12-18 15:21:12] INFO (nni/MainThread) Intermediate result: 0.7864407354131883  (Index 14)
-----------------ETPA RESULT-------------------
Epoch 7: Validation	rmse: 19.26	mae: 14.8	mape: 104.35%	acc@10: 43.61%	acc@20: 74.63%	acc@30: 88.47%	
[2023-12-18 15:21:12] INFO (nni/MainThread) Intermediate result: 19.25974758727263  (Index 15)
*** Epoch: 8 ***
-----------------G2R RESULT-------------------

val result: krc:0.791 | lsd:0.674 | ed:0.938 | hr@1:0.684 | hr@2:0.861 | hr@3:0.909 | acc@1:0.684 | acc@2:0.614 | acc@3:0.577 | Best krc: 0.792 | Best epoch: 5
[2023-12-18 15:23:02] INFO (nni/MainThread) Intermediate result: 0.790547522405852  (Index 16)
-----------------ETPA RESULT-------------------
Epoch 8: Validation	rmse: 18.75	mae: 14.49	mape: 102.68%	acc@10: 44.03%	acc@20: 75.47%	acc@30: 89.34%	
[2023-12-18 15:23:02] INFO (nni/MainThread) Intermediate result: 18.748479601830788  (Index 17)
*** Epoch: 9 ***
-----------------G2R RESULT-------------------

val result: krc:0.797 | lsd:0.643 | ed:0.911 | hr@1:0.679 | hr@2:0.87 | hr@3:0.916 | acc@1:0.679 | acc@2:0.617 | acc@3:0.581 | Best krc: 0.792 | Best epoch: 5
best model saved
[2023-12-18 15:24:50] INFO (nni/MainThread) Intermediate result: 0.7969361562015693  (Index 18)
-----------------ETPA RESULT-------------------
Epoch 9: Validation	rmse: 18.41	mae: 14.25	mape: 101.51%	acc@10: 44.78%	acc@20: 76.0%	acc@30: 89.78%	
[2023-12-18 15:24:50] INFO (nni/MainThread) Intermediate result: 18.41178606720622  (Index 19)
*** Epoch: 10 ***
-----------------G2R RESULT-------------------

val result: krc:0.787 | lsd:0.687 | ed:0.968 | hr@1:0.694 | hr@2:0.869 | hr@3:0.911 | acc@1:0.694 | acc@2:0.624 | acc@3:0.58 | Best krc: 0.797 | Best epoch: 9
[2023-12-18 15:26:34] INFO (nni/MainThread) Intermediate result: 0.7872759561609582  (Index 20)
-----------------ETPA RESULT-------------------
Epoch 10: Validation	rmse: 18.28	mae: 14.19	mape: 101.69%	acc@10: 44.85%	acc@20: 75.93%	acc@30: 89.93%	
[2023-12-18 15:26:34] INFO (nni/MainThread) Intermediate result: 18.283638191122844  (Index 21)
*** Epoch: 11 ***
-----------------G2R RESULT-------------------

val result: krc:0.803 | lsd:0.633 | ed:0.913 | hr@1:0.714 | hr@2:0.869 | hr@3:0.919 | acc@1:0.714 | acc@2:0.639 | acc@3:0.598 | Best krc: 0.797 | Best epoch: 9
best model saved
[2023-12-18 15:28:19] INFO (nni/MainThread) Intermediate result: 0.8031784905243586  (Index 22)
-----------------ETPA RESULT-------------------
Epoch 11: Validation	rmse: 18.15	mae: 14.12	mape: 101.61%	acc@10: 44.54%	acc@20: 76.11%	acc@30: 90.12%	
[2023-12-18 15:28:19] INFO (nni/MainThread) Intermediate result: 18.147400719130278  (Index 23)
*** Epoch: 12 ***
-----------------G2R RESULT-------------------

val result: krc:0.774 | lsd:0.702 | ed:1.004 | hr@1:0.703 | hr@2:0.857 | hr@3:0.909 | acc@1:0.703 | acc@2:0.615 | acc@3:0.575 | Best krc: 0.803 | Best epoch: 11
[2023-12-18 15:30:02] INFO (nni/MainThread) Intermediate result: 0.7739072105403544  (Index 24)
-----------------ETPA RESULT-------------------
Epoch 12: Validation	rmse: 17.96	mae: 14.0	mape: 101.14%	acc@10: 44.62%	acc@20: 76.24%	acc@30: 90.48%	
[2023-12-18 15:30:02] INFO (nni/MainThread) Intermediate result: 17.961941157915533  (Index 25)
*** Epoch: 13 ***
-----------------G2R RESULT-------------------

val result: krc:0.797 | lsd:0.656 | ed:0.938 | hr@1:0.712 | hr@2:0.866 | hr@3:0.917 | acc@1:0.712 | acc@2:0.627 | acc@3:0.589 | Best krc: 0.803 | Best epoch: 11
[2023-12-18 15:31:44] INFO (nni/MainThread) Intermediate result: 0.7972368314126075  (Index 26)
-----------------ETPA RESULT-------------------
Epoch 13: Validation	rmse: 17.86	mae: 13.95	mape: 101.18%	acc@10: 44.5%	acc@20: 76.16%	acc@30: 90.58%	
[2023-12-18 15:31:44] INFO (nni/MainThread) Intermediate result: 17.860781018791055  (Index 27)
*** Epoch: 14 ***
-----------------G2R RESULT-------------------

val result: krc:0.811 | lsd:0.614 | ed:0.892 | hr@1:0.733 | hr@2:0.876 | hr@3:0.922 | acc@1:0.733 | acc@2:0.655 | acc@3:0.61 | Best krc: 0.803 | Best epoch: 11
best model saved
[2023-12-18 15:33:27] INFO (nni/MainThread) Intermediate result: 0.810640860540292  (Index 28)
-----------------ETPA RESULT-------------------
Epoch 14: Validation	rmse: 17.75	mae: 13.89	mape: 100.87%	acc@10: 44.69%	acc@20: 76.3%	acc@30: 90.69%	
[2023-12-18 15:33:27] INFO (nni/MainThread) Intermediate result: 17.74784365557016  (Index 29)
*** Epoch: 15 ***
-----------------G2R RESULT-------------------

val result: krc:0.803 | lsd:0.612 | ed:0.909 | hr@1:0.725 | hr@2:0.877 | hr@3:0.921 | acc@1:0.725 | acc@2:0.65 | acc@3:0.605 | Best krc: 0.811 | Best epoch: 14
[2023-12-18 15:35:09] INFO (nni/MainThread) Intermediate result: 0.8030272055108084  (Index 30)
-----------------ETPA RESULT-------------------
Epoch 15: Validation	rmse: 17.6	mae: 13.8	mape: 100.29%	acc@10: 44.77%	acc@20: 76.48%	acc@30: 90.95%	
[2023-12-18 15:35:09] INFO (nni/MainThread) Intermediate result: 17.598457531606254  (Index 31)
*** Epoch: 16 ***
-----------------G2R RESULT-------------------

val result: krc:0.806 | lsd:0.623 | ed:0.913 | hr@1:0.725 | hr@2:0.875 | hr@3:0.921 | acc@1:0.725 | acc@2:0.648 | acc@3:0.605 | Best krc: 0.811 | Best epoch: 14
[2023-12-18 15:36:51] INFO (nni/MainThread) Intermediate result: 0.8055402428467578  (Index 32)
-----------------ETPA RESULT-------------------
Epoch 16: Validation	rmse: 17.51	mae: 13.73	mape: 99.73%	acc@10: 44.99%	acc@20: 76.71%	acc@30: 91.05%	
[2023-12-18 15:36:51] INFO (nni/MainThread) Intermediate result: 17.50518327095845  (Index 33)
*** Epoch: 17 ***
-----------------G2R RESULT-------------------

val result: krc:0.805 | lsd:0.649 | ed:0.903 | hr@1:0.726 | hr@2:0.871 | hr@3:0.92 | acc@1:0.726 | acc@2:0.65 | acc@3:0.614 | Best krc: 0.811 | Best epoch: 14
[2023-12-18 15:38:33] INFO (nni/MainThread) Intermediate result: 0.8050720246085352  (Index 34)
-----------------ETPA RESULT-------------------
Epoch 17: Validation	rmse: 17.47	mae: 13.73	mape: 99.82%	acc@10: 44.79%	acc@20: 76.69%	acc@30: 91.15%	
[2023-12-18 15:38:33] INFO (nni/MainThread) Intermediate result: 17.466265578115596  (Index 35)
*** Epoch: 18 ***
-----------------G2R RESULT-------------------

val result: krc:0.809 | lsd:0.627 | ed:0.883 | hr@1:0.731 | hr@2:0.871 | hr@3:0.921 | acc@1:0.731 | acc@2:0.65 | acc@3:0.613 | Best krc: 0.811 | Best epoch: 14
[2023-12-18 15:40:15] INFO (nni/MainThread) Intermediate result: 0.809467797906801  (Index 36)
-----------------ETPA RESULT-------------------
Epoch 18: Validation	rmse: 17.35	mae: 13.63	mape: 98.96%	acc@10: 45.2%	acc@20: 76.96%	acc@30: 91.25%	
[2023-12-18 15:40:15] INFO (nni/MainThread) Intermediate result: 17.345249294511852  (Index 37)
*** Epoch: 19 ***
-----------------G2R RESULT-------------------

val result: krc:0.823 | lsd:0.567 | ed:0.848 | hr@1:0.736 | hr@2:0.886 | hr@3:0.93 | acc@1:0.736 | acc@2:0.665 | acc@3:0.63 | Best krc: 0.811 | Best epoch: 14
best model saved
[2023-12-18 15:42:01] INFO (nni/MainThread) Intermediate result: 0.8226737524245177  (Index 38)
-----------------ETPA RESULT-------------------
Epoch 19: Validation	rmse: 17.24	mae: 13.55	mape: 98.21%	acc@10: 45.48%	acc@20: 77.2%	acc@30: 91.35%	
[2023-12-18 15:42:01] INFO (nni/MainThread) Intermediate result: 17.243956887154155  (Index 39)
*** Epoch: 20 ***
-----------------G2R RESULT-------------------

val result: krc:0.802 | lsd:0.587 | ed:0.929 | hr@1:0.718 | hr@2:0.876 | hr@3:0.922 | acc@1:0.718 | acc@2:0.641 | acc@3:0.596 | Best krc: 0.823 | Best epoch: 19
[2023-12-18 15:43:44] INFO (nni/MainThread) Intermediate result: 0.8021568164462787  (Index 40)
-----------------ETPA RESULT-------------------
Epoch 20: Validation	rmse: 17.13	mae: 13.48	mape: 97.61%	acc@10: 45.73%	acc@20: 77.48%	acc@30: 91.57%	
[2023-12-18 15:43:44] INFO (nni/MainThread) Intermediate result: 17.128206949523417  (Index 41)
*** Epoch: 21 ***
-----------------G2R RESULT-------------------

val result: krc:0.814 | lsd:0.59 | ed:0.878 | hr@1:0.72 | hr@2:0.878 | hr@3:0.924 | acc@1:0.72 | acc@2:0.648 | acc@3:0.613 | Best krc: 0.823 | Best epoch: 19
[2023-12-18 15:45:28] INFO (nni/MainThread) Intermediate result: 0.8140468875405472  (Index 42)
-----------------ETPA RESULT-------------------
Epoch 21: Validation	rmse: 17.03	mae: 13.43	mape: 97.14%	acc@10: 45.71%	acc@20: 77.64%	acc@30: 91.77%	
[2023-12-18 15:45:28] INFO (nni/MainThread) Intermediate result: 17.032330461803724  (Index 43)
*** Epoch: 22 ***
-----------------G2R RESULT-------------------

val result: krc:0.821 | lsd:0.581 | ed:0.857 | hr@1:0.732 | hr@2:0.88 | hr@3:0.928 | acc@1:0.732 | acc@2:0.659 | acc@3:0.625 | Best krc: 0.823 | Best epoch: 19
[2023-12-18 15:47:11] INFO (nni/MainThread) Intermediate result: 0.8213227349825515  (Index 44)
-----------------ETPA RESULT-------------------
Epoch 22: Validation	rmse: 16.93	mae: 13.35	mape: 96.36%	acc@10: 45.96%	acc@20: 77.91%	acc@30: 91.92%	
[2023-12-18 15:47:11] INFO (nni/MainThread) Intermediate result: 16.93282553795554  (Index 45)
*** Epoch: 23 ***
-----------------G2R RESULT-------------------

val result: krc:0.809 | lsd:0.578 | ed:0.897 | hr@1:0.725 | hr@2:0.876 | hr@3:0.923 | acc@1:0.725 | acc@2:0.646 | acc@3:0.603 | Best krc: 0.823 | Best epoch: 19
[2023-12-18 15:48:57] INFO (nni/MainThread) Intermediate result: 0.8087702357400653  (Index 46)
-----------------ETPA RESULT-------------------
Epoch 23: Validation	rmse: 16.88	mae: 13.33	mape: 96.04%	acc@10: 45.94%	acc@20: 77.99%	acc@30: 92.07%	
[2023-12-18 15:48:57] INFO (nni/MainThread) Intermediate result: 16.878749726934707  (Index 47)
*** Epoch: 24 ***
-----------------G2R RESULT-------------------

val result: krc:0.811 | lsd:0.636 | ed:0.898 | hr@1:0.727 | hr@2:0.869 | hr@3:0.919 | acc@1:0.727 | acc@2:0.647 | acc@3:0.612 | Best krc: 0.823 | Best epoch: 19
[2023-12-18 15:50:43] INFO (nni/MainThread) Intermediate result: 0.8110478234133678  (Index 48)
-----------------ETPA RESULT-------------------
Epoch 24: Validation	rmse: 16.8	mae: 13.27	mape: 95.46%	acc@10: 46.19%	acc@20: 78.15%	acc@30: 92.19%	
[2023-12-18 15:50:43] INFO (nni/MainThread) Intermediate result: 16.797746644669935  (Index 49)
*** Epoch: 25 ***
-----------------G2R RESULT-------------------

val result: krc:0.796 | lsd:0.652 | ed:0.964 | hr@1:0.736 | hr@2:0.873 | hr@3:0.913 | acc@1:0.736 | acc@2:0.652 | acc@3:0.599 | Best krc: 0.823 | Best epoch: 19
[2023-12-18 15:52:28] INFO (nni/MainThread) Intermediate result: 0.796120205564893  (Index 50)
-----------------ETPA RESULT-------------------
Epoch 25: Validation	rmse: 16.72	mae: 13.21	mape: 94.89%	acc@10: 46.34%	acc@20: 78.32%	acc@30: 92.34%	
[2023-12-18 15:52:28] INFO (nni/MainThread) Intermediate result: 16.71995634778894  (Index 51)
*** Epoch: 26 ***
-----------------G2R RESULT-------------------

val result: krc:0.805 | lsd:0.624 | ed:0.93 | hr@1:0.729 | hr@2:0.876 | hr@3:0.917 | acc@1:0.729 | acc@2:0.656 | acc@3:0.604 | Best krc: 0.823 | Best epoch: 19
[2023-12-18 15:54:13] INFO (nni/MainThread) Intermediate result: 0.8046733334359044  (Index 52)
-----------------ETPA RESULT-------------------
Epoch 26: Validation	rmse: 16.66	mae: 13.17	mape: 94.58%	acc@10: 46.41%	acc@20: 78.4%	acc@30: 92.41%	
[2023-12-18 15:54:13] INFO (nni/MainThread) Intermediate result: 16.659090805615108  (Index 53)
*** Epoch: 27 ***
-----------------G2R RESULT-------------------

val result: krc:0.821 | lsd:0.575 | ed:0.846 | hr@1:0.735 | hr@2:0.882 | hr@3:0.925 | acc@1:0.735 | acc@2:0.663 | acc@3:0.624 | Best krc: 0.823 | Best epoch: 19
[2023-12-18 15:55:58] INFO (nni/MainThread) Intermediate result: 0.8207015019345583  (Index 54)
-----------------ETPA RESULT-------------------
Epoch 27: Validation	rmse: 16.61	mae: 13.14	mape: 94.24%	acc@10: 46.47%	acc@20: 78.53%	acc@30: 92.53%	
[2023-12-18 15:55:58] INFO (nni/MainThread) Intermediate result: 16.607405347623203  (Index 55)
*** Epoch: 28 ***
-----------------G2R RESULT-------------------

val result: krc:0.824 | lsd:0.563 | ed:0.835 | hr@1:0.74 | hr@2:0.882 | hr@3:0.925 | acc@1:0.74 | acc@2:0.667 | acc@3:0.63 | Best krc: 0.823 | Best epoch: 19
best model saved
[2023-12-18 15:57:41] INFO (nni/MainThread) Intermediate result: 0.8237849963604227  (Index 56)
-----------------ETPA RESULT-------------------
Epoch 28: Validation	rmse: 16.52	mae: 13.08	mape: 93.74%	acc@10: 46.58%	acc@20: 78.72%	acc@30: 92.68%	
[2023-12-18 15:57:41] INFO (nni/MainThread) Intermediate result: 16.52157611112051  (Index 57)
*** Epoch: 29 ***
-----------------G2R RESULT-------------------

val result: krc:0.815 | lsd:0.602 | ed:0.884 | hr@1:0.729 | hr@2:0.876 | hr@3:0.922 | acc@1:0.729 | acc@2:0.648 | acc@3:0.614 | Best krc: 0.824 | Best epoch: 28
[2023-12-18 15:59:23] INFO (nni/MainThread) Intermediate result: 0.8145057582136725  (Index 58)
-----------------ETPA RESULT-------------------
Epoch 29: Validation	rmse: 16.52	mae: 13.09	mape: 93.85%	acc@10: 46.43%	acc@20: 78.7%	acc@30: 92.67%	
[2023-12-18 15:59:23] INFO (nni/MainThread) Intermediate result: 16.524757739694888  (Index 59)
*** Epoch: 30 ***
-----------------G2R RESULT-------------------

val result: krc:0.812 | lsd:0.584 | ed:0.871 | hr@1:0.73 | hr@2:0.878 | hr@3:0.924 | acc@1:0.73 | acc@2:0.653 | acc@3:0.615 | Best krc: 0.824 | Best epoch: 28
[2023-12-18 16:01:05] INFO (nni/MainThread) Intermediate result: 0.8124838920816186  (Index 60)
-----------------ETPA RESULT-------------------
Epoch 30: Validation	rmse: 16.49	mae: 13.07	mape: 93.63%	acc@10: 46.54%	acc@20: 78.82%	acc@30: 92.7%	
[2023-12-18 16:01:05] INFO (nni/MainThread) Intermediate result: 16.48693496723784  (Index 61)
*** Epoch: 31 ***
-----------------G2R RESULT-------------------

val result: krc:0.81 | lsd:0.591 | ed:0.893 | hr@1:0.71 | hr@2:0.877 | hr@3:0.923 | acc@1:0.71 | acc@2:0.64 | acc@3:0.604 | Best krc: 0.824 | Best epoch: 28
[2023-12-18 16:02:47] INFO (nni/MainThread) Intermediate result: 0.8103345105881179  (Index 62)
-----------------ETPA RESULT-------------------
Epoch 31: Validation	rmse: 16.43	mae: 13.02	mape: 93.21%	acc@10: 46.69%	acc@20: 78.95%	acc@30: 92.75%	
[2023-12-18 16:02:47] INFO (nni/MainThread) Intermediate result: 16.434296027999657  (Index 63)
*** Epoch: 32 ***
-----------------G2R RESULT-------------------

val result: krc:0.789 | lsd:0.663 | ed:0.965 | hr@1:0.711 | hr@2:0.87 | hr@3:0.912 | acc@1:0.711 | acc@2:0.636 | acc@3:0.583 | Best krc: 0.824 | Best epoch: 28
[2023-12-18 16:04:29] INFO (nni/MainThread) Intermediate result: 0.7886159823107789  (Index 64)
-----------------ETPA RESULT-------------------
Epoch 32: Validation	rmse: 16.38	mae: 12.99	mape: 92.85%	acc@10: 46.75%	acc@20: 79.06%	acc@30: 92.81%	
[2023-12-18 16:04:29] INFO (nni/MainThread) Intermediate result: 16.383455270524408  (Index 65)
*** Epoch: 33 ***
-----------------G2R RESULT-------------------

val result: krc:0.775 | lsd:0.651 | ed:1.002 | hr@1:0.677 | hr@2:0.866 | hr@3:0.912 | acc@1:0.677 | acc@2:0.604 | acc@3:0.558 | Best krc: 0.824 | Best epoch: 28
[2023-12-18 16:06:10] INFO (nni/MainThread) Intermediate result: 0.7748540361483081  (Index 66)
-----------------ETPA RESULT-------------------
Epoch 33: Validation	rmse: 16.32	mae: 12.95	mape: 92.5%	acc@10: 46.81%	acc@20: 79.19%	acc@30: 92.91%	
[2023-12-18 16:06:10] INFO (nni/MainThread) Intermediate result: 16.324315178894157  (Index 67)
*** Epoch: 34 ***
-----------------G2R RESULT-------------------

val result: krc:0.8 | lsd:0.614 | ed:0.92 | hr@1:0.727 | hr@2:0.868 | hr@3:0.917 | acc@1:0.727 | acc@2:0.642 | acc@3:0.603 | Best krc: 0.824 | Best epoch: 28
[2023-12-18 16:07:50] INFO (nni/MainThread) Intermediate result: 0.7998969470504234  (Index 68)
-----------------ETPA RESULT-------------------
Epoch 34: Validation	rmse: 16.28	mae: 12.92	mape: 92.29%	acc@10: 46.88%	acc@20: 79.29%	acc@30: 93.02%	
[2023-12-18 16:07:50] INFO (nni/MainThread) Intermediate result: 16.278996714288823  (Index 69)
*** Epoch: 35 ***
-----------------G2R RESULT-------------------

val result: krc:0.787 | lsd:0.684 | ed:0.963 | hr@1:0.712 | hr@2:0.858 | hr@3:0.911 | acc@1:0.712 | acc@2:0.629 | acc@3:0.586 | Best krc: 0.824 | Best epoch: 28
[2023-12-18 16:09:31] INFO (nni/MainThread) Intermediate result: 0.7866605321349527  (Index 70)
-----------------ETPA RESULT-------------------
Epoch 35: Validation	rmse: 16.26	mae: 12.9	mape: 92.1%	acc@10: 46.97%	acc@20: 79.39%	acc@30: 92.96%	
[2023-12-18 16:09:31] INFO (nni/MainThread) Intermediate result: 16.25864550944811  (Index 71)
*** Epoch: 36 ***
-----------------G2R RESULT-------------------

val result: krc:0.815 | lsd:0.589 | ed:0.878 | hr@1:0.719 | hr@2:0.877 | hr@3:0.929 | acc@1:0.719 | acc@2:0.645 | acc@3:0.614 | Best krc: 0.824 | Best epoch: 28
[2023-12-18 16:11:12] INFO (nni/MainThread) Intermediate result: 0.8147231760611733  (Index 72)
-----------------ETPA RESULT-------------------
Epoch 36: Validation	rmse: 16.22	mae: 12.87	mape: 91.78%	acc@10: 47.09%	acc@20: 79.48%	acc@30: 93.0%	
[2023-12-18 16:11:12] INFO (nni/MainThread) Intermediate result: 16.218508451149162  (Index 73)
*** Epoch: 37 ***
-----------------G2R RESULT-------------------

val result: krc:0.816 | lsd:0.611 | ed:0.876 | hr@1:0.732 | hr@2:0.879 | hr@3:0.926 | acc@1:0.732 | acc@2:0.653 | acc@3:0.615 | Best krc: 0.824 | Best epoch: 28
[2023-12-18 16:12:52] INFO (nni/MainThread) Intermediate result: 0.8163102204116633  (Index 74)
-----------------ETPA RESULT-------------------
Epoch 37: Validation	rmse: 16.16	mae: 12.82	mape: 91.15%	acc@10: 47.27%	acc@20: 79.65%	acc@30: 93.08%	
[2023-12-18 16:12:52] INFO (nni/MainThread) Intermediate result: 16.157268754196757  (Index 75)
*** Epoch: 38 ***
-----------------G2R RESULT-------------------

val result: krc:0.815 | lsd:0.583 | ed:0.866 | hr@1:0.732 | hr@2:0.88 | hr@3:0.921 | acc@1:0.732 | acc@2:0.659 | acc@3:0.616 | Best krc: 0.824 | Best epoch: 28
[2023-12-18 16:14:32] INFO (nni/MainThread) Intermediate result: 0.8153790619815978  (Index 76)
-----------------ETPA RESULT-------------------
Epoch 38: Validation	rmse: 16.12	mae: 12.79	mape: 90.77%	acc@10: 47.4%	acc@20: 79.76%	acc@30: 93.11%	
[2023-12-18 16:14:32] INFO (nni/MainThread) Intermediate result: 16.11671588726229  (Index 77)
loaded model path: /home/sentanoe/joint_training/data/dataset/food_pd/sort_model/hidden_size-8.gcnru-pd_1702908455.75772331702908455.757739
best model loaded !!!
krc:0.808 | lsd:0.449 | ed:0.895 | hr@1:0.726 | hr@2:0.904 | hr@3:0.945 | acc@1:0.726 | acc@2:0.655 | acc@3:0.61 |

-------------------------------------------------------------
Best epoch for G2R:  28
Best epoch for ETPA:  38
graph2route_pd Evaluation in test: krc:0.808 | lsd:0.449 | ed:0.895 | hr@1:0.726 | hr@2:0.904 | hr@3:0.945 | acc@1:0.726 | acc@2:0.655 | acc@3:0.61 |
RankPETA Evaluation in test: rmse: 12.46	mae: 9.96	mape: 86.42%	acc@10: 58.23%	acc@20: 89.87%	acc@30: 97.47%	
