Device:  cuda
{'alpha_loss': 0.5,
 'batch_size': 64,
 'dataset': 'food_pd',
 'datatype': 'order',
 'device': device(type='cuda'),
 'early_stop': 20,
 'edge_fea_dim': 5,
 'embedding_dim': 32,
 'eval_end_1': 11,
 'eval_end_2': 25,
 'eval_start': 1,
 'gcn_num_layers': 2,
 'hidden_size': 8,
 'is_eval': False,
 'is_test': False,
 'k_min_nodes': 3,
 'k_nearest_neighbors': 'n-1',
 'lr': 0.001,
 'max_task_num': 25,
 'min_task_num': 0,
 'modelArrivalTime': 'RankPETA',
 'modelRoute': 'graph2route_pd',
 'no_cuda': False,
 'node_fea_dim': 8,
 'node_features_test': '/home/sentanoe/joint_training/data/dataset/food_pd/node_features_test_full.npy',
 'node_features_train': '/home/sentanoe/joint_training/data/dataset/food_pd/node_features_train_full.npy',
 'node_features_val': '/home/sentanoe/joint_training/data/dataset/food_pd/node_features_val_full.npy',
 'num_block': 4,
 'num_epoch': 1000,
 'num_head': 2,
 'num_worker_logistics': 2346,
 'num_worker_pd': 920,
 'pad_value': 26,
 'seed': 8888,
 'sort_mode': 'pnn_idx',
 'spatial_encoder': 'gcn',
 'temporal_encoder': 'tft',
 'test_path': '/home/sentanoe/joint_training/data/dataset/food_pd/test_full.npy',
 'train_mode': 'sort',
 'train_path': '/home/sentanoe/joint_training/data/dataset/food_pd/train_full.npy',
 'val_path': '/home/sentanoe/joint_training/data/dataset/food_pd/val_full.npy',
 'wd': 1e-05,
 'worker_emb_dim': 10,
 'workers': 2}
last_x_size:13;unpick_x_size:12;input_size:53
#train:2521 | #val:1257 | #test:1261
*** Epoch: 0 ***
-----------------G2R RESULT-------------------

val result: krc:0.738 | lsd:0.807 | ed:1.071 | hr@1:0.618 | hr@2:0.844 | hr@3:0.894 | acc@1:0.618 | acc@2:0.563 | acc@3:0.516 | Best krc: -1 | Best epoch: -1
best model saved
[2023-12-01 03:44:17] INFO (nni/MainThread) Intermediate result: 0.7377850457693046  (Index 0)
-----------------ETPA RESULT-------------------
Epoch 0: Validation	rmse: 19.3	mae: 14.32	mape: 57.8%	acc@10: 45.93%	acc@20: 75.19%	acc@30: 87.78%	
[2023-12-01 03:44:17] INFO (nni/MainThread) Intermediate result: 19.303396702849426  (Index 1)
*** Epoch: 1 ***
-----------------G2R RESULT-------------------

val result: krc:0.755 | lsd:0.739 | ed:1.017 | hr@1:0.631 | hr@2:0.853 | hr@3:0.898 | acc@1:0.631 | acc@2:0.573 | acc@3:0.529 | Best krc: 0.738 | Best epoch: 0
best model saved
[2023-12-01 03:46:03] INFO (nni/MainThread) Intermediate result: 0.7550045617470191  (Index 2)
-----------------ETPA RESULT-------------------
Epoch 1: Validation	rmse: 20.64	mae: 15.3	mape: 86.27%	acc@10: 43.7%	acc@20: 74.44%	acc@30: 85.56%	
[2023-12-01 03:46:03] INFO (nni/MainThread) Intermediate result: 20.639998348075977  (Index 3)
*** Epoch: 2 ***
-----------------G2R RESULT-------------------

val result: krc:0.762 | lsd:0.712 | ed:1.005 | hr@1:0.633 | hr@2:0.859 | hr@3:0.905 | acc@1:0.633 | acc@2:0.578 | acc@3:0.543 | Best krc: 0.755 | Best epoch: 1
best model saved
[2023-12-01 03:47:48] INFO (nni/MainThread) Intermediate result: 0.7623075494522805  (Index 4)
-----------------ETPA RESULT-------------------
Epoch 2: Validation	rmse: 21.85	mae: 16.26	mape: 106.41%	acc@10: 42.22%	acc@20: 71.6%	acc@30: 84.57%	
[2023-12-01 03:47:48] INFO (nni/MainThread) Intermediate result: 21.849287992081724  (Index 5)
*** Epoch: 3 ***
-----------------G2R RESULT-------------------

val result: krc:0.765 | lsd:0.702 | ed:1.006 | hr@1:0.629 | hr@2:0.86 | hr@3:0.908 | acc@1:0.629 | acc@2:0.576 | acc@3:0.54 | Best krc: 0.762 | Best epoch: 2
best model saved
[2023-12-01 03:49:35] INFO (nni/MainThread) Intermediate result: 0.7646124553514145  (Index 6)
-----------------ETPA RESULT-------------------
Epoch 3: Validation	rmse: 21.62	mae: 16.47	mape: 115.04%	acc@10: 39.91%	acc@20: 70.19%	acc@30: 84.44%	
[2023-12-01 03:49:35] INFO (nni/MainThread) Intermediate result: 21.621627578158627  (Index 7)
*** Epoch: 4 ***
-----------------G2R RESULT-------------------

val result: krc:0.754 | lsd:0.732 | ed:1.044 | hr@1:0.62 | hr@2:0.857 | hr@3:0.906 | acc@1:0.62 | acc@2:0.564 | acc@3:0.525 | Best krc: 0.765 | Best epoch: 3
[2023-12-01 03:51:19] INFO (nni/MainThread) Intermediate result: 0.7539343236238731  (Index 8)
-----------------ETPA RESULT-------------------
Epoch 4: Validation	rmse: 21.13	mae: 16.34	mape: 116.93%	acc@10: 39.41%	acc@20: 69.63%	acc@30: 85.26%	
[2023-12-01 03:51:19] INFO (nni/MainThread) Intermediate result: 21.134871407380814  (Index 9)
*** Epoch: 5 ***
-----------------G2R RESULT-------------------

val result: krc:0.772 | lsd:0.678 | ed:0.979 | hr@1:0.631 | hr@2:0.862 | hr@3:0.909 | acc@1:0.631 | acc@2:0.578 | acc@3:0.543 | Best krc: 0.765 | Best epoch: 3
best model saved
[2023-12-01 03:53:03] INFO (nni/MainThread) Intermediate result: 0.7716086452859519  (Index 10)
-----------------ETPA RESULT-------------------
Epoch 5: Validation	rmse: 20.57	mae: 16.04	mape: 116.62%	acc@10: 39.26%	acc@20: 69.94%	acc@30: 86.42%	
[2023-12-01 03:53:03] INFO (nni/MainThread) Intermediate result: 20.568969816139795  (Index 11)
*** Epoch: 6 ***
-----------------G2R RESULT-------------------

val result: krc:0.774 | lsd:0.677 | ed:0.961 | hr@1:0.635 | hr@2:0.865 | hr@3:0.912 | acc@1:0.635 | acc@2:0.585 | acc@3:0.552 | Best krc: 0.772 | Best epoch: 5
best model saved
[2023-12-01 03:54:45] INFO (nni/MainThread) Intermediate result: 0.77422977870726  (Index 12)
-----------------ETPA RESULT-------------------
Epoch 6: Validation	rmse: 20.28	mae: 15.94	mape: 117.02%	acc@10: 38.78%	acc@20: 69.74%	acc@30: 86.98%	
[2023-12-01 03:54:45] INFO (nni/MainThread) Intermediate result: 20.282081246977288  (Index 13)
*** Epoch: 7 ***
-----------------G2R RESULT-------------------

val result: krc:0.77 | lsd:0.67 | ed:0.984 | hr@1:0.63 | hr@2:0.866 | hr@3:0.911 | acc@1:0.63 | acc@2:0.576 | acc@3:0.543 | Best krc: 0.774 | Best epoch: 6
[2023-12-01 03:56:28] INFO (nni/MainThread) Intermediate result: 0.7698545529678017  (Index 14)
-----------------ETPA RESULT-------------------
Epoch 7: Validation	rmse: 19.92	mae: 15.68	mape: 115.98%	acc@10: 39.63%	acc@20: 70.0%	acc@30: 87.5%	
[2023-12-01 03:56:28] INFO (nni/MainThread) Intermediate result: 19.920322244882694  (Index 15)
*** Epoch: 8 ***
-----------------G2R RESULT-------------------

val result: krc:0.775 | lsd:0.653 | ed:0.974 | hr@1:0.643 | hr@2:0.869 | hr@3:0.913 | acc@1:0.643 | acc@2:0.589 | acc@3:0.551 | Best krc: 0.774 | Best epoch: 6
best model saved
[2023-12-01 03:58:13] INFO (nni/MainThread) Intermediate result: 0.7749607829537869  (Index 16)
-----------------ETPA RESULT-------------------
Epoch 8: Validation	rmse: 19.44	mae: 15.35	mape: 113.95%	acc@10: 40.25%	acc@20: 70.66%	acc@30: 88.52%	
[2023-12-01 03:58:13] INFO (nni/MainThread) Intermediate result: 19.435381092784038  (Index 17)
*** Epoch: 9 ***
-----------------G2R RESULT-------------------

val result: krc:0.764 | lsd:0.701 | ed:1.005 | hr@1:0.627 | hr@2:0.861 | hr@3:0.907 | acc@1:0.627 | acc@2:0.575 | acc@3:0.533 | Best krc: 0.775 | Best epoch: 8
[2023-12-01 03:59:57] INFO (nni/MainThread) Intermediate result: 0.7636516493272069  (Index 18)
-----------------ETPA RESULT-------------------
Epoch 9: Validation	rmse: 19.06	mae: 15.1	mape: 112.3%	acc@10: 40.78%	acc@20: 71.26%	acc@30: 89.3%	
[2023-12-01 03:59:57] INFO (nni/MainThread) Intermediate result: 19.062559514628475  (Index 19)
*** Epoch: 10 ***
-----------------G2R RESULT-------------------

val result: krc:0.77 | lsd:0.681 | ed:0.989 | hr@1:0.636 | hr@2:0.861 | hr@3:0.908 | acc@1:0.636 | acc@2:0.576 | acc@3:0.537 | Best krc: 0.775 | Best epoch: 8
[2023-12-01 04:01:40] INFO (nni/MainThread) Intermediate result: 0.7702247782177822  (Index 20)
-----------------ETPA RESULT-------------------
Epoch 10: Validation	rmse: 18.6	mae: 14.74	mape: 108.97%	acc@10: 42.12%	acc@20: 72.39%	acc@30: 89.9%	
[2023-12-01 04:01:40] INFO (nni/MainThread) Intermediate result: 18.599128474437602  (Index 21)
*** Epoch: 11 ***
-----------------G2R RESULT-------------------

val result: krc:0.771 | lsd:0.678 | ed:0.991 | hr@1:0.634 | hr@2:0.86 | hr@3:0.91 | acc@1:0.634 | acc@2:0.575 | acc@3:0.541 | Best krc: 0.775 | Best epoch: 8
[2023-12-01 04:03:22] INFO (nni/MainThread) Intermediate result: 0.7707525844736164  (Index 22)
-----------------ETPA RESULT-------------------
Epoch 11: Validation	rmse: 18.44	mae: 14.64	mape: 108.77%	acc@10: 41.98%	acc@20: 72.69%	acc@30: 90.28%	
[2023-12-01 04:03:22] INFO (nni/MainThread) Intermediate result: 18.435702132867622  (Index 23)
*** Epoch: 12 ***
-----------------G2R RESULT-------------------

val result: krc:0.769 | lsd:0.691 | ed:0.983 | hr@1:0.633 | hr@2:0.863 | hr@3:0.908 | acc@1:0.633 | acc@2:0.583 | acc@3:0.542 | Best krc: 0.775 | Best epoch: 8
[2023-12-01 04:05:05] INFO (nni/MainThread) Intermediate result: 0.7688569355469224  (Index 24)
-----------------ETPA RESULT-------------------
Epoch 12: Validation	rmse: 18.31	mae: 14.57	mape: 108.62%	acc@10: 41.85%	acc@20: 72.74%	acc@30: 90.46%	
[2023-12-01 04:05:05] INFO (nni/MainThread) Intermediate result: 18.312695392593177  (Index 25)
*** Epoch: 13 ***
-----------------G2R RESULT-------------------

val result: krc:0.771 | lsd:0.685 | ed:0.986 | hr@1:0.642 | hr@2:0.862 | hr@3:0.905 | acc@1:0.642 | acc@2:0.586 | acc@3:0.543 | Best krc: 0.775 | Best epoch: 8
[2023-12-01 04:06:48] INFO (nni/MainThread) Intermediate result: 0.7714163460468666  (Index 26)
-----------------ETPA RESULT-------------------
Epoch 13: Validation	rmse: 18.15	mae: 14.44	mape: 107.84%	acc@10: 42.01%	acc@20: 73.2%	acc@30: 90.63%	
[2023-12-01 04:06:48] INFO (nni/MainThread) Intermediate result: 18.15169251008186  (Index 27)
*** Epoch: 14 ***
-----------------G2R RESULT-------------------

val result: krc:0.767 | lsd:0.681 | ed:1.0 | hr@1:0.632 | hr@2:0.862 | hr@3:0.909 | acc@1:0.632 | acc@2:0.577 | acc@3:0.54 | Best krc: 0.775 | Best epoch: 8
[2023-12-01 04:08:30] INFO (nni/MainThread) Intermediate result: 0.7674035116448761  (Index 28)
-----------------ETPA RESULT-------------------
Epoch 14: Validation	rmse: 17.9	mae: 14.24	mape: 106.17%	acc@10: 42.81%	acc@20: 73.78%	acc@30: 91.01%	
[2023-12-01 04:08:30] INFO (nni/MainThread) Intermediate result: 17.90393462518228  (Index 29)
*** Epoch: 15 ***
-----------------G2R RESULT-------------------

val result: krc:0.774 | lsd:0.653 | ed:0.976 | hr@1:0.641 | hr@2:0.867 | hr@3:0.914 | acc@1:0.641 | acc@2:0.585 | acc@3:0.546 | Best krc: 0.775 | Best epoch: 8
[2023-12-01 04:10:13] INFO (nni/MainThread) Intermediate result: 0.7738282411041485  (Index 30)
-----------------ETPA RESULT-------------------
Epoch 15: Validation	rmse: 17.82	mae: 14.2	mape: 106.15%	acc@10: 42.78%	acc@20: 73.84%	acc@30: 91.23%	
[2023-12-01 04:10:13] INFO (nni/MainThread) Intermediate result: 17.81875517852615  (Index 31)
*** Epoch: 16 ***
-----------------G2R RESULT-------------------

val result: krc:0.769 | lsd:0.679 | ed:0.991 | hr@1:0.648 | hr@2:0.86 | hr@3:0.909 | acc@1:0.648 | acc@2:0.584 | acc@3:0.547 | Best krc: 0.775 | Best epoch: 8
[2023-12-01 04:11:57] INFO (nni/MainThread) Intermediate result: 0.7691029053862461  (Index 32)
-----------------ETPA RESULT-------------------
Epoch 16: Validation	rmse: 17.68	mae: 14.09	mape: 105.32%	acc@10: 43.2%	acc@20: 74.29%	acc@30: 91.35%	
[2023-12-01 04:11:57] INFO (nni/MainThread) Intermediate result: 17.681389540473894  (Index 33)
*** Epoch: 17 ***
-----------------G2R RESULT-------------------

val result: krc:0.785 | lsd:0.655 | ed:0.954 | hr@1:0.676 | hr@2:0.867 | hr@3:0.912 | acc@1:0.676 | acc@2:0.611 | acc@3:0.567 | Best krc: 0.775 | Best epoch: 8
best model saved
[2023-12-01 04:13:39] INFO (nni/MainThread) Intermediate result: 0.7849934195102538  (Index 34)
-----------------ETPA RESULT-------------------
Epoch 17: Validation	rmse: 17.61	mae: 14.07	mape: 105.41%	acc@10: 42.92%	acc@20: 74.28%	acc@30: 91.67%	
[2023-12-01 04:13:39] INFO (nni/MainThread) Intermediate result: 17.606115500181037  (Index 35)
*** Epoch: 18 ***
-----------------G2R RESULT-------------------

val result: krc:0.787 | lsd:0.655 | ed:0.966 | hr@1:0.678 | hr@2:0.861 | hr@3:0.913 | acc@1:0.678 | acc@2:0.609 | acc@3:0.571 | Best krc: 0.785 | Best epoch: 17
best model saved
[2023-12-01 04:15:22] INFO (nni/MainThread) Intermediate result: 0.7871050011058756  (Index 36)
-----------------ETPA RESULT-------------------
Epoch 18: Validation	rmse: 17.57	mae: 14.06	mape: 105.53%	acc@10: 42.73%	acc@20: 74.25%	acc@30: 91.73%	
[2023-12-01 04:15:22] INFO (nni/MainThread) Intermediate result: 17.565249948571708  (Index 37)
*** Epoch: 19 ***
-----------------G2R RESULT-------------------

val result: krc:0.783 | lsd:0.645 | ed:0.975 | hr@1:0.668 | hr@2:0.861 | hr@3:0.915 | acc@1:0.668 | acc@2:0.596 | acc@3:0.558 | Best krc: 0.787 | Best epoch: 18
[2023-12-01 04:17:06] INFO (nni/MainThread) Intermediate result: 0.7826988894763273  (Index 38)
-----------------ETPA RESULT-------------------
Epoch 19: Validation	rmse: 17.45	mae: 13.97	mape: 104.98%	acc@10: 42.93%	acc@20: 74.46%	acc@30: 91.96%	
[2023-12-01 04:17:06] INFO (nni/MainThread) Intermediate result: 17.448330432374842  (Index 39)
*** Epoch: 20 ***
-----------------G2R RESULT-------------------

val result: krc:0.779 | lsd:0.652 | ed:0.973 | hr@1:0.654 | hr@2:0.862 | hr@3:0.913 | acc@1:0.654 | acc@2:0.589 | acc@3:0.552 | Best krc: 0.787 | Best epoch: 18
[2023-12-01 04:18:49] INFO (nni/MainThread) Intermediate result: 0.7787776598533047  (Index 40)
-----------------ETPA RESULT-------------------
Epoch 20: Validation	rmse: 17.33	mae: 13.88	mape: 104.2%	acc@10: 43.23%	acc@20: 74.76%	acc@30: 92.19%	
[2023-12-01 04:18:49] INFO (nni/MainThread) Intermediate result: 17.326598368087357  (Index 41)
*** Epoch: 21 ***
-----------------G2R RESULT-------------------

val result: krc:0.789 | lsd:0.641 | ed:0.942 | hr@1:0.689 | hr@2:0.861 | hr@3:0.912 | acc@1:0.689 | acc@2:0.613 | acc@3:0.579 | Best krc: 0.787 | Best epoch: 18
best model saved
[2023-12-01 04:20:34] INFO (nni/MainThread) Intermediate result: 0.7893691791374344  (Index 42)
-----------------ETPA RESULT-------------------
Epoch 21: Validation	rmse: 17.2	mae: 13.78	mape: 103.22%	acc@10: 43.72%	acc@20: 75.15%	acc@30: 92.37%	
[2023-12-01 04:20:34] INFO (nni/MainThread) Intermediate result: 17.20003660240528  (Index 43)
*** Epoch: 22 ***
-----------------G2R RESULT-------------------

val result: krc:0.792 | lsd:0.638 | ed:0.945 | hr@1:0.693 | hr@2:0.865 | hr@3:0.918 | acc@1:0.693 | acc@2:0.615 | acc@3:0.579 | Best krc: 0.789 | Best epoch: 21
best model saved
[2023-12-01 04:22:19] INFO (nni/MainThread) Intermediate result: 0.7915483742156239  (Index 44)
-----------------ETPA RESULT-------------------
Epoch 22: Validation	rmse: 17.15	mae: 13.74	mape: 102.99%	acc@10: 43.8%	acc@20: 75.38%	acc@30: 92.4%	
[2023-12-01 04:22:19] INFO (nni/MainThread) Intermediate result: 17.14729953029369  (Index 45)
*** Epoch: 23 ***
-----------------G2R RESULT-------------------

val result: krc:0.792 | lsd:0.68 | ed:0.944 | hr@1:0.699 | hr@2:0.862 | hr@3:0.915 | acc@1:0.699 | acc@2:0.618 | acc@3:0.582 | Best krc: 0.792 | Best epoch: 22
[2023-12-01 04:24:03] INFO (nni/MainThread) Intermediate result: 0.7915229207140008  (Index 46)
-----------------ETPA RESULT-------------------
Epoch 23: Validation	rmse: 17.11	mae: 13.7	mape: 102.83%	acc@10: 43.81%	acc@20: 75.54%	acc@30: 92.45%	
[2023-12-01 04:24:03] INFO (nni/MainThread) Intermediate result: 17.10741643377572  (Index 47)
*** Epoch: 24 ***
-----------------G2R RESULT-------------------

val result: krc:0.792 | lsd:0.635 | ed:0.926 | hr@1:0.692 | hr@2:0.868 | hr@3:0.916 | acc@1:0.692 | acc@2:0.62 | acc@3:0.584 | Best krc: 0.792 | Best epoch: 22
[2023-12-01 04:25:46] INFO (nni/MainThread) Intermediate result: 0.7915111761548141  (Index 48)
-----------------ETPA RESULT-------------------
Epoch 24: Validation	rmse: 17.01	mae: 13.61	mape: 101.9%	acc@10: 44.22%	acc@20: 75.85%	acc@30: 92.58%	
[2023-12-01 04:25:46] INFO (nni/MainThread) Intermediate result: 17.0050115172553  (Index 49)
*** Epoch: 25 ***
-----------------G2R RESULT-------------------

val result: krc:0.803 | lsd:0.613 | ed:0.914 | hr@1:0.711 | hr@2:0.867 | hr@3:0.916 | acc@1:0.711 | acc@2:0.631 | acc@3:0.59 | Best krc: 0.792 | Best epoch: 22
best model saved
[2023-12-01 04:27:30] INFO (nni/MainThread) Intermediate result: 0.8027289651513525  (Index 50)
-----------------ETPA RESULT-------------------
Epoch 25: Validation	rmse: 16.9	mae: 13.53	mape: 101.05%	acc@10: 44.53%	acc@20: 76.21%	acc@30: 92.71%	
[2023-12-01 04:27:30] INFO (nni/MainThread) Intermediate result: 16.903847429757317  (Index 51)
*** Epoch: 26 ***
-----------------G2R RESULT-------------------

val result: krc:0.799 | lsd:0.62 | ed:0.925 | hr@1:0.677 | hr@2:0.865 | hr@3:0.915 | acc@1:0.677 | acc@2:0.611 | acc@3:0.577 | Best krc: 0.803 | Best epoch: 25
[2023-12-01 04:29:14] INFO (nni/MainThread) Intermediate result: 0.79869782907824  (Index 52)
-----------------ETPA RESULT-------------------
Epoch 26: Validation	rmse: 16.85	mae: 13.48	mape: 100.73%	acc@10: 44.69%	acc@20: 76.36%	acc@30: 92.74%	
[2023-12-01 04:29:14] INFO (nni/MainThread) Intermediate result: 16.85144831556235  (Index 53)
*** Epoch: 27 ***
-----------------G2R RESULT-------------------

val result: krc:0.784 | lsd:0.652 | ed:0.983 | hr@1:0.687 | hr@2:0.866 | hr@3:0.914 | acc@1:0.687 | acc@2:0.607 | acc@3:0.568 | Best krc: 0.803 | Best epoch: 25
[2023-12-01 04:30:57] INFO (nni/MainThread) Intermediate result: 0.7843270648605147  (Index 54)
-----------------ETPA RESULT-------------------
Epoch 27: Validation	rmse: 16.82	mae: 13.44	mape: 100.41%	acc@10: 44.92%	acc@20: 76.52%	acc@30: 92.76%	
[2023-12-01 04:30:57] INFO (nni/MainThread) Intermediate result: 16.81664832681295  (Index 55)
*** Epoch: 28 ***
-----------------G2R RESULT-------------------

val result: krc:0.789 | lsd:0.659 | ed:0.96 | hr@1:0.68 | hr@2:0.861 | hr@3:0.913 | acc@1:0.68 | acc@2:0.61 | acc@3:0.568 | Best krc: 0.803 | Best epoch: 25
[2023-12-01 04:32:40] INFO (nni/MainThread) Intermediate result: 0.7890152345508707  (Index 56)
-----------------ETPA RESULT-------------------
Epoch 28: Validation	rmse: 16.78	mae: 13.41	mape: 100.12%	acc@10: 45.07%	acc@20: 76.7%	acc@30: 92.81%	
[2023-12-01 04:32:40] INFO (nni/MainThread) Intermediate result: 16.77740061489648  (Index 57)
*** Epoch: 29 ***
-----------------G2R RESULT-------------------

val result: krc:0.791 | lsd:0.663 | ed:0.946 | hr@1:0.69 | hr@2:0.861 | hr@3:0.913 | acc@1:0.69 | acc@2:0.617 | acc@3:0.576 | Best krc: 0.803 | Best epoch: 25
[2023-12-01 04:34:26] INFO (nni/MainThread) Intermediate result: 0.7914725359500173  (Index 58)
-----------------ETPA RESULT-------------------
Epoch 29: Validation	rmse: 16.71	mae: 13.35	mape: 99.55%	acc@10: 45.25%	acc@20: 76.9%	acc@30: 92.9%	
[2023-12-01 04:34:26] INFO (nni/MainThread) Intermediate result: 16.709510562196364  (Index 59)
*** Epoch: 30 ***
-----------------G2R RESULT-------------------

val result: krc:0.786 | lsd:0.654 | ed:0.954 | hr@1:0.671 | hr@2:0.865 | hr@3:0.912 | acc@1:0.671 | acc@2:0.605 | acc@3:0.569 | Best krc: 0.803 | Best epoch: 25
[2023-12-01 04:36:10] INFO (nni/MainThread) Intermediate result: 0.7861139679766702  (Index 60)
-----------------ETPA RESULT-------------------
Epoch 30: Validation	rmse: 16.66	mae: 13.3	mape: 99.15%	acc@10: 45.42%	acc@20: 77.06%	acc@30: 92.95%	
[2023-12-01 04:36:10] INFO (nni/MainThread) Intermediate result: 16.661225199467097  (Index 61)
*** Epoch: 31 ***
-----------------G2R RESULT-------------------

val result: krc:0.8 | lsd:0.629 | ed:0.934 | hr@1:0.695 | hr@2:0.869 | hr@3:0.916 | acc@1:0.695 | acc@2:0.623 | acc@3:0.579 | Best krc: 0.803 | Best epoch: 25
[2023-12-01 04:37:53] INFO (nni/MainThread) Intermediate result: 0.7998217853661664  (Index 62)
-----------------ETPA RESULT-------------------
Epoch 31: Validation	rmse: 16.65	mae: 13.3	mape: 99.24%	acc@10: 45.34%	acc@20: 77.09%	acc@30: 92.97%	
[2023-12-01 04:37:53] INFO (nni/MainThread) Intermediate result: 16.651928219832627  (Index 63)
*** Epoch: 32 ***
-----------------G2R RESULT-------------------

val result: krc:0.8 | lsd:0.631 | ed:0.942 | hr@1:0.713 | hr@2:0.868 | hr@3:0.915 | acc@1:0.713 | acc@2:0.632 | acc@3:0.586 | Best krc: 0.803 | Best epoch: 25
[2023-12-01 04:39:38] INFO (nni/MainThread) Intermediate result: 0.7997693831537295  (Index 64)
-----------------ETPA RESULT-------------------
Epoch 32: Validation	rmse: 16.65	mae: 13.31	mape: 99.41%	acc@10: 45.23%	acc@20: 77.04%	acc@30: 93.0%	
[2023-12-01 04:39:38] INFO (nni/MainThread) Intermediate result: 16.651713194927815  (Index 65)
*** Epoch: 33 ***
-----------------G2R RESULT-------------------

val result: krc:0.788 | lsd:0.65 | ed:0.967 | hr@1:0.693 | hr@2:0.867 | hr@3:0.915 | acc@1:0.693 | acc@2:0.615 | acc@3:0.576 | Best krc: 0.803 | Best epoch: 25
[2023-12-01 04:41:21] INFO (nni/MainThread) Intermediate result: 0.7880945076397634  (Index 66)
-----------------ETPA RESULT-------------------
Epoch 33: Validation	rmse: 16.62	mae: 13.27	mape: 98.99%	acc@10: 45.42%	acc@20: 77.21%	acc@30: 92.98%	
[2023-12-01 04:41:21] INFO (nni/MainThread) Intermediate result: 16.61584378287436  (Index 67)
*** Epoch: 34 ***
-----------------G2R RESULT-------------------

val result: krc:0.793 | lsd:0.674 | ed:0.953 | hr@1:0.711 | hr@2:0.863 | hr@3:0.913 | acc@1:0.711 | acc@2:0.625 | acc@3:0.585 | Best krc: 0.803 | Best epoch: 25
[2023-12-01 04:43:05] INFO (nni/MainThread) Intermediate result: 0.7934022533847632  (Index 68)
-----------------ETPA RESULT-------------------
Epoch 34: Validation	rmse: 16.55	mae: 13.22	mape: 98.47%	acc@10: 45.65%	acc@20: 77.37%	acc@30: 93.08%	
[2023-12-01 04:43:05] INFO (nni/MainThread) Intermediate result: 16.552974912718806  (Index 69)
*** Epoch: 35 ***
-----------------G2R RESULT-------------------

val result: krc:0.799 | lsd:0.624 | ed:0.954 | hr@1:0.699 | hr@2:0.868 | hr@3:0.915 | acc@1:0.699 | acc@2:0.626 | acc@3:0.582 | Best krc: 0.803 | Best epoch: 25
[2023-12-01 04:44:48] INFO (nni/MainThread) Intermediate result: 0.7985482233842531  (Index 70)
-----------------ETPA RESULT-------------------
Epoch 35: Validation	rmse: 16.52	mae: 13.19	mape: 98.28%	acc@10: 45.77%	acc@20: 77.49%	acc@30: 93.12%	
[2023-12-01 04:44:48] INFO (nni/MainThread) Intermediate result: 16.520981398177582  (Index 71)
*** Epoch: 36 ***
-----------------G2R RESULT-------------------

val result: krc:0.801 | lsd:0.624 | ed:0.936 | hr@1:0.71 | hr@2:0.865 | hr@3:0.915 | acc@1:0.71 | acc@2:0.628 | acc@3:0.589 | Best krc: 0.803 | Best epoch: 25
[2023-12-01 04:46:32] INFO (nni/MainThread) Intermediate result: 0.8012056964396272  (Index 72)
-----------------ETPA RESULT-------------------
Epoch 36: Validation	rmse: 16.45	mae: 13.13	mape: 97.68%	acc@10: 45.97%	acc@20: 77.64%	acc@30: 93.22%	
[2023-12-01 04:46:32] INFO (nni/MainThread) Intermediate result: 16.454192756792335  (Index 73)
*** Epoch: 37 ***
-----------------G2R RESULT-------------------

val result: krc:0.805 | lsd:0.613 | ed:0.917 | hr@1:0.701 | hr@2:0.869 | hr@3:0.915 | acc@1:0.701 | acc@2:0.63 | acc@3:0.591 | Best krc: 0.803 | Best epoch: 25
best model saved
[2023-12-01 04:48:17] INFO (nni/MainThread) Intermediate result: 0.8047528027851596  (Index 74)
-----------------ETPA RESULT-------------------
Epoch 37: Validation	rmse: 16.44	mae: 13.13	mape: 97.68%	acc@10: 45.97%	acc@20: 77.7%	acc@30: 93.25%	
[2023-12-01 04:48:17] INFO (nni/MainThread) Intermediate result: 16.441567073288084  (Index 75)
*** Epoch: 38 ***
-----------------G2R RESULT-------------------

val result: krc:0.797 | lsd:0.615 | ed:0.928 | hr@1:0.686 | hr@2:0.869 | hr@3:0.919 | acc@1:0.686 | acc@2:0.614 | acc@3:0.578 | Best krc: 0.805 | Best epoch: 37
[2023-12-01 04:50:01] INFO (nni/MainThread) Intermediate result: 0.7972818934777836  (Index 76)
-----------------ETPA RESULT-------------------
Epoch 38: Validation	rmse: 16.41	mae: 13.11	mape: 97.57%	acc@10: 46.02%	acc@20: 77.78%	acc@30: 93.3%	
[2023-12-01 04:50:01] INFO (nni/MainThread) Intermediate result: 16.41458535502429  (Index 77)
*** Epoch: 39 ***
-----------------G2R RESULT-------------------

val result: krc:0.807 | lsd:0.615 | ed:0.896 | hr@1:0.704 | hr@2:0.867 | hr@3:0.915 | acc@1:0.704 | acc@2:0.635 | acc@3:0.601 | Best krc: 0.805 | Best epoch: 37
best model saved
[2023-12-01 04:51:46] INFO (nni/MainThread) Intermediate result: 0.8069254504584632  (Index 78)
-----------------ETPA RESULT-------------------
Epoch 39: Validation	rmse: 16.37	mae: 13.07	mape: 97.03%	acc@10: 46.29%	acc@20: 77.92%	acc@30: 93.31%	
[2023-12-01 04:51:46] INFO (nni/MainThread) Intermediate result: 16.365050191250752  (Index 79)
*** Epoch: 40 ***
-----------------G2R RESULT-------------------

val result: krc:0.798 | lsd:0.626 | ed:0.934 | hr@1:0.697 | hr@2:0.867 | hr@3:0.911 | acc@1:0.697 | acc@2:0.625 | acc@3:0.578 | Best krc: 0.807 | Best epoch: 39
[2023-12-01 04:53:30] INFO (nni/MainThread) Intermediate result: 0.797966626160767  (Index 80)
-----------------ETPA RESULT-------------------
Epoch 40: Validation	rmse: 16.31	mae: 13.02	mape: 96.52%	acc@10: 46.45%	acc@20: 78.05%	acc@30: 93.33%	
[2023-12-01 04:53:30] INFO (nni/MainThread) Intermediate result: 16.31495547340346  (Index 81)
*** Epoch: 41 ***
-----------------G2R RESULT-------------------

val result: krc:0.797 | lsd:0.635 | ed:0.927 | hr@1:0.704 | hr@2:0.864 | hr@3:0.915 | acc@1:0.704 | acc@2:0.63 | acc@3:0.593 | Best krc: 0.807 | Best epoch: 39
[2023-12-01 04:55:14] INFO (nni/MainThread) Intermediate result: 0.7972354297146599  (Index 82)
-----------------ETPA RESULT-------------------
Epoch 41: Validation	rmse: 16.27	mae: 12.98	mape: 96.03%	acc@10: 46.6%	acc@20: 78.19%	acc@30: 93.4%	
[2023-12-01 04:55:14] INFO (nni/MainThread) Intermediate result: 16.26710315037755  (Index 83)
*** Epoch: 42 ***
-----------------G2R RESULT-------------------

val result: krc:0.789 | lsd:0.652 | ed:0.954 | hr@1:0.671 | hr@2:0.865 | hr@3:0.914 | acc@1:0.671 | acc@2:0.605 | acc@3:0.57 | Best krc: 0.807 | Best epoch: 39
[2023-12-01 04:56:57] INFO (nni/MainThread) Intermediate result: 0.7889861599962169  (Index 84)
-----------------ETPA RESULT-------------------
Epoch 42: Validation	rmse: 16.25	mae: 12.96	mape: 95.92%	acc@10: 46.67%	acc@20: 78.27%	acc@30: 93.42%	
[2023-12-01 04:56:57] INFO (nni/MainThread) Intermediate result: 16.248740655341066  (Index 85)
*** Epoch: 43 ***
-----------------G2R RESULT-------------------

val result: krc:0.792 | lsd:0.644 | ed:0.96 | hr@1:0.672 | hr@2:0.87 | hr@3:0.917 | acc@1:0.672 | acc@2:0.607 | acc@3:0.571 | Best krc: 0.807 | Best epoch: 39
[2023-12-01 04:58:42] INFO (nni/MainThread) Intermediate result: 0.7916248272610317  (Index 86)
-----------------ETPA RESULT-------------------
Epoch 43: Validation	rmse: 16.22	mae: 12.93	mape: 95.6%	acc@10: 46.82%	acc@20: 78.37%	acc@30: 93.46%	
[2023-12-01 04:58:42] INFO (nni/MainThread) Intermediate result: 16.216754469763888  (Index 87)
*** Epoch: 44 ***
-----------------G2R RESULT-------------------

val result: krc:0.81 | lsd:0.596 | ed:0.906 | hr@1:0.718 | hr@2:0.875 | hr@3:0.922 | acc@1:0.718 | acc@2:0.638 | acc@3:0.598 | Best krc: 0.807 | Best epoch: 39
best model saved
[2023-12-01 05:00:26] INFO (nni/MainThread) Intermediate result: 0.8103492607733972  (Index 88)
-----------------ETPA RESULT-------------------
Epoch 44: Validation	rmse: 16.17	mae: 12.89	mape: 95.2%	acc@10: 47.0%	acc@20: 78.46%	acc@30: 93.52%	
[2023-12-01 05:00:26] INFO (nni/MainThread) Intermediate result: 16.169661762637745  (Index 89)
*** Epoch: 45 ***
-----------------G2R RESULT-------------------

val result: krc:0.797 | lsd:0.631 | ed:0.92 | hr@1:0.702 | hr@2:0.871 | hr@3:0.913 | acc@1:0.702 | acc@2:0.631 | acc@3:0.59 | Best krc: 0.81 | Best epoch: 44
[2023-12-01 05:02:11] INFO (nni/MainThread) Intermediate result: 0.7968392775826093  (Index 90)
-----------------ETPA RESULT-------------------
Epoch 45: Validation	rmse: 16.14	mae: 12.86	mape: 94.96%	acc@10: 47.14%	acc@20: 78.57%	acc@30: 93.52%	
[2023-12-01 05:02:11] INFO (nni/MainThread) Intermediate result: 16.140602820622558  (Index 91)
*** Epoch: 46 ***
-----------------G2R RESULT-------------------

val result: krc:0.803 | lsd:0.632 | ed:0.923 | hr@1:0.719 | hr@2:0.87 | hr@3:0.915 | acc@1:0.719 | acc@2:0.643 | acc@3:0.6 | Best krc: 0.81 | Best epoch: 44
[2023-12-01 05:03:55] INFO (nni/MainThread) Intermediate result: 0.8029261596554994  (Index 92)
-----------------ETPA RESULT-------------------
Epoch 46: Validation	rmse: 16.1	mae: 12.83	mape: 94.56%	acc@10: 47.3%	acc@20: 78.69%	acc@30: 93.56%	
[2023-12-01 05:03:55] INFO (nni/MainThread) Intermediate result: 16.099760405898014  (Index 93)
*** Epoch: 47 ***
-----------------G2R RESULT-------------------

val result: krc:0.812 | lsd:0.593 | ed:0.89 | hr@1:0.724 | hr@2:0.871 | hr@3:0.917 | acc@1:0.724 | acc@2:0.646 | acc@3:0.606 | Best krc: 0.81 | Best epoch: 44
best model saved
[2023-12-01 05:05:41] INFO (nni/MainThread) Intermediate result: 0.8123365410116614  (Index 94)
-----------------ETPA RESULT-------------------
Epoch 47: Validation	rmse: 16.08	mae: 12.81	mape: 94.38%	acc@10: 47.42%	acc@20: 78.79%	acc@30: 93.52%	
[2023-12-01 05:05:41] INFO (nni/MainThread) Intermediate result: 16.082920139614625  (Index 95)
*** Epoch: 48 ***
-----------------G2R RESULT-------------------

val result: krc:0.8 | lsd:0.612 | ed:0.937 | hr@1:0.699 | hr@2:0.873 | hr@3:0.918 | acc@1:0.699 | acc@2:0.627 | acc@3:0.586 | Best krc: 0.812 | Best epoch: 47
[2023-12-01 05:07:26] INFO (nni/MainThread) Intermediate result: 0.7996047451228913  (Index 96)
-----------------ETPA RESULT-------------------
Epoch 48: Validation	rmse: 16.06	mae: 12.78	mape: 94.17%	acc@10: 47.52%	acc@20: 78.89%	acc@30: 93.54%	
[2023-12-01 05:07:26] INFO (nni/MainThread) Intermediate result: 16.059584971793992  (Index 97)
*** Epoch: 49 ***
-----------------G2R RESULT-------------------

val result: krc:0.81 | lsd:0.611 | ed:0.902 | hr@1:0.711 | hr@2:0.875 | hr@3:0.922 | acc@1:0.711 | acc@2:0.645 | acc@3:0.609 | Best krc: 0.812 | Best epoch: 47
[2023-12-01 05:09:09] INFO (nni/MainThread) Intermediate result: 0.8101526651942043  (Index 98)
-----------------ETPA RESULT-------------------
Epoch 49: Validation	rmse: 16.04	mae: 12.76	mape: 93.93%	acc@10: 47.61%	acc@20: 78.94%	acc@30: 93.54%	
[2023-12-01 05:09:09] INFO (nni/MainThread) Intermediate result: 16.043995295315337  (Index 99)
*** Epoch: 50 ***
-----------------G2R RESULT-------------------

val result: krc:0.803 | lsd:0.606 | ed:0.923 | hr@1:0.7 | hr@2:0.87 | hr@3:0.918 | acc@1:0.7 | acc@2:0.631 | acc@3:0.593 | Best krc: 0.812 | Best epoch: 47
[2023-12-01 05:10:55] INFO (nni/MainThread) Intermediate result: 0.8026121579597748  (Index 100)
-----------------ETPA RESULT-------------------
Epoch 50: Validation	rmse: 16.02	mae: 12.74	mape: 93.7%	acc@10: 47.73%	acc@20: 79.05%	acc@30: 93.57%	
[2023-12-01 05:10:55] INFO (nni/MainThread) Intermediate result: 16.01666953740366  (Index 101)
*** Epoch: 51 ***
-----------------G2R RESULT-------------------

val result: krc:0.802 | lsd:0.618 | ed:0.933 | hr@1:0.704 | hr@2:0.871 | hr@3:0.917 | acc@1:0.704 | acc@2:0.634 | acc@3:0.591 | Best krc: 0.812 | Best epoch: 47
[2023-12-01 05:12:41] INFO (nni/MainThread) Intermediate result: 0.802265609174223  (Index 102)
-----------------ETPA RESULT-------------------
Epoch 51: Validation	rmse: 15.99	mae: 12.71	mape: 93.43%	acc@10: 47.85%	acc@20: 79.12%	acc@30: 93.57%	
[2023-12-01 05:12:41] INFO (nni/MainThread) Intermediate result: 15.98765690898401  (Index 103)
*** Epoch: 52 ***
-----------------G2R RESULT-------------------

val result: krc:0.801 | lsd:0.595 | ed:0.914 | hr@1:0.701 | hr@2:0.875 | hr@3:0.919 | acc@1:0.701 | acc@2:0.629 | acc@3:0.59 | Best krc: 0.812 | Best epoch: 47
[2023-12-01 05:14:26] INFO (nni/MainThread) Intermediate result: 0.8006918592751561  (Index 104)
-----------------ETPA RESULT-------------------
Epoch 52: Validation	rmse: 15.97	mae: 12.69	mape: 93.28%	acc@10: 47.94%	acc@20: 79.19%	acc@30: 93.58%	
[2023-12-01 05:14:26] INFO (nni/MainThread) Intermediate result: 15.970484215160598  (Index 105)
*** Epoch: 53 ***
-----------------G2R RESULT-------------------

val result: krc:0.809 | lsd:0.592 | ed:0.908 | hr@1:0.716 | hr@2:0.876 | hr@3:0.917 | acc@1:0.716 | acc@2:0.641 | acc@3:0.597 | Best krc: 0.812 | Best epoch: 47
[2023-12-01 05:16:10] INFO (nni/MainThread) Intermediate result: 0.8090362088962876  (Index 106)
-----------------ETPA RESULT-------------------
Epoch 53: Validation	rmse: 15.93	mae: 12.66	mape: 92.8%	acc@10: 48.09%	acc@20: 79.26%	acc@30: 93.64%	
[2023-12-01 05:16:10] INFO (nni/MainThread) Intermediate result: 15.928968344287712  (Index 107)
*** Epoch: 54 ***
-----------------G2R RESULT-------------------

val result: krc:0.81 | lsd:0.604 | ed:0.909 | hr@1:0.719 | hr@2:0.871 | hr@3:0.918 | acc@1:0.719 | acc@2:0.641 | acc@3:0.603 | Best krc: 0.812 | Best epoch: 47
[2023-12-01 05:17:55] INFO (nni/MainThread) Intermediate result: 0.8104293591394598  (Index 108)
-----------------ETPA RESULT-------------------
Epoch 54: Validation	rmse: 15.89	mae: 12.62	mape: 92.35%	acc@10: 48.25%	acc@20: 79.36%	acc@30: 93.7%	
[2023-12-01 05:17:55] INFO (nni/MainThread) Intermediate result: 15.887891380275928  (Index 109)
*** Epoch: 55 ***
-----------------G2R RESULT-------------------

val result: krc:0.817 | lsd:0.582 | ed:0.865 | hr@1:0.718 | hr@2:0.877 | hr@3:0.92 | acc@1:0.718 | acc@2:0.648 | acc@3:0.611 | Best krc: 0.812 | Best epoch: 47
best model saved
[2023-12-01 05:19:41] INFO (nni/MainThread) Intermediate result: 0.8169550865659304  (Index 110)
-----------------ETPA RESULT-------------------
Epoch 55: Validation	rmse: 15.86	mae: 12.6	mape: 92.08%	acc@10: 48.3%	acc@20: 79.4%	acc@30: 93.74%	
[2023-12-01 05:19:41] INFO (nni/MainThread) Intermediate result: 15.86213283508355  (Index 111)
*** Epoch: 56 ***
-----------------G2R RESULT-------------------

val result: krc:0.812 | lsd:0.592 | ed:0.905 | hr@1:0.717 | hr@2:0.873 | hr@3:0.921 | acc@1:0.717 | acc@2:0.639 | acc@3:0.604 | Best krc: 0.817 | Best epoch: 55
[2023-12-01 05:21:26] INFO (nni/MainThread) Intermediate result: 0.812379465908106  (Index 112)
-----------------ETPA RESULT-------------------
Epoch 56: Validation	rmse: 15.86	mae: 12.59	mape: 92.02%	acc@10: 48.33%	acc@20: 79.43%	acc@30: 93.75%	
[2023-12-01 05:21:26] INFO (nni/MainThread) Intermediate result: 15.859939690337582  (Index 113)
*** Epoch: 57 ***
-----------------G2R RESULT-------------------

val result: krc:0.811 | lsd:0.603 | ed:0.898 | hr@1:0.726 | hr@2:0.873 | hr@3:0.918 | acc@1:0.726 | acc@2:0.653 | acc@3:0.609 | Best krc: 0.817 | Best epoch: 55
[2023-12-01 05:23:11] INFO (nni/MainThread) Intermediate result: 0.8110075650434198  (Index 114)
-----------------ETPA RESULT-------------------
Epoch 57: Validation	rmse: 15.83	mae: 12.56	mape: 91.7%	acc@10: 48.44%	acc@20: 79.55%	acc@30: 93.75%	
[2023-12-01 05:23:11] INFO (nni/MainThread) Intermediate result: 15.828857673210543  (Index 115)
*** Epoch: 58 ***
-----------------G2R RESULT-------------------

val result: krc:0.808 | lsd:0.584 | ed:0.9 | hr@1:0.719 | hr@2:0.881 | hr@3:0.923 | acc@1:0.719 | acc@2:0.651 | acc@3:0.607 | Best krc: 0.817 | Best epoch: 55
[2023-12-01 05:24:56] INFO (nni/MainThread) Intermediate result: 0.8082541782498057  (Index 116)
-----------------ETPA RESULT-------------------
Epoch 58: Validation	rmse: 15.82	mae: 12.55	mape: 91.64%	acc@10: 48.44%	acc@20: 79.6%	acc@30: 93.77%	
[2023-12-01 05:24:56] INFO (nni/MainThread) Intermediate result: 15.815025252135523  (Index 117)
*** Epoch: 59 ***
-----------------G2R RESULT-------------------

val result: krc:0.786 | lsd:0.623 | ed:0.966 | hr@1:0.686 | hr@2:0.866 | hr@3:0.914 | acc@1:0.686 | acc@2:0.611 | acc@3:0.571 | Best krc: 0.817 | Best epoch: 55
[2023-12-01 05:26:41] INFO (nni/MainThread) Intermediate result: 0.7862247525911712  (Index 118)
-----------------ETPA RESULT-------------------
Epoch 59: Validation	rmse: 15.79	mae: 12.53	mape: 91.41%	acc@10: 48.49%	acc@20: 79.65%	acc@30: 93.78%	
[2023-12-01 05:26:41] INFO (nni/MainThread) Intermediate result: 15.794826239246015  (Index 119)
*** Epoch: 60 ***
-----------------G2R RESULT-------------------

val result: krc:0.802 | lsd:0.605 | ed:0.924 | hr@1:0.703 | hr@2:0.875 | hr@3:0.923 | acc@1:0.703 | acc@2:0.63 | acc@3:0.594 | Best krc: 0.817 | Best epoch: 55
[2023-12-01 05:28:25] INFO (nni/MainThread) Intermediate result: 0.8015197224029756  (Index 120)
-----------------ETPA RESULT-------------------
Epoch 60: Validation	rmse: 15.79	mae: 12.53	mape: 91.35%	acc@10: 48.54%	acc@20: 79.71%	acc@30: 93.78%	
[2023-12-01 05:28:25] INFO (nni/MainThread) Intermediate result: 15.78821833028487  (Index 121)
*** Epoch: 61 ***
-----------------G2R RESULT-------------------

val result: krc:0.818 | lsd:0.58 | ed:0.877 | hr@1:0.729 | hr@2:0.878 | hr@3:0.924 | acc@1:0.729 | acc@2:0.655 | acc@3:0.619 | Best krc: 0.817 | Best epoch: 55
best model saved
[2023-12-01 05:30:10] INFO (nni/MainThread) Intermediate result: 0.8179691186075093  (Index 122)
-----------------ETPA RESULT-------------------
Epoch 61: Validation	rmse: 15.76	mae: 12.51	mape: 91.13%	acc@10: 48.63%	acc@20: 79.8%	acc@30: 93.81%	
[2023-12-01 05:30:10] INFO (nni/MainThread) Intermediate result: 15.764432146411258  (Index 123)
*** Epoch: 62 ***
-----------------G2R RESULT-------------------

val result: krc:0.811 | lsd:0.587 | ed:0.896 | hr@1:0.716 | hr@2:0.88 | hr@3:0.922 | acc@1:0.716 | acc@2:0.649 | acc@3:0.607 | Best krc: 0.818 | Best epoch: 61
[2023-12-01 05:31:54] INFO (nni/MainThread) Intermediate result: 0.8110836893434181  (Index 124)
-----------------ETPA RESULT-------------------
Epoch 62: Validation	rmse: 15.74	mae: 12.48	mape: 90.73%	acc@10: 48.72%	acc@20: 79.84%	acc@30: 93.84%	
[2023-12-01 05:31:54] INFO (nni/MainThread) Intermediate result: 15.738269732885806  (Index 125)
*** Epoch: 63 ***
-----------------G2R RESULT-------------------

val result: krc:0.812 | lsd:0.567 | ed:0.888 | hr@1:0.706 | hr@2:0.88 | hr@3:0.927 | acc@1:0.706 | acc@2:0.641 | acc@3:0.606 | Best krc: 0.818 | Best epoch: 61
[2023-12-01 05:33:39] INFO (nni/MainThread) Intermediate result: 0.811738741428291  (Index 126)
-----------------ETPA RESULT-------------------
Epoch 63: Validation	rmse: 15.72	mae: 12.46	mape: 90.47%	acc@10: 48.83%	acc@20: 79.88%	acc@30: 93.84%	
[2023-12-01 05:33:39] INFO (nni/MainThread) Intermediate result: 15.720913403834947  (Index 127)
*** Epoch: 64 ***
-----------------G2R RESULT-------------------

val result: krc:0.803 | lsd:0.594 | ed:0.92 | hr@1:0.697 | hr@2:0.88 | hr@3:0.922 | acc@1:0.697 | acc@2:0.631 | acc@3:0.589 | Best krc: 0.818 | Best epoch: 61
[2023-12-01 05:35:25] INFO (nni/MainThread) Intermediate result: 0.8028486540423577  (Index 128)
-----------------ETPA RESULT-------------------
Epoch 64: Validation	rmse: 15.72	mae: 12.46	mape: 90.46%	acc@10: 48.87%	acc@20: 79.91%	acc@30: 93.84%	
[2023-12-01 05:35:25] INFO (nni/MainThread) Intermediate result: 15.718843312847365  (Index 129)
*** Epoch: 65 ***
-----------------G2R RESULT-------------------

val result: krc:0.81 | lsd:0.568 | ed:0.89 | hr@1:0.72 | hr@2:0.879 | hr@3:0.921 | acc@1:0.72 | acc@2:0.651 | acc@3:0.604 | Best krc: 0.818 | Best epoch: 61
[2023-12-01 05:37:10] INFO (nni/MainThread) Intermediate result: 0.80977132148973  (Index 130)
-----------------ETPA RESULT-------------------
Epoch 65: Validation	rmse: 15.71	mae: 12.45	mape: 90.42%	acc@10: 48.92%	acc@20: 79.94%	acc@30: 93.81%	
[2023-12-01 05:37:10] INFO (nni/MainThread) Intermediate result: 15.712599061777851  (Index 131)
*** Epoch: 66 ***
-----------------G2R RESULT-------------------

val result: krc:0.805 | lsd:0.576 | ed:0.907 | hr@1:0.689 | hr@2:0.879 | hr@3:0.925 | acc@1:0.689 | acc@2:0.626 | acc@3:0.591 | Best krc: 0.818 | Best epoch: 61
[2023-12-01 05:38:54] INFO (nni/MainThread) Intermediate result: 0.8047264779140598  (Index 132)
-----------------ETPA RESULT-------------------
Epoch 66: Validation	rmse: 15.69	mae: 12.43	mape: 90.23%	acc@10: 48.97%	acc@20: 79.98%	acc@30: 93.83%	
[2023-12-01 05:38:54] INFO (nni/MainThread) Intermediate result: 15.692534626665879  (Index 133)
*** Epoch: 67 ***
-----------------G2R RESULT-------------------

val result: krc:0.821 | lsd:0.559 | ed:0.847 | hr@1:0.718 | hr@2:0.884 | hr@3:0.929 | acc@1:0.718 | acc@2:0.654 | acc@3:0.621 | Best krc: 0.818 | Best epoch: 61
best model saved
[2023-12-01 05:40:40] INFO (nni/MainThread) Intermediate result: 0.8214239193250998  (Index 134)
-----------------ETPA RESULT-------------------
Epoch 67: Validation	rmse: 15.67	mae: 12.41	mape: 90.1%	acc@10: 49.05%	acc@20: 80.04%	acc@30: 93.88%	
[2023-12-01 05:40:40] INFO (nni/MainThread) Intermediate result: 15.671020624773224  (Index 135)
*** Epoch: 68 ***
-----------------G2R RESULT-------------------

val result: krc:0.817 | lsd:0.553 | ed:0.877 | hr@1:0.71 | hr@2:0.883 | hr@3:0.923 | acc@1:0.71 | acc@2:0.646 | acc@3:0.603 | Best krc: 0.821 | Best epoch: 67
[2023-12-01 05:42:25] INFO (nni/MainThread) Intermediate result: 0.8172012272493253  (Index 136)
-----------------ETPA RESULT-------------------
Epoch 68: Validation	rmse: 15.65	mae: 12.4	mape: 89.99%	acc@10: 49.13%	acc@20: 80.08%	acc@30: 93.89%	
[2023-12-01 05:42:25] INFO (nni/MainThread) Intermediate result: 15.653226302597712  (Index 137)
*** Epoch: 69 ***
-----------------G2R RESULT-------------------

val result: krc:0.809 | lsd:0.59 | ed:0.907 | hr@1:0.716 | hr@2:0.878 | hr@3:0.919 | acc@1:0.716 | acc@2:0.651 | acc@3:0.606 | Best krc: 0.821 | Best epoch: 67
[2023-12-01 05:44:10] INFO (nni/MainThread) Intermediate result: 0.8089346440373987  (Index 138)
-----------------ETPA RESULT-------------------
Epoch 69: Validation	rmse: 15.62	mae: 12.38	mape: 89.77%	acc@10: 49.16%	acc@20: 80.17%	acc@30: 93.94%	
[2023-12-01 05:44:10] INFO (nni/MainThread) Intermediate result: 15.622984078054035  (Index 139)
*** Epoch: 70 ***
-----------------G2R RESULT-------------------

val result: krc:0.825 | lsd:0.555 | ed:0.851 | hr@1:0.726 | hr@2:0.885 | hr@3:0.925 | acc@1:0.726 | acc@2:0.662 | acc@3:0.622 | Best krc: 0.821 | Best epoch: 67
best model saved
[2023-12-01 05:45:57] INFO (nni/MainThread) Intermediate result: 0.8245662468836933  (Index 140)
-----------------ETPA RESULT-------------------
Epoch 70: Validation	rmse: 15.59	mae: 12.35	mape: 89.46%	acc@10: 49.31%	acc@20: 80.25%	acc@30: 93.99%	
[2023-12-01 05:45:57] INFO (nni/MainThread) Intermediate result: 15.594822485360291  (Index 141)
*** Epoch: 71 ***
-----------------G2R RESULT-------------------

val result: krc:0.818 | lsd:0.568 | ed:0.874 | hr@1:0.732 | hr@2:0.885 | hr@3:0.926 | acc@1:0.732 | acc@2:0.662 | acc@3:0.615 | Best krc: 0.825 | Best epoch: 70
[2023-12-01 05:47:43] INFO (nni/MainThread) Intermediate result: 0.8177685952325218  (Index 142)
-----------------ETPA RESULT-------------------
Epoch 71: Validation	rmse: 15.59	mae: 12.34	mape: 89.29%	acc@10: 49.34%	acc@20: 80.25%	acc@30: 93.99%	
[2023-12-01 05:47:43] INFO (nni/MainThread) Intermediate result: 15.5881702093141  (Index 143)
*** Epoch: 72 ***
-----------------G2R RESULT-------------------

val result: krc:0.823 | lsd:0.544 | ed:0.842 | hr@1:0.724 | hr@2:0.881 | hr@3:0.924 | acc@1:0.724 | acc@2:0.66 | acc@3:0.622 | Best krc: 0.825 | Best epoch: 70
[2023-12-01 05:49:29] INFO (nni/MainThread) Intermediate result: 0.8234919227398457  (Index 144)
-----------------ETPA RESULT-------------------
Epoch 72: Validation	rmse: 15.56	mae: 12.32	mape: 89.06%	acc@10: 49.44%	acc@20: 80.28%	acc@30: 94.03%	
[2023-12-01 05:49:29] INFO (nni/MainThread) Intermediate result: 15.56499111914439  (Index 145)
*** Epoch: 73 ***
-----------------G2R RESULT-------------------

val result: krc:0.803 | lsd:0.584 | ed:0.919 | hr@1:0.708 | hr@2:0.878 | hr@3:0.918 | acc@1:0.708 | acc@2:0.639 | acc@3:0.596 | Best krc: 0.825 | Best epoch: 70
[2023-12-01 05:51:14] INFO (nni/MainThread) Intermediate result: 0.8034989186104182  (Index 146)
-----------------ETPA RESULT-------------------
Epoch 73: Validation	rmse: 15.56	mae: 12.32	mape: 89.01%	acc@10: 49.46%	acc@20: 80.3%	acc@30: 94.03%	
[2023-12-01 05:51:14] INFO (nni/MainThread) Intermediate result: 15.556844198851595  (Index 147)
*** Epoch: 74 ***
-----------------G2R RESULT-------------------

val result: krc:0.823 | lsd:0.584 | ed:0.86 | hr@1:0.741 | hr@2:0.878 | hr@3:0.921 | acc@1:0.741 | acc@2:0.659 | acc@3:0.623 | Best krc: 0.825 | Best epoch: 70
[2023-12-01 05:52:58] INFO (nni/MainThread) Intermediate result: 0.8229947160161414  (Index 148)
-----------------ETPA RESULT-------------------
Epoch 74: Validation	rmse: 15.54	mae: 12.3	mape: 88.88%	acc@10: 49.53%	acc@20: 80.32%	acc@30: 94.05%	
[2023-12-01 05:52:58] INFO (nni/MainThread) Intermediate result: 15.542516142798297  (Index 149)
*** Epoch: 75 ***
-----------------G2R RESULT-------------------

val result: krc:0.819 | lsd:0.566 | ed:0.847 | hr@1:0.726 | hr@2:0.881 | hr@3:0.926 | acc@1:0.726 | acc@2:0.655 | acc@3:0.619 | Best krc: 0.825 | Best epoch: 70
[2023-12-01 05:54:44] INFO (nni/MainThread) Intermediate result: 0.8187022878496425  (Index 150)
-----------------ETPA RESULT-------------------
Epoch 75: Validation	rmse: 15.52	mae: 12.29	mape: 88.67%	acc@10: 49.62%	acc@20: 80.35%	acc@30: 94.09%	
[2023-12-01 05:54:44] INFO (nni/MainThread) Intermediate result: 15.522144887921424  (Index 151)
*** Epoch: 76 ***
-----------------G2R RESULT-------------------

val result: krc:0.808 | lsd:0.582 | ed:0.889 | hr@1:0.697 | hr@2:0.882 | hr@3:0.922 | acc@1:0.697 | acc@2:0.639 | acc@3:0.602 | Best krc: 0.825 | Best epoch: 70
[2023-12-01 05:56:29] INFO (nni/MainThread) Intermediate result: 0.8075099743573727  (Index 152)
-----------------ETPA RESULT-------------------
Epoch 76: Validation	rmse: 15.51	mae: 12.27	mape: 88.51%	acc@10: 49.68%	acc@20: 80.36%	acc@30: 94.13%	
[2023-12-01 05:56:29] INFO (nni/MainThread) Intermediate result: 15.505895092164277  (Index 153)
*** Epoch: 77 ***
-----------------G2R RESULT-------------------

val result: krc:0.819 | lsd:0.559 | ed:0.861 | hr@1:0.714 | hr@2:0.883 | hr@3:0.926 | acc@1:0.714 | acc@2:0.648 | acc@3:0.612 | Best krc: 0.825 | Best epoch: 70
[2023-12-01 05:58:15] INFO (nni/MainThread) Intermediate result: 0.8188574689492923  (Index 154)
-----------------ETPA RESULT-------------------
Epoch 77: Validation	rmse: 15.49	mae: 12.26	mape: 88.33%	acc@10: 49.76%	acc@20: 80.38%	acc@30: 94.17%	
[2023-12-01 05:58:15] INFO (nni/MainThread) Intermediate result: 15.489489280752624  (Index 155)
*** Epoch: 78 ***
-----------------G2R RESULT-------------------

val result: krc:0.818 | lsd:0.572 | ed:0.877 | hr@1:0.728 | hr@2:0.881 | hr@3:0.924 | acc@1:0.728 | acc@2:0.654 | acc@3:0.615 | Best krc: 0.825 | Best epoch: 70
[2023-12-01 06:00:01] INFO (nni/MainThread) Intermediate result: 0.8177337964307795  (Index 156)
-----------------ETPA RESULT-------------------
Epoch 78: Validation	rmse: 15.48	mae: 12.25	mape: 88.18%	acc@10: 49.82%	acc@20: 80.42%	acc@30: 94.16%	
[2023-12-01 06:00:01] INFO (nni/MainThread) Intermediate result: 15.477905101897585  (Index 157)
*** Epoch: 79 ***
-----------------G2R RESULT-------------------

val result: krc:0.819 | lsd:0.559 | ed:0.85 | hr@1:0.721 | hr@2:0.883 | hr@3:0.925 | acc@1:0.721 | acc@2:0.655 | acc@3:0.617 | Best krc: 0.825 | Best epoch: 70
[2023-12-01 06:01:47] INFO (nni/MainThread) Intermediate result: 0.8194304379000487  (Index 158)
-----------------ETPA RESULT-------------------
Epoch 79: Validation	rmse: 15.47	mae: 12.24	mape: 88.03%	acc@10: 49.89%	acc@20: 80.44%	acc@30: 94.16%	
[2023-12-01 06:01:47] INFO (nni/MainThread) Intermediate result: 15.468332268386021  (Index 159)
*** Epoch: 80 ***
-----------------G2R RESULT-------------------

val result: krc:0.82 | lsd:0.593 | ed:0.868 | hr@1:0.727 | hr@2:0.873 | hr@3:0.925 | acc@1:0.727 | acc@2:0.65 | acc@3:0.618 | Best krc: 0.825 | Best epoch: 70
[2023-12-01 06:03:33] INFO (nni/MainThread) Intermediate result: 0.8195772000756698  (Index 160)
-----------------ETPA RESULT-------------------
Epoch 80: Validation	rmse: 15.45	mae: 12.22	mape: 87.87%	acc@10: 49.94%	acc@20: 80.47%	acc@30: 94.17%	
[2023-12-01 06:03:33] INFO (nni/MainThread) Intermediate result: 15.453115848447052  (Index 161)
*** Epoch: 81 ***
-----------------G2R RESULT-------------------

val result: krc:0.822 | lsd:0.552 | ed:0.858 | hr@1:0.722 | hr@2:0.887 | hr@3:0.929 | acc@1:0.722 | acc@2:0.657 | acc@3:0.62 | Best krc: 0.825 | Best epoch: 70
[2023-12-01 06:05:17] INFO (nni/MainThread) Intermediate result: 0.8224406343951599  (Index 162)
-----------------ETPA RESULT-------------------
Epoch 81: Validation	rmse: 15.44	mae: 12.21	mape: 87.69%	acc@10: 50.02%	acc@20: 80.49%	acc@30: 94.21%	
[2023-12-01 06:05:17] INFO (nni/MainThread) Intermediate result: 15.43656244893941  (Index 163)
*** Epoch: 82 ***
-----------------G2R RESULT-------------------

val result: krc:0.806 | lsd:0.619 | ed:0.9 | hr@1:0.724 | hr@2:0.875 | hr@3:0.922 | acc@1:0.724 | acc@2:0.646 | acc@3:0.609 | Best krc: 0.825 | Best epoch: 70
[2023-12-01 06:07:02] INFO (nni/MainThread) Intermediate result: 0.8055541818462676  (Index 164)
-----------------ETPA RESULT-------------------
Epoch 82: Validation	rmse: 15.42	mae: 12.2	mape: 87.53%	acc@10: 50.07%	acc@20: 80.54%	acc@30: 94.23%	
[2023-12-01 06:07:02] INFO (nni/MainThread) Intermediate result: 15.418937431624675  (Index 165)
*** Epoch: 83 ***
-----------------G2R RESULT-------------------

val result: krc:0.823 | lsd:0.566 | ed:0.841 | hr@1:0.727 | hr@2:0.885 | hr@3:0.926 | acc@1:0.727 | acc@2:0.663 | acc@3:0.629 | Best krc: 0.825 | Best epoch: 70
[2023-12-01 06:08:48] INFO (nni/MainThread) Intermediate result: 0.8230405562631187  (Index 166)
-----------------ETPA RESULT-------------------
Epoch 83: Validation	rmse: 15.41	mae: 12.19	mape: 87.45%	acc@10: 50.08%	acc@20: 80.56%	acc@30: 94.26%	
[2023-12-01 06:08:48] INFO (nni/MainThread) Intermediate result: 15.40564900629827  (Index 167)
*** Epoch: 84 ***
-----------------G2R RESULT-------------------

val result: krc:0.819 | lsd:0.578 | ed:0.855 | hr@1:0.724 | hr@2:0.882 | hr@3:0.927 | acc@1:0.724 | acc@2:0.655 | acc@3:0.622 | Best krc: 0.825 | Best epoch: 70
[2023-12-01 06:10:33] INFO (nni/MainThread) Intermediate result: 0.8186131476905417  (Index 168)
-----------------ETPA RESULT-------------------
Epoch 84: Validation	rmse: 15.39	mae: 12.18	mape: 87.36%	acc@10: 50.13%	acc@20: 80.58%	acc@30: 94.28%	
[2023-12-01 06:10:33] INFO (nni/MainThread) Intermediate result: 15.394154876592443  (Index 169)
*** Epoch: 85 ***
-----------------G2R RESULT-------------------

val result: krc:0.822 | lsd:0.585 | ed:0.843 | hr@1:0.728 | hr@2:0.88 | hr@3:0.925 | acc@1:0.728 | acc@2:0.659 | acc@3:0.624 | Best krc: 0.825 | Best epoch: 70
[2023-12-01 06:12:17] INFO (nni/MainThread) Intermediate result: 0.8219528606585886  (Index 170)
-----------------ETPA RESULT-------------------
Epoch 85: Validation	rmse: 15.38	mae: 12.17	mape: 87.21%	acc@10: 50.19%	acc@20: 80.59%	acc@30: 94.32%	
[2023-12-01 06:12:18] INFO (nni/MainThread) Intermediate result: 15.379908131270371  (Index 171)
*** Epoch: 86 ***
-----------------G2R RESULT-------------------

val result: krc:0.815 | lsd:0.559 | ed:0.845 | hr@1:0.718 | hr@2:0.885 | hr@3:0.927 | acc@1:0.718 | acc@2:0.657 | acc@3:0.622 | Best krc: 0.825 | Best epoch: 70
[2023-12-01 06:14:04] INFO (nni/MainThread) Intermediate result: 0.8154979358040135  (Index 172)
-----------------ETPA RESULT-------------------
Epoch 86: Validation	rmse: 15.37	mae: 12.16	mape: 87.11%	acc@10: 50.23%	acc@20: 80.62%	acc@30: 94.32%	
[2023-12-01 06:14:04] INFO (nni/MainThread) Intermediate result: 15.369016287085246  (Index 173)
*** Epoch: 87 ***
-----------------G2R RESULT-------------------

val result: krc:0.822 | lsd:0.565 | ed:0.843 | hr@1:0.727 | hr@2:0.882 | hr@3:0.927 | acc@1:0.727 | acc@2:0.655 | acc@3:0.621 | Best krc: 0.825 | Best epoch: 70
[2023-12-01 06:15:50] INFO (nni/MainThread) Intermediate result: 0.8224973491261204  (Index 174)
-----------------ETPA RESULT-------------------
Epoch 87: Validation	rmse: 15.35	mae: 12.14	mape: 86.93%	acc@10: 50.28%	acc@20: 80.66%	acc@30: 94.36%	
[2023-12-01 06:15:50] INFO (nni/MainThread) Intermediate result: 15.351483103585663  (Index 175)
*** Epoch: 88 ***
-----------------G2R RESULT-------------------

val result: krc:0.818 | lsd:0.58 | ed:0.85 | hr@1:0.715 | hr@2:0.881 | hr@3:0.924 | acc@1:0.715 | acc@2:0.653 | acc@3:0.618 | Best krc: 0.825 | Best epoch: 70
[2023-12-01 06:17:34] INFO (nni/MainThread) Intermediate result: 0.8183479520689838  (Index 176)
-----------------ETPA RESULT-------------------
Epoch 88: Validation	rmse: 15.33	mae: 12.12	mape: 86.71%	acc@10: 50.35%	acc@20: 80.7%	acc@30: 94.38%	
[2023-12-01 06:17:34] INFO (nni/MainThread) Intermediate result: 15.331668869350445  (Index 177)
*** Epoch: 89 ***
-----------------G2R RESULT-------------------

val result: krc:0.812 | lsd:0.581 | ed:0.889 | hr@1:0.717 | hr@2:0.876 | hr@3:0.92 | acc@1:0.717 | acc@2:0.646 | acc@3:0.606 | Best krc: 0.825 | Best epoch: 70
[2023-12-01 06:19:23] INFO (nni/MainThread) Intermediate result: 0.8115070328625206  (Index 178)
-----------------ETPA RESULT-------------------
Epoch 89: Validation	rmse: 15.32	mae: 12.11	mape: 86.55%	acc@10: 50.4%	acc@20: 80.74%	acc@30: 94.41%	
[2023-12-01 06:19:23] INFO (nni/MainThread) Intermediate result: 15.315793735155145  (Index 179)
*** Epoch: 90 ***
-----------------G2R RESULT-------------------

val result: krc:0.817 | lsd:0.585 | ed:0.857 | hr@1:0.731 | hr@2:0.872 | hr@3:0.926 | acc@1:0.731 | acc@2:0.652 | acc@3:0.623 | Best krc: 0.825 | Best epoch: 70
[2023-12-01 06:21:11] INFO (nni/MainThread) Intermediate result: 0.8174356004001829  (Index 180)
-----------------ETPA RESULT-------------------
Epoch 90: Validation	rmse: 15.3	mae: 12.1	mape: 86.32%	acc@10: 50.46%	acc@20: 80.76%	acc@30: 94.43%	
[2023-12-01 06:21:11] INFO (nni/MainThread) Intermediate result: 15.302476032513194  (Index 181)
loaded model path: /home/sentanoe/joint_training/data/dataset/food_pd/sort_model/hidden_size-8.gcnru-pd_1701398552.5412951701398552.5413074
best model loaded !!!
krc:0.809 | lsd:0.437 | ed:0.907 | hr@1:0.722 | hr@2:0.906 | hr@3:0.943 | acc@1:0.722 | acc@2:0.656 | acc@3:0.601 |

-------------------------------------------------------------
Best epoch for G2R:  70
Best epoch for ETPA:  90
graph2route_pd Evaluation in test: krc:0.809 | lsd:0.437 | ed:0.907 | hr@1:0.722 | hr@2:0.906 | hr@3:0.943 | acc@1:0.722 | acc@2:0.656 | acc@3:0.601 |
RankPETA Evaluation in test: rmse: 11.74	mae: 9.14	mape: 66.48%	acc@10: 64.14%	acc@20: 92.41%	acc@30: 97.47%	
