Device:  cuda
{'alpha_loss': 0.5,
 'batch_size': 64,
 'dataset': 'food_pd',
 'datatype': 'order',
 'device': device(type='cuda'),
 'early_stop': 20,
 'edge_fea_dim': 5,
 'embedding_dim': 32,
 'eval_end_1': 11,
 'eval_end_2': 25,
 'eval_start': 1,
 'gcn_num_layers': 2,
 'hidden_size': 8,
 'is_eval': False,
 'is_test': False,
 'k_min_nodes': 3,
 'k_nearest_neighbors': 'n-1',
 'lr': 0.001,
 'max_task_num': 25,
 'min_task_num': 0,
 'modelArrivalTime': 'RankPETA',
 'modelRoute': 'graph2route_pd',
 'no_cuda': False,
 'node_fea_dim': 8,
 'node_features_test': '/home/sentanoe/joint_training/data/dataset/food_pd/node_features_test_full.npy',
 'node_features_train': '/home/sentanoe/joint_training/data/dataset/food_pd/node_features_train_full.npy',
 'node_features_val': '/home/sentanoe/joint_training/data/dataset/food_pd/node_features_val_full.npy',
 'num_block': 4,
 'num_epoch': 1000,
 'num_head': 2,
 'num_worker_logistics': 2346,
 'num_worker_pd': 920,
 'pad_value': 26,
 'seed': 1000,
 'sort_mode': 'true_idx',
 'spatial_encoder': 'gatv2',
 'temporal_encoder': 'tft',
 'test_path': '/home/sentanoe/joint_training/data/dataset/food_pd/test_full.npy',
 'train_mode': 'sort',
 'train_path': '/home/sentanoe/joint_training/data/dataset/food_pd/train_full.npy',
 'val_path': '/home/sentanoe/joint_training/data/dataset/food_pd/val_full.npy',
 'wd': 1e-05,
 'worker_emb_dim': 10,
 'workers': 2}
last_x_size:13;unpick_x_size:12;input_size:38
#train:2521 | #val:1257 | #test:1261
*** Epoch: 0 ***
-----------------G2R RESULT-------------------

val result: krc:0.76 | lsd:0.708 | ed:1.044 | hr@1:0.64 | hr@2:0.855 | hr@3:0.898 | acc@1:0.64 | acc@2:0.581 | acc@3:0.535 | Best krc: -1 | Best epoch: -1
best model saved
[2023-11-29 15:41:11] INFO (nni/MainThread) Intermediate result: 0.76002027026076  (Index 0)
-----------------ETPA RESULT-------------------
Epoch 0: Validation	rmse: 32.18	mae: 24.89	mape: 48.45%	acc@10: 25.0%	acc@20: 40.62%	acc@30: 75.0%	
[2023-11-29 15:41:11] INFO (nni/MainThread) Intermediate result: 32.18140112122218  (Index 1)
*** Epoch: 1 ***
-----------------G2R RESULT-------------------

val result: krc:0.756 | lsd:0.729 | ed:1.03 | hr@1:0.642 | hr@2:0.853 | hr@3:0.898 | acc@1:0.642 | acc@2:0.576 | acc@3:0.531 | Best krc: 0.76 | Best epoch: 0
[2023-11-29 15:42:59] INFO (nni/MainThread) Intermediate result: 0.7562960675334965  (Index 2)
-----------------ETPA RESULT-------------------
Epoch 1: Validation	rmse: 29.47	mae: 22.03	mape: 42.88%	acc@10: 28.12%	acc@20: 59.38%	acc@30: 81.25%	
[2023-11-29 15:42:59] INFO (nni/MainThread) Intermediate result: 29.46988794360625  (Index 3)
*** Epoch: 2 ***
-----------------G2R RESULT-------------------

val result: krc:0.762 | lsd:0.711 | ed:1.016 | hr@1:0.637 | hr@2:0.856 | hr@3:0.906 | acc@1:0.637 | acc@2:0.572 | acc@3:0.532 | Best krc: 0.76 | Best epoch: 0
best model saved
[2023-11-29 15:44:46] INFO (nni/MainThread) Intermediate result: 0.7615292404885758  (Index 4)
-----------------ETPA RESULT-------------------
Epoch 2: Validation	rmse: 28.81	mae: 21.07	mape: 41.59%	acc@10: 30.21%	acc@20: 64.58%	acc@30: 81.25%	
[2023-11-29 15:44:46] INFO (nni/MainThread) Intermediate result: 28.80615730478176  (Index 5)
*** Epoch: 3 ***
-----------------G2R RESULT-------------------

val result: krc:0.761 | lsd:0.717 | ed:1.031 | hr@1:0.629 | hr@2:0.854 | hr@3:0.904 | acc@1:0.629 | acc@2:0.568 | acc@3:0.526 | Best krc: 0.762 | Best epoch: 2
[2023-11-29 15:46:32] INFO (nni/MainThread) Intermediate result: 0.7614353354624451  (Index 6)
-----------------ETPA RESULT-------------------
Epoch 3: Validation	rmse: 27.58	mae: 19.8	mape: 39.01%	acc@10: 32.03%	acc@20: 68.75%	acc@30: 82.81%	
[2023-11-29 15:46:32] INFO (nni/MainThread) Intermediate result: 27.58015340401938  (Index 7)
*** Epoch: 4 ***
-----------------G2R RESULT-------------------

val result: krc:0.76 | lsd:0.712 | ed:1.031 | hr@1:0.629 | hr@2:0.857 | hr@3:0.906 | acc@1:0.629 | acc@2:0.565 | acc@3:0.525 | Best krc: 0.762 | Best epoch: 2
[2023-11-29 15:48:18] INFO (nni/MainThread) Intermediate result: 0.7595530431122911  (Index 8)
-----------------ETPA RESULT-------------------
Epoch 4: Validation	rmse: 26.79	mae: 19.2	mape: 37.93%	acc@10: 31.87%	acc@20: 70.62%	acc@30: 85.0%	
[2023-11-29 15:48:18] INFO (nni/MainThread) Intermediate result: 26.78794579298974  (Index 9)
*** Epoch: 5 ***
-----------------G2R RESULT-------------------

val result: krc:0.773 | lsd:0.665 | ed:0.988 | hr@1:0.643 | hr@2:0.864 | hr@3:0.91 | acc@1:0.643 | acc@2:0.583 | acc@3:0.545 | Best krc: 0.762 | Best epoch: 2
best model saved
[2023-11-29 15:50:05] INFO (nni/MainThread) Intermediate result: 0.7725788946514789  (Index 10)
-----------------ETPA RESULT-------------------
Epoch 5: Validation	rmse: 25.93	mae: 18.52	mape: 37.4%	acc@10: 35.42%	acc@20: 71.88%	acc@30: 84.9%	
[2023-11-29 15:50:05] INFO (nni/MainThread) Intermediate result: 25.92643390224865  (Index 11)
*** Epoch: 6 ***
-----------------G2R RESULT-------------------

val result: krc:0.772 | lsd:0.675 | ed:0.982 | hr@1:0.64 | hr@2:0.861 | hr@3:0.909 | acc@1:0.64 | acc@2:0.583 | acc@3:0.544 | Best krc: 0.773 | Best epoch: 5
[2023-11-29 15:51:51] INFO (nni/MainThread) Intermediate result: 0.7716792339791902  (Index 12)
-----------------ETPA RESULT-------------------
Epoch 6: Validation	rmse: 25.17	mae: 17.96	mape: 36.55%	acc@10: 37.5%	acc@20: 72.32%	acc@30: 85.71%	
[2023-11-29 15:51:51] INFO (nni/MainThread) Intermediate result: 25.167853720975675  (Index 13)
*** Epoch: 7 ***
-----------------G2R RESULT-------------------

val result: krc:0.759 | lsd:0.729 | ed:1.031 | hr@1:0.632 | hr@2:0.86 | hr@3:0.904 | acc@1:0.632 | acc@2:0.572 | acc@3:0.529 | Best krc: 0.773 | Best epoch: 5
[2023-11-29 15:53:38] INFO (nni/MainThread) Intermediate result: 0.7593153132637174  (Index 14)
-----------------ETPA RESULT-------------------
Epoch 7: Validation	rmse: 24.61	mae: 17.43	mape: 35.79%	acc@10: 39.45%	acc@20: 73.05%	acc@30: 86.72%	
[2023-11-29 15:53:38] INFO (nni/MainThread) Intermediate result: 24.60886790808409  (Index 15)
*** Epoch: 8 ***
-----------------G2R RESULT-------------------

val result: krc:0.775 | lsd:0.701 | ed:0.979 | hr@1:0.643 | hr@2:0.865 | hr@3:0.907 | acc@1:0.643 | acc@2:0.581 | acc@3:0.541 | Best krc: 0.773 | Best epoch: 5
best model saved
[2023-11-29 15:55:24] INFO (nni/MainThread) Intermediate result: 0.7749738146677367  (Index 16)
-----------------ETPA RESULT-------------------
Epoch 8: Validation	rmse: 24.21	mae: 17.19	mape: 35.93%	acc@10: 39.58%	acc@20: 72.92%	acc@30: 86.81%	
[2023-11-29 15:55:24] INFO (nni/MainThread) Intermediate result: 24.214204963676725  (Index 17)
*** Epoch: 9 ***
-----------------G2R RESULT-------------------

val result: krc:0.78 | lsd:0.689 | ed:0.961 | hr@1:0.665 | hr@2:0.865 | hr@3:0.91 | acc@1:0.665 | acc@2:0.601 | acc@3:0.561 | Best krc: 0.775 | Best epoch: 8
best model saved
[2023-11-29 15:57:11] INFO (nni/MainThread) Intermediate result: 0.7796367359987822  (Index 18)
-----------------ETPA RESULT-------------------
Epoch 9: Validation	rmse: 23.79	mae: 16.91	mape: 35.72%	acc@10: 40.62%	acc@20: 73.44%	acc@30: 87.19%	
[2023-11-29 15:57:11] INFO (nni/MainThread) Intermediate result: 23.787698655234813  (Index 19)
*** Epoch: 10 ***
-----------------G2R RESULT-------------------

val result: krc:0.773 | lsd:0.677 | ed:0.996 | hr@1:0.645 | hr@2:0.868 | hr@3:0.912 | acc@1:0.645 | acc@2:0.584 | acc@3:0.546 | Best krc: 0.78 | Best epoch: 9
[2023-11-29 15:58:58] INFO (nni/MainThread) Intermediate result: 0.7733435221760538  (Index 20)
-----------------ETPA RESULT-------------------
Epoch 10: Validation	rmse: 23.65	mae: 16.96	mape: 36.3%	acc@10: 40.62%	acc@20: 72.73%	acc@30: 87.5%	
[2023-11-29 15:58:58] INFO (nni/MainThread) Intermediate result: 23.653808325819455  (Index 21)
*** Epoch: 11 ***
-----------------G2R RESULT-------------------

val result: krc:0.784 | lsd:0.667 | ed:0.948 | hr@1:0.655 | hr@2:0.867 | hr@3:0.916 | acc@1:0.655 | acc@2:0.596 | acc@3:0.558 | Best krc: 0.78 | Best epoch: 9
best model saved
[2023-11-29 16:00:46] INFO (nni/MainThread) Intermediate result: 0.7840068309154448  (Index 22)
-----------------ETPA RESULT-------------------
Epoch 11: Validation	rmse: 23.24	mae: 16.68	mape: 35.76%	acc@10: 41.67%	acc@20: 73.44%	acc@30: 88.02%	
[2023-11-29 16:00:46] INFO (nni/MainThread) Intermediate result: 23.243015049709076  (Index 23)
*** Epoch: 12 ***
-----------------G2R RESULT-------------------

val result: krc:0.774 | lsd:0.665 | ed:0.991 | hr@1:0.659 | hr@2:0.864 | hr@3:0.909 | acc@1:0.659 | acc@2:0.596 | acc@3:0.552 | Best krc: 0.784 | Best epoch: 11
[2023-11-29 16:02:32] INFO (nni/MainThread) Intermediate result: 0.774208577216885  (Index 24)
-----------------ETPA RESULT-------------------
Epoch 12: Validation	rmse: 23.0	mae: 16.67	mape: 36.06%	acc@10: 40.87%	acc@20: 72.84%	acc@30: 88.46%	
[2023-11-29 16:02:32] INFO (nni/MainThread) Intermediate result: 23.004489242872644  (Index 25)
*** Epoch: 13 ***
-----------------G2R RESULT-------------------

val result: krc:0.802 | lsd:0.618 | ed:0.908 | hr@1:0.701 | hr@2:0.875 | hr@3:0.92 | acc@1:0.701 | acc@2:0.634 | acc@3:0.593 | Best krc: 0.784 | Best epoch: 11
best model saved
[2023-11-29 16:04:19] INFO (nni/MainThread) Intermediate result: 0.8024275777664496  (Index 26)
-----------------ETPA RESULT-------------------
Epoch 13: Validation	rmse: 22.74	mae: 16.5	mape: 35.93%	acc@10: 41.29%	acc@20: 73.21%	acc@30: 88.84%	
[2023-11-29 16:04:19] INFO (nni/MainThread) Intermediate result: 22.736928107642164  (Index 27)
*** Epoch: 14 ***
-----------------G2R RESULT-------------------

val result: krc:0.794 | lsd:0.608 | ed:0.924 | hr@1:0.676 | hr@2:0.871 | hr@3:0.918 | acc@1:0.676 | acc@2:0.616 | acc@3:0.583 | Best krc: 0.802 | Best epoch: 13
[2023-11-29 16:06:06] INFO (nni/MainThread) Intermediate result: 0.7935166655236616  (Index 28)
-----------------ETPA RESULT-------------------
Epoch 14: Validation	rmse: 22.45	mae: 16.35	mape: 35.83%	acc@10: 41.67%	acc@20: 73.33%	acc@30: 89.17%	
[2023-11-29 16:06:06] INFO (nni/MainThread) Intermediate result: 22.448797115073628  (Index 29)
*** Epoch: 15 ***
-----------------G2R RESULT-------------------

val result: krc:0.812 | lsd:0.604 | ed:0.873 | hr@1:0.728 | hr@2:0.873 | hr@3:0.92 | acc@1:0.728 | acc@2:0.652 | acc@3:0.613 | Best krc: 0.802 | Best epoch: 13
best model saved
[2023-11-29 16:07:55] INFO (nni/MainThread) Intermediate result: 0.8123730259279014  (Index 30)
-----------------ETPA RESULT-------------------
Epoch 15: Validation	rmse: 22.17	mae: 16.22	mape: 35.7%	acc@10: 41.6%	acc@20: 73.63%	acc@30: 89.45%	
[2023-11-29 16:07:55] INFO (nni/MainThread) Intermediate result: 22.17181141054737  (Index 31)
*** Epoch: 16 ***
-----------------G2R RESULT-------------------

val result: krc:0.807 | lsd:0.623 | ed:0.896 | hr@1:0.715 | hr@2:0.877 | hr@3:0.917 | acc@1:0.715 | acc@2:0.651 | acc@3:0.61 | Best krc: 0.812 | Best epoch: 15
[2023-11-29 16:09:41] INFO (nni/MainThread) Intermediate result: 0.807241536581283  (Index 32)
-----------------ETPA RESULT-------------------
Epoch 16: Validation	rmse: 21.92	mae: 16.13	mape: 35.63%	acc@10: 41.36%	acc@20: 74.08%	acc@30: 89.71%	
[2023-11-29 16:09:41] INFO (nni/MainThread) Intermediate result: 21.91716116065292  (Index 33)
*** Epoch: 17 ***
-----------------G2R RESULT-------------------

val result: krc:0.794 | lsd:0.665 | ed:0.926 | hr@1:0.72 | hr@2:0.862 | hr@3:0.916 | acc@1:0.72 | acc@2:0.629 | acc@3:0.59 | Best krc: 0.812 | Best epoch: 15
[2023-11-29 16:11:27] INFO (nni/MainThread) Intermediate result: 0.7944825379805703  (Index 34)
-----------------ETPA RESULT-------------------
Epoch 17: Validation	rmse: 21.71	mae: 16.02	mape: 35.46%	acc@10: 40.8%	acc@20: 74.48%	acc@30: 89.93%	
[2023-11-29 16:11:27] INFO (nni/MainThread) Intermediate result: 21.705012229331484  (Index 35)
*** Epoch: 18 ***
-----------------G2R RESULT-------------------

val result: krc:0.805 | lsd:0.615 | ed:0.906 | hr@1:0.72 | hr@2:0.876 | hr@3:0.922 | acc@1:0.72 | acc@2:0.644 | acc@3:0.603 | Best krc: 0.812 | Best epoch: 15
[2023-11-29 16:13:13] INFO (nni/MainThread) Intermediate result: 0.8048705596497463  (Index 36)
-----------------ETPA RESULT-------------------
Epoch 18: Validation	rmse: 21.42	mae: 15.85	mape: 35.19%	acc@10: 41.12%	acc@20: 75.0%	acc@30: 90.13%	
[2023-11-29 16:13:13] INFO (nni/MainThread) Intermediate result: 21.417060307716078  (Index 37)
*** Epoch: 19 ***
-----------------G2R RESULT-------------------

val result: krc:0.807 | lsd:0.607 | ed:0.895 | hr@1:0.714 | hr@2:0.875 | hr@3:0.924 | acc@1:0.714 | acc@2:0.641 | acc@3:0.599 | Best krc: 0.812 | Best epoch: 15
[2023-11-29 16:15:00] INFO (nni/MainThread) Intermediate result: 0.8069113907679714  (Index 38)
-----------------ETPA RESULT-------------------
Epoch 19: Validation	rmse: 21.22	mae: 15.79	mape: 35.12%	acc@10: 41.09%	acc@20: 75.16%	acc@30: 90.31%	
[2023-11-29 16:15:00] INFO (nni/MainThread) Intermediate result: 21.222375031188655  (Index 39)
*** Epoch: 20 ***
-----------------G2R RESULT-------------------

val result: krc:0.796 | lsd:0.682 | ed:0.945 | hr@1:0.72 | hr@2:0.869 | hr@3:0.915 | acc@1:0.72 | acc@2:0.644 | acc@3:0.594 | Best krc: 0.812 | Best epoch: 15
[2023-11-29 16:16:47] INFO (nni/MainThread) Intermediate result: 0.7955555299936585  (Index 40)
-----------------ETPA RESULT-------------------
Epoch 20: Validation	rmse: 20.93	mae: 15.6	mape: 34.83%	acc@10: 41.67%	acc@20: 75.6%	acc@30: 90.48%	
[2023-11-29 16:16:47] INFO (nni/MainThread) Intermediate result: 20.93446863844652  (Index 41)
*** Epoch: 21 ***
-----------------G2R RESULT-------------------

val result: krc:0.804 | lsd:0.588 | ed:0.901 | hr@1:0.702 | hr@2:0.878 | hr@3:0.923 | acc@1:0.702 | acc@2:0.631 | acc@3:0.598 | Best krc: 0.812 | Best epoch: 15
[2023-11-29 16:18:35] INFO (nni/MainThread) Intermediate result: 0.8036889053067453  (Index 42)
-----------------ETPA RESULT-------------------
Epoch 21: Validation	rmse: 20.74	mae: 15.49	mape: 34.64%	acc@10: 42.05%	acc@20: 75.85%	acc@30: 90.62%	
[2023-11-29 16:18:35] INFO (nni/MainThread) Intermediate result: 20.74351380216357  (Index 43)
*** Epoch: 22 ***
-----------------G2R RESULT-------------------

val result: krc:0.808 | lsd:0.642 | ed:0.906 | hr@1:0.732 | hr@2:0.876 | hr@3:0.92 | acc@1:0.732 | acc@2:0.652 | acc@3:0.608 | Best krc: 0.812 | Best epoch: 15
[2023-11-29 16:20:21] INFO (nni/MainThread) Intermediate result: 0.8081233320761086  (Index 44)
-----------------ETPA RESULT-------------------
Epoch 22: Validation	rmse: 20.53	mae: 15.38	mape: 34.47%	acc@10: 42.26%	acc@20: 76.22%	acc@30: 90.76%	
[2023-11-29 16:20:21] INFO (nni/MainThread) Intermediate result: 20.534865315241486  (Index 45)
*** Epoch: 23 ***
-----------------G2R RESULT-------------------

val result: krc:0.812 | lsd:0.61 | ed:0.895 | hr@1:0.723 | hr@2:0.877 | hr@3:0.924 | acc@1:0.723 | acc@2:0.647 | acc@3:0.61 | Best krc: 0.812 | Best epoch: 15
[2023-11-29 16:22:08] INFO (nni/MainThread) Intermediate result: 0.8117836785960967  (Index 46)
-----------------ETPA RESULT-------------------
Epoch 23: Validation	rmse: 20.43	mae: 15.33	mape: 34.48%	acc@10: 42.32%	acc@20: 76.43%	acc@30: 90.76%	
[2023-11-29 16:22:08] INFO (nni/MainThread) Intermediate result: 20.427246408991156  (Index 47)
*** Epoch: 24 ***
-----------------G2R RESULT-------------------

val result: krc:0.806 | lsd:0.602 | ed:0.905 | hr@1:0.714 | hr@2:0.879 | hr@3:0.924 | acc@1:0.714 | acc@2:0.64 | acc@3:0.601 | Best krc: 0.812 | Best epoch: 15
[2023-11-29 16:23:57] INFO (nni/MainThread) Intermediate result: 0.8063959053464955  (Index 48)
-----------------ETPA RESULT-------------------
Epoch 24: Validation	rmse: 20.34	mae: 15.31	mape: 34.41%	acc@10: 42.12%	acc@20: 76.25%	acc@30: 90.62%	
[2023-11-29 16:23:57] INFO (nni/MainThread) Intermediate result: 20.340780115771672  (Index 49)
*** Epoch: 25 ***
-----------------G2R RESULT-------------------

val result: krc:0.806 | lsd:0.69 | ed:0.916 | hr@1:0.737 | hr@2:0.868 | hr@3:0.916 | acc@1:0.737 | acc@2:0.647 | acc@3:0.612 | Best krc: 0.812 | Best epoch: 15
[2023-11-29 16:25:50] INFO (nni/MainThread) Intermediate result: 0.8058645899922683  (Index 50)
-----------------ETPA RESULT-------------------
Epoch 25: Validation	rmse: 20.33	mae: 15.36	mape: 34.59%	acc@10: 41.71%	acc@20: 75.96%	acc@30: 90.38%	
[2023-11-29 16:25:50] INFO (nni/MainThread) Intermediate result: 20.32743631775949  (Index 51)
*** Epoch: 26 ***
-----------------G2R RESULT-------------------

val result: krc:0.808 | lsd:0.604 | ed:0.897 | hr@1:0.701 | hr@2:0.883 | hr@3:0.926 | acc@1:0.701 | acc@2:0.637 | acc@3:0.599 | Best krc: 0.812 | Best epoch: 15
[2023-11-29 16:27:42] INFO (nni/MainThread) Intermediate result: 0.8080507615269311  (Index 52)
-----------------ETPA RESULT-------------------
Epoch 26: Validation	rmse: 20.15	mae: 15.28	mape: 34.41%	acc@10: 41.9%	acc@20: 76.16%	acc@30: 90.62%	
[2023-11-29 16:27:42] INFO (nni/MainThread) Intermediate result: 20.152666241980107  (Index 53)
*** Epoch: 27 ***
-----------------G2R RESULT-------------------

val result: krc:0.81 | lsd:0.621 | ed:0.88 | hr@1:0.72 | hr@2:0.88 | hr@3:0.927 | acc@1:0.72 | acc@2:0.648 | acc@3:0.613 | Best krc: 0.812 | Best epoch: 15
[2023-11-29 16:29:37] INFO (nni/MainThread) Intermediate result: 0.8101522604102402  (Index 54)
-----------------ETPA RESULT-------------------
Epoch 27: Validation	rmse: 20.03	mae: 15.23	mape: 34.4%	acc@10: 41.74%	acc@20: 76.34%	acc@30: 90.74%	
[2023-11-29 16:29:37] INFO (nni/MainThread) Intermediate result: 20.0336392879289  (Index 55)
*** Epoch: 28 ***
-----------------G2R RESULT-------------------

val result: krc:0.807 | lsd:0.624 | ed:0.887 | hr@1:0.708 | hr@2:0.879 | hr@3:0.925 | acc@1:0.708 | acc@2:0.641 | acc@3:0.606 | Best krc: 0.812 | Best epoch: 15
[2023-11-29 16:31:26] INFO (nni/MainThread) Intermediate result: 0.8074821840453672  (Index 56)
-----------------ETPA RESULT-------------------
Epoch 28: Validation	rmse: 19.89	mae: 15.18	mape: 34.43%	acc@10: 41.38%	acc@20: 76.4%	acc@30: 90.95%	
[2023-11-29 16:31:26] INFO (nni/MainThread) Intermediate result: 19.892301136605006  (Index 57)
*** Epoch: 29 ***
-----------------G2R RESULT-------------------

val result: krc:0.805 | lsd:0.608 | ed:0.888 | hr@1:0.705 | hr@2:0.875 | hr@3:0.924 | acc@1:0.705 | acc@2:0.635 | acc@3:0.603 | Best krc: 0.812 | Best epoch: 15
[2023-11-29 16:33:18] INFO (nni/MainThread) Intermediate result: 0.8049888154566772  (Index 58)
-----------------ETPA RESULT-------------------
Epoch 29: Validation	rmse: 19.83	mae: 15.18	mape: 34.43%	acc@10: 41.25%	acc@20: 76.35%	acc@30: 90.83%	
[2023-11-29 16:33:18] INFO (nni/MainThread) Intermediate result: 19.834076856938704  (Index 59)
*** Epoch: 30 ***
-----------------G2R RESULT-------------------

val result: krc:0.811 | lsd:0.614 | ed:0.878 | hr@1:0.711 | hr@2:0.881 | hr@3:0.927 | acc@1:0.711 | acc@2:0.642 | acc@3:0.606 | Best krc: 0.812 | Best epoch: 15
[2023-11-29 16:35:07] INFO (nni/MainThread) Intermediate result: 0.8107589814192351  (Index 60)
-----------------ETPA RESULT-------------------
Epoch 30: Validation	rmse: 19.76	mae: 15.15	mape: 34.41%	acc@10: 41.13%	acc@20: 76.51%	acc@30: 90.73%	
[2023-11-29 16:35:07] INFO (nni/MainThread) Intermediate result: 19.755637035501884  (Index 61)
*** Epoch: 31 ***
-----------------G2R RESULT-------------------

val result: krc:0.808 | lsd:0.606 | ed:0.903 | hr@1:0.7 | hr@2:0.877 | hr@3:0.927 | acc@1:0.7 | acc@2:0.629 | acc@3:0.598 | Best krc: 0.812 | Best epoch: 15
[2023-11-29 16:36:57] INFO (nni/MainThread) Intermediate result: 0.8081751557483959  (Index 62)
-----------------ETPA RESULT-------------------
Epoch 31: Validation	rmse: 19.63	mae: 15.09	mape: 34.35%	acc@10: 41.21%	acc@20: 76.66%	acc@30: 90.92%	
[2023-11-29 16:36:57] INFO (nni/MainThread) Intermediate result: 19.630761027517913  (Index 63)
*** Epoch: 32 ***
-----------------G2R RESULT-------------------

val result: krc:0.809 | lsd:0.598 | ed:0.89 | hr@1:0.701 | hr@2:0.878 | hr@3:0.925 | acc@1:0.701 | acc@2:0.634 | acc@3:0.597 | Best krc: 0.812 | Best epoch: 15
[2023-11-29 16:38:47] INFO (nni/MainThread) Intermediate result: 0.8088885158146196  (Index 64)
-----------------ETPA RESULT-------------------
Epoch 32: Validation	rmse: 19.58	mae: 15.1	mape: 34.45%	acc@10: 41.1%	acc@20: 76.23%	acc@30: 91.1%	
[2023-11-29 16:38:47] INFO (nni/MainThread) Intermediate result: 19.577473830190815  (Index 65)
*** Epoch: 33 ***
-----------------G2R RESULT-------------------

val result: krc:0.812 | lsd:0.613 | ed:0.883 | hr@1:0.722 | hr@2:0.878 | hr@3:0.924 | acc@1:0.722 | acc@2:0.641 | acc@3:0.609 | Best krc: 0.812 | Best epoch: 15
best model saved
[2023-11-29 16:40:39] INFO (nni/MainThread) Intermediate result: 0.8124159796219262  (Index 66)
-----------------ETPA RESULT-------------------
Epoch 33: Validation	rmse: 19.44	mae: 15.03	mape: 34.33%	acc@10: 41.08%	acc@20: 76.47%	acc@30: 91.27%	
[2023-11-29 16:40:39] INFO (nni/MainThread) Intermediate result: 19.44202391609399  (Index 67)
*** Epoch: 34 ***
-----------------G2R RESULT-------------------

val result: krc:0.811 | lsd:0.611 | ed:0.893 | hr@1:0.731 | hr@2:0.87 | hr@3:0.924 | acc@1:0.731 | acc@2:0.642 | acc@3:0.611 | Best krc: 0.812 | Best epoch: 33
[2023-11-29 16:42:31] INFO (nni/MainThread) Intermediate result: 0.8114022180834598  (Index 68)
-----------------ETPA RESULT-------------------
Epoch 34: Validation	rmse: 19.42	mae: 15.05	mape: 34.38%	acc@10: 40.89%	acc@20: 76.34%	acc@30: 91.16%	
[2023-11-29 16:42:31] INFO (nni/MainThread) Intermediate result: 19.417875390125644  (Index 69)
*** Epoch: 35 ***
-----------------G2R RESULT-------------------

val result: krc:0.795 | lsd:0.637 | ed:0.947 | hr@1:0.709 | hr@2:0.867 | hr@3:0.916 | acc@1:0.709 | acc@2:0.629 | acc@3:0.587 | Best krc: 0.812 | Best epoch: 33
[2023-11-29 16:44:22] INFO (nni/MainThread) Intermediate result: 0.7951727056405674  (Index 70)
-----------------ETPA RESULT-------------------
Epoch 35: Validation	rmse: 19.29	mae: 14.98	mape: 34.3%	acc@10: 40.8%	acc@20: 76.39%	acc@30: 91.32%	
[2023-11-29 16:44:22] INFO (nni/MainThread) Intermediate result: 19.294576094180556  (Index 71)
*** Epoch: 36 ***
-----------------G2R RESULT-------------------

val result: krc:0.8 | lsd:0.618 | ed:0.936 | hr@1:0.709 | hr@2:0.874 | hr@3:0.921 | acc@1:0.709 | acc@2:0.632 | acc@3:0.593 | Best krc: 0.812 | Best epoch: 33
[2023-11-29 16:46:13] INFO (nni/MainThread) Intermediate result: 0.8004505795585813  (Index 72)
-----------------ETPA RESULT-------------------
Epoch 36: Validation	rmse: 19.26	mae: 14.99	mape: 34.35%	acc@10: 40.71%	acc@20: 76.27%	acc@30: 91.22%	
[2023-11-29 16:46:13] INFO (nni/MainThread) Intermediate result: 19.264286581443667  (Index 73)
*** Epoch: 37 ***
-----------------G2R RESULT-------------------

val result: krc:0.799 | lsd:0.681 | ed:0.937 | hr@1:0.739 | hr@2:0.861 | hr@3:0.911 | acc@1:0.739 | acc@2:0.642 | acc@3:0.595 | Best krc: 0.812 | Best epoch: 33
[2023-11-29 16:48:01] INFO (nni/MainThread) Intermediate result: 0.7986828640435989  (Index 74)
-----------------ETPA RESULT-------------------
Epoch 37: Validation	rmse: 19.2	mae: 14.98	mape: 34.36%	acc@10: 40.54%	acc@20: 76.23%	acc@30: 91.37%	
[2023-11-29 16:48:01] INFO (nni/MainThread) Intermediate result: 19.198072093684413  (Index 75)
*** Epoch: 38 ***
-----------------G2R RESULT-------------------

val result: krc:0.801 | lsd:0.634 | ed:0.933 | hr@1:0.727 | hr@2:0.865 | hr@3:0.914 | acc@1:0.727 | acc@2:0.638 | acc@3:0.595 | Best krc: 0.812 | Best epoch: 33
[2023-11-29 16:49:52] INFO (nni/MainThread) Intermediate result: 0.8011529373313372  (Index 76)
-----------------ETPA RESULT-------------------
Epoch 38: Validation	rmse: 19.13	mae: 14.95	mape: 34.32%	acc@10: 40.54%	acc@20: 76.36%	acc@30: 91.35%	
[2023-11-29 16:49:52] INFO (nni/MainThread) Intermediate result: 19.134144812139418  (Index 77)
*** Epoch: 39 ***
-----------------G2R RESULT-------------------

val result: krc:0.816 | lsd:0.572 | ed:0.868 | hr@1:0.718 | hr@2:0.876 | hr@3:0.921 | acc@1:0.718 | acc@2:0.649 | acc@3:0.609 | Best krc: 0.812 | Best epoch: 33
best model saved
[2023-11-29 16:51:46] INFO (nni/MainThread) Intermediate result: 0.8157289341373295  (Index 78)
-----------------ETPA RESULT-------------------
Epoch 39: Validation	rmse: 19.09	mae: 14.94	mape: 34.31%	acc@10: 40.47%	acc@20: 76.48%	acc@30: 91.33%	
[2023-11-29 16:51:46] INFO (nni/MainThread) Intermediate result: 19.09219786315969  (Index 79)
*** Epoch: 40 ***
-----------------G2R RESULT-------------------

val result: krc:0.813 | lsd:0.588 | ed:0.88 | hr@1:0.71 | hr@2:0.882 | hr@3:0.924 | acc@1:0.71 | acc@2:0.647 | acc@3:0.608 | Best krc: 0.816 | Best epoch: 39
[2023-11-29 16:53:39] INFO (nni/MainThread) Intermediate result: 0.8125284154055471  (Index 80)
-----------------ETPA RESULT-------------------
Epoch 40: Validation	rmse: 19.06	mae: 14.94	mape: 34.33%	acc@10: 40.32%	acc@20: 76.45%	acc@30: 91.31%	
[2023-11-29 16:53:40] INFO (nni/MainThread) Intermediate result: 19.057635145897578  (Index 81)
*** Epoch: 41 ***
-----------------G2R RESULT-------------------

val result: krc:0.813 | lsd:0.6 | ed:0.898 | hr@1:0.732 | hr@2:0.879 | hr@3:0.917 | acc@1:0.732 | acc@2:0.658 | acc@3:0.61 | Best krc: 0.816 | Best epoch: 39
[2023-11-29 16:55:34] INFO (nni/MainThread) Intermediate result: 0.8134396031991135  (Index 82)
-----------------ETPA RESULT-------------------
Epoch 41: Validation	rmse: 19.03	mae: 14.94	mape: 34.33%	acc@10: 40.25%	acc@20: 76.49%	acc@30: 91.22%	
[2023-11-29 16:55:34] INFO (nni/MainThread) Intermediate result: 19.029182497950416  (Index 83)
*** Epoch: 42 ***
-----------------G2R RESULT-------------------

val result: krc:0.82 | lsd:0.568 | ed:0.863 | hr@1:0.725 | hr@2:0.885 | hr@3:0.925 | acc@1:0.725 | acc@2:0.658 | acc@3:0.613 | Best krc: 0.816 | Best epoch: 39
best model saved
[2023-11-29 16:57:29] INFO (nni/MainThread) Intermediate result: 0.8196812554398913  (Index 84)
-----------------ETPA RESULT-------------------
Epoch 42: Validation	rmse: 18.98	mae: 14.92	mape: 34.27%	acc@10: 40.19%	acc@20: 76.6%	acc@30: 91.28%	
[2023-11-29 16:57:29] INFO (nni/MainThread) Intermediate result: 18.976423736508366  (Index 85)
*** Epoch: 43 ***
-----------------G2R RESULT-------------------

val result: krc:0.815 | lsd:0.578 | ed:0.881 | hr@1:0.722 | hr@2:0.879 | hr@3:0.922 | acc@1:0.722 | acc@2:0.652 | acc@3:0.613 | Best krc: 0.82 | Best epoch: 42
[2023-11-29 16:59:20] INFO (nni/MainThread) Intermediate result: 0.8152671610564044  (Index 86)
-----------------ETPA RESULT-------------------
Epoch 43: Validation	rmse: 18.95	mae: 14.92	mape: 34.32%	acc@10: 39.99%	acc@20: 76.35%	acc@30: 91.26%	
[2023-11-29 16:59:20] INFO (nni/MainThread) Intermediate result: 18.95309147068717  (Index 87)
*** Epoch: 44 ***
-----------------G2R RESULT-------------------

val result: krc:0.814 | lsd:0.616 | ed:0.871 | hr@1:0.733 | hr@2:0.881 | hr@3:0.923 | acc@1:0.733 | acc@2:0.659 | acc@3:0.617 | Best krc: 0.82 | Best epoch: 42
[2023-11-29 17:01:16] INFO (nni/MainThread) Intermediate result: 0.8141412077048283  (Index 88)
-----------------ETPA RESULT-------------------
Epoch 44: Validation	rmse: 18.93	mae: 14.92	mape: 34.31%	acc@10: 39.86%	acc@20: 76.32%	acc@30: 91.25%	
[2023-11-29 17:01:16] INFO (nni/MainThread) Intermediate result: 18.92653924403846  (Index 89)
*** Epoch: 45 ***
-----------------G2R RESULT-------------------

val result: krc:0.826 | lsd:0.579 | ed:0.819 | hr@1:0.742 | hr@2:0.885 | hr@3:0.927 | acc@1:0.742 | acc@2:0.669 | acc@3:0.631 | Best krc: 0.82 | Best epoch: 42
best model saved
[2023-11-29 17:03:06] INFO (nni/MainThread) Intermediate result: 0.8261842557513742  (Index 90)
-----------------ETPA RESULT-------------------
Epoch 45: Validation	rmse: 18.9	mae: 14.92	mape: 34.32%	acc@10: 39.81%	acc@20: 76.29%	acc@30: 91.24%	
[2023-11-29 17:03:06] INFO (nni/MainThread) Intermediate result: 18.899525395826682  (Index 91)
*** Epoch: 46 ***
-----------------G2R RESULT-------------------

val result: krc:0.826 | lsd:0.575 | ed:0.836 | hr@1:0.736 | hr@2:0.89 | hr@3:0.927 | acc@1:0.736 | acc@2:0.673 | acc@3:0.631 | Best krc: 0.826 | Best epoch: 45
[2023-11-29 17:04:55] INFO (nni/MainThread) Intermediate result: 0.8259428226634172  (Index 92)
-----------------ETPA RESULT-------------------
Epoch 46: Validation	rmse: 18.8	mae: 14.86	mape: 34.22%	acc@10: 39.83%	acc@20: 76.46%	acc@30: 91.36%	
[2023-11-29 17:04:55] INFO (nni/MainThread) Intermediate result: 18.799060059697  (Index 93)
*** Epoch: 47 ***
-----------------G2R RESULT-------------------

val result: krc:0.815 | lsd:0.579 | ed:0.879 | hr@1:0.714 | hr@2:0.883 | hr@3:0.924 | acc@1:0.714 | acc@2:0.652 | acc@3:0.61 | Best krc: 0.826 | Best epoch: 45
[2023-11-29 17:06:44] INFO (nni/MainThread) Intermediate result: 0.8150113621823285  (Index 94)
-----------------ETPA RESULT-------------------
Epoch 47: Validation	rmse: 18.75	mae: 14.82	mape: 34.15%	acc@10: 39.84%	acc@20: 76.63%	acc@30: 91.28%	
[2023-11-29 17:06:44] INFO (nni/MainThread) Intermediate result: 18.748078381294366  (Index 95)
*** Epoch: 48 ***
-----------------G2R RESULT-------------------

val result: krc:0.809 | lsd:0.613 | ed:0.898 | hr@1:0.739 | hr@2:0.875 | hr@3:0.917 | acc@1:0.739 | acc@2:0.652 | acc@3:0.614 | Best krc: 0.826 | Best epoch: 45
[2023-11-29 17:08:32] INFO (nni/MainThread) Intermediate result: 0.8085098205168169  (Index 96)
-----------------ETPA RESULT-------------------
Epoch 48: Validation	rmse: 18.72	mae: 14.81	mape: 34.1%	acc@10: 39.92%	acc@20: 76.59%	acc@30: 91.26%	
[2023-11-29 17:08:32] INFO (nni/MainThread) Intermediate result: 18.72246102190739  (Index 97)
*** Epoch: 49 ***
-----------------G2R RESULT-------------------

val result: krc:0.816 | lsd:0.59 | ed:0.871 | hr@1:0.73 | hr@2:0.881 | hr@3:0.923 | acc@1:0.73 | acc@2:0.655 | acc@3:0.621 | Best krc: 0.826 | Best epoch: 45
[2023-11-29 17:10:19] INFO (nni/MainThread) Intermediate result: 0.815863373537182  (Index 98)
-----------------ETPA RESULT-------------------
Epoch 49: Validation	rmse: 18.69	mae: 14.8	mape: 34.09%	acc@10: 40.06%	acc@20: 76.62%	acc@30: 91.31%	
[2023-11-29 17:10:19] INFO (nni/MainThread) Intermediate result: 18.693753457160987  (Index 99)
*** Epoch: 50 ***
-----------------G2R RESULT-------------------

val result: krc:0.812 | lsd:0.589 | ed:0.885 | hr@1:0.723 | hr@2:0.879 | hr@3:0.923 | acc@1:0.723 | acc@2:0.648 | acc@3:0.61 | Best krc: 0.826 | Best epoch: 45
[2023-11-29 17:12:07] INFO (nni/MainThread) Intermediate result: 0.8124480775989302  (Index 100)
-----------------ETPA RESULT-------------------
Epoch 50: Validation	rmse: 18.67	mae: 14.79	mape: 34.1%	acc@10: 40.13%	acc@20: 76.59%	acc@30: 91.3%	
[2023-11-29 17:12:07] INFO (nni/MainThread) Intermediate result: 18.6712843487251  (Index 101)
*** Epoch: 51 ***
-----------------G2R RESULT-------------------

val result: krc:0.825 | lsd:0.567 | ed:0.844 | hr@1:0.732 | hr@2:0.883 | hr@3:0.927 | acc@1:0.732 | acc@2:0.661 | acc@3:0.625 | Best krc: 0.826 | Best epoch: 45
[2023-11-29 17:13:53] INFO (nni/MainThread) Intermediate result: 0.8254245746156545  (Index 102)
-----------------ETPA RESULT-------------------
Epoch 51: Validation	rmse: 18.66	mae: 14.8	mape: 34.11%	acc@10: 40.14%	acc@20: 76.62%	acc@30: 91.29%	
[2023-11-29 17:13:53] INFO (nni/MainThread) Intermediate result: 18.657084041752345  (Index 103)
*** Epoch: 52 ***
-----------------G2R RESULT-------------------

val result: krc:0.814 | lsd:0.563 | ed:0.892 | hr@1:0.712 | hr@2:0.881 | hr@3:0.924 | acc@1:0.712 | acc@2:0.641 | acc@3:0.601 | Best krc: 0.826 | Best epoch: 45
[2023-11-29 17:15:41] INFO (nni/MainThread) Intermediate result: 0.8138888059745077  (Index 104)
-----------------ETPA RESULT-------------------
Epoch 52: Validation	rmse: 18.59	mae: 14.77	mape: 34.09%	acc@10: 39.92%	acc@20: 76.77%	acc@30: 91.39%	
[2023-11-29 17:15:41] INFO (nni/MainThread) Intermediate result: 18.588041743833067  (Index 105)
*** Epoch: 53 ***
-----------------G2R RESULT-------------------

val result: krc:0.821 | lsd:0.578 | ed:0.858 | hr@1:0.732 | hr@2:0.882 | hr@3:0.925 | acc@1:0.732 | acc@2:0.659 | acc@3:0.622 | Best krc: 0.826 | Best epoch: 45
[2023-11-29 17:17:29] INFO (nni/MainThread) Intermediate result: 0.8205039628301541  (Index 106)
-----------------ETPA RESULT-------------------
Epoch 53: Validation	rmse: 18.59	mae: 14.77	mape: 34.09%	acc@10: 39.87%	acc@20: 76.68%	acc@30: 91.38%	
[2023-11-29 17:17:29] INFO (nni/MainThread) Intermediate result: 18.589040458377674  (Index 107)
*** Epoch: 54 ***
-----------------G2R RESULT-------------------

val result: krc:0.806 | lsd:0.616 | ed:0.908 | hr@1:0.721 | hr@2:0.875 | hr@3:0.916 | acc@1:0.721 | acc@2:0.647 | acc@3:0.602 | Best krc: 0.826 | Best epoch: 45
[2023-11-29 17:19:22] INFO (nni/MainThread) Intermediate result: 0.8063641209071905  (Index 108)
-----------------ETPA RESULT-------------------
Epoch 54: Validation	rmse: 18.57	mae: 14.76	mape: 34.07%	acc@10: 39.94%	acc@20: 76.7%	acc@30: 91.36%	
[2023-11-29 17:19:22] INFO (nni/MainThread) Intermediate result: 18.57292039857897  (Index 109)
*** Epoch: 55 ***
-----------------G2R RESULT-------------------

val result: krc:0.825 | lsd:0.573 | ed:0.834 | hr@1:0.737 | hr@2:0.884 | hr@3:0.925 | acc@1:0.737 | acc@2:0.667 | acc@3:0.633 | Best krc: 0.826 | Best epoch: 45
[2023-11-29 17:21:10] INFO (nni/MainThread) Intermediate result: 0.824705125317281  (Index 110)
-----------------ETPA RESULT-------------------
Epoch 55: Validation	rmse: 18.57	mae: 14.76	mape: 34.03%	acc@10: 40.01%	acc@20: 76.73%	acc@30: 91.29%	
[2023-11-29 17:21:10] INFO (nni/MainThread) Intermediate result: 18.572791871277236  (Index 111)
*** Epoch: 56 ***
-----------------G2R RESULT-------------------

val result: krc:0.817 | lsd:0.56 | ed:0.868 | hr@1:0.72 | hr@2:0.885 | hr@3:0.926 | acc@1:0.72 | acc@2:0.655 | acc@3:0.62 | Best krc: 0.826 | Best epoch: 45
[2023-11-29 17:22:58] INFO (nni/MainThread) Intermediate result: 0.8169102277016574  (Index 112)
-----------------ETPA RESULT-------------------
Epoch 56: Validation	rmse: 18.61	mae: 14.79	mape: 34.09%	acc@10: 39.97%	acc@20: 76.7%	acc@30: 91.28%	
[2023-11-29 17:22:58] INFO (nni/MainThread) Intermediate result: 18.61214485290144  (Index 113)
*** Epoch: 57 ***
-----------------G2R RESULT-------------------

val result: krc:0.819 | lsd:0.569 | ed:0.878 | hr@1:0.727 | hr@2:0.885 | hr@3:0.925 | acc@1:0.727 | acc@2:0.655 | acc@3:0.611 | Best krc: 0.826 | Best epoch: 45
[2023-11-29 17:24:47] INFO (nni/MainThread) Intermediate result: 0.81913209043948  (Index 114)
-----------------ETPA RESULT-------------------
Epoch 57: Validation	rmse: 18.62	mae: 14.79	mape: 34.1%	acc@10: 39.98%	acc@20: 76.67%	acc@30: 91.22%	
[2023-11-29 17:24:47] INFO (nni/MainThread) Intermediate result: 18.616979183466064  (Index 115)
*** Epoch: 58 ***
-----------------G2R RESULT-------------------

val result: krc:0.812 | lsd:0.576 | ed:0.884 | hr@1:0.712 | hr@2:0.88 | hr@3:0.924 | acc@1:0.712 | acc@2:0.644 | acc@3:0.607 | Best krc: 0.826 | Best epoch: 45
[2023-11-29 17:26:35] INFO (nni/MainThread) Intermediate result: 0.8116503765388767  (Index 116)
-----------------ETPA RESULT-------------------
Epoch 58: Validation	rmse: 18.65	mae: 14.83	mape: 34.18%	acc@10: 39.94%	acc@20: 76.59%	acc@30: 91.1%	
[2023-11-29 17:26:35] INFO (nni/MainThread) Intermediate result: 18.650985947316382  (Index 117)
*** Epoch: 59 ***
-----------------G2R RESULT-------------------

val result: krc:0.818 | lsd:0.555 | ed:0.861 | hr@1:0.729 | hr@2:0.885 | hr@3:0.926 | acc@1:0.729 | acc@2:0.657 | acc@3:0.617 | Best krc: 0.826 | Best epoch: 45
[2023-11-29 17:28:24] INFO (nni/MainThread) Intermediate result: 0.8181148278918283  (Index 118)
-----------------ETPA RESULT-------------------
Epoch 59: Validation	rmse: 18.73	mae: 14.91	mape: 34.31%	acc@10: 39.64%	acc@20: 76.25%	acc@30: 90.99%	
[2023-11-29 17:28:24] INFO (nni/MainThread) Intermediate result: 18.725122326386078  (Index 119)
*** Epoch: 60 ***
-----------------G2R RESULT-------------------

val result: krc:0.781 | lsd:0.624 | ed:0.986 | hr@1:0.679 | hr@2:0.871 | hr@3:0.915 | acc@1:0.679 | acc@2:0.606 | acc@3:0.567 | Best krc: 0.826 | Best epoch: 45
[2023-11-29 17:30:11] INFO (nni/MainThread) Intermediate result: 0.7812185133042151  (Index 120)
-----------------ETPA RESULT-------------------
Epoch 60: Validation	rmse: 18.69	mae: 14.88	mape: 34.25%	acc@10: 39.65%	acc@20: 76.33%	acc@30: 91.03%	
[2023-11-29 17:30:11] INFO (nni/MainThread) Intermediate result: 18.689924502152795  (Index 121)
*** Epoch: 61 ***
-----------------G2R RESULT-------------------

val result: krc:0.78 | lsd:0.743 | ed:1.0 | hr@1:0.75 | hr@2:0.839 | hr@3:0.903 | acc@1:0.75 | acc@2:0.623 | acc@3:0.585 | Best krc: 0.826 | Best epoch: 45
[2023-11-29 17:32:04] INFO (nni/MainThread) Intermediate result: 0.7798836474219071  (Index 122)
-----------------ETPA RESULT-------------------
Epoch 61: Validation	rmse: 18.7	mae: 14.88	mape: 34.23%	acc@10: 39.67%	acc@20: 76.41%	acc@30: 90.98%	
[2023-11-29 17:32:04] INFO (nni/MainThread) Intermediate result: 18.695109715671144  (Index 123)
*** Epoch: 62 ***
-----------------G2R RESULT-------------------

val result: krc:0.813 | lsd:0.614 | ed:0.893 | hr@1:0.742 | hr@2:0.874 | hr@3:0.92 | acc@1:0.742 | acc@2:0.657 | acc@3:0.615 | Best krc: 0.826 | Best epoch: 45
[2023-11-29 17:33:58] INFO (nni/MainThread) Intermediate result: 0.8130429692738393  (Index 124)
-----------------ETPA RESULT-------------------
Epoch 62: Validation	rmse: 18.7	mae: 14.89	mape: 34.27%	acc@10: 39.58%	acc@20: 76.34%	acc@30: 90.97%	
[2023-11-29 17:33:58] INFO (nni/MainThread) Intermediate result: 18.703480893499677  (Index 125)
*** Epoch: 63 ***
-----------------G2R RESULT-------------------

val result: krc:0.817 | lsd:0.557 | ed:0.86 | hr@1:0.719 | hr@2:0.884 | hr@3:0.926 | acc@1:0.719 | acc@2:0.651 | acc@3:0.613 | Best krc: 0.826 | Best epoch: 45
[2023-11-29 17:35:48] INFO (nni/MainThread) Intermediate result: 0.8167243742670066  (Index 126)
-----------------ETPA RESULT-------------------
Epoch 63: Validation	rmse: 18.74	mae: 14.94	mape: 34.34%	acc@10: 39.45%	acc@20: 76.32%	acc@30: 90.92%	
[2023-11-29 17:35:48] INFO (nni/MainThread) Intermediate result: 18.74160395367105  (Index 127)
*** Epoch: 64 ***
-----------------G2R RESULT-------------------

val result: krc:0.819 | lsd:0.571 | ed:0.869 | hr@1:0.733 | hr@2:0.882 | hr@3:0.923 | acc@1:0.733 | acc@2:0.658 | acc@3:0.619 | Best krc: 0.826 | Best epoch: 45
[2023-11-29 17:37:40] INFO (nni/MainThread) Intermediate result: 0.8190528077891436  (Index 128)
-----------------ETPA RESULT-------------------
Epoch 64: Validation	rmse: 18.77	mae: 14.96	mape: 34.39%	acc@10: 39.33%	acc@20: 76.25%	acc@30: 90.91%	
[2023-11-29 17:37:40] INFO (nni/MainThread) Intermediate result: 18.77180283441832  (Index 129)
*** Epoch: 65 ***
-----------------G2R RESULT-------------------

val result: krc:0.814 | lsd:0.601 | ed:0.871 | hr@1:0.728 | hr@2:0.872 | hr@3:0.921 | acc@1:0.728 | acc@2:0.648 | acc@3:0.614 | Best krc: 0.826 | Best epoch: 45
[2023-11-29 17:39:31] INFO (nni/MainThread) Intermediate result: 0.8139011054533574  (Index 130)
-----------------ETPA RESULT-------------------
Epoch 65: Validation	rmse: 18.76	mae: 14.96	mape: 34.39%	acc@10: 39.25%	acc@20: 76.28%	acc@30: 90.91%	
[2023-11-29 17:39:31] INFO (nni/MainThread) Intermediate result: 18.764513867963604  (Index 131)
loaded model path: /home/sentanoe/joint_training/data/dataset/food_pd/sort_model/hidden_size-8.gcnru-pd_1701268764.83368371701268764.8336978
best model loaded !!!
krc:0.819 | lsd:0.412 | ed:0.853 | hr@1:0.729 | hr@2:0.914 | hr@3:0.949 | acc@1:0.729 | acc@2:0.667 | acc@3:0.621 |

-------------------------------------------------------------
Best epoch for G2R:  45
Best epoch for ETPA:  55
graph2route_pd Evaluation in test: krc:0.819 | lsd:0.412 | ed:0.853 | hr@1:0.729 | hr@2:0.914 | hr@3:0.949 | acc@1:0.729 | acc@2:0.667 | acc@3:0.621 |
RankPETA Evaluation in test: rmse: 10.79	mae: 8.79	mape: 81.53%	acc@10: 55.0%	acc@20: 95.0%	acc@30: 100.0%	
