Device:  cuda
{'alpha_loss': 0.5,
 'batch_size': 64,
 'dataset': 'food_pd',
 'datatype': 'order',
 'device': device(type='cuda'),
 'early_stop': 20,
 'edge_fea_dim': 5,
 'embedding_dim': 32,
 'eval_end_1': 11,
 'eval_end_2': 25,
 'eval_start': 1,
 'gcn_num_layers': 2,
 'hidden_size': 8,
 'is_eval': False,
 'is_test': False,
 'k_min_nodes': 3,
 'k_nearest_neighbors': 'n-1',
 'lr': 0.001,
 'max_task_num': 25,
 'min_task_num': 0,
 'modelArrivalTime': 'RankPETA',
 'modelRoute': 'graph2route_pd',
 'no_cuda': False,
 'node_fea_dim': 8,
 'node_features_test': '/home/sentanoe/joint_training/data/dataset/food_pd/node_features_test_full.npy',
 'node_features_train': '/home/sentanoe/joint_training/data/dataset/food_pd/node_features_train_full.npy',
 'node_features_val': '/home/sentanoe/joint_training/data/dataset/food_pd/node_features_val_full.npy',
 'num_block': 4,
 'num_epoch': 1000,
 'num_head': 2,
 'num_worker_logistics': 2346,
 'num_worker_pd': 920,
 'pad_value': 26,
 'seed': 1999,
 'sort_mode': 'true_idx',
 'spatial_encoder': 'gcn',
 'temporal_encoder': 'tft',
 'test_path': '/home/sentanoe/joint_training/data/dataset/food_pd/test_full.npy',
 'train_mode': 'sort',
 'train_path': '/home/sentanoe/joint_training/data/dataset/food_pd/train_full.npy',
 'val_path': '/home/sentanoe/joint_training/data/dataset/food_pd/val_full.npy',
 'wd': 1e-05,
 'worker_emb_dim': 10,
 'workers': 2}
last_x_size:13;unpick_x_size:12;input_size:38
#train:2521 | #val:1257 | #test:1261
*** Epoch: 0 ***
-----------------G2R RESULT-------------------

val result: krc:0.704 | lsd:0.924 | ed:1.19 | hr@1:0.61 | hr@2:0.826 | hr@3:0.874 | acc@1:0.61 | acc@2:0.538 | acc@3:0.482 | Best krc: -1 | Best epoch: -1
best model saved
[2023-11-29 00:27:25] INFO (nni/MainThread) Intermediate result: 0.7043957383528874  (Index 0)
-----------------ETPA RESULT-------------------
Epoch 0: Validation	rmse: 45.16	mae: 39.96	mape: 82.42%	acc@10: 3.12%	acc@20: 12.5%	acc@30: 34.38%	
[2023-11-29 00:27:25] INFO (nni/MainThread) Intermediate result: 45.15616349472683  (Index 1)
*** Epoch: 1 ***
-----------------G2R RESULT-------------------

val result: krc:0.75 | lsd:0.761 | ed:1.041 | hr@1:0.629 | hr@2:0.849 | hr@3:0.897 | acc@1:0.629 | acc@2:0.563 | acc@3:0.519 | Best krc: 0.704 | Best epoch: 0
best model saved
[2023-11-29 00:29:08] INFO (nni/MainThread) Intermediate result: 0.7497473366646956  (Index 2)
-----------------ETPA RESULT-------------------
Epoch 1: Validation	rmse: 38.94	mae: 32.54	mape: 65.36%	acc@10: 14.06%	acc@20: 28.12%	acc@30: 48.44%	
[2023-11-29 00:29:08] INFO (nni/MainThread) Intermediate result: 38.940613715019836  (Index 3)
*** Epoch: 2 ***
-----------------G2R RESULT-------------------

val result: krc:0.735 | lsd:0.801 | ed:1.114 | hr@1:0.617 | hr@2:0.848 | hr@3:0.896 | acc@1:0.617 | acc@2:0.548 | acc@3:0.502 | Best krc: 0.75 | Best epoch: 1
[2023-11-29 00:30:49] INFO (nni/MainThread) Intermediate result: 0.7352708319389561  (Index 4)
-----------------ETPA RESULT-------------------
Epoch 2: Validation	rmse: 34.59	mae: 27.91	mape: 57.01%	acc@10: 19.79%	acc@20: 42.71%	acc@30: 61.46%	
[2023-11-29 00:30:49] INFO (nni/MainThread) Intermediate result: 34.590080360413296  (Index 5)
*** Epoch: 3 ***
-----------------G2R RESULT-------------------

val result: krc:0.762 | lsd:0.729 | ed:0.997 | hr@1:0.636 | hr@2:0.853 | hr@3:0.903 | acc@1:0.636 | acc@2:0.575 | acc@3:0.539 | Best krc: 0.75 | Best epoch: 1
best model saved
[2023-11-29 00:32:31] INFO (nni/MainThread) Intermediate result: 0.7622521050505309  (Index 6)
-----------------ETPA RESULT-------------------
Epoch 3: Validation	rmse: 32.77	mae: 25.63	mape: 52.88%	acc@10: 25.0%	acc@20: 50.0%	acc@30: 66.41%	
[2023-11-29 00:32:31] INFO (nni/MainThread) Intermediate result: 32.767631712368946  (Index 7)
*** Epoch: 4 ***
-----------------G2R RESULT-------------------

val result: krc:0.767 | lsd:0.703 | ed:0.981 | hr@1:0.645 | hr@2:0.856 | hr@3:0.904 | acc@1:0.645 | acc@2:0.585 | acc@3:0.544 | Best krc: 0.762 | Best epoch: 3
best model saved
[2023-11-29 00:34:13] INFO (nni/MainThread) Intermediate result: 0.7669793071104833  (Index 8)
-----------------ETPA RESULT-------------------
Epoch 4: Validation	rmse: 31.27	mae: 23.96	mape: 49.8%	acc@10: 28.12%	acc@20: 55.62%	acc@30: 70.62%	
[2023-11-29 00:34:13] INFO (nni/MainThread) Intermediate result: 31.272309324471696  (Index 9)
*** Epoch: 5 ***
-----------------G2R RESULT-------------------

val result: krc:0.766 | lsd:0.722 | ed:1.003 | hr@1:0.637 | hr@2:0.855 | hr@3:0.906 | acc@1:0.637 | acc@2:0.575 | acc@3:0.539 | Best krc: 0.767 | Best epoch: 4
[2023-11-29 00:35:55] INFO (nni/MainThread) Intermediate result: 0.7656991770153116  (Index 10)
-----------------ETPA RESULT-------------------
Epoch 5: Validation	rmse: 29.81	mae: 22.6	mape: 46.76%	acc@10: 29.69%	acc@20: 59.9%	acc@30: 74.48%	
[2023-11-29 00:35:55] INFO (nni/MainThread) Intermediate result: 29.813724773036174  (Index 11)
*** Epoch: 6 ***
-----------------G2R RESULT-------------------

val result: krc:0.757 | lsd:0.71 | ed:1.031 | hr@1:0.632 | hr@2:0.856 | hr@3:0.905 | acc@1:0.632 | acc@2:0.572 | acc@3:0.53 | Best krc: 0.767 | Best epoch: 4
[2023-11-29 00:37:37] INFO (nni/MainThread) Intermediate result: 0.7565381969404705  (Index 12)
-----------------ETPA RESULT-------------------
Epoch 6: Validation	rmse: 28.84	mae: 21.61	mape: 44.99%	acc@10: 31.7%	acc@20: 62.05%	acc@30: 77.23%	
[2023-11-29 00:37:37] INFO (nni/MainThread) Intermediate result: 28.835916408039772  (Index 13)
*** Epoch: 7 ***
-----------------G2R RESULT-------------------

val result: krc:0.77 | lsd:0.684 | ed:0.981 | hr@1:0.634 | hr@2:0.857 | hr@3:0.91 | acc@1:0.634 | acc@2:0.582 | acc@3:0.547 | Best krc: 0.767 | Best epoch: 4
best model saved
[2023-11-29 00:39:20] INFO (nni/MainThread) Intermediate result: 0.7698712410037287  (Index 14)
-----------------ETPA RESULT-------------------
Epoch 7: Validation	rmse: 28.14	mae: 20.89	mape: 43.79%	acc@10: 33.2%	acc@20: 62.89%	acc@30: 79.3%	
[2023-11-29 00:39:20] INFO (nni/MainThread) Intermediate result: 28.13825171197613  (Index 15)
*** Epoch: 8 ***
-----------------G2R RESULT-------------------

val result: krc:0.777 | lsd:0.672 | ed:0.971 | hr@1:0.653 | hr@2:0.861 | hr@3:0.91 | acc@1:0.653 | acc@2:0.594 | acc@3:0.551 | Best krc: 0.77 | Best epoch: 7
best model saved
[2023-11-29 00:41:02] INFO (nni/MainThread) Intermediate result: 0.7773292852348384  (Index 16)
-----------------ETPA RESULT-------------------
Epoch 8: Validation	rmse: 27.45	mae: 20.36	mape: 43.01%	acc@10: 34.03%	acc@20: 63.54%	acc@30: 80.9%	
[2023-11-29 00:41:02] INFO (nni/MainThread) Intermediate result: 27.44674290524594  (Index 17)
*** Epoch: 9 ***
-----------------G2R RESULT-------------------

val result: krc:0.786 | lsd:0.678 | ed:0.974 | hr@1:0.673 | hr@2:0.86 | hr@3:0.912 | acc@1:0.673 | acc@2:0.603 | acc@3:0.566 | Best krc: 0.777 | Best epoch: 8
best model saved
[2023-11-29 00:42:45] INFO (nni/MainThread) Intermediate result: 0.7859182233821497  (Index 18)
-----------------ETPA RESULT-------------------
Epoch 9: Validation	rmse: 26.75	mae: 19.8	mape: 41.99%	acc@10: 35.31%	acc@20: 64.69%	acc@30: 82.19%	
[2023-11-29 00:42:45] INFO (nni/MainThread) Intermediate result: 26.754148040148568  (Index 19)
*** Epoch: 10 ***
-----------------G2R RESULT-------------------

val result: krc:0.778 | lsd:0.672 | ed:0.965 | hr@1:0.646 | hr@2:0.864 | hr@3:0.911 | acc@1:0.646 | acc@2:0.593 | acc@3:0.554 | Best krc: 0.786 | Best epoch: 9
[2023-11-29 00:44:33] INFO (nni/MainThread) Intermediate result: 0.7779222963306915  (Index 20)
-----------------ETPA RESULT-------------------
Epoch 10: Validation	rmse: 26.21	mae: 19.38	mape: 41.23%	acc@10: 36.36%	acc@20: 65.34%	acc@30: 83.24%	
[2023-11-29 00:44:33] INFO (nni/MainThread) Intermediate result: 26.214362494649208  (Index 21)
*** Epoch: 11 ***
-----------------G2R RESULT-------------------

val result: krc:0.782 | lsd:0.649 | ed:0.963 | hr@1:0.651 | hr@2:0.87 | hr@3:0.914 | acc@1:0.651 | acc@2:0.596 | acc@3:0.559 | Best krc: 0.786 | Best epoch: 9
[2023-11-29 00:46:19] INFO (nni/MainThread) Intermediate result: 0.7823730293253685  (Index 22)
-----------------ETPA RESULT-------------------
Epoch 11: Validation	rmse: 25.71	mae: 18.96	mape: 40.35%	acc@10: 37.24%	acc@20: 66.41%	acc@30: 84.11%	
[2023-11-29 00:46:19] INFO (nni/MainThread) Intermediate result: 25.70669572747674  (Index 23)
*** Epoch: 12 ***
-----------------G2R RESULT-------------------

val result: krc:0.78 | lsd:0.665 | ed:0.953 | hr@1:0.659 | hr@2:0.864 | hr@3:0.913 | acc@1:0.659 | acc@2:0.599 | acc@3:0.565 | Best krc: 0.786 | Best epoch: 9
[2023-11-29 00:48:03] INFO (nni/MainThread) Intermediate result: 0.7803123197876148  (Index 24)
-----------------ETPA RESULT-------------------
Epoch 12: Validation	rmse: 25.47	mae: 18.84	mape: 40.19%	acc@10: 37.26%	acc@20: 66.35%	acc@30: 84.13%	
[2023-11-29 00:48:03] INFO (nni/MainThread) Intermediate result: 25.466785193874255  (Index 25)
*** Epoch: 13 ***
-----------------G2R RESULT-------------------

val result: krc:0.767 | lsd:0.689 | ed:1.014 | hr@1:0.631 | hr@2:0.861 | hr@3:0.909 | acc@1:0.631 | acc@2:0.573 | acc@3:0.537 | Best krc: 0.786 | Best epoch: 9
[2023-11-29 00:49:46] INFO (nni/MainThread) Intermediate result: 0.7666784820873146  (Index 26)
-----------------ETPA RESULT-------------------
Epoch 13: Validation	rmse: 25.18	mae: 18.65	mape: 39.94%	acc@10: 37.72%	acc@20: 66.07%	acc@30: 84.82%	
[2023-11-29 00:49:46] INFO (nni/MainThread) Intermediate result: 25.18014009047244  (Index 27)
*** Epoch: 14 ***
-----------------G2R RESULT-------------------

val result: krc:0.784 | lsd:0.69 | ed:0.976 | hr@1:0.674 | hr@2:0.864 | hr@3:0.908 | acc@1:0.674 | acc@2:0.61 | acc@3:0.571 | Best krc: 0.786 | Best epoch: 9
[2023-11-29 00:51:28] INFO (nni/MainThread) Intermediate result: 0.7836589422334941  (Index 28)
-----------------ETPA RESULT-------------------
Epoch 14: Validation	rmse: 24.75	mae: 18.38	mape: 39.44%	acc@10: 38.12%	acc@20: 66.67%	acc@30: 85.42%	
[2023-11-29 00:51:28] INFO (nni/MainThread) Intermediate result: 24.75191132431002  (Index 29)
*** Epoch: 15 ***
-----------------G2R RESULT-------------------

val result: krc:0.78 | lsd:0.653 | ed:0.982 | hr@1:0.666 | hr@2:0.868 | hr@3:0.911 | acc@1:0.666 | acc@2:0.598 | acc@3:0.556 | Best krc: 0.786 | Best epoch: 9
[2023-11-29 00:53:09] INFO (nni/MainThread) Intermediate result: 0.7803723449460224  (Index 30)
-----------------ETPA RESULT-------------------
Epoch 15: Validation	rmse: 24.31	mae: 18.05	mape: 38.93%	acc@10: 38.87%	acc@20: 68.16%	acc@30: 85.94%	
[2023-11-29 00:53:09] INFO (nni/MainThread) Intermediate result: 24.310664445182404  (Index 31)
*** Epoch: 16 ***
-----------------G2R RESULT-------------------

val result: krc:0.781 | lsd:0.648 | ed:0.977 | hr@1:0.662 | hr@2:0.865 | hr@3:0.909 | acc@1:0.662 | acc@2:0.599 | acc@3:0.558 | Best krc: 0.786 | Best epoch: 9
[2023-11-29 00:54:49] INFO (nni/MainThread) Intermediate result: 0.7813504434317727  (Index 32)
-----------------ETPA RESULT-------------------
Epoch 16: Validation	rmse: 23.99	mae: 17.86	mape: 38.6%	acc@10: 38.6%	acc@20: 68.57%	acc@30: 86.4%	
[2023-11-29 00:54:49] INFO (nni/MainThread) Intermediate result: 23.99062707925399  (Index 33)
*** Epoch: 17 ***
-----------------G2R RESULT-------------------

val result: krc:0.781 | lsd:0.679 | ed:0.987 | hr@1:0.686 | hr@2:0.857 | hr@3:0.912 | acc@1:0.686 | acc@2:0.601 | acc@3:0.567 | Best krc: 0.786 | Best epoch: 9
[2023-11-29 00:56:31] INFO (nni/MainThread) Intermediate result: 0.7812259440506051  (Index 34)
-----------------ETPA RESULT-------------------
Epoch 17: Validation	rmse: 23.78	mae: 17.75	mape: 38.41%	acc@10: 38.37%	acc@20: 68.58%	acc@30: 86.63%	
[2023-11-29 00:56:31] INFO (nni/MainThread) Intermediate result: 23.776537036943242  (Index 35)
*** Epoch: 18 ***
-----------------G2R RESULT-------------------

val result: krc:0.798 | lsd:0.625 | ed:0.915 | hr@1:0.682 | hr@2:0.869 | hr@3:0.918 | acc@1:0.682 | acc@2:0.619 | acc@3:0.583 | Best krc: 0.786 | Best epoch: 9
best model saved
[2023-11-29 00:58:13] INFO (nni/MainThread) Intermediate result: 0.7981296554099352  (Index 36)
-----------------ETPA RESULT-------------------
Epoch 18: Validation	rmse: 23.59	mae: 17.63	mape: 38.16%	acc@10: 38.49%	acc@20: 68.59%	acc@30: 87.01%	
[2023-11-29 00:58:13] INFO (nni/MainThread) Intermediate result: 23.586579796862495  (Index 37)
*** Epoch: 19 ***
-----------------G2R RESULT-------------------

val result: krc:0.791 | lsd:0.658 | ed:0.939 | hr@1:0.662 | hr@2:0.869 | hr@3:0.915 | acc@1:0.662 | acc@2:0.606 | acc@3:0.573 | Best krc: 0.798 | Best epoch: 18
[2023-11-29 00:59:54] INFO (nni/MainThread) Intermediate result: 0.7910410828381971  (Index 38)
-----------------ETPA RESULT-------------------
Epoch 19: Validation	rmse: 23.4	mae: 17.49	mape: 37.84%	acc@10: 38.75%	acc@20: 68.75%	acc@30: 87.34%	
[2023-11-29 00:59:54] INFO (nni/MainThread) Intermediate result: 23.39666699698831  (Index 39)
*** Epoch: 20 ***
-----------------G2R RESULT-------------------

val result: krc:0.794 | lsd:0.626 | ed:0.939 | hr@1:0.673 | hr@2:0.872 | hr@3:0.922 | acc@1:0.673 | acc@2:0.613 | acc@3:0.578 | Best krc: 0.798 | Best epoch: 18
[2023-11-29 01:01:34] INFO (nni/MainThread) Intermediate result: 0.794093560328803  (Index 40)
-----------------ETPA RESULT-------------------
Epoch 20: Validation	rmse: 23.16	mae: 17.35	mape: 37.6%	acc@10: 38.84%	acc@20: 69.2%	acc@30: 87.65%	
[2023-11-29 01:01:34] INFO (nni/MainThread) Intermediate result: 23.164649597116426  (Index 41)
*** Epoch: 21 ***
-----------------G2R RESULT-------------------

val result: krc:0.795 | lsd:0.629 | ed:0.934 | hr@1:0.683 | hr@2:0.87 | hr@3:0.921 | acc@1:0.683 | acc@2:0.62 | acc@3:0.582 | Best krc: 0.798 | Best epoch: 18
[2023-11-29 01:03:14] INFO (nni/MainThread) Intermediate result: 0.7951374538431818  (Index 42)
-----------------ETPA RESULT-------------------
Epoch 21: Validation	rmse: 22.98	mae: 17.24	mape: 37.42%	acc@10: 38.78%	acc@20: 69.46%	acc@30: 87.93%	
[2023-11-29 01:03:14] INFO (nni/MainThread) Intermediate result: 22.978583662107287  (Index 43)
*** Epoch: 22 ***
-----------------G2R RESULT-------------------

val result: krc:0.796 | lsd:0.631 | ed:0.924 | hr@1:0.679 | hr@2:0.868 | hr@3:0.92 | acc@1:0.679 | acc@2:0.613 | acc@3:0.585 | Best krc: 0.798 | Best epoch: 18
[2023-11-29 01:04:54] INFO (nni/MainThread) Intermediate result: 0.7962319479416111  (Index 44)
-----------------ETPA RESULT-------------------
Epoch 22: Validation	rmse: 22.83	mae: 17.17	mape: 37.38%	acc@10: 38.59%	acc@20: 69.97%	acc@30: 88.18%	
[2023-11-29 01:04:54] INFO (nni/MainThread) Intermediate result: 22.833051752410505  (Index 45)
*** Epoch: 23 ***
-----------------G2R RESULT-------------------

val result: krc:0.8 | lsd:0.616 | ed:0.906 | hr@1:0.682 | hr@2:0.87 | hr@3:0.918 | acc@1:0.682 | acc@2:0.622 | acc@3:0.588 | Best krc: 0.798 | Best epoch: 18
best model saved
[2023-11-29 01:06:36] INFO (nni/MainThread) Intermediate result: 0.7998106562339181  (Index 46)
-----------------ETPA RESULT-------------------
Epoch 23: Validation	rmse: 22.66	mae: 17.07	mape: 37.2%	acc@10: 38.67%	acc@20: 70.05%	acc@30: 88.41%	
[2023-11-29 01:06:36] INFO (nni/MainThread) Intermediate result: 22.65936437348172  (Index 47)
*** Epoch: 24 ***
-----------------G2R RESULT-------------------

val result: krc:0.79 | lsd:0.647 | ed:0.941 | hr@1:0.672 | hr@2:0.868 | hr@3:0.909 | acc@1:0.672 | acc@2:0.613 | acc@3:0.571 | Best krc: 0.8 | Best epoch: 23
[2023-11-29 01:08:16] INFO (nni/MainThread) Intermediate result: 0.7899841016325495  (Index 48)
-----------------ETPA RESULT-------------------
Epoch 24: Validation	rmse: 22.47	mae: 16.94	mape: 36.95%	acc@10: 38.75%	acc@20: 70.62%	acc@30: 88.62%	
[2023-11-29 01:08:16] INFO (nni/MainThread) Intermediate result: 22.470081227292994  (Index 49)
*** Epoch: 25 ***
-----------------G2R RESULT-------------------

val result: krc:0.802 | lsd:0.625 | ed:0.911 | hr@1:0.698 | hr@2:0.868 | hr@3:0.917 | acc@1:0.698 | acc@2:0.626 | acc@3:0.592 | Best krc: 0.8 | Best epoch: 23
best model saved
[2023-11-29 01:09:59] INFO (nni/MainThread) Intermediate result: 0.8018827230195835  (Index 50)
-----------------ETPA RESULT-------------------
Epoch 25: Validation	rmse: 22.29	mae: 16.81	mape: 36.64%	acc@10: 38.94%	acc@20: 70.79%	acc@30: 88.82%	
[2023-11-29 01:09:59] INFO (nni/MainThread) Intermediate result: 22.292716271083073  (Index 51)
*** Epoch: 26 ***
-----------------G2R RESULT-------------------

val result: krc:0.796 | lsd:0.63 | ed:0.927 | hr@1:0.687 | hr@2:0.869 | hr@3:0.913 | acc@1:0.687 | acc@2:0.62 | acc@3:0.581 | Best krc: 0.802 | Best epoch: 25
[2023-11-29 01:11:39] INFO (nni/MainThread) Intermediate result: 0.7958338819029682  (Index 52)
-----------------ETPA RESULT-------------------
Epoch 26: Validation	rmse: 22.13	mae: 16.71	mape: 36.44%	acc@10: 39.0%	acc@20: 71.06%	acc@30: 89.0%	
[2023-11-29 01:11:39] INFO (nni/MainThread) Intermediate result: 22.1339897377341  (Index 53)
*** Epoch: 27 ***
-----------------G2R RESULT-------------------

val result: krc:0.79 | lsd:0.696 | ed:0.965 | hr@1:0.721 | hr@2:0.857 | hr@3:0.914 | acc@1:0.721 | acc@2:0.627 | acc@3:0.591 | Best krc: 0.802 | Best epoch: 25
[2023-11-29 01:13:20] INFO (nni/MainThread) Intermediate result: 0.7901058743035131  (Index 54)
-----------------ETPA RESULT-------------------
Epoch 27: Validation	rmse: 21.91	mae: 16.59	mape: 36.24%	acc@10: 38.95%	acc@20: 71.65%	acc@30: 89.17%	
[2023-11-29 01:13:20] INFO (nni/MainThread) Intermediate result: 21.914116037813184  (Index 55)
*** Epoch: 28 ***
-----------------G2R RESULT-------------------

val result: krc:0.8 | lsd:0.614 | ed:0.922 | hr@1:0.707 | hr@2:0.869 | hr@3:0.921 | acc@1:0.707 | acc@2:0.629 | acc@3:0.595 | Best krc: 0.802 | Best epoch: 25
[2023-11-29 01:14:59] INFO (nni/MainThread) Intermediate result: 0.8000031204928449  (Index 56)
-----------------ETPA RESULT-------------------
Epoch 28: Validation	rmse: 21.77	mae: 16.5	mape: 36.07%	acc@10: 39.12%	acc@20: 71.77%	acc@30: 89.33%	
[2023-11-29 01:14:59] INFO (nni/MainThread) Intermediate result: 21.768854908736056  (Index 57)
*** Epoch: 29 ***
-----------------G2R RESULT-------------------

val result: krc:0.795 | lsd:0.631 | ed:0.916 | hr@1:0.687 | hr@2:0.874 | hr@3:0.919 | acc@1:0.687 | acc@2:0.624 | acc@3:0.59 | Best krc: 0.802 | Best epoch: 25
[2023-11-29 01:16:39] INFO (nni/MainThread) Intermediate result: 0.794749634889556  (Index 58)
-----------------ETPA RESULT-------------------
Epoch 29: Validation	rmse: 21.64	mae: 16.43	mape: 35.97%	acc@10: 39.17%	acc@20: 71.88%	acc@30: 89.38%	
[2023-11-29 01:16:39] INFO (nni/MainThread) Intermediate result: 21.644716137264375  (Index 59)
*** Epoch: 30 ***
-----------------G2R RESULT-------------------

val result: krc:0.8 | lsd:0.616 | ed:0.914 | hr@1:0.689 | hr@2:0.875 | hr@3:0.921 | acc@1:0.689 | acc@2:0.625 | acc@3:0.59 | Best krc: 0.802 | Best epoch: 25
[2023-11-29 01:18:21] INFO (nni/MainThread) Intermediate result: 0.800389303485062  (Index 60)
-----------------ETPA RESULT-------------------
Epoch 30: Validation	rmse: 21.47	mae: 16.34	mape: 35.81%	acc@10: 38.91%	acc@20: 72.18%	acc@30: 89.52%	
[2023-11-29 01:18:21] INFO (nni/MainThread) Intermediate result: 21.472707988293788  (Index 61)
*** Epoch: 31 ***
-----------------G2R RESULT-------------------

val result: krc:0.802 | lsd:0.608 | ed:0.907 | hr@1:0.692 | hr@2:0.879 | hr@3:0.918 | acc@1:0.692 | acc@2:0.633 | acc@3:0.596 | Best krc: 0.802 | Best epoch: 25
[2023-11-29 01:20:03] INFO (nni/MainThread) Intermediate result: 0.8016665211418164  (Index 62)
-----------------ETPA RESULT-------------------
Epoch 31: Validation	rmse: 21.4	mae: 16.3	mape: 35.7%	acc@10: 39.06%	acc@20: 71.88%	acc@30: 89.65%	
[2023-11-29 01:20:03] INFO (nni/MainThread) Intermediate result: 21.39525569226438  (Index 63)
*** Epoch: 32 ***
-----------------G2R RESULT-------------------

val result: krc:0.781 | lsd:0.666 | ed:0.968 | hr@1:0.668 | hr@2:0.869 | hr@3:0.912 | acc@1:0.668 | acc@2:0.606 | acc@3:0.565 | Best krc: 0.802 | Best epoch: 25
[2023-11-29 01:21:43] INFO (nni/MainThread) Intermediate result: 0.7810616878303805  (Index 64)
-----------------ETPA RESULT-------------------
Epoch 32: Validation	rmse: 21.22	mae: 16.21	mape: 35.53%	acc@10: 38.92%	acc@20: 72.35%	acc@30: 89.87%	
[2023-11-29 01:21:43] INFO (nni/MainThread) Intermediate result: 21.222463747716798  (Index 65)
*** Epoch: 33 ***
-----------------G2R RESULT-------------------

val result: krc:0.795 | lsd:0.601 | ed:0.914 | hr@1:0.685 | hr@2:0.874 | hr@3:0.92 | acc@1:0.685 | acc@2:0.621 | acc@3:0.585 | Best krc: 0.802 | Best epoch: 25
[2023-11-29 01:23:23] INFO (nni/MainThread) Intermediate result: 0.794700584197742  (Index 66)
-----------------ETPA RESULT-------------------
Epoch 33: Validation	rmse: 21.07	mae: 16.13	mape: 35.43%	acc@10: 38.79%	acc@20: 72.43%	acc@30: 90.07%	
[2023-11-29 01:23:23] INFO (nni/MainThread) Intermediate result: 21.069441321972633  (Index 67)
*** Epoch: 34 ***
-----------------G2R RESULT-------------------

val result: krc:0.799 | lsd:0.62 | ed:0.913 | hr@1:0.699 | hr@2:0.878 | hr@3:0.92 | acc@1:0.699 | acc@2:0.635 | acc@3:0.597 | Best krc: 0.802 | Best epoch: 25
[2023-11-29 01:25:03] INFO (nni/MainThread) Intermediate result: 0.7990486897351786  (Index 68)
-----------------ETPA RESULT-------------------
Epoch 34: Validation	rmse: 20.95	mae: 16.07	mape: 35.31%	acc@10: 38.75%	acc@20: 72.41%	acc@30: 90.18%	
[2023-11-29 01:25:03] INFO (nni/MainThread) Intermediate result: 20.94922730166774  (Index 69)
*** Epoch: 35 ***
-----------------G2R RESULT-------------------

val result: krc:0.811 | lsd:0.589 | ed:0.892 | hr@1:0.72 | hr@2:0.878 | hr@3:0.924 | acc@1:0.72 | acc@2:0.647 | acc@3:0.61 | Best krc: 0.802 | Best epoch: 25
best model saved
[2023-11-29 01:26:52] INFO (nni/MainThread) Intermediate result: 0.8106030198728056  (Index 70)
-----------------ETPA RESULT-------------------
Epoch 35: Validation	rmse: 20.86	mae: 16.02	mape: 35.21%	acc@10: 38.72%	acc@20: 72.57%	acc@30: 90.28%	
[2023-11-29 01:26:52] INFO (nni/MainThread) Intermediate result: 20.856900736621967  (Index 71)
*** Epoch: 36 ***
-----------------G2R RESULT-------------------

val result: krc:0.812 | lsd:0.579 | ed:0.871 | hr@1:0.718 | hr@2:0.877 | hr@3:0.922 | acc@1:0.718 | acc@2:0.647 | acc@3:0.612 | Best krc: 0.811 | Best epoch: 35
best model saved
[2023-11-29 01:28:40] INFO (nni/MainThread) Intermediate result: 0.8122611440932386  (Index 72)
-----------------ETPA RESULT-------------------
Epoch 36: Validation	rmse: 20.73	mae: 15.97	mape: 35.14%	acc@10: 38.6%	acc@20: 72.72%	acc@30: 90.46%	
[2023-11-29 01:28:40] INFO (nni/MainThread) Intermediate result: 20.727044192339264  (Index 73)
*** Epoch: 37 ***
-----------------G2R RESULT-------------------

val result: krc:0.808 | lsd:0.589 | ed:0.864 | hr@1:0.707 | hr@2:0.873 | hr@3:0.921 | acc@1:0.707 | acc@2:0.641 | acc@3:0.608 | Best krc: 0.812 | Best epoch: 36
[2023-11-29 01:30:23] INFO (nni/MainThread) Intermediate result: 0.807932497307224  (Index 74)
-----------------ETPA RESULT-------------------
Epoch 37: Validation	rmse: 20.61	mae: 15.9	mape: 35.01%	acc@10: 38.73%	acc@20: 72.78%	acc@30: 90.54%	
[2023-11-29 01:30:23] INFO (nni/MainThread) Intermediate result: 20.610185554766147  (Index 75)
*** Epoch: 38 ***
-----------------G2R RESULT-------------------

val result: krc:0.796 | lsd:0.621 | ed:0.908 | hr@1:0.686 | hr@2:0.874 | hr@3:0.92 | acc@1:0.686 | acc@2:0.627 | acc@3:0.592 | Best krc: 0.812 | Best epoch: 36
[2023-11-29 01:32:05] INFO (nni/MainThread) Intermediate result: 0.795735023369479  (Index 76)
-----------------ETPA RESULT-------------------
Epoch 38: Validation	rmse: 20.5	mae: 15.84	mape: 34.87%	acc@10: 38.62%	acc@20: 73.08%	acc@30: 90.62%	
[2023-11-29 01:32:05] INFO (nni/MainThread) Intermediate result: 20.49767495121903  (Index 77)
*** Epoch: 39 ***
-----------------G2R RESULT-------------------

val result: krc:0.801 | lsd:0.612 | ed:0.895 | hr@1:0.688 | hr@2:0.875 | hr@3:0.919 | acc@1:0.688 | acc@2:0.628 | acc@3:0.59 | Best krc: 0.812 | Best epoch: 36
[2023-11-29 01:33:44] INFO (nni/MainThread) Intermediate result: 0.8008681208506307  (Index 78)
-----------------ETPA RESULT-------------------
Epoch 39: Validation	rmse: 20.42	mae: 15.82	mape: 34.84%	acc@10: 38.59%	acc@20: 72.97%	acc@30: 90.7%	
[2023-11-29 01:33:44] INFO (nni/MainThread) Intermediate result: 20.42401761658693  (Index 79)
*** Epoch: 40 ***
-----------------G2R RESULT-------------------

val result: krc:0.785 | lsd:0.62 | ed:0.948 | hr@1:0.669 | hr@2:0.873 | hr@3:0.914 | acc@1:0.669 | acc@2:0.608 | acc@3:0.568 | Best krc: 0.812 | Best epoch: 36
[2023-11-29 01:35:26] INFO (nni/MainThread) Intermediate result: 0.7851268348163843  (Index 80)
-----------------ETPA RESULT-------------------
Epoch 40: Validation	rmse: 20.29	mae: 15.75	mape: 34.71%	acc@10: 38.57%	acc@20: 73.25%	acc@30: 90.93%	
[2023-11-29 01:35:26] INFO (nni/MainThread) Intermediate result: 20.285387251604096  (Index 81)
*** Epoch: 41 ***
-----------------G2R RESULT-------------------

val result: krc:0.802 | lsd:0.625 | ed:0.905 | hr@1:0.715 | hr@2:0.874 | hr@3:0.921 | acc@1:0.715 | acc@2:0.64 | acc@3:0.602 | Best krc: 0.812 | Best epoch: 36
[2023-11-29 01:37:07] INFO (nni/MainThread) Intermediate result: 0.8018757210012128  (Index 82)
-----------------ETPA RESULT-------------------
Epoch 41: Validation	rmse: 20.25	mae: 15.74	mape: 34.66%	acc@10: 38.69%	acc@20: 73.07%	acc@30: 91.0%	
[2023-11-29 01:37:07] INFO (nni/MainThread) Intermediate result: 20.246748852784236  (Index 83)
*** Epoch: 42 ***
-----------------G2R RESULT-------------------

val result: krc:0.804 | lsd:0.623 | ed:0.899 | hr@1:0.711 | hr@2:0.876 | hr@3:0.922 | acc@1:0.711 | acc@2:0.644 | acc@3:0.605 | Best krc: 0.812 | Best epoch: 36
[2023-11-29 01:38:46] INFO (nni/MainThread) Intermediate result: 0.8035991057154154  (Index 84)
-----------------ETPA RESULT-------------------
Epoch 42: Validation	rmse: 20.19	mae: 15.69	mape: 34.53%	acc@10: 38.88%	acc@20: 73.04%	acc@30: 90.99%	
[2023-11-29 01:38:46] INFO (nni/MainThread) Intermediate result: 20.189346027274667  (Index 85)
*** Epoch: 43 ***
-----------------G2R RESULT-------------------

val result: krc:0.785 | lsd:0.64 | ed:0.951 | hr@1:0.672 | hr@2:0.871 | hr@3:0.914 | acc@1:0.672 | acc@2:0.611 | acc@3:0.575 | Best krc: 0.812 | Best epoch: 36
[2023-11-29 01:40:26] INFO (nni/MainThread) Intermediate result: 0.7848538418455341  (Index 86)
-----------------ETPA RESULT-------------------
Epoch 43: Validation	rmse: 20.12	mae: 15.66	mape: 34.45%	acc@10: 38.92%	acc@20: 72.94%	acc@30: 91.05%	
[2023-11-29 01:40:26] INFO (nni/MainThread) Intermediate result: 20.122623356649154  (Index 87)
*** Epoch: 44 ***
-----------------G2R RESULT-------------------

val result: krc:0.807 | lsd:0.607 | ed:0.889 | hr@1:0.707 | hr@2:0.879 | hr@3:0.925 | acc@1:0.707 | acc@2:0.644 | acc@3:0.609 | Best krc: 0.812 | Best epoch: 36
[2023-11-29 01:42:06] INFO (nni/MainThread) Intermediate result: 0.8069494517854813  (Index 88)
-----------------ETPA RESULT-------------------
Epoch 44: Validation	rmse: 20.05	mae: 15.61	mape: 34.34%	acc@10: 38.96%	acc@20: 72.78%	acc@30: 91.18%	
[2023-11-29 01:42:06] INFO (nni/MainThread) Intermediate result: 20.046818220247346  (Index 89)
*** Epoch: 45 ***
-----------------G2R RESULT-------------------

val result: krc:0.811 | lsd:0.603 | ed:0.867 | hr@1:0.726 | hr@2:0.873 | hr@3:0.92 | acc@1:0.726 | acc@2:0.656 | acc@3:0.62 | Best krc: 0.812 | Best epoch: 36
[2023-11-29 01:43:45] INFO (nni/MainThread) Intermediate result: 0.8112699300893442  (Index 90)
-----------------ETPA RESULT-------------------
Epoch 45: Validation	rmse: 19.97	mae: 15.57	mape: 34.25%	acc@10: 38.93%	acc@20: 72.76%	acc@30: 91.3%	
[2023-11-29 01:43:45] INFO (nni/MainThread) Intermediate result: 19.966275391833914  (Index 91)
*** Epoch: 46 ***
-----------------G2R RESULT-------------------

val result: krc:0.803 | lsd:0.616 | ed:0.905 | hr@1:0.704 | hr@2:0.875 | hr@3:0.92 | acc@1:0.704 | acc@2:0.634 | acc@3:0.6 | Best krc: 0.812 | Best epoch: 36
[2023-11-29 01:45:26] INFO (nni/MainThread) Intermediate result: 0.8025513898885126  (Index 92)
-----------------ETPA RESULT-------------------
Epoch 46: Validation	rmse: 19.9	mae: 15.54	mape: 34.2%	acc@10: 39.03%	acc@20: 72.61%	acc@30: 91.42%	
[2023-11-29 01:45:26] INFO (nni/MainThread) Intermediate result: 19.899255461165442  (Index 93)
*** Epoch: 47 ***
-----------------G2R RESULT-------------------

val result: krc:0.81 | lsd:0.591 | ed:0.87 | hr@1:0.705 | hr@2:0.878 | hr@3:0.922 | acc@1:0.705 | acc@2:0.645 | acc@3:0.611 | Best krc: 0.812 | Best epoch: 36
[2023-11-29 01:47:07] INFO (nni/MainThread) Intermediate result: 0.8098038016009158  (Index 94)
-----------------ETPA RESULT-------------------
Epoch 47: Validation	rmse: 19.81	mae: 15.51	mape: 34.13%	acc@10: 38.74%	acc@20: 72.72%	acc@30: 91.6%	
[2023-11-29 01:47:07] INFO (nni/MainThread) Intermediate result: 19.809466303504564  (Index 95)
*** Epoch: 48 ***
-----------------G2R RESULT-------------------

val result: krc:0.815 | lsd:0.586 | ed:0.855 | hr@1:0.714 | hr@2:0.881 | hr@3:0.924 | acc@1:0.714 | acc@2:0.652 | acc@3:0.619 | Best krc: 0.812 | Best epoch: 36
best model saved
[2023-11-29 01:48:49] INFO (nni/MainThread) Intermediate result: 0.8154480286268655  (Index 96)
-----------------ETPA RESULT-------------------
Epoch 48: Validation	rmse: 19.71	mae: 15.45	mape: 34.02%	acc@10: 38.78%	acc@20: 72.9%	acc@30: 91.71%	
[2023-11-29 01:48:49] INFO (nni/MainThread) Intermediate result: 19.70926455137344  (Index 97)
*** Epoch: 49 ***
-----------------G2R RESULT-------------------

val result: krc:0.807 | lsd:0.589 | ed:0.89 | hr@1:0.717 | hr@2:0.875 | hr@3:0.922 | acc@1:0.717 | acc@2:0.647 | acc@3:0.606 | Best krc: 0.815 | Best epoch: 48
[2023-11-29 01:50:29] INFO (nni/MainThread) Intermediate result: 0.8070850333814916  (Index 98)
-----------------ETPA RESULT-------------------
Epoch 49: Validation	rmse: 19.64	mae: 15.41	mape: 33.92%	acc@10: 38.75%	acc@20: 72.94%	acc@30: 91.75%	
[2023-11-29 01:50:29] INFO (nni/MainThread) Intermediate result: 19.64085058063829  (Index 99)
*** Epoch: 50 ***
-----------------G2R RESULT-------------------

val result: krc:0.812 | lsd:0.596 | ed:0.881 | hr@1:0.714 | hr@2:0.875 | hr@3:0.924 | acc@1:0.714 | acc@2:0.642 | acc@3:0.61 | Best krc: 0.815 | Best epoch: 48
[2023-11-29 01:52:10] INFO (nni/MainThread) Intermediate result: 0.8115093140191522  (Index 100)
-----------------ETPA RESULT-------------------
Epoch 50: Validation	rmse: 19.56	mae: 15.38	mape: 33.85%	acc@10: 38.73%	acc@20: 72.98%	acc@30: 91.91%	
[2023-11-29 01:52:10] INFO (nni/MainThread) Intermediate result: 19.560795329292052  (Index 101)
*** Epoch: 51 ***
-----------------G2R RESULT-------------------

val result: krc:0.813 | lsd:0.583 | ed:0.853 | hr@1:0.714 | hr@2:0.882 | hr@3:0.926 | acc@1:0.714 | acc@2:0.659 | acc@3:0.624 | Best krc: 0.815 | Best epoch: 48
[2023-11-29 01:53:50] INFO (nni/MainThread) Intermediate result: 0.8132133412588158  (Index 102)
-----------------ETPA RESULT-------------------
Epoch 51: Validation	rmse: 19.51	mae: 15.36	mape: 33.82%	acc@10: 38.82%	acc@20: 72.96%	acc@30: 92.01%	
[2023-11-29 01:53:50] INFO (nni/MainThread) Intermediate result: 19.511671916709766  (Index 103)
*** Epoch: 52 ***
-----------------G2R RESULT-------------------

val result: krc:0.802 | lsd:0.605 | ed:0.912 | hr@1:0.707 | hr@2:0.877 | hr@3:0.921 | acc@1:0.707 | acc@2:0.639 | acc@3:0.599 | Best krc: 0.815 | Best epoch: 48
[2023-11-29 01:55:30] INFO (nni/MainThread) Intermediate result: 0.8023949559323411  (Index 104)
-----------------ETPA RESULT-------------------
Epoch 52: Validation	rmse: 19.48	mae: 15.35	mape: 33.77%	acc@10: 38.92%	acc@20: 72.76%	acc@30: 92.04%	
[2023-11-29 01:55:31] INFO (nni/MainThread) Intermediate result: 19.48231155250454  (Index 105)
*** Epoch: 53 ***
-----------------G2R RESULT-------------------

val result: krc:0.815 | lsd:0.59 | ed:0.859 | hr@1:0.735 | hr@2:0.879 | hr@3:0.925 | acc@1:0.735 | acc@2:0.662 | acc@3:0.625 | Best krc: 0.815 | Best epoch: 48
[2023-11-29 01:57:11] INFO (nni/MainThread) Intermediate result: 0.8153389893398638  (Index 106)
-----------------ETPA RESULT-------------------
Epoch 53: Validation	rmse: 19.41	mae: 15.31	mape: 33.68%	acc@10: 38.83%	acc@20: 72.92%	acc@30: 92.13%	
[2023-11-29 01:57:11] INFO (nni/MainThread) Intermediate result: 19.412493413683222  (Index 107)
*** Epoch: 54 ***
-----------------G2R RESULT-------------------

val result: krc:0.811 | lsd:0.602 | ed:0.884 | hr@1:0.726 | hr@2:0.875 | hr@3:0.922 | acc@1:0.726 | acc@2:0.651 | acc@3:0.615 | Best krc: 0.815 | Best epoch: 48
[2023-11-29 01:58:51] INFO (nni/MainThread) Intermediate result: 0.8111913854983378  (Index 108)
-----------------ETPA RESULT-------------------
Epoch 54: Validation	rmse: 19.35	mae: 15.28	mape: 33.61%	acc@10: 38.81%	acc@20: 73.01%	acc@30: 92.16%	
[2023-11-29 01:58:51] INFO (nni/MainThread) Intermediate result: 19.3535743483746  (Index 109)
*** Epoch: 55 ***
-----------------G2R RESULT-------------------

val result: krc:0.806 | lsd:0.653 | ed:0.888 | hr@1:0.724 | hr@2:0.865 | hr@3:0.92 | acc@1:0.724 | acc@2:0.642 | acc@3:0.61 | Best krc: 0.815 | Best epoch: 48
[2023-11-29 02:00:31] INFO (nni/MainThread) Intermediate result: 0.8062102871460108  (Index 110)
-----------------ETPA RESULT-------------------
Epoch 55: Validation	rmse: 19.33	mae: 15.27	mape: 33.58%	acc@10: 38.84%	acc@20: 72.82%	acc@30: 92.19%	
[2023-11-29 02:00:31] INFO (nni/MainThread) Intermediate result: 19.334283953684395  (Index 111)
*** Epoch: 56 ***
-----------------G2R RESULT-------------------

val result: krc:0.806 | lsd:0.62 | ed:0.907 | hr@1:0.711 | hr@2:0.873 | hr@3:0.921 | acc@1:0.711 | acc@2:0.637 | acc@3:0.601 | Best krc: 0.815 | Best epoch: 48
[2023-11-29 02:02:11] INFO (nni/MainThread) Intermediate result: 0.8059066729639531  (Index 112)
-----------------ETPA RESULT-------------------
Epoch 56: Validation	rmse: 19.31	mae: 15.26	mape: 33.54%	acc@10: 38.93%	acc@20: 72.7%	acc@30: 92.21%	
[2023-11-29 02:02:11] INFO (nni/MainThread) Intermediate result: 19.313986362738763  (Index 113)
*** Epoch: 57 ***
-----------------G2R RESULT-------------------

val result: krc:0.81 | lsd:0.597 | ed:0.891 | hr@1:0.711 | hr@2:0.875 | hr@3:0.922 | acc@1:0.711 | acc@2:0.643 | acc@3:0.607 | Best krc: 0.815 | Best epoch: 48
[2023-11-29 02:03:51] INFO (nni/MainThread) Intermediate result: 0.8098981408557271  (Index 114)
-----------------ETPA RESULT-------------------
Epoch 57: Validation	rmse: 19.28	mae: 15.25	mape: 33.52%	acc@10: 38.85%	acc@20: 72.63%	acc@30: 92.3%	
[2023-11-29 02:03:51] INFO (nni/MainThread) Intermediate result: 19.275607955518517  (Index 115)
*** Epoch: 58 ***
-----------------G2R RESULT-------------------

val result: krc:0.812 | lsd:0.604 | ed:0.881 | hr@1:0.712 | hr@2:0.874 | hr@3:0.923 | acc@1:0.712 | acc@2:0.642 | acc@3:0.611 | Best krc: 0.815 | Best epoch: 48
[2023-11-29 02:05:30] INFO (nni/MainThread) Intermediate result: 0.8124855141295892  (Index 116)
-----------------ETPA RESULT-------------------
Epoch 58: Validation	rmse: 19.21	mae: 15.22	mape: 33.45%	acc@10: 38.77%	acc@20: 72.72%	acc@30: 92.37%	
[2023-11-29 02:05:30] INFO (nni/MainThread) Intermediate result: 19.21079297834912  (Index 117)
*** Epoch: 59 ***
-----------------G2R RESULT-------------------

val result: krc:0.812 | lsd:0.614 | ed:0.871 | hr@1:0.715 | hr@2:0.874 | hr@3:0.923 | acc@1:0.715 | acc@2:0.648 | acc@3:0.616 | Best krc: 0.815 | Best epoch: 48
[2023-11-29 02:07:10] INFO (nni/MainThread) Intermediate result: 0.8123458526606755  (Index 118)
-----------------ETPA RESULT-------------------
Epoch 59: Validation	rmse: 19.17	mae: 15.21	mape: 33.41%	acc@10: 38.8%	acc@20: 72.6%	acc@30: 92.45%	
[2023-11-29 02:07:10] INFO (nni/MainThread) Intermediate result: 19.17436979811081  (Index 119)
*** Epoch: 60 ***
-----------------G2R RESULT-------------------

val result: krc:0.816 | lsd:0.594 | ed:0.866 | hr@1:0.718 | hr@2:0.88 | hr@3:0.923 | acc@1:0.718 | acc@2:0.657 | acc@3:0.617 | Best krc: 0.815 | Best epoch: 48
best model saved
[2023-11-29 02:08:51] INFO (nni/MainThread) Intermediate result: 0.8159896541619323  (Index 120)
-----------------ETPA RESULT-------------------
Epoch 60: Validation	rmse: 19.15	mae: 15.21	mape: 33.4%	acc@10: 38.73%	acc@20: 72.59%	acc@30: 92.47%	
[2023-11-29 02:08:51] INFO (nni/MainThread) Intermediate result: 19.151948919737126  (Index 121)
*** Epoch: 61 ***
-----------------G2R RESULT-------------------

val result: krc:0.82 | lsd:0.576 | ed:0.846 | hr@1:0.727 | hr@2:0.879 | hr@3:0.924 | acc@1:0.727 | acc@2:0.661 | acc@3:0.627 | Best krc: 0.816 | Best epoch: 60
best model saved
[2023-11-29 02:10:32] INFO (nni/MainThread) Intermediate result: 0.8195310081099323  (Index 122)
-----------------ETPA RESULT-------------------
Epoch 61: Validation	rmse: 19.1	mae: 15.19	mape: 33.36%	acc@10: 38.61%	acc@20: 72.63%	acc@30: 92.59%	
[2023-11-29 02:10:32] INFO (nni/MainThread) Intermediate result: 19.10204250781223  (Index 123)
*** Epoch: 62 ***
-----------------G2R RESULT-------------------

val result: krc:0.815 | lsd:0.591 | ed:0.873 | hr@1:0.716 | hr@2:0.875 | hr@3:0.923 | acc@1:0.716 | acc@2:0.649 | acc@3:0.614 | Best krc: 0.82 | Best epoch: 61
[2023-11-29 02:12:12] INFO (nni/MainThread) Intermediate result: 0.8149360409788919  (Index 124)
-----------------ETPA RESULT-------------------
Epoch 62: Validation	rmse: 19.07	mae: 15.16	mape: 33.3%	acc@10: 38.59%	acc@20: 72.82%	acc@30: 92.61%	
[2023-11-29 02:12:12] INFO (nni/MainThread) Intermediate result: 19.06671571934803  (Index 125)
*** Epoch: 63 ***
-----------------G2R RESULT-------------------

val result: krc:0.817 | lsd:0.609 | ed:0.864 | hr@1:0.726 | hr@2:0.875 | hr@3:0.924 | acc@1:0.726 | acc@2:0.658 | acc@3:0.623 | Best krc: 0.82 | Best epoch: 61
[2023-11-29 02:13:54] INFO (nni/MainThread) Intermediate result: 0.817234886767025  (Index 126)
-----------------ETPA RESULT-------------------
Epoch 63: Validation	rmse: 19.04	mae: 15.16	mape: 33.29%	acc@10: 38.62%	acc@20: 72.71%	acc@30: 92.72%	
[2023-11-29 02:13:54] INFO (nni/MainThread) Intermediate result: 19.03702098697181  (Index 127)
*** Epoch: 64 ***
-----------------G2R RESULT-------------------

val result: krc:0.802 | lsd:0.645 | ed:0.892 | hr@1:0.695 | hr@2:0.87 | hr@3:0.919 | acc@1:0.695 | acc@2:0.632 | acc@3:0.598 | Best krc: 0.82 | Best epoch: 61
[2023-11-29 02:15:36] INFO (nni/MainThread) Intermediate result: 0.8023330265743908  (Index 128)
-----------------ETPA RESULT-------------------
Epoch 64: Validation	rmse: 19.02	mae: 15.15	mape: 33.26%	acc@10: 38.75%	acc@20: 72.64%	acc@30: 92.74%	
[2023-11-29 02:15:36] INFO (nni/MainThread) Intermediate result: 19.01825873539217  (Index 129)
*** Epoch: 65 ***
-----------------G2R RESULT-------------------

val result: krc:0.814 | lsd:0.602 | ed:0.868 | hr@1:0.72 | hr@2:0.875 | hr@3:0.922 | acc@1:0.72 | acc@2:0.65 | acc@3:0.612 | Best krc: 0.82 | Best epoch: 61
[2023-11-29 02:17:15] INFO (nni/MainThread) Intermediate result: 0.8142679571800691  (Index 130)
-----------------ETPA RESULT-------------------
Epoch 65: Validation	rmse: 18.98	mae: 15.14	mape: 33.27%	acc@10: 38.68%	acc@20: 72.63%	acc@30: 92.85%	
[2023-11-29 02:17:15] INFO (nni/MainThread) Intermediate result: 18.975973472252406  (Index 131)
*** Epoch: 66 ***
-----------------G2R RESULT-------------------

val result: krc:0.8 | lsd:0.639 | ed:0.916 | hr@1:0.7 | hr@2:0.871 | hr@3:0.922 | acc@1:0.7 | acc@2:0.631 | acc@3:0.598 | Best krc: 0.82 | Best epoch: 61
[2023-11-29 02:18:55] INFO (nni/MainThread) Intermediate result: 0.7995989037440723  (Index 132)
-----------------ETPA RESULT-------------------
Epoch 66: Validation	rmse: 18.96	mae: 15.14	mape: 33.25%	acc@10: 38.85%	acc@20: 72.53%	acc@30: 92.86%	
[2023-11-29 02:18:55] INFO (nni/MainThread) Intermediate result: 18.963831286170617  (Index 133)
*** Epoch: 67 ***
-----------------G2R RESULT-------------------

val result: krc:0.816 | lsd:0.58 | ed:0.868 | hr@1:0.721 | hr@2:0.882 | hr@3:0.925 | acc@1:0.721 | acc@2:0.656 | acc@3:0.618 | Best krc: 0.82 | Best epoch: 61
[2023-11-29 02:20:35] INFO (nni/MainThread) Intermediate result: 0.8162426881447432  (Index 134)
-----------------ETPA RESULT-------------------
Epoch 67: Validation	rmse: 18.95	mae: 15.13	mape: 33.22%	acc@10: 38.88%	acc@20: 72.43%	acc@30: 92.88%	
[2023-11-29 02:20:35] INFO (nni/MainThread) Intermediate result: 18.946311051521125  (Index 135)
*** Epoch: 68 ***
-----------------G2R RESULT-------------------

val result: krc:0.814 | lsd:0.595 | ed:0.868 | hr@1:0.718 | hr@2:0.878 | hr@3:0.925 | acc@1:0.718 | acc@2:0.652 | acc@3:0.619 | Best krc: 0.82 | Best epoch: 61
[2023-11-29 02:22:15] INFO (nni/MainThread) Intermediate result: 0.8139806948464577  (Index 136)
-----------------ETPA RESULT-------------------
Epoch 68: Validation	rmse: 18.93	mae: 15.12	mape: 33.2%	acc@10: 38.9%	acc@20: 72.42%	acc@30: 92.89%	
[2023-11-29 02:22:15] INFO (nni/MainThread) Intermediate result: 18.927143033125237  (Index 137)
*** Epoch: 69 ***
-----------------G2R RESULT-------------------

val result: krc:0.818 | lsd:0.579 | ed:0.864 | hr@1:0.726 | hr@2:0.878 | hr@3:0.925 | acc@1:0.726 | acc@2:0.656 | acc@3:0.622 | Best krc: 0.82 | Best epoch: 61
[2023-11-29 02:23:52] INFO (nni/MainThread) Intermediate result: 0.8178962956750451  (Index 138)
-----------------ETPA RESULT-------------------
Epoch 69: Validation	rmse: 18.93	mae: 15.13	mape: 33.22%	acc@10: 38.88%	acc@20: 72.28%	acc@30: 92.86%	
[2023-11-29 02:23:52] INFO (nni/MainThread) Intermediate result: 18.932278977118074  (Index 139)
*** Epoch: 70 ***
-----------------G2R RESULT-------------------

val result: krc:0.819 | lsd:0.582 | ed:0.863 | hr@1:0.732 | hr@2:0.879 | hr@3:0.926 | acc@1:0.732 | acc@2:0.658 | acc@3:0.621 | Best krc: 0.82 | Best epoch: 61
[2023-11-29 02:25:31] INFO (nni/MainThread) Intermediate result: 0.8193573214911213  (Index 140)
-----------------ETPA RESULT-------------------
Epoch 70: Validation	rmse: 18.93	mae: 15.14	mape: 33.24%	acc@10: 38.73%	acc@20: 72.23%	acc@30: 92.83%	
[2023-11-29 02:25:31] INFO (nni/MainThread) Intermediate result: 18.929833961741295  (Index 141)
*** Epoch: 71 ***
-----------------G2R RESULT-------------------

val result: krc:0.819 | lsd:0.59 | ed:0.852 | hr@1:0.727 | hr@2:0.875 | hr@3:0.923 | acc@1:0.727 | acc@2:0.655 | acc@3:0.62 | Best krc: 0.82 | Best epoch: 61
[2023-11-29 02:27:10] INFO (nni/MainThread) Intermediate result: 0.8187417372987991  (Index 142)
-----------------ETPA RESULT-------------------
Epoch 71: Validation	rmse: 18.89	mae: 15.13	mape: 33.23%	acc@10: 38.63%	acc@20: 72.22%	acc@30: 92.93%	
[2023-11-29 02:27:10] INFO (nni/MainThread) Intermediate result: 18.893579674040556  (Index 143)
*** Epoch: 72 ***
-----------------G2R RESULT-------------------

val result: krc:0.81 | lsd:0.595 | ed:0.896 | hr@1:0.711 | hr@2:0.873 | hr@3:0.924 | acc@1:0.711 | acc@2:0.639 | acc@3:0.608 | Best krc: 0.82 | Best epoch: 61
[2023-11-29 02:28:50] INFO (nni/MainThread) Intermediate result: 0.8102997477024587  (Index 144)
-----------------ETPA RESULT-------------------
Epoch 72: Validation	rmse: 18.9	mae: 15.13	mape: 33.24%	acc@10: 38.66%	acc@20: 72.17%	acc@30: 92.89%	
[2023-11-29 02:28:50] INFO (nni/MainThread) Intermediate result: 18.895218461033444  (Index 145)
*** Epoch: 73 ***
-----------------G2R RESULT-------------------

val result: krc:0.818 | lsd:0.582 | ed:0.852 | hr@1:0.731 | hr@2:0.879 | hr@3:0.924 | acc@1:0.731 | acc@2:0.659 | acc@3:0.617 | Best krc: 0.82 | Best epoch: 61
[2023-11-29 02:30:30] INFO (nni/MainThread) Intermediate result: 0.817909785238163  (Index 146)
-----------------ETPA RESULT-------------------
Epoch 73: Validation	rmse: 18.88	mae: 15.14	mape: 33.27%	acc@10: 38.64%	acc@20: 72.13%	acc@30: 92.91%	
[2023-11-29 02:30:30] INFO (nni/MainThread) Intermediate result: 18.88129263422989  (Index 147)
*** Epoch: 74 ***
-----------------G2R RESULT-------------------

val result: krc:0.819 | lsd:0.598 | ed:0.847 | hr@1:0.729 | hr@2:0.873 | hr@3:0.925 | acc@1:0.729 | acc@2:0.655 | acc@3:0.626 | Best krc: 0.82 | Best epoch: 61
[2023-11-29 02:32:09] INFO (nni/MainThread) Intermediate result: 0.8191763720578762  (Index 148)
-----------------ETPA RESULT-------------------
Epoch 74: Validation	rmse: 18.89	mae: 15.14	mape: 33.27%	acc@10: 38.71%	acc@20: 72.04%	acc@30: 92.88%	
[2023-11-29 02:32:09] INFO (nni/MainThread) Intermediate result: 18.889638191416786  (Index 149)
*** Epoch: 75 ***
-----------------G2R RESULT-------------------

val result: krc:0.816 | lsd:0.558 | ed:0.881 | hr@1:0.725 | hr@2:0.879 | hr@3:0.922 | acc@1:0.725 | acc@2:0.65 | acc@3:0.613 | Best krc: 0.82 | Best epoch: 61
[2023-11-29 02:33:49] INFO (nni/MainThread) Intermediate result: 0.8156690510254129  (Index 150)
-----------------ETPA RESULT-------------------
Epoch 75: Validation	rmse: 18.87	mae: 15.14	mape: 33.27%	acc@10: 38.69%	acc@20: 72.0%	acc@30: 92.89%	
[2023-11-29 02:33:49] INFO (nni/MainThread) Intermediate result: 18.87443809582444  (Index 151)
*** Epoch: 76 ***
-----------------G2R RESULT-------------------

val result: krc:0.815 | lsd:0.601 | ed:0.863 | hr@1:0.734 | hr@2:0.872 | hr@3:0.924 | acc@1:0.734 | acc@2:0.655 | acc@3:0.622 | Best krc: 0.82 | Best epoch: 61
[2023-11-29 02:35:29] INFO (nni/MainThread) Intermediate result: 0.8153409330147414  (Index 152)
-----------------ETPA RESULT-------------------
Epoch 76: Validation	rmse: 18.87	mae: 15.15	mape: 33.3%	acc@10: 38.64%	acc@20: 71.88%	acc@30: 92.86%	
[2023-11-29 02:35:29] INFO (nni/MainThread) Intermediate result: 18.87363158767751  (Index 153)
*** Epoch: 77 ***
-----------------G2R RESULT-------------------

val result: krc:0.821 | lsd:0.568 | ed:0.845 | hr@1:0.733 | hr@2:0.878 | hr@3:0.924 | acc@1:0.733 | acc@2:0.66 | acc@3:0.626 | Best krc: 0.82 | Best epoch: 61
best model saved
[2023-11-29 02:37:10] INFO (nni/MainThread) Intermediate result: 0.821082075222871  (Index 154)
-----------------ETPA RESULT-------------------
Epoch 77: Validation	rmse: 18.86	mae: 15.15	mape: 33.31%	acc@10: 38.54%	acc@20: 71.79%	acc@30: 92.87%	
[2023-11-29 02:37:10] INFO (nni/MainThread) Intermediate result: 18.86442538013384  (Index 155)
*** Epoch: 78 ***
-----------------G2R RESULT-------------------

val result: krc:0.815 | lsd:0.594 | ed:0.864 | hr@1:0.727 | hr@2:0.874 | hr@3:0.923 | acc@1:0.727 | acc@2:0.652 | acc@3:0.617 | Best krc: 0.821 | Best epoch: 77
[2023-11-29 02:38:50] INFO (nni/MainThread) Intermediate result: 0.8154013894897147  (Index 156)
-----------------ETPA RESULT-------------------
Epoch 78: Validation	rmse: 18.86	mae: 15.16	mape: 33.34%	acc@10: 38.45%	acc@20: 71.76%	acc@30: 92.88%	
[2023-11-29 02:38:50] INFO (nni/MainThread) Intermediate result: 18.859089941705566  (Index 157)
*** Epoch: 79 ***
-----------------G2R RESULT-------------------

val result: krc:0.813 | lsd:0.574 | ed:0.865 | hr@1:0.712 | hr@2:0.879 | hr@3:0.924 | acc@1:0.712 | acc@2:0.646 | acc@3:0.612 | Best krc: 0.821 | Best epoch: 77
[2023-11-29 02:40:29] INFO (nni/MainThread) Intermediate result: 0.8126283520686669  (Index 158)
-----------------ETPA RESULT-------------------
Epoch 79: Validation	rmse: 18.85	mae: 15.16	mape: 33.34%	acc@10: 38.4%	acc@20: 71.68%	acc@30: 92.85%	
[2023-11-29 02:40:29] INFO (nni/MainThread) Intermediate result: 18.851947703236668  (Index 159)
*** Epoch: 80 ***
-----------------G2R RESULT-------------------

val result: krc:0.818 | lsd:0.588 | ed:0.865 | hr@1:0.726 | hr@2:0.877 | hr@3:0.922 | acc@1:0.726 | acc@2:0.651 | acc@3:0.618 | Best krc: 0.821 | Best epoch: 77
[2023-11-29 02:42:09] INFO (nni/MainThread) Intermediate result: 0.8175671144188854  (Index 160)
-----------------ETPA RESULT-------------------
Epoch 80: Validation	rmse: 18.84	mae: 15.16	mape: 33.34%	acc@10: 38.35%	acc@20: 71.6%	acc@30: 92.86%	
[2023-11-29 02:42:09] INFO (nni/MainThread) Intermediate result: 18.836343644147004  (Index 161)
*** Epoch: 81 ***
-----------------G2R RESULT-------------------

val result: krc:0.819 | lsd:0.576 | ed:0.853 | hr@1:0.723 | hr@2:0.878 | hr@3:0.924 | acc@1:0.723 | acc@2:0.656 | acc@3:0.62 | Best krc: 0.821 | Best epoch: 77
[2023-11-29 02:43:50] INFO (nni/MainThread) Intermediate result: 0.819238247703486  (Index 162)
-----------------ETPA RESULT-------------------
Epoch 81: Validation	rmse: 18.83	mae: 15.16	mape: 33.36%	acc@10: 38.34%	acc@20: 71.49%	acc@30: 92.91%	
[2023-11-29 02:43:50] INFO (nni/MainThread) Intermediate result: 18.829188564297265  (Index 163)
*** Epoch: 82 ***
-----------------G2R RESULT-------------------

val result: krc:0.824 | lsd:0.591 | ed:0.836 | hr@1:0.741 | hr@2:0.876 | hr@3:0.923 | acc@1:0.741 | acc@2:0.665 | acc@3:0.629 | Best krc: 0.821 | Best epoch: 77
best model saved
[2023-11-29 02:45:33] INFO (nni/MainThread) Intermediate result: 0.8235485128970046  (Index 164)
-----------------ETPA RESULT-------------------
Epoch 82: Validation	rmse: 18.83	mae: 15.17	mape: 33.37%	acc@10: 38.29%	acc@20: 71.39%	acc@30: 92.92%	
[2023-11-29 02:45:33] INFO (nni/MainThread) Intermediate result: 18.829335767476426  (Index 165)
*** Epoch: 83 ***
-----------------G2R RESULT-------------------

val result: krc:0.822 | lsd:0.579 | ed:0.842 | hr@1:0.727 | hr@2:0.878 | hr@3:0.922 | acc@1:0.727 | acc@2:0.662 | acc@3:0.626 | Best krc: 0.824 | Best epoch: 82
[2023-11-29 02:47:14] INFO (nni/MainThread) Intermediate result: 0.8215841296470942  (Index 166)
-----------------ETPA RESULT-------------------
Epoch 83: Validation	rmse: 18.86	mae: 15.19	mape: 33.43%	acc@10: 38.24%	acc@20: 71.21%	acc@30: 92.78%	
[2023-11-29 02:47:14] INFO (nni/MainThread) Intermediate result: 18.86132217223797  (Index 167)
*** Epoch: 84 ***
-----------------G2R RESULT-------------------

val result: krc:0.814 | lsd:0.588 | ed:0.872 | hr@1:0.724 | hr@2:0.878 | hr@3:0.924 | acc@1:0.724 | acc@2:0.658 | acc@3:0.62 | Best krc: 0.824 | Best epoch: 82
[2023-11-29 02:48:55] INFO (nni/MainThread) Intermediate result: 0.8141069071982933  (Index 168)
-----------------ETPA RESULT-------------------
Epoch 84: Validation	rmse: 18.86	mae: 15.19	mape: 33.42%	acc@10: 38.35%	acc@20: 71.14%	acc@30: 92.72%	
[2023-11-29 02:48:55] INFO (nni/MainThread) Intermediate result: 18.858093855720572  (Index 169)
*** Epoch: 85 ***
-----------------G2R RESULT-------------------

val result: krc:0.825 | lsd:0.562 | ed:0.822 | hr@1:0.737 | hr@2:0.882 | hr@3:0.927 | acc@1:0.737 | acc@2:0.671 | acc@3:0.634 | Best krc: 0.824 | Best epoch: 82
best model saved
[2023-11-29 02:50:37] INFO (nni/MainThread) Intermediate result: 0.8252228766876778  (Index 170)
-----------------ETPA RESULT-------------------
Epoch 85: Validation	rmse: 18.86	mae: 15.19	mape: 33.42%	acc@10: 38.37%	acc@20: 71.0%	acc@30: 92.66%	
[2023-11-29 02:50:37] INFO (nni/MainThread) Intermediate result: 18.858323477824484  (Index 171)
*** Epoch: 86 ***
-----------------G2R RESULT-------------------

val result: krc:0.823 | lsd:0.574 | ed:0.83 | hr@1:0.725 | hr@2:0.879 | hr@3:0.925 | acc@1:0.725 | acc@2:0.661 | acc@3:0.625 | Best krc: 0.825 | Best epoch: 85
[2023-11-29 02:52:18] INFO (nni/MainThread) Intermediate result: 0.8226291925373693  (Index 172)
-----------------ETPA RESULT-------------------
Epoch 86: Validation	rmse: 18.84	mae: 15.18	mape: 33.4%	acc@10: 38.29%	acc@20: 70.98%	acc@30: 92.67%	
[2023-11-29 02:52:18] INFO (nni/MainThread) Intermediate result: 18.84105580864431  (Index 173)
*** Epoch: 87 ***
-----------------G2R RESULT-------------------

val result: krc:0.817 | lsd:0.563 | ed:0.855 | hr@1:0.715 | hr@2:0.876 | hr@3:0.923 | acc@1:0.715 | acc@2:0.646 | acc@3:0.61 | Best krc: 0.825 | Best epoch: 85
[2023-11-29 02:53:59] INFO (nni/MainThread) Intermediate result: 0.8170788339743301  (Index 174)
-----------------ETPA RESULT-------------------
Epoch 87: Validation	rmse: 18.84	mae: 15.19	mape: 33.41%	acc@10: 38.28%	acc@20: 70.99%	acc@30: 92.68%	
[2023-11-29 02:53:59] INFO (nni/MainThread) Intermediate result: 18.841396409218778  (Index 175)
*** Epoch: 88 ***
-----------------G2R RESULT-------------------

val result: krc:0.812 | lsd:0.571 | ed:0.878 | hr@1:0.71 | hr@2:0.881 | hr@3:0.928 | acc@1:0.71 | acc@2:0.645 | acc@3:0.611 | Best krc: 0.825 | Best epoch: 85
[2023-11-29 02:55:39] INFO (nni/MainThread) Intermediate result: 0.8118409133013418  (Index 176)
-----------------ETPA RESULT-------------------
Epoch 88: Validation	rmse: 18.85	mae: 15.19	mape: 33.42%	acc@10: 38.38%	acc@20: 70.96%	acc@30: 92.63%	
[2023-11-29 02:55:39] INFO (nni/MainThread) Intermediate result: 18.848818393690443  (Index 177)
*** Epoch: 89 ***
-----------------G2R RESULT-------------------

val result: krc:0.818 | lsd:0.567 | ed:0.842 | hr@1:0.717 | hr@2:0.882 | hr@3:0.926 | acc@1:0.717 | acc@2:0.655 | acc@3:0.622 | Best krc: 0.825 | Best epoch: 85
[2023-11-29 02:57:19] INFO (nni/MainThread) Intermediate result: 0.8181400989009209  (Index 178)
-----------------ETPA RESULT-------------------
Epoch 89: Validation	rmse: 18.84	mae: 15.19	mape: 33.42%	acc@10: 38.3%	acc@20: 70.97%	acc@30: 92.64%	
[2023-11-29 02:57:19] INFO (nni/MainThread) Intermediate result: 18.83957507796793  (Index 179)
*** Epoch: 90 ***
-----------------G2R RESULT-------------------

val result: krc:0.817 | lsd:0.578 | ed:0.854 | hr@1:0.735 | hr@2:0.882 | hr@3:0.925 | acc@1:0.735 | acc@2:0.666 | acc@3:0.629 | Best krc: 0.825 | Best epoch: 85
[2023-11-29 02:59:00] INFO (nni/MainThread) Intermediate result: 0.8169575301538571  (Index 180)
-----------------ETPA RESULT-------------------
Epoch 90: Validation	rmse: 18.81	mae: 15.17	mape: 33.38%	acc@10: 38.29%	acc@20: 71.09%	acc@30: 92.65%	
[2023-11-29 02:59:00] INFO (nni/MainThread) Intermediate result: 18.811975975799697  (Index 181)
*** Epoch: 91 ***
-----------------G2R RESULT-------------------

val result: krc:0.816 | lsd:0.631 | ed:0.871 | hr@1:0.726 | hr@2:0.873 | hr@3:0.924 | acc@1:0.726 | acc@2:0.655 | acc@3:0.618 | Best krc: 0.825 | Best epoch: 85
[2023-11-29 03:00:42] INFO (nni/MainThread) Intermediate result: 0.8159534391016682  (Index 182)
-----------------ETPA RESULT-------------------
Epoch 91: Validation	rmse: 18.8	mae: 15.17	mape: 33.38%	acc@10: 38.25%	acc@20: 71.13%	acc@30: 92.66%	
[2023-11-29 03:00:42] INFO (nni/MainThread) Intermediate result: 18.80277501014775  (Index 183)
*** Epoch: 92 ***
-----------------G2R RESULT-------------------

val result: krc:0.824 | lsd:0.575 | ed:0.821 | hr@1:0.735 | hr@2:0.88 | hr@3:0.927 | acc@1:0.735 | acc@2:0.666 | acc@3:0.634 | Best krc: 0.825 | Best epoch: 85
[2023-11-29 03:02:22] INFO (nni/MainThread) Intermediate result: 0.8238014038626195  (Index 184)
-----------------ETPA RESULT-------------------
Epoch 92: Validation	rmse: 18.79	mae: 15.16	mape: 33.37%	acc@10: 38.24%	acc@20: 71.14%	acc@30: 92.67%	
[2023-11-29 03:02:22] INFO (nni/MainThread) Intermediate result: 18.79235458415826  (Index 185)
*** Epoch: 93 ***
-----------------G2R RESULT-------------------

val result: krc:0.805 | lsd:0.627 | ed:0.892 | hr@1:0.713 | hr@2:0.868 | hr@3:0.915 | acc@1:0.713 | acc@2:0.641 | acc@3:0.601 | Best krc: 0.825 | Best epoch: 85
[2023-11-29 03:04:04] INFO (nni/MainThread) Intermediate result: 0.8050013068115386  (Index 186)
-----------------ETPA RESULT-------------------
Epoch 93: Validation	rmse: 18.79	mae: 15.16	mape: 33.35%	acc@10: 38.23%	acc@20: 71.14%	acc@30: 92.69%	
[2023-11-29 03:04:04] INFO (nni/MainThread) Intermediate result: 18.788751529378626  (Index 187)
*** Epoch: 94 ***
-----------------G2R RESULT-------------------

val result: krc:0.815 | lsd:0.574 | ed:0.868 | hr@1:0.734 | hr@2:0.877 | hr@3:0.923 | acc@1:0.734 | acc@2:0.656 | acc@3:0.618 | Best krc: 0.825 | Best epoch: 85
[2023-11-29 03:05:47] INFO (nni/MainThread) Intermediate result: 0.815178694890107  (Index 188)
-----------------ETPA RESULT-------------------
Epoch 94: Validation	rmse: 18.78	mae: 15.16	mape: 33.35%	acc@10: 38.26%	acc@20: 71.05%	acc@30: 92.7%	
[2023-11-29 03:05:47] INFO (nni/MainThread) Intermediate result: 18.78351422265934  (Index 189)
*** Epoch: 95 ***
-----------------G2R RESULT-------------------

val result: krc:0.82 | lsd:0.596 | ed:0.849 | hr@1:0.734 | hr@2:0.872 | hr@3:0.923 | acc@1:0.734 | acc@2:0.658 | acc@3:0.622 | Best krc: 0.825 | Best epoch: 85
[2023-11-29 03:07:28] INFO (nni/MainThread) Intermediate result: 0.8199822302751903  (Index 190)
-----------------ETPA RESULT-------------------
Epoch 95: Validation	rmse: 18.79	mae: 15.17	mape: 33.38%	acc@10: 38.22%	acc@20: 70.9%	acc@30: 92.64%	
[2023-11-29 03:07:28] INFO (nni/MainThread) Intermediate result: 18.789814528641063  (Index 191)
*** Epoch: 96 ***
-----------------G2R RESULT-------------------

val result: krc:0.813 | lsd:0.594 | ed:0.858 | hr@1:0.73 | hr@2:0.872 | hr@3:0.921 | acc@1:0.73 | acc@2:0.657 | acc@3:0.62 | Best krc: 0.825 | Best epoch: 85
[2023-11-29 03:09:10] INFO (nni/MainThread) Intermediate result: 0.8128627611356075  (Index 192)
-----------------ETPA RESULT-------------------
Epoch 96: Validation	rmse: 18.8	mae: 15.18	mape: 33.41%	acc@10: 38.11%	acc@20: 70.84%	acc@30: 92.59%	
[2023-11-29 03:09:10] INFO (nni/MainThread) Intermediate result: 18.795067519044494  (Index 193)
*** Epoch: 97 ***
-----------------G2R RESULT-------------------

val result: krc:0.814 | lsd:0.588 | ed:0.861 | hr@1:0.729 | hr@2:0.876 | hr@3:0.923 | acc@1:0.729 | acc@2:0.655 | acc@3:0.62 | Best krc: 0.825 | Best epoch: 85
[2023-11-29 03:10:51] INFO (nni/MainThread) Intermediate result: 0.8139037904232483  (Index 194)
-----------------ETPA RESULT-------------------
Epoch 97: Validation	rmse: 18.78	mae: 15.17	mape: 33.4%	acc@10: 38.14%	acc@20: 70.79%	acc@30: 92.6%	
[2023-11-29 03:10:51] INFO (nni/MainThread) Intermediate result: 18.780276281065014  (Index 195)
*** Epoch: 98 ***
-----------------G2R RESULT-------------------

val result: krc:0.813 | lsd:0.625 | ed:0.863 | hr@1:0.73 | hr@2:0.869 | hr@3:0.92 | acc@1:0.73 | acc@2:0.651 | acc@3:0.618 | Best krc: 0.825 | Best epoch: 85
[2023-11-29 03:12:32] INFO (nni/MainThread) Intermediate result: 0.8131081216957913  (Index 196)
-----------------ETPA RESULT-------------------
Epoch 98: Validation	rmse: 18.77	mae: 15.17	mape: 33.39%	acc@10: 38.1%	acc@20: 70.71%	acc@30: 92.65%	
[2023-11-29 03:12:32] INFO (nni/MainThread) Intermediate result: 18.76749590992505  (Index 197)
*** Epoch: 99 ***
-----------------G2R RESULT-------------------

val result: krc:0.816 | lsd:0.564 | ed:0.84 | hr@1:0.73 | hr@2:0.879 | hr@3:0.925 | acc@1:0.73 | acc@2:0.655 | acc@3:0.622 | Best krc: 0.825 | Best epoch: 85
[2023-11-29 03:14:14] INFO (nni/MainThread) Intermediate result: 0.8158097695920171  (Index 198)
-----------------ETPA RESULT-------------------
Epoch 99: Validation	rmse: 18.76	mae: 15.16	mape: 33.38%	acc@10: 38.16%	acc@20: 70.62%	acc@30: 92.66%	
[2023-11-29 03:14:14] INFO (nni/MainThread) Intermediate result: 18.75581248303454  (Index 199)
*** Epoch: 100 ***
-----------------G2R RESULT-------------------

val result: krc:0.817 | lsd:0.57 | ed:0.843 | hr@1:0.73 | hr@2:0.877 | hr@3:0.926 | acc@1:0.73 | acc@2:0.657 | acc@3:0.624 | Best krc: 0.825 | Best epoch: 85
[2023-11-29 03:15:55] INFO (nni/MainThread) Intermediate result: 0.8169053524978317  (Index 200)
-----------------ETPA RESULT-------------------
Epoch 100: Validation	rmse: 18.73	mae: 15.15	mape: 33.37%	acc@10: 38.06%	acc@20: 70.61%	acc@30: 92.7%	
[2023-11-29 03:15:55] INFO (nni/MainThread) Intermediate result: 18.73441357136429  (Index 201)
*** Epoch: 101 ***
-----------------G2R RESULT-------------------

val result: krc:0.82 | lsd:0.582 | ed:0.836 | hr@1:0.733 | hr@2:0.879 | hr@3:0.927 | acc@1:0.733 | acc@2:0.662 | acc@3:0.63 | Best krc: 0.825 | Best epoch: 85
[2023-11-29 03:17:36] INFO (nni/MainThread) Intermediate result: 0.819532736935448  (Index 202)
-----------------ETPA RESULT-------------------
Epoch 101: Validation	rmse: 18.71	mae: 15.13	mape: 33.32%	acc@10: 38.14%	acc@20: 70.68%	acc@30: 92.71%	
[2023-11-29 03:17:36] INFO (nni/MainThread) Intermediate result: 18.7103644274148  (Index 203)
*** Epoch: 102 ***
-----------------G2R RESULT-------------------

val result: krc:0.811 | lsd:0.608 | ed:0.862 | hr@1:0.721 | hr@2:0.873 | hr@3:0.92 | acc@1:0.721 | acc@2:0.654 | acc@3:0.62 | Best krc: 0.825 | Best epoch: 85
[2023-11-29 03:19:17] INFO (nni/MainThread) Intermediate result: 0.8113564732891362  (Index 204)
-----------------ETPA RESULT-------------------
Epoch 102: Validation	rmse: 18.69	mae: 15.12	mape: 33.29%	acc@10: 38.11%	acc@20: 70.69%	acc@30: 92.72%	
[2023-11-29 03:19:17] INFO (nni/MainThread) Intermediate result: 18.69237673160872  (Index 205)
*** Epoch: 103 ***
-----------------G2R RESULT-------------------

val result: krc:0.816 | lsd:0.586 | ed:0.862 | hr@1:0.735 | hr@2:0.874 | hr@3:0.923 | acc@1:0.735 | acc@2:0.656 | acc@3:0.62 | Best krc: 0.825 | Best epoch: 85
[2023-11-29 03:20:58] INFO (nni/MainThread) Intermediate result: 0.816438231803339  (Index 206)
-----------------ETPA RESULT-------------------
Epoch 103: Validation	rmse: 18.69	mae: 15.13	mape: 33.32%	acc@10: 38.04%	acc@20: 70.61%	acc@30: 92.73%	
[2023-11-29 03:20:58] INFO (nni/MainThread) Intermediate result: 18.690196919754744  (Index 207)
*** Epoch: 104 ***
-----------------G2R RESULT-------------------

val result: krc:0.818 | lsd:0.575 | ed:0.845 | hr@1:0.741 | hr@2:0.876 | hr@3:0.922 | acc@1:0.741 | acc@2:0.663 | acc@3:0.625 | Best krc: 0.825 | Best epoch: 85
[2023-11-29 03:22:41] INFO (nni/MainThread) Intermediate result: 0.8183883583096525  (Index 208)
-----------------ETPA RESULT-------------------
Epoch 104: Validation	rmse: 18.68	mae: 15.12	mape: 33.3%	acc@10: 38.01%	acc@20: 70.65%	acc@30: 92.74%	
[2023-11-29 03:22:41] INFO (nni/MainThread) Intermediate result: 18.677290811325513  (Index 209)
*** Epoch: 105 ***
-----------------G2R RESULT-------------------

val result: krc:0.822 | lsd:0.568 | ed:0.833 | hr@1:0.735 | hr@2:0.879 | hr@3:0.926 | acc@1:0.735 | acc@2:0.663 | acc@3:0.634 | Best krc: 0.825 | Best epoch: 85
[2023-11-29 03:24:26] INFO (nni/MainThread) Intermediate result: 0.8215972742863867  (Index 210)
-----------------ETPA RESULT-------------------
Epoch 105: Validation	rmse: 18.67	mae: 15.12	mape: 33.33%	acc@10: 37.94%	acc@20: 70.61%	acc@30: 92.72%	
[2023-11-29 03:24:26] INFO (nni/MainThread) Intermediate result: 18.674946987251833  (Index 211)
loaded model path: /home/sentanoe/joint_training/data/dataset/food_pd/sort_model/hidden_size-8.gcnru-pd_1701213944.9382831701213944.938294
best model loaded !!!
krc:0.813 | lsd:0.419 | ed:0.883 | hr@1:0.725 | hr@2:0.909 | hr@3:0.945 | acc@1:0.725 | acc@2:0.66 | acc@3:0.611 |

-------------------------------------------------------------
Best epoch for G2R:  85
Best epoch for ETPA:  105
graph2route_pd Evaluation in test: krc:0.813 | lsd:0.419 | ed:0.883 | hr@1:0.725 | hr@2:0.909 | hr@3:0.945 | acc@1:0.725 | acc@2:0.66 | acc@3:0.611 |
RankPETA Evaluation in test: rmse: 10.77	mae: 8.75	mape: 79.28%	acc@10: 60.0%	acc@20: 95.0%	acc@30: 100.0%	
