Device:  cuda
{'alpha_loss': 0.5,
 'batch_size': 64,
 'dataset': 'food_pd',
 'datatype': 'order',
 'device': device(type='cuda'),
 'early_stop': 20,
 'edge_fea_dim': 5,
 'embedding_dim': 32,
 'eval_end_1': 11,
 'eval_end_2': 25,
 'eval_start': 1,
 'gcn_num_layers': 2,
 'hidden_size': 8,
 'is_eval': False,
 'is_test': False,
 'k_min_nodes': 3,
 'k_nearest_neighbors': 'n-1',
 'lr': 0.001,
 'max_task_num': 25,
 'min_task_num': 0,
 'modelArrivalTime': 'RankPETA',
 'modelRoute': 'graph2route_pd',
 'no_cuda': False,
 'node_fea_dim': 8,
 'node_features_test': '/home/sentanoe/joint_training/data/dataset/food_pd/node_features_test_full.npy',
 'node_features_train': '/home/sentanoe/joint_training/data/dataset/food_pd/node_features_train_full.npy',
 'node_features_val': '/home/sentanoe/joint_training/data/dataset/food_pd/node_features_val_full.npy',
 'num_block': 4,
 'num_epoch': 1000,
 'num_head': 2,
 'num_worker_logistics': 2346,
 'num_worker_pd': 920,
 'pad_value': 26,
 'seed': 9999,
 'sort_mode': 'pnn_idx',
 'spatial_encoder': 'gatv2',
 'temporal_encoder': 'gru',
 'test_path': '/home/sentanoe/joint_training/data/dataset/food_pd/test_full.npy',
 'train_mode': 'sort',
 'train_path': '/home/sentanoe/joint_training/data/dataset/food_pd/train_full.npy',
 'val_path': '/home/sentanoe/joint_training/data/dataset/food_pd/val_full.npy',
 'wd': 1e-05,
 'worker_emb_dim': 10,
 'workers': 2}
last_x_size:13;unpick_x_size:12;input_size:53
#train:2521 | #val:1257 | #test:1261
*** Epoch: 0 ***
-----------------G2R RESULT-------------------

val result: krc:0.727 | lsd:0.869 | ed:1.135 | hr@1:0.646 | hr@2:0.828 | hr@3:0.889 | acc@1:0.646 | acc@2:0.554 | acc@3:0.506 | Best krc: -1 | Best epoch: -1
best model saved
[2023-12-01 07:54:00] INFO (nni/MainThread) Intermediate result: 0.7271116973521871  (Index 0)
-----------------ETPA RESULT-------------------
Epoch 0: Validation	rmse: 23.82	mae: 18.09	mape: 59.6%	acc@10: 36.3%	acc@20: 64.81%	acc@30: 80.74%	
[2023-12-01 07:54:00] INFO (nni/MainThread) Intermediate result: 23.820500829445734  (Index 1)
*** Epoch: 1 ***
-----------------G2R RESULT-------------------

val result: krc:0.747 | lsd:0.789 | ed:1.067 | hr@1:0.647 | hr@2:0.84 | hr@3:0.895 | acc@1:0.647 | acc@2:0.57 | acc@3:0.529 | Best krc: 0.727 | Best epoch: 0
best model saved
[2023-12-01 07:54:31] INFO (nni/MainThread) Intermediate result: 0.7474388566299366  (Index 2)
-----------------ETPA RESULT-------------------
Epoch 1: Validation	rmse: 21.73	mae: 16.46	mape: 83.87%	acc@10: 40.19%	acc@20: 67.96%	acc@30: 85.19%	
[2023-12-01 07:54:31] INFO (nni/MainThread) Intermediate result: 21.733434691769713  (Index 3)
*** Epoch: 2 ***
-----------------G2R RESULT-------------------

val result: krc:0.766 | lsd:0.692 | ed:0.993 | hr@1:0.643 | hr@2:0.862 | hr@3:0.91 | acc@1:0.643 | acc@2:0.583 | acc@3:0.547 | Best krc: 0.747 | Best epoch: 1
best model saved
[2023-12-01 07:55:01] INFO (nni/MainThread) Intermediate result: 0.7661730729067852  (Index 4)
-----------------ETPA RESULT-------------------
Epoch 2: Validation	rmse: 22.92	mae: 17.3	mape: 105.18%	acc@10: 37.65%	acc@20: 66.3%	acc@30: 84.57%	
[2023-12-01 07:55:01] INFO (nni/MainThread) Intermediate result: 22.917062970320938  (Index 5)
*** Epoch: 3 ***
-----------------G2R RESULT-------------------

val result: krc:0.76 | lsd:0.715 | ed:1.031 | hr@1:0.641 | hr@2:0.855 | hr@3:0.905 | acc@1:0.641 | acc@2:0.573 | acc@3:0.533 | Best krc: 0.766 | Best epoch: 2
[2023-12-01 07:55:30] INFO (nni/MainThread) Intermediate result: 0.7600607648355792  (Index 6)
-----------------ETPA RESULT-------------------
Epoch 3: Validation	rmse: 23.89	mae: 18.39	mape: 121.28%	acc@10: 34.81%	acc@20: 63.7%	acc@30: 81.67%	
[2023-12-01 07:55:30] INFO (nni/MainThread) Intermediate result: 23.892191468097316  (Index 7)
*** Epoch: 4 ***
-----------------G2R RESULT-------------------

val result: krc:0.769 | lsd:0.677 | ed:0.989 | hr@1:0.64 | hr@2:0.864 | hr@3:0.911 | acc@1:0.64 | acc@2:0.58 | acc@3:0.547 | Best krc: 0.766 | Best epoch: 2
best model saved
[2023-12-01 07:56:00] INFO (nni/MainThread) Intermediate result: 0.7692331882275036  (Index 8)
-----------------ETPA RESULT-------------------
Epoch 4: Validation	rmse: 23.69	mae: 18.39	mape: 123.72%	acc@10: 34.15%	acc@20: 63.33%	acc@30: 81.19%	
[2023-12-01 07:56:00] INFO (nni/MainThread) Intermediate result: 23.689003711931377  (Index 9)
*** Epoch: 5 ***
-----------------G2R RESULT-------------------

val result: krc:0.783 | lsd:0.638 | ed:0.955 | hr@1:0.654 | hr@2:0.868 | hr@3:0.914 | acc@1:0.654 | acc@2:0.596 | acc@3:0.562 | Best krc: 0.769 | Best epoch: 4
best model saved
[2023-12-01 07:56:30] INFO (nni/MainThread) Intermediate result: 0.7831144301454752  (Index 10)
-----------------ETPA RESULT-------------------
Epoch 5: Validation	rmse: 23.76	mae: 18.5	mape: 126.82%	acc@10: 33.58%	acc@20: 63.21%	acc@30: 81.48%	
[2023-12-01 07:56:30] INFO (nni/MainThread) Intermediate result: 23.7601230276568  (Index 11)
*** Epoch: 6 ***
-----------------G2R RESULT-------------------

val result: krc:0.773 | lsd:0.698 | ed:1.002 | hr@1:0.651 | hr@2:0.864 | hr@3:0.907 | acc@1:0.651 | acc@2:0.588 | acc@3:0.547 | Best krc: 0.783 | Best epoch: 5
[2023-12-01 07:56:58] INFO (nni/MainThread) Intermediate result: 0.7727273775634074  (Index 12)
-----------------ETPA RESULT-------------------
Epoch 6: Validation	rmse: 23.34	mae: 18.38	mape: 128.63%	acc@10: 32.86%	acc@20: 62.86%	acc@30: 81.85%	
[2023-12-01 07:56:58] INFO (nni/MainThread) Intermediate result: 23.33592769892921  (Index 13)
*** Epoch: 7 ***
-----------------G2R RESULT-------------------

val result: krc:0.784 | lsd:0.65 | ed:0.952 | hr@1:0.66 | hr@2:0.867 | hr@3:0.915 | acc@1:0.66 | acc@2:0.598 | acc@3:0.564 | Best krc: 0.783 | Best epoch: 5
best model saved
[2023-12-01 07:57:29] INFO (nni/MainThread) Intermediate result: 0.7839661201969903  (Index 14)
-----------------ETPA RESULT-------------------
Epoch 7: Validation	rmse: 22.81	mae: 18.13	mape: 128.69%	acc@10: 32.45%	acc@20: 62.96%	acc@30: 82.96%	
[2023-12-01 07:57:29] INFO (nni/MainThread) Intermediate result: 22.805019477427766  (Index 15)
*** Epoch: 8 ***
-----------------G2R RESULT-------------------

val result: krc:0.778 | lsd:0.646 | ed:0.97 | hr@1:0.649 | hr@2:0.868 | hr@3:0.917 | acc@1:0.649 | acc@2:0.587 | acc@3:0.556 | Best krc: 0.784 | Best epoch: 7
[2023-12-01 07:57:58] INFO (nni/MainThread) Intermediate result: 0.7779822483626596  (Index 16)
-----------------ETPA RESULT-------------------
Epoch 8: Validation	rmse: 22.25	mae: 17.74	mape: 126.64%	acc@10: 33.13%	acc@20: 63.91%	acc@30: 84.12%	
[2023-12-01 07:57:58] INFO (nni/MainThread) Intermediate result: 22.252682231941325  (Index 17)
*** Epoch: 9 ***
-----------------G2R RESULT-------------------

val result: krc:0.789 | lsd:0.627 | ed:0.931 | hr@1:0.658 | hr@2:0.873 | hr@3:0.919 | acc@1:0.658 | acc@2:0.602 | acc@3:0.57 | Best krc: 0.784 | Best epoch: 7
best model saved
[2023-12-01 07:58:29] INFO (nni/MainThread) Intermediate result: 0.7888320981193742  (Index 18)
-----------------ETPA RESULT-------------------
Epoch 9: Validation	rmse: 21.82	mae: 17.47	mape: 125.44%	acc@10: 33.44%	acc@20: 64.37%	acc@30: 85.07%	
[2023-12-01 07:58:29] INFO (nni/MainThread) Intermediate result: 21.819064872443246  (Index 19)
*** Epoch: 10 ***
-----------------G2R RESULT-------------------

val result: krc:0.77 | lsd:0.665 | ed:0.993 | hr@1:0.651 | hr@2:0.864 | hr@3:0.912 | acc@1:0.651 | acc@2:0.588 | acc@3:0.548 | Best krc: 0.789 | Best epoch: 9
[2023-12-01 07:59:00] INFO (nni/MainThread) Intermediate result: 0.7703866105877476  (Index 20)
-----------------ETPA RESULT-------------------
Epoch 10: Validation	rmse: 21.4	mae: 17.17	mape: 124.04%	acc@10: 34.01%	acc@20: 65.15%	acc@30: 85.76%	
[2023-12-01 07:59:01] INFO (nni/MainThread) Intermediate result: 21.402123237060525  (Index 21)
*** Epoch: 11 ***
-----------------G2R RESULT-------------------

val result: krc:0.793 | lsd:0.603 | ed:0.924 | hr@1:0.663 | hr@2:0.876 | hr@3:0.923 | acc@1:0.663 | acc@2:0.603 | acc@3:0.573 | Best krc: 0.789 | Best epoch: 9
best model saved
[2023-12-01 07:59:32] INFO (nni/MainThread) Intermediate result: 0.7928883052363594  (Index 22)
-----------------ETPA RESULT-------------------
Epoch 11: Validation	rmse: 20.99	mae: 16.88	mape: 122.47%	acc@10: 34.38%	acc@20: 65.99%	acc@30: 86.6%	
[2023-12-01 07:59:32] INFO (nni/MainThread) Intermediate result: 20.988959098477928  (Index 23)
*** Epoch: 12 ***
-----------------G2R RESULT-------------------

val result: krc:0.788 | lsd:0.622 | ed:0.944 | hr@1:0.658 | hr@2:0.875 | hr@3:0.918 | acc@1:0.658 | acc@2:0.601 | acc@3:0.567 | Best krc: 0.793 | Best epoch: 11
[2023-12-01 08:00:01] INFO (nni/MainThread) Intermediate result: 0.7881302146977704  (Index 24)
-----------------ETPA RESULT-------------------
Epoch 12: Validation	rmse: 20.6	mae: 16.59	mape: 120.79%	acc@10: 34.96%	acc@20: 66.84%	acc@30: 87.29%	
[2023-12-01 08:00:02] INFO (nni/MainThread) Intermediate result: 20.598537039574257  (Index 25)
*** Epoch: 13 ***
-----------------G2R RESULT-------------------

val result: krc:0.791 | lsd:0.649 | ed:0.931 | hr@1:0.665 | hr@2:0.868 | hr@3:0.916 | acc@1:0.665 | acc@2:0.607 | acc@3:0.577 | Best krc: 0.793 | Best epoch: 11
[2023-12-01 08:00:30] INFO (nni/MainThread) Intermediate result: 0.790593994258183  (Index 26)
-----------------ETPA RESULT-------------------
Epoch 13: Validation	rmse: 20.37	mae: 16.45	mape: 120.27%	acc@10: 35.03%	acc@20: 67.2%	acc@30: 87.7%	
[2023-12-01 08:00:30] INFO (nni/MainThread) Intermediate result: 20.372345651109356  (Index 27)
*** Epoch: 14 ***
-----------------G2R RESULT-------------------

val result: krc:0.759 | lsd:0.692 | ed:1.038 | hr@1:0.641 | hr@2:0.864 | hr@3:0.909 | acc@1:0.641 | acc@2:0.578 | acc@3:0.53 | Best krc: 0.793 | Best epoch: 11
[2023-12-01 08:01:00] INFO (nni/MainThread) Intermediate result: 0.7590449111043774  (Index 28)
-----------------ETPA RESULT-------------------
Epoch 14: Validation	rmse: 20.12	mae: 16.27	mape: 119.32%	acc@10: 35.23%	acc@20: 67.65%	acc@30: 88.15%	
[2023-12-01 08:01:00] INFO (nni/MainThread) Intermediate result: 20.116291806495138  (Index 29)
*** Epoch: 15 ***
-----------------G2R RESULT-------------------

val result: krc:0.781 | lsd:0.664 | ed:0.961 | hr@1:0.652 | hr@2:0.866 | hr@3:0.914 | acc@1:0.652 | acc@2:0.593 | acc@3:0.559 | Best krc: 0.793 | Best epoch: 11
[2023-12-01 08:01:29] INFO (nni/MainThread) Intermediate result: 0.7807601706945827  (Index 30)
-----------------ETPA RESULT-------------------
Epoch 15: Validation	rmse: 19.95	mae: 16.16	mape: 118.83%	acc@10: 35.21%	acc@20: 67.87%	acc@30: 88.24%	
[2023-12-01 08:01:29] INFO (nni/MainThread) Intermediate result: 19.954306384291595  (Index 31)
*** Epoch: 16 ***
-----------------G2R RESULT-------------------

val result: krc:0.79 | lsd:0.62 | ed:0.933 | hr@1:0.66 | hr@2:0.874 | hr@3:0.919 | acc@1:0.66 | acc@2:0.601 | acc@3:0.571 | Best krc: 0.793 | Best epoch: 11
[2023-12-01 08:01:57] INFO (nni/MainThread) Intermediate result: 0.7903533254385898  (Index 32)
-----------------ETPA RESULT-------------------
Epoch 16: Validation	rmse: 19.84	mae: 16.11	mape: 118.72%	acc@10: 35.25%	acc@20: 68.04%	acc@30: 88.52%	
[2023-12-01 08:01:57] INFO (nni/MainThread) Intermediate result: 19.83763272384456  (Index 33)
*** Epoch: 17 ***
-----------------G2R RESULT-------------------

val result: krc:0.78 | lsd:0.637 | ed:0.968 | hr@1:0.66 | hr@2:0.87 | hr@3:0.915 | acc@1:0.66 | acc@2:0.599 | acc@3:0.558 | Best krc: 0.793 | Best epoch: 11
[2023-12-01 08:02:25] INFO (nni/MainThread) Intermediate result: 0.7803855640060274  (Index 34)
-----------------ETPA RESULT-------------------
Epoch 17: Validation	rmse: 19.7	mae: 16.02	mape: 118.26%	acc@10: 35.33%	acc@20: 68.31%	acc@30: 88.7%	
[2023-12-01 08:02:25] INFO (nni/MainThread) Intermediate result: 19.695588847353363  (Index 35)
*** Epoch: 18 ***
-----------------G2R RESULT-------------------

val result: krc:0.779 | lsd:0.638 | ed:0.974 | hr@1:0.658 | hr@2:0.876 | hr@3:0.918 | acc@1:0.658 | acc@2:0.599 | acc@3:0.559 | Best krc: 0.793 | Best epoch: 11
[2023-12-01 08:02:56] INFO (nni/MainThread) Intermediate result: 0.7792716308938432  (Index 36)
-----------------ETPA RESULT-------------------
Epoch 18: Validation	rmse: 19.42	mae: 15.79	mape: 116.43%	acc@10: 36.22%	acc@20: 69.04%	acc@30: 89.12%	
[2023-12-01 08:02:56] INFO (nni/MainThread) Intermediate result: 19.416531975091043  (Index 37)
*** Epoch: 19 ***
-----------------G2R RESULT-------------------

val result: krc:0.78 | lsd:0.626 | ed:0.979 | hr@1:0.658 | hr@2:0.876 | hr@3:0.919 | acc@1:0.658 | acc@2:0.599 | acc@3:0.556 | Best krc: 0.793 | Best epoch: 11
[2023-12-01 08:03:24] INFO (nni/MainThread) Intermediate result: 0.7795449325488678  (Index 38)
-----------------ETPA RESULT-------------------
Epoch 19: Validation	rmse: 19.27	mae: 15.71	mape: 116.0%	acc@10: 36.26%	acc@20: 69.26%	acc@30: 89.5%	
[2023-12-01 08:03:24] INFO (nni/MainThread) Intermediate result: 19.27419388183029  (Index 39)
*** Epoch: 20 ***
-----------------G2R RESULT-------------------

val result: krc:0.776 | lsd:0.637 | ed:0.994 | hr@1:0.657 | hr@2:0.873 | hr@3:0.914 | acc@1:0.657 | acc@2:0.598 | acc@3:0.554 | Best krc: 0.793 | Best epoch: 11
[2023-12-01 08:03:53] INFO (nni/MainThread) Intermediate result: 0.7757086127527754  (Index 40)
-----------------ETPA RESULT-------------------
Epoch 20: Validation	rmse: 19.13	mae: 15.62	mape: 115.51%	acc@10: 36.31%	acc@20: 69.51%	acc@30: 89.84%	
[2023-12-01 08:03:53] INFO (nni/MainThread) Intermediate result: 19.13150126264692  (Index 41)
*** Epoch: 21 ***
-----------------G2R RESULT-------------------

val result: krc:0.795 | lsd:0.633 | ed:0.927 | hr@1:0.669 | hr@2:0.875 | hr@3:0.919 | acc@1:0.669 | acc@2:0.608 | acc@3:0.578 | Best krc: 0.793 | Best epoch: 11
best model saved
[2023-12-01 08:04:22] INFO (nni/MainThread) Intermediate result: 0.7949261967364284  (Index 42)
-----------------ETPA RESULT-------------------
Epoch 21: Validation	rmse: 19.02	mae: 15.54	mape: 114.93%	acc@10: 36.43%	acc@20: 69.75%	acc@30: 89.98%	
[2023-12-01 08:04:22] INFO (nni/MainThread) Intermediate result: 19.016445011433998  (Index 43)
*** Epoch: 22 ***
-----------------G2R RESULT-------------------

val result: krc:0.799 | lsd:0.6 | ed:0.909 | hr@1:0.666 | hr@2:0.878 | hr@3:0.925 | acc@1:0.666 | acc@2:0.612 | acc@3:0.585 | Best krc: 0.795 | Best epoch: 21
best model saved
[2023-12-01 08:04:53] INFO (nni/MainThread) Intermediate result: 0.7993987466484187  (Index 44)
-----------------ETPA RESULT-------------------
Epoch 22: Validation	rmse: 18.82	mae: 15.38	mape: 113.7%	acc@10: 37.05%	acc@20: 70.23%	acc@30: 90.29%	
[2023-12-01 08:04:53] INFO (nni/MainThread) Intermediate result: 18.823451594048688  (Index 45)
*** Epoch: 23 ***
-----------------G2R RESULT-------------------

val result: krc:0.802 | lsd:0.609 | ed:0.898 | hr@1:0.67 | hr@2:0.876 | hr@3:0.921 | acc@1:0.67 | acc@2:0.614 | acc@3:0.585 | Best krc: 0.799 | Best epoch: 22
best model saved
[2023-12-01 08:05:25] INFO (nni/MainThread) Intermediate result: 0.8021471893181555  (Index 46)
-----------------ETPA RESULT-------------------
Epoch 23: Validation	rmse: 18.79	mae: 15.37	mape: 113.71%	acc@10: 36.98%	acc@20: 70.25%	acc@30: 90.35%	
[2023-12-01 08:05:25] INFO (nni/MainThread) Intermediate result: 18.785710031138105  (Index 47)
*** Epoch: 24 ***
-----------------G2R RESULT-------------------

val result: krc:0.805 | lsd:0.585 | ed:0.897 | hr@1:0.677 | hr@2:0.88 | hr@3:0.925 | acc@1:0.677 | acc@2:0.619 | acc@3:0.589 | Best krc: 0.802 | Best epoch: 23
best model saved
[2023-12-01 08:05:54] INFO (nni/MainThread) Intermediate result: 0.8050174298971852  (Index 48)
-----------------ETPA RESULT-------------------
Epoch 24: Validation	rmse: 18.82	mae: 15.43	mape: 114.25%	acc@10: 36.56%	acc@20: 70.0%	acc@30: 90.3%	
[2023-12-01 08:05:54] INFO (nni/MainThread) Intermediate result: 18.82026379810634  (Index 49)
*** Epoch: 25 ***
-----------------G2R RESULT-------------------

val result: krc:0.807 | lsd:0.599 | ed:0.895 | hr@1:0.676 | hr@2:0.88 | hr@3:0.923 | acc@1:0.676 | acc@2:0.623 | acc@3:0.592 | Best krc: 0.805 | Best epoch: 24
best model saved
[2023-12-01 08:06:25] INFO (nni/MainThread) Intermediate result: 0.8070025001638468  (Index 50)
-----------------ETPA RESULT-------------------
Epoch 25: Validation	rmse: 18.78	mae: 15.41	mape: 114.16%	acc@10: 36.52%	acc@20: 70.03%	acc@30: 90.34%	
[2023-12-01 08:06:25] INFO (nni/MainThread) Intermediate result: 18.776718356049415  (Index 51)
*** Epoch: 26 ***
-----------------G2R RESULT-------------------

val result: krc:0.794 | lsd:0.624 | ed:0.923 | hr@1:0.674 | hr@2:0.874 | hr@3:0.918 | acc@1:0.674 | acc@2:0.615 | acc@3:0.58 | Best krc: 0.807 | Best epoch: 25
[2023-12-01 08:06:55] INFO (nni/MainThread) Intermediate result: 0.7944879622798291  (Index 52)
-----------------ETPA RESULT-------------------
Epoch 26: Validation	rmse: 18.66	mae: 15.31	mape: 113.52%	acc@10: 36.72%	acc@20: 70.34%	acc@30: 90.56%	
[2023-12-01 08:06:55] INFO (nni/MainThread) Intermediate result: 18.656437950239262  (Index 53)
*** Epoch: 27 ***
-----------------G2R RESULT-------------------

val result: krc:0.804 | lsd:0.605 | ed:0.894 | hr@1:0.679 | hr@2:0.879 | hr@3:0.922 | acc@1:0.679 | acc@2:0.623 | acc@3:0.594 | Best krc: 0.807 | Best epoch: 25
[2023-12-01 08:07:25] INFO (nni/MainThread) Intermediate result: 0.8042726439053504  (Index 54)
-----------------ETPA RESULT-------------------
Epoch 27: Validation	rmse: 18.58	mae: 15.25	mape: 113.17%	acc@10: 36.79%	acc@20: 70.49%	acc@30: 90.71%	
[2023-12-01 08:07:25] INFO (nni/MainThread) Intermediate result: 18.57838647636381  (Index 55)
*** Epoch: 28 ***
-----------------G2R RESULT-------------------

val result: krc:0.808 | lsd:0.586 | ed:0.886 | hr@1:0.683 | hr@2:0.881 | hr@3:0.926 | acc@1:0.683 | acc@2:0.627 | acc@3:0.598 | Best krc: 0.807 | Best epoch: 25
best model saved
[2023-12-01 08:07:56] INFO (nni/MainThread) Intermediate result: 0.8082699858563436  (Index 56)
-----------------ETPA RESULT-------------------
Epoch 28: Validation	rmse: 18.45	mae: 15.15	mape: 112.3%	acc@10: 37.19%	acc@20: 70.8%	acc@30: 90.91%	
[2023-12-01 08:07:56] INFO (nni/MainThread) Intermediate result: 18.454151886088557  (Index 57)
*** Epoch: 29 ***
-----------------G2R RESULT-------------------

val result: krc:0.81 | lsd:0.582 | ed:0.887 | hr@1:0.688 | hr@2:0.884 | hr@3:0.925 | acc@1:0.688 | acc@2:0.632 | acc@3:0.601 | Best krc: 0.808 | Best epoch: 28
best model saved
[2023-12-01 08:08:26] INFO (nni/MainThread) Intermediate result: 0.8101960120237339  (Index 58)
-----------------ETPA RESULT-------------------
Epoch 29: Validation	rmse: 18.36	mae: 15.07	mape: 111.74%	acc@10: 37.46%	acc@20: 71.05%	acc@30: 91.04%	
[2023-12-01 08:08:26] INFO (nni/MainThread) Intermediate result: 18.361804099302496  (Index 59)
*** Epoch: 30 ***
-----------------G2R RESULT-------------------

val result: krc:0.819 | lsd:0.539 | ed:0.861 | hr@1:0.697 | hr@2:0.888 | hr@3:0.93 | acc@1:0.697 | acc@2:0.64 | acc@3:0.611 | Best krc: 0.81 | Best epoch: 29
best model saved
[2023-12-01 08:08:56] INFO (nni/MainThread) Intermediate result: 0.8185858915898269  (Index 60)
-----------------ETPA RESULT-------------------
Epoch 30: Validation	rmse: 18.27	mae: 14.99	mape: 111.13%	acc@10: 37.72%	acc@20: 71.25%	acc@30: 91.21%	
[2023-12-01 08:08:56] INFO (nni/MainThread) Intermediate result: 18.26763281192953  (Index 61)
*** Epoch: 31 ***
-----------------G2R RESULT-------------------

val result: krc:0.814 | lsd:0.578 | ed:0.88 | hr@1:0.698 | hr@2:0.886 | hr@3:0.93 | acc@1:0.698 | acc@2:0.638 | acc@3:0.606 | Best krc: 0.819 | Best epoch: 30
[2023-12-01 08:09:26] INFO (nni/MainThread) Intermediate result: 0.8142113942026492  (Index 62)
-----------------ETPA RESULT-------------------
Epoch 31: Validation	rmse: 18.17	mae: 14.91	mape: 110.46%	acc@10: 38.09%	acc@20: 71.52%	acc@30: 91.32%	
[2023-12-01 08:09:26] INFO (nni/MainThread) Intermediate result: 18.168244025792134  (Index 63)
*** Epoch: 32 ***
-----------------G2R RESULT-------------------

val result: krc:0.79 | lsd:0.641 | ed:0.959 | hr@1:0.674 | hr@2:0.875 | hr@3:0.918 | acc@1:0.674 | acc@2:0.611 | acc@3:0.569 | Best krc: 0.819 | Best epoch: 30
[2023-12-01 08:09:58] INFO (nni/MainThread) Intermediate result: 0.7898964139716216  (Index 64)
-----------------ETPA RESULT-------------------
Epoch 32: Validation	rmse: 18.15	mae: 14.91	mape: 110.47%	acc@10: 38.0%	acc@20: 71.6%	acc@30: 91.31%	
[2023-12-01 08:09:58] INFO (nni/MainThread) Intermediate result: 18.154881725868982  (Index 65)
*** Epoch: 33 ***
-----------------G2R RESULT-------------------

val result: krc:0.791 | lsd:0.584 | ed:0.949 | hr@1:0.675 | hr@2:0.88 | hr@3:0.922 | acc@1:0.675 | acc@2:0.609 | acc@3:0.564 | Best krc: 0.819 | Best epoch: 30
[2023-12-01 08:10:28] INFO (nni/MainThread) Intermediate result: 0.7913766765712547  (Index 66)
-----------------ETPA RESULT-------------------
Epoch 33: Validation	rmse: 18.07	mae: 14.84	mape: 109.96%	acc@10: 38.21%	acc@20: 71.82%	acc@30: 91.49%	
[2023-12-01 08:10:29] INFO (nni/MainThread) Intermediate result: 18.068562197872026  (Index 67)
*** Epoch: 34 ***
-----------------G2R RESULT-------------------

val result: krc:0.815 | lsd:0.573 | ed:0.872 | hr@1:0.698 | hr@2:0.885 | hr@3:0.928 | acc@1:0.698 | acc@2:0.641 | acc@3:0.613 | Best krc: 0.819 | Best epoch: 30
[2023-12-01 08:10:59] INFO (nni/MainThread) Intermediate result: 0.8152487496956233  (Index 68)
-----------------ETPA RESULT-------------------
Epoch 34: Validation	rmse: 18.0	mae: 14.78	mape: 109.44%	acc@10: 38.52%	acc@20: 72.02%	acc@30: 91.54%	
[2023-12-01 08:10:59] INFO (nni/MainThread) Intermediate result: 18.003293704072632  (Index 69)
*** Epoch: 35 ***
-----------------G2R RESULT-------------------

val result: krc:0.818 | lsd:0.556 | ed:0.869 | hr@1:0.697 | hr@2:0.891 | hr@3:0.933 | acc@1:0.697 | acc@2:0.638 | acc@3:0.612 | Best krc: 0.819 | Best epoch: 30
[2023-12-01 08:11:29] INFO (nni/MainThread) Intermediate result: 0.8177273554798697  (Index 70)
-----------------ETPA RESULT-------------------
Epoch 35: Validation	rmse: 17.98	mae: 14.76	mape: 109.38%	acc@10: 38.53%	acc@20: 72.14%	acc@30: 91.54%	
[2023-12-01 08:11:29] INFO (nni/MainThread) Intermediate result: 17.983873524701007  (Index 71)
*** Epoch: 36 ***
-----------------G2R RESULT-------------------

val result: krc:0.83 | lsd:0.519 | ed:0.841 | hr@1:0.719 | hr@2:0.897 | hr@3:0.937 | acc@1:0.719 | acc@2:0.655 | acc@3:0.627 | Best krc: 0.819 | Best epoch: 30
best model saved
[2023-12-01 08:12:00] INFO (nni/MainThread) Intermediate result: 0.8304373189200472  (Index 72)
-----------------ETPA RESULT-------------------
Epoch 36: Validation	rmse: 17.93	mae: 14.73	mape: 109.09%	acc@10: 38.57%	acc@20: 72.2%	acc@30: 91.67%	
[2023-12-01 08:12:00] INFO (nni/MainThread) Intermediate result: 17.93310745407754  (Index 73)
*** Epoch: 37 ***
-----------------G2R RESULT-------------------

val result: krc:0.834 | lsd:0.495 | ed:0.821 | hr@1:0.721 | hr@2:0.898 | hr@3:0.935 | acc@1:0.721 | acc@2:0.663 | acc@3:0.634 | Best krc: 0.83 | Best epoch: 36
best model saved
[2023-12-01 08:12:31] INFO (nni/MainThread) Intermediate result: 0.8344453418611703  (Index 74)
-----------------ETPA RESULT-------------------
Epoch 37: Validation	rmse: 17.88	mae: 14.69	mape: 108.77%	acc@10: 38.72%	acc@20: 72.32%	acc@30: 91.73%	
[2023-12-01 08:12:31] INFO (nni/MainThread) Intermediate result: 17.882961051462342  (Index 75)
*** Epoch: 38 ***
-----------------G2R RESULT-------------------

val result: krc:0.836 | lsd:0.488 | ed:0.824 | hr@1:0.722 | hr@2:0.899 | hr@3:0.938 | acc@1:0.722 | acc@2:0.659 | acc@3:0.63 | Best krc: 0.834 | Best epoch: 37
best model saved
[2023-12-01 08:13:02] INFO (nni/MainThread) Intermediate result: 0.8359849352416032  (Index 76)
-----------------ETPA RESULT-------------------
Epoch 38: Validation	rmse: 17.83	mae: 14.64	mape: 108.39%	acc@10: 38.94%	acc@20: 72.49%	acc@30: 91.76%	
[2023-12-01 08:13:02] INFO (nni/MainThread) Intermediate result: 17.83281609986063  (Index 77)
*** Epoch: 39 ***
-----------------G2R RESULT-------------------

val result: krc:0.841 | lsd:0.499 | ed:0.805 | hr@1:0.736 | hr@2:0.901 | hr@3:0.938 | acc@1:0.736 | acc@2:0.674 | acc@3:0.643 | Best krc: 0.836 | Best epoch: 38
best model saved
[2023-12-01 08:13:33] INFO (nni/MainThread) Intermediate result: 0.8405359436754278  (Index 78)
-----------------ETPA RESULT-------------------
Epoch 39: Validation	rmse: 17.74	mae: 14.56	mape: 107.68%	acc@10: 39.34%	acc@20: 72.76%	acc@30: 91.87%	
[2023-12-01 08:13:33] INFO (nni/MainThread) Intermediate result: 17.73993254552923  (Index 79)
*** Epoch: 40 ***
-----------------G2R RESULT-------------------

val result: krc:0.796 | lsd:0.63 | ed:0.945 | hr@1:0.678 | hr@2:0.878 | hr@3:0.919 | acc@1:0.678 | acc@2:0.618 | acc@3:0.581 | Best krc: 0.841 | Best epoch: 39
[2023-12-01 08:14:05] INFO (nni/MainThread) Intermediate result: 0.7960485316235205  (Index 80)
-----------------ETPA RESULT-------------------
Epoch 40: Validation	rmse: 17.66	mae: 14.49	mape: 107.05%	acc@10: 39.67%	acc@20: 72.97%	acc@30: 91.99%	
[2023-12-01 08:14:05] INFO (nni/MainThread) Intermediate result: 17.66391301484707  (Index 81)
*** Epoch: 41 ***
-----------------G2R RESULT-------------------

val result: krc:0.847 | lsd:0.476 | ed:0.798 | hr@1:0.747 | hr@2:0.904 | hr@3:0.94 | acc@1:0.747 | acc@2:0.684 | acc@3:0.656 | Best krc: 0.841 | Best epoch: 39
best model saved
[2023-12-01 08:14:38] INFO (nni/MainThread) Intermediate result: 0.8467607580681475  (Index 82)
-----------------ETPA RESULT-------------------
Epoch 41: Validation	rmse: 17.62	mae: 14.45	mape: 106.8%	acc@10: 39.76%	acc@20: 73.1%	acc@30: 92.06%	
[2023-12-01 08:14:38] INFO (nni/MainThread) Intermediate result: 17.62005225549234  (Index 83)
*** Epoch: 42 ***
-----------------G2R RESULT-------------------

val result: krc:0.831 | lsd:0.498 | ed:0.847 | hr@1:0.729 | hr@2:0.893 | hr@3:0.93 | acc@1:0.729 | acc@2:0.662 | acc@3:0.626 | Best krc: 0.847 | Best epoch: 41
[2023-12-01 08:15:09] INFO (nni/MainThread) Intermediate result: 0.8314180036873523  (Index 84)
-----------------ETPA RESULT-------------------
Epoch 42: Validation	rmse: 17.54	mae: 14.37	mape: 106.1%	acc@10: 40.06%	acc@20: 73.33%	acc@30: 92.16%	
[2023-12-01 08:15:09] INFO (nni/MainThread) Intermediate result: 17.537819261988677  (Index 85)
*** Epoch: 43 ***
-----------------G2R RESULT-------------------

val result: krc:0.784 | lsd:0.643 | ed:0.974 | hr@1:0.662 | hr@2:0.872 | hr@3:0.915 | acc@1:0.662 | acc@2:0.598 | acc@3:0.559 | Best krc: 0.847 | Best epoch: 41
[2023-12-01 08:15:41] INFO (nni/MainThread) Intermediate result: 0.7836628590279661  (Index 86)
-----------------ETPA RESULT-------------------
Epoch 43: Validation	rmse: 17.49	mae: 14.33	mape: 105.77%	acc@10: 40.19%	acc@20: 73.45%	acc@30: 92.24%	
[2023-12-01 08:15:41] INFO (nni/MainThread) Intermediate result: 17.48841492907417  (Index 87)
*** Epoch: 44 ***
-----------------G2R RESULT-------------------

val result: krc:0.843 | lsd:0.491 | ed:0.804 | hr@1:0.753 | hr@2:0.901 | hr@3:0.937 | acc@1:0.753 | acc@2:0.687 | acc@3:0.656 | Best krc: 0.847 | Best epoch: 41
[2023-12-01 08:16:12] INFO (nni/MainThread) Intermediate result: 0.8429741506610767  (Index 88)
-----------------ETPA RESULT-------------------
Epoch 44: Validation	rmse: 17.44	mae: 14.29	mape: 105.43%	acc@10: 40.33%	acc@20: 73.56%	acc@30: 92.29%	
[2023-12-01 08:16:12] INFO (nni/MainThread) Intermediate result: 17.441297095127386  (Index 89)
*** Epoch: 45 ***
-----------------G2R RESULT-------------------

val result: krc:0.826 | lsd:0.542 | ed:0.853 | hr@1:0.709 | hr@2:0.891 | hr@3:0.928 | acc@1:0.709 | acc@2:0.652 | acc@3:0.617 | Best krc: 0.847 | Best epoch: 41
[2023-12-01 08:16:42] INFO (nni/MainThread) Intermediate result: 0.8264476510388183  (Index 90)
-----------------ETPA RESULT-------------------
Epoch 45: Validation	rmse: 17.4	mae: 14.25	mape: 105.14%	acc@10: 40.49%	acc@20: 73.69%	acc@30: 92.37%	
[2023-12-01 08:16:42] INFO (nni/MainThread) Intermediate result: 17.39671803209999  (Index 91)
*** Epoch: 46 ***
-----------------G2R RESULT-------------------

val result: krc:0.818 | lsd:0.566 | ed:0.893 | hr@1:0.708 | hr@2:0.888 | hr@3:0.926 | acc@1:0.708 | acc@2:0.645 | acc@3:0.609 | Best krc: 0.847 | Best epoch: 41
[2023-12-01 08:17:14] INFO (nni/MainThread) Intermediate result: 0.8176026386607934  (Index 92)
-----------------ETPA RESULT-------------------
Epoch 46: Validation	rmse: 17.34	mae: 14.2	mape: 104.71%	acc@10: 40.74%	acc@20: 73.81%	acc@30: 92.45%	
[2023-12-01 08:17:14] INFO (nni/MainThread) Intermediate result: 17.34447734502082  (Index 93)
*** Epoch: 47 ***
-----------------G2R RESULT-------------------

val result: krc:0.838 | lsd:0.501 | ed:0.822 | hr@1:0.745 | hr@2:0.899 | hr@3:0.935 | acc@1:0.745 | acc@2:0.681 | acc@3:0.649 | Best krc: 0.847 | Best epoch: 41
[2023-12-01 08:17:44] INFO (nni/MainThread) Intermediate result: 0.8382083087198958  (Index 94)
-----------------ETPA RESULT-------------------
Epoch 47: Validation	rmse: 17.3	mae: 14.16	mape: 104.36%	acc@10: 40.92%	acc@20: 73.98%	acc@30: 92.47%	
[2023-12-01 08:17:44] INFO (nni/MainThread) Intermediate result: 17.30104699400767  (Index 95)
*** Epoch: 48 ***
-----------------G2R RESULT-------------------

val result: krc:0.818 | lsd:0.532 | ed:0.875 | hr@1:0.714 | hr@2:0.888 | hr@3:0.93 | acc@1:0.714 | acc@2:0.646 | acc@3:0.611 | Best krc: 0.847 | Best epoch: 41
[2023-12-01 08:18:14] INFO (nni/MainThread) Intermediate result: 0.8184684113761508  (Index 96)
-----------------ETPA RESULT-------------------
Epoch 48: Validation	rmse: 17.27	mae: 14.13	mape: 104.14%	acc@10: 41.04%	acc@20: 74.1%	acc@30: 92.52%	
[2023-12-01 08:18:14] INFO (nni/MainThread) Intermediate result: 17.26695002452523  (Index 97)
*** Epoch: 49 ***
-----------------G2R RESULT-------------------

val result: krc:0.842 | lsd:0.502 | ed:0.8 | hr@1:0.746 | hr@2:0.899 | hr@3:0.939 | acc@1:0.746 | acc@2:0.68 | acc@3:0.649 | Best krc: 0.847 | Best epoch: 41
[2023-12-01 08:18:44] INFO (nni/MainThread) Intermediate result: 0.8421718474888564  (Index 98)
-----------------ETPA RESULT-------------------
Epoch 49: Validation	rmse: 17.23	mae: 14.1	mape: 103.89%	acc@10: 41.16%	acc@20: 74.21%	acc@30: 92.57%	
[2023-12-01 08:18:44] INFO (nni/MainThread) Intermediate result: 17.23475152974799  (Index 99)
*** Epoch: 50 ***
-----------------G2R RESULT-------------------

val result: krc:0.836 | lsd:0.491 | ed:0.834 | hr@1:0.738 | hr@2:0.898 | hr@3:0.935 | acc@1:0.738 | acc@2:0.67 | acc@3:0.638 | Best krc: 0.847 | Best epoch: 41
[2023-12-01 08:19:14] INFO (nni/MainThread) Intermediate result: 0.8361791681249485  (Index 100)
-----------------ETPA RESULT-------------------
Epoch 50: Validation	rmse: 17.19	mae: 14.06	mape: 103.55%	acc@10: 41.34%	acc@20: 74.34%	acc@30: 92.63%	
[2023-12-01 08:19:14] INFO (nni/MainThread) Intermediate result: 17.18978760964004  (Index 101)
*** Epoch: 51 ***
-----------------G2R RESULT-------------------

val result: krc:0.805 | lsd:0.564 | ed:0.923 | hr@1:0.694 | hr@2:0.888 | hr@3:0.924 | acc@1:0.694 | acc@2:0.628 | acc@3:0.586 | Best krc: 0.847 | Best epoch: 41
[2023-12-01 08:19:45] INFO (nni/MainThread) Intermediate result: 0.8045022563955664  (Index 102)
-----------------ETPA RESULT-------------------
Epoch 51: Validation	rmse: 17.13	mae: 14.01	mape: 103.11%	acc@10: 41.54%	acc@20: 74.49%	acc@30: 92.74%	
[2023-12-01 08:19:45] INFO (nni/MainThread) Intermediate result: 17.13420818763741  (Index 103)
*** Epoch: 52 ***
-----------------G2R RESULT-------------------

val result: krc:0.839 | lsd:0.506 | ed:0.84 | hr@1:0.741 | hr@2:0.897 | hr@3:0.936 | acc@1:0.741 | acc@2:0.672 | acc@3:0.642 | Best krc: 0.847 | Best epoch: 41
[2023-12-01 08:20:15] INFO (nni/MainThread) Intermediate result: 0.8386993414365518  (Index 104)
-----------------ETPA RESULT-------------------
Epoch 52: Validation	rmse: 17.11	mae: 13.99	mape: 102.91%	acc@10: 41.59%	acc@20: 74.57%	acc@30: 92.77%	
[2023-12-01 08:20:15] INFO (nni/MainThread) Intermediate result: 17.105655817607698  (Index 105)
*** Epoch: 53 ***
-----------------G2R RESULT-------------------

val result: krc:0.803 | lsd:0.575 | ed:0.917 | hr@1:0.683 | hr@2:0.883 | hr@3:0.926 | acc@1:0.683 | acc@2:0.621 | acc@3:0.586 | Best krc: 0.847 | Best epoch: 41
[2023-12-01 08:20:46] INFO (nni/MainThread) Intermediate result: 0.802876399378367  (Index 106)
-----------------ETPA RESULT-------------------
Epoch 53: Validation	rmse: 17.07	mae: 13.96	mape: 102.69%	acc@10: 41.74%	acc@20: 74.68%	acc@30: 92.78%	
[2023-12-01 08:20:46] INFO (nni/MainThread) Intermediate result: 17.0747946003369  (Index 107)
*** Epoch: 54 ***
-----------------G2R RESULT-------------------

val result: krc:0.833 | lsd:0.498 | ed:0.843 | hr@1:0.728 | hr@2:0.899 | hr@3:0.936 | acc@1:0.728 | acc@2:0.666 | acc@3:0.634 | Best krc: 0.847 | Best epoch: 41
[2023-12-01 08:21:17] INFO (nni/MainThread) Intermediate result: 0.8325340053717841  (Index 108)
-----------------ETPA RESULT-------------------
Epoch 54: Validation	rmse: 17.03	mae: 13.92	mape: 102.33%	acc@10: 41.91%	acc@20: 74.81%	acc@30: 92.88%	
[2023-12-01 08:21:17] INFO (nni/MainThread) Intermediate result: 17.02558919831346  (Index 109)
*** Epoch: 55 ***
-----------------G2R RESULT-------------------

val result: krc:0.823 | lsd:0.547 | ed:0.857 | hr@1:0.713 | hr@2:0.892 | hr@3:0.931 | acc@1:0.713 | acc@2:0.649 | acc@3:0.614 | Best krc: 0.847 | Best epoch: 41
[2023-12-01 08:21:47] INFO (nni/MainThread) Intermediate result: 0.8232373032722836  (Index 110)
-----------------ETPA RESULT-------------------
Epoch 55: Validation	rmse: 17.0	mae: 13.9	mape: 102.17%	acc@10: 42.02%	acc@20: 74.85%	acc@30: 92.87%	
[2023-12-01 08:21:47] INFO (nni/MainThread) Intermediate result: 17.00425725621194  (Index 111)
*** Epoch: 56 ***
-----------------G2R RESULT-------------------

val result: krc:0.836 | lsd:0.525 | ed:0.822 | hr@1:0.723 | hr@2:0.895 | hr@3:0.934 | acc@1:0.723 | acc@2:0.663 | acc@3:0.635 | Best krc: 0.847 | Best epoch: 41
[2023-12-01 08:22:19] INFO (nni/MainThread) Intermediate result: 0.8356565800553559  (Index 112)
-----------------ETPA RESULT-------------------
Epoch 56: Validation	rmse: 16.98	mae: 13.88	mape: 102.0%	acc@10: 42.07%	acc@20: 74.94%	acc@30: 92.91%	
[2023-12-01 08:22:19] INFO (nni/MainThread) Intermediate result: 16.976362098407815  (Index 113)
*** Epoch: 57 ***
-----------------G2R RESULT-------------------

val result: krc:0.845 | lsd:0.473 | ed:0.795 | hr@1:0.743 | hr@2:0.904 | hr@3:0.938 | acc@1:0.743 | acc@2:0.683 | acc@3:0.652 | Best krc: 0.847 | Best epoch: 41
[2023-12-01 08:22:50] INFO (nni/MainThread) Intermediate result: 0.8453029249006512  (Index 114)
-----------------ETPA RESULT-------------------
Epoch 57: Validation	rmse: 16.95	mae: 13.85	mape: 101.78%	acc@10: 42.14%	acc@20: 75.0%	acc@30: 92.97%	
[2023-12-01 08:22:50] INFO (nni/MainThread) Intermediate result: 16.949316787842587  (Index 115)
*** Epoch: 58 ***
-----------------G2R RESULT-------------------

val result: krc:0.796 | lsd:0.6 | ed:0.95 | hr@1:0.667 | hr@2:0.883 | hr@3:0.925 | acc@1:0.667 | acc@2:0.605 | acc@3:0.571 | Best krc: 0.847 | Best epoch: 41
[2023-12-01 08:23:22] INFO (nni/MainThread) Intermediate result: 0.79555263891075  (Index 116)
-----------------ETPA RESULT-------------------
Epoch 58: Validation	rmse: 16.92	mae: 13.84	mape: 101.65%	acc@10: 42.15%	acc@20: 75.09%	acc@30: 93.04%	
[2023-12-01 08:23:22] INFO (nni/MainThread) Intermediate result: 16.921856946375367  (Index 117)
*** Epoch: 59 ***
-----------------G2R RESULT-------------------

val result: krc:0.826 | lsd:0.518 | ed:0.849 | hr@1:0.721 | hr@2:0.897 | hr@3:0.936 | acc@1:0.721 | acc@2:0.66 | acc@3:0.631 | Best krc: 0.847 | Best epoch: 41
[2023-12-01 08:23:53] INFO (nni/MainThread) Intermediate result: 0.8261329721146073  (Index 118)
-----------------ETPA RESULT-------------------
Epoch 59: Validation	rmse: 16.88	mae: 13.8	mape: 101.31%	acc@10: 42.28%	acc@20: 75.23%	acc@30: 93.12%	
[2023-12-01 08:23:53] INFO (nni/MainThread) Intermediate result: 16.87648560717791  (Index 119)
*** Epoch: 60 ***
-----------------G2R RESULT-------------------

val result: krc:0.818 | lsd:0.535 | ed:0.861 | hr@1:0.714 | hr@2:0.892 | hr@3:0.929 | acc@1:0.714 | acc@2:0.652 | acc@3:0.618 | Best krc: 0.847 | Best epoch: 41
[2023-12-01 08:24:23] INFO (nni/MainThread) Intermediate result: 0.8184220689511463  (Index 120)
-----------------ETPA RESULT-------------------
Epoch 60: Validation	rmse: 16.86	mae: 13.79	mape: 101.22%	acc@10: 42.35%	acc@20: 75.28%	acc@30: 93.15%	
[2023-12-01 08:24:23] INFO (nni/MainThread) Intermediate result: 16.86097967597606  (Index 121)
*** Epoch: 61 ***
-----------------G2R RESULT-------------------

val result: krc:0.839 | lsd:0.511 | ed:0.815 | hr@1:0.734 | hr@2:0.899 | hr@3:0.935 | acc@1:0.734 | acc@2:0.676 | acc@3:0.644 | Best krc: 0.847 | Best epoch: 41
[2023-12-01 08:24:54] INFO (nni/MainThread) Intermediate result: 0.8387576419758317  (Index 122)
-----------------ETPA RESULT-------------------
Epoch 61: Validation	rmse: 16.85	mae: 13.78	mape: 101.21%	acc@10: 42.36%	acc@20: 75.3%	acc@30: 93.14%	
[2023-12-01 08:24:54] INFO (nni/MainThread) Intermediate result: 16.853577018175848  (Index 123)
loaded model path: /home/sentanoe/joint_training/data/dataset/food_pd/sort_model/hidden_size-8.gcnru-pd_1701413610.7088121701413610.7088246
best model loaded !!!
krc:0.838 | lsd:0.356 | ed:0.808 | hr@1:0.751 | hr@2:0.93 | hr@3:0.948 | acc@1:0.751 | acc@2:0.697 | acc@3:0.649 |

-------------------------------------------------------------
Best epoch for G2R:  41
Best epoch for ETPA:  61
graph2route_pd Evaluation in test: krc:0.838 | lsd:0.356 | ed:0.808 | hr@1:0.751 | hr@2:0.93 | hr@3:0.948 | acc@1:0.751 | acc@2:0.697 | acc@3:0.649 |
RankPETA Evaluation in test: rmse: 15.74	mae: 13.06	mape: 111.23%	acc@10: 41.77%	acc@20: 78.9%	acc@30: 95.36%	
