Device:  cuda
{'alpha_loss': 0.5,
 'batch_size': 64,
 'dataset': 'food_pd',
 'datatype': 'order',
 'device': device(type='cuda'),
 'early_stop': 10,
 'edge_fea_dim': 5,
 'embedding_dim': 32,
 'eval_end_1': 11,
 'eval_end_2': 25,
 'eval_start': 1,
 'gcn_num_layers': 2,
 'hidden_size': 8,
 'is_eval': False,
 'is_test': False,
 'k_min_nodes': 3,
 'k_nearest_neighbors': 'n-1',
 'lr': 0.001,
 'max_task_num': 25,
 'min_task_num': 0,
 'modelArrivalTime': 'RankPETA',
 'modelRoute': 'graph2route_pd',
 'no_cuda': False,
 'node_fea_dim': 8,
 'node_features_test': '/home/sentanoe/joint_training/data/dataset/food_pd/node_features_test_full.npy',
 'node_features_train': '/home/sentanoe/joint_training/data/dataset/food_pd/node_features_train_full.npy',
 'node_features_val': '/home/sentanoe/joint_training/data/dataset/food_pd/node_features_val_full.npy',
 'num_block': 2,
 'num_epoch': 1000,
 'num_head': 2,
 'num_worker_logistics': 2346,
 'num_worker_pd': 920,
 'pad_value': 26,
 'seed': 2022,
 'sort_mode': 'pnn_idx',
 'spatial_encoder': 'gcn',
 'temporal_encoder': 'gru',
 'test_path': '/home/sentanoe/joint_training/data/dataset/food_pd/test_full.npy',
 'train_mode': 'sort',
 'train_path': '/home/sentanoe/joint_training/data/dataset/food_pd/train_full.npy',
 'val_path': '/home/sentanoe/joint_training/data/dataset/food_pd/val_full.npy',
 'wd': 1e-05,
 'worker_emb_dim': 10,
 'workers': 2}
last_x_size:13;unpick_x_size:12;input_size:53
#train:2521 | #val:1257 | #test:1261
*** Epoch: 0 ***
-----------------G2R RESULT-------------------

val result: krc:0.757 | lsd:0.717 | ed:1.044 | hr@1:0.625 | hr@2:0.853 | hr@3:0.902 | acc@1:0.625 | acc@2:0.561 | acc@3:0.521 | Best krc: -1 | Best epoch: -1
best model saved
[2023-12-18 16:21:52] INFO (nni/MainThread) Intermediate result: 0.757302147236559  (Index 0)
-----------------ETPA RESULT-------------------
Epoch 0: Validation	rmse: 26.15	mae: 20.52	mape: 65.48%	acc@10: 30.37%	acc@20: 57.78%	acc@30: 76.3%	
[2023-12-18 16:21:52] INFO (nni/MainThread) Intermediate result: 26.14928596061468  (Index 1)
*** Epoch: 1 ***
-----------------G2R RESULT-------------------

val result: krc:0.762 | lsd:0.692 | ed:1.037 | hr@1:0.624 | hr@2:0.859 | hr@3:0.909 | acc@1:0.624 | acc@2:0.563 | acc@3:0.527 | Best krc: 0.757 | Best epoch: 0
best model saved
[2023-12-18 16:22:17] INFO (nni/MainThread) Intermediate result: 0.7618671606778297  (Index 2)
-----------------ETPA RESULT-------------------
Epoch 1: Validation	rmse: 26.09	mae: 19.81	mape: 103.7%	acc@10: 33.7%	acc@20: 62.04%	acc@30: 78.89%	
[2023-12-18 16:22:17] INFO (nni/MainThread) Intermediate result: 26.093660301584656  (Index 3)
*** Epoch: 2 ***
-----------------G2R RESULT-------------------

val result: krc:0.76 | lsd:0.701 | ed:1.03 | hr@1:0.629 | hr@2:0.859 | hr@3:0.904 | acc@1:0.629 | acc@2:0.565 | acc@3:0.522 | Best krc: 0.762 | Best epoch: 1
[2023-12-18 16:22:41] INFO (nni/MainThread) Intermediate result: 0.7602229871053657  (Index 4)
-----------------ETPA RESULT-------------------
Epoch 2: Validation	rmse: 25.26	mae: 19.22	mape: 115.32%	acc@10: 34.44%	acc@20: 63.7%	acc@30: 80.37%	
[2023-12-18 16:22:41] INFO (nni/MainThread) Intermediate result: 25.261458818668533  (Index 5)
*** Epoch: 3 ***
-----------------G2R RESULT-------------------

val result: krc:0.76 | lsd:0.696 | ed:1.028 | hr@1:0.624 | hr@2:0.861 | hr@3:0.905 | acc@1:0.624 | acc@2:0.569 | acc@3:0.523 | Best krc: 0.762 | Best epoch: 1
[2023-12-18 16:23:06] INFO (nni/MainThread) Intermediate result: 0.7604043892106856  (Index 6)
-----------------ETPA RESULT-------------------
Epoch 3: Validation	rmse: 23.73	mae: 18.32	mape: 116.25%	acc@10: 35.09%	acc@20: 65.46%	acc@30: 82.5%	
[2023-12-18 16:23:06] INFO (nni/MainThread) Intermediate result: 23.727698942478735  (Index 7)
*** Epoch: 4 ***
-----------------G2R RESULT-------------------

val result: krc:0.76 | lsd:0.717 | ed:1.025 | hr@1:0.625 | hr@2:0.859 | hr@3:0.905 | acc@1:0.625 | acc@2:0.567 | acc@3:0.523 | Best krc: 0.762 | Best epoch: 1
[2023-12-18 16:23:31] INFO (nni/MainThread) Intermediate result: 0.7600676160711141  (Index 8)
-----------------ETPA RESULT-------------------
Epoch 4: Validation	rmse: 22.62	mae: 17.71	mape: 116.3%	acc@10: 35.04%	acc@20: 66.44%	acc@30: 83.93%	
[2023-12-18 16:23:31] INFO (nni/MainThread) Intermediate result: 22.62166005340244  (Index 9)
*** Epoch: 5 ***
-----------------G2R RESULT-------------------

val result: krc:0.773 | lsd:0.665 | ed:0.99 | hr@1:0.629 | hr@2:0.866 | hr@3:0.913 | acc@1:0.629 | acc@2:0.573 | acc@3:0.54 | Best krc: 0.762 | Best epoch: 1
best model saved
[2023-12-18 16:23:57] INFO (nni/MainThread) Intermediate result: 0.7732218329857155  (Index 10)
-----------------ETPA RESULT-------------------
Epoch 5: Validation	rmse: 21.76	mae: 17.12	mape: 114.62%	acc@10: 35.93%	acc@20: 67.53%	acc@30: 85.06%	
[2023-12-18 16:23:57] INFO (nni/MainThread) Intermediate result: 21.757967775833208  (Index 11)
*** Epoch: 6 ***
-----------------G2R RESULT-------------------

val result: krc:0.77 | lsd:0.679 | ed:0.985 | hr@1:0.643 | hr@2:0.864 | hr@3:0.909 | acc@1:0.643 | acc@2:0.587 | acc@3:0.547 | Best krc: 0.773 | Best epoch: 5
[2023-12-18 16:24:22] INFO (nni/MainThread) Intermediate result: 0.7704329345693578  (Index 12)
-----------------ETPA RESULT-------------------
Epoch 6: Validation	rmse: 21.04	mae: 16.58	mape: 113.24%	acc@10: 37.14%	acc@20: 68.84%	acc@30: 85.98%	
[2023-12-18 16:24:22] INFO (nni/MainThread) Intermediate result: 21.040536614192014  (Index 13)
*** Epoch: 7 ***
-----------------G2R RESULT-------------------

val result: krc:0.765 | lsd:0.68 | ed:1.003 | hr@1:0.634 | hr@2:0.865 | hr@3:0.909 | acc@1:0.634 | acc@2:0.578 | acc@3:0.535 | Best krc: 0.773 | Best epoch: 5
[2023-12-18 16:24:47] INFO (nni/MainThread) Intermediate result: 0.7652117439961774  (Index 14)
-----------------ETPA RESULT-------------------
Epoch 7: Validation	rmse: 20.52	mae: 16.21	mape: 112.29%	acc@10: 37.87%	acc@20: 69.44%	acc@30: 86.85%	
[2023-12-18 16:24:47] INFO (nni/MainThread) Intermediate result: 20.516581153313723  (Index 15)
*** Epoch: 8 ***
-----------------G2R RESULT-------------------

val result: krc:0.779 | lsd:0.63 | ed:0.958 | hr@1:0.653 | hr@2:0.866 | hr@3:0.912 | acc@1:0.653 | acc@2:0.592 | acc@3:0.551 | Best krc: 0.773 | Best epoch: 5
best model saved
[2023-12-18 16:25:13] INFO (nni/MainThread) Intermediate result: 0.7794732375755551  (Index 16)
-----------------ETPA RESULT-------------------
Epoch 8: Validation	rmse: 20.25	mae: 16.01	mape: 112.4%	acc@10: 38.31%	acc@20: 69.79%	acc@30: 87.08%	
[2023-12-18 16:25:13] INFO (nni/MainThread) Intermediate result: 20.252840033172248  (Index 17)
*** Epoch: 9 ***
-----------------G2R RESULT-------------------

val result: krc:0.779 | lsd:0.633 | ed:0.969 | hr@1:0.634 | hr@2:0.87 | hr@3:0.918 | acc@1:0.634 | acc@2:0.578 | acc@3:0.55 | Best krc: 0.779 | Best epoch: 8
[2023-12-18 16:25:39] INFO (nni/MainThread) Intermediate result: 0.778629451650877  (Index 18)
-----------------ETPA RESULT-------------------
Epoch 9: Validation	rmse: 19.78	mae: 15.66	mape: 110.71%	acc@10: 39.15%	acc@20: 70.78%	acc@30: 88.0%	
[2023-12-18 16:25:39] INFO (nni/MainThread) Intermediate result: 19.777567990730624  (Index 19)
*** Epoch: 10 ***
-----------------G2R RESULT-------------------

val result: krc:0.76 | lsd:0.704 | ed:1.038 | hr@1:0.624 | hr@2:0.866 | hr@3:0.91 | acc@1:0.624 | acc@2:0.567 | acc@3:0.526 | Best krc: 0.779 | Best epoch: 8
[2023-12-18 16:26:04] INFO (nni/MainThread) Intermediate result: 0.7603830628229404  (Index 20)
-----------------ETPA RESULT-------------------
Epoch 10: Validation	rmse: 19.35	mae: 15.3	mape: 108.59%	acc@10: 40.37%	acc@20: 71.82%	acc@30: 88.65%	
[2023-12-18 16:26:04] INFO (nni/MainThread) Intermediate result: 19.35103194468737  (Index 21)
*** Epoch: 11 ***
-----------------G2R RESULT-------------------

val result: krc:0.776 | lsd:0.631 | ed:0.968 | hr@1:0.643 | hr@2:0.871 | hr@3:0.918 | acc@1:0.643 | acc@2:0.581 | acc@3:0.551 | Best krc: 0.779 | Best epoch: 8
[2023-12-18 16:26:29] INFO (nni/MainThread) Intermediate result: 0.7757506947537554  (Index 22)
-----------------ETPA RESULT-------------------
Epoch 11: Validation	rmse: 18.98	mae: 15.01	mape: 106.53%	acc@10: 41.51%	acc@20: 72.72%	acc@30: 89.23%	
[2023-12-18 16:26:29] INFO (nni/MainThread) Intermediate result: 18.98075645186556  (Index 23)
*** Epoch: 12 ***
-----------------G2R RESULT-------------------

val result: krc:0.763 | lsd:0.67 | ed:1.009 | hr@1:0.633 | hr@2:0.864 | hr@3:0.91 | acc@1:0.633 | acc@2:0.575 | acc@3:0.532 | Best krc: 0.779 | Best epoch: 8
[2023-12-18 16:26:55] INFO (nni/MainThread) Intermediate result: 0.7627803982766814  (Index 24)
-----------------ETPA RESULT-------------------
Epoch 12: Validation	rmse: 18.61	mae: 14.73	mape: 104.5%	acc@10: 42.31%	acc@20: 73.73%	acc@30: 89.8%	
[2023-12-18 16:26:55] INFO (nni/MainThread) Intermediate result: 18.612875841431055  (Index 25)
*** Epoch: 13 ***
-----------------G2R RESULT-------------------

val result: krc:0.766 | lsd:0.659 | ed:0.996 | hr@1:0.647 | hr@2:0.865 | hr@3:0.913 | acc@1:0.647 | acc@2:0.584 | acc@3:0.544 | Best krc: 0.779 | Best epoch: 8
[2023-12-18 16:27:22] INFO (nni/MainThread) Intermediate result: 0.7663929608748148  (Index 26)
-----------------ETPA RESULT-------------------
Epoch 13: Validation	rmse: 18.31	mae: 14.48	mape: 102.62%	acc@10: 43.15%	acc@20: 74.63%	acc@30: 90.16%	
[2023-12-18 16:27:22] INFO (nni/MainThread) Intermediate result: 18.31442829453941  (Index 27)
*** Epoch: 14 ***
-----------------G2R RESULT-------------------

val result: krc:0.784 | lsd:0.638 | ed:0.953 | hr@1:0.644 | hr@2:0.874 | hr@3:0.92 | acc@1:0.644 | acc@2:0.589 | acc@3:0.558 | Best krc: 0.779 | Best epoch: 8
best model saved
[2023-12-18 16:27:49] INFO (nni/MainThread) Intermediate result: 0.7838598318878158  (Index 28)
-----------------ETPA RESULT-------------------
Epoch 14: Validation	rmse: 18.05	mae: 14.27	mape: 101.04%	acc@10: 43.75%	acc@20: 75.33%	acc@30: 90.52%	
[2023-12-18 16:27:49] INFO (nni/MainThread) Intermediate result: 18.050271795416762  (Index 29)
*** Epoch: 15 ***
-----------------G2R RESULT-------------------

val result: krc:0.785 | lsd:0.634 | ed:0.947 | hr@1:0.645 | hr@2:0.872 | hr@3:0.92 | acc@1:0.645 | acc@2:0.588 | acc@3:0.561 | Best krc: 0.784 | Best epoch: 14
best model saved
[2023-12-18 16:28:16] INFO (nni/MainThread) Intermediate result: 0.7852763036409736  (Index 30)
-----------------ETPA RESULT-------------------
Epoch 15: Validation	rmse: 17.79	mae: 14.06	mape: 99.08%	acc@10: 44.38%	acc@20: 76.02%	acc@30: 90.9%	
[2023-12-18 16:28:16] INFO (nni/MainThread) Intermediate result: 17.789751731211613  (Index 31)
*** Epoch: 16 ***
-----------------G2R RESULT-------------------

val result: krc:0.787 | lsd:0.626 | ed:0.93 | hr@1:0.647 | hr@2:0.873 | hr@3:0.918 | acc@1:0.647 | acc@2:0.592 | acc@3:0.565 | Best krc: 0.785 | Best epoch: 15
best model saved
[2023-12-18 16:28:44] INFO (nni/MainThread) Intermediate result: 0.7874639199081698  (Index 32)
-----------------ETPA RESULT-------------------
Epoch 16: Validation	rmse: 17.58	mae: 13.88	mape: 97.43%	acc@10: 44.9%	acc@20: 76.49%	acc@30: 91.2%	
[2023-12-18 16:28:44] INFO (nni/MainThread) Intermediate result: 17.57977906336709  (Index 33)
*** Epoch: 17 ***
-----------------G2R RESULT-------------------

val result: krc:0.766 | lsd:0.664 | ed:1.004 | hr@1:0.64 | hr@2:0.865 | hr@3:0.91 | acc@1:0.64 | acc@2:0.584 | acc@3:0.544 | Best krc: 0.787 | Best epoch: 16
[2023-12-18 16:29:10] INFO (nni/MainThread) Intermediate result: 0.7659075883387207  (Index 34)
-----------------ETPA RESULT-------------------
Epoch 17: Validation	rmse: 17.38	mae: 13.72	mape: 95.79%	acc@10: 45.47%	acc@20: 76.98%	acc@30: 91.48%	
[2023-12-18 16:29:10] INFO (nni/MainThread) Intermediate result: 17.38165606157833  (Index 35)
*** Epoch: 18 ***
-----------------G2R RESULT-------------------

val result: krc:0.782 | lsd:0.668 | ed:0.965 | hr@1:0.647 | hr@2:0.874 | hr@3:0.917 | acc@1:0.647 | acc@2:0.592 | acc@3:0.556 | Best krc: 0.787 | Best epoch: 16
[2023-12-18 16:29:35] INFO (nni/MainThread) Intermediate result: 0.7819744009249912  (Index 36)
-----------------ETPA RESULT-------------------
Epoch 18: Validation	rmse: 17.18	mae: 13.56	mape: 94.36%	acc@10: 45.98%	acc@20: 77.45%	acc@30: 91.81%	
[2023-12-18 16:29:35] INFO (nni/MainThread) Intermediate result: 17.181040508370614  (Index 37)
*** Epoch: 19 ***
-----------------G2R RESULT-------------------

val result: krc:0.774 | lsd:0.648 | ed:0.983 | hr@1:0.648 | hr@2:0.868 | hr@3:0.914 | acc@1:0.648 | acc@2:0.59 | acc@3:0.552 | Best krc: 0.787 | Best epoch: 16
[2023-12-18 16:30:01] INFO (nni/MainThread) Intermediate result: 0.77422672648733  (Index 38)
-----------------ETPA RESULT-------------------
Epoch 19: Validation	rmse: 17.03	mae: 13.45	mape: 93.46%	acc@10: 46.33%	acc@20: 77.76%	acc@30: 92.06%	
[2023-12-18 16:30:01] INFO (nni/MainThread) Intermediate result: 17.03143346827147  (Index 39)
*** Epoch: 20 ***
-----------------G2R RESULT-------------------

val result: krc:0.794 | lsd:0.633 | ed:0.927 | hr@1:0.669 | hr@2:0.875 | hr@3:0.918 | acc@1:0.669 | acc@2:0.607 | acc@3:0.571 | Best krc: 0.787 | Best epoch: 16
best model saved
[2023-12-18 16:30:29] INFO (nni/MainThread) Intermediate result: 0.7936779316490729  (Index 40)
-----------------ETPA RESULT-------------------
Epoch 20: Validation	rmse: 16.87	mae: 13.31	mape: 92.07%	acc@10: 46.79%	acc@20: 78.2%	acc@30: 92.26%	
[2023-12-18 16:30:29] INFO (nni/MainThread) Intermediate result: 16.87045337842735  (Index 41)
*** Epoch: 21 ***
-----------------G2R RESULT-------------------

val result: krc:0.773 | lsd:0.681 | ed:0.998 | hr@1:0.644 | hr@2:0.868 | hr@3:0.913 | acc@1:0.644 | acc@2:0.582 | acc@3:0.539 | Best krc: 0.794 | Best epoch: 20
[2023-12-18 16:30:55] INFO (nni/MainThread) Intermediate result: 0.7733172141305066  (Index 42)
-----------------ETPA RESULT-------------------
Epoch 21: Validation	rmse: 16.74	mae: 13.2	mape: 90.63%	acc@10: 47.32%	acc@20: 78.54%	acc@30: 92.41%	
[2023-12-18 16:30:55] INFO (nni/MainThread) Intermediate result: 16.743557245512886  (Index 43)
*** Epoch: 22 ***
-----------------G2R RESULT-------------------

val result: krc:0.789 | lsd:0.595 | ed:0.934 | hr@1:0.659 | hr@2:0.876 | hr@3:0.917 | acc@1:0.659 | acc@2:0.603 | acc@3:0.565 | Best krc: 0.794 | Best epoch: 20
[2023-12-18 16:31:21] INFO (nni/MainThread) Intermediate result: 0.7889956518727834  (Index 44)
-----------------ETPA RESULT-------------------
Epoch 22: Validation	rmse: 16.61	mae: 13.1	mape: 89.46%	acc@10: 47.68%	acc@20: 78.87%	acc@30: 92.58%	
[2023-12-18 16:31:21] INFO (nni/MainThread) Intermediate result: 16.612756901795688  (Index 45)
*** Epoch: 23 ***
-----------------G2R RESULT-------------------

val result: krc:0.783 | lsd:0.618 | ed:0.949 | hr@1:0.655 | hr@2:0.873 | hr@3:0.917 | acc@1:0.655 | acc@2:0.6 | acc@3:0.564 | Best krc: 0.794 | Best epoch: 20
[2023-12-18 16:31:46] INFO (nni/MainThread) Intermediate result: 0.783412424916579  (Index 46)
-----------------ETPA RESULT-------------------
Epoch 23: Validation	rmse: 16.51	mae: 13.0	mape: 88.41%	acc@10: 47.99%	acc@20: 79.12%	acc@30: 92.7%	
[2023-12-18 16:31:46] INFO (nni/MainThread) Intermediate result: 16.509476087619884  (Index 47)
*** Epoch: 24 ***
-----------------G2R RESULT-------------------

val result: krc:0.791 | lsd:0.611 | ed:0.931 | hr@1:0.662 | hr@2:0.874 | hr@3:0.92 | acc@1:0.662 | acc@2:0.602 | acc@3:0.567 | Best krc: 0.794 | Best epoch: 20
[2023-12-18 16:32:11] INFO (nni/MainThread) Intermediate result: 0.7905047835611894  (Index 48)
-----------------ETPA RESULT-------------------
Epoch 24: Validation	rmse: 16.42	mae: 12.93	mape: 87.45%	acc@10: 48.22%	acc@20: 79.27%	acc@30: 92.77%	
[2023-12-18 16:32:11] INFO (nni/MainThread) Intermediate result: 16.423457974641902  (Index 49)
*** Epoch: 25 ***
-----------------G2R RESULT-------------------

val result: krc:0.793 | lsd:0.612 | ed:0.916 | hr@1:0.658 | hr@2:0.875 | hr@3:0.922 | acc@1:0.658 | acc@2:0.603 | acc@3:0.573 | Best krc: 0.794 | Best epoch: 20
[2023-12-18 16:32:36] INFO (nni/MainThread) Intermediate result: 0.7930017981176704  (Index 50)
-----------------ETPA RESULT-------------------
Epoch 25: Validation	rmse: 16.32	mae: 12.84	mape: 86.67%	acc@10: 48.4%	acc@20: 79.53%	acc@30: 92.95%	
[2023-12-18 16:32:36] INFO (nni/MainThread) Intermediate result: 16.319049273583715  (Index 51)
*** Epoch: 26 ***
-----------------G2R RESULT-------------------

val result: krc:0.787 | lsd:0.607 | ed:0.937 | hr@1:0.656 | hr@2:0.875 | hr@3:0.92 | acc@1:0.656 | acc@2:0.599 | acc@3:0.564 | Best krc: 0.794 | Best epoch: 20
[2023-12-18 16:33:02] INFO (nni/MainThread) Intermediate result: 0.7865783878464245  (Index 52)
-----------------ETPA RESULT-------------------
Epoch 26: Validation	rmse: 16.22	mae: 12.77	mape: 86.04%	acc@10: 48.59%	acc@20: 79.86%	acc@30: 93.06%	
[2023-12-18 16:33:02] INFO (nni/MainThread) Intermediate result: 16.21915291698687  (Index 53)
*** Epoch: 27 ***
-----------------G2R RESULT-------------------

val result: krc:0.801 | lsd:0.614 | ed:0.907 | hr@1:0.669 | hr@2:0.881 | hr@3:0.923 | acc@1:0.669 | acc@2:0.613 | acc@3:0.58 | Best krc: 0.794 | Best epoch: 20
best model saved
[2023-12-18 16:33:28] INFO (nni/MainThread) Intermediate result: 0.8010475627790886  (Index 54)
-----------------ETPA RESULT-------------------
Epoch 27: Validation	rmse: 16.13	mae: 12.69	mape: 85.42%	acc@10: 48.85%	acc@20: 80.11%	acc@30: 93.19%	
[2023-12-18 16:33:28] INFO (nni/MainThread) Intermediate result: 16.125019650427856  (Index 55)
*** Epoch: 28 ***
-----------------G2R RESULT-------------------

val result: krc:0.795 | lsd:0.638 | ed:0.946 | hr@1:0.686 | hr@2:0.88 | hr@3:0.918 | acc@1:0.686 | acc@2:0.623 | acc@3:0.577 | Best krc: 0.801 | Best epoch: 27
[2023-12-18 16:33:53] INFO (nni/MainThread) Intermediate result: 0.7946797399267885  (Index 56)
-----------------ETPA RESULT-------------------
Epoch 28: Validation	rmse: 16.04	mae: 12.62	mape: 84.74%	acc@10: 49.07%	acc@20: 80.34%	acc@30: 93.28%	
[2023-12-18 16:33:53] INFO (nni/MainThread) Intermediate result: 16.038326092440588  (Index 57)
*** Epoch: 29 ***
-----------------G2R RESULT-------------------

val result: krc:0.802 | lsd:0.576 | ed:0.916 | hr@1:0.674 | hr@2:0.878 | hr@3:0.922 | acc@1:0.674 | acc@2:0.613 | acc@3:0.58 | Best krc: 0.801 | Best epoch: 27
best model saved
[2023-12-18 16:34:20] INFO (nni/MainThread) Intermediate result: 0.8015079991992979  (Index 58)
-----------------ETPA RESULT-------------------
Epoch 29: Validation	rmse: 15.97	mae: 12.56	mape: 84.28%	acc@10: 49.26%	acc@20: 80.52%	acc@30: 93.38%	
[2023-12-18 16:34:20] INFO (nni/MainThread) Intermediate result: 15.965135344323425  (Index 59)
*** Epoch: 30 ***
-----------------G2R RESULT-------------------

val result: krc:0.782 | lsd:0.626 | ed:0.959 | hr@1:0.659 | hr@2:0.872 | hr@3:0.916 | acc@1:0.659 | acc@2:0.6 | acc@3:0.561 | Best krc: 0.802 | Best epoch: 29
[2023-12-18 16:34:47] INFO (nni/MainThread) Intermediate result: 0.7815605276033786  (Index 60)
-----------------ETPA RESULT-------------------
Epoch 30: Validation	rmse: 15.89	mae: 12.5	mape: 83.83%	acc@10: 49.46%	acc@20: 80.69%	acc@30: 93.5%	
[2023-12-18 16:34:47] INFO (nni/MainThread) Intermediate result: 15.892245442104779  (Index 61)
*** Epoch: 31 ***
-----------------G2R RESULT-------------------

val result: krc:0.8 | lsd:0.59 | ed:0.914 | hr@1:0.67 | hr@2:0.881 | hr@3:0.923 | acc@1:0.67 | acc@2:0.613 | acc@3:0.577 | Best krc: 0.802 | Best epoch: 29
[2023-12-18 16:35:13] INFO (nni/MainThread) Intermediate result: 0.799993123202568  (Index 62)
-----------------ETPA RESULT-------------------
Epoch 31: Validation	rmse: 15.82	mae: 12.44	mape: 83.29%	acc@10: 49.65%	acc@20: 80.87%	acc@30: 93.61%	
[2023-12-18 16:35:13] INFO (nni/MainThread) Intermediate result: 15.820803927427368  (Index 63)
*** Epoch: 32 ***
-----------------G2R RESULT-------------------

val result: krc:0.799 | lsd:0.575 | ed:0.923 | hr@1:0.672 | hr@2:0.879 | hr@3:0.922 | acc@1:0.672 | acc@2:0.612 | acc@3:0.573 | Best krc: 0.802 | Best epoch: 29
[2023-12-18 16:35:38] INFO (nni/MainThread) Intermediate result: 0.798746618973991  (Index 64)
-----------------ETPA RESULT-------------------
Epoch 32: Validation	rmse: 15.76	mae: 12.39	mape: 82.75%	acc@10: 49.85%	acc@20: 80.97%	acc@30: 93.7%	
[2023-12-18 16:35:38] INFO (nni/MainThread) Intermediate result: 15.758426625398611  (Index 65)
*** Epoch: 33 ***
-----------------G2R RESULT-------------------

val result: krc:0.802 | lsd:0.562 | ed:0.913 | hr@1:0.676 | hr@2:0.882 | hr@3:0.922 | acc@1:0.676 | acc@2:0.618 | acc@3:0.582 | Best krc: 0.802 | Best epoch: 29
best model saved
[2023-12-18 16:36:06] INFO (nni/MainThread) Intermediate result: 0.8019068783651206  (Index 66)
-----------------ETPA RESULT-------------------
Epoch 33: Validation	rmse: 15.69	mae: 12.33	mape: 82.15%	acc@10: 50.01%	acc@20: 81.11%	acc@30: 93.8%	
[2023-12-18 16:36:06] INFO (nni/MainThread) Intermediate result: 15.689387608945935  (Index 67)
*** Epoch: 34 ***
-----------------G2R RESULT-------------------

val result: krc:0.776 | lsd:0.674 | ed:0.965 | hr@1:0.658 | hr@2:0.876 | hr@3:0.915 | acc@1:0.658 | acc@2:0.603 | acc@3:0.558 | Best krc: 0.802 | Best epoch: 33
[2023-12-18 16:36:32] INFO (nni/MainThread) Intermediate result: 0.7762566255264114  (Index 68)
-----------------ETPA RESULT-------------------
Epoch 34: Validation	rmse: 15.62	mae: 12.28	mape: 81.73%	acc@10: 50.15%	acc@20: 81.29%	acc@30: 93.89%	
[2023-12-18 16:36:32] INFO (nni/MainThread) Intermediate result: 15.623307293077463  (Index 69)
*** Epoch: 35 ***
-----------------G2R RESULT-------------------

val result: krc:0.801 | lsd:0.592 | ed:0.89 | hr@1:0.671 | hr@2:0.882 | hr@3:0.923 | acc@1:0.671 | acc@2:0.616 | acc@3:0.588 | Best krc: 0.802 | Best epoch: 33
[2023-12-18 16:37:00] INFO (nni/MainThread) Intermediate result: 0.8013045941248828  (Index 70)
-----------------ETPA RESULT-------------------
Epoch 35: Validation	rmse: 15.59	mae: 12.26	mape: 81.57%	acc@10: 50.24%	acc@20: 81.36%	acc@30: 93.92%	
[2023-12-18 16:37:00] INFO (nni/MainThread) Intermediate result: 15.589909382806978  (Index 71)
*** Epoch: 36 ***
-----------------G2R RESULT-------------------

val result: krc:0.804 | lsd:0.601 | ed:0.931 | hr@1:0.707 | hr@2:0.885 | hr@3:0.918 | acc@1:0.707 | acc@2:0.638 | acc@3:0.592 | Best krc: 0.802 | Best epoch: 33
best model saved
[2023-12-18 16:37:27] INFO (nni/MainThread) Intermediate result: 0.8042774466298733  (Index 72)
-----------------ETPA RESULT-------------------
Epoch 36: Validation	rmse: 15.54	mae: 12.21	mape: 81.19%	acc@10: 50.42%	acc@20: 81.48%	acc@30: 93.99%	
[2023-12-18 16:37:27] INFO (nni/MainThread) Intermediate result: 15.5350191951774  (Index 73)
*** Epoch: 37 ***
-----------------G2R RESULT-------------------

val result: krc:0.797 | lsd:0.604 | ed:0.907 | hr@1:0.666 | hr@2:0.878 | hr@3:0.921 | acc@1:0.666 | acc@2:0.61 | acc@3:0.58 | Best krc: 0.804 | Best epoch: 36
[2023-12-18 16:37:53] INFO (nni/MainThread) Intermediate result: 0.7966832920921245  (Index 74)
-----------------ETPA RESULT-------------------
Epoch 37: Validation	rmse: 15.49	mae: 12.17	mape: 80.79%	acc@10: 50.65%	acc@20: 81.56%	acc@30: 94.04%	
[2023-12-18 16:37:53] INFO (nni/MainThread) Intermediate result: 15.488922075225254  (Index 75)
*** Epoch: 38 ***
-----------------G2R RESULT-------------------

val result: krc:0.799 | lsd:0.596 | ed:0.897 | hr@1:0.67 | hr@2:0.876 | hr@3:0.92 | acc@1:0.67 | acc@2:0.611 | acc@3:0.583 | Best krc: 0.804 | Best epoch: 36
[2023-12-18 16:38:19] INFO (nni/MainThread) Intermediate result: 0.7988651287820504  (Index 76)
-----------------ETPA RESULT-------------------
Epoch 38: Validation	rmse: 15.44	mae: 12.14	mape: 80.49%	acc@10: 50.83%	acc@20: 81.64%	acc@30: 94.11%	
[2023-12-18 16:38:19] INFO (nni/MainThread) Intermediate result: 15.444857492300951  (Index 77)
*** Epoch: 39 ***
-----------------G2R RESULT-------------------

val result: krc:0.785 | lsd:0.616 | ed:0.952 | hr@1:0.657 | hr@2:0.871 | hr@3:0.916 | acc@1:0.657 | acc@2:0.596 | acc@3:0.563 | Best krc: 0.804 | Best epoch: 36
[2023-12-18 16:38:46] INFO (nni/MainThread) Intermediate result: 0.7846444798784107  (Index 78)
-----------------ETPA RESULT-------------------
Epoch 39: Validation	rmse: 15.4	mae: 12.1	mape: 80.04%	acc@10: 50.89%	acc@20: 81.76%	acc@30: 94.19%	
[2023-12-18 16:38:46] INFO (nni/MainThread) Intermediate result: 15.39689876607352  (Index 79)
*** Epoch: 40 ***
-----------------G2R RESULT-------------------

val result: krc:0.787 | lsd:0.61 | ed:0.945 | hr@1:0.655 | hr@2:0.873 | hr@3:0.917 | acc@1:0.655 | acc@2:0.598 | acc@3:0.566 | Best krc: 0.804 | Best epoch: 36
[2023-12-18 16:39:12] INFO (nni/MainThread) Intermediate result: 0.7867965984363009  (Index 80)
-----------------ETPA RESULT-------------------
Epoch 40: Validation	rmse: 15.36	mae: 12.07	mape: 79.67%	acc@10: 51.07%	acc@20: 81.82%	acc@30: 94.23%	
[2023-12-18 16:39:12] INFO (nni/MainThread) Intermediate result: 15.357814473730823  (Index 81)
*** Epoch: 41 ***
-----------------G2R RESULT-------------------

val result: krc:0.801 | lsd:0.592 | ed:0.896 | hr@1:0.673 | hr@2:0.882 | hr@3:0.925 | acc@1:0.673 | acc@2:0.62 | acc@3:0.589 | Best krc: 0.804 | Best epoch: 36
[2023-12-18 16:39:38] INFO (nni/MainThread) Intermediate result: 0.8008207951015123  (Index 82)
-----------------ETPA RESULT-------------------
Epoch 41: Validation	rmse: 15.31	mae: 12.02	mape: 79.19%	acc@10: 51.23%	acc@20: 81.95%	acc@30: 94.28%	
[2023-12-18 16:39:38] INFO (nni/MainThread) Intermediate result: 15.31374316534227  (Index 83)
*** Epoch: 42 ***
-----------------G2R RESULT-------------------

val result: krc:0.794 | lsd:0.627 | ed:0.916 | hr@1:0.669 | hr@2:0.879 | hr@3:0.923 | acc@1:0.669 | acc@2:0.615 | acc@3:0.579 | Best krc: 0.804 | Best epoch: 36
[2023-12-18 16:40:05] INFO (nni/MainThread) Intermediate result: 0.7937951565673472  (Index 84)
-----------------ETPA RESULT-------------------
Epoch 42: Validation	rmse: 15.28	mae: 11.99	mape: 78.76%	acc@10: 51.37%	acc@20: 82.03%	acc@30: 94.31%	
[2023-12-18 16:40:05] INFO (nni/MainThread) Intermediate result: 15.27730158757102  (Index 85)
*** Epoch: 43 ***
-----------------G2R RESULT-------------------

val result: krc:0.793 | lsd:0.59 | ed:0.931 | hr@1:0.668 | hr@2:0.874 | hr@3:0.919 | acc@1:0.668 | acc@2:0.606 | acc@3:0.57 | Best krc: 0.804 | Best epoch: 36
[2023-12-18 16:40:31] INFO (nni/MainThread) Intermediate result: 0.7932751583385601  (Index 86)
-----------------ETPA RESULT-------------------
Epoch 43: Validation	rmse: 15.24	mae: 11.95	mape: 78.38%	acc@10: 51.53%	acc@20: 82.11%	acc@30: 94.35%	
[2023-12-18 16:40:31] INFO (nni/MainThread) Intermediate result: 15.239791692491718  (Index 87)
*** Epoch: 44 ***
-----------------G2R RESULT-------------------

val result: krc:0.805 | lsd:0.613 | ed:0.878 | hr@1:0.686 | hr@2:0.88 | hr@3:0.924 | acc@1:0.686 | acc@2:0.625 | acc@3:0.595 | Best krc: 0.804 | Best epoch: 36
best model saved
[2023-12-18 16:41:00] INFO (nni/MainThread) Intermediate result: 0.80497640790601  (Index 88)
-----------------ETPA RESULT-------------------
Epoch 44: Validation	rmse: 15.19	mae: 11.92	mape: 77.93%	acc@10: 51.64%	acc@20: 82.26%	acc@30: 94.4%	
[2023-12-18 16:41:00] INFO (nni/MainThread) Intermediate result: 15.193106447779039  (Index 89)
*** Epoch: 45 ***
-----------------G2R RESULT-------------------

val result: krc:0.801 | lsd:0.584 | ed:0.896 | hr@1:0.676 | hr@2:0.878 | hr@3:0.922 | acc@1:0.676 | acc@2:0.616 | acc@3:0.585 | Best krc: 0.805 | Best epoch: 44
[2023-12-18 16:41:26] INFO (nni/MainThread) Intermediate result: 0.8011819707928147  (Index 90)
-----------------ETPA RESULT-------------------
Epoch 45: Validation	rmse: 15.15	mae: 11.88	mape: 77.63%	acc@10: 51.77%	acc@20: 82.37%	acc@30: 94.45%	
[2023-12-18 16:41:26] INFO (nni/MainThread) Intermediate result: 15.151944751300366  (Index 91)
*** Epoch: 46 ***
-----------------G2R RESULT-------------------

val result: krc:0.807 | lsd:0.591 | ed:0.884 | hr@1:0.676 | hr@2:0.88 | hr@3:0.923 | acc@1:0.676 | acc@2:0.621 | acc@3:0.592 | Best krc: 0.805 | Best epoch: 44
best model saved
[2023-12-18 16:41:53] INFO (nni/MainThread) Intermediate result: 0.8074193616388633  (Index 92)
-----------------ETPA RESULT-------------------
Epoch 46: Validation	rmse: 15.12	mae: 11.86	mape: 77.35%	acc@10: 51.82%	acc@20: 82.41%	acc@30: 94.48%	
[2023-12-18 16:41:53] INFO (nni/MainThread) Intermediate result: 15.12372775094456  (Index 93)
*** Epoch: 47 ***
-----------------G2R RESULT-------------------

val result: krc:0.805 | lsd:0.598 | ed:0.882 | hr@1:0.683 | hr@2:0.88 | hr@3:0.922 | acc@1:0.683 | acc@2:0.625 | acc@3:0.598 | Best krc: 0.807 | Best epoch: 46
[2023-12-18 16:42:18] INFO (nni/MainThread) Intermediate result: 0.8048197031231574  (Index 94)
-----------------ETPA RESULT-------------------
Epoch 47: Validation	rmse: 15.1	mae: 11.84	mape: 77.15%	acc@10: 51.89%	acc@20: 82.47%	acc@30: 94.51%	
[2023-12-18 16:42:18] INFO (nni/MainThread) Intermediate result: 15.095125183858118  (Index 95)
*** Epoch: 48 ***
-----------------G2R RESULT-------------------

val result: krc:0.794 | lsd:0.599 | ed:0.924 | hr@1:0.668 | hr@2:0.878 | hr@3:0.919 | acc@1:0.668 | acc@2:0.614 | acc@3:0.578 | Best krc: 0.807 | Best epoch: 46
[2023-12-18 16:42:44] INFO (nni/MainThread) Intermediate result: 0.7942457558635959  (Index 96)
-----------------ETPA RESULT-------------------
Epoch 48: Validation	rmse: 15.06	mae: 11.81	mape: 76.94%	acc@10: 52.02%	acc@20: 82.56%	acc@30: 94.55%	
[2023-12-18 16:42:44] INFO (nni/MainThread) Intermediate result: 15.06045742645051  (Index 97)
*** Epoch: 49 ***
-----------------G2R RESULT-------------------

val result: krc:0.806 | lsd:0.576 | ed:0.885 | hr@1:0.689 | hr@2:0.878 | hr@3:0.923 | acc@1:0.689 | acc@2:0.625 | acc@3:0.596 | Best krc: 0.807 | Best epoch: 46
[2023-12-18 16:43:10] INFO (nni/MainThread) Intermediate result: 0.8057837043844913  (Index 98)
-----------------ETPA RESULT-------------------
Epoch 49: Validation	rmse: 15.03	mae: 11.79	mape: 76.78%	acc@10: 52.07%	acc@20: 82.61%	acc@30: 94.58%	
[2023-12-18 16:43:10] INFO (nni/MainThread) Intermediate result: 15.034420343232178  (Index 99)
*** Epoch: 50 ***
-----------------G2R RESULT-------------------

val result: krc:0.805 | lsd:0.586 | ed:0.892 | hr@1:0.679 | hr@2:0.878 | hr@3:0.921 | acc@1:0.679 | acc@2:0.62 | acc@3:0.589 | Best krc: 0.807 | Best epoch: 46
[2023-12-18 16:43:36] INFO (nni/MainThread) Intermediate result: 0.8047034197886844  (Index 100)
-----------------ETPA RESULT-------------------
Epoch 50: Validation	rmse: 15.01	mae: 11.77	mape: 76.53%	acc@10: 52.14%	acc@20: 82.63%	acc@30: 94.6%	
[2023-12-18 16:43:36] INFO (nni/MainThread) Intermediate result: 15.007395511162914  (Index 101)
*** Epoch: 51 ***
-----------------G2R RESULT-------------------

val result: krc:0.806 | lsd:0.574 | ed:0.882 | hr@1:0.686 | hr@2:0.878 | hr@3:0.922 | acc@1:0.686 | acc@2:0.627 | acc@3:0.595 | Best krc: 0.807 | Best epoch: 46
[2023-12-18 16:44:02] INFO (nni/MainThread) Intermediate result: 0.8062783280623245  (Index 102)
-----------------ETPA RESULT-------------------
Epoch 51: Validation	rmse: 14.98	mae: 11.75	mape: 76.32%	acc@10: 52.25%	acc@20: 82.69%	acc@30: 94.64%	
[2023-12-18 16:44:02] INFO (nni/MainThread) Intermediate result: 14.978961012990885  (Index 103)
*** Epoch: 52 ***
-----------------G2R RESULT-------------------

val result: krc:0.804 | lsd:0.57 | ed:0.902 | hr@1:0.684 | hr@2:0.876 | hr@3:0.92 | acc@1:0.684 | acc@2:0.625 | acc@3:0.588 | Best krc: 0.807 | Best epoch: 46
[2023-12-18 16:44:27] INFO (nni/MainThread) Intermediate result: 0.8040583533456294  (Index 104)
-----------------ETPA RESULT-------------------
Epoch 52: Validation	rmse: 14.94	mae: 11.72	mape: 76.01%	acc@10: 52.33%	acc@20: 82.78%	acc@30: 94.68%	
[2023-12-18 16:44:27] INFO (nni/MainThread) Intermediate result: 14.943452661729772  (Index 105)
*** Epoch: 53 ***
-----------------G2R RESULT-------------------

val result: krc:0.805 | lsd:0.595 | ed:0.885 | hr@1:0.678 | hr@2:0.878 | hr@3:0.92 | acc@1:0.678 | acc@2:0.623 | acc@3:0.589 | Best krc: 0.807 | Best epoch: 46
[2023-12-18 16:44:53] INFO (nni/MainThread) Intermediate result: 0.804925129122768  (Index 106)
-----------------ETPA RESULT-------------------
Epoch 53: Validation	rmse: 14.92	mae: 11.7	mape: 75.89%	acc@10: 52.42%	acc@20: 82.84%	acc@30: 94.7%	
[2023-12-18 16:44:53] INFO (nni/MainThread) Intermediate result: 14.921258143742334  (Index 107)
*** Epoch: 54 ***
-----------------G2R RESULT-------------------

val result: krc:0.793 | lsd:0.6 | ed:0.941 | hr@1:0.673 | hr@2:0.876 | hr@3:0.919 | acc@1:0.673 | acc@2:0.614 | acc@3:0.571 | Best krc: 0.807 | Best epoch: 46
[2023-12-18 16:45:18] INFO (nni/MainThread) Intermediate result: 0.7928584622069537  (Index 108)
-----------------ETPA RESULT-------------------
Epoch 54: Validation	rmse: 14.9	mae: 11.68	mape: 75.63%	acc@10: 52.46%	acc@20: 82.9%	acc@30: 94.71%	
[2023-12-18 16:45:18] INFO (nni/MainThread) Intermediate result: 14.89890302583891  (Index 109)
*** Epoch: 55 ***
-----------------G2R RESULT-------------------

val result: krc:0.811 | lsd:0.581 | ed:0.869 | hr@1:0.697 | hr@2:0.88 | hr@3:0.923 | acc@1:0.697 | acc@2:0.638 | acc@3:0.603 | Best krc: 0.807 | Best epoch: 46
best model saved
[2023-12-18 16:45:45] INFO (nni/MainThread) Intermediate result: 0.8113285399599347  (Index 110)
-----------------ETPA RESULT-------------------
Epoch 55: Validation	rmse: 14.86	mae: 11.65	mape: 75.35%	acc@10: 52.55%	acc@20: 83.02%	acc@30: 94.75%	
[2023-12-18 16:45:45] INFO (nni/MainThread) Intermediate result: 14.864577154266204  (Index 111)
*** Epoch: 56 ***
-----------------G2R RESULT-------------------

val result: krc:0.811 | lsd:0.576 | ed:0.866 | hr@1:0.693 | hr@2:0.883 | hr@3:0.924 | acc@1:0.693 | acc@2:0.638 | acc@3:0.606 | Best krc: 0.811 | Best epoch: 55
[2023-12-18 16:46:11] INFO (nni/MainThread) Intermediate result: 0.8111684733022732  (Index 112)
-----------------ETPA RESULT-------------------
Epoch 56: Validation	rmse: 14.84	mae: 11.63	mape: 75.15%	acc@10: 52.61%	acc@20: 83.09%	acc@30: 94.78%	
[2023-12-18 16:46:11] INFO (nni/MainThread) Intermediate result: 14.839956729672405  (Index 113)
*** Epoch: 57 ***
-----------------G2R RESULT-------------------

val result: krc:0.812 | lsd:0.603 | ed:0.865 | hr@1:0.69 | hr@2:0.878 | hr@3:0.922 | acc@1:0.69 | acc@2:0.632 | acc@3:0.603 | Best krc: 0.811 | Best epoch: 55
best model saved
[2023-12-18 16:46:38] INFO (nni/MainThread) Intermediate result: 0.8115983143967402  (Index 114)
-----------------ETPA RESULT-------------------
Epoch 57: Validation	rmse: 14.82	mae: 11.61	mape: 75.0%	acc@10: 52.68%	acc@20: 83.12%	acc@30: 94.8%	
[2023-12-18 16:46:38] INFO (nni/MainThread) Intermediate result: 14.819854130407716  (Index 115)
*** Epoch: 58 ***
-----------------G2R RESULT-------------------

val result: krc:0.815 | lsd:0.578 | ed:0.851 | hr@1:0.695 | hr@2:0.88 | hr@3:0.925 | acc@1:0.695 | acc@2:0.635 | acc@3:0.606 | Best krc: 0.812 | Best epoch: 57
best model saved
[2023-12-18 16:47:05] INFO (nni/MainThread) Intermediate result: 0.8145767128626771  (Index 116)
-----------------ETPA RESULT-------------------
Epoch 58: Validation	rmse: 14.8	mae: 11.59	mape: 74.89%	acc@10: 52.73%	acc@20: 83.19%	acc@30: 94.84%	
[2023-12-18 16:47:05] INFO (nni/MainThread) Intermediate result: 14.797435641123101  (Index 117)
*** Epoch: 59 ***
-----------------G2R RESULT-------------------

val result: krc:0.81 | lsd:0.577 | ed:0.866 | hr@1:0.698 | hr@2:0.878 | hr@3:0.921 | acc@1:0.698 | acc@2:0.636 | acc@3:0.601 | Best krc: 0.815 | Best epoch: 58
[2023-12-18 16:47:31] INFO (nni/MainThread) Intermediate result: 0.8104666067062218  (Index 118)
-----------------ETPA RESULT-------------------
Epoch 59: Validation	rmse: 14.77	mae: 11.57	mape: 74.71%	acc@10: 52.83%	acc@20: 83.24%	acc@30: 94.87%	
[2023-12-18 16:47:31] INFO (nni/MainThread) Intermediate result: 14.77327745258008  (Index 119)
*** Epoch: 60 ***
-----------------G2R RESULT-------------------

val result: krc:0.809 | lsd:0.575 | ed:0.88 | hr@1:0.691 | hr@2:0.878 | hr@3:0.922 | acc@1:0.691 | acc@2:0.631 | acc@3:0.596 | Best krc: 0.815 | Best epoch: 58
[2023-12-18 16:47:57] INFO (nni/MainThread) Intermediate result: 0.808972175050006  (Index 120)
-----------------ETPA RESULT-------------------
Epoch 60: Validation	rmse: 14.75	mae: 11.56	mape: 74.62%	acc@10: 52.9%	acc@20: 83.3%	acc@30: 94.91%	
[2023-12-18 16:47:57] INFO (nni/MainThread) Intermediate result: 14.751414939599355  (Index 121)
*** Epoch: 61 ***
-----------------G2R RESULT-------------------

val result: krc:0.811 | lsd:0.574 | ed:0.873 | hr@1:0.691 | hr@2:0.879 | hr@3:0.924 | acc@1:0.691 | acc@2:0.631 | acc@3:0.601 | Best krc: 0.815 | Best epoch: 58
[2023-12-18 16:48:22] INFO (nni/MainThread) Intermediate result: 0.8113940984601237  (Index 122)
-----------------ETPA RESULT-------------------
Epoch 61: Validation	rmse: 14.73	mae: 11.54	mape: 74.5%	acc@10: 52.96%	acc@20: 83.35%	acc@30: 94.94%	
[2023-12-18 16:48:22] INFO (nni/MainThread) Intermediate result: 14.731985122910514  (Index 123)
*** Epoch: 62 ***
-----------------G2R RESULT-------------------

val result: krc:0.814 | lsd:0.604 | ed:0.853 | hr@1:0.704 | hr@2:0.882 | hr@3:0.923 | acc@1:0.704 | acc@2:0.645 | acc@3:0.614 | Best krc: 0.815 | Best epoch: 58
[2023-12-18 16:48:48] INFO (nni/MainThread) Intermediate result: 0.8139788411235721  (Index 124)
-----------------ETPA RESULT-------------------
Epoch 62: Validation	rmse: 14.71	mae: 11.53	mape: 74.4%	acc@10: 52.98%	acc@20: 83.37%	acc@30: 94.98%	
[2023-12-18 16:48:48] INFO (nni/MainThread) Intermediate result: 14.711408322142386  (Index 125)
*** Epoch: 63 ***
-----------------G2R RESULT-------------------

val result: krc:0.767 | lsd:0.712 | ed:1.0 | hr@1:0.655 | hr@2:0.862 | hr@3:0.908 | acc@1:0.655 | acc@2:0.593 | acc@3:0.544 | Best krc: 0.815 | Best epoch: 58
[2023-12-18 16:49:14] INFO (nni/MainThread) Intermediate result: 0.7673489130507058  (Index 126)
-----------------ETPA RESULT-------------------
Epoch 63: Validation	rmse: 14.69	mae: 11.51	mape: 74.13%	acc@10: 53.07%	acc@20: 83.43%	acc@30: 95.0%	
[2023-12-18 16:49:14] INFO (nni/MainThread) Intermediate result: 14.689478855170211  (Index 127)
*** Epoch: 64 ***
-----------------G2R RESULT-------------------

val result: krc:0.802 | lsd:0.621 | ed:0.895 | hr@1:0.691 | hr@2:0.878 | hr@3:0.92 | acc@1:0.691 | acc@2:0.629 | acc@3:0.587 | Best krc: 0.815 | Best epoch: 58
[2023-12-18 16:49:40] INFO (nni/MainThread) Intermediate result: 0.8016380681618984  (Index 128)
-----------------ETPA RESULT-------------------
Epoch 64: Validation	rmse: 14.68	mae: 11.49	mape: 73.84%	acc@10: 53.12%	acc@20: 83.45%	acc@30: 95.0%	
[2023-12-18 16:49:40] INFO (nni/MainThread) Intermediate result: 14.675746190408976  (Index 129)
*** Epoch: 65 ***
-----------------G2R RESULT-------------------

val result: krc:0.804 | lsd:0.609 | ed:0.887 | hr@1:0.693 | hr@2:0.878 | hr@3:0.922 | acc@1:0.693 | acc@2:0.634 | acc@3:0.598 | Best krc: 0.815 | Best epoch: 58
[2023-12-18 16:50:06] INFO (nni/MainThread) Intermediate result: 0.8044277111089531  (Index 130)
-----------------ETPA RESULT-------------------
Epoch 65: Validation	rmse: 14.66	mae: 11.48	mape: 73.74%	acc@10: 53.18%	acc@20: 83.5%	acc@30: 95.03%	
[2023-12-18 16:50:06] INFO (nni/MainThread) Intermediate result: 14.656042365768155  (Index 131)
*** Epoch: 66 ***
-----------------G2R RESULT-------------------

val result: krc:0.803 | lsd:0.599 | ed:0.888 | hr@1:0.687 | hr@2:0.881 | hr@3:0.923 | acc@1:0.687 | acc@2:0.633 | acc@3:0.596 | Best krc: 0.815 | Best epoch: 58
[2023-12-18 16:50:32] INFO (nni/MainThread) Intermediate result: 0.802961810089051  (Index 132)
-----------------ETPA RESULT-------------------
Epoch 66: Validation	rmse: 14.64	mae: 11.46	mape: 73.62%	acc@10: 53.23%	acc@20: 83.52%	acc@30: 95.05%	
[2023-12-18 16:50:32] INFO (nni/MainThread) Intermediate result: 14.638962993092521  (Index 133)
*** Epoch: 67 ***
-----------------G2R RESULT-------------------

val result: krc:0.818 | lsd:0.563 | ed:0.842 | hr@1:0.709 | hr@2:0.883 | hr@3:0.925 | acc@1:0.709 | acc@2:0.651 | acc@3:0.614 | Best krc: 0.815 | Best epoch: 58
best model saved
[2023-12-18 16:51:00] INFO (nni/MainThread) Intermediate result: 0.8176334015949234  (Index 134)
-----------------ETPA RESULT-------------------
Epoch 67: Validation	rmse: 14.62	mae: 11.45	mape: 73.44%	acc@10: 53.31%	acc@20: 83.58%	acc@30: 95.08%	
[2023-12-18 16:51:00] INFO (nni/MainThread) Intermediate result: 14.619053665025712  (Index 135)
*** Epoch: 68 ***
-----------------G2R RESULT-------------------

val result: krc:0.815 | lsd:0.554 | ed:0.849 | hr@1:0.699 | hr@2:0.884 | hr@3:0.927 | acc@1:0.699 | acc@2:0.645 | acc@3:0.611 | Best krc: 0.818 | Best epoch: 67
[2023-12-18 16:51:26] INFO (nni/MainThread) Intermediate result: 0.8149589978273845  (Index 136)
-----------------ETPA RESULT-------------------
Epoch 68: Validation	rmse: 14.6	mae: 11.43	mape: 73.24%	acc@10: 53.36%	acc@20: 83.66%	acc@30: 95.1%	
[2023-12-18 16:51:26] INFO (nni/MainThread) Intermediate result: 14.596105899402598  (Index 137)
*** Epoch: 69 ***
-----------------G2R RESULT-------------------

val result: krc:0.804 | lsd:0.61 | ed:0.885 | hr@1:0.694 | hr@2:0.878 | hr@3:0.921 | acc@1:0.694 | acc@2:0.633 | acc@3:0.596 | Best krc: 0.818 | Best epoch: 67
[2023-12-18 16:51:52] INFO (nni/MainThread) Intermediate result: 0.8037980021889072  (Index 138)
-----------------ETPA RESULT-------------------
Epoch 69: Validation	rmse: 14.58	mae: 11.41	mape: 73.09%	acc@10: 53.41%	acc@20: 83.71%	acc@30: 95.12%	
[2023-12-18 16:51:52] INFO (nni/MainThread) Intermediate result: 14.575218504736394  (Index 139)
*** Epoch: 70 ***
-----------------G2R RESULT-------------------

val result: krc:0.812 | lsd:0.571 | ed:0.867 | hr@1:0.7 | hr@2:0.884 | hr@3:0.926 | acc@1:0.7 | acc@2:0.645 | acc@3:0.61 | Best krc: 0.818 | Best epoch: 67
[2023-12-18 16:52:20] INFO (nni/MainThread) Intermediate result: 0.8122511555393059  (Index 140)
-----------------ETPA RESULT-------------------
Epoch 70: Validation	rmse: 14.56	mae: 11.4	mape: 73.03%	acc@10: 53.43%	acc@20: 83.75%	acc@30: 95.15%	
[2023-12-18 16:52:20] INFO (nni/MainThread) Intermediate result: 14.560567708177945  (Index 141)
*** Epoch: 71 ***
-----------------G2R RESULT-------------------

val result: krc:0.816 | lsd:0.568 | ed:0.85 | hr@1:0.708 | hr@2:0.883 | hr@3:0.922 | acc@1:0.708 | acc@2:0.651 | acc@3:0.614 | Best krc: 0.818 | Best epoch: 67
[2023-12-18 16:52:46] INFO (nni/MainThread) Intermediate result: 0.8164237757416595  (Index 142)
-----------------ETPA RESULT-------------------
Epoch 71: Validation	rmse: 14.54	mae: 11.39	mape: 72.88%	acc@10: 53.49%	acc@20: 83.8%	acc@30: 95.17%	
[2023-12-18 16:52:46] INFO (nni/MainThread) Intermediate result: 14.540251572673196  (Index 143)
*** Epoch: 72 ***
-----------------G2R RESULT-------------------

val result: krc:0.818 | lsd:0.557 | ed:0.838 | hr@1:0.708 | hr@2:0.885 | hr@3:0.924 | acc@1:0.708 | acc@2:0.654 | acc@3:0.617 | Best krc: 0.818 | Best epoch: 67
best model saved
[2023-12-18 16:53:14] INFO (nni/MainThread) Intermediate result: 0.818208679852755  (Index 144)
-----------------ETPA RESULT-------------------
Epoch 72: Validation	rmse: 14.52	mae: 11.37	mape: 72.77%	acc@10: 53.56%	acc@20: 83.85%	acc@30: 95.2%	
[2023-12-18 16:53:14] INFO (nni/MainThread) Intermediate result: 14.52466871478907  (Index 145)
*** Epoch: 73 ***
-----------------G2R RESULT-------------------

val result: krc:0.812 | lsd:0.57 | ed:0.874 | hr@1:0.699 | hr@2:0.884 | hr@3:0.923 | acc@1:0.699 | acc@2:0.642 | acc@3:0.61 | Best krc: 0.818 | Best epoch: 72
[2023-12-18 16:53:40] INFO (nni/MainThread) Intermediate result: 0.8119364672316137  (Index 146)
-----------------ETPA RESULT-------------------
Epoch 73: Validation	rmse: 14.51	mae: 11.36	mape: 72.65%	acc@10: 53.61%	acc@20: 83.89%	acc@30: 95.22%	
[2023-12-18 16:53:40] INFO (nni/MainThread) Intermediate result: 14.50713027776977  (Index 147)
*** Epoch: 74 ***
-----------------G2R RESULT-------------------

val result: krc:0.818 | lsd:0.553 | ed:0.839 | hr@1:0.705 | hr@2:0.887 | hr@3:0.927 | acc@1:0.705 | acc@2:0.649 | acc@3:0.62 | Best krc: 0.818 | Best epoch: 72
[2023-12-18 16:54:07] INFO (nni/MainThread) Intermediate result: 0.8181768459074973  (Index 148)
-----------------ETPA RESULT-------------------
Epoch 74: Validation	rmse: 14.5	mae: 11.35	mape: 72.62%	acc@10: 53.64%	acc@20: 83.9%	acc@30: 95.24%	
[2023-12-18 16:54:07] INFO (nni/MainThread) Intermediate result: 14.496994904970109  (Index 149)
*** Epoch: 75 ***
-----------------G2R RESULT-------------------

val result: krc:0.817 | lsd:0.572 | ed:0.846 | hr@1:0.705 | hr@2:0.887 | hr@3:0.926 | acc@1:0.705 | acc@2:0.651 | acc@3:0.622 | Best krc: 0.818 | Best epoch: 72
[2023-12-18 16:54:33] INFO (nni/MainThread) Intermediate result: 0.8171216300905849  (Index 150)
-----------------ETPA RESULT-------------------
Epoch 75: Validation	rmse: 14.48	mae: 11.34	mape: 72.48%	acc@10: 53.7%	acc@20: 83.94%	acc@30: 95.26%	
[2023-12-18 16:54:33] INFO (nni/MainThread) Intermediate result: 14.483686956734342  (Index 151)
*** Epoch: 76 ***
-----------------G2R RESULT-------------------

val result: krc:0.812 | lsd:0.6 | ed:0.865 | hr@1:0.707 | hr@2:0.882 | hr@3:0.919 | acc@1:0.707 | acc@2:0.648 | acc@3:0.613 | Best krc: 0.818 | Best epoch: 72
[2023-12-18 16:54:59] INFO (nni/MainThread) Intermediate result: 0.8121287024041726  (Index 152)
-----------------ETPA RESULT-------------------
Epoch 76: Validation	rmse: 14.47	mae: 11.33	mape: 72.33%	acc@10: 53.75%	acc@20: 83.99%	acc@30: 95.28%	
[2023-12-18 16:54:59] INFO (nni/MainThread) Intermediate result: 14.473005345165943  (Index 153)
*** Epoch: 77 ***
-----------------G2R RESULT-------------------

val result: krc:0.816 | lsd:0.558 | ed:0.862 | hr@1:0.709 | hr@2:0.888 | hr@3:0.923 | acc@1:0.709 | acc@2:0.651 | acc@3:0.616 | Best krc: 0.818 | Best epoch: 72
[2023-12-18 16:55:27] INFO (nni/MainThread) Intermediate result: 0.8161144693457767  (Index 154)
-----------------ETPA RESULT-------------------
Epoch 77: Validation	rmse: 14.46	mae: 11.31	mape: 72.27%	acc@10: 53.77%	acc@20: 84.01%	acc@30: 95.29%	
[2023-12-18 16:55:27] INFO (nni/MainThread) Intermediate result: 14.45893721681282  (Index 155)
*** Epoch: 78 ***
-----------------G2R RESULT-------------------

val result: krc:0.816 | lsd:0.586 | ed:0.858 | hr@1:0.706 | hr@2:0.886 | hr@3:0.927 | acc@1:0.706 | acc@2:0.648 | acc@3:0.618 | Best krc: 0.818 | Best epoch: 72
[2023-12-18 16:55:54] INFO (nni/MainThread) Intermediate result: 0.8155034956783974  (Index 156)
-----------------ETPA RESULT-------------------
Epoch 78: Validation	rmse: 14.44	mae: 11.3	mape: 72.13%	acc@10: 53.82%	acc@20: 84.06%	acc@30: 95.31%	
[2023-12-18 16:55:54] INFO (nni/MainThread) Intermediate result: 14.443624534461655  (Index 157)
*** Epoch: 79 ***
-----------------G2R RESULT-------------------

val result: krc:0.815 | lsd:0.576 | ed:0.859 | hr@1:0.709 | hr@2:0.886 | hr@3:0.926 | acc@1:0.709 | acc@2:0.649 | acc@3:0.617 | Best krc: 0.818 | Best epoch: 72
[2023-12-18 16:56:20] INFO (nni/MainThread) Intermediate result: 0.8147494682518731  (Index 158)
-----------------ETPA RESULT-------------------
Epoch 79: Validation	rmse: 14.43	mae: 11.29	mape: 71.98%	acc@10: 53.87%	acc@20: 84.09%	acc@30: 95.32%	
[2023-12-18 16:56:20] INFO (nni/MainThread) Intermediate result: 14.430031448532741  (Index 159)
*** Epoch: 80 ***
-----------------G2R RESULT-------------------

val result: krc:0.824 | lsd:0.533 | ed:0.837 | hr@1:0.722 | hr@2:0.889 | hr@3:0.93 | acc@1:0.722 | acc@2:0.66 | acc@3:0.627 | Best krc: 0.818 | Best epoch: 72
best model saved
[2023-12-18 16:56:48] INFO (nni/MainThread) Intermediate result: 0.8241245437747405  (Index 160)
-----------------ETPA RESULT-------------------
Epoch 80: Validation	rmse: 14.41	mae: 11.28	mape: 71.88%	acc@10: 53.93%	acc@20: 84.12%	acc@30: 95.34%	
[2023-12-18 16:56:48] INFO (nni/MainThread) Intermediate result: 14.414665425205953  (Index 161)
*** Epoch: 81 ***
-----------------G2R RESULT-------------------

val result: krc:0.815 | lsd:0.549 | ed:0.877 | hr@1:0.722 | hr@2:0.884 | hr@3:0.923 | acc@1:0.722 | acc@2:0.655 | acc@3:0.614 | Best krc: 0.824 | Best epoch: 80
[2023-12-18 16:57:15] INFO (nni/MainThread) Intermediate result: 0.8150761204980708  (Index 162)
-----------------ETPA RESULT-------------------
Epoch 81: Validation	rmse: 14.4	mae: 11.27	mape: 71.82%	acc@10: 53.95%	acc@20: 84.15%	acc@30: 95.36%	
[2023-12-18 16:57:15] INFO (nni/MainThread) Intermediate result: 14.401194894059952  (Index 163)
*** Epoch: 82 ***
-----------------G2R RESULT-------------------

val result: krc:0.82 | lsd:0.557 | ed:0.846 | hr@1:0.719 | hr@2:0.888 | hr@3:0.927 | acc@1:0.719 | acc@2:0.657 | acc@3:0.623 | Best krc: 0.824 | Best epoch: 80
[2023-12-18 16:57:42] INFO (nni/MainThread) Intermediate result: 0.8204477764862548  (Index 164)
-----------------ETPA RESULT-------------------
Epoch 82: Validation	rmse: 14.39	mae: 11.26	mape: 71.76%	acc@10: 53.98%	acc@20: 84.17%	acc@30: 95.38%	
[2023-12-18 16:57:42] INFO (nni/MainThread) Intermediate result: 14.387474832625529  (Index 165)
*** Epoch: 83 ***
-----------------G2R RESULT-------------------

val result: krc:0.816 | lsd:0.566 | ed:0.868 | hr@1:0.719 | hr@2:0.885 | hr@3:0.925 | acc@1:0.719 | acc@2:0.657 | acc@3:0.616 | Best krc: 0.824 | Best epoch: 80
[2023-12-18 16:58:09] INFO (nni/MainThread) Intermediate result: 0.8160947284427826  (Index 166)
-----------------ETPA RESULT-------------------
Epoch 83: Validation	rmse: 14.37	mae: 11.24	mape: 71.63%	acc@10: 54.01%	acc@20: 84.22%	acc@30: 95.39%	
[2023-12-18 16:58:09] INFO (nni/MainThread) Intermediate result: 14.373969127073643  (Index 167)
*** Epoch: 84 ***
-----------------G2R RESULT-------------------

val result: krc:0.825 | lsd:0.549 | ed:0.839 | hr@1:0.723 | hr@2:0.89 | hr@3:0.928 | acc@1:0.723 | acc@2:0.661 | acc@3:0.63 | Best krc: 0.824 | Best epoch: 80
best model saved
[2023-12-18 16:58:37] INFO (nni/MainThread) Intermediate result: 0.8251089340464066  (Index 168)
-----------------ETPA RESULT-------------------
Epoch 84: Validation	rmse: 14.36	mae: 11.23	mape: 71.5%	acc@10: 54.06%	acc@20: 84.26%	acc@30: 95.41%	
[2023-12-18 16:58:37] INFO (nni/MainThread) Intermediate result: 14.358675666892022  (Index 169)
*** Epoch: 85 ***
-----------------G2R RESULT-------------------

val result: krc:0.829 | lsd:0.526 | ed:0.829 | hr@1:0.719 | hr@2:0.89 | hr@3:0.927 | acc@1:0.719 | acc@2:0.662 | acc@3:0.63 | Best krc: 0.825 | Best epoch: 84
best model saved
[2023-12-18 16:59:08] INFO (nni/MainThread) Intermediate result: 0.8288128034170886  (Index 170)
-----------------ETPA RESULT-------------------
Epoch 85: Validation	rmse: 14.35	mae: 11.22	mape: 71.4%	acc@10: 54.1%	acc@20: 84.3%	acc@30: 95.42%	
[2023-12-18 16:59:08] INFO (nni/MainThread) Intermediate result: 14.345391023988173  (Index 171)
*** Epoch: 86 ***
-----------------G2R RESULT-------------------

val result: krc:0.829 | lsd:0.541 | ed:0.827 | hr@1:0.726 | hr@2:0.891 | hr@3:0.929 | acc@1:0.726 | acc@2:0.666 | acc@3:0.636 | Best krc: 0.829 | Best epoch: 85
best model saved
[2023-12-18 16:59:37] INFO (nni/MainThread) Intermediate result: 0.8289451700383051  (Index 172)
-----------------ETPA RESULT-------------------
Epoch 86: Validation	rmse: 14.33	mae: 11.21	mape: 71.3%	acc@10: 54.15%	acc@20: 84.34%	acc@30: 95.44%	
[2023-12-18 16:59:37] INFO (nni/MainThread) Intermediate result: 14.331688744684012  (Index 173)
*** Epoch: 87 ***
-----------------G2R RESULT-------------------

val result: krc:0.827 | lsd:0.543 | ed:0.826 | hr@1:0.721 | hr@2:0.889 | hr@3:0.929 | acc@1:0.721 | acc@2:0.66 | acc@3:0.63 | Best krc: 0.829 | Best epoch: 86
[2023-12-18 17:00:04] INFO (nni/MainThread) Intermediate result: 0.8266162317495943  (Index 174)
-----------------ETPA RESULT-------------------
Epoch 87: Validation	rmse: 14.32	mae: 11.2	mape: 71.21%	acc@10: 54.14%	acc@20: 84.37%	acc@30: 95.45%	
[2023-12-18 17:00:04] INFO (nni/MainThread) Intermediate result: 14.3178044635118  (Index 175)
*** Epoch: 88 ***
-----------------G2R RESULT-------------------

val result: krc:0.823 | lsd:0.546 | ed:0.845 | hr@1:0.718 | hr@2:0.887 | hr@3:0.927 | acc@1:0.718 | acc@2:0.656 | acc@3:0.622 | Best krc: 0.829 | Best epoch: 86
[2023-12-18 17:00:33] INFO (nni/MainThread) Intermediate result: 0.8232412320387833  (Index 176)
-----------------ETPA RESULT-------------------
Epoch 88: Validation	rmse: 14.3	mae: 11.19	mape: 71.1%	acc@10: 54.16%	acc@20: 84.41%	acc@30: 95.47%	
[2023-12-18 17:00:33] INFO (nni/MainThread) Intermediate result: 14.304409356973542  (Index 177)
*** Epoch: 89 ***
-----------------G2R RESULT-------------------

val result: krc:0.818 | lsd:0.543 | ed:0.86 | hr@1:0.724 | hr@2:0.886 | hr@3:0.923 | acc@1:0.724 | acc@2:0.657 | acc@3:0.617 | Best krc: 0.829 | Best epoch: 86
[2023-12-18 17:01:01] INFO (nni/MainThread) Intermediate result: 0.8181936513987235  (Index 178)
-----------------ETPA RESULT-------------------
Epoch 89: Validation	rmse: 14.29	mae: 11.18	mape: 70.98%	acc@10: 54.22%	acc@20: 84.44%	acc@30: 95.48%	
[2023-12-18 17:01:01] INFO (nni/MainThread) Intermediate result: 14.294223857094789  (Index 179)
*** Epoch: 90 ***
-----------------G2R RESULT-------------------

val result: krc:0.827 | lsd:0.54 | ed:0.823 | hr@1:0.732 | hr@2:0.888 | hr@3:0.929 | acc@1:0.732 | acc@2:0.665 | acc@3:0.634 | Best krc: 0.829 | Best epoch: 86
[2023-12-18 17:01:29] INFO (nni/MainThread) Intermediate result: 0.8271000641005014  (Index 180)
-----------------ETPA RESULT-------------------
Epoch 90: Validation	rmse: 14.28	mae: 11.16	mape: 70.83%	acc@10: 54.25%	acc@20: 84.49%	acc@30: 95.5%	
[2023-12-18 17:01:29] INFO (nni/MainThread) Intermediate result: 14.277322997105303  (Index 181)
*** Epoch: 91 ***
-----------------G2R RESULT-------------------

val result: krc:0.821 | lsd:0.539 | ed:0.845 | hr@1:0.725 | hr@2:0.889 | hr@3:0.924 | acc@1:0.725 | acc@2:0.663 | acc@3:0.623 | Best krc: 0.829 | Best epoch: 86
[2023-12-18 17:01:57] INFO (nni/MainThread) Intermediate result: 0.821162213064268  (Index 182)
-----------------ETPA RESULT-------------------
Epoch 91: Validation	rmse: 14.27	mae: 11.16	mape: 70.8%	acc@10: 54.27%	acc@20: 84.5%	acc@30: 95.51%	
[2023-12-18 17:01:57] INFO (nni/MainThread) Intermediate result: 14.266947221900338  (Index 183)
*** Epoch: 92 ***
-----------------G2R RESULT-------------------

val result: krc:0.828 | lsd:0.535 | ed:0.832 | hr@1:0.725 | hr@2:0.892 | hr@3:0.93 | acc@1:0.725 | acc@2:0.666 | acc@3:0.633 | Best krc: 0.829 | Best epoch: 86
[2023-12-18 17:02:26] INFO (nni/MainThread) Intermediate result: 0.8281866741333292  (Index 184)
-----------------ETPA RESULT-------------------
Epoch 92: Validation	rmse: 14.25	mae: 11.14	mape: 70.66%	acc@10: 54.31%	acc@20: 84.55%	acc@30: 95.52%	
[2023-12-18 17:02:26] INFO (nni/MainThread) Intermediate result: 14.253759517316867  (Index 185)
*** Epoch: 93 ***
-----------------G2R RESULT-------------------

val result: krc:0.824 | lsd:0.53 | ed:0.836 | hr@1:0.728 | hr@2:0.889 | hr@3:0.925 | acc@1:0.728 | acc@2:0.665 | acc@3:0.628 | Best krc: 0.829 | Best epoch: 86
[2023-12-18 17:02:54] INFO (nni/MainThread) Intermediate result: 0.8240428948693049  (Index 186)
-----------------ETPA RESULT-------------------
Epoch 93: Validation	rmse: 14.25	mae: 11.14	mape: 70.66%	acc@10: 54.34%	acc@20: 84.54%	acc@30: 95.52%	
[2023-12-18 17:02:54] INFO (nni/MainThread) Intermediate result: 14.247778754883146  (Index 187)
*** Epoch: 94 ***
-----------------G2R RESULT-------------------

val result: krc:0.827 | lsd:0.534 | ed:0.829 | hr@1:0.724 | hr@2:0.89 | hr@3:0.927 | acc@1:0.724 | acc@2:0.659 | acc@3:0.63 | Best krc: 0.829 | Best epoch: 86
[2023-12-18 17:03:22] INFO (nni/MainThread) Intermediate result: 0.827268827627376  (Index 188)
-----------------ETPA RESULT-------------------
Epoch 94: Validation	rmse: 14.24	mae: 11.13	mape: 70.52%	acc@10: 54.39%	acc@20: 84.57%	acc@30: 95.54%	
[2023-12-18 17:03:23] INFO (nni/MainThread) Intermediate result: 14.237239825235775  (Index 189)
*** Epoch: 95 ***
-----------------G2R RESULT-------------------

val result: krc:0.822 | lsd:0.544 | ed:0.851 | hr@1:0.726 | hr@2:0.889 | hr@3:0.924 | acc@1:0.726 | acc@2:0.662 | acc@3:0.621 | Best krc: 0.829 | Best epoch: 86
[2023-12-18 17:03:57] INFO (nni/MainThread) Intermediate result: 0.8223935144354907  (Index 190)
-----------------ETPA RESULT-------------------
Epoch 95: Validation	rmse: 14.22	mae: 11.11	mape: 70.39%	acc@10: 54.42%	acc@20: 84.6%	acc@30: 95.55%	
[2023-12-18 17:03:57] INFO (nni/MainThread) Intermediate result: 14.223734226302813  (Index 191)
*** Epoch: 96 ***
-----------------G2R RESULT-------------------

val result: krc:0.827 | lsd:0.539 | ed:0.828 | hr@1:0.732 | hr@2:0.887 | hr@3:0.927 | acc@1:0.732 | acc@2:0.669 | acc@3:0.634 | Best krc: 0.829 | Best epoch: 86
[2023-12-18 17:04:27] INFO (nni/MainThread) Intermediate result: 0.8272108173288758  (Index 192)
-----------------ETPA RESULT-------------------
Epoch 96: Validation	rmse: 14.21	mae: 11.1	mape: 70.28%	acc@10: 54.46%	acc@20: 84.64%	acc@30: 95.56%	
[2023-12-18 17:04:27] INFO (nni/MainThread) Intermediate result: 14.211961266699529  (Index 193)
loaded model path: /home/sentanoe/joint_training/data/dataset/food_pd/sort_model/hidden_size-8.gcnru-pd_1702912888.02906681702912888.029084
best model loaded !!!
krc:0.823 | lsd:0.397 | ed:0.83 | hr@1:0.738 | hr@2:0.918 | hr@3:0.95 | acc@1:0.738 | acc@2:0.682 | acc@3:0.636 |

-------------------------------------------------------------
Best epoch for G2R:  86
Best epoch for ETPA:  96
graph2route_pd Evaluation in test: krc:0.823 | lsd:0.397 | ed:0.83 | hr@1:0.738 | hr@2:0.918 | hr@3:0.95 | acc@1:0.738 | acc@2:0.682 | acc@3:0.636 |
RankPETA Evaluation in test: rmse: 10.95	mae: 8.49	mape: 60.02%	acc@10: 69.62%	acc@20: 94.09%	acc@30: 98.73%	
