Device:  cuda
{'alpha_loss': 0.5,
 'batch_size': 64,
 'dataset': 'food_pd',
 'datatype': 'order',
 'device': device(type='cuda'),
 'early_stop': 10,
 'edge_fea_dim': 5,
 'embedding_dim': 64,
 'eval_end_1': 11,
 'eval_end_2': 25,
 'eval_start': 1,
 'gcn_num_layers': 2,
 'hidden_size': 8,
 'is_eval': False,
 'is_test': False,
 'k_min_nodes': 3,
 'k_nearest_neighbors': 'n-1',
 'lr': 0.001,
 'max_task_num': 25,
 'min_task_num': 0,
 'modelArrivalTime': 'RankPETA',
 'modelRoute': 'graph2route_pd',
 'no_cuda': False,
 'node_fea_dim': 8,
 'node_features_test': '/home/sentanoe/joint_training/data/dataset/food_pd/node_features_test_full.npy',
 'node_features_train': '/home/sentanoe/joint_training/data/dataset/food_pd/node_features_train_full.npy',
 'node_features_val': '/home/sentanoe/joint_training/data/dataset/food_pd/node_features_val_full.npy',
 'num_block': 2,
 'num_epoch': 100,
 'num_head': 4,
 'num_worker_logistics': 2346,
 'num_worker_pd': 920,
 'pad_value': 26,
 'seed': 9999,
 'sort_mode': 'pnn_order',
 'spatial_encoder': 'gatv2',
 'temporal_encoder': 'tft',
 'test_path': '/home/sentanoe/joint_training/data/dataset/food_pd/test_full.npy',
 'train_mode': 'sort',
 'train_path': '/home/sentanoe/joint_training/data/dataset/food_pd/train_full.npy',
 'val_path': '/home/sentanoe/joint_training/data/dataset/food_pd/val_full.npy',
 'wd': 1e-05,
 'worker_emb_dim': 10,
 'workers': 2}
last_x_size:13;unpick_x_size:12;input_size:53
#train:2521 | #val:1257 | #test:1261
*** Epoch: 0 ***
-----------------G2R RESULT-------------------

val result: krc:0.593 | lsd:1.332 | ed:1.465 | hr@1:0.59 | hr@2:0.726 | hr@3:0.828 | acc@1:0.59 | acc@2:0.434 | acc@3:0.396 | Best krc: -1 | Best epoch: -1
best model saved
[2023-12-05 21:51:37] INFO (nni/MainThread) Intermediate result: 0.5928458686045043  (Index 0)
-----------------ETPA RESULT-------------------
Epoch 0: Validation	rmse: 20.59	mae: 15.89	mape: 77.38%	acc@10: 40.37%	acc@20: 69.26%	acc@30: 85.19%	
[2023-12-05 21:51:37] INFO (nni/MainThread) Intermediate result: 20.59307943592451  (Index 1)
*** Epoch: 1 ***
-----------------G2R RESULT-------------------

val result: krc:0.705 | lsd:0.925 | ed:1.197 | hr@1:0.627 | hr@2:0.813 | hr@3:0.874 | acc@1:0.627 | acc@2:0.53 | acc@3:0.483 | Best krc: 0.593 | Best epoch: 0
best model saved
[2023-12-05 21:53:26] INFO (nni/MainThread) Intermediate result: 0.7047508694644681  (Index 2)
-----------------ETPA RESULT-------------------
Epoch 1: Validation	rmse: 22.94	mae: 17.17	mape: 100.04%	acc@10: 39.81%	acc@20: 68.33%	acc@30: 84.81%	
[2023-12-05 21:53:26] INFO (nni/MainThread) Intermediate result: 22.93540219551784  (Index 3)
*** Epoch: 2 ***
-----------------G2R RESULT-------------------

val result: krc:0.719 | lsd:0.887 | ed:1.12 | hr@1:0.634 | hr@2:0.816 | hr@3:0.882 | acc@1:0.634 | acc@2:0.544 | acc@3:0.5 | Best krc: 0.705 | Best epoch: 1
best model saved
[2023-12-05 21:55:18] INFO (nni/MainThread) Intermediate result: 0.7190901323651651  (Index 4)
-----------------ETPA RESULT-------------------
Epoch 2: Validation	rmse: 22.19	mae: 16.77	mape: 103.33%	acc@10: 40.49%	acc@20: 68.27%	acc@30: 84.94%	
[2023-12-05 21:55:18] INFO (nni/MainThread) Intermediate result: 22.194325058096616  (Index 5)
*** Epoch: 3 ***
-----------------G2R RESULT-------------------

val result: krc:0.73 | lsd:0.84 | ed:1.106 | hr@1:0.633 | hr@2:0.828 | hr@3:0.891 | acc@1:0.633 | acc@2:0.551 | acc@3:0.506 | Best krc: 0.719 | Best epoch: 2
best model saved
[2023-12-05 21:57:07] INFO (nni/MainThread) Intermediate result: 0.7297412849664707  (Index 6)
-----------------ETPA RESULT-------------------
Epoch 3: Validation	rmse: 21.46	mae: 16.37	mape: 104.71%	acc@10: 40.74%	acc@20: 69.63%	acc@30: 85.56%	
[2023-12-05 21:57:07] INFO (nni/MainThread) Intermediate result: 21.46225656928515  (Index 7)
*** Epoch: 4 ***
-----------------G2R RESULT-------------------

val result: krc:0.755 | lsd:0.766 | ed:1.037 | hr@1:0.659 | hr@2:0.84 | hr@3:0.9 | acc@1:0.659 | acc@2:0.574 | acc@3:0.542 | Best krc: 0.73 | Best epoch: 3
best model saved
[2023-12-05 21:58:53] INFO (nni/MainThread) Intermediate result: 0.7547609274238045  (Index 8)
-----------------ETPA RESULT-------------------
Epoch 4: Validation	rmse: 21.14	mae: 16.2	mape: 107.21%	acc@10: 40.44%	acc@20: 70.44%	acc@30: 86.07%	
[2023-12-05 21:58:53] INFO (nni/MainThread) Intermediate result: 21.139140688381207  (Index 9)
*** Epoch: 5 ***
-----------------G2R RESULT-------------------

val result: krc:0.769 | lsd:0.756 | ed:0.987 | hr@1:0.671 | hr@2:0.848 | hr@3:0.907 | acc@1:0.671 | acc@2:0.6 | acc@3:0.565 | Best krc: 0.755 | Best epoch: 4
best model saved
[2023-12-05 22:00:37] INFO (nni/MainThread) Intermediate result: 0.7690328043104606  (Index 10)
-----------------ETPA RESULT-------------------
Epoch 5: Validation	rmse: 20.88	mae: 16.09	mape: 108.71%	acc@10: 40.0%	acc@20: 70.68%	acc@30: 86.23%	
[2023-12-05 22:00:37] INFO (nni/MainThread) Intermediate result: 20.88380517536092  (Index 11)
*** Epoch: 6 ***
-----------------G2R RESULT-------------------

val result: krc:0.767 | lsd:0.742 | ed:0.994 | hr@1:0.662 | hr@2:0.857 | hr@3:0.906 | acc@1:0.662 | acc@2:0.59 | acc@3:0.554 | Best krc: 0.769 | Best epoch: 5
[2023-12-05 22:02:25] INFO (nni/MainThread) Intermediate result: 0.7671684602948269  (Index 12)
-----------------ETPA RESULT-------------------
Epoch 6: Validation	rmse: 20.58	mae: 16.0	mape: 109.91%	acc@10: 39.79%	acc@20: 70.9%	acc@30: 86.61%	
[2023-12-05 22:02:25] INFO (nni/MainThread) Intermediate result: 20.583488200375296  (Index 13)
*** Epoch: 7 ***
-----------------G2R RESULT-------------------

val result: krc:0.779 | lsd:0.71 | ed:0.986 | hr@1:0.681 | hr@2:0.854 | hr@3:0.908 | acc@1:0.681 | acc@2:0.605 | acc@3:0.57 | Best krc: 0.769 | Best epoch: 5
best model saved
[2023-12-05 22:04:14] INFO (nni/MainThread) Intermediate result: 0.7785198532378242  (Index 14)
-----------------ETPA RESULT-------------------
Epoch 7: Validation	rmse: 20.48	mae: 16.01	mape: 112.08%	acc@10: 39.21%	acc@20: 70.56%	acc@30: 86.67%	
[2023-12-05 22:04:14] INFO (nni/MainThread) Intermediate result: 20.47899369673753  (Index 15)
*** Epoch: 8 ***
-----------------G2R RESULT-------------------

val result: krc:0.795 | lsd:0.663 | ed:0.955 | hr@1:0.715 | hr@2:0.861 | hr@3:0.914 | acc@1:0.715 | acc@2:0.625 | acc@3:0.589 | Best krc: 0.779 | Best epoch: 7
best model saved
[2023-12-05 22:05:59] INFO (nni/MainThread) Intermediate result: 0.7948773042695212  (Index 16)
-----------------ETPA RESULT-------------------
Epoch 8: Validation	rmse: 20.34	mae: 15.99	mape: 113.74%	acc@10: 38.77%	acc@20: 70.16%	acc@30: 86.79%	
[2023-12-05 22:05:59] INFO (nni/MainThread) Intermediate result: 20.335989778013424  (Index 17)
*** Epoch: 9 ***
-----------------G2R RESULT-------------------

val result: krc:0.782 | lsd:0.725 | ed:0.97 | hr@1:0.698 | hr@2:0.848 | hr@3:0.909 | acc@1:0.698 | acc@2:0.608 | acc@3:0.578 | Best krc: 0.795 | Best epoch: 8
[2023-12-05 22:07:41] INFO (nni/MainThread) Intermediate result: 0.7822386607869773  (Index 18)
-----------------ETPA RESULT-------------------
Epoch 9: Validation	rmse: 20.19	mae: 15.92	mape: 114.48%	acc@10: 38.52%	acc@20: 70.07%	acc@30: 87.07%	
[2023-12-05 22:07:41] INFO (nni/MainThread) Intermediate result: 20.186535249339002  (Index 19)
*** Epoch: 10 ***
-----------------G2R RESULT-------------------

val result: krc:0.784 | lsd:0.7 | ed:0.976 | hr@1:0.712 | hr@2:0.854 | hr@3:0.91 | acc@1:0.712 | acc@2:0.621 | acc@3:0.587 | Best krc: 0.795 | Best epoch: 8
[2023-12-05 22:09:24] INFO (nni/MainThread) Intermediate result: 0.7840956167672389  (Index 20)
-----------------ETPA RESULT-------------------
Epoch 10: Validation	rmse: 20.11	mae: 15.91	mape: 115.45%	acc@10: 38.18%	acc@20: 69.63%	acc@30: 87.24%	
[2023-12-05 22:09:24] INFO (nni/MainThread) Intermediate result: 20.107090356419352  (Index 21)
*** Epoch: 11 ***
-----------------G2R RESULT-------------------

val result: krc:0.791 | lsd:0.676 | ed:0.943 | hr@1:0.711 | hr@2:0.861 | hr@3:0.915 | acc@1:0.711 | acc@2:0.627 | acc@3:0.596 | Best krc: 0.795 | Best epoch: 8
[2023-12-05 22:11:08] INFO (nni/MainThread) Intermediate result: 0.790606017086122  (Index 22)
-----------------ETPA RESULT-------------------
Epoch 11: Validation	rmse: 19.91	mae: 15.79	mape: 115.27%	acc@10: 38.24%	acc@20: 69.97%	acc@30: 87.59%	
[2023-12-05 22:11:08] INFO (nni/MainThread) Intermediate result: 19.91135150058976  (Index 23)
*** Epoch: 12 ***
-----------------G2R RESULT-------------------

val result: krc:0.788 | lsd:0.715 | ed:0.955 | hr@1:0.715 | hr@2:0.857 | hr@3:0.907 | acc@1:0.715 | acc@2:0.623 | acc@3:0.585 | Best krc: 0.795 | Best epoch: 8
[2023-12-05 22:12:52] INFO (nni/MainThread) Intermediate result: 0.7881459368822727  (Index 24)
-----------------ETPA RESULT-------------------
Epoch 12: Validation	rmse: 19.72	mae: 15.68	mape: 115.06%	acc@10: 38.18%	acc@20: 69.97%	acc@30: 87.98%	
[2023-12-05 22:12:52] INFO (nni/MainThread) Intermediate result: 19.721014439621197  (Index 25)
*** Epoch: 13 ***
-----------------G2R RESULT-------------------

val result: krc:0.78 | lsd:0.716 | ed:1.01 | hr@1:0.697 | hr@2:0.864 | hr@3:0.909 | acc@1:0.697 | acc@2:0.617 | acc@3:0.57 | Best krc: 0.795 | Best epoch: 8
[2023-12-05 22:14:37] INFO (nni/MainThread) Intermediate result: 0.7803246328563339  (Index 26)
-----------------ETPA RESULT-------------------
Epoch 13: Validation	rmse: 19.6	mae: 15.65	mape: 115.3%	acc@10: 37.86%	acc@20: 69.84%	acc@30: 88.36%	
[2023-12-05 22:14:37] INFO (nni/MainThread) Intermediate result: 19.60407196057124  (Index 27)
*** Epoch: 14 ***
-----------------G2R RESULT-------------------

val result: krc:0.796 | lsd:0.691 | ed:0.934 | hr@1:0.71 | hr@2:0.863 | hr@3:0.912 | acc@1:0.71 | acc@2:0.633 | acc@3:0.593 | Best krc: 0.795 | Best epoch: 8
best model saved
[2023-12-05 22:16:24] INFO (nni/MainThread) Intermediate result: 0.7959958896469608  (Index 28)
-----------------ETPA RESULT-------------------
Epoch 14: Validation	rmse: 19.44	mae: 15.53	mape: 114.71%	acc@10: 38.12%	acc@20: 70.17%	acc@30: 88.62%	
[2023-12-05 22:16:24] INFO (nni/MainThread) Intermediate result: 19.435999124866846  (Index 29)
*** Epoch: 15 ***
-----------------G2R RESULT-------------------

val result: krc:0.796 | lsd:0.66 | ed:0.93 | hr@1:0.705 | hr@2:0.863 | hr@3:0.915 | acc@1:0.705 | acc@2:0.625 | acc@3:0.59 | Best krc: 0.796 | Best epoch: 14
best model saved
[2023-12-05 22:18:10] INFO (nni/MainThread) Intermediate result: 0.7961646289062115  (Index 30)
-----------------ETPA RESULT-------------------
Epoch 15: Validation	rmse: 19.32	mae: 15.49	mape: 114.8%	acc@10: 38.08%	acc@20: 70.12%	acc@30: 88.94%	
[2023-12-05 22:18:10] INFO (nni/MainThread) Intermediate result: 19.324189465749875  (Index 31)
*** Epoch: 16 ***
-----------------G2R RESULT-------------------

val result: krc:0.795 | lsd:0.638 | ed:0.94 | hr@1:0.7 | hr@2:0.871 | hr@3:0.916 | acc@1:0.7 | acc@2:0.625 | acc@3:0.581 | Best krc: 0.796 | Best epoch: 15
[2023-12-05 22:19:57] INFO (nni/MainThread) Intermediate result: 0.7947217562434004  (Index 32)
-----------------ETPA RESULT-------------------
Epoch 16: Validation	rmse: 19.29	mae: 15.46	mape: 115.0%	acc@10: 38.15%	acc@20: 70.02%	acc@30: 88.93%	
[2023-12-05 22:19:57] INFO (nni/MainThread) Intermediate result: 19.292907348983675  (Index 33)
*** Epoch: 17 ***
-----------------G2R RESULT-------------------

val result: krc:0.803 | lsd:0.649 | ed:0.913 | hr@1:0.722 | hr@2:0.869 | hr@3:0.92 | acc@1:0.722 | acc@2:0.638 | acc@3:0.6 | Best krc: 0.796 | Best epoch: 15
best model saved
[2023-12-05 22:21:45] INFO (nni/MainThread) Intermediate result: 0.8027953985802695  (Index 34)
-----------------ETPA RESULT-------------------
Epoch 17: Validation	rmse: 19.24	mae: 15.45	mape: 115.23%	acc@10: 38.11%	acc@20: 69.96%	acc@30: 89.09%	
[2023-12-05 22:21:45] INFO (nni/MainThread) Intermediate result: 19.241010641387923  (Index 35)
*** Epoch: 18 ***
-----------------G2R RESULT-------------------

val result: krc:0.798 | lsd:0.633 | ed:0.936 | hr@1:0.706 | hr@2:0.876 | hr@3:0.921 | acc@1:0.706 | acc@2:0.633 | acc@3:0.594 | Best krc: 0.803 | Best epoch: 17
[2023-12-05 22:23:29] INFO (nni/MainThread) Intermediate result: 0.7980474755288921  (Index 36)
-----------------ETPA RESULT-------------------
Epoch 18: Validation	rmse: 19.25	mae: 15.49	mape: 115.85%	acc@10: 37.8%	acc@20: 69.73%	acc@30: 89.14%	
[2023-12-05 22:23:29] INFO (nni/MainThread) Intermediate result: 19.248120243900402  (Index 37)
*** Epoch: 19 ***
-----------------G2R RESULT-------------------

val result: krc:0.806 | lsd:0.628 | ed:0.896 | hr@1:0.732 | hr@2:0.867 | hr@3:0.915 | acc@1:0.732 | acc@2:0.643 | acc@3:0.602 | Best krc: 0.803 | Best epoch: 17
best model saved
[2023-12-05 22:25:16] INFO (nni/MainThread) Intermediate result: 0.8061698346350727  (Index 38)
-----------------ETPA RESULT-------------------
Epoch 19: Validation	rmse: 19.15	mae: 15.44	mape: 115.66%	acc@10: 37.69%	acc@20: 69.69%	acc@30: 89.39%	
[2023-12-05 22:25:16] INFO (nni/MainThread) Intermediate result: 19.148226305966993  (Index 39)
*** Epoch: 20 ***
-----------------G2R RESULT-------------------

val result: krc:0.799 | lsd:0.649 | ed:0.922 | hr@1:0.715 | hr@2:0.861 | hr@3:0.912 | acc@1:0.715 | acc@2:0.631 | acc@3:0.592 | Best krc: 0.806 | Best epoch: 19
[2023-12-05 22:27:02] INFO (nni/MainThread) Intermediate result: 0.7987379962019227  (Index 40)
-----------------ETPA RESULT-------------------
Epoch 20: Validation	rmse: 19.05	mae: 15.39	mape: 115.43%	acc@10: 37.72%	acc@20: 69.72%	acc@30: 89.66%	
[2023-12-05 22:27:03] INFO (nni/MainThread) Intermediate result: 19.05344834321065  (Index 41)
*** Epoch: 21 ***
-----------------G2R RESULT-------------------

val result: krc:0.803 | lsd:0.645 | ed:0.9 | hr@1:0.714 | hr@2:0.873 | hr@3:0.919 | acc@1:0.714 | acc@2:0.641 | acc@3:0.603 | Best krc: 0.806 | Best epoch: 19
[2023-12-05 22:28:48] INFO (nni/MainThread) Intermediate result: 0.8028134517509244  (Index 42)
-----------------ETPA RESULT-------------------
Epoch 21: Validation	rmse: 18.92	mae: 15.29	mape: 114.73%	acc@10: 37.91%	acc@20: 69.97%	acc@30: 89.92%	
[2023-12-05 22:28:49] INFO (nni/MainThread) Intermediate result: 18.92009661693451  (Index 43)
*** Epoch: 22 ***
-----------------G2R RESULT-------------------

val result: krc:0.803 | lsd:0.672 | ed:0.909 | hr@1:0.73 | hr@2:0.866 | hr@3:0.912 | acc@1:0.73 | acc@2:0.645 | acc@3:0.608 | Best krc: 0.806 | Best epoch: 19
[2023-12-05 22:30:35] INFO (nni/MainThread) Intermediate result: 0.8032021766958365  (Index 44)
-----------------ETPA RESULT-------------------
Epoch 22: Validation	rmse: 18.91	mae: 15.3	mape: 115.02%	acc@10: 37.76%	acc@20: 69.9%	acc@30: 90.02%	
[2023-12-05 22:30:35] INFO (nni/MainThread) Intermediate result: 18.912024030402566  (Index 45)
*** Epoch: 23 ***
-----------------G2R RESULT-------------------

val result: krc:0.807 | lsd:0.648 | ed:0.899 | hr@1:0.723 | hr@2:0.866 | hr@3:0.917 | acc@1:0.723 | acc@2:0.641 | acc@3:0.606 | Best krc: 0.806 | Best epoch: 19
best model saved
[2023-12-05 22:32:21] INFO (nni/MainThread) Intermediate result: 0.8073306447071203  (Index 46)
-----------------ETPA RESULT-------------------
Epoch 23: Validation	rmse: 18.8	mae: 15.22	mape: 114.46%	acc@10: 38.01%	acc@20: 70.14%	acc@30: 90.17%	
[2023-12-05 22:32:21] INFO (nni/MainThread) Intermediate result: 18.802565564823592  (Index 47)
*** Epoch: 24 ***
-----------------G2R RESULT-------------------

val result: krc:0.804 | lsd:0.623 | ed:0.905 | hr@1:0.707 | hr@2:0.871 | hr@3:0.919 | acc@1:0.707 | acc@2:0.632 | acc@3:0.596 | Best krc: 0.807 | Best epoch: 23
[2023-12-05 22:34:06] INFO (nni/MainThread) Intermediate result: 0.8043496583417877  (Index 48)
-----------------ETPA RESULT-------------------
Epoch 24: Validation	rmse: 18.66	mae: 15.11	mape: 113.6%	acc@10: 38.3%	acc@20: 70.52%	acc@30: 90.41%	
[2023-12-05 22:34:06] INFO (nni/MainThread) Intermediate result: 18.661808514066355  (Index 49)
*** Epoch: 25 ***
-----------------G2R RESULT-------------------

val result: krc:0.791 | lsd:0.687 | ed:0.945 | hr@1:0.718 | hr@2:0.86 | hr@3:0.912 | acc@1:0.718 | acc@2:0.63 | acc@3:0.589 | Best krc: 0.807 | Best epoch: 23
[2023-12-05 22:35:54] INFO (nni/MainThread) Intermediate result: 0.7908789181635705  (Index 50)
-----------------ETPA RESULT-------------------
Epoch 25: Validation	rmse: 18.59	mae: 15.07	mape: 113.34%	acc@10: 38.22%	acc@20: 70.63%	acc@30: 90.6%	
[2023-12-05 22:35:55] INFO (nni/MainThread) Intermediate result: 18.59015747900713  (Index 51)
*** Epoch: 26 ***
-----------------G2R RESULT-------------------

val result: krc:0.802 | lsd:0.636 | ed:0.915 | hr@1:0.719 | hr@2:0.871 | hr@3:0.918 | acc@1:0.719 | acc@2:0.639 | acc@3:0.602 | Best krc: 0.807 | Best epoch: 23
[2023-12-05 22:37:44] INFO (nni/MainThread) Intermediate result: 0.8022387960385335  (Index 52)
-----------------ETPA RESULT-------------------
Epoch 26: Validation	rmse: 18.56	mae: 15.05	mape: 113.31%	acc@10: 38.27%	acc@20: 70.6%	acc@30: 90.62%	
[2023-12-05 22:37:44] INFO (nni/MainThread) Intermediate result: 18.560693443016024  (Index 53)
*** Epoch: 27 ***
-----------------G2R RESULT-------------------

val result: krc:0.808 | lsd:0.636 | ed:0.889 | hr@1:0.737 | hr@2:0.868 | hr@3:0.916 | acc@1:0.737 | acc@2:0.648 | acc@3:0.612 | Best krc: 0.807 | Best epoch: 23
best model saved
[2023-12-05 22:39:35] INFO (nni/MainThread) Intermediate result: 0.8082152688361696  (Index 54)
-----------------ETPA RESULT-------------------
Epoch 27: Validation	rmse: 18.55	mae: 15.05	mape: 113.4%	acc@10: 38.13%	acc@20: 70.62%	acc@30: 90.6%	
[2023-12-05 22:39:35] INFO (nni/MainThread) Intermediate result: 18.549829433495184  (Index 55)
*** Epoch: 28 ***
-----------------G2R RESULT-------------------

val result: krc:0.81 | lsd:0.626 | ed:0.896 | hr@1:0.72 | hr@2:0.873 | hr@3:0.924 | acc@1:0.72 | acc@2:0.646 | acc@3:0.613 | Best krc: 0.808 | Best epoch: 27
best model saved
[2023-12-05 22:41:27] INFO (nni/MainThread) Intermediate result: 0.8097504743066615  (Index 56)
-----------------ETPA RESULT-------------------
Epoch 28: Validation	rmse: 18.48	mae: 15.02	mape: 113.22%	acc@10: 38.05%	acc@20: 70.75%	acc@30: 90.75%	
[2023-12-05 22:41:27] INFO (nni/MainThread) Intermediate result: 18.484785147449937  (Index 57)
*** Epoch: 29 ***
-----------------G2R RESULT-------------------

val result: krc:0.81 | lsd:0.617 | ed:0.89 | hr@1:0.722 | hr@2:0.873 | hr@3:0.918 | acc@1:0.722 | acc@2:0.641 | acc@3:0.606 | Best krc: 0.81 | Best epoch: 28
[2023-12-05 22:43:12] INFO (nni/MainThread) Intermediate result: 0.8097336814345997  (Index 58)
-----------------ETPA RESULT-------------------
Epoch 29: Validation	rmse: 18.39	mae: 14.94	mape: 112.72%	acc@10: 38.31%	acc@20: 70.98%	acc@30: 90.86%	
[2023-12-05 22:43:12] INFO (nni/MainThread) Intermediate result: 18.39366708990576  (Index 59)
*** Epoch: 30 ***
-----------------G2R RESULT-------------------

val result: krc:0.802 | lsd:0.629 | ed:0.933 | hr@1:0.709 | hr@2:0.872 | hr@3:0.918 | acc@1:0.709 | acc@2:0.627 | acc@3:0.589 | Best krc: 0.81 | Best epoch: 28
[2023-12-05 22:45:00] INFO (nni/MainThread) Intermediate result: 0.8016157157390214  (Index 60)
-----------------ETPA RESULT-------------------
Epoch 30: Validation	rmse: 18.31	mae: 14.87	mape: 112.25%	acc@10: 38.55%	acc@20: 71.22%	acc@30: 90.99%	
[2023-12-05 22:45:00] INFO (nni/MainThread) Intermediate result: 18.308172837898457  (Index 61)
*** Epoch: 31 ***
-----------------G2R RESULT-------------------

val result: krc:0.804 | lsd:0.626 | ed:0.918 | hr@1:0.722 | hr@2:0.868 | hr@3:0.916 | acc@1:0.722 | acc@2:0.636 | acc@3:0.598 | Best krc: 0.81 | Best epoch: 28
[2023-12-05 22:46:50] INFO (nni/MainThread) Intermediate result: 0.8043140519135273  (Index 62)
-----------------ETPA RESULT-------------------
Epoch 31: Validation	rmse: 18.23	mae: 14.81	mape: 111.84%	acc@10: 38.68%	acc@20: 71.4%	acc@30: 91.15%	
[2023-12-05 22:46:50] INFO (nni/MainThread) Intermediate result: 18.227576387277608  (Index 63)
*** Epoch: 32 ***
-----------------G2R RESULT-------------------

val result: krc:0.817 | lsd:0.615 | ed:0.875 | hr@1:0.73 | hr@2:0.873 | hr@3:0.925 | acc@1:0.73 | acc@2:0.653 | acc@3:0.621 | Best krc: 0.81 | Best epoch: 28
best model saved
[2023-12-05 22:48:36] INFO (nni/MainThread) Intermediate result: 0.8172447526885656  (Index 64)
-----------------ETPA RESULT-------------------
Epoch 32: Validation	rmse: 18.19	mae: 14.79	mape: 111.69%	acc@10: 38.69%	acc@20: 71.48%	acc@30: 91.2%	
[2023-12-05 22:48:36] INFO (nni/MainThread) Intermediate result: 18.189479070636327  (Index 65)
*** Epoch: 33 ***
-----------------G2R RESULT-------------------

val result: krc:0.805 | lsd:0.615 | ed:0.911 | hr@1:0.711 | hr@2:0.874 | hr@3:0.921 | acc@1:0.711 | acc@2:0.635 | acc@3:0.6 | Best krc: 0.817 | Best epoch: 32
[2023-12-05 22:50:22] INFO (nni/MainThread) Intermediate result: 0.8048480017609883  (Index 66)
-----------------ETPA RESULT-------------------
Epoch 33: Validation	rmse: 18.12	mae: 14.74	mape: 111.35%	acc@10: 38.77%	acc@20: 71.58%	acc@30: 91.33%	
[2023-12-05 22:50:22] INFO (nni/MainThread) Intermediate result: 18.1217040428092  (Index 67)
*** Epoch: 34 ***
-----------------G2R RESULT-------------------

val result: krc:0.808 | lsd:0.624 | ed:0.928 | hr@1:0.733 | hr@2:0.87 | hr@3:0.918 | acc@1:0.733 | acc@2:0.646 | acc@3:0.6 | Best krc: 0.817 | Best epoch: 32
[2023-12-05 22:52:09] INFO (nni/MainThread) Intermediate result: 0.8081289712247299  (Index 68)
-----------------ETPA RESULT-------------------
Epoch 34: Validation	rmse: 18.04	mae: 14.67	mape: 110.83%	acc@10: 38.98%	acc@20: 71.81%	acc@30: 91.46%	
[2023-12-05 22:52:09] INFO (nni/MainThread) Intermediate result: 18.03727064586799  (Index 69)
*** Epoch: 35 ***
-----------------G2R RESULT-------------------

val result: krc:0.814 | lsd:0.61 | ed:0.877 | hr@1:0.735 | hr@2:0.874 | hr@3:0.918 | acc@1:0.735 | acc@2:0.652 | acc@3:0.614 | Best krc: 0.817 | Best epoch: 32
[2023-12-05 22:53:57] INFO (nni/MainThread) Intermediate result: 0.8138891473390819  (Index 70)
-----------------ETPA RESULT-------------------
Epoch 35: Validation	rmse: 18.02	mae: 14.67	mape: 110.96%	acc@10: 38.94%	acc@20: 71.78%	acc@30: 91.55%	
[2023-12-05 22:53:57] INFO (nni/MainThread) Intermediate result: 18.021239422910355  (Index 71)
*** Epoch: 36 ***
-----------------G2R RESULT-------------------

val result: krc:0.811 | lsd:0.587 | ed:0.892 | hr@1:0.721 | hr@2:0.878 | hr@3:0.923 | acc@1:0.721 | acc@2:0.648 | acc@3:0.61 | Best krc: 0.817 | Best epoch: 32
[2023-12-05 22:55:47] INFO (nni/MainThread) Intermediate result: 0.8112173525028793  (Index 72)
-----------------ETPA RESULT-------------------
Epoch 36: Validation	rmse: 18.01	mae: 14.66	mape: 110.94%	acc@10: 38.97%	acc@20: 71.82%	acc@30: 91.57%	
[2023-12-05 22:55:47] INFO (nni/MainThread) Intermediate result: 18.005159152425122  (Index 73)
*** Epoch: 37 ***
-----------------G2R RESULT-------------------

val result: krc:0.813 | lsd:0.571 | ed:0.88 | hr@1:0.729 | hr@2:0.876 | hr@3:0.926 | acc@1:0.729 | acc@2:0.652 | acc@3:0.617 | Best krc: 0.817 | Best epoch: 32
[2023-12-05 22:57:34] INFO (nni/MainThread) Intermediate result: 0.813138317414662  (Index 74)
-----------------ETPA RESULT-------------------
Epoch 37: Validation	rmse: 17.91	mae: 14.59	mape: 110.32%	acc@10: 39.22%	acc@20: 72.13%	acc@30: 91.69%	
[2023-12-05 22:57:34] INFO (nni/MainThread) Intermediate result: 17.91241015925266  (Index 75)
*** Epoch: 38 ***
-----------------G2R RESULT-------------------

val result: krc:0.797 | lsd:0.612 | ed:0.944 | hr@1:0.7 | hr@2:0.869 | hr@3:0.916 | acc@1:0.7 | acc@2:0.624 | acc@3:0.58 | Best krc: 0.817 | Best epoch: 32
[2023-12-05 22:59:20] INFO (nni/MainThread) Intermediate result: 0.7969365638976483  (Index 76)
-----------------ETPA RESULT-------------------
Epoch 38: Validation	rmse: 17.87	mae: 14.55	mape: 110.11%	acc@10: 39.24%	acc@20: 72.14%	acc@30: 91.79%	
[2023-12-05 22:59:20] INFO (nni/MainThread) Intermediate result: 17.86650104179935  (Index 77)
*** Epoch: 39 ***
-----------------G2R RESULT-------------------

val result: krc:0.811 | lsd:0.601 | ed:0.888 | hr@1:0.724 | hr@2:0.875 | hr@3:0.921 | acc@1:0.724 | acc@2:0.654 | acc@3:0.615 | Best krc: 0.817 | Best epoch: 32
[2023-12-05 23:01:05] INFO (nni/MainThread) Intermediate result: 0.8113991105333475  (Index 78)
-----------------ETPA RESULT-------------------
Epoch 39: Validation	rmse: 17.86	mae: 14.56	mape: 110.24%	acc@10: 39.19%	acc@20: 72.04%	acc@30: 91.84%	
[2023-12-05 23:01:05] INFO (nni/MainThread) Intermediate result: 17.861258917041628  (Index 79)
*** Epoch: 40 ***
-----------------G2R RESULT-------------------

val result: krc:0.816 | lsd:0.605 | ed:0.861 | hr@1:0.729 | hr@2:0.879 | hr@3:0.923 | acc@1:0.729 | acc@2:0.656 | acc@3:0.621 | Best krc: 0.817 | Best epoch: 32
[2023-12-05 23:02:52] INFO (nni/MainThread) Intermediate result: 0.8162607591116555  (Index 80)
-----------------ETPA RESULT-------------------
Epoch 40: Validation	rmse: 17.79	mae: 14.5	mape: 109.76%	acc@10: 39.39%	acc@20: 72.22%	acc@30: 91.95%	
[2023-12-05 23:02:52] INFO (nni/MainThread) Intermediate result: 17.791163744283306  (Index 81)
*** Epoch: 41 ***
-----------------G2R RESULT-------------------

val result: krc:0.81 | lsd:0.613 | ed:0.882 | hr@1:0.72 | hr@2:0.871 | hr@3:0.921 | acc@1:0.72 | acc@2:0.644 | acc@3:0.614 | Best krc: 0.817 | Best epoch: 32
[2023-12-05 23:04:43] INFO (nni/MainThread) Intermediate result: 0.8102473972609522  (Index 82)
-----------------ETPA RESULT-------------------
Epoch 41: Validation	rmse: 17.77	mae: 14.49	mape: 109.69%	acc@10: 39.38%	acc@20: 72.28%	acc@30: 91.98%	
[2023-12-05 23:04:43] INFO (nni/MainThread) Intermediate result: 17.774544351178974  (Index 83)
*** Epoch: 42 ***
-----------------G2R RESULT-------------------

val result: krc:0.813 | lsd:0.589 | ed:0.88 | hr@1:0.708 | hr@2:0.878 | hr@3:0.923 | acc@1:0.708 | acc@2:0.645 | acc@3:0.613 | Best krc: 0.817 | Best epoch: 32
[2023-12-05 23:06:28] INFO (nni/MainThread) Intermediate result: 0.8133767804690409  (Index 84)
-----------------ETPA RESULT-------------------
Epoch 42: Validation	rmse: 17.7	mae: 14.43	mape: 109.18%	acc@10: 39.59%	acc@20: 72.52%	acc@30: 92.07%	
[2023-12-05 23:06:28] INFO (nni/MainThread) Intermediate result: 17.702976261893642  (Index 85)
loaded model path: /home/sentanoe/joint_training/data/dataset/food_pd/sort_model/hidden_size-8.gcnru-pd_1701809392.59295081701809392.5929651
best model loaded !!!
krc:0.804 | lsd:0.471 | ed:0.903 | hr@1:0.709 | hr@2:0.905 | hr@3:0.944 | acc@1:0.709 | acc@2:0.651 | acc@3:0.61 |

-------------------------------------------------------------
Best epoch for G2R:  32
Best epoch for ETPA:  42
graph2route_pd Evaluation in test: krc:0.804 | lsd:0.471 | ed:0.903 | hr@1:0.709 | hr@2:0.905 | hr@3:0.944 | acc@1:0.709 | acc@2:0.651 | acc@3:0.61 |
RankPETA Evaluation in test: rmse: 13.82	mae: 10.97	mape: 100.0%	acc@10: 52.32%	acc@20: 86.5%	acc@30: 96.2%	
