Device:  cuda
{'alpha_loss': 0.5,
 'batch_size': 64,
 'dataset': 'food_pd',
 'datatype': 'order',
 'device': device(type='cuda'),
 'early_stop': 10,
 'edge_fea_dim': 5,
 'embedding_dim': 32,
 'eval_end_1': 11,
 'eval_end_2': 25,
 'eval_start': 1,
 'gcn_num_layers': 2,
 'hidden_size': 8,
 'is_eval': False,
 'is_test': False,
 'k_min_nodes': 3,
 'k_nearest_neighbors': 'n-1',
 'lr': 0.001,
 'max_task_num': 25,
 'min_task_num': 0,
 'modelArrivalTime': 'RankPETA',
 'modelRoute': 'graph2route_pd',
 'no_cuda': False,
 'node_fea_dim': 8,
 'node_features_test': '/home/sentanoe/joint_training/data/dataset/food_pd/node_features_test_full.npy',
 'node_features_train': '/home/sentanoe/joint_training/data/dataset/food_pd/node_features_train_full.npy',
 'node_features_val': '/home/sentanoe/joint_training/data/dataset/food_pd/node_features_val_full.npy',
 'num_block': 2,
 'num_epoch': 1000,
 'num_head': 2,
 'num_worker_logistics': 2346,
 'num_worker_pd': 920,
 'pad_value': 26,
 'seed': 8888,
 'sort_mode': 'pnn_idx',
 'spatial_encoder': 'gcn',
 'temporal_encoder': 'tft',
 'test_path': '/home/sentanoe/joint_training/data/dataset/food_pd/test_full.npy',
 'train_mode': 'sort',
 'train_path': '/home/sentanoe/joint_training/data/dataset/food_pd/train_full.npy',
 'val_path': '/home/sentanoe/joint_training/data/dataset/food_pd/val_full.npy',
 'wd': 1e-05,
 'worker_emb_dim': 10,
 'workers': 2}
last_x_size:13;unpick_x_size:12;input_size:53
#train:2521 | #val:1257 | #test:1261
*** Epoch: 0 ***
-----------------G2R RESULT-------------------

val result: krc:0.744 | lsd:0.771 | ed:1.061 | hr@1:0.621 | hr@2:0.849 | hr@3:0.898 | acc@1:0.621 | acc@2:0.558 | acc@3:0.522 | Best krc: -1 | Best epoch: -1
best model saved
[2024-01-10 01:52:54] INFO (nni/MainThread) Intermediate result: 0.744128659240159  (Index 0)
-----------------ETPA RESULT-------------------
Epoch 0: Validation	rmse: 24.6	mae: 18.94	mape: 65.49%	acc@10: 32.96%	acc@20: 62.59%	acc@30: 79.63%	
[2024-01-10 01:52:54] INFO (nni/MainThread) Intermediate result: 24.598627365398233  (Index 1)
*** Epoch: 1 ***
-----------------G2R RESULT-------------------

val result: krc:0.756 | lsd:0.728 | ed:1.038 | hr@1:0.62 | hr@2:0.852 | hr@3:0.904 | acc@1:0.62 | acc@2:0.563 | acc@3:0.524 | Best krc: 0.744 | Best epoch: 0
best model saved
[2024-01-10 01:54:41] INFO (nni/MainThread) Intermediate result: 0.7562760292712194  (Index 2)
-----------------ETPA RESULT-------------------
Epoch 1: Validation	rmse: 25.0	mae: 18.36	mape: 89.55%	acc@10: 36.3%	acc@20: 66.85%	acc@30: 80.56%	
[2024-01-10 01:54:41] INFO (nni/MainThread) Intermediate result: 24.99762222340334  (Index 3)
*** Epoch: 2 ***
-----------------G2R RESULT-------------------

val result: krc:0.762 | lsd:0.698 | ed:1.01 | hr@1:0.631 | hr@2:0.857 | hr@3:0.902 | acc@1:0.631 | acc@2:0.577 | acc@3:0.532 | Best krc: 0.756 | Best epoch: 1
best model saved
[2024-01-10 01:56:28] INFO (nni/MainThread) Intermediate result: 0.7620843656173784  (Index 4)
-----------------ETPA RESULT-------------------
Epoch 2: Validation	rmse: 24.11	mae: 17.66	mape: 98.41%	acc@10: 38.4%	acc@20: 67.9%	acc@30: 82.35%	
[2024-01-10 01:56:28] INFO (nni/MainThread) Intermediate result: 24.11165201002078  (Index 5)
*** Epoch: 3 ***
-----------------G2R RESULT-------------------

val result: krc:0.753 | lsd:0.717 | ed:1.042 | hr@1:0.627 | hr@2:0.854 | hr@3:0.902 | acc@1:0.627 | acc@2:0.567 | acc@3:0.525 | Best krc: 0.762 | Best epoch: 2
[2024-01-10 01:58:15] INFO (nni/MainThread) Intermediate result: 0.7526502728514098  (Index 6)
-----------------ETPA RESULT-------------------
Epoch 3: Validation	rmse: 22.93	mae: 17.08	mape: 102.9%	acc@10: 38.8%	acc@20: 68.8%	acc@30: 83.89%	
[2024-01-10 01:58:15] INFO (nni/MainThread) Intermediate result: 22.930455785752414  (Index 7)
*** Epoch: 4 ***
-----------------G2R RESULT-------------------

val result: krc:0.753 | lsd:0.729 | ed:1.039 | hr@1:0.624 | hr@2:0.854 | hr@3:0.904 | acc@1:0.624 | acc@2:0.563 | acc@3:0.525 | Best krc: 0.762 | Best epoch: 2
[2024-01-10 02:00:01] INFO (nni/MainThread) Intermediate result: 0.7531268831574909  (Index 8)
-----------------ETPA RESULT-------------------
Epoch 4: Validation	rmse: 22.01	mae: 16.63	mape: 104.91%	acc@10: 38.81%	acc@20: 69.56%	acc@30: 85.04%	
[2024-01-10 02:00:01] INFO (nni/MainThread) Intermediate result: 22.009930351694685  (Index 9)
*** Epoch: 5 ***
-----------------G2R RESULT-------------------

val result: krc:0.761 | lsd:0.7 | ed:1.011 | hr@1:0.632 | hr@2:0.858 | hr@3:0.905 | acc@1:0.632 | acc@2:0.571 | acc@3:0.535 | Best krc: 0.762 | Best epoch: 2
[2024-01-10 02:01:47] INFO (nni/MainThread) Intermediate result: 0.7612093948254858  (Index 10)
-----------------ETPA RESULT-------------------
Epoch 5: Validation	rmse: 21.39	mae: 16.31	mape: 106.27%	acc@10: 38.89%	acc@20: 69.88%	acc@30: 85.74%	
[2024-01-10 02:01:47] INFO (nni/MainThread) Intermediate result: 21.39395261525526  (Index 11)
*** Epoch: 6 ***
-----------------G2R RESULT-------------------

val result: krc:0.759 | lsd:0.69 | ed:1.024 | hr@1:0.626 | hr@2:0.859 | hr@3:0.905 | acc@1:0.626 | acc@2:0.566 | acc@3:0.524 | Best krc: 0.762 | Best epoch: 2
[2024-01-10 02:03:34] INFO (nni/MainThread) Intermediate result: 0.759353178845964  (Index 12)
-----------------ETPA RESULT-------------------
Epoch 6: Validation	rmse: 20.73	mae: 15.91	mape: 105.43%	acc@10: 39.68%	acc@20: 70.9%	acc@30: 86.77%	
[2024-01-10 02:03:34] INFO (nni/MainThread) Intermediate result: 20.730389738321605  (Index 13)
*** Epoch: 7 ***
-----------------G2R RESULT-------------------

val result: krc:0.765 | lsd:0.689 | ed:1.009 | hr@1:0.631 | hr@2:0.857 | hr@3:0.907 | acc@1:0.631 | acc@2:0.574 | acc@3:0.534 | Best krc: 0.762 | Best epoch: 2
best model saved
[2024-01-10 02:05:21] INFO (nni/MainThread) Intermediate result: 0.764501681414668  (Index 14)
-----------------ETPA RESULT-------------------
Epoch 7: Validation	rmse: 20.07	mae: 15.5	mape: 103.81%	acc@10: 40.46%	acc@20: 71.9%	acc@30: 87.87%	
[2024-01-10 02:05:21] INFO (nni/MainThread) Intermediate result: 20.07440088527276  (Index 15)
*** Epoch: 8 ***
-----------------G2R RESULT-------------------

val result: krc:0.765 | lsd:0.689 | ed:1.009 | hr@1:0.633 | hr@2:0.861 | hr@3:0.908 | acc@1:0.633 | acc@2:0.578 | acc@3:0.541 | Best krc: 0.765 | Best epoch: 7
best model saved
[2024-01-10 02:07:08] INFO (nni/MainThread) Intermediate result: 0.7649779400019888  (Index 16)
-----------------ETPA RESULT-------------------
Epoch 8: Validation	rmse: 19.51	mae: 15.09	mape: 101.6%	acc@10: 41.65%	acc@20: 73.09%	acc@30: 88.72%	
[2024-01-10 02:07:08] INFO (nni/MainThread) Intermediate result: 19.510158782094383  (Index 17)
*** Epoch: 9 ***
-----------------G2R RESULT-------------------

val result: krc:0.783 | lsd:0.65 | ed:0.962 | hr@1:0.659 | hr@2:0.863 | hr@3:0.913 | acc@1:0.659 | acc@2:0.602 | acc@3:0.566 | Best krc: 0.765 | Best epoch: 8
best model saved
[2024-01-10 02:08:57] INFO (nni/MainThread) Intermediate result: 0.7829510498246834  (Index 18)
-----------------ETPA RESULT-------------------
Epoch 9: Validation	rmse: 19.16	mae: 14.85	mape: 100.71%	acc@10: 42.26%	acc@20: 73.59%	acc@30: 89.19%	
[2024-01-10 02:08:57] INFO (nni/MainThread) Intermediate result: 19.155617768901273  (Index 19)
*** Epoch: 10 ***
-----------------G2R RESULT-------------------

val result: krc:0.786 | lsd:0.673 | ed:0.957 | hr@1:0.678 | hr@2:0.858 | hr@3:0.908 | acc@1:0.678 | acc@2:0.604 | acc@3:0.569 | Best krc: 0.783 | Best epoch: 9
best model saved
[2024-01-10 02:10:46] INFO (nni/MainThread) Intermediate result: 0.7861326356035582  (Index 20)
-----------------ETPA RESULT-------------------
Epoch 10: Validation	rmse: 18.69	mae: 14.5	mape: 97.92%	acc@10: 43.4%	acc@20: 74.75%	acc@30: 89.87%	
[2024-01-10 02:10:46] INFO (nni/MainThread) Intermediate result: 18.694242695592788  (Index 21)
*** Epoch: 11 ***
-----------------G2R RESULT-------------------

val result: krc:0.792 | lsd:0.642 | ed:0.942 | hr@1:0.687 | hr@2:0.863 | hr@3:0.912 | acc@1:0.687 | acc@2:0.613 | acc@3:0.575 | Best krc: 0.786 | Best epoch: 10
best model saved
[2024-01-10 02:12:33] INFO (nni/MainThread) Intermediate result: 0.7923406221788383  (Index 22)
-----------------ETPA RESULT-------------------
Epoch 11: Validation	rmse: 18.31	mae: 14.21	mape: 95.53%	acc@10: 44.32%	acc@20: 75.52%	acc@30: 90.46%	
[2024-01-10 02:12:33] INFO (nni/MainThread) Intermediate result: 18.30515109799008  (Index 23)
*** Epoch: 12 ***
-----------------G2R RESULT-------------------

val result: krc:0.785 | lsd:0.669 | ed:0.949 | hr@1:0.67 | hr@2:0.859 | hr@3:0.911 | acc@1:0.67 | acc@2:0.603 | acc@3:0.566 | Best krc: 0.792 | Best epoch: 11
[2024-01-10 02:14:20] INFO (nni/MainThread) Intermediate result: 0.7851390899663746  (Index 24)
-----------------ETPA RESULT-------------------
Epoch 12: Validation	rmse: 18.03	mae: 14.02	mape: 94.69%	acc@10: 44.81%	acc@20: 76.04%	acc@30: 90.8%	
[2024-01-10 02:14:20] INFO (nni/MainThread) Intermediate result: 18.029008626677395  (Index 25)
*** Epoch: 13 ***
-----------------G2R RESULT-------------------

val result: krc:0.792 | lsd:0.642 | ed:0.935 | hr@1:0.676 | hr@2:0.864 | hr@3:0.91 | acc@1:0.676 | acc@2:0.61 | acc@3:0.571 | Best krc: 0.792 | Best epoch: 11
[2024-01-10 02:16:06] INFO (nni/MainThread) Intermediate result: 0.7916681666484902  (Index 26)
-----------------ETPA RESULT-------------------
Epoch 13: Validation	rmse: 17.71	mae: 13.77	mape: 92.65%	acc@10: 45.48%	acc@20: 76.83%	acc@30: 91.19%	
[2024-01-10 02:16:06] INFO (nni/MainThread) Intermediate result: 17.709521077424697  (Index 27)
*** Epoch: 14 ***
-----------------G2R RESULT-------------------

val result: krc:0.785 | lsd:0.683 | ed:0.954 | hr@1:0.684 | hr@2:0.862 | hr@3:0.908 | acc@1:0.684 | acc@2:0.612 | acc@3:0.571 | Best krc: 0.792 | Best epoch: 11
[2024-01-10 02:17:53] INFO (nni/MainThread) Intermediate result: 0.7853625206839023  (Index 28)
-----------------ETPA RESULT-------------------
Epoch 14: Validation	rmse: 17.48	mae: 13.6	mape: 91.57%	acc@10: 45.98%	acc@20: 77.46%	acc@30: 91.48%	
[2024-01-10 02:17:53] INFO (nni/MainThread) Intermediate result: 17.47822300141638  (Index 29)
*** Epoch: 15 ***
-----------------G2R RESULT-------------------

val result: krc:0.792 | lsd:0.674 | ed:0.938 | hr@1:0.69 | hr@2:0.866 | hr@3:0.913 | acc@1:0.69 | acc@2:0.618 | acc@3:0.581 | Best krc: 0.792 | Best epoch: 11
[2024-01-10 02:19:42] INFO (nni/MainThread) Intermediate result: 0.791987350614373  (Index 30)
-----------------ETPA RESULT-------------------
Epoch 15: Validation	rmse: 17.23	mae: 13.43	mape: 90.56%	acc@10: 46.39%	acc@20: 78.08%	acc@30: 91.81%	
[2024-01-10 02:19:42] INFO (nni/MainThread) Intermediate result: 17.232599703050212  (Index 31)
*** Epoch: 16 ***
-----------------G2R RESULT-------------------

val result: krc:0.79 | lsd:0.664 | ed:0.915 | hr@1:0.701 | hr@2:0.861 | hr@3:0.913 | acc@1:0.701 | acc@2:0.624 | acc@3:0.583 | Best krc: 0.792 | Best epoch: 11
[2024-01-10 02:21:29] INFO (nni/MainThread) Intermediate result: 0.7904625795749538  (Index 32)
-----------------ETPA RESULT-------------------
Epoch 16: Validation	rmse: 17.11	mae: 13.34	mape: 90.26%	acc@10: 46.56%	acc@20: 78.37%	acc@30: 91.94%	
[2024-01-10 02:21:29] INFO (nni/MainThread) Intermediate result: 17.109082897722963  (Index 33)
*** Epoch: 17 ***
-----------------G2R RESULT-------------------

val result: krc:0.799 | lsd:0.686 | ed:0.934 | hr@1:0.717 | hr@2:0.862 | hr@3:0.911 | acc@1:0.717 | acc@2:0.629 | acc@3:0.592 | Best krc: 0.792 | Best epoch: 11
best model saved
[2024-01-10 02:23:18] INFO (nni/MainThread) Intermediate result: 0.7988631643988006  (Index 34)
-----------------ETPA RESULT-------------------
Epoch 17: Validation	rmse: 16.94	mae: 13.23	mape: 89.43%	acc@10: 46.83%	acc@20: 78.62%	acc@30: 92.16%	
[2024-01-10 02:23:18] INFO (nni/MainThread) Intermediate result: 16.941479830786616  (Index 35)
*** Epoch: 18 ***
-----------------G2R RESULT-------------------

val result: krc:0.795 | lsd:0.67 | ed:0.927 | hr@1:0.707 | hr@2:0.86 | hr@3:0.911 | acc@1:0.707 | acc@2:0.625 | acc@3:0.582 | Best krc: 0.799 | Best epoch: 17
[2024-01-10 02:25:06] INFO (nni/MainThread) Intermediate result: 0.7950848167201469  (Index 36)
-----------------ETPA RESULT-------------------
Epoch 18: Validation	rmse: 16.83	mae: 13.14	mape: 88.94%	acc@10: 47.13%	acc@20: 78.83%	acc@30: 92.26%	
[2024-01-10 02:25:06] INFO (nni/MainThread) Intermediate result: 16.830502974884062  (Index 37)
*** Epoch: 19 ***
-----------------G2R RESULT-------------------

val result: krc:0.806 | lsd:0.632 | ed:0.889 | hr@1:0.71 | hr@2:0.866 | hr@3:0.916 | acc@1:0.71 | acc@2:0.637 | acc@3:0.598 | Best krc: 0.799 | Best epoch: 17
best model saved
[2024-01-10 02:26:54] INFO (nni/MainThread) Intermediate result: 0.8060394728431459  (Index 38)
-----------------ETPA RESULT-------------------
Epoch 19: Validation	rmse: 16.72	mae: 13.05	mape: 88.31%	acc@10: 47.35%	acc@20: 79.13%	acc@30: 92.46%	
[2024-01-10 02:26:54] INFO (nni/MainThread) Intermediate result: 16.723202924080404  (Index 39)
*** Epoch: 20 ***
-----------------G2R RESULT-------------------

val result: krc:0.806 | lsd:0.649 | ed:0.897 | hr@1:0.704 | hr@2:0.869 | hr@3:0.916 | acc@1:0.704 | acc@2:0.634 | acc@3:0.595 | Best krc: 0.806 | Best epoch: 19
[2024-01-10 02:28:40] INFO (nni/MainThread) Intermediate result: 0.8056350496577868  (Index 40)
-----------------ETPA RESULT-------------------
Epoch 20: Validation	rmse: 16.6	mae: 12.96	mape: 87.11%	acc@10: 47.74%	acc@20: 79.4%	acc@30: 92.61%	
[2024-01-10 02:28:40] INFO (nni/MainThread) Intermediate result: 16.59970635906807  (Index 41)
*** Epoch: 21 ***
-----------------G2R RESULT-------------------

val result: krc:0.808 | lsd:0.628 | ed:0.887 | hr@1:0.709 | hr@2:0.868 | hr@3:0.915 | acc@1:0.709 | acc@2:0.637 | acc@3:0.6 | Best krc: 0.806 | Best epoch: 19
best model saved
[2024-01-10 02:30:29] INFO (nni/MainThread) Intermediate result: 0.8079638856989098  (Index 42)
-----------------ETPA RESULT-------------------
Epoch 21: Validation	rmse: 16.5	mae: 12.88	mape: 86.5%	acc@10: 47.95%	acc@20: 79.63%	acc@30: 92.74%	
[2024-01-10 02:30:29] INFO (nni/MainThread) Intermediate result: 16.500351548775278  (Index 43)
*** Epoch: 22 ***
-----------------G2R RESULT-------------------

val result: krc:0.804 | lsd:0.614 | ed:0.894 | hr@1:0.708 | hr@2:0.867 | hr@3:0.916 | acc@1:0.708 | acc@2:0.635 | acc@3:0.597 | Best krc: 0.808 | Best epoch: 21
[2024-01-10 02:32:17] INFO (nni/MainThread) Intermediate result: 0.8040145046616407  (Index 44)
-----------------ETPA RESULT-------------------
Epoch 22: Validation	rmse: 16.44	mae: 12.83	mape: 86.2%	acc@10: 48.1%	acc@20: 79.81%	acc@30: 92.79%	
[2024-01-10 02:32:17] INFO (nni/MainThread) Intermediate result: 16.443947296214468  (Index 45)
*** Epoch: 23 ***
-----------------G2R RESULT-------------------

val result: krc:0.804 | lsd:0.615 | ed:0.897 | hr@1:0.708 | hr@2:0.869 | hr@3:0.919 | acc@1:0.708 | acc@2:0.633 | acc@3:0.596 | Best krc: 0.808 | Best epoch: 21
[2024-01-10 02:34:04] INFO (nni/MainThread) Intermediate result: 0.8040082581752892  (Index 46)
-----------------ETPA RESULT-------------------
Epoch 23: Validation	rmse: 16.34	mae: 12.76	mape: 85.63%	acc@10: 48.3%	acc@20: 80.06%	acc@30: 92.93%	
[2024-01-10 02:34:04] INFO (nni/MainThread) Intermediate result: 16.34339105442136  (Index 47)
*** Epoch: 24 ***
-----------------G2R RESULT-------------------

val result: krc:0.803 | lsd:0.631 | ed:0.89 | hr@1:0.709 | hr@2:0.868 | hr@3:0.919 | acc@1:0.709 | acc@2:0.634 | acc@3:0.599 | Best krc: 0.808 | Best epoch: 21
[2024-01-10 02:35:51] INFO (nni/MainThread) Intermediate result: 0.8026873892112194  (Index 48)
-----------------ETPA RESULT-------------------
Epoch 24: Validation	rmse: 16.27	mae: 12.7	mape: 85.1%	acc@10: 48.5%	acc@20: 80.16%	acc@30: 93.01%	
[2024-01-10 02:35:51] INFO (nni/MainThread) Intermediate result: 16.27029111333669  (Index 49)
*** Epoch: 25 ***
-----------------G2R RESULT-------------------

val result: krc:0.803 | lsd:0.625 | ed:0.899 | hr@1:0.702 | hr@2:0.867 | hr@3:0.918 | acc@1:0.702 | acc@2:0.628 | acc@3:0.593 | Best krc: 0.808 | Best epoch: 21
[2024-01-10 02:37:39] INFO (nni/MainThread) Intermediate result: 0.8032884684830467  (Index 50)
-----------------ETPA RESULT-------------------
Epoch 25: Validation	rmse: 16.2	mae: 12.64	mape: 84.5%	acc@10: 48.56%	acc@20: 80.36%	acc@30: 93.12%	
[2024-01-10 02:37:39] INFO (nni/MainThread) Intermediate result: 16.198438202567356  (Index 51)
*** Epoch: 26 ***
-----------------G2R RESULT-------------------

val result: krc:0.801 | lsd:0.629 | ed:0.91 | hr@1:0.699 | hr@2:0.866 | hr@3:0.918 | acc@1:0.699 | acc@2:0.624 | acc@3:0.589 | Best krc: 0.808 | Best epoch: 21
[2024-01-10 02:39:27] INFO (nni/MainThread) Intermediate result: 0.8014062570249715  (Index 52)
-----------------ETPA RESULT-------------------
Epoch 26: Validation	rmse: 16.12	mae: 12.58	mape: 83.95%	acc@10: 48.71%	acc@20: 80.53%	acc@30: 93.17%	
[2024-01-10 02:39:27] INFO (nni/MainThread) Intermediate result: 16.1235444964446  (Index 53)
*** Epoch: 27 ***
-----------------G2R RESULT-------------------

val result: krc:0.806 | lsd:0.625 | ed:0.909 | hr@1:0.703 | hr@2:0.867 | hr@3:0.918 | acc@1:0.703 | acc@2:0.629 | acc@3:0.592 | Best krc: 0.808 | Best epoch: 21
[2024-01-10 02:41:15] INFO (nni/MainThread) Intermediate result: 0.8058099528934685  (Index 54)
-----------------ETPA RESULT-------------------
Epoch 27: Validation	rmse: 16.08	mae: 12.54	mape: 83.4%	acc@10: 48.98%	acc@20: 80.56%	acc@30: 93.23%	
[2024-01-10 02:41:15] INFO (nni/MainThread) Intermediate result: 16.079929123583256  (Index 55)
*** Epoch: 28 ***
-----------------G2R RESULT-------------------

val result: krc:0.808 | lsd:0.647 | ed:0.895 | hr@1:0.716 | hr@2:0.868 | hr@3:0.919 | acc@1:0.716 | acc@2:0.639 | acc@3:0.6 | Best krc: 0.808 | Best epoch: 21
best model saved
[2024-01-10 02:43:04] INFO (nni/MainThread) Intermediate result: 0.8081166309762724  (Index 56)
-----------------ETPA RESULT-------------------
Epoch 28: Validation	rmse: 16.05	mae: 12.52	mape: 83.42%	acc@10: 48.98%	acc@20: 80.66%	acc@30: 93.26%	
[2024-01-10 02:43:04] INFO (nni/MainThread) Intermediate result: 16.053647552577356  (Index 57)
*** Epoch: 29 ***
-----------------G2R RESULT-------------------

val result: krc:0.804 | lsd:0.626 | ed:0.899 | hr@1:0.71 | hr@2:0.866 | hr@3:0.917 | acc@1:0.71 | acc@2:0.635 | acc@3:0.596 | Best krc: 0.808 | Best epoch: 28
[2024-01-10 02:44:52] INFO (nni/MainThread) Intermediate result: 0.8039095374819031  (Index 58)
-----------------ETPA RESULT-------------------
Epoch 29: Validation	rmse: 16.01	mae: 12.49	mape: 83.27%	acc@10: 49.14%	acc@20: 80.69%	acc@30: 93.35%	
[2024-01-10 02:44:52] INFO (nni/MainThread) Intermediate result: 16.010451551600024  (Index 59)
*** Epoch: 30 ***
-----------------G2R RESULT-------------------

val result: krc:0.802 | lsd:0.631 | ed:0.901 | hr@1:0.701 | hr@2:0.866 | hr@3:0.917 | acc@1:0.701 | acc@2:0.631 | acc@3:0.593 | Best krc: 0.808 | Best epoch: 28
[2024-01-10 02:46:40] INFO (nni/MainThread) Intermediate result: 0.8018277875907959  (Index 60)
-----------------ETPA RESULT-------------------
Epoch 30: Validation	rmse: 15.96	mae: 12.45	mape: 82.96%	acc@10: 49.26%	acc@20: 80.84%	acc@30: 93.45%	
[2024-01-10 02:46:40] INFO (nni/MainThread) Intermediate result: 15.955077962421205  (Index 61)
*** Epoch: 31 ***
-----------------G2R RESULT-------------------

val result: krc:0.805 | lsd:0.641 | ed:0.902 | hr@1:0.711 | hr@2:0.865 | hr@3:0.919 | acc@1:0.711 | acc@2:0.633 | acc@3:0.601 | Best krc: 0.808 | Best epoch: 28
[2024-01-10 02:48:28] INFO (nni/MainThread) Intermediate result: 0.804993094647664  (Index 62)
-----------------ETPA RESULT-------------------
Epoch 31: Validation	rmse: 15.9	mae: 12.41	mape: 82.66%	acc@10: 49.34%	acc@20: 80.94%	acc@30: 93.54%	
[2024-01-10 02:48:28] INFO (nni/MainThread) Intermediate result: 15.90250889151863  (Index 63)
*** Epoch: 32 ***
-----------------G2R RESULT-------------------

val result: krc:0.8 | lsd:0.647 | ed:0.902 | hr@1:0.709 | hr@2:0.867 | hr@3:0.918 | acc@1:0.709 | acc@2:0.636 | acc@3:0.599 | Best krc: 0.808 | Best epoch: 28
[2024-01-10 02:50:15] INFO (nni/MainThread) Intermediate result: 0.7999610611416471  (Index 64)
-----------------ETPA RESULT-------------------
Epoch 32: Validation	rmse: 15.85	mae: 12.36	mape: 82.28%	acc@10: 49.36%	acc@20: 81.08%	acc@30: 93.6%	
[2024-01-10 02:50:15] INFO (nni/MainThread) Intermediate result: 15.84855772060649  (Index 65)
*** Epoch: 33 ***
-----------------G2R RESULT-------------------

val result: krc:0.8 | lsd:0.631 | ed:0.916 | hr@1:0.697 | hr@2:0.866 | hr@3:0.917 | acc@1:0.697 | acc@2:0.625 | acc@3:0.586 | Best krc: 0.808 | Best epoch: 28
[2024-01-10 02:52:04] INFO (nni/MainThread) Intermediate result: 0.7997935291157852  (Index 66)
-----------------ETPA RESULT-------------------
Epoch 33: Validation	rmse: 15.79	mae: 12.33	mape: 81.96%	acc@10: 49.43%	acc@20: 81.2%	acc@30: 93.68%	
[2024-01-10 02:52:04] INFO (nni/MainThread) Intermediate result: 15.794583584403782  (Index 67)
*** Epoch: 34 ***
-----------------G2R RESULT-------------------

val result: krc:0.804 | lsd:0.611 | ed:0.92 | hr@1:0.695 | hr@2:0.865 | hr@3:0.916 | acc@1:0.695 | acc@2:0.627 | acc@3:0.589 | Best krc: 0.808 | Best epoch: 28
[2024-01-10 02:53:53] INFO (nni/MainThread) Intermediate result: 0.8036942797764837  (Index 68)
-----------------ETPA RESULT-------------------
Epoch 34: Validation	rmse: 15.74	mae: 12.29	mape: 81.56%	acc@10: 49.58%	acc@20: 81.3%	acc@30: 93.74%	
[2024-01-10 02:53:53] INFO (nni/MainThread) Intermediate result: 15.743635285838902  (Index 69)
*** Epoch: 35 ***
-----------------G2R RESULT-------------------

val result: krc:0.803 | lsd:0.613 | ed:0.915 | hr@1:0.707 | hr@2:0.867 | hr@3:0.916 | acc@1:0.707 | acc@2:0.634 | acc@3:0.59 | Best krc: 0.808 | Best epoch: 28
[2024-01-10 02:55:41] INFO (nni/MainThread) Intermediate result: 0.8028414358803514  (Index 70)
-----------------ETPA RESULT-------------------
Epoch 35: Validation	rmse: 15.72	mae: 12.26	mape: 81.19%	acc@10: 49.71%	acc@20: 81.33%	acc@30: 93.72%	
[2024-01-10 02:55:41] INFO (nni/MainThread) Intermediate result: 15.719370472895964  (Index 71)
*** Epoch: 36 ***
-----------------G2R RESULT-------------------

val result: krc:0.8 | lsd:0.634 | ed:0.914 | hr@1:0.704 | hr@2:0.87 | hr@3:0.917 | acc@1:0.704 | acc@2:0.633 | acc@3:0.593 | Best krc: 0.808 | Best epoch: 28
[2024-01-10 02:57:28] INFO (nni/MainThread) Intermediate result: 0.8003014084168434  (Index 72)
-----------------ETPA RESULT-------------------
Epoch 36: Validation	rmse: 15.67	mae: 12.22	mape: 80.63%	acc@10: 49.9%	acc@20: 81.42%	acc@30: 93.76%	
[2024-01-10 02:57:28] INFO (nni/MainThread) Intermediate result: 15.671986710535903  (Index 73)
*** Epoch: 37 ***
-----------------G2R RESULT-------------------

val result: krc:0.807 | lsd:0.607 | ed:0.902 | hr@1:0.706 | hr@2:0.876 | hr@3:0.921 | acc@1:0.706 | acc@2:0.636 | acc@3:0.597 | Best krc: 0.808 | Best epoch: 28
[2024-01-10 02:59:16] INFO (nni/MainThread) Intermediate result: 0.8072563291540117  (Index 74)
-----------------ETPA RESULT-------------------
Epoch 37: Validation	rmse: 15.62	mae: 12.18	mape: 80.11%	acc@10: 50.04%	acc@20: 81.5%	acc@30: 93.82%	
[2024-01-10 02:59:16] INFO (nni/MainThread) Intermediate result: 15.623199136057217  (Index 75)
*** Epoch: 38 ***
-----------------G2R RESULT-------------------

val result: krc:0.795 | lsd:0.642 | ed:0.935 | hr@1:0.694 | hr@2:0.869 | hr@3:0.921 | acc@1:0.694 | acc@2:0.622 | acc@3:0.589 | Best krc: 0.808 | Best epoch: 28
[2024-01-10 03:01:04] INFO (nni/MainThread) Intermediate result: 0.7950591412506586  (Index 76)
-----------------ETPA RESULT-------------------
Epoch 38: Validation	rmse: 15.58	mae: 12.15	mape: 79.82%	acc@10: 50.14%	acc@20: 81.57%	acc@30: 93.86%	
[2024-01-10 03:01:04] INFO (nni/MainThread) Intermediate result: 15.582675992215716  (Index 77)
loaded model path: /home/sentanoe/joint_training/data/dataset/food_pd/sort_model/hidden_size-8.gcnru-pd_1704847867.31255051704847867.3125641
best model loaded !!!
krc:0.804 | lsd:0.454 | ed:0.901 | hr@1:0.719 | hr@2:0.905 | hr@3:0.942 | acc@1:0.719 | acc@2:0.652 | acc@3:0.602 |

-------------------------------------------------------------
Best epoch for G2R:  28
Best epoch for ETPA:  38
graph2route_pd Evaluation in test: krc:0.804 | lsd:0.454 | ed:0.901 | hr@1:0.719 | hr@2:0.905 | hr@3:0.942 | acc@1:0.719 | acc@2:0.652 | acc@3:0.602 |
RankPETA Evaluation in test: rmse: 12.1	mae: 9.17	mape: 79.33%	acc@10: 66.67%	acc@20: 91.14%	acc@30: 97.47%	
