Device:  cuda
{'alpha_loss': 0.5,
 'batch_size': 64,
 'dataset': 'food_pd',
 'datatype': 'order',
 'device': device(type='cuda'),
 'early_stop': 20,
 'edge_fea_dim': 5,
 'embedding_dim': 32,
 'eval_end_1': 11,
 'eval_end_2': 25,
 'eval_start': 1,
 'gcn_num_layers': 2,
 'hidden_size': 8,
 'is_eval': False,
 'is_test': False,
 'k_min_nodes': 3,
 'k_nearest_neighbors': 'n-1',
 'lr': 0.001,
 'max_task_num': 25,
 'min_task_num': 0,
 'modelArrivalTime': 'RankPETA',
 'modelRoute': 'graph2route_pd',
 'no_cuda': False,
 'node_fea_dim': 8,
 'node_features_test': '/home/sentanoe/joint_training/data/dataset/food_pd/node_features_test_full.npy',
 'node_features_train': '/home/sentanoe/joint_training/data/dataset/food_pd/node_features_train_full.npy',
 'node_features_val': '/home/sentanoe/joint_training/data/dataset/food_pd/node_features_val_full.npy',
 'num_block': 4,
 'num_epoch': 1000,
 'num_head': 2,
 'num_worker_logistics': 2346,
 'num_worker_pd': 920,
 'pad_value': 26,
 'seed': 1000,
 'sort_mode': 'pnn_idx',
 'spatial_encoder': 'gcn',
 'temporal_encoder': 'tft',
 'test_path': '/home/sentanoe/joint_training/data/dataset/food_pd/test_full.npy',
 'train_mode': 'sort',
 'train_path': '/home/sentanoe/joint_training/data/dataset/food_pd/train_full.npy',
 'val_path': '/home/sentanoe/joint_training/data/dataset/food_pd/val_full.npy',
 'wd': 1e-05,
 'worker_emb_dim': 10,
 'workers': 2}
last_x_size:13;unpick_x_size:12;input_size:53
#train:2521 | #val:1257 | #test:1261
*** Epoch: 0 ***
-----------------G2R RESULT-------------------

val result: krc:0.767 | lsd:0.726 | ed:1.017 | hr@1:0.646 | hr@2:0.856 | hr@3:0.903 | acc@1:0.646 | acc@2:0.579 | acc@3:0.538 | Best krc: -1 | Best epoch: -1
best model saved
[2023-12-01 04:03:08] INFO (nni/MainThread) Intermediate result: 0.7669484784919853  (Index 0)
-----------------ETPA RESULT-------------------
Epoch 0: Validation	rmse: 28.79	mae: 19.98	mape: 122.81%	acc@10: 37.04%	acc@20: 66.67%	acc@30: 79.26%	
[2023-12-01 04:03:08] INFO (nni/MainThread) Intermediate result: 28.790523199035803  (Index 1)
*** Epoch: 1 ***
-----------------G2R RESULT-------------------

val result: krc:0.761 | lsd:0.733 | ed:1.022 | hr@1:0.631 | hr@2:0.854 | hr@3:0.902 | acc@1:0.631 | acc@2:0.571 | acc@3:0.529 | Best krc: 0.767 | Best epoch: 0
[2023-12-01 04:04:49] INFO (nni/MainThread) Intermediate result: 0.760633704665187  (Index 2)
-----------------ETPA RESULT-------------------
Epoch 1: Validation	rmse: 29.82	mae: 20.28	mape: 133.72%	acc@10: 40.0%	acc@20: 67.22%	acc@30: 78.7%	
[2023-12-01 04:04:49] INFO (nni/MainThread) Intermediate result: 29.818309023607057  (Index 3)
*** Epoch: 2 ***
-----------------G2R RESULT-------------------

val result: krc:0.764 | lsd:0.695 | ed:1.019 | hr@1:0.633 | hr@2:0.855 | hr@3:0.906 | acc@1:0.633 | acc@2:0.568 | acc@3:0.531 | Best krc: 0.767 | Best epoch: 0
[2023-12-01 04:06:30] INFO (nni/MainThread) Intermediate result: 0.764029246757712  (Index 4)
-----------------ETPA RESULT-------------------
Epoch 2: Validation	rmse: 27.62	mae: 19.42	mape: 133.69%	acc@10: 39.88%	acc@20: 66.79%	acc@30: 79.75%	
[2023-12-01 04:06:30] INFO (nni/MainThread) Intermediate result: 27.617681386349386  (Index 5)
*** Epoch: 3 ***
-----------------G2R RESULT-------------------

val result: krc:0.758 | lsd:0.742 | ed:1.021 | hr@1:0.624 | hr@2:0.857 | hr@3:0.901 | acc@1:0.624 | acc@2:0.566 | acc@3:0.528 | Best krc: 0.767 | Best epoch: 0
[2023-12-01 04:08:09] INFO (nni/MainThread) Intermediate result: 0.7578329426165018  (Index 6)
-----------------ETPA RESULT-------------------
Epoch 3: Validation	rmse: 26.52	mae: 18.88	mape: 132.01%	acc@10: 40.46%	acc@20: 67.31%	acc@30: 80.46%	
[2023-12-01 04:08:09] INFO (nni/MainThread) Intermediate result: 26.51795149705015  (Index 7)
*** Epoch: 4 ***
-----------------G2R RESULT-------------------

val result: krc:0.757 | lsd:0.74 | ed:1.038 | hr@1:0.624 | hr@2:0.852 | hr@3:0.903 | acc@1:0.624 | acc@2:0.564 | acc@3:0.523 | Best krc: 0.767 | Best epoch: 0
[2023-12-01 04:09:49] INFO (nni/MainThread) Intermediate result: 0.7565291991527235  (Index 8)
-----------------ETPA RESULT-------------------
Epoch 4: Validation	rmse: 26.07	mae: 18.82	mape: 133.97%	acc@10: 39.63%	acc@20: 66.22%	acc@30: 81.11%	
[2023-12-01 04:09:49] INFO (nni/MainThread) Intermediate result: 26.065167801394924  (Index 9)
*** Epoch: 5 ***
-----------------G2R RESULT-------------------

val result: krc:0.767 | lsd:0.696 | ed:1.017 | hr@1:0.632 | hr@2:0.858 | hr@3:0.903 | acc@1:0.632 | acc@2:0.571 | acc@3:0.53 | Best krc: 0.767 | Best epoch: 0
[2023-12-01 04:11:31] INFO (nni/MainThread) Intermediate result: 0.7665574840389008  (Index 10)
-----------------ETPA RESULT-------------------
Epoch 5: Validation	rmse: 25.16	mae: 18.42	mape: 132.33%	acc@10: 39.44%	acc@20: 66.79%	acc@30: 81.91%	
[2023-12-01 04:11:31] INFO (nni/MainThread) Intermediate result: 25.15797066996645  (Index 11)
*** Epoch: 6 ***
-----------------G2R RESULT-------------------

val result: krc:0.775 | lsd:0.66 | ed:0.983 | hr@1:0.64 | hr@2:0.859 | hr@3:0.909 | acc@1:0.64 | acc@2:0.579 | acc@3:0.544 | Best krc: 0.767 | Best epoch: 0
best model saved
[2023-12-01 04:13:12] INFO (nni/MainThread) Intermediate result: 0.7745606376651414  (Index 12)
-----------------ETPA RESULT-------------------
Epoch 6: Validation	rmse: 24.57	mae: 18.14	mape: 131.88%	acc@10: 38.84%	acc@20: 67.04%	acc@30: 82.49%	
[2023-12-01 04:13:12] INFO (nni/MainThread) Intermediate result: 24.567534689041285  (Index 13)
*** Epoch: 7 ***
-----------------G2R RESULT-------------------

val result: krc:0.785 | lsd:0.64 | ed:0.945 | hr@1:0.653 | hr@2:0.867 | hr@3:0.915 | acc@1:0.653 | acc@2:0.594 | acc@3:0.561 | Best krc: 0.775 | Best epoch: 6
best model saved
[2023-12-01 04:14:53] INFO (nni/MainThread) Intermediate result: 0.7849851720774326  (Index 14)
-----------------ETPA RESULT-------------------
Epoch 7: Validation	rmse: 23.82	mae: 17.82	mape: 130.57%	acc@10: 38.24%	acc@20: 67.31%	acc@30: 83.33%	
[2023-12-01 04:14:53] INFO (nni/MainThread) Intermediate result: 23.817344682242457  (Index 15)
*** Epoch: 8 ***
-----------------G2R RESULT-------------------

val result: krc:0.779 | lsd:0.675 | ed:0.969 | hr@1:0.649 | hr@2:0.86 | hr@3:0.907 | acc@1:0.649 | acc@2:0.591 | acc@3:0.554 | Best krc: 0.785 | Best epoch: 7
[2023-12-01 04:16:34] INFO (nni/MainThread) Intermediate result: 0.7789467537434306  (Index 16)
-----------------ETPA RESULT-------------------
Epoch 8: Validation	rmse: 23.73	mae: 17.94	mape: 132.2%	acc@10: 37.33%	acc@20: 66.38%	acc@30: 83.5%	
[2023-12-01 04:16:34] INFO (nni/MainThread) Intermediate result: 23.726909679182604  (Index 17)
*** Epoch: 9 ***
-----------------G2R RESULT-------------------

val result: krc:0.788 | lsd:0.642 | ed:0.95 | hr@1:0.671 | hr@2:0.865 | hr@3:0.91 | acc@1:0.671 | acc@2:0.605 | acc@3:0.566 | Best krc: 0.785 | Best epoch: 7
best model saved
[2023-12-01 04:18:16] INFO (nni/MainThread) Intermediate result: 0.7875444007319827  (Index 18)
-----------------ETPA RESULT-------------------
Epoch 9: Validation	rmse: 23.27	mae: 17.72	mape: 131.01%	acc@10: 37.07%	acc@20: 66.89%	acc@30: 83.96%	
[2023-12-01 04:18:16] INFO (nni/MainThread) Intermediate result: 23.270950109486247  (Index 19)
*** Epoch: 10 ***
-----------------G2R RESULT-------------------

val result: krc:0.789 | lsd:0.63 | ed:0.937 | hr@1:0.675 | hr@2:0.873 | hr@3:0.917 | acc@1:0.675 | acc@2:0.618 | acc@3:0.577 | Best krc: 0.788 | Best epoch: 9
best model saved
[2023-12-01 04:19:57] INFO (nni/MainThread) Intermediate result: 0.7888205179328922  (Index 20)
-----------------ETPA RESULT-------------------
Epoch 10: Validation	rmse: 22.75	mae: 17.41	mape: 128.86%	acc@10: 37.54%	acc@20: 67.58%	acc@30: 84.58%	
[2023-12-01 04:19:57] INFO (nni/MainThread) Intermediate result: 22.749258805882388  (Index 21)
*** Epoch: 11 ***
-----------------G2R RESULT-------------------

val result: krc:0.791 | lsd:0.646 | ed:0.93 | hr@1:0.682 | hr@2:0.869 | hr@3:0.911 | acc@1:0.682 | acc@2:0.624 | acc@3:0.583 | Best krc: 0.789 | Best epoch: 10
best model saved
[2023-12-01 04:21:40] INFO (nni/MainThread) Intermediate result: 0.7907614321256649  (Index 22)
-----------------ETPA RESULT-------------------
Epoch 11: Validation	rmse: 22.5	mae: 17.31	mape: 128.33%	acc@10: 37.47%	acc@20: 67.53%	acc@30: 84.81%	
[2023-12-01 04:21:40] INFO (nni/MainThread) Intermediate result: 22.50164541252798  (Index 23)
*** Epoch: 12 ***
-----------------G2R RESULT-------------------

val result: krc:0.789 | lsd:0.644 | ed:0.93 | hr@1:0.674 | hr@2:0.866 | hr@3:0.912 | acc@1:0.674 | acc@2:0.617 | acc@3:0.579 | Best krc: 0.791 | Best epoch: 11
[2023-12-01 04:23:22] INFO (nni/MainThread) Intermediate result: 0.7892963681769978  (Index 24)
-----------------ETPA RESULT-------------------
Epoch 12: Validation	rmse: 22.22	mae: 17.2	mape: 127.9%	acc@10: 37.26%	acc@20: 67.44%	acc@30: 85.19%	
[2023-12-01 04:23:22] INFO (nni/MainThread) Intermediate result: 22.222873844935318  (Index 25)
*** Epoch: 13 ***
-----------------G2R RESULT-------------------

val result: krc:0.797 | lsd:0.658 | ed:0.916 | hr@1:0.693 | hr@2:0.868 | hr@3:0.911 | acc@1:0.693 | acc@2:0.631 | acc@3:0.593 | Best krc: 0.791 | Best epoch: 11
best model saved
[2023-12-01 04:25:02] INFO (nni/MainThread) Intermediate result: 0.7970616343768946  (Index 26)
-----------------ETPA RESULT-------------------
Epoch 13: Validation	rmse: 21.9	mae: 17.0	mape: 126.61%	acc@10: 37.41%	acc@20: 67.75%	acc@30: 85.5%	
[2023-12-01 04:25:02] INFO (nni/MainThread) Intermediate result: 21.900071149934128  (Index 27)
*** Epoch: 14 ***
-----------------G2R RESULT-------------------

val result: krc:0.794 | lsd:0.639 | ed:0.909 | hr@1:0.678 | hr@2:0.867 | hr@3:0.914 | acc@1:0.678 | acc@2:0.613 | acc@3:0.576 | Best krc: 0.797 | Best epoch: 13
[2023-12-01 04:26:43] INFO (nni/MainThread) Intermediate result: 0.7941804238612283  (Index 28)
-----------------ETPA RESULT-------------------
Epoch 14: Validation	rmse: 21.78	mae: 17.03	mape: 126.88%	acc@10: 36.81%	acc@20: 67.43%	acc@30: 85.7%	
[2023-12-01 04:26:43] INFO (nni/MainThread) Intermediate result: 21.78272897936433  (Index 29)
*** Epoch: 15 ***
-----------------G2R RESULT-------------------

val result: krc:0.802 | lsd:0.614 | ed:0.918 | hr@1:0.699 | hr@2:0.867 | hr@3:0.918 | acc@1:0.699 | acc@2:0.626 | acc@3:0.589 | Best krc: 0.797 | Best epoch: 13
best model saved
[2023-12-01 04:28:25] INFO (nni/MainThread) Intermediate result: 0.802218908235524  (Index 30)
-----------------ETPA RESULT-------------------
Epoch 15: Validation	rmse: 21.55	mae: 16.9	mape: 126.08%	acc@10: 36.88%	acc@20: 67.75%	acc@30: 86.04%	
[2023-12-01 04:28:25] INFO (nni/MainThread) Intermediate result: 21.546855535227248  (Index 31)
*** Epoch: 16 ***
-----------------G2R RESULT-------------------

val result: krc:0.799 | lsd:0.61 | ed:0.912 | hr@1:0.696 | hr@2:0.865 | hr@3:0.917 | acc@1:0.696 | acc@2:0.624 | acc@3:0.591 | Best krc: 0.802 | Best epoch: 15
[2023-12-01 04:30:06] INFO (nni/MainThread) Intermediate result: 0.7993691686214642  (Index 32)
-----------------ETPA RESULT-------------------
Epoch 16: Validation	rmse: 21.43	mae: 16.83	mape: 125.72%	acc@10: 36.86%	acc@20: 67.93%	acc@30: 86.19%	
[2023-12-01 04:30:06] INFO (nni/MainThread) Intermediate result: 21.425323759696983  (Index 33)
*** Epoch: 17 ***
-----------------G2R RESULT-------------------

val result: krc:0.79 | lsd:0.633 | ed:0.939 | hr@1:0.674 | hr@2:0.869 | hr@3:0.913 | acc@1:0.674 | acc@2:0.613 | acc@3:0.572 | Best krc: 0.802 | Best epoch: 15
[2023-12-01 04:31:47] INFO (nni/MainThread) Intermediate result: 0.7901454082040001  (Index 34)
-----------------ETPA RESULT-------------------
Epoch 17: Validation	rmse: 21.38	mae: 16.85	mape: 126.06%	acc@10: 36.56%	acc@20: 67.7%	acc@30: 86.28%	
[2023-12-01 04:31:47] INFO (nni/MainThread) Intermediate result: 21.37658660694047  (Index 35)
*** Epoch: 18 ***
-----------------G2R RESULT-------------------

val result: krc:0.796 | lsd:0.618 | ed:0.927 | hr@1:0.685 | hr@2:0.87 | hr@3:0.919 | acc@1:0.685 | acc@2:0.621 | acc@3:0.585 | Best krc: 0.802 | Best epoch: 15
[2023-12-01 04:33:29] INFO (nni/MainThread) Intermediate result: 0.7955527612195736  (Index 36)
-----------------ETPA RESULT-------------------
Epoch 18: Validation	rmse: 21.47	mae: 16.96	mape: 126.82%	acc@10: 36.26%	acc@20: 67.27%	acc@30: 86.16%	
[2023-12-01 04:33:29] INFO (nni/MainThread) Intermediate result: 21.47379317520889  (Index 37)
*** Epoch: 19 ***
-----------------G2R RESULT-------------------

val result: krc:0.798 | lsd:0.641 | ed:0.915 | hr@1:0.698 | hr@2:0.867 | hr@3:0.911 | acc@1:0.698 | acc@2:0.629 | acc@3:0.585 | Best krc: 0.802 | Best epoch: 15
[2023-12-01 04:35:12] INFO (nni/MainThread) Intermediate result: 0.7983043531797358  (Index 38)
-----------------ETPA RESULT-------------------
Epoch 19: Validation	rmse: 21.31	mae: 16.85	mape: 125.91%	acc@10: 36.5%	acc@20: 67.56%	acc@30: 86.26%	
[2023-12-01 04:35:12] INFO (nni/MainThread) Intermediate result: 21.311287636286  (Index 39)
*** Epoch: 20 ***
-----------------G2R RESULT-------------------

val result: krc:0.803 | lsd:0.608 | ed:0.902 | hr@1:0.702 | hr@2:0.872 | hr@3:0.923 | acc@1:0.702 | acc@2:0.629 | acc@3:0.597 | Best krc: 0.802 | Best epoch: 15
best model saved
[2023-12-01 04:36:54] INFO (nni/MainThread) Intermediate result: 0.8026553870104373  (Index 40)
-----------------ETPA RESULT-------------------
Epoch 20: Validation	rmse: 21.07	mae: 16.7	mape: 124.69%	acc@10: 36.77%	acc@20: 67.95%	acc@30: 86.67%	
[2023-12-01 04:36:54] INFO (nni/MainThread) Intermediate result: 21.072172374981474  (Index 41)
*** Epoch: 21 ***
-----------------G2R RESULT-------------------

val result: krc:0.803 | lsd:0.609 | ed:0.906 | hr@1:0.697 | hr@2:0.867 | hr@3:0.919 | acc@1:0.697 | acc@2:0.625 | acc@3:0.591 | Best krc: 0.803 | Best epoch: 20
best model saved
[2023-12-01 04:38:35] INFO (nni/MainThread) Intermediate result: 0.8028712138725257  (Index 42)
-----------------ETPA RESULT-------------------
Epoch 21: Validation	rmse: 20.91	mae: 16.6	mape: 124.03%	acc@10: 36.8%	acc@20: 68.2%	acc@30: 86.9%	
[2023-12-01 04:38:35] INFO (nni/MainThread) Intermediate result: 20.91290336580097  (Index 43)
*** Epoch: 22 ***
-----------------G2R RESULT-------------------

val result: krc:0.806 | lsd:0.605 | ed:0.909 | hr@1:0.704 | hr@2:0.873 | hr@3:0.923 | acc@1:0.704 | acc@2:0.631 | acc@3:0.596 | Best krc: 0.803 | Best epoch: 21
best model saved
[2023-12-01 04:40:18] INFO (nni/MainThread) Intermediate result: 0.8063257288792924  (Index 44)
-----------------ETPA RESULT-------------------
Epoch 22: Validation	rmse: 20.79	mae: 16.53	mape: 123.51%	acc@10: 36.83%	acc@20: 68.31%	acc@30: 87.02%	
[2023-12-01 04:40:18] INFO (nni/MainThread) Intermediate result: 20.790002480763658  (Index 45)
*** Epoch: 23 ***
-----------------G2R RESULT-------------------

val result: krc:0.798 | lsd:0.617 | ed:0.914 | hr@1:0.684 | hr@2:0.87 | hr@3:0.917 | acc@1:0.684 | acc@2:0.619 | acc@3:0.583 | Best krc: 0.806 | Best epoch: 22
[2023-12-01 04:41:59] INFO (nni/MainThread) Intermediate result: 0.7981224938723847  (Index 46)
-----------------ETPA RESULT-------------------
Epoch 23: Validation	rmse: 20.68	mae: 16.49	mape: 123.29%	acc@10: 36.67%	acc@20: 68.32%	acc@30: 87.24%	
[2023-12-01 04:41:59] INFO (nni/MainThread) Intermediate result: 20.677461546281034  (Index 47)
*** Epoch: 24 ***
-----------------G2R RESULT-------------------

val result: krc:0.807 | lsd:0.613 | ed:0.9 | hr@1:0.703 | hr@2:0.865 | hr@3:0.92 | acc@1:0.703 | acc@2:0.629 | acc@3:0.598 | Best krc: 0.806 | Best epoch: 22
best model saved
[2023-12-01 04:43:41] INFO (nni/MainThread) Intermediate result: 0.8070380201993669  (Index 48)
-----------------ETPA RESULT-------------------
Epoch 24: Validation	rmse: 20.5	mae: 16.37	mape: 122.44%	acc@10: 36.77%	acc@20: 68.53%	acc@30: 87.63%	
[2023-12-01 04:43:41] INFO (nni/MainThread) Intermediate result: 20.50069183993302  (Index 49)
*** Epoch: 25 ***
-----------------G2R RESULT-------------------

val result: krc:0.807 | lsd:0.599 | ed:0.882 | hr@1:0.697 | hr@2:0.873 | hr@3:0.923 | acc@1:0.697 | acc@2:0.631 | acc@3:0.599 | Best krc: 0.807 | Best epoch: 24
[2023-12-01 04:45:22] INFO (nni/MainThread) Intermediate result: 0.8065214644138998  (Index 50)
-----------------ETPA RESULT-------------------
Epoch 25: Validation	rmse: 20.39	mae: 16.3	mape: 121.97%	acc@10: 36.88%	acc@20: 68.79%	acc@30: 87.69%	
[2023-12-01 04:45:22] INFO (nni/MainThread) Intermediate result: 20.393037286727864  (Index 51)
*** Epoch: 26 ***
-----------------G2R RESULT-------------------

val result: krc:0.797 | lsd:0.62 | ed:0.91 | hr@1:0.674 | hr@2:0.872 | hr@3:0.915 | acc@1:0.674 | acc@2:0.618 | acc@3:0.582 | Best krc: 0.807 | Best epoch: 24
[2023-12-01 04:47:03] INFO (nni/MainThread) Intermediate result: 0.7967506645162963  (Index 52)
-----------------ETPA RESULT-------------------
Epoch 26: Validation	rmse: 20.2	mae: 16.15	mape: 120.89%	acc@10: 37.24%	acc@20: 69.14%	acc@30: 88.07%	
[2023-12-01 04:47:03] INFO (nni/MainThread) Intermediate result: 20.197573400655603  (Index 53)
*** Epoch: 27 ***
-----------------G2R RESULT-------------------

val result: krc:0.804 | lsd:0.618 | ed:0.895 | hr@1:0.69 | hr@2:0.869 | hr@3:0.922 | acc@1:0.69 | acc@2:0.623 | acc@3:0.593 | Best krc: 0.807 | Best epoch: 24
[2023-12-01 04:48:44] INFO (nni/MainThread) Intermediate result: 0.8041510893194321  (Index 54)
-----------------ETPA RESULT-------------------
Epoch 27: Validation	rmse: 20.09	mae: 16.07	mape: 120.21%	acc@10: 37.5%	acc@20: 69.44%	acc@30: 88.11%	
[2023-12-01 04:48:44] INFO (nni/MainThread) Intermediate result: 20.086544869208016  (Index 55)
*** Epoch: 28 ***
-----------------G2R RESULT-------------------

val result: krc:0.813 | lsd:0.581 | ed:0.876 | hr@1:0.718 | hr@2:0.873 | hr@3:0.926 | acc@1:0.718 | acc@2:0.644 | acc@3:0.615 | Best krc: 0.807 | Best epoch: 24
best model saved
[2023-12-01 04:50:27] INFO (nni/MainThread) Intermediate result: 0.8134911136572702  (Index 56)
-----------------ETPA RESULT-------------------
Epoch 28: Validation	rmse: 19.93	mae: 15.97	mape: 119.47%	acc@10: 37.61%	acc@20: 69.76%	acc@30: 88.39%	
[2023-12-01 04:50:27] INFO (nni/MainThread) Intermediate result: 19.933897154335767  (Index 57)
*** Epoch: 29 ***
-----------------G2R RESULT-------------------

val result: krc:0.812 | lsd:0.582 | ed:0.875 | hr@1:0.707 | hr@2:0.88 | hr@3:0.923 | acc@1:0.707 | acc@2:0.644 | acc@3:0.609 | Best krc: 0.813 | Best epoch: 28
[2023-12-01 04:52:10] INFO (nni/MainThread) Intermediate result: 0.81248550053972  (Index 58)
-----------------ETPA RESULT-------------------
Epoch 29: Validation	rmse: 19.79	mae: 15.84	mape: 118.5%	acc@10: 37.99%	acc@20: 70.15%	acc@30: 88.54%	
[2023-12-01 04:52:10] INFO (nni/MainThread) Intermediate result: 19.788665943176486  (Index 59)
*** Epoch: 30 ***
-----------------G2R RESULT-------------------

val result: krc:0.804 | lsd:0.587 | ed:0.905 | hr@1:0.695 | hr@2:0.879 | hr@3:0.924 | acc@1:0.695 | acc@2:0.633 | acc@3:0.597 | Best krc: 0.813 | Best epoch: 28
[2023-12-01 04:53:51] INFO (nni/MainThread) Intermediate result: 0.8040751850458889  (Index 60)
-----------------ETPA RESULT-------------------
Epoch 30: Validation	rmse: 19.68	mae: 15.77	mape: 117.94%	acc@10: 38.16%	acc@20: 70.5%	acc@30: 88.66%	
[2023-12-01 04:53:51] INFO (nni/MainThread) Intermediate result: 19.6843523830621  (Index 61)
*** Epoch: 31 ***
-----------------G2R RESULT-------------------

val result: krc:0.8 | lsd:0.616 | ed:0.904 | hr@1:0.705 | hr@2:0.873 | hr@3:0.916 | acc@1:0.705 | acc@2:0.638 | acc@3:0.599 | Best krc: 0.813 | Best epoch: 28
[2023-12-01 04:55:33] INFO (nni/MainThread) Intermediate result: 0.8000987724643169  (Index 62)
-----------------ETPA RESULT-------------------
Epoch 31: Validation	rmse: 19.63	mae: 15.74	mape: 117.78%	acc@10: 38.1%	acc@20: 70.56%	acc@30: 88.69%	
[2023-12-01 04:55:33] INFO (nni/MainThread) Intermediate result: 19.62751716622032  (Index 63)
*** Epoch: 32 ***
-----------------G2R RESULT-------------------

val result: krc:0.812 | lsd:0.6 | ed:0.877 | hr@1:0.722 | hr@2:0.875 | hr@3:0.922 | acc@1:0.722 | acc@2:0.652 | acc@3:0.616 | Best krc: 0.813 | Best epoch: 28
[2023-12-01 04:57:15] INFO (nni/MainThread) Intermediate result: 0.81180394626831  (Index 64)
-----------------ETPA RESULT-------------------
Epoch 32: Validation	rmse: 19.53	mae: 15.67	mape: 117.29%	acc@10: 38.15%	acc@20: 70.79%	acc@30: 88.83%	
[2023-12-01 04:57:15] INFO (nni/MainThread) Intermediate result: 19.52743062603684  (Index 65)
*** Epoch: 33 ***
-----------------G2R RESULT-------------------

val result: krc:0.814 | lsd:0.584 | ed:0.87 | hr@1:0.721 | hr@2:0.877 | hr@3:0.924 | acc@1:0.721 | acc@2:0.65 | acc@3:0.613 | Best krc: 0.813 | Best epoch: 28
best model saved
[2023-12-01 04:58:59] INFO (nni/MainThread) Intermediate result: 0.8139500551918568  (Index 66)
-----------------ETPA RESULT-------------------
Epoch 33: Validation	rmse: 19.42	mae: 15.6	mape: 116.76%	acc@10: 38.25%	acc@20: 70.99%	acc@30: 89.02%	
[2023-12-01 04:58:59] INFO (nni/MainThread) Intermediate result: 19.42220667246735  (Index 67)
*** Epoch: 34 ***
-----------------G2R RESULT-------------------

val result: krc:0.807 | lsd:0.623 | ed:0.895 | hr@1:0.711 | hr@2:0.873 | hr@3:0.919 | acc@1:0.711 | acc@2:0.64 | acc@3:0.603 | Best krc: 0.814 | Best epoch: 33
[2023-12-01 05:00:41] INFO (nni/MainThread) Intermediate result: 0.8068655793185744  (Index 68)
-----------------ETPA RESULT-------------------
Epoch 34: Validation	rmse: 19.31	mae: 15.52	mape: 116.08%	acc@10: 38.44%	acc@20: 71.23%	acc@30: 89.22%	
[2023-12-01 05:00:41] INFO (nni/MainThread) Intermediate result: 19.306951187835516  (Index 69)
*** Epoch: 35 ***
-----------------G2R RESULT-------------------

val result: krc:0.805 | lsd:0.642 | ed:0.893 | hr@1:0.706 | hr@2:0.871 | hr@3:0.916 | acc@1:0.706 | acc@2:0.637 | acc@3:0.601 | Best krc: 0.814 | Best epoch: 33
[2023-12-01 05:02:24] INFO (nni/MainThread) Intermediate result: 0.8049122802249168  (Index 70)
-----------------ETPA RESULT-------------------
Epoch 35: Validation	rmse: 19.19	mae: 15.42	mape: 115.28%	acc@10: 38.74%	acc@20: 71.51%	acc@30: 89.41%	
[2023-12-01 05:02:24] INFO (nni/MainThread) Intermediate result: 19.185933344466076  (Index 71)
*** Epoch: 36 ***
-----------------G2R RESULT-------------------

val result: krc:0.802 | lsd:0.635 | ed:0.885 | hr@1:0.705 | hr@2:0.87 | hr@3:0.919 | acc@1:0.705 | acc@2:0.635 | acc@3:0.6 | Best krc: 0.814 | Best epoch: 33
[2023-12-01 05:04:06] INFO (nni/MainThread) Intermediate result: 0.8017999493906797  (Index 72)
-----------------ETPA RESULT-------------------
Epoch 36: Validation	rmse: 19.08	mae: 15.34	mape: 114.64%	acc@10: 38.92%	acc@20: 71.67%	acc@30: 89.62%	
[2023-12-01 05:04:06] INFO (nni/MainThread) Intermediate result: 19.075573206493083  (Index 73)
*** Epoch: 37 ***
-----------------G2R RESULT-------------------

val result: krc:0.791 | lsd:0.64 | ed:0.94 | hr@1:0.679 | hr@2:0.871 | hr@3:0.914 | acc@1:0.679 | acc@2:0.615 | acc@3:0.576 | Best krc: 0.814 | Best epoch: 33
[2023-12-01 05:05:48] INFO (nni/MainThread) Intermediate result: 0.7911805498425526  (Index 74)
-----------------ETPA RESULT-------------------
Epoch 37: Validation	rmse: 18.99	mae: 15.28	mape: 114.14%	acc@10: 39.05%	acc@20: 71.84%	acc@30: 89.76%	
[2023-12-01 05:05:48] INFO (nni/MainThread) Intermediate result: 18.988999172481776  (Index 75)
*** Epoch: 38 ***
-----------------G2R RESULT-------------------

val result: krc:0.797 | lsd:0.612 | ed:0.923 | hr@1:0.685 | hr@2:0.873 | hr@3:0.916 | acc@1:0.685 | acc@2:0.621 | acc@3:0.58 | Best krc: 0.814 | Best epoch: 33
[2023-12-01 05:07:30] INFO (nni/MainThread) Intermediate result: 0.7969636572434999  (Index 76)
-----------------ETPA RESULT-------------------
Epoch 38: Validation	rmse: 18.87	mae: 15.18	mape: 113.17%	acc@10: 39.39%	acc@20: 72.16%	acc@30: 89.93%	
[2023-12-01 05:07:30] INFO (nni/MainThread) Intermediate result: 18.8703234464294  (Index 77)
*** Epoch: 39 ***
-----------------G2R RESULT-------------------

val result: krc:0.808 | lsd:0.622 | ed:0.885 | hr@1:0.712 | hr@2:0.874 | hr@3:0.922 | acc@1:0.712 | acc@2:0.642 | acc@3:0.603 | Best krc: 0.814 | Best epoch: 33
[2023-12-01 05:09:12] INFO (nni/MainThread) Intermediate result: 0.8078117461414355  (Index 78)
-----------------ETPA RESULT-------------------
Epoch 39: Validation	rmse: 18.77	mae: 15.1	mape: 112.55%	acc@10: 39.65%	acc@20: 72.34%	acc@30: 90.13%	
[2023-12-01 05:09:12] INFO (nni/MainThread) Intermediate result: 18.76887085532372  (Index 79)
*** Epoch: 40 ***
-----------------G2R RESULT-------------------

val result: krc:0.801 | lsd:0.6 | ed:0.909 | hr@1:0.694 | hr@2:0.874 | hr@3:0.919 | acc@1:0.694 | acc@2:0.628 | acc@3:0.591 | Best krc: 0.814 | Best epoch: 33
[2023-12-01 05:10:56] INFO (nni/MainThread) Intermediate result: 0.801035414406643  (Index 80)
-----------------ETPA RESULT-------------------
Epoch 40: Validation	rmse: 18.7	mae: 15.04	mape: 112.1%	acc@10: 39.81%	acc@20: 72.5%	acc@30: 90.24%	
[2023-12-01 05:10:56] INFO (nni/MainThread) Intermediate result: 18.69615677301452  (Index 81)
*** Epoch: 41 ***
-----------------G2R RESULT-------------------

val result: krc:0.805 | lsd:0.616 | ed:0.883 | hr@1:0.692 | hr@2:0.87 | hr@3:0.919 | acc@1:0.692 | acc@2:0.63 | acc@3:0.597 | Best krc: 0.814 | Best epoch: 33
[2023-12-01 05:12:41] INFO (nni/MainThread) Intermediate result: 0.8048103940626894  (Index 82)
-----------------ETPA RESULT-------------------
Epoch 41: Validation	rmse: 18.6	mae: 14.97	mape: 111.53%	acc@10: 39.97%	acc@20: 72.72%	acc@30: 90.42%	
[2023-12-01 05:12:41] INFO (nni/MainThread) Intermediate result: 18.599108515085934  (Index 83)
*** Epoch: 42 ***
-----------------G2R RESULT-------------------

val result: krc:0.809 | lsd:0.606 | ed:0.878 | hr@1:0.712 | hr@2:0.875 | hr@3:0.921 | acc@1:0.712 | acc@2:0.645 | acc@3:0.61 | Best krc: 0.814 | Best epoch: 33
[2023-12-01 05:14:24] INFO (nni/MainThread) Intermediate result: 0.8090030104634389  (Index 84)
-----------------ETPA RESULT-------------------
Epoch 42: Validation	rmse: 18.55	mae: 14.93	mape: 111.26%	acc@10: 40.05%	acc@20: 72.84%	acc@30: 90.46%	
[2023-12-01 05:14:24] INFO (nni/MainThread) Intermediate result: 18.550220737658766  (Index 85)
*** Epoch: 43 ***
-----------------G2R RESULT-------------------

val result: krc:0.804 | lsd:0.641 | ed:0.902 | hr@1:0.709 | hr@2:0.872 | hr@3:0.917 | acc@1:0.709 | acc@2:0.642 | acc@3:0.602 | Best krc: 0.814 | Best epoch: 33
[2023-12-01 05:16:07] INFO (nni/MainThread) Intermediate result: 0.8035293220601486  (Index 86)
-----------------ETPA RESULT-------------------
Epoch 43: Validation	rmse: 18.45	mae: 14.85	mape: 110.56%	acc@10: 40.36%	acc@20: 73.05%	acc@30: 90.62%	
[2023-12-01 05:16:07] INFO (nni/MainThread) Intermediate result: 18.452319632713813  (Index 87)
*** Epoch: 44 ***
-----------------G2R RESULT-------------------

val result: krc:0.806 | lsd:0.63 | ed:0.875 | hr@1:0.717 | hr@2:0.876 | hr@3:0.921 | acc@1:0.717 | acc@2:0.65 | acc@3:0.613 | Best krc: 0.814 | Best epoch: 33
[2023-12-01 05:17:49] INFO (nni/MainThread) Intermediate result: 0.8058979599163246  (Index 88)
-----------------ETPA RESULT-------------------
Epoch 44: Validation	rmse: 18.37	mae: 14.79	mape: 110.13%	acc@10: 40.51%	acc@20: 73.2%	acc@30: 90.77%	
[2023-12-01 05:17:50] INFO (nni/MainThread) Intermediate result: 18.37190356187796  (Index 89)
*** Epoch: 45 ***
-----------------G2R RESULT-------------------

val result: krc:0.811 | lsd:0.608 | ed:0.865 | hr@1:0.718 | hr@2:0.875 | hr@3:0.921 | acc@1:0.718 | acc@2:0.646 | acc@3:0.613 | Best krc: 0.814 | Best epoch: 33
[2023-12-01 05:19:32] INFO (nni/MainThread) Intermediate result: 0.8113221465735676  (Index 90)
-----------------ETPA RESULT-------------------
Epoch 45: Validation	rmse: 18.3	mae: 14.73	mape: 109.66%	acc@10: 40.68%	acc@20: 73.37%	acc@30: 90.88%	
[2023-12-01 05:19:32] INFO (nni/MainThread) Intermediate result: 18.29659413087019  (Index 91)
*** Epoch: 46 ***
-----------------G2R RESULT-------------------

val result: krc:0.811 | lsd:0.622 | ed:0.878 | hr@1:0.721 | hr@2:0.875 | hr@3:0.921 | acc@1:0.721 | acc@2:0.651 | acc@3:0.616 | Best krc: 0.814 | Best epoch: 33
[2023-12-01 05:21:14] INFO (nni/MainThread) Intermediate result: 0.8112259170326507  (Index 92)
-----------------ETPA RESULT-------------------
Epoch 46: Validation	rmse: 18.26	mae: 14.71	mape: 109.51%	acc@10: 40.68%	acc@20: 73.42%	acc@30: 90.94%	
[2023-12-01 05:21:14] INFO (nni/MainThread) Intermediate result: 18.261176876129255  (Index 93)
*** Epoch: 47 ***
-----------------G2R RESULT-------------------

val result: krc:0.809 | lsd:0.605 | ed:0.903 | hr@1:0.718 | hr@2:0.876 | hr@3:0.924 | acc@1:0.718 | acc@2:0.641 | acc@3:0.607 | Best krc: 0.814 | Best epoch: 33
[2023-12-01 05:22:58] INFO (nni/MainThread) Intermediate result: 0.8091906826755974  (Index 94)
-----------------ETPA RESULT-------------------
Epoch 47: Validation	rmse: 18.19	mae: 14.65	mape: 109.0%	acc@10: 40.86%	acc@20: 73.6%	acc@30: 91.06%	
[2023-12-01 05:22:58] INFO (nni/MainThread) Intermediate result: 18.189282266270222  (Index 95)
*** Epoch: 48 ***
-----------------G2R RESULT-------------------

val result: krc:0.813 | lsd:0.607 | ed:0.868 | hr@1:0.72 | hr@2:0.873 | hr@3:0.922 | acc@1:0.72 | acc@2:0.654 | acc@3:0.615 | Best krc: 0.814 | Best epoch: 33
[2023-12-01 05:24:40] INFO (nni/MainThread) Intermediate result: 0.8129746643257794  (Index 96)
-----------------ETPA RESULT-------------------
Epoch 48: Validation	rmse: 18.15	mae: 14.62	mape: 108.79%	acc@10: 40.91%	acc@20: 73.68%	acc@30: 91.07%	
[2023-12-01 05:24:40] INFO (nni/MainThread) Intermediate result: 18.152531825835105  (Index 97)
*** Epoch: 49 ***
-----------------G2R RESULT-------------------

val result: krc:0.812 | lsd:0.63 | ed:0.861 | hr@1:0.72 | hr@2:0.874 | hr@3:0.923 | acc@1:0.72 | acc@2:0.651 | acc@3:0.617 | Best krc: 0.814 | Best epoch: 33
[2023-12-01 05:26:23] INFO (nni/MainThread) Intermediate result: 0.8115037059330894  (Index 98)
-----------------ETPA RESULT-------------------
Epoch 49: Validation	rmse: 18.1	mae: 14.58	mape: 108.42%	acc@10: 41.05%	acc@20: 73.84%	acc@30: 91.14%	
[2023-12-01 05:26:23] INFO (nni/MainThread) Intermediate result: 18.09851753134529  (Index 99)
*** Epoch: 50 ***
-----------------G2R RESULT-------------------

val result: krc:0.79 | lsd:0.631 | ed:0.941 | hr@1:0.693 | hr@2:0.868 | hr@3:0.917 | acc@1:0.693 | acc@2:0.623 | acc@3:0.584 | Best krc: 0.814 | Best epoch: 33
[2023-12-01 05:28:05] INFO (nni/MainThread) Intermediate result: 0.7899542615152583  (Index 100)
-----------------ETPA RESULT-------------------
Epoch 50: Validation	rmse: 18.05	mae: 14.55	mape: 108.17%	acc@10: 41.12%	acc@20: 73.96%	acc@30: 91.21%	
[2023-12-01 05:28:05] INFO (nni/MainThread) Intermediate result: 18.050462903510738  (Index 101)
*** Epoch: 51 ***
-----------------G2R RESULT-------------------

val result: krc:0.8 | lsd:0.642 | ed:0.903 | hr@1:0.69 | hr@2:0.873 | hr@3:0.919 | acc@1:0.69 | acc@2:0.632 | acc@3:0.6 | Best krc: 0.814 | Best epoch: 33
[2023-12-01 05:29:48] INFO (nni/MainThread) Intermediate result: 0.7995230130603982  (Index 102)
-----------------ETPA RESULT-------------------
Epoch 51: Validation	rmse: 18.01	mae: 14.51	mape: 107.85%	acc@10: 41.29%	acc@20: 74.08%	acc@30: 91.24%	
[2023-12-01 05:29:48] INFO (nni/MainThread) Intermediate result: 18.00584584985292  (Index 103)
*** Epoch: 52 ***
-----------------G2R RESULT-------------------

val result: krc:0.8 | lsd:0.633 | ed:0.91 | hr@1:0.711 | hr@2:0.871 | hr@3:0.922 | acc@1:0.711 | acc@2:0.635 | acc@3:0.603 | Best krc: 0.814 | Best epoch: 33
[2023-12-01 05:31:30] INFO (nni/MainThread) Intermediate result: 0.7998914295634888  (Index 104)
-----------------ETPA RESULT-------------------
Epoch 52: Validation	rmse: 17.99	mae: 14.49	mape: 107.75%	acc@10: 41.31%	acc@20: 74.15%	acc@30: 91.22%	
[2023-12-01 05:31:30] INFO (nni/MainThread) Intermediate result: 17.98654645510304  (Index 105)
*** Epoch: 53 ***
-----------------G2R RESULT-------------------

val result: krc:0.799 | lsd:0.674 | ed:0.923 | hr@1:0.73 | hr@2:0.858 | hr@3:0.915 | acc@1:0.73 | acc@2:0.641 | acc@3:0.603 | Best krc: 0.814 | Best epoch: 33
[2023-12-01 05:33:13] INFO (nni/MainThread) Intermediate result: 0.7992107786948192  (Index 106)
-----------------ETPA RESULT-------------------
Epoch 53: Validation	rmse: 17.93	mae: 14.45	mape: 107.38%	acc@10: 41.45%	acc@20: 74.28%	acc@30: 91.33%	
[2023-12-01 05:33:13] INFO (nni/MainThread) Intermediate result: 17.92715861079143  (Index 107)
loaded model path: /home/sentanoe/joint_training/data/dataset/food_pd/sort_model/hidden_size-8.gcnru-pd_1701399688.74522331701399688.7452354
best model loaded !!!
krc:0.806 | lsd:0.439 | ed:0.888 | hr@1:0.724 | hr@2:0.907 | hr@3:0.946 | acc@1:0.724 | acc@2:0.659 | acc@3:0.611 |

-------------------------------------------------------------
Best epoch for G2R:  33
Best epoch for ETPA:  53
graph2route_pd Evaluation in test: krc:0.806 | lsd:0.439 | ed:0.888 | hr@1:0.724 | hr@2:0.907 | hr@3:0.946 | acc@1:0.724 | acc@2:0.659 | acc@3:0.611 |
RankPETA Evaluation in test: rmse: 13.68	mae: 10.95	mape: 93.74%	acc@10: 50.63%	acc@20: 87.76%	acc@30: 97.89%	
