Device:  cuda
{'alpha_loss': 0.5,
 'batch_size': 64,
 'dataset': 'food_pd',
 'datatype': 'order',
 'device': device(type='cuda'),
 'early_stop': 20,
 'edge_fea_dim': 5,
 'embedding_dim': 32,
 'eval_end_1': 11,
 'eval_end_2': 25,
 'eval_start': 1,
 'gcn_num_layers': 2,
 'hidden_size': 8,
 'is_eval': False,
 'is_test': False,
 'k_min_nodes': 3,
 'k_nearest_neighbors': 'n-1',
 'lr': 0.001,
 'max_task_num': 25,
 'min_task_num': 0,
 'modelArrivalTime': 'RankPETA',
 'modelRoute': 'graph2route_pd',
 'no_cuda': False,
 'node_fea_dim': 8,
 'node_features_test': '/home/sentanoe/joint_training/data/dataset/food_pd/node_features_test_full.npy',
 'node_features_train': '/home/sentanoe/joint_training/data/dataset/food_pd/node_features_train_full.npy',
 'node_features_val': '/home/sentanoe/joint_training/data/dataset/food_pd/node_features_val_full.npy',
 'num_block': 4,
 'num_epoch': 1000,
 'num_head': 2,
 'num_worker_logistics': 2346,
 'num_worker_pd': 920,
 'pad_value': 26,
 'seed': 2022,
 'sort_mode': 'true_idx',
 'spatial_encoder': 'gatv2',
 'temporal_encoder': 'tft',
 'test_path': '/home/sentanoe/joint_training/data/dataset/food_pd/test_full.npy',
 'train_mode': 'sort',
 'train_path': '/home/sentanoe/joint_training/data/dataset/food_pd/train_full.npy',
 'val_path': '/home/sentanoe/joint_training/data/dataset/food_pd/val_full.npy',
 'wd': 1e-05,
 'worker_emb_dim': 10,
 'workers': 2}
last_x_size:13;unpick_x_size:12;input_size:38
#train:2521 | #val:1257 | #test:1261
*** Epoch: 0 ***
-----------------G2R RESULT-------------------

val result: krc:0.76 | lsd:0.688 | ed:1.032 | hr@1:0.627 | hr@2:0.859 | hr@3:0.909 | acc@1:0.627 | acc@2:0.564 | acc@3:0.524 | Best krc: -1 | Best epoch: -1
best model saved
[2023-11-29 14:33:02] INFO (nni/MainThread) Intermediate result: 0.7604922522456409  (Index 0)
-----------------ETPA RESULT-------------------
Epoch 0: Validation	rmse: 42.33	mae: 35.33	mape: 71.36%	acc@10: 15.62%	acc@20: 25.0%	acc@30: 37.5%	
[2023-11-29 14:33:02] INFO (nni/MainThread) Intermediate result: 42.32719925621113  (Index 1)
*** Epoch: 1 ***
-----------------G2R RESULT-------------------

val result: krc:0.759 | lsd:0.714 | ed:1.026 | hr@1:0.617 | hr@2:0.861 | hr@3:0.909 | acc@1:0.617 | acc@2:0.566 | acc@3:0.533 | Best krc: 0.76 | Best epoch: 0
[2023-11-29 14:34:50] INFO (nni/MainThread) Intermediate result: 0.7594792824788453  (Index 2)
-----------------ETPA RESULT-------------------
Epoch 1: Validation	rmse: 37.2	mae: 30.75	mape: 62.4%	acc@10: 15.62%	acc@20: 35.94%	acc@30: 53.12%	
[2023-11-29 14:34:50] INFO (nni/MainThread) Intermediate result: 37.197220424719454  (Index 3)
*** Epoch: 2 ***
-----------------G2R RESULT-------------------

val result: krc:0.751 | lsd:0.771 | ed:1.071 | hr@1:0.627 | hr@2:0.857 | hr@3:0.9 | acc@1:0.627 | acc@2:0.561 | acc@3:0.513 | Best krc: 0.76 | Best epoch: 0
[2023-11-29 14:36:38] INFO (nni/MainThread) Intermediate result: 0.7506108029850924  (Index 4)
-----------------ETPA RESULT-------------------
Epoch 2: Validation	rmse: 34.65	mae: 27.54	mape: 57.86%	acc@10: 23.96%	acc@20: 43.75%	acc@30: 62.5%	
[2023-11-29 14:36:38] INFO (nni/MainThread) Intermediate result: 34.65451700166057  (Index 5)
*** Epoch: 3 ***
-----------------G2R RESULT-------------------

val result: krc:0.777 | lsd:0.65 | ed:0.972 | hr@1:0.636 | hr@2:0.867 | hr@3:0.914 | acc@1:0.636 | acc@2:0.579 | acc@3:0.549 | Best krc: 0.76 | Best epoch: 0
best model saved
[2023-11-29 14:38:30] INFO (nni/MainThread) Intermediate result: 0.7771069397654444  (Index 6)
-----------------ETPA RESULT-------------------
Epoch 3: Validation	rmse: 31.49	mae: 24.68	mape: 52.59%	acc@10: 28.12%	acc@20: 51.56%	acc@30: 67.97%	
[2023-11-29 14:38:30] INFO (nni/MainThread) Intermediate result: 31.49165947971814  (Index 7)
*** Epoch: 4 ***
-----------------G2R RESULT-------------------

val result: krc:0.78 | lsd:0.645 | ed:0.959 | hr@1:0.654 | hr@2:0.864 | hr@3:0.913 | acc@1:0.654 | acc@2:0.592 | acc@3:0.553 | Best krc: 0.777 | Best epoch: 3
best model saved
[2023-11-29 14:40:26] INFO (nni/MainThread) Intermediate result: 0.7802058295718112  (Index 8)
-----------------ETPA RESULT-------------------
Epoch 4: Validation	rmse: 29.26	mae: 22.6	mape: 48.77%	acc@10: 31.87%	acc@20: 56.88%	acc@30: 71.25%	
[2023-11-29 14:40:26] INFO (nni/MainThread) Intermediate result: 29.260289976699823  (Index 9)
*** Epoch: 5 ***
-----------------G2R RESULT-------------------

val result: krc:0.771 | lsd:0.659 | ed:0.986 | hr@1:0.634 | hr@2:0.864 | hr@3:0.914 | acc@1:0.634 | acc@2:0.575 | acc@3:0.543 | Best krc: 0.78 | Best epoch: 4
[2023-11-29 14:42:19] INFO (nni/MainThread) Intermediate result: 0.7709917629375435  (Index 10)
-----------------ETPA RESULT-------------------
Epoch 5: Validation	rmse: 27.5	mae: 21.05	mape: 45.6%	acc@10: 35.42%	acc@20: 60.94%	acc@30: 75.0%	
[2023-11-29 14:42:19] INFO (nni/MainThread) Intermediate result: 27.502868408426508  (Index 11)
*** Epoch: 6 ***
-----------------G2R RESULT-------------------

val result: krc:0.793 | lsd:0.613 | ed:0.948 | hr@1:0.697 | hr@2:0.874 | hr@3:0.922 | acc@1:0.697 | acc@2:0.62 | acc@3:0.578 | Best krc: 0.78 | Best epoch: 4
best model saved
[2023-11-29 14:44:13] INFO (nni/MainThread) Intermediate result: 0.7934675407347029  (Index 12)
-----------------ETPA RESULT-------------------
Epoch 6: Validation	rmse: 26.87	mae: 20.58	mape: 45.14%	acc@10: 35.27%	acc@20: 61.16%	acc@30: 76.79%	
[2023-11-29 14:44:13] INFO (nni/MainThread) Intermediate result: 26.867694795278904  (Index 13)
*** Epoch: 7 ***
-----------------G2R RESULT-------------------

val result: krc:0.767 | lsd:0.728 | ed:1.008 | hr@1:0.672 | hr@2:0.852 | hr@3:0.909 | acc@1:0.672 | acc@2:0.587 | acc@3:0.55 | Best krc: 0.793 | Best epoch: 6
[2023-11-29 14:46:06] INFO (nni/MainThread) Intermediate result: 0.7674855857190793  (Index 14)
-----------------ETPA RESULT-------------------
Epoch 7: Validation	rmse: 26.16	mae: 19.95	mape: 44.04%	acc@10: 36.33%	acc@20: 62.11%	acc@30: 78.91%	
[2023-11-29 14:46:06] INFO (nni/MainThread) Intermediate result: 26.15523349983338  (Index 15)
*** Epoch: 8 ***
-----------------G2R RESULT-------------------

val result: krc:0.807 | lsd:0.61 | ed:0.901 | hr@1:0.711 | hr@2:0.87 | hr@3:0.918 | acc@1:0.711 | acc@2:0.638 | acc@3:0.603 | Best krc: 0.793 | Best epoch: 6
best model saved
[2023-11-29 14:47:59] INFO (nni/MainThread) Intermediate result: 0.806912587323606  (Index 16)
-----------------ETPA RESULT-------------------
Epoch 8: Validation	rmse: 25.37	mae: 19.34	mape: 43.14%	acc@10: 36.81%	acc@20: 63.89%	acc@30: 80.21%	
[2023-11-29 14:47:59] INFO (nni/MainThread) Intermediate result: 25.36551184266568  (Index 17)
*** Epoch: 9 ***
-----------------G2R RESULT-------------------

val result: krc:0.793 | lsd:0.642 | ed:0.945 | hr@1:0.705 | hr@2:0.864 | hr@3:0.918 | acc@1:0.705 | acc@2:0.621 | acc@3:0.586 | Best krc: 0.807 | Best epoch: 8
[2023-11-29 14:49:48] INFO (nni/MainThread) Intermediate result: 0.792642452205198  (Index 18)
-----------------ETPA RESULT-------------------
Epoch 9: Validation	rmse: 24.56	mae: 18.69	mape: 41.97%	acc@10: 37.81%	acc@20: 65.62%	acc@30: 81.56%	
[2023-11-29 14:49:48] INFO (nni/MainThread) Intermediate result: 24.562653162064517  (Index 19)
*** Epoch: 10 ***
-----------------G2R RESULT-------------------

val result: krc:0.793 | lsd:0.618 | ed:0.941 | hr@1:0.694 | hr@2:0.867 | hr@3:0.918 | acc@1:0.694 | acc@2:0.616 | acc@3:0.582 | Best krc: 0.807 | Best epoch: 8
[2023-11-29 14:51:38] INFO (nni/MainThread) Intermediate result: 0.7925508215407646  (Index 20)
-----------------ETPA RESULT-------------------
Epoch 10: Validation	rmse: 24.02	mae: 18.3	mape: 41.42%	acc@10: 38.07%	acc@20: 66.76%	acc@30: 82.39%	
[2023-11-29 14:51:38] INFO (nni/MainThread) Intermediate result: 24.016568063394853  (Index 21)
*** Epoch: 11 ***
-----------------G2R RESULT-------------------

val result: krc:0.803 | lsd:0.588 | ed:0.901 | hr@1:0.694 | hr@2:0.874 | hr@3:0.923 | acc@1:0.694 | acc@2:0.629 | acc@3:0.591 | Best krc: 0.807 | Best epoch: 8
[2023-11-29 14:53:27] INFO (nni/MainThread) Intermediate result: 0.8031714956244906  (Index 22)
-----------------ETPA RESULT-------------------
Epoch 11: Validation	rmse: 23.45	mae: 17.85	mape: 40.56%	acc@10: 38.8%	acc@20: 68.23%	acc@30: 83.33%	
[2023-11-29 14:53:27] INFO (nni/MainThread) Intermediate result: 23.453193275029893  (Index 23)
*** Epoch: 12 ***
-----------------G2R RESULT-------------------

val result: krc:0.81 | lsd:0.585 | ed:0.895 | hr@1:0.713 | hr@2:0.874 | hr@3:0.924 | acc@1:0.713 | acc@2:0.635 | acc@3:0.605 | Best krc: 0.807 | Best epoch: 8
best model saved
[2023-11-29 14:55:16] INFO (nni/MainThread) Intermediate result: 0.8096580654604267  (Index 24)
-----------------ETPA RESULT-------------------
Epoch 12: Validation	rmse: 22.92	mae: 17.42	mape: 39.76%	acc@10: 39.66%	acc@20: 69.47%	acc@30: 84.13%	
[2023-11-29 14:55:16] INFO (nni/MainThread) Intermediate result: 22.922614350760508  (Index 25)
*** Epoch: 13 ***
-----------------G2R RESULT-------------------

val result: krc:0.805 | lsd:0.657 | ed:0.91 | hr@1:0.734 | hr@2:0.863 | hr@3:0.917 | acc@1:0.734 | acc@2:0.651 | acc@3:0.609 | Best krc: 0.81 | Best epoch: 12
[2023-11-29 14:57:08] INFO (nni/MainThread) Intermediate result: 0.8046553456260497  (Index 26)
-----------------ETPA RESULT-------------------
Epoch 13: Validation	rmse: 22.57	mae: 17.13	mape: 39.09%	acc@10: 40.62%	acc@20: 70.09%	acc@30: 84.82%	
[2023-11-29 14:57:08] INFO (nni/MainThread) Intermediate result: 22.570429979208615  (Index 27)
*** Epoch: 14 ***
-----------------G2R RESULT-------------------

val result: krc:0.801 | lsd:0.608 | ed:0.924 | hr@1:0.696 | hr@2:0.868 | hr@3:0.92 | acc@1:0.696 | acc@2:0.63 | acc@3:0.586 | Best krc: 0.81 | Best epoch: 12
[2023-11-29 14:58:59] INFO (nni/MainThread) Intermediate result: 0.8011167831019164  (Index 28)
-----------------ETPA RESULT-------------------
Epoch 14: Validation	rmse: 22.19	mae: 16.82	mape: 38.43%	acc@10: 41.46%	acc@20: 70.83%	acc@30: 85.42%	
[2023-11-29 14:58:59] INFO (nni/MainThread) Intermediate result: 22.185676013224096  (Index 29)
*** Epoch: 15 ***
-----------------G2R RESULT-------------------

val result: krc:0.806 | lsd:0.6 | ed:0.905 | hr@1:0.703 | hr@2:0.876 | hr@3:0.923 | acc@1:0.703 | acc@2:0.633 | acc@3:0.595 | Best krc: 0.81 | Best epoch: 12
[2023-11-29 15:00:47] INFO (nni/MainThread) Intermediate result: 0.8055387236935115  (Index 30)
-----------------ETPA RESULT-------------------
Epoch 15: Validation	rmse: 21.89	mae: 16.59	mape: 37.93%	acc@10: 42.19%	acc@20: 71.29%	acc@30: 85.94%	
[2023-11-29 15:00:47] INFO (nni/MainThread) Intermediate result: 21.894820625176727  (Index 31)
*** Epoch: 16 ***
-----------------G2R RESULT-------------------

val result: krc:0.8 | lsd:0.63 | ed:0.92 | hr@1:0.72 | hr@2:0.874 | hr@3:0.92 | acc@1:0.72 | acc@2:0.641 | acc@3:0.601 | Best krc: 0.81 | Best epoch: 12
[2023-11-29 15:02:34] INFO (nni/MainThread) Intermediate result: 0.8000587292672995  (Index 32)
-----------------ETPA RESULT-------------------
Epoch 16: Validation	rmse: 21.67	mae: 16.43	mape: 37.65%	acc@10: 43.01%	acc@20: 71.69%	acc@30: 86.4%	
[2023-11-29 15:02:34] INFO (nni/MainThread) Intermediate result: 21.670081796596513  (Index 33)
*** Epoch: 17 ***
-----------------G2R RESULT-------------------

val result: krc:0.802 | lsd:0.606 | ed:0.917 | hr@1:0.717 | hr@2:0.875 | hr@3:0.919 | acc@1:0.717 | acc@2:0.64 | acc@3:0.594 | Best krc: 0.81 | Best epoch: 12
[2023-11-29 15:04:23] INFO (nni/MainThread) Intermediate result: 0.8020113178049338  (Index 34)
-----------------ETPA RESULT-------------------
Epoch 17: Validation	rmse: 21.38	mae: 16.19	mape: 37.13%	acc@10: 43.75%	acc@20: 72.22%	acc@30: 86.81%	
[2023-11-29 15:04:23] INFO (nni/MainThread) Intermediate result: 21.380848641203244  (Index 35)
*** Epoch: 18 ***
-----------------G2R RESULT-------------------

val result: krc:0.808 | lsd:0.607 | ed:0.913 | hr@1:0.712 | hr@2:0.877 | hr@3:0.924 | acc@1:0.712 | acc@2:0.636 | acc@3:0.598 | Best krc: 0.81 | Best epoch: 12
[2023-11-29 15:06:12] INFO (nni/MainThread) Intermediate result: 0.8077043402272961  (Index 36)
-----------------ETPA RESULT-------------------
Epoch 18: Validation	rmse: 21.16	mae: 16.02	mape: 36.75%	acc@10: 44.08%	acc@20: 72.53%	acc@30: 87.17%	
[2023-11-29 15:06:12] INFO (nni/MainThread) Intermediate result: 21.15900343550931  (Index 37)
*** Epoch: 19 ***
-----------------G2R RESULT-------------------

val result: krc:0.804 | lsd:0.612 | ed:0.907 | hr@1:0.711 | hr@2:0.875 | hr@3:0.924 | acc@1:0.711 | acc@2:0.635 | acc@3:0.599 | Best krc: 0.81 | Best epoch: 12
[2023-11-29 15:08:02] INFO (nni/MainThread) Intermediate result: 0.8040589354450307  (Index 38)
-----------------ETPA RESULT-------------------
Epoch 19: Validation	rmse: 20.91	mae: 15.82	mape: 36.32%	acc@10: 44.53%	acc@20: 72.97%	acc@30: 87.5%	
[2023-11-29 15:08:02] INFO (nni/MainThread) Intermediate result: 20.90683386610051  (Index 39)
*** Epoch: 20 ***
-----------------G2R RESULT-------------------

val result: krc:0.814 | lsd:0.614 | ed:0.877 | hr@1:0.732 | hr@2:0.879 | hr@3:0.921 | acc@1:0.732 | acc@2:0.657 | acc@3:0.616 | Best krc: 0.81 | Best epoch: 12
best model saved
[2023-11-29 15:09:51] INFO (nni/MainThread) Intermediate result: 0.8136893102524935  (Index 40)
-----------------ETPA RESULT-------------------
Epoch 20: Validation	rmse: 20.78	mae: 15.72	mape: 36.03%	acc@10: 44.79%	acc@20: 73.07%	acc@30: 87.65%	
[2023-11-29 15:09:51] INFO (nni/MainThread) Intermediate result: 20.78476217056708  (Index 41)
*** Epoch: 21 ***
-----------------G2R RESULT-------------------

val result: krc:0.814 | lsd:0.601 | ed:0.871 | hr@1:0.736 | hr@2:0.875 | hr@3:0.926 | acc@1:0.736 | acc@2:0.658 | acc@3:0.62 | Best krc: 0.814 | Best epoch: 20
best model saved
[2023-11-29 15:11:39] INFO (nni/MainThread) Intermediate result: 0.8140624893576357  (Index 42)
-----------------ETPA RESULT-------------------
Epoch 21: Validation	rmse: 20.66	mae: 15.63	mape: 35.8%	acc@10: 44.89%	acc@20: 73.01%	acc@30: 87.93%	
[2023-11-29 15:11:39] INFO (nni/MainThread) Intermediate result: 20.659212354790103  (Index 43)
*** Epoch: 22 ***
-----------------G2R RESULT-------------------

val result: krc:0.813 | lsd:0.586 | ed:0.875 | hr@1:0.707 | hr@2:0.883 | hr@3:0.925 | acc@1:0.707 | acc@2:0.646 | acc@3:0.61 | Best krc: 0.814 | Best epoch: 21
[2023-11-29 15:13:27] INFO (nni/MainThread) Intermediate result: 0.8128008463382315  (Index 44)
-----------------ETPA RESULT-------------------
Epoch 22: Validation	rmse: 20.55	mae: 15.56	mape: 35.58%	acc@10: 45.24%	acc@20: 72.96%	acc@30: 88.18%	
[2023-11-29 15:13:27] INFO (nni/MainThread) Intermediate result: 20.55226250867073  (Index 45)
*** Epoch: 23 ***
-----------------G2R RESULT-------------------

val result: krc:0.816 | lsd:0.591 | ed:0.861 | hr@1:0.715 | hr@2:0.877 | hr@3:0.925 | acc@1:0.715 | acc@2:0.645 | acc@3:0.613 | Best krc: 0.814 | Best epoch: 21
best model saved
[2023-11-29 15:15:17] INFO (nni/MainThread) Intermediate result: 0.8163889627029112  (Index 46)
-----------------ETPA RESULT-------------------
Epoch 23: Validation	rmse: 20.46	mae: 15.51	mape: 35.39%	acc@10: 45.18%	acc@20: 72.92%	acc@30: 88.28%	
[2023-11-29 15:15:17] INFO (nni/MainThread) Intermediate result: 20.46381905448818  (Index 47)
*** Epoch: 24 ***
-----------------G2R RESULT-------------------

val result: krc:0.811 | lsd:0.615 | ed:0.875 | hr@1:0.711 | hr@2:0.871 | hr@3:0.922 | acc@1:0.711 | acc@2:0.642 | acc@3:0.609 | Best krc: 0.816 | Best epoch: 23
[2023-11-29 15:17:06] INFO (nni/MainThread) Intermediate result: 0.8109038452195425  (Index 48)
-----------------ETPA RESULT-------------------
Epoch 24: Validation	rmse: 20.28	mae: 15.37	mape: 35.06%	acc@10: 45.38%	acc@20: 73.25%	acc@30: 88.5%	
[2023-11-29 15:17:06] INFO (nni/MainThread) Intermediate result: 20.277979093096857  (Index 49)
*** Epoch: 25 ***
-----------------G2R RESULT-------------------

val result: krc:0.809 | lsd:0.619 | ed:0.903 | hr@1:0.729 | hr@2:0.873 | hr@3:0.92 | acc@1:0.729 | acc@2:0.652 | acc@3:0.609 | Best krc: 0.816 | Best epoch: 23
[2023-11-29 15:18:56] INFO (nni/MainThread) Intermediate result: 0.8092241124597923  (Index 50)
-----------------ETPA RESULT-------------------
Epoch 25: Validation	rmse: 20.22	mae: 15.34	mape: 34.92%	acc@10: 45.31%	acc@20: 73.2%	acc@30: 88.58%	
[2023-11-29 15:18:56] INFO (nni/MainThread) Intermediate result: 20.222251318979374  (Index 51)
*** Epoch: 26 ***
-----------------G2R RESULT-------------------

val result: krc:0.801 | lsd:0.627 | ed:0.922 | hr@1:0.716 | hr@2:0.868 | hr@3:0.917 | acc@1:0.716 | acc@2:0.638 | acc@3:0.597 | Best krc: 0.816 | Best epoch: 23
[2023-11-29 15:20:45] INFO (nni/MainThread) Intermediate result: 0.801487061740669  (Index 52)
-----------------ETPA RESULT-------------------
Epoch 26: Validation	rmse: 20.16	mae: 15.3	mape: 34.77%	acc@10: 45.25%	acc@20: 73.15%	acc@30: 88.54%	
[2023-11-29 15:20:45] INFO (nni/MainThread) Intermediate result: 20.159894591891653  (Index 53)
*** Epoch: 27 ***
-----------------G2R RESULT-------------------

val result: krc:0.823 | lsd:0.592 | ed:0.856 | hr@1:0.743 | hr@2:0.873 | hr@3:0.925 | acc@1:0.743 | acc@2:0.658 | acc@3:0.627 | Best krc: 0.816 | Best epoch: 23
best model saved
[2023-11-29 15:22:39] INFO (nni/MainThread) Intermediate result: 0.8230127999257866  (Index 54)
-----------------ETPA RESULT-------------------
Epoch 27: Validation	rmse: 20.08	mae: 15.27	mape: 34.63%	acc@10: 45.2%	acc@20: 73.1%	acc@30: 88.62%	
[2023-11-29 15:22:39] INFO (nni/MainThread) Intermediate result: 20.084275765924883  (Index 55)
*** Epoch: 28 ***
-----------------G2R RESULT-------------------

val result: krc:0.801 | lsd:0.622 | ed:0.92 | hr@1:0.728 | hr@2:0.867 | hr@3:0.921 | acc@1:0.728 | acc@2:0.644 | acc@3:0.603 | Best krc: 0.823 | Best epoch: 27
[2023-11-29 15:24:29] INFO (nni/MainThread) Intermediate result: 0.8014568038966814  (Index 56)
-----------------ETPA RESULT-------------------
Epoch 28: Validation	rmse: 19.93	mae: 15.16	mape: 34.36%	acc@10: 45.26%	acc@20: 73.38%	acc@30: 88.79%	
[2023-11-29 15:24:29] INFO (nni/MainThread) Intermediate result: 19.925717060129355  (Index 57)
*** Epoch: 29 ***
-----------------G2R RESULT-------------------

val result: krc:0.815 | lsd:0.613 | ed:0.871 | hr@1:0.744 | hr@2:0.87 | hr@3:0.919 | acc@1:0.744 | acc@2:0.657 | acc@3:0.618 | Best krc: 0.823 | Best epoch: 27
[2023-11-29 15:26:22] INFO (nni/MainThread) Intermediate result: 0.8145261368698185  (Index 58)
-----------------ETPA RESULT-------------------
Epoch 29: Validation	rmse: 19.85	mae: 15.1	mape: 34.24%	acc@10: 45.1%	acc@20: 73.65%	acc@30: 88.96%	
[2023-11-29 15:26:22] INFO (nni/MainThread) Intermediate result: 19.84563106091296  (Index 59)
*** Epoch: 30 ***
-----------------G2R RESULT-------------------

val result: krc:0.819 | lsd:0.591 | ed:0.862 | hr@1:0.737 | hr@2:0.871 | hr@3:0.926 | acc@1:0.737 | acc@2:0.65 | acc@3:0.621 | Best krc: 0.823 | Best epoch: 27
[2023-11-29 15:28:13] INFO (nni/MainThread) Intermediate result: 0.8191748224892083  (Index 60)
-----------------ETPA RESULT-------------------
Epoch 30: Validation	rmse: 19.71	mae: 15.01	mape: 33.99%	acc@10: 45.26%	acc@20: 73.89%	acc@30: 89.11%	
[2023-11-29 15:28:13] INFO (nni/MainThread) Intermediate result: 19.713121643998594  (Index 61)
*** Epoch: 31 ***
-----------------G2R RESULT-------------------

val result: krc:0.822 | lsd:0.561 | ed:0.845 | hr@1:0.73 | hr@2:0.879 | hr@3:0.927 | acc@1:0.73 | acc@2:0.661 | acc@3:0.627 | Best krc: 0.823 | Best epoch: 27
[2023-11-29 15:30:04] INFO (nni/MainThread) Intermediate result: 0.8220664476982796  (Index 62)
-----------------ETPA RESULT-------------------
Epoch 31: Validation	rmse: 19.7	mae: 15.02	mape: 34.0%	acc@10: 45.12%	acc@20: 73.73%	acc@30: 89.06%	
[2023-11-29 15:30:04] INFO (nni/MainThread) Intermediate result: 19.696118788315975  (Index 63)
*** Epoch: 32 ***
-----------------G2R RESULT-------------------

val result: krc:0.817 | lsd:0.583 | ed:0.868 | hr@1:0.731 | hr@2:0.88 | hr@3:0.925 | acc@1:0.731 | acc@2:0.657 | acc@3:0.62 | Best krc: 0.823 | Best epoch: 27
[2023-11-29 15:31:57] INFO (nni/MainThread) Intermediate result: 0.817091050943259  (Index 64)
-----------------ETPA RESULT-------------------
Epoch 32: Validation	rmse: 19.6	mae: 14.97	mape: 33.88%	acc@10: 45.08%	acc@20: 73.86%	acc@30: 89.2%	
[2023-11-29 15:31:57] INFO (nni/MainThread) Intermediate result: 19.602812330634595  (Index 65)
*** Epoch: 33 ***
-----------------G2R RESULT-------------------

val result: krc:0.822 | lsd:0.589 | ed:0.843 | hr@1:0.746 | hr@2:0.877 | hr@3:0.927 | acc@1:0.746 | acc@2:0.663 | acc@3:0.633 | Best krc: 0.823 | Best epoch: 27
[2023-11-29 15:33:49] INFO (nni/MainThread) Intermediate result: 0.8219909459437227  (Index 66)
-----------------ETPA RESULT-------------------
Epoch 33: Validation	rmse: 19.51	mae: 14.92	mape: 33.77%	acc@10: 44.85%	acc@20: 73.99%	acc@30: 89.34%	
[2023-11-29 15:33:49] INFO (nni/MainThread) Intermediate result: 19.510119856817283  (Index 67)
*** Epoch: 34 ***
-----------------G2R RESULT-------------------

val result: krc:0.788 | lsd:0.613 | ed:0.967 | hr@1:0.707 | hr@2:0.877 | hr@3:0.917 | acc@1:0.707 | acc@2:0.635 | acc@3:0.578 | Best krc: 0.823 | Best epoch: 27
[2023-11-29 15:35:38] INFO (nni/MainThread) Intermediate result: 0.7884172809489819  (Index 68)
-----------------ETPA RESULT-------------------
Epoch 34: Validation	rmse: 19.45	mae: 14.9	mape: 33.7%	acc@10: 44.91%	acc@20: 73.93%	acc@30: 89.46%	
[2023-11-29 15:35:38] INFO (nni/MainThread) Intermediate result: 19.446847917520792  (Index 69)
*** Epoch: 35 ***
-----------------G2R RESULT-------------------

val result: krc:0.787 | lsd:0.597 | ed:0.958 | hr@1:0.697 | hr@2:0.874 | hr@3:0.918 | acc@1:0.697 | acc@2:0.621 | acc@3:0.573 | Best krc: 0.823 | Best epoch: 27
[2023-11-29 15:37:29] INFO (nni/MainThread) Intermediate result: 0.7874161505468894  (Index 70)
-----------------ETPA RESULT-------------------
Epoch 35: Validation	rmse: 19.39	mae: 14.87	mape: 33.59%	acc@10: 44.79%	acc@20: 73.87%	acc@30: 89.58%	
[2023-11-29 15:37:29] INFO (nni/MainThread) Intermediate result: 19.388496440731032  (Index 71)
*** Epoch: 36 ***
-----------------G2R RESULT-------------------

val result: krc:0.819 | lsd:0.564 | ed:0.862 | hr@1:0.709 | hr@2:0.883 | hr@3:0.928 | acc@1:0.709 | acc@2:0.641 | acc@3:0.612 | Best krc: 0.823 | Best epoch: 27
[2023-11-29 15:39:18] INFO (nni/MainThread) Intermediate result: 0.8185535334638966  (Index 72)
-----------------ETPA RESULT-------------------
Epoch 36: Validation	rmse: 19.32	mae: 14.82	mape: 33.46%	acc@10: 44.85%	acc@20: 73.99%	acc@30: 89.7%	
[2023-11-29 15:39:18] INFO (nni/MainThread) Intermediate result: 19.3211235252728  (Index 73)
*** Epoch: 37 ***
-----------------G2R RESULT-------------------

val result: krc:0.811 | lsd:0.572 | ed:0.899 | hr@1:0.719 | hr@2:0.881 | hr@3:0.927 | acc@1:0.719 | acc@2:0.643 | acc@3:0.604 | Best krc: 0.823 | Best epoch: 27
[2023-11-29 15:41:09] INFO (nni/MainThread) Intermediate result: 0.8112664245502024  (Index 74)
-----------------ETPA RESULT-------------------
Epoch 37: Validation	rmse: 19.29	mae: 14.83	mape: 33.46%	acc@10: 44.57%	acc@20: 73.93%	acc@30: 89.8%	
[2023-11-29 15:41:09] INFO (nni/MainThread) Intermediate result: 19.28765817173862  (Index 75)
*** Epoch: 38 ***
-----------------G2R RESULT-------------------

val result: krc:0.813 | lsd:0.561 | ed:0.877 | hr@1:0.718 | hr@2:0.881 | hr@3:0.924 | acc@1:0.718 | acc@2:0.646 | acc@3:0.606 | Best krc: 0.823 | Best epoch: 27
[2023-11-29 15:43:01] INFO (nni/MainThread) Intermediate result: 0.8132727859356631  (Index 76)
-----------------ETPA RESULT-------------------
Epoch 38: Validation	rmse: 19.22	mae: 14.79	mape: 33.37%	acc@10: 44.55%	acc@20: 73.96%	acc@30: 89.9%	
[2023-11-29 15:43:01] INFO (nni/MainThread) Intermediate result: 19.219763166004316  (Index 77)
*** Epoch: 39 ***
-----------------G2R RESULT-------------------

val result: krc:0.802 | lsd:0.634 | ed:0.91 | hr@1:0.711 | hr@2:0.878 | hr@3:0.922 | acc@1:0.711 | acc@2:0.645 | acc@3:0.604 | Best krc: 0.823 | Best epoch: 27
[2023-11-29 15:44:51] INFO (nni/MainThread) Intermediate result: 0.8018442568945412  (Index 78)
-----------------ETPA RESULT-------------------
Epoch 39: Validation	rmse: 19.15	mae: 14.75	mape: 33.27%	acc@10: 44.53%	acc@20: 74.06%	acc@30: 90.0%	
[2023-11-29 15:44:51] INFO (nni/MainThread) Intermediate result: 19.154105986147336  (Index 79)
*** Epoch: 40 ***
-----------------G2R RESULT-------------------

val result: krc:0.831 | lsd:0.543 | ed:0.83 | hr@1:0.743 | hr@2:0.887 | hr@3:0.933 | acc@1:0.743 | acc@2:0.672 | acc@3:0.642 | Best krc: 0.823 | Best epoch: 27
best model saved
[2023-11-29 15:46:45] INFO (nni/MainThread) Intermediate result: 0.8307371505884842  (Index 80)
-----------------ETPA RESULT-------------------
Epoch 40: Validation	rmse: 19.11	mae: 14.75	mape: 33.25%	acc@10: 44.44%	acc@20: 74.09%	acc@30: 90.17%	
[2023-11-29 15:46:45] INFO (nni/MainThread) Intermediate result: 19.10959782737271  (Index 81)
*** Epoch: 41 ***
-----------------G2R RESULT-------------------

val result: krc:0.821 | lsd:0.574 | ed:0.864 | hr@1:0.712 | hr@2:0.881 | hr@3:0.927 | acc@1:0.712 | acc@2:0.649 | acc@3:0.62 | Best krc: 0.831 | Best epoch: 40
[2023-11-29 15:48:34] INFO (nni/MainThread) Intermediate result: 0.8206059806846865  (Index 82)
-----------------ETPA RESULT-------------------
Epoch 41: Validation	rmse: 19.0	mae: 14.68	mape: 33.08%	acc@10: 44.42%	acc@20: 74.18%	acc@30: 90.33%	
[2023-11-29 15:48:34] INFO (nni/MainThread) Intermediate result: 18.995128017294814  (Index 83)
*** Epoch: 42 ***
-----------------G2R RESULT-------------------

val result: krc:0.82 | lsd:0.556 | ed:0.859 | hr@1:0.729 | hr@2:0.882 | hr@3:0.929 | acc@1:0.729 | acc@2:0.659 | acc@3:0.625 | Best krc: 0.831 | Best epoch: 40
[2023-11-29 15:50:24] INFO (nni/MainThread) Intermediate result: 0.820432976795023  (Index 84)
-----------------ETPA RESULT-------------------
Epoch 42: Validation	rmse: 18.91	mae: 14.64	mape: 32.98%	acc@10: 44.4%	acc@20: 74.35%	acc@30: 90.48%	
[2023-11-29 15:50:24] INFO (nni/MainThread) Intermediate result: 18.91341390946116  (Index 85)
*** Epoch: 43 ***
-----------------G2R RESULT-------------------

val result: krc:0.825 | lsd:0.573 | ed:0.849 | hr@1:0.736 | hr@2:0.878 | hr@3:0.93 | acc@1:0.736 | acc@2:0.66 | acc@3:0.631 | Best krc: 0.831 | Best epoch: 40
[2023-11-29 15:52:14] INFO (nni/MainThread) Intermediate result: 0.8251571777588393  (Index 86)
-----------------ETPA RESULT-------------------
Epoch 43: Validation	rmse: 18.83	mae: 14.61	mape: 32.91%	acc@10: 44.25%	acc@20: 74.43%	acc@30: 90.7%	
[2023-11-29 15:52:14] INFO (nni/MainThread) Intermediate result: 18.833113920523385  (Index 87)
*** Epoch: 44 ***
-----------------G2R RESULT-------------------

val result: krc:0.813 | lsd:0.612 | ed:0.884 | hr@1:0.711 | hr@2:0.878 | hr@3:0.925 | acc@1:0.711 | acc@2:0.643 | acc@3:0.61 | Best krc: 0.831 | Best epoch: 40
[2023-11-29 15:54:01] INFO (nni/MainThread) Intermediate result: 0.813106455642529  (Index 88)
-----------------ETPA RESULT-------------------
Epoch 44: Validation	rmse: 18.8	mae: 14.61	mape: 32.9%	acc@10: 44.03%	acc@20: 74.31%	acc@30: 90.83%	
[2023-11-29 15:54:01] INFO (nni/MainThread) Intermediate result: 18.799130724023783  (Index 89)
*** Epoch: 45 ***
-----------------G2R RESULT-------------------

val result: krc:0.805 | lsd:0.614 | ed:0.897 | hr@1:0.704 | hr@2:0.875 | hr@3:0.922 | acc@1:0.704 | acc@2:0.637 | acc@3:0.601 | Best krc: 0.831 | Best epoch: 40
[2023-11-29 15:55:53] INFO (nni/MainThread) Intermediate result: 0.8052172110064546  (Index 90)
-----------------ETPA RESULT-------------------
Epoch 45: Validation	rmse: 18.78	mae: 14.61	mape: 32.9%	acc@10: 43.89%	acc@20: 74.18%	acc@30: 90.9%	
[2023-11-29 15:55:53] INFO (nni/MainThread) Intermediate result: 18.77712953026955  (Index 91)
*** Epoch: 46 ***
-----------------G2R RESULT-------------------

val result: krc:0.817 | lsd:0.575 | ed:0.861 | hr@1:0.711 | hr@2:0.879 | hr@3:0.928 | acc@1:0.711 | acc@2:0.648 | acc@3:0.62 | Best krc: 0.831 | Best epoch: 40
[2023-11-29 15:57:43] INFO (nni/MainThread) Intermediate result: 0.8167651189601344  (Index 92)
-----------------ETPA RESULT-------------------
Epoch 46: Validation	rmse: 18.77	mae: 14.63	mape: 32.92%	acc@10: 43.75%	acc@20: 74.0%	acc@30: 90.96%	
[2023-11-29 15:57:43] INFO (nni/MainThread) Intermediate result: 18.76970367505416  (Index 93)
*** Epoch: 47 ***
-----------------G2R RESULT-------------------

val result: krc:0.823 | lsd:0.576 | ed:0.843 | hr@1:0.723 | hr@2:0.88 | hr@3:0.927 | acc@1:0.723 | acc@2:0.657 | acc@3:0.625 | Best krc: 0.831 | Best epoch: 40
[2023-11-29 15:59:31] INFO (nni/MainThread) Intermediate result: 0.822924385853988  (Index 94)
-----------------ETPA RESULT-------------------
Epoch 47: Validation	rmse: 18.72	mae: 14.61	mape: 32.87%	acc@10: 43.55%	acc@20: 74.02%	acc@30: 91.08%	
[2023-11-29 15:59:31] INFO (nni/MainThread) Intermediate result: 18.715223351228452  (Index 95)
*** Epoch: 48 ***
-----------------G2R RESULT-------------------

val result: krc:0.817 | lsd:0.579 | ed:0.88 | hr@1:0.726 | hr@2:0.876 | hr@3:0.926 | acc@1:0.726 | acc@2:0.649 | acc@3:0.614 | Best krc: 0.831 | Best epoch: 40
[2023-11-29 16:01:21] INFO (nni/MainThread) Intermediate result: 0.8174047348948966  (Index 96)
-----------------ETPA RESULT-------------------
Epoch 48: Validation	rmse: 18.67	mae: 14.59	mape: 32.81%	acc@10: 43.62%	acc@20: 73.92%	acc@30: 91.2%	
[2023-11-29 16:01:21] INFO (nni/MainThread) Intermediate result: 18.674890049406404  (Index 97)
*** Epoch: 49 ***
-----------------G2R RESULT-------------------

val result: krc:0.817 | lsd:0.592 | ed:0.864 | hr@1:0.717 | hr@2:0.876 | hr@3:0.923 | acc@1:0.717 | acc@2:0.646 | acc@3:0.616 | Best krc: 0.831 | Best epoch: 40
[2023-11-29 16:03:09] INFO (nni/MainThread) Intermediate result: 0.8173980079095952  (Index 98)
-----------------ETPA RESULT-------------------
Epoch 49: Validation	rmse: 18.64	mae: 14.57	mape: 32.73%	acc@10: 43.69%	acc@20: 74.0%	acc@30: 91.25%	
[2023-11-29 16:03:09] INFO (nni/MainThread) Intermediate result: 18.63898571420891  (Index 99)
*** Epoch: 50 ***
-----------------G2R RESULT-------------------

val result: krc:0.821 | lsd:0.594 | ed:0.845 | hr@1:0.739 | hr@2:0.869 | hr@3:0.924 | acc@1:0.739 | acc@2:0.664 | acc@3:0.633 | Best krc: 0.831 | Best epoch: 40
[2023-11-29 16:05:00] INFO (nni/MainThread) Intermediate result: 0.8205101924909531  (Index 100)
-----------------ETPA RESULT-------------------
Epoch 50: Validation	rmse: 18.58	mae: 14.54	mape: 32.66%	acc@10: 43.57%	acc@20: 74.2%	acc@30: 91.36%	
[2023-11-29 16:05:00] INFO (nni/MainThread) Intermediate result: 18.581484248421653  (Index 101)
*** Epoch: 51 ***
-----------------G2R RESULT-------------------

val result: krc:0.821 | lsd:0.596 | ed:0.869 | hr@1:0.731 | hr@2:0.874 | hr@3:0.925 | acc@1:0.731 | acc@2:0.656 | acc@3:0.626 | Best krc: 0.831 | Best epoch: 40
[2023-11-29 16:06:48] INFO (nni/MainThread) Intermediate result: 0.8212821025676293  (Index 102)
-----------------ETPA RESULT-------------------
Epoch 51: Validation	rmse: 18.57	mae: 14.54	mape: 32.64%	acc@10: 43.57%	acc@20: 74.22%	acc@30: 91.41%	
[2023-11-29 16:06:48] INFO (nni/MainThread) Intermediate result: 18.571920364892158  (Index 103)
*** Epoch: 52 ***
-----------------G2R RESULT-------------------

val result: krc:0.824 | lsd:0.566 | ed:0.85 | hr@1:0.729 | hr@2:0.88 | hr@3:0.93 | acc@1:0.729 | acc@2:0.661 | acc@3:0.633 | Best krc: 0.831 | Best epoch: 40
[2023-11-29 16:08:38] INFO (nni/MainThread) Intermediate result: 0.8236826882651106  (Index 104)
-----------------ETPA RESULT-------------------
Epoch 52: Validation	rmse: 18.56	mae: 14.55	mape: 32.62%	acc@10: 43.46%	acc@20: 74.23%	acc@30: 91.45%	
[2023-11-29 16:08:38] INFO (nni/MainThread) Intermediate result: 18.5648689824066  (Index 105)
*** Epoch: 53 ***
-----------------G2R RESULT-------------------

val result: krc:0.822 | lsd:0.558 | ed:0.845 | hr@1:0.73 | hr@2:0.887 | hr@3:0.925 | acc@1:0.73 | acc@2:0.67 | acc@3:0.63 | Best krc: 0.831 | Best epoch: 40
[2023-11-29 16:10:31] INFO (nni/MainThread) Intermediate result: 0.8220981991336167  (Index 106)
-----------------ETPA RESULT-------------------
Epoch 53: Validation	rmse: 18.57	mae: 14.56	mape: 32.63%	acc@10: 43.34%	acc@20: 74.19%	acc@30: 91.49%	
[2023-11-29 16:10:31] INFO (nni/MainThread) Intermediate result: 18.571381853933705  (Index 107)
*** Epoch: 54 ***
-----------------G2R RESULT-------------------

val result: krc:0.819 | lsd:0.555 | ed:0.86 | hr@1:0.722 | hr@2:0.883 | hr@3:0.921 | acc@1:0.722 | acc@2:0.662 | acc@3:0.624 | Best krc: 0.831 | Best epoch: 40
[2023-11-29 16:12:21] INFO (nni/MainThread) Intermediate result: 0.8191277177372499  (Index 108)
-----------------ETPA RESULT-------------------
Epoch 54: Validation	rmse: 18.55	mae: 14.56	mape: 32.63%	acc@10: 43.24%	acc@20: 74.15%	acc@30: 91.59%	
[2023-11-29 16:12:21] INFO (nni/MainThread) Intermediate result: 18.550789795853774  (Index 109)
*** Epoch: 55 ***
-----------------G2R RESULT-------------------

val result: krc:0.815 | lsd:0.567 | ed:0.883 | hr@1:0.718 | hr@2:0.885 | hr@3:0.923 | acc@1:0.718 | acc@2:0.657 | acc@3:0.615 | Best krc: 0.831 | Best epoch: 40
[2023-11-29 16:14:13] INFO (nni/MainThread) Intermediate result: 0.8150222619046406  (Index 110)
-----------------ETPA RESULT-------------------
Epoch 55: Validation	rmse: 18.52	mae: 14.55	mape: 32.59%	acc@10: 43.14%	acc@20: 74.22%	acc@30: 91.69%	
[2023-11-29 16:14:13] INFO (nni/MainThread) Intermediate result: 18.51637759840359  (Index 111)
*** Epoch: 56 ***
-----------------G2R RESULT-------------------

val result: krc:0.826 | lsd:0.559 | ed:0.839 | hr@1:0.73 | hr@2:0.882 | hr@3:0.93 | acc@1:0.73 | acc@2:0.664 | acc@3:0.634 | Best krc: 0.831 | Best epoch: 40
[2023-11-29 16:16:07] INFO (nni/MainThread) Intermediate result: 0.8261133535204369  (Index 112)
-----------------ETPA RESULT-------------------
Epoch 56: Validation	rmse: 18.5	mae: 14.54	mape: 32.52%	acc@10: 43.15%	acc@20: 74.23%	acc@30: 91.72%	
[2023-11-29 16:16:07] INFO (nni/MainThread) Intermediate result: 18.501866139285863  (Index 113)
*** Epoch: 57 ***
-----------------G2R RESULT-------------------

val result: krc:0.809 | lsd:0.621 | ed:0.886 | hr@1:0.709 | hr@2:0.879 | hr@3:0.922 | acc@1:0.709 | acc@2:0.647 | acc@3:0.606 | Best krc: 0.831 | Best epoch: 40
[2023-11-29 16:17:59] INFO (nni/MainThread) Intermediate result: 0.8087606736491738  (Index 114)
-----------------ETPA RESULT-------------------
Epoch 57: Validation	rmse: 18.5	mae: 14.52	mape: 32.46%	acc@10: 43.16%	acc@20: 74.25%	acc@30: 91.76%	
[2023-11-29 16:17:59] INFO (nni/MainThread) Intermediate result: 18.495403876092798  (Index 115)
*** Epoch: 58 ***
-----------------G2R RESULT-------------------

val result: krc:0.82 | lsd:0.577 | ed:0.855 | hr@1:0.714 | hr@2:0.881 | hr@3:0.93 | acc@1:0.714 | acc@2:0.65 | acc@3:0.623 | Best krc: 0.831 | Best epoch: 40
[2023-11-29 16:19:49] INFO (nni/MainThread) Intermediate result: 0.8198732149322441  (Index 116)
-----------------ETPA RESULT-------------------
Epoch 58: Validation	rmse: 18.48	mae: 14.52	mape: 32.42%	acc@10: 43.06%	acc@20: 74.26%	acc@30: 91.79%	
[2023-11-29 16:19:49] INFO (nni/MainThread) Intermediate result: 18.482120335279436  (Index 117)
*** Epoch: 59 ***
-----------------G2R RESULT-------------------

val result: krc:0.824 | lsd:0.572 | ed:0.842 | hr@1:0.729 | hr@2:0.881 | hr@3:0.927 | acc@1:0.729 | acc@2:0.662 | acc@3:0.632 | Best krc: 0.831 | Best epoch: 40
[2023-11-29 16:21:40] INFO (nni/MainThread) Intermediate result: 0.8240771675489649  (Index 118)
-----------------ETPA RESULT-------------------
Epoch 59: Validation	rmse: 18.47	mae: 14.51	mape: 32.37%	acc@10: 43.02%	acc@20: 74.27%	acc@30: 91.82%	
[2023-11-29 16:21:40] INFO (nni/MainThread) Intermediate result: 18.47185068724688  (Index 119)
*** Epoch: 60 ***
-----------------G2R RESULT-------------------

val result: krc:0.825 | lsd:0.55 | ed:0.835 | hr@1:0.733 | hr@2:0.883 | hr@3:0.929 | acc@1:0.733 | acc@2:0.668 | acc@3:0.636 | Best krc: 0.831 | Best epoch: 40
[2023-11-29 16:23:34] INFO (nni/MainThread) Intermediate result: 0.8248587225500211  (Index 120)
-----------------ETPA RESULT-------------------
Epoch 60: Validation	rmse: 18.44	mae: 14.5	mape: 32.36%	acc@10: 42.83%	acc@20: 74.33%	acc@30: 91.91%	
[2023-11-29 16:23:34] INFO (nni/MainThread) Intermediate result: 18.437542772438263  (Index 121)
loaded model path: /home/sentanoe/joint_training/data/dataset/food_pd/sort_model/hidden_size-8.gcnru-pd_1701264676.1594361701264676.159449
best model loaded !!!
krc:0.803 | lsd:0.453 | ed:0.916 | hr@1:0.72 | hr@2:0.904 | hr@3:0.945 | acc@1:0.72 | acc@2:0.649 | acc@3:0.603 |

-------------------------------------------------------------
Best epoch for G2R:  40
Best epoch for ETPA:  60
graph2route_pd Evaluation in test: krc:0.803 | lsd:0.453 | ed:0.916 | hr@1:0.72 | hr@2:0.904 | hr@3:0.945 | acc@1:0.72 | acc@2:0.649 | acc@3:0.603 |
RankPETA Evaluation in test: rmse: 12.68	mae: 11.07	mape: 94.57%	acc@10: 35.0%	acc@20: 90.0%	acc@30: 100.0%	
