Device:  cuda
{'alpha_loss': 0.5,
 'batch_size': 64,
 'dataset': 'food_pd',
 'datatype': 'order',
 'device': device(type='cuda'),
 'early_stop': 20,
 'edge_fea_dim': 5,
 'embedding_dim': 32,
 'eval_end_1': 11,
 'eval_end_2': 25,
 'eval_start': 1,
 'gcn_num_layers': 2,
 'hidden_size': 8,
 'is_eval': False,
 'is_test': False,
 'k_min_nodes': 3,
 'k_nearest_neighbors': 'n-1',
 'lr': 0.001,
 'max_task_num': 25,
 'min_task_num': 0,
 'modelArrivalTime': 'RankPETA',
 'modelRoute': 'graph2route_pd',
 'no_cuda': False,
 'node_fea_dim': 8,
 'node_features_test': '/home/sentanoe/joint_training/data/dataset/food_pd/node_features_test_full.npy',
 'node_features_train': '/home/sentanoe/joint_training/data/dataset/food_pd/node_features_train_full.npy',
 'node_features_val': '/home/sentanoe/joint_training/data/dataset/food_pd/node_features_val_full.npy',
 'num_block': 4,
 'num_epoch': 1000,
 'num_head': 2,
 'num_worker_logistics': 2346,
 'num_worker_pd': 920,
 'pad_value': 26,
 'seed': 9999,
 'sort_mode': 'true_idx',
 'spatial_encoder': 'gatv2',
 'temporal_encoder': 'gru',
 'test_path': '/home/sentanoe/joint_training/data/dataset/food_pd/test_full.npy',
 'train_mode': 'sort',
 'train_path': '/home/sentanoe/joint_training/data/dataset/food_pd/train_full.npy',
 'val_path': '/home/sentanoe/joint_training/data/dataset/food_pd/val_full.npy',
 'wd': 1e-05,
 'worker_emb_dim': 10,
 'workers': 2}
last_x_size:13;unpick_x_size:12;input_size:38
#train:2521 | #val:1257 | #test:1261
*** Epoch: 0 ***
-----------------G2R RESULT-------------------

val result: krc:0.72 | lsd:0.887 | ed:1.146 | hr@1:0.637 | hr@2:0.826 | hr@3:0.89 | acc@1:0.637 | acc@2:0.545 | acc@3:0.502 | Best krc: -1 | Best epoch: -1
best model saved
[2023-11-25 02:32:20] INFO (nni/MainThread) Intermediate result: 0.7203374681643157  (Index 0)
-----------------ETPA RESULT-------------------
Epoch 0: Validation	rmse: 43.44	mae: 38.84	mape: 79.33%	acc@10: 3.12%	acc@20: 15.62%	acc@30: 25.0%	
[2023-11-25 02:32:20] INFO (nni/MainThread) Intermediate result: 43.441674428461404  (Index 1)
*** Epoch: 1 ***
-----------------G2R RESULT-------------------

val result: krc:0.748 | lsd:0.792 | ed:1.072 | hr@1:0.645 | hr@2:0.848 | hr@3:0.898 | acc@1:0.645 | acc@2:0.571 | acc@3:0.529 | Best krc: 0.72 | Best epoch: 0
best model saved
[2023-11-25 02:32:49] INFO (nni/MainThread) Intermediate result: 0.7477194126866187  (Index 2)
-----------------ETPA RESULT-------------------
Epoch 1: Validation	rmse: 33.82	mae: 28.13	mape: 56.6%	acc@10: 23.44%	acc@20: 39.06%	acc@30: 54.69%	
[2023-11-25 02:32:49] INFO (nni/MainThread) Intermediate result: 33.81854770006328  (Index 3)
*** Epoch: 2 ***
-----------------G2R RESULT-------------------

val result: krc:0.769 | lsd:0.711 | ed:0.99 | hr@1:0.642 | hr@2:0.859 | hr@3:0.909 | acc@1:0.642 | acc@2:0.581 | acc@3:0.549 | Best krc: 0.748 | Best epoch: 1
best model saved
[2023-11-25 02:33:19] INFO (nni/MainThread) Intermediate result: 0.7692695074767658  (Index 4)
-----------------ETPA RESULT-------------------
Epoch 2: Validation	rmse: 28.65	mae: 23.63	mape: 50.23%	acc@10: 28.12%	acc@20: 53.12%	acc@30: 66.67%	
[2023-11-25 02:33:19] INFO (nni/MainThread) Intermediate result: 28.65376735860158  (Index 5)
*** Epoch: 3 ***
-----------------G2R RESULT-------------------

val result: krc:0.758 | lsd:0.713 | ed:1.052 | hr@1:0.633 | hr@2:0.854 | hr@3:0.904 | acc@1:0.633 | acc@2:0.567 | acc@3:0.526 | Best krc: 0.769 | Best epoch: 2
[2023-11-25 02:33:48] INFO (nni/MainThread) Intermediate result: 0.7584490199269385  (Index 6)
-----------------ETPA RESULT-------------------
Epoch 3: Validation	rmse: 25.85	mae: 21.12	mape: 46.07%	acc@10: 33.59%	acc@20: 60.16%	acc@30: 72.66%	
[2023-11-25 02:33:48] INFO (nni/MainThread) Intermediate result: 25.850074808088777  (Index 7)
*** Epoch: 4 ***
-----------------G2R RESULT-------------------

val result: krc:0.751 | lsd:0.729 | ed:1.063 | hr@1:0.644 | hr@2:0.861 | hr@3:0.903 | acc@1:0.644 | acc@2:0.578 | acc@3:0.532 | Best krc: 0.769 | Best epoch: 2
[2023-11-25 02:34:16] INFO (nni/MainThread) Intermediate result: 0.7513587900382828  (Index 8)
-----------------ETPA RESULT-------------------
Epoch 4: Validation	rmse: 24.3	mae: 19.77	mape: 44.21%	acc@10: 35.0%	acc@20: 63.75%	acc@30: 76.88%	
[2023-11-25 02:34:16] INFO (nni/MainThread) Intermediate result: 24.297570293717513  (Index 9)
*** Epoch: 5 ***
-----------------G2R RESULT-------------------

val result: krc:0.759 | lsd:0.723 | ed:1.032 | hr@1:0.642 | hr@2:0.856 | hr@3:0.907 | acc@1:0.642 | acc@2:0.575 | acc@3:0.535 | Best krc: 0.769 | Best epoch: 2
[2023-11-25 02:34:45] INFO (nni/MainThread) Intermediate result: 0.7593642701207196  (Index 10)
-----------------ETPA RESULT-------------------
Epoch 5: Validation	rmse: 23.2	mae: 18.57	mape: 41.59%	acc@10: 39.58%	acc@20: 67.19%	acc@30: 78.65%	
[2023-11-25 02:34:45] INFO (nni/MainThread) Intermediate result: 23.200356677645008  (Index 11)
*** Epoch: 6 ***
-----------------G2R RESULT-------------------

val result: krc:0.777 | lsd:0.64 | ed:0.965 | hr@1:0.641 | hr@2:0.867 | hr@3:0.913 | acc@1:0.641 | acc@2:0.579 | acc@3:0.546 | Best krc: 0.769 | Best epoch: 2
best model saved
[2023-11-25 02:35:15] INFO (nni/MainThread) Intermediate result: 0.777444195345376  (Index 12)
-----------------ETPA RESULT-------------------
Epoch 6: Validation	rmse: 22.56	mae: 17.89	mape: 40.62%	acc@10: 39.73%	acc@20: 67.86%	acc@30: 80.8%	
[2023-11-25 02:35:15] INFO (nni/MainThread) Intermediate result: 22.556228890854246  (Index 13)
*** Epoch: 7 ***
-----------------G2R RESULT-------------------

val result: krc:0.78 | lsd:0.649 | ed:0.958 | hr@1:0.649 | hr@2:0.864 | hr@3:0.913 | acc@1:0.649 | acc@2:0.588 | acc@3:0.556 | Best krc: 0.777 | Best epoch: 6
best model saved
[2023-11-25 02:35:44] INFO (nni/MainThread) Intermediate result: 0.7803842364052247  (Index 14)
-----------------ETPA RESULT-------------------
Epoch 7: Validation	rmse: 21.91	mae: 17.29	mape: 39.79%	acc@10: 41.41%	acc@20: 69.53%	acc@30: 82.03%	
[2023-11-25 02:35:44] INFO (nni/MainThread) Intermediate result: 21.90589136755344  (Index 15)
*** Epoch: 8 ***
-----------------G2R RESULT-------------------

val result: krc:0.763 | lsd:0.679 | ed:1.014 | hr@1:0.636 | hr@2:0.863 | hr@3:0.908 | acc@1:0.636 | acc@2:0.576 | acc@3:0.531 | Best krc: 0.78 | Best epoch: 7
[2023-11-25 02:36:14] INFO (nni/MainThread) Intermediate result: 0.763265532019358  (Index 16)
-----------------ETPA RESULT-------------------
Epoch 8: Validation	rmse: 21.46	mae: 16.9	mape: 38.88%	acc@10: 42.36%	acc@20: 70.14%	acc@30: 82.64%	
[2023-11-25 02:36:14] INFO (nni/MainThread) Intermediate result: 21.45626135004392  (Index 17)
*** Epoch: 9 ***
-----------------G2R RESULT-------------------

val result: krc:0.784 | lsd:0.637 | ed:0.937 | hr@1:0.652 | hr@2:0.867 | hr@3:0.915 | acc@1:0.652 | acc@2:0.593 | acc@3:0.563 | Best krc: 0.78 | Best epoch: 7
best model saved
[2023-11-25 02:36:44] INFO (nni/MainThread) Intermediate result: 0.7839519896450373  (Index 18)
-----------------ETPA RESULT-------------------
Epoch 9: Validation	rmse: 20.87	mae: 16.48	mape: 38.12%	acc@10: 42.19%	acc@20: 70.94%	acc@30: 83.75%	
[2023-11-25 02:36:44] INFO (nni/MainThread) Intermediate result: 20.8726959931502  (Index 19)
*** Epoch: 10 ***
-----------------G2R RESULT-------------------

val result: krc:0.781 | lsd:0.628 | ed:0.943 | hr@1:0.653 | hr@2:0.868 | hr@3:0.913 | acc@1:0.653 | acc@2:0.596 | acc@3:0.559 | Best krc: 0.784 | Best epoch: 9
[2023-11-25 02:37:13] INFO (nni/MainThread) Intermediate result: 0.7809482861953346  (Index 20)
-----------------ETPA RESULT-------------------
Epoch 10: Validation	rmse: 20.42	mae: 16.13	mape: 37.43%	acc@10: 42.61%	acc@20: 72.16%	acc@30: 84.38%	
[2023-11-25 02:37:13] INFO (nni/MainThread) Intermediate result: 20.42123452140888  (Index 21)
*** Epoch: 11 ***
-----------------G2R RESULT-------------------

val result: krc:0.785 | lsd:0.636 | ed:0.949 | hr@1:0.651 | hr@2:0.87 | hr@3:0.916 | acc@1:0.651 | acc@2:0.595 | acc@3:0.562 | Best krc: 0.784 | Best epoch: 9
best model saved
[2023-11-25 02:37:43] INFO (nni/MainThread) Intermediate result: 0.7849098065451365  (Index 22)
-----------------ETPA RESULT-------------------
Epoch 11: Validation	rmse: 20.57	mae: 16.24	mape: 37.36%	acc@10: 41.41%	acc@20: 72.66%	acc@30: 84.64%	
[2023-11-25 02:37:43] INFO (nni/MainThread) Intermediate result: 20.57218406629582  (Index 23)
*** Epoch: 12 ***
-----------------G2R RESULT-------------------

val result: krc:0.785 | lsd:0.622 | ed:0.948 | hr@1:0.652 | hr@2:0.869 | hr@3:0.917 | acc@1:0.652 | acc@2:0.595 | acc@3:0.562 | Best krc: 0.785 | Best epoch: 11
[2023-11-25 02:38:12] INFO (nni/MainThread) Intermediate result: 0.7847762197477983  (Index 24)
-----------------ETPA RESULT-------------------
Epoch 12: Validation	rmse: 20.33	mae: 15.98	mape: 36.76%	acc@10: 42.55%	acc@20: 73.56%	acc@30: 84.86%	
[2023-11-25 02:38:12] INFO (nni/MainThread) Intermediate result: 20.330352072702574  (Index 25)
*** Epoch: 13 ***
-----------------G2R RESULT-------------------

val result: krc:0.787 | lsd:0.633 | ed:0.933 | hr@1:0.653 | hr@2:0.869 | hr@3:0.916 | acc@1:0.653 | acc@2:0.599 | acc@3:0.572 | Best krc: 0.785 | Best epoch: 11
best model saved
[2023-11-25 02:38:43] INFO (nni/MainThread) Intermediate result: 0.7874663596132769  (Index 26)
-----------------ETPA RESULT-------------------
Epoch 13: Validation	rmse: 20.44	mae: 16.09	mape: 36.87%	acc@10: 41.52%	acc@20: 73.88%	acc@30: 85.04%	
[2023-11-25 02:38:43] INFO (nni/MainThread) Intermediate result: 20.44366303180623  (Index 27)
*** Epoch: 14 ***
-----------------G2R RESULT-------------------

val result: krc:0.791 | lsd:0.627 | ed:0.946 | hr@1:0.654 | hr@2:0.873 | hr@3:0.917 | acc@1:0.654 | acc@2:0.598 | acc@3:0.566 | Best krc: 0.787 | Best epoch: 13
best model saved
[2023-11-25 02:39:15] INFO (nni/MainThread) Intermediate result: 0.7906472891956057  (Index 28)
-----------------ETPA RESULT-------------------
Epoch 14: Validation	rmse: 20.25	mae: 15.86	mape: 36.33%	acc@10: 42.5%	acc@20: 74.79%	acc@30: 85.21%	
[2023-11-25 02:39:15] INFO (nni/MainThread) Intermediate result: 20.248941738251077  (Index 29)
*** Epoch: 15 ***
-----------------G2R RESULT-------------------

val result: krc:0.79 | lsd:0.625 | ed:0.938 | hr@1:0.659 | hr@2:0.873 | hr@3:0.916 | acc@1:0.659 | acc@2:0.599 | acc@3:0.566 | Best krc: 0.791 | Best epoch: 14
[2023-11-25 02:39:45] INFO (nni/MainThread) Intermediate result: 0.7901221679096623  (Index 30)
-----------------ETPA RESULT-------------------
Epoch 15: Validation	rmse: 19.9	mae: 15.59	mape: 35.8%	acc@10: 43.36%	acc@20: 75.2%	acc@30: 85.55%	
[2023-11-25 02:39:45] INFO (nni/MainThread) Intermediate result: 19.904458580318  (Index 31)
*** Epoch: 16 ***
-----------------G2R RESULT-------------------

val result: krc:0.791 | lsd:0.621 | ed:0.931 | hr@1:0.656 | hr@2:0.873 | hr@3:0.918 | acc@1:0.656 | acc@2:0.604 | acc@3:0.572 | Best krc: 0.791 | Best epoch: 14
best model saved
[2023-11-25 02:40:15] INFO (nni/MainThread) Intermediate result: 0.7907839799838052  (Index 32)
-----------------ETPA RESULT-------------------
Epoch 16: Validation	rmse: 19.64	mae: 15.38	mape: 35.35%	acc@10: 43.93%	acc@20: 75.74%	acc@30: 85.85%	
[2023-11-25 02:40:15] INFO (nni/MainThread) Intermediate result: 19.644481110577505  (Index 33)
*** Epoch: 17 ***
-----------------G2R RESULT-------------------

val result: krc:0.795 | lsd:0.627 | ed:0.919 | hr@1:0.659 | hr@2:0.874 | hr@3:0.921 | acc@1:0.659 | acc@2:0.606 | acc@3:0.576 | Best krc: 0.791 | Best epoch: 16
best model saved
[2023-11-25 02:40:45] INFO (nni/MainThread) Intermediate result: 0.7947630477669828  (Index 34)
-----------------ETPA RESULT-------------------
Epoch 17: Validation	rmse: 19.74	mae: 15.47	mape: 35.46%	acc@10: 43.06%	acc@20: 75.69%	acc@30: 85.94%	
[2023-11-25 02:40:45] INFO (nni/MainThread) Intermediate result: 19.73532224979694  (Index 35)
*** Epoch: 18 ***
-----------------G2R RESULT-------------------

val result: krc:0.788 | lsd:0.657 | ed:0.952 | hr@1:0.661 | hr@2:0.874 | hr@3:0.915 | acc@1:0.661 | acc@2:0.603 | acc@3:0.563 | Best krc: 0.795 | Best epoch: 17
[2023-11-25 02:41:14] INFO (nni/MainThread) Intermediate result: 0.7878732225037429  (Index 36)
-----------------ETPA RESULT-------------------
Epoch 18: Validation	rmse: 19.88	mae: 15.64	mape: 35.69%	acc@10: 41.94%	acc@20: 75.49%	acc@30: 86.02%	
[2023-11-25 02:41:14] INFO (nni/MainThread) Intermediate result: 19.88156800976082  (Index 37)
*** Epoch: 19 ***
-----------------G2R RESULT-------------------

val result: krc:0.777 | lsd:0.626 | ed:0.986 | hr@1:0.652 | hr@2:0.873 | hr@3:0.914 | acc@1:0.652 | acc@2:0.593 | acc@3:0.551 | Best krc: 0.795 | Best epoch: 17
[2023-11-25 02:41:44] INFO (nni/MainThread) Intermediate result: 0.7771641479380876  (Index 38)
-----------------ETPA RESULT-------------------
Epoch 19: Validation	rmse: 19.97	mae: 15.74	mape: 35.83%	acc@10: 41.25%	acc@20: 75.31%	acc@30: 86.09%	
[2023-11-25 02:41:44] INFO (nni/MainThread) Intermediate result: 19.969552306243607  (Index 39)
*** Epoch: 20 ***
-----------------G2R RESULT-------------------

val result: krc:0.778 | lsd:0.697 | ed:0.976 | hr@1:0.661 | hr@2:0.873 | hr@3:0.912 | acc@1:0.661 | acc@2:0.599 | acc@3:0.556 | Best krc: 0.795 | Best epoch: 17
[2023-11-25 02:42:16] INFO (nni/MainThread) Intermediate result: 0.7784589253238138  (Index 40)
-----------------ETPA RESULT-------------------
Epoch 20: Validation	rmse: 19.98	mae: 15.76	mape: 35.88%	acc@10: 40.92%	acc@20: 75.45%	acc@30: 86.16%	
[2023-11-25 02:42:16] INFO (nni/MainThread) Intermediate result: 19.98367137095152  (Index 41)
*** Epoch: 21 ***
-----------------G2R RESULT-------------------

val result: krc:0.793 | lsd:0.634 | ed:0.919 | hr@1:0.662 | hr@2:0.874 | hr@3:0.919 | acc@1:0.662 | acc@2:0.604 | acc@3:0.575 | Best krc: 0.795 | Best epoch: 17
[2023-11-25 02:42:44] INFO (nni/MainThread) Intermediate result: 0.7934526766533763  (Index 42)
-----------------ETPA RESULT-------------------
Epoch 21: Validation	rmse: 19.88	mae: 15.7	mape: 35.73%	acc@10: 40.77%	acc@20: 75.43%	acc@30: 86.22%	
[2023-11-25 02:42:44] INFO (nni/MainThread) Intermediate result: 19.882855610064034  (Index 43)
*** Epoch: 22 ***
-----------------G2R RESULT-------------------

val result: krc:0.781 | lsd:0.616 | ed:0.976 | hr@1:0.65 | hr@2:0.874 | hr@3:0.916 | acc@1:0.65 | acc@2:0.596 | acc@3:0.554 | Best krc: 0.795 | Best epoch: 17
[2023-11-25 02:43:15] INFO (nni/MainThread) Intermediate result: 0.7814025787003488  (Index 44)
-----------------ETPA RESULT-------------------
Epoch 22: Validation	rmse: 19.86	mae: 15.68	mape: 35.7%	acc@10: 40.76%	acc@20: 75.54%	acc@30: 86.28%	
[2023-11-25 02:43:15] INFO (nni/MainThread) Intermediate result: 19.856028036597284  (Index 45)
*** Epoch: 23 ***
-----------------G2R RESULT-------------------

val result: krc:0.779 | lsd:0.629 | ed:0.974 | hr@1:0.647 | hr@2:0.869 | hr@3:0.914 | acc@1:0.647 | acc@2:0.59 | acc@3:0.552 | Best krc: 0.795 | Best epoch: 17
[2023-11-25 02:43:45] INFO (nni/MainThread) Intermediate result: 0.7790729463575986  (Index 46)
-----------------ETPA RESULT-------------------
Epoch 23: Validation	rmse: 19.9	mae: 15.72	mape: 35.65%	acc@10: 39.97%	acc@20: 75.52%	acc@30: 86.33%	
[2023-11-25 02:43:45] INFO (nni/MainThread) Intermediate result: 19.896856254965748  (Index 47)
*** Epoch: 24 ***
-----------------G2R RESULT-------------------

val result: krc:0.796 | lsd:0.61 | ed:0.923 | hr@1:0.662 | hr@2:0.872 | hr@3:0.918 | acc@1:0.662 | acc@2:0.604 | acc@3:0.577 | Best krc: 0.795 | Best epoch: 17
best model saved
[2023-11-25 02:44:19] INFO (nni/MainThread) Intermediate result: 0.796283369742049  (Index 48)
-----------------ETPA RESULT-------------------
Epoch 24: Validation	rmse: 19.94	mae: 15.76	mape: 35.64%	acc@10: 39.75%	acc@20: 75.38%	acc@30: 86.38%	
[2023-11-25 02:44:19] INFO (nni/MainThread) Intermediate result: 19.944841748787486  (Index 49)
*** Epoch: 25 ***
-----------------G2R RESULT-------------------

val result: krc:0.798 | lsd:0.616 | ed:0.918 | hr@1:0.665 | hr@2:0.875 | hr@3:0.92 | acc@1:0.665 | acc@2:0.61 | acc@3:0.578 | Best krc: 0.796 | Best epoch: 24
best model saved
[2023-11-25 02:44:51] INFO (nni/MainThread) Intermediate result: 0.7975797112570177  (Index 50)
-----------------ETPA RESULT-------------------
Epoch 25: Validation	rmse: 19.92	mae: 15.73	mape: 35.52%	acc@10: 39.9%	acc@20: 75.48%	acc@30: 86.42%	
[2023-11-25 02:44:51] INFO (nni/MainThread) Intermediate result: 19.91874008210439  (Index 51)
*** Epoch: 26 ***
-----------------G2R RESULT-------------------

val result: krc:0.794 | lsd:0.627 | ed:0.933 | hr@1:0.666 | hr@2:0.876 | hr@3:0.919 | acc@1:0.666 | acc@2:0.608 | acc@3:0.573 | Best krc: 0.798 | Best epoch: 25
[2023-11-25 02:45:21] INFO (nni/MainThread) Intermediate result: 0.7936862195279337  (Index 52)
-----------------ETPA RESULT-------------------
Epoch 26: Validation	rmse: 19.94	mae: 15.75	mape: 35.45%	acc@10: 39.93%	acc@20: 75.46%	acc@30: 86.46%	
[2023-11-25 02:45:21] INFO (nni/MainThread) Intermediate result: 19.94394711701033  (Index 53)
*** Epoch: 27 ***
-----------------G2R RESULT-------------------

val result: krc:0.777 | lsd:0.625 | ed:1.006 | hr@1:0.646 | hr@2:0.873 | hr@3:0.917 | acc@1:0.646 | acc@2:0.582 | acc@3:0.542 | Best krc: 0.798 | Best epoch: 25
[2023-11-25 02:45:50] INFO (nni/MainThread) Intermediate result: 0.776941306114896  (Index 54)
-----------------ETPA RESULT-------------------
Epoch 27: Validation	rmse: 20.05	mae: 15.86	mape: 35.61%	acc@10: 39.4%	acc@20: 75.22%	acc@30: 86.5%	
[2023-11-25 02:45:50] INFO (nni/MainThread) Intermediate result: 20.047155928534462  (Index 55)
*** Epoch: 28 ***
-----------------G2R RESULT-------------------

val result: krc:0.795 | lsd:0.622 | ed:0.922 | hr@1:0.667 | hr@2:0.873 | hr@3:0.918 | acc@1:0.667 | acc@2:0.609 | acc@3:0.575 | Best krc: 0.798 | Best epoch: 25
[2023-11-25 02:46:20] INFO (nni/MainThread) Intermediate result: 0.7952663534298866  (Index 56)
-----------------ETPA RESULT-------------------
Epoch 28: Validation	rmse: 20.05	mae: 15.85	mape: 35.54%	acc@10: 39.44%	acc@20: 75.32%	acc@30: 86.53%	
[2023-11-25 02:46:20] INFO (nni/MainThread) Intermediate result: 20.05168074286506  (Index 57)
*** Epoch: 29 ***
-----------------G2R RESULT-------------------

val result: krc:0.798 | lsd:0.624 | ed:0.925 | hr@1:0.666 | hr@2:0.875 | hr@3:0.921 | acc@1:0.666 | acc@2:0.606 | acc@3:0.576 | Best krc: 0.798 | Best epoch: 25
best model saved
[2023-11-25 02:46:51] INFO (nni/MainThread) Intermediate result: 0.7982285760685411  (Index 58)
-----------------ETPA RESULT-------------------
Epoch 29: Validation	rmse: 20.17	mae: 15.96	mape: 35.7%	acc@10: 38.85%	acc@20: 75.1%	acc@30: 86.56%	
[2023-11-25 02:46:51] INFO (nni/MainThread) Intermediate result: 20.165742804737196  (Index 59)
*** Epoch: 30 ***
-----------------G2R RESULT-------------------

val result: krc:0.798 | lsd:0.609 | ed:0.917 | hr@1:0.668 | hr@2:0.875 | hr@3:0.917 | acc@1:0.668 | acc@2:0.61 | acc@3:0.578 | Best krc: 0.798 | Best epoch: 29
[2023-11-25 02:47:21] INFO (nni/MainThread) Intermediate result: 0.7977326694423328  (Index 60)
-----------------ETPA RESULT-------------------
Epoch 30: Validation	rmse: 20.1	mae: 15.9	mape: 35.5%	acc@10: 38.91%	acc@20: 75.3%	acc@30: 86.59%	
[2023-11-25 02:47:21] INFO (nni/MainThread) Intermediate result: 20.09833047986418  (Index 61)
*** Epoch: 31 ***
-----------------G2R RESULT-------------------

val result: krc:0.798 | lsd:0.608 | ed:0.937 | hr@1:0.675 | hr@2:0.873 | hr@3:0.915 | acc@1:0.675 | acc@2:0.611 | acc@3:0.574 | Best krc: 0.798 | Best epoch: 29
[2023-11-25 02:47:50] INFO (nni/MainThread) Intermediate result: 0.7977386910487041  (Index 62)
-----------------ETPA RESULT-------------------
Epoch 31: Validation	rmse: 20.15	mae: 15.94	mape: 35.56%	acc@10: 38.67%	acc@20: 75.29%	acc@30: 86.62%	
[2023-11-25 02:47:50] INFO (nni/MainThread) Intermediate result: 20.145281536189312  (Index 63)
*** Epoch: 32 ***
-----------------G2R RESULT-------------------

val result: krc:0.792 | lsd:0.589 | ed:0.938 | hr@1:0.666 | hr@2:0.877 | hr@3:0.919 | acc@1:0.666 | acc@2:0.606 | acc@3:0.566 | Best krc: 0.798 | Best epoch: 29
[2023-11-25 02:48:20] INFO (nni/MainThread) Intermediate result: 0.792091381063834  (Index 64)
-----------------ETPA RESULT-------------------
Epoch 32: Validation	rmse: 20.22	mae: 16.01	mape: 35.64%	acc@10: 38.26%	acc@20: 75.19%	acc@30: 86.65%	
[2023-11-25 02:48:20] INFO (nni/MainThread) Intermediate result: 20.215547166579356  (Index 65)
*** Epoch: 33 ***
-----------------G2R RESULT-------------------

val result: krc:0.806 | lsd:0.578 | ed:0.897 | hr@1:0.677 | hr@2:0.88 | hr@3:0.925 | acc@1:0.677 | acc@2:0.616 | acc@3:0.587 | Best krc: 0.798 | Best epoch: 29
best model saved
[2023-11-25 02:48:50] INFO (nni/MainThread) Intermediate result: 0.8061993197979207  (Index 66)
-----------------ETPA RESULT-------------------
Epoch 33: Validation	rmse: 20.29	mae: 16.1	mape: 35.79%	acc@10: 37.87%	acc@20: 75.0%	acc@30: 86.67%	
[2023-11-25 02:48:50] INFO (nni/MainThread) Intermediate result: 20.29025700275387  (Index 67)
*** Epoch: 34 ***
-----------------G2R RESULT-------------------

val result: krc:0.807 | lsd:0.565 | ed:0.895 | hr@1:0.674 | hr@2:0.88 | hr@3:0.926 | acc@1:0.674 | acc@2:0.617 | acc@3:0.589 | Best krc: 0.806 | Best epoch: 33
best model saved
[2023-11-25 02:49:21] INFO (nni/MainThread) Intermediate result: 0.8068751148768639  (Index 68)
-----------------ETPA RESULT-------------------
Epoch 34: Validation	rmse: 20.33	mae: 16.16	mape: 35.87%	acc@10: 37.5%	acc@20: 74.91%	acc@30: 86.7%	
[2023-11-25 02:49:21] INFO (nni/MainThread) Intermediate result: 20.329790077851612  (Index 69)
*** Epoch: 35 ***
-----------------G2R RESULT-------------------

val result: krc:0.806 | lsd:0.583 | ed:0.893 | hr@1:0.676 | hr@2:0.882 | hr@3:0.925 | acc@1:0.676 | acc@2:0.617 | acc@3:0.589 | Best krc: 0.807 | Best epoch: 34
[2023-11-25 02:49:52] INFO (nni/MainThread) Intermediate result: 0.8061778630121438  (Index 70)
-----------------ETPA RESULT-------------------
Epoch 35: Validation	rmse: 20.32	mae: 16.16	mape: 35.84%	acc@10: 37.24%	acc@20: 74.91%	acc@30: 86.72%	
[2023-11-25 02:49:52] INFO (nni/MainThread) Intermediate result: 20.320407437010175  (Index 71)
*** Epoch: 36 ***
-----------------G2R RESULT-------------------

val result: krc:0.808 | lsd:0.568 | ed:0.892 | hr@1:0.679 | hr@2:0.883 | hr@3:0.927 | acc@1:0.679 | acc@2:0.619 | acc@3:0.59 | Best krc: 0.807 | Best epoch: 34
best model saved
[2023-11-25 02:50:22] INFO (nni/MainThread) Intermediate result: 0.8079186809401064  (Index 72)
-----------------ETPA RESULT-------------------
Epoch 36: Validation	rmse: 20.37	mae: 16.22	mape: 35.94%	acc@10: 36.82%	acc@20: 74.92%	acc@30: 86.74%	
[2023-11-25 02:50:22] INFO (nni/MainThread) Intermediate result: 20.372057975966335  (Index 73)
*** Epoch: 37 ***
-----------------G2R RESULT-------------------

val result: krc:0.81 | lsd:0.554 | ed:0.878 | hr@1:0.685 | hr@2:0.882 | hr@3:0.926 | acc@1:0.685 | acc@2:0.626 | acc@3:0.593 | Best krc: 0.808 | Best epoch: 36
best model saved
[2023-11-25 02:50:55] INFO (nni/MainThread) Intermediate result: 0.8097766183030722  (Index 74)
-----------------ETPA RESULT-------------------
Epoch 37: Validation	rmse: 20.45	mae: 16.31	mape: 36.06%	acc@10: 36.35%	acc@20: 74.67%	acc@30: 86.76%	
[2023-11-25 02:50:55] INFO (nni/MainThread) Intermediate result: 20.445598029679697  (Index 75)
*** Epoch: 38 ***
-----------------G2R RESULT-------------------

val result: krc:0.804 | lsd:0.616 | ed:0.911 | hr@1:0.677 | hr@2:0.881 | hr@3:0.919 | acc@1:0.677 | acc@2:0.619 | acc@3:0.582 | Best krc: 0.81 | Best epoch: 37
[2023-11-25 02:51:27] INFO (nni/MainThread) Intermediate result: 0.8035338452216457  (Index 76)
-----------------ETPA RESULT-------------------
Epoch 38: Validation	rmse: 20.51	mae: 16.38	mape: 36.14%	acc@10: 35.98%	acc@20: 74.6%	acc@30: 86.78%	
[2023-11-25 02:51:27] INFO (nni/MainThread) Intermediate result: 20.505409664714023  (Index 77)
*** Epoch: 39 ***
-----------------G2R RESULT-------------------

val result: krc:0.808 | lsd:0.584 | ed:0.907 | hr@1:0.683 | hr@2:0.883 | hr@3:0.924 | acc@1:0.683 | acc@2:0.626 | acc@3:0.595 | Best krc: 0.81 | Best epoch: 37
[2023-11-25 02:51:57] INFO (nni/MainThread) Intermediate result: 0.8077274627427665  (Index 78)
-----------------ETPA RESULT-------------------
Epoch 39: Validation	rmse: 20.54	mae: 16.41	mape: 36.15%	acc@10: 35.78%	acc@20: 74.53%	acc@30: 86.8%	
[2023-11-25 02:51:57] INFO (nni/MainThread) Intermediate result: 20.541214114097404  (Index 79)
*** Epoch: 40 ***
-----------------G2R RESULT-------------------

val result: krc:0.817 | lsd:0.558 | ed:0.877 | hr@1:0.691 | hr@2:0.89 | hr@3:0.927 | acc@1:0.691 | acc@2:0.637 | acc@3:0.604 | Best krc: 0.81 | Best epoch: 37
best model saved
[2023-11-25 02:52:28] INFO (nni/MainThread) Intermediate result: 0.8167929118606861  (Index 80)
-----------------ETPA RESULT-------------------
Epoch 40: Validation	rmse: 20.63	mae: 16.51	mape: 36.3%	acc@10: 35.29%	acc@20: 74.39%	acc@30: 86.74%	
[2023-11-25 02:52:28] INFO (nni/MainThread) Intermediate result: 20.62887097753062  (Index 81)
*** Epoch: 41 ***
-----------------G2R RESULT-------------------

val result: krc:0.825 | lsd:0.528 | ed:0.852 | hr@1:0.703 | hr@2:0.893 | hr@3:0.931 | acc@1:0.703 | acc@2:0.646 | acc@3:0.617 | Best krc: 0.817 | Best epoch: 40
best model saved
[2023-11-25 02:52:59] INFO (nni/MainThread) Intermediate result: 0.8254653144552577  (Index 82)
-----------------ETPA RESULT-------------------
Epoch 41: Validation	rmse: 20.69	mae: 16.58	mape: 36.42%	acc@10: 34.97%	acc@20: 74.11%	acc@30: 86.76%	
[2023-11-25 02:52:59] INFO (nni/MainThread) Intermediate result: 20.694120823370824  (Index 83)
*** Epoch: 42 ***
-----------------G2R RESULT-------------------

val result: krc:0.828 | lsd:0.523 | ed:0.836 | hr@1:0.712 | hr@2:0.896 | hr@3:0.933 | acc@1:0.712 | acc@2:0.656 | acc@3:0.626 | Best krc: 0.825 | Best epoch: 41
best model saved
[2023-11-25 02:53:30] INFO (nni/MainThread) Intermediate result: 0.8284489747891584  (Index 84)
-----------------ETPA RESULT-------------------
Epoch 42: Validation	rmse: 20.73	mae: 16.61	mape: 36.44%	acc@10: 34.74%	acc@20: 74.06%	acc@30: 86.77%	
[2023-11-25 02:53:30] INFO (nni/MainThread) Intermediate result: 20.72773993996797  (Index 85)
*** Epoch: 43 ***
-----------------G2R RESULT-------------------

val result: krc:0.828 | lsd:0.542 | ed:0.856 | hr@1:0.713 | hr@2:0.894 | hr@3:0.931 | acc@1:0.713 | acc@2:0.654 | acc@3:0.62 | Best krc: 0.828 | Best epoch: 42
[2023-11-25 02:54:00] INFO (nni/MainThread) Intermediate result: 0.8284133324448146  (Index 86)
-----------------ETPA RESULT-------------------
Epoch 43: Validation	rmse: 20.76	mae: 16.64	mape: 36.49%	acc@10: 34.52%	acc@20: 74.01%	acc@30: 86.79%	
[2023-11-25 02:54:00] INFO (nni/MainThread) Intermediate result: 20.762078728188953  (Index 87)
*** Epoch: 44 ***
-----------------G2R RESULT-------------------

val result: krc:0.824 | lsd:0.5 | ed:0.86 | hr@1:0.714 | hr@2:0.892 | hr@3:0.931 | acc@1:0.714 | acc@2:0.648 | acc@3:0.612 | Best krc: 0.828 | Best epoch: 42
[2023-11-25 02:54:31] INFO (nni/MainThread) Intermediate result: 0.8244242981103498  (Index 88)
-----------------ETPA RESULT-------------------
Epoch 44: Validation	rmse: 20.77	mae: 16.64	mape: 36.45%	acc@10: 34.51%	acc@20: 74.03%	acc@30: 86.81%	
[2023-11-25 02:54:31] INFO (nni/MainThread) Intermediate result: 20.77056042554955  (Index 89)
*** Epoch: 45 ***
-----------------G2R RESULT-------------------

val result: krc:0.824 | lsd:0.507 | ed:0.866 | hr@1:0.714 | hr@2:0.893 | hr@3:0.931 | acc@1:0.714 | acc@2:0.648 | acc@3:0.613 | Best krc: 0.828 | Best epoch: 42
[2023-11-25 02:55:01] INFO (nni/MainThread) Intermediate result: 0.8244568219032583  (Index 90)
-----------------ETPA RESULT-------------------
Epoch 45: Validation	rmse: 20.76	mae: 16.62	mape: 36.39%	acc@10: 34.44%	acc@20: 74.12%	acc@30: 86.82%	
[2023-11-25 02:55:01] INFO (nni/MainThread) Intermediate result: 20.75988725851097  (Index 91)
*** Epoch: 46 ***
-----------------G2R RESULT-------------------

val result: krc:0.828 | lsd:0.532 | ed:0.84 | hr@1:0.713 | hr@2:0.894 | hr@3:0.931 | acc@1:0.713 | acc@2:0.652 | acc@3:0.62 | Best krc: 0.828 | Best epoch: 42
[2023-11-25 02:55:30] INFO (nni/MainThread) Intermediate result: 0.8279710168210387  (Index 92)
-----------------ETPA RESULT-------------------
Epoch 46: Validation	rmse: 20.7	mae: 16.57	mape: 36.28%	acc@10: 34.57%	acc@20: 74.2%	acc@30: 86.84%	
[2023-11-25 02:55:30] INFO (nni/MainThread) Intermediate result: 20.698718104185037  (Index 93)
*** Epoch: 47 ***
-----------------G2R RESULT-------------------

val result: krc:0.83 | lsd:0.511 | ed:0.838 | hr@1:0.714 | hr@2:0.894 | hr@3:0.933 | acc@1:0.714 | acc@2:0.653 | acc@3:0.624 | Best krc: 0.828 | Best epoch: 42
best model saved
[2023-11-25 02:56:02] INFO (nni/MainThread) Intermediate result: 0.8304707386736245  (Index 94)
-----------------ETPA RESULT-------------------
Epoch 47: Validation	rmse: 20.74	mae: 16.61	mape: 36.33%	acc@10: 34.38%	acc@20: 74.15%	acc@30: 86.85%	
[2023-11-25 02:56:02] INFO (nni/MainThread) Intermediate result: 20.736435930104502  (Index 95)
*** Epoch: 48 ***
-----------------G2R RESULT-------------------

val result: krc:0.832 | lsd:0.5 | ed:0.839 | hr@1:0.72 | hr@2:0.894 | hr@3:0.933 | acc@1:0.72 | acc@2:0.655 | acc@3:0.624 | Best krc: 0.83 | Best epoch: 47
best model saved
[2023-11-25 02:56:36] INFO (nni/MainThread) Intermediate result: 0.8316353066681007  (Index 96)
-----------------ETPA RESULT-------------------
Epoch 48: Validation	rmse: 20.79	mae: 16.66	mape: 36.41%	acc@10: 34.25%	acc@20: 74.04%	acc@30: 86.86%	
[2023-11-25 02:56:36] INFO (nni/MainThread) Intermediate result: 20.79482500778886  (Index 97)
*** Epoch: 49 ***
-----------------G2R RESULT-------------------

val result: krc:0.773 | lsd:0.645 | ed:1.039 | hr@1:0.662 | hr@2:0.875 | hr@3:0.911 | acc@1:0.662 | acc@2:0.593 | acc@3:0.542 | Best krc: 0.832 | Best epoch: 48
[2023-11-25 02:57:07] INFO (nni/MainThread) Intermediate result: 0.7725811379506176  (Index 98)
-----------------ETPA RESULT-------------------
Epoch 49: Validation	rmse: 20.79	mae: 16.66	mape: 36.36%	acc@10: 34.19%	acc@20: 74.12%	acc@30: 86.88%	
[2023-11-25 02:57:07] INFO (nni/MainThread) Intermediate result: 20.79438764982173  (Index 99)
*** Epoch: 50 ***
-----------------G2R RESULT-------------------

val result: krc:0.819 | lsd:0.529 | ed:0.865 | hr@1:0.706 | hr@2:0.894 | hr@3:0.932 | acc@1:0.706 | acc@2:0.645 | acc@3:0.608 | Best krc: 0.832 | Best epoch: 48
[2023-11-25 02:57:37] INFO (nni/MainThread) Intermediate result: 0.8185020783359218  (Index 100)
-----------------ETPA RESULT-------------------
Epoch 50: Validation	rmse: 20.76	mae: 16.62	mape: 36.29%	acc@10: 34.25%	acc@20: 74.2%	acc@30: 86.89%	
[2023-11-25 02:57:37] INFO (nni/MainThread) Intermediate result: 20.760363613257837  (Index 101)
*** Epoch: 51 ***
-----------------G2R RESULT-------------------

val result: krc:0.826 | lsd:0.537 | ed:0.841 | hr@1:0.711 | hr@2:0.895 | hr@3:0.933 | acc@1:0.711 | acc@2:0.654 | acc@3:0.622 | Best krc: 0.832 | Best epoch: 48
[2023-11-25 02:58:06] INFO (nni/MainThread) Intermediate result: 0.8261434997333554  (Index 102)
-----------------ETPA RESULT-------------------
Epoch 51: Validation	rmse: 20.86	mae: 16.73	mape: 36.48%	acc@10: 33.89%	acc@20: 73.8%	acc@30: 86.72%	
[2023-11-25 02:58:06] INFO (nni/MainThread) Intermediate result: 20.86130508753816  (Index 103)
*** Epoch: 52 ***
-----------------G2R RESULT-------------------

val result: krc:0.822 | lsd:0.548 | ed:0.856 | hr@1:0.709 | hr@2:0.896 | hr@3:0.932 | acc@1:0.709 | acc@2:0.651 | acc@3:0.618 | Best krc: 0.832 | Best epoch: 48
[2023-11-25 02:58:39] INFO (nni/MainThread) Intermediate result: 0.8222053487816495  (Index 104)
-----------------ETPA RESULT-------------------
Epoch 52: Validation	rmse: 20.86	mae: 16.73	mape: 36.47%	acc@10: 33.9%	acc@20: 73.88%	acc@30: 86.73%	
[2023-11-25 02:58:39] INFO (nni/MainThread) Intermediate result: 20.86023254127049  (Index 105)
*** Epoch: 53 ***
-----------------G2R RESULT-------------------

val result: krc:0.824 | lsd:0.505 | ed:0.853 | hr@1:0.714 | hr@2:0.892 | hr@3:0.93 | acc@1:0.714 | acc@2:0.649 | acc@3:0.616 | Best krc: 0.832 | Best epoch: 48
[2023-11-25 02:59:09] INFO (nni/MainThread) Intermediate result: 0.8243535693120302  (Index 106)
-----------------ETPA RESULT-------------------
Epoch 53: Validation	rmse: 20.91	mae: 16.77	mape: 36.54%	acc@10: 33.68%	acc@20: 73.61%	acc@30: 86.75%	
[2023-11-25 02:59:09] INFO (nni/MainThread) Intermediate result: 20.90833424137783  (Index 107)
*** Epoch: 54 ***
-----------------G2R RESULT-------------------

val result: krc:0.826 | lsd:0.514 | ed:0.848 | hr@1:0.722 | hr@2:0.893 | hr@3:0.932 | acc@1:0.722 | acc@2:0.657 | acc@3:0.621 | Best krc: 0.832 | Best epoch: 48
[2023-11-25 02:59:40] INFO (nni/MainThread) Intermediate result: 0.8255584387110403  (Index 108)
-----------------ETPA RESULT-------------------
Epoch 54: Validation	rmse: 20.91	mae: 16.77	mape: 36.48%	acc@10: 33.58%	acc@20: 73.52%	acc@30: 86.76%	
[2023-11-25 02:59:40] INFO (nni/MainThread) Intermediate result: 20.912935839167513  (Index 109)
*** Epoch: 55 ***
-----------------G2R RESULT-------------------

val result: krc:0.833 | lsd:0.517 | ed:0.83 | hr@1:0.731 | hr@2:0.895 | hr@3:0.935 | acc@1:0.731 | acc@2:0.667 | acc@3:0.636 | Best krc: 0.832 | Best epoch: 48
best model saved
[2023-11-25 03:00:11] INFO (nni/MainThread) Intermediate result: 0.8332357237735462  (Index 110)
-----------------ETPA RESULT-------------------
Epoch 55: Validation	rmse: 20.91	mae: 16.76	mape: 36.44%	acc@10: 33.65%	acc@20: 73.44%	acc@30: 86.77%	
[2023-11-25 03:00:11] INFO (nni/MainThread) Intermediate result: 20.91439524165622  (Index 111)
*** Epoch: 56 ***
-----------------G2R RESULT-------------------

val result: krc:0.838 | lsd:0.5 | ed:0.824 | hr@1:0.74 | hr@2:0.897 | hr@3:0.936 | acc@1:0.74 | acc@2:0.675 | acc@3:0.642 | Best krc: 0.833 | Best epoch: 55
best model saved
[2023-11-25 03:00:45] INFO (nni/MainThread) Intermediate result: 0.8379540810935651  (Index 112)
-----------------ETPA RESULT-------------------
Epoch 56: Validation	rmse: 20.92	mae: 16.77	mape: 36.42%	acc@10: 33.61%	acc@20: 73.41%	acc@30: 86.79%	
[2023-11-25 03:00:45] INFO (nni/MainThread) Intermediate result: 20.92353195694442  (Index 113)
*** Epoch: 57 ***
-----------------G2R RESULT-------------------

val result: krc:0.821 | lsd:0.53 | ed:0.857 | hr@1:0.717 | hr@2:0.893 | hr@3:0.932 | acc@1:0.717 | acc@2:0.652 | acc@3:0.617 | Best krc: 0.838 | Best epoch: 56
[2023-11-25 03:01:16] INFO (nni/MainThread) Intermediate result: 0.8214013827918507  (Index 114)
-----------------ETPA RESULT-------------------
Epoch 57: Validation	rmse: 20.91	mae: 16.75	mape: 36.37%	acc@10: 33.57%	acc@20: 73.49%	acc@30: 86.8%	
[2023-11-25 03:01:16] INFO (nni/MainThread) Intermediate result: 20.913584000557243  (Index 115)
*** Epoch: 58 ***
-----------------G2R RESULT-------------------

val result: krc:0.822 | lsd:0.52 | ed:0.874 | hr@1:0.724 | hr@2:0.895 | hr@3:0.93 | acc@1:0.724 | acc@2:0.659 | acc@3:0.619 | Best krc: 0.838 | Best epoch: 56
[2023-11-25 03:01:48] INFO (nni/MainThread) Intermediate result: 0.82189881342483  (Index 116)
-----------------ETPA RESULT-------------------
Epoch 58: Validation	rmse: 20.93	mae: 16.76	mape: 36.37%	acc@10: 33.74%	acc@20: 73.31%	acc@30: 86.81%	
[2023-11-25 03:01:48] INFO (nni/MainThread) Intermediate result: 20.929482035909526  (Index 117)
*** Epoch: 59 ***
-----------------G2R RESULT-------------------

val result: krc:0.784 | lsd:0.624 | ed:0.987 | hr@1:0.671 | hr@2:0.875 | hr@3:0.913 | acc@1:0.671 | acc@2:0.602 | acc@3:0.562 | Best krc: 0.838 | Best epoch: 56
[2023-11-25 03:02:19] INFO (nni/MainThread) Intermediate result: 0.7835239967727943  (Index 118)
-----------------ETPA RESULT-------------------
Epoch 59: Validation	rmse: 20.91	mae: 16.74	mape: 36.31%	acc@10: 33.75%	acc@20: 73.39%	acc@30: 86.82%	
[2023-11-25 03:02:19] INFO (nni/MainThread) Intermediate result: 20.91369838555234  (Index 119)
*** Epoch: 60 ***
-----------------G2R RESULT-------------------

val result: krc:0.837 | lsd:0.504 | ed:0.815 | hr@1:0.731 | hr@2:0.899 | hr@3:0.936 | acc@1:0.731 | acc@2:0.672 | acc@3:0.644 | Best krc: 0.838 | Best epoch: 56
[2023-11-25 03:02:52] INFO (nni/MainThread) Intermediate result: 0.8367041755148444  (Index 120)
-----------------ETPA RESULT-------------------
Epoch 60: Validation	rmse: 20.91	mae: 16.72	mape: 36.25%	acc@10: 33.81%	acc@20: 73.41%	acc@30: 86.83%	
[2023-11-25 03:02:52] INFO (nni/MainThread) Intermediate result: 20.905801221377825  (Index 121)
*** Epoch: 61 ***
-----------------G2R RESULT-------------------

val result: krc:0.835 | lsd:0.488 | ed:0.827 | hr@1:0.727 | hr@2:0.897 | hr@3:0.937 | acc@1:0.727 | acc@2:0.662 | acc@3:0.634 | Best krc: 0.838 | Best epoch: 56
[2023-11-25 03:03:24] INFO (nni/MainThread) Intermediate result: 0.8354869438647313  (Index 122)
-----------------ETPA RESULT-------------------
Epoch 61: Validation	rmse: 20.92	mae: 16.73	mape: 36.24%	acc@10: 33.77%	acc@20: 73.44%	acc@30: 86.84%	
[2023-11-25 03:03:24] INFO (nni/MainThread) Intermediate result: 20.924043088900877  (Index 123)
*** Epoch: 62 ***
-----------------G2R RESULT-------------------

val result: krc:0.837 | lsd:0.483 | ed:0.816 | hr@1:0.726 | hr@2:0.898 | hr@3:0.938 | acc@1:0.726 | acc@2:0.665 | acc@3:0.638 | Best krc: 0.838 | Best epoch: 56
[2023-11-25 03:03:55] INFO (nni/MainThread) Intermediate result: 0.837414783308968  (Index 124)
-----------------ETPA RESULT-------------------
Epoch 62: Validation	rmse: 20.94	mae: 16.75	mape: 36.25%	acc@10: 33.63%	acc@20: 73.31%	acc@30: 86.86%	
[2023-11-25 03:03:55] INFO (nni/MainThread) Intermediate result: 20.941353503430673  (Index 125)
*** Epoch: 63 ***
-----------------G2R RESULT-------------------

val result: krc:0.837 | lsd:0.492 | ed:0.819 | hr@1:0.724 | hr@2:0.899 | hr@3:0.94 | acc@1:0.724 | acc@2:0.665 | acc@3:0.637 | Best krc: 0.838 | Best epoch: 56
[2023-11-25 03:04:25] INFO (nni/MainThread) Intermediate result: 0.8368361816809565  (Index 126)
-----------------ETPA RESULT-------------------
Epoch 63: Validation	rmse: 20.94	mae: 16.74	mape: 36.2%	acc@10: 33.64%	acc@20: 73.39%	acc@30: 86.87%	
[2023-11-25 03:04:26] INFO (nni/MainThread) Intermediate result: 20.94091437034726  (Index 127)
*** Epoch: 64 ***
-----------------G2R RESULT-------------------

val result: krc:0.822 | lsd:0.537 | ed:0.87 | hr@1:0.717 | hr@2:0.893 | hr@3:0.929 | acc@1:0.717 | acc@2:0.652 | acc@3:0.616 | Best krc: 0.838 | Best epoch: 56
[2023-11-25 03:04:56] INFO (nni/MainThread) Intermediate result: 0.8221878819167844  (Index 128)
-----------------ETPA RESULT-------------------
Epoch 64: Validation	rmse: 20.96	mae: 16.75	mape: 36.21%	acc@10: 33.56%	acc@20: 73.37%	acc@30: 86.88%	
[2023-11-25 03:04:56] INFO (nni/MainThread) Intermediate result: 20.957197025985728  (Index 129)
*** Epoch: 65 ***
-----------------G2R RESULT-------------------

val result: krc:0.837 | lsd:0.491 | ed:0.823 | hr@1:0.728 | hr@2:0.901 | hr@3:0.938 | acc@1:0.728 | acc@2:0.666 | acc@3:0.636 | Best krc: 0.838 | Best epoch: 56
[2023-11-25 03:05:27] INFO (nni/MainThread) Intermediate result: 0.8373367208347531  (Index 130)
-----------------ETPA RESULT-------------------
Epoch 65: Validation	rmse: 20.96	mae: 16.75	mape: 36.21%	acc@10: 33.62%	acc@20: 73.25%	acc@30: 86.88%	
[2023-11-25 03:05:27] INFO (nni/MainThread) Intermediate result: 20.961861131714898  (Index 131)
*** Epoch: 66 ***
-----------------G2R RESULT-------------------

val result: krc:0.839 | lsd:0.477 | ed:0.82 | hr@1:0.731 | hr@2:0.901 | hr@3:0.937 | acc@1:0.731 | acc@2:0.668 | acc@3:0.638 | Best krc: 0.838 | Best epoch: 56
best model saved
[2023-11-25 03:05:59] INFO (nni/MainThread) Intermediate result: 0.838864049034578  (Index 132)
-----------------ETPA RESULT-------------------
Epoch 66: Validation	rmse: 20.94	mae: 16.73	mape: 36.15%	acc@10: 33.68%	acc@20: 73.32%	acc@30: 86.89%	
[2023-11-25 03:05:59] INFO (nni/MainThread) Intermediate result: 20.93958159945288  (Index 133)
*** Epoch: 67 ***
-----------------G2R RESULT-------------------

val result: krc:0.834 | lsd:0.486 | ed:0.833 | hr@1:0.718 | hr@2:0.894 | hr@3:0.93 | acc@1:0.718 | acc@2:0.652 | acc@3:0.623 | Best krc: 0.839 | Best epoch: 66
[2023-11-25 03:06:29] INFO (nni/MainThread) Intermediate result: 0.8340782426046963  (Index 134)
-----------------ETPA RESULT-------------------
Epoch 67: Validation	rmse: 20.93	mae: 16.71	mape: 36.1%	acc@10: 33.78%	acc@20: 73.35%	acc@30: 86.9%	
[2023-11-25 03:06:29] INFO (nni/MainThread) Intermediate result: 20.931707773361353  (Index 135)
*** Epoch: 68 ***
-----------------G2R RESULT-------------------

val result: krc:0.832 | lsd:0.483 | ed:0.845 | hr@1:0.722 | hr@2:0.896 | hr@3:0.933 | acc@1:0.722 | acc@2:0.655 | acc@3:0.622 | Best krc: 0.839 | Best epoch: 66
[2023-11-25 03:07:00] INFO (nni/MainThread) Intermediate result: 0.8320760390721038  (Index 136)
-----------------ETPA RESULT-------------------
Epoch 68: Validation	rmse: 20.93	mae: 16.7	mape: 36.05%	acc@10: 33.83%	acc@20: 73.37%	acc@30: 86.91%	
[2023-11-25 03:07:00] INFO (nni/MainThread) Intermediate result: 20.92630943988009  (Index 137)
*** Epoch: 69 ***
-----------------G2R RESULT-------------------

val result: krc:0.834 | lsd:0.5 | ed:0.841 | hr@1:0.725 | hr@2:0.895 | hr@3:0.932 | acc@1:0.725 | acc@2:0.661 | acc@3:0.629 | Best krc: 0.839 | Best epoch: 66
[2023-11-25 03:07:31] INFO (nni/MainThread) Intermediate result: 0.8339350943636034  (Index 138)
-----------------ETPA RESULT-------------------
Epoch 69: Validation	rmse: 20.91	mae: 16.67	mape: 35.96%	acc@10: 33.97%	acc@20: 73.48%	acc@30: 86.92%	
[2023-11-25 03:07:31] INFO (nni/MainThread) Intermediate result: 20.906749908061652  (Index 139)
*** Epoch: 70 ***
-----------------G2R RESULT-------------------

val result: krc:0.832 | lsd:0.509 | ed:0.835 | hr@1:0.721 | hr@2:0.895 | hr@3:0.934 | acc@1:0.721 | acc@2:0.661 | acc@3:0.63 | Best krc: 0.839 | Best epoch: 66
[2023-11-25 03:08:04] INFO (nni/MainThread) Intermediate result: 0.8323718533163219  (Index 140)
-----------------ETPA RESULT-------------------
Epoch 70: Validation	rmse: 20.9	mae: 16.66	mape: 35.93%	acc@10: 34.11%	acc@20: 73.46%	acc@30: 86.93%	
[2023-11-25 03:08:04] INFO (nni/MainThread) Intermediate result: 20.90004629834921  (Index 141)
*** Epoch: 71 ***
-----------------G2R RESULT-------------------

val result: krc:0.833 | lsd:0.509 | ed:0.838 | hr@1:0.728 | hr@2:0.895 | hr@3:0.934 | acc@1:0.728 | acc@2:0.664 | acc@3:0.631 | Best krc: 0.839 | Best epoch: 66
[2023-11-25 03:08:35] INFO (nni/MainThread) Intermediate result: 0.8333574941795318  (Index 142)
-----------------ETPA RESULT-------------------
Epoch 71: Validation	rmse: 20.92	mae: 16.68	mape: 35.95%	acc@10: 34.07%	acc@20: 73.31%	acc@30: 86.94%	
[2023-11-25 03:08:35] INFO (nni/MainThread) Intermediate result: 20.918314237955993  (Index 143)
*** Epoch: 72 ***
-----------------G2R RESULT-------------------

val result: krc:0.835 | lsd:0.494 | ed:0.819 | hr@1:0.726 | hr@2:0.901 | hr@3:0.937 | acc@1:0.726 | acc@2:0.666 | acc@3:0.635 | Best krc: 0.839 | Best epoch: 66
[2023-11-25 03:09:07] INFO (nni/MainThread) Intermediate result: 0.8350376886712699  (Index 144)
-----------------ETPA RESULT-------------------
Epoch 72: Validation	rmse: 20.93	mae: 16.67	mape: 35.92%	acc@10: 34.03%	acc@20: 73.29%	acc@30: 86.94%	
[2023-11-25 03:09:07] INFO (nni/MainThread) Intermediate result: 20.925026381039117  (Index 145)
*** Epoch: 73 ***
-----------------G2R RESULT-------------------

val result: krc:0.824 | lsd:0.561 | ed:0.864 | hr@1:0.726 | hr@2:0.892 | hr@3:0.928 | acc@1:0.726 | acc@2:0.663 | acc@3:0.623 | Best krc: 0.839 | Best epoch: 66
[2023-11-25 03:09:42] INFO (nni/MainThread) Intermediate result: 0.8236442638803811  (Index 146)
-----------------ETPA RESULT-------------------
Epoch 73: Validation	rmse: 20.94	mae: 16.68	mape: 35.91%	acc@10: 34.04%	acc@20: 73.18%	acc@30: 86.95%	
[2023-11-25 03:09:42] INFO (nni/MainThread) Intermediate result: 20.943855693794816  (Index 147)
*** Epoch: 74 ***
-----------------G2R RESULT-------------------

val result: krc:0.833 | lsd:0.503 | ed:0.833 | hr@1:0.725 | hr@2:0.895 | hr@3:0.935 | acc@1:0.725 | acc@2:0.66 | acc@3:0.63 | Best krc: 0.839 | Best epoch: 66
[2023-11-25 03:10:17] INFO (nni/MainThread) Intermediate result: 0.832886960810004  (Index 148)
-----------------ETPA RESULT-------------------
Epoch 74: Validation	rmse: 20.95	mae: 16.68	mape: 35.88%	acc@10: 34.12%	acc@20: 73.12%	acc@30: 86.96%	
[2023-11-25 03:10:17] INFO (nni/MainThread) Intermediate result: 20.950008909062078  (Index 149)
*** Epoch: 75 ***
-----------------G2R RESULT-------------------

val result: krc:0.825 | lsd:0.543 | ed:0.855 | hr@1:0.718 | hr@2:0.892 | hr@3:0.931 | acc@1:0.718 | acc@2:0.656 | acc@3:0.626 | Best krc: 0.839 | Best epoch: 66
[2023-11-25 03:10:50] INFO (nni/MainThread) Intermediate result: 0.8251168575873431  (Index 150)
-----------------ETPA RESULT-------------------
Epoch 75: Validation	rmse: 20.95	mae: 16.68	mape: 35.86%	acc@10: 34.13%	acc@20: 73.15%	acc@30: 86.97%	
[2023-11-25 03:10:50] INFO (nni/MainThread) Intermediate result: 20.95325430098586  (Index 151)
*** Epoch: 76 ***
-----------------G2R RESULT-------------------

val result: krc:0.822 | lsd:0.566 | ed:0.87 | hr@1:0.716 | hr@2:0.887 | hr@3:0.926 | acc@1:0.716 | acc@2:0.652 | acc@3:0.619 | Best krc: 0.839 | Best epoch: 66
[2023-11-25 03:11:24] INFO (nni/MainThread) Intermediate result: 0.8218370468217429  (Index 152)
-----------------ETPA RESULT-------------------
Epoch 76: Validation	rmse: 20.95	mae: 16.67	mape: 35.83%	acc@10: 34.29%	acc@20: 73.13%	acc@30: 86.97%	
[2023-11-25 03:11:24] INFO (nni/MainThread) Intermediate result: 20.954456670942953  (Index 153)
*** Epoch: 77 ***
-----------------G2R RESULT-------------------

val result: krc:0.826 | lsd:0.536 | ed:0.857 | hr@1:0.717 | hr@2:0.891 | hr@3:0.93 | acc@1:0.717 | acc@2:0.656 | acc@3:0.624 | Best krc: 0.839 | Best epoch: 66
[2023-11-25 03:11:57] INFO (nni/MainThread) Intermediate result: 0.8257714217311944  (Index 154)
-----------------ETPA RESULT-------------------
Epoch 77: Validation	rmse: 21.01	mae: 16.72	mape: 35.9%	acc@10: 34.17%	acc@20: 72.92%	acc@30: 86.98%	
[2023-11-25 03:11:57] INFO (nni/MainThread) Intermediate result: 21.005037152575415  (Index 155)
*** Epoch: 78 ***
-----------------G2R RESULT-------------------

val result: krc:0.825 | lsd:0.496 | ed:0.882 | hr@1:0.721 | hr@2:0.898 | hr@3:0.934 | acc@1:0.721 | acc@2:0.656 | acc@3:0.616 | Best krc: 0.839 | Best epoch: 66
[2023-11-25 03:12:28] INFO (nni/MainThread) Intermediate result: 0.8253881553837829  (Index 156)
-----------------ETPA RESULT-------------------
Epoch 78: Validation	rmse: 21.02	mae: 16.72	mape: 35.9%	acc@10: 34.22%	acc@20: 72.86%	acc@30: 86.99%	
[2023-11-25 03:12:28] INFO (nni/MainThread) Intermediate result: 21.015906333426035  (Index 157)
*** Epoch: 79 ***
-----------------G2R RESULT-------------------

val result: krc:0.832 | lsd:0.483 | ed:0.84 | hr@1:0.724 | hr@2:0.899 | hr@3:0.937 | acc@1:0.724 | acc@2:0.661 | acc@3:0.627 | Best krc: 0.839 | Best epoch: 66
[2023-11-25 03:12:59] INFO (nni/MainThread) Intermediate result: 0.8321327550973376  (Index 158)
-----------------ETPA RESULT-------------------
Epoch 79: Validation	rmse: 21.09	mae: 16.77	mape: 35.96%	acc@10: 34.18%	acc@20: 72.73%	acc@30: 86.95%	
[2023-11-25 03:12:59] INFO (nni/MainThread) Intermediate result: 21.093024509985693  (Index 159)
*** Epoch: 80 ***
-----------------G2R RESULT-------------------

val result: krc:0.815 | lsd:0.583 | ed:0.898 | hr@1:0.707 | hr@2:0.888 | hr@3:0.925 | acc@1:0.707 | acc@2:0.642 | acc@3:0.606 | Best krc: 0.839 | Best epoch: 66
[2023-11-25 03:13:33] INFO (nni/MainThread) Intermediate result: 0.8148531388933662  (Index 160)
-----------------ETPA RESULT-------------------
Epoch 80: Validation	rmse: 21.15	mae: 16.82	mape: 36.05%	acc@10: 34.1%	acc@20: 72.53%	acc@30: 86.92%	
[2023-11-25 03:13:33] INFO (nni/MainThread) Intermediate result: 21.147255478140927  (Index 161)
*** Epoch: 81 ***
-----------------G2R RESULT-------------------

val result: krc:0.822 | lsd:0.501 | ed:0.864 | hr@1:0.712 | hr@2:0.894 | hr@3:0.932 | acc@1:0.712 | acc@2:0.648 | acc@3:0.613 | Best krc: 0.839 | Best epoch: 66
[2023-11-25 03:14:05] INFO (nni/MainThread) Intermediate result: 0.8220518515315193  (Index 162)
-----------------ETPA RESULT-------------------
Epoch 81: Validation	rmse: 21.14	mae: 16.8	mape: 36.0%	acc@10: 34.26%	acc@20: 72.48%	acc@30: 87.0%	
[2023-11-25 03:14:05] INFO (nni/MainThread) Intermediate result: 21.13649452093411  (Index 163)
*** Epoch: 82 ***
-----------------G2R RESULT-------------------

val result: krc:0.833 | lsd:0.516 | ed:0.832 | hr@1:0.728 | hr@2:0.896 | hr@3:0.933 | acc@1:0.728 | acc@2:0.666 | acc@3:0.634 | Best krc: 0.839 | Best epoch: 66
[2023-11-25 03:14:36] INFO (nni/MainThread) Intermediate result: 0.8332849482215463  (Index 164)
-----------------ETPA RESULT-------------------
Epoch 82: Validation	rmse: 21.1	mae: 16.77	mape: 35.93%	acc@10: 34.3%	acc@20: 72.63%	acc@30: 87.09%	
[2023-11-25 03:14:36] INFO (nni/MainThread) Intermediate result: 21.0954156902158  (Index 165)
*** Epoch: 83 ***
-----------------G2R RESULT-------------------

val result: krc:0.835 | lsd:0.479 | ed:0.835 | hr@1:0.732 | hr@2:0.9 | hr@3:0.937 | acc@1:0.732 | acc@2:0.666 | acc@3:0.63 | Best krc: 0.839 | Best epoch: 66
[2023-11-25 03:15:13] INFO (nni/MainThread) Intermediate result: 0.8351244716351842  (Index 166)
-----------------ETPA RESULT-------------------
Epoch 83: Validation	rmse: 21.1	mae: 16.76	mape: 35.91%	acc@10: 34.41%	acc@20: 72.58%	acc@30: 87.09%	
[2023-11-25 03:15:13] INFO (nni/MainThread) Intermediate result: 21.096063719707747  (Index 167)
*** Epoch: 84 ***
-----------------G2R RESULT-------------------

val result: krc:0.838 | lsd:0.474 | ed:0.826 | hr@1:0.729 | hr@2:0.899 | hr@3:0.936 | acc@1:0.729 | acc@2:0.669 | acc@3:0.635 | Best krc: 0.839 | Best epoch: 66
[2023-11-25 03:15:45] INFO (nni/MainThread) Intermediate result: 0.838085979834996  (Index 168)
-----------------ETPA RESULT-------------------
Epoch 84: Validation	rmse: 21.12	mae: 16.78	mape: 35.94%	acc@10: 34.38%	acc@20: 72.43%	acc@30: 87.1%	
[2023-11-25 03:15:45] INFO (nni/MainThread) Intermediate result: 21.122046897243894  (Index 169)
*** Epoch: 85 ***
-----------------G2R RESULT-------------------

val result: krc:0.84 | lsd:0.513 | ed:0.812 | hr@1:0.749 | hr@2:0.899 | hr@3:0.933 | acc@1:0.749 | acc@2:0.686 | acc@3:0.652 | Best krc: 0.839 | Best epoch: 66
best model saved
[2023-11-25 03:16:20] INFO (nni/MainThread) Intermediate result: 0.8400390728156361  (Index 170)
-----------------ETPA RESULT-------------------
Epoch 85: Validation	rmse: 21.16	mae: 16.81	mape: 35.97%	acc@10: 34.23%	acc@20: 72.35%	acc@30: 87.1%	
[2023-11-25 03:16:20] INFO (nni/MainThread) Intermediate result: 21.157297272272782  (Index 171)
*** Epoch: 86 ***
-----------------G2R RESULT-------------------

val result: krc:0.823 | lsd:0.502 | ed:0.873 | hr@1:0.72 | hr@2:0.891 | hr@3:0.93 | acc@1:0.72 | acc@2:0.651 | acc@3:0.61 | Best krc: 0.84 | Best epoch: 85
[2023-11-25 03:16:57] INFO (nni/MainThread) Intermediate result: 0.8226251472862754  (Index 172)
-----------------ETPA RESULT-------------------
Epoch 86: Validation	rmse: 21.16	mae: 16.81	mape: 35.96%	acc@10: 34.34%	acc@20: 72.2%	acc@30: 87.14%	
[2023-11-25 03:16:57] INFO (nni/MainThread) Intermediate result: 21.162789377430787  (Index 173)
*** Epoch: 87 ***
-----------------G2R RESULT-------------------

val result: krc:0.845 | lsd:0.481 | ed:0.795 | hr@1:0.745 | hr@2:0.901 | hr@3:0.938 | acc@1:0.745 | acc@2:0.681 | acc@3:0.649 | Best krc: 0.84 | Best epoch: 85
best model saved
[2023-11-25 03:17:30] INFO (nni/MainThread) Intermediate result: 0.8445048478542139  (Index 174)
-----------------ETPA RESULT-------------------
Epoch 87: Validation	rmse: 21.16	mae: 16.81	mape: 35.96%	acc@10: 34.3%	acc@20: 72.23%	acc@30: 87.22%	
[2023-11-25 03:17:30] INFO (nni/MainThread) Intermediate result: 21.15952875353611  (Index 175)
*** Epoch: 88 ***
-----------------G2R RESULT-------------------

val result: krc:0.845 | lsd:0.478 | ed:0.796 | hr@1:0.743 | hr@2:0.902 | hr@3:0.937 | acc@1:0.743 | acc@2:0.682 | acc@3:0.649 | Best krc: 0.845 | Best epoch: 87
best model saved
[2023-11-25 03:18:05] INFO (nni/MainThread) Intermediate result: 0.8454684724820274  (Index 176)
-----------------ETPA RESULT-------------------
Epoch 88: Validation	rmse: 21.15	mae: 16.79	mape: 35.91%	acc@10: 34.38%	acc@20: 72.19%	acc@30: 87.29%	
[2023-11-25 03:18:05] INFO (nni/MainThread) Intermediate result: 21.154227695077175  (Index 177)
*** Epoch: 89 ***
-----------------G2R RESULT-------------------

val result: krc:0.839 | lsd:0.491 | ed:0.811 | hr@1:0.738 | hr@2:0.899 | hr@3:0.935 | acc@1:0.738 | acc@2:0.674 | acc@3:0.641 | Best krc: 0.845 | Best epoch: 88
[2023-11-25 03:18:36] INFO (nni/MainThread) Intermediate result: 0.8388665502176651  (Index 178)
-----------------ETPA RESULT-------------------
Epoch 89: Validation	rmse: 21.18	mae: 16.8	mape: 35.9%	acc@10: 34.48%	acc@20: 72.12%	acc@30: 87.29%	
[2023-11-25 03:18:36] INFO (nni/MainThread) Intermediate result: 21.178879615770278  (Index 179)
*** Epoch: 90 ***
-----------------G2R RESULT-------------------

val result: krc:0.838 | lsd:0.506 | ed:0.808 | hr@1:0.735 | hr@2:0.899 | hr@3:0.934 | acc@1:0.735 | acc@2:0.672 | acc@3:0.64 | Best krc: 0.845 | Best epoch: 88
[2023-11-25 03:19:16] INFO (nni/MainThread) Intermediate result: 0.8381507760082312  (Index 180)
-----------------ETPA RESULT-------------------
Epoch 90: Validation	rmse: 21.2	mae: 16.8	mape: 35.9%	acc@10: 34.58%	acc@20: 71.98%	acc@30: 87.33%	
[2023-11-25 03:19:16] INFO (nni/MainThread) Intermediate result: 21.19620065503006  (Index 181)
*** Epoch: 91 ***
-----------------G2R RESULT-------------------

val result: krc:0.84 | lsd:0.51 | ed:0.801 | hr@1:0.746 | hr@2:0.896 | hr@3:0.933 | acc@1:0.746 | acc@2:0.679 | acc@3:0.649 | Best krc: 0.845 | Best epoch: 88
[2023-11-25 03:19:50] INFO (nni/MainThread) Intermediate result: 0.8404303876013539  (Index 182)
-----------------ETPA RESULT-------------------
Epoch 91: Validation	rmse: 21.2	mae: 16.79	mape: 35.86%	acc@10: 34.75%	acc@20: 71.94%	acc@30: 87.36%	
[2023-11-25 03:19:50] INFO (nni/MainThread) Intermediate result: 21.203104788101086  (Index 183)
*** Epoch: 92 ***
-----------------G2R RESULT-------------------

val result: krc:0.837 | lsd:0.486 | ed:0.831 | hr@1:0.731 | hr@2:0.898 | hr@3:0.935 | acc@1:0.731 | acc@2:0.669 | acc@3:0.635 | Best krc: 0.845 | Best epoch: 88
[2023-11-25 03:20:23] INFO (nni/MainThread) Intermediate result: 0.8366308759662499  (Index 184)
-----------------ETPA RESULT-------------------
Epoch 92: Validation	rmse: 21.21	mae: 16.78	mape: 35.82%	acc@10: 34.88%	acc@20: 71.88%	acc@30: 87.4%	
[2023-11-25 03:20:23] INFO (nni/MainThread) Intermediate result: 21.20703475855403  (Index 185)
*** Epoch: 93 ***
-----------------G2R RESULT-------------------

val result: krc:0.839 | lsd:0.481 | ed:0.806 | hr@1:0.732 | hr@2:0.899 | hr@3:0.938 | acc@1:0.732 | acc@2:0.672 | acc@3:0.643 | Best krc: 0.845 | Best epoch: 88
[2023-11-25 03:20:55] INFO (nni/MainThread) Intermediate result: 0.8388559009372302  (Index 186)
-----------------ETPA RESULT-------------------
Epoch 93: Validation	rmse: 21.21	mae: 16.77	mape: 35.79%	acc@10: 34.97%	acc@20: 71.74%	acc@30: 87.4%	
[2023-11-25 03:20:55] INFO (nni/MainThread) Intermediate result: 21.214925559025424  (Index 187)
*** Epoch: 94 ***
-----------------G2R RESULT-------------------

val result: krc:0.834 | lsd:0.503 | ed:0.833 | hr@1:0.73 | hr@2:0.896 | hr@3:0.933 | acc@1:0.73 | acc@2:0.668 | acc@3:0.635 | Best krc: 0.845 | Best epoch: 88
[2023-11-25 03:21:26] INFO (nni/MainThread) Intermediate result: 0.8335213132589607  (Index 188)
-----------------ETPA RESULT-------------------
Epoch 94: Validation	rmse: 21.21	mae: 16.77	mape: 35.78%	acc@10: 34.93%	acc@20: 71.78%	acc@30: 87.47%	
[2023-11-25 03:21:26] INFO (nni/MainThread) Intermediate result: 21.21426174965623  (Index 189)
*** Epoch: 95 ***
-----------------G2R RESULT-------------------

val result: krc:0.821 | lsd:0.573 | ed:0.865 | hr@1:0.716 | hr@2:0.89 | hr@3:0.927 | acc@1:0.716 | acc@2:0.653 | acc@3:0.615 | Best krc: 0.845 | Best epoch: 88
[2023-11-25 03:22:01] INFO (nni/MainThread) Intermediate result: 0.8214050847369605  (Index 190)
-----------------ETPA RESULT-------------------
Epoch 95: Validation	rmse: 21.24	mae: 16.78	mape: 35.78%	acc@10: 35.03%	acc@20: 71.71%	acc@30: 87.47%	
[2023-11-25 03:22:01] INFO (nni/MainThread) Intermediate result: 21.24335478810783  (Index 191)
*** Epoch: 96 ***
-----------------G2R RESULT-------------------

val result: krc:0.831 | lsd:0.521 | ed:0.837 | hr@1:0.717 | hr@2:0.898 | hr@3:0.935 | acc@1:0.717 | acc@2:0.661 | acc@3:0.63 | Best krc: 0.845 | Best epoch: 88
[2023-11-25 03:22:35] INFO (nni/MainThread) Intermediate result: 0.830894090605503  (Index 192)
-----------------ETPA RESULT-------------------
Epoch 96: Validation	rmse: 21.25	mae: 16.78	mape: 35.77%	acc@10: 35.12%	acc@20: 71.62%	acc@30: 87.53%	
[2023-11-25 03:22:35] INFO (nni/MainThread) Intermediate result: 21.253370871130436  (Index 193)
*** Epoch: 97 ***
-----------------G2R RESULT-------------------

val result: krc:0.838 | lsd:0.493 | ed:0.813 | hr@1:0.729 | hr@2:0.9 | hr@3:0.938 | acc@1:0.729 | acc@2:0.672 | acc@3:0.642 | Best krc: 0.845 | Best epoch: 88
[2023-11-25 03:23:07] INFO (nni/MainThread) Intermediate result: 0.8384164867505487  (Index 194)
-----------------ETPA RESULT-------------------
Epoch 97: Validation	rmse: 21.25	mae: 16.77	mape: 35.72%	acc@10: 35.14%	acc@20: 71.62%	acc@30: 87.6%	
[2023-11-25 03:23:07] INFO (nni/MainThread) Intermediate result: 21.25023975057648  (Index 195)
*** Epoch: 98 ***
-----------------G2R RESULT-------------------

val result: krc:0.829 | lsd:0.493 | ed:0.851 | hr@1:0.723 | hr@2:0.897 | hr@3:0.933 | acc@1:0.723 | acc@2:0.665 | acc@3:0.626 | Best krc: 0.845 | Best epoch: 88
[2023-11-25 03:23:39] INFO (nni/MainThread) Intermediate result: 0.8289010236714653  (Index 196)
-----------------ETPA RESULT-------------------
Epoch 98: Validation	rmse: 21.26	mae: 16.77	mape: 35.71%	acc@10: 35.26%	acc@20: 71.5%	acc@30: 87.63%	
[2023-11-25 03:23:39] INFO (nni/MainThread) Intermediate result: 21.264584813928927  (Index 197)
*** Epoch: 99 ***
-----------------G2R RESULT-------------------

val result: krc:0.842 | lsd:0.46 | ed:0.811 | hr@1:0.733 | hr@2:0.903 | hr@3:0.939 | acc@1:0.733 | acc@2:0.675 | acc@3:0.643 | Best krc: 0.845 | Best epoch: 88
[2023-11-25 03:24:10] INFO (nni/MainThread) Intermediate result: 0.8421168606127067  (Index 198)
-----------------ETPA RESULT-------------------
Epoch 99: Validation	rmse: 21.28	mae: 16.77	mape: 35.71%	acc@10: 35.28%	acc@20: 71.38%	acc@30: 87.56%	
[2023-11-25 03:24:10] INFO (nni/MainThread) Intermediate result: 21.284787982430853  (Index 199)
*** Epoch: 100 ***
-----------------G2R RESULT-------------------

val result: krc:0.843 | lsd:0.486 | ed:0.805 | hr@1:0.743 | hr@2:0.901 | hr@3:0.936 | acc@1:0.743 | acc@2:0.684 | acc@3:0.648 | Best krc: 0.845 | Best epoch: 88
[2023-11-25 03:24:49] INFO (nni/MainThread) Intermediate result: 0.8433558603213174  (Index 200)
-----------------ETPA RESULT-------------------
Epoch 100: Validation	rmse: 21.29	mae: 16.77	mape: 35.69%	acc@10: 35.4%	acc@20: 71.26%	acc@30: 87.59%	
[2023-11-25 03:24:49] INFO (nni/MainThread) Intermediate result: 21.294592049061887  (Index 201)
*** Epoch: 101 ***
-----------------G2R RESULT-------------------

val result: krc:0.84 | lsd:0.491 | ed:0.815 | hr@1:0.738 | hr@2:0.901 | hr@3:0.933 | acc@1:0.738 | acc@2:0.679 | acc@3:0.644 | Best krc: 0.845 | Best epoch: 88
[2023-11-25 03:25:21] INFO (nni/MainThread) Intermediate result: 0.8400728468765197  (Index 202)
-----------------ETPA RESULT-------------------
Epoch 101: Validation	rmse: 21.32	mae: 16.79	mape: 35.71%	acc@10: 35.42%	acc@20: 71.2%	acc@30: 87.59%	
[2023-11-25 03:25:21] INFO (nni/MainThread) Intermediate result: 21.323657265447515  (Index 203)
*** Epoch: 102 ***
-----------------G2R RESULT-------------------

val result: krc:0.841 | lsd:0.454 | ed:0.813 | hr@1:0.737 | hr@2:0.902 | hr@3:0.938 | acc@1:0.737 | acc@2:0.674 | acc@3:0.645 | Best krc: 0.845 | Best epoch: 88
[2023-11-25 03:25:56] INFO (nni/MainThread) Intermediate result: 0.8408826924261992  (Index 204)
-----------------ETPA RESULT-------------------
Epoch 102: Validation	rmse: 21.33	mae: 16.79	mape: 35.71%	acc@10: 35.41%	acc@20: 71.12%	acc@30: 87.59%	
[2023-11-25 03:25:56] INFO (nni/MainThread) Intermediate result: 21.32680403894539  (Index 205)
*** Epoch: 103 ***
-----------------G2R RESULT-------------------

val result: krc:0.844 | lsd:0.468 | ed:0.801 | hr@1:0.746 | hr@2:0.904 | hr@3:0.938 | acc@1:0.746 | acc@2:0.683 | acc@3:0.651 | Best krc: 0.845 | Best epoch: 88
[2023-11-25 03:26:28] INFO (nni/MainThread) Intermediate result: 0.844381066794709  (Index 206)
-----------------ETPA RESULT-------------------
Epoch 103: Validation	rmse: 21.34	mae: 16.79	mape: 35.7%	acc@10: 35.49%	acc@20: 71.03%	acc@30: 87.62%	
[2023-11-25 03:26:28] INFO (nni/MainThread) Intermediate result: 21.344291107530523  (Index 207)
*** Epoch: 104 ***
-----------------G2R RESULT-------------------

val result: krc:0.841 | lsd:0.487 | ed:0.813 | hr@1:0.738 | hr@2:0.901 | hr@3:0.937 | acc@1:0.738 | acc@2:0.677 | acc@3:0.643 | Best krc: 0.845 | Best epoch: 88
[2023-11-25 03:27:00] INFO (nni/MainThread) Intermediate result: 0.8412882481006662  (Index 208)
-----------------ETPA RESULT-------------------
Epoch 104: Validation	rmse: 21.39	mae: 16.82	mape: 35.74%	acc@10: 35.48%	acc@20: 70.92%	acc@30: 87.59%	
[2023-11-25 03:27:00] INFO (nni/MainThread) Intermediate result: 21.38776817595521  (Index 209)
*** Epoch: 105 ***
-----------------G2R RESULT-------------------

val result: krc:0.836 | lsd:0.504 | ed:0.831 | hr@1:0.731 | hr@2:0.899 | hr@3:0.932 | acc@1:0.731 | acc@2:0.669 | acc@3:0.637 | Best krc: 0.845 | Best epoch: 88
[2023-11-25 03:27:32] INFO (nni/MainThread) Intermediate result: 0.8355691124208832  (Index 210)
-----------------ETPA RESULT-------------------
Epoch 105: Validation	rmse: 21.4	mae: 16.81	mape: 35.7%	acc@10: 35.58%	acc@20: 70.9%	acc@30: 87.62%	
[2023-11-25 03:27:32] INFO (nni/MainThread) Intermediate result: 21.402988437076484  (Index 211)
*** Epoch: 106 ***
-----------------G2R RESULT-------------------

val result: krc:0.835 | lsd:0.511 | ed:0.829 | hr@1:0.728 | hr@2:0.899 | hr@3:0.936 | acc@1:0.728 | acc@2:0.669 | acc@3:0.636 | Best krc: 0.845 | Best epoch: 88
[2023-11-25 03:28:06] INFO (nni/MainThread) Intermediate result: 0.8348263497017322  (Index 212)
-----------------ETPA RESULT-------------------
Epoch 106: Validation	rmse: 21.41	mae: 16.8	mape: 35.68%	acc@10: 35.66%	acc@20: 70.82%	acc@30: 87.65%	
[2023-11-25 03:28:06] INFO (nni/MainThread) Intermediate result: 21.40973952162559  (Index 213)
*** Epoch: 107 ***
-----------------G2R RESULT-------------------

val result: krc:0.834 | lsd:0.502 | ed:0.824 | hr@1:0.732 | hr@2:0.901 | hr@3:0.935 | acc@1:0.732 | acc@2:0.672 | acc@3:0.638 | Best krc: 0.845 | Best epoch: 88
[2023-11-25 03:28:42] INFO (nni/MainThread) Intermediate result: 0.8342652078200832  (Index 214)
-----------------ETPA RESULT-------------------
Epoch 107: Validation	rmse: 21.43	mae: 16.8	mape: 35.67%	acc@10: 35.76%	acc@20: 70.72%	acc@30: 87.64%	
[2023-11-25 03:28:42] INFO (nni/MainThread) Intermediate result: 21.42872942165217  (Index 215)
*** Epoch: 108 ***
-----------------G2R RESULT-------------------

val result: krc:0.836 | lsd:0.481 | ed:0.826 | hr@1:0.731 | hr@2:0.901 | hr@3:0.938 | acc@1:0.731 | acc@2:0.666 | acc@3:0.637 | Best krc: 0.845 | Best epoch: 88
[2023-11-25 03:29:17] INFO (nni/MainThread) Intermediate result: 0.8356194709758329  (Index 216)
-----------------ETPA RESULT-------------------
Epoch 108: Validation	rmse: 21.45	mae: 16.8	mape: 35.64%	acc@10: 35.87%	acc@20: 70.7%	acc@30: 87.64%	
[2023-11-25 03:29:17] INFO (nni/MainThread) Intermediate result: 21.44857523946648  (Index 217)
loaded model path: /home/sentanoe/joint_training/data/dataset/food_pd/sort_model/hidden_size-8.gcnru-pd_1700875910.46410441700875910.4641278
best model loaded !!!
krc:0.837 | lsd:0.36 | ed:0.798 | hr@1:0.747 | hr@2:0.928 | hr@3:0.95 | acc@1:0.747 | acc@2:0.696 | acc@3:0.65 |

-------------------------------------------------------------
Best epoch for G2R:  88
Best epoch for ETPA:  16
graph2route_pd Evaluation in test: krc:0.837 | lsd:0.36 | ed:0.798 | hr@1:0.747 | hr@2:0.928 | hr@3:0.95 | acc@1:0.747 | acc@2:0.696 | acc@3:0.65 |
RankPETA Evaluation in test: rmse: 11.36	mae: 9.85	mape: 81.14%	acc@10: 60.0%	acc@20: 100.0%	acc@30: 100.0%	
