Device:  cuda
{'alpha_loss': 0.5,
 'batch_size': 64,
 'dataset': 'food_pd',
 'datatype': 'order',
 'device': device(type='cuda'),
 'early_stop': 10,
 'edge_fea_dim': 5,
 'embedding_dim': 32,
 'eval_end_1': 11,
 'eval_end_2': 25,
 'eval_start': 1,
 'gcn_num_layers': 2,
 'hidden_size': 8,
 'is_eval': False,
 'is_test': False,
 'k_min_nodes': 3,
 'k_nearest_neighbors': 'n-1',
 'lr': 0.001,
 'max_task_num': 25,
 'min_task_num': 0,
 'modelArrivalTime': 'RankPETA',
 'modelRoute': 'graph2route_pd',
 'no_cuda': False,
 'node_fea_dim': 8,
 'node_features_test': '/home/sentanoe/joint_training/data/dataset/food_pd/node_features_test_full.npy',
 'node_features_train': '/home/sentanoe/joint_training/data/dataset/food_pd/node_features_train_full.npy',
 'node_features_val': '/home/sentanoe/joint_training/data/dataset/food_pd/node_features_val_full.npy',
 'num_block': 2,
 'num_epoch': 1000,
 'num_head': 2,
 'num_worker_logistics': 2346,
 'num_worker_pd': 920,
 'pad_value': 26,
 'seed': 1000,
 'sort_mode': 'pnn_idx',
 'spatial_encoder': 'gcn',
 'temporal_encoder': 'tft',
 'test_path': '/home/sentanoe/joint_training/data/dataset/food_pd/test_full.npy',
 'train_mode': 'sort',
 'train_path': '/home/sentanoe/joint_training/data/dataset/food_pd/train_full.npy',
 'val_path': '/home/sentanoe/joint_training/data/dataset/food_pd/val_full.npy',
 'wd': 1e-05,
 'worker_emb_dim': 10,
 'workers': 2}
last_x_size:13;unpick_x_size:12;input_size:53
#train:2521 | #val:1257 | #test:1261
*** Epoch: 0 ***
-----------------G2R RESULT-------------------

val result: krc:0.761 | lsd:0.701 | ed:1.03 | hr@1:0.629 | hr@2:0.855 | hr@3:0.899 | acc@1:0.629 | acc@2:0.572 | acc@3:0.536 | Best krc: -1 | Best epoch: -1
best model saved
[2023-12-16 10:06:26] INFO (nni/MainThread) Intermediate result: 0.7612790454941745  (Index 0)
-----------------ETPA RESULT-------------------
Epoch 0: Validation	rmse: 24.51	mae: 19.3	mape: 72.23%	acc@10: 31.48%	acc@20: 59.26%	acc@30: 79.26%	
[2023-12-16 10:06:27] INFO (nni/MainThread) Intermediate result: 24.50568432941886  (Index 1)
*** Epoch: 1 ***
-----------------G2R RESULT-------------------

val result: krc:0.762 | lsd:0.705 | ed:1.021 | hr@1:0.634 | hr@2:0.851 | hr@3:0.903 | acc@1:0.634 | acc@2:0.572 | acc@3:0.534 | Best krc: 0.761 | Best epoch: 0
best model saved
[2023-12-16 10:08:00] INFO (nni/MainThread) Intermediate result: 0.7624010930526016  (Index 2)
-----------------ETPA RESULT-------------------
Epoch 1: Validation	rmse: 24.18	mae: 18.48	mape: 97.96%	acc@10: 35.74%	acc@20: 63.7%	acc@30: 80.93%	
[2023-12-16 10:08:00] INFO (nni/MainThread) Intermediate result: 24.1776324168939  (Index 3)
*** Epoch: 2 ***
-----------------G2R RESULT-------------------

val result: krc:0.762 | lsd:0.703 | ed:1.032 | hr@1:0.639 | hr@2:0.855 | hr@3:0.903 | acc@1:0.639 | acc@2:0.577 | acc@3:0.536 | Best krc: 0.762 | Best epoch: 1
[2023-12-16 10:09:32] INFO (nni/MainThread) Intermediate result: 0.7616051392614576  (Index 4)
-----------------ETPA RESULT-------------------
Epoch 2: Validation	rmse: 23.1	mae: 17.77	mape: 103.65%	acc@10: 36.91%	acc@20: 66.54%	acc@30: 82.47%	
[2023-12-16 10:09:32] INFO (nni/MainThread) Intermediate result: 23.10338815539242  (Index 5)
*** Epoch: 3 ***
-----------------G2R RESULT-------------------

val result: krc:0.771 | lsd:0.691 | ed:0.999 | hr@1:0.642 | hr@2:0.859 | hr@3:0.903 | acc@1:0.642 | acc@2:0.585 | acc@3:0.545 | Best krc: 0.762 | Best epoch: 1
best model saved
[2023-12-16 10:11:05] INFO (nni/MainThread) Intermediate result: 0.7709133040921411  (Index 6)
-----------------ETPA RESULT-------------------
Epoch 3: Validation	rmse: 22.12	mae: 17.04	mape: 103.01%	acc@10: 38.7%	acc@20: 68.33%	acc@30: 83.61%	
[2023-12-16 10:11:05] INFO (nni/MainThread) Intermediate result: 22.11765633239538  (Index 7)
*** Epoch: 4 ***
-----------------G2R RESULT-------------------

val result: krc:0.76 | lsd:0.706 | ed:1.017 | hr@1:0.629 | hr@2:0.858 | hr@3:0.906 | acc@1:0.629 | acc@2:0.575 | acc@3:0.534 | Best krc: 0.771 | Best epoch: 3
[2023-12-16 10:12:37] INFO (nni/MainThread) Intermediate result: 0.7600037737772761  (Index 8)
-----------------ETPA RESULT-------------------
Epoch 4: Validation	rmse: 21.46	mae: 16.59	mape: 104.0%	acc@10: 39.33%	acc@20: 69.41%	acc@30: 84.44%	
[2023-12-16 10:12:37] INFO (nni/MainThread) Intermediate result: 21.45884892723112  (Index 9)
*** Epoch: 5 ***
-----------------G2R RESULT-------------------

val result: krc:0.768 | lsd:0.677 | ed:0.999 | hr@1:0.637 | hr@2:0.862 | hr@3:0.905 | acc@1:0.637 | acc@2:0.582 | acc@3:0.54 | Best krc: 0.771 | Best epoch: 3
[2023-12-16 10:14:09] INFO (nni/MainThread) Intermediate result: 0.768197673838251  (Index 10)
-----------------ETPA RESULT-------------------
Epoch 5: Validation	rmse: 20.72	mae: 16.01	mape: 101.97%	acc@10: 40.93%	acc@20: 70.8%	acc@30: 85.74%	
[2023-12-16 10:14:09] INFO (nni/MainThread) Intermediate result: 20.716699685287743  (Index 11)
*** Epoch: 6 ***
-----------------G2R RESULT-------------------

val result: krc:0.774 | lsd:0.693 | ed:0.977 | hr@1:0.638 | hr@2:0.861 | hr@3:0.908 | acc@1:0.638 | acc@2:0.585 | acc@3:0.549 | Best krc: 0.771 | Best epoch: 3
best model saved
[2023-12-16 10:15:43] INFO (nni/MainThread) Intermediate result: 0.7744994667513254  (Index 12)
-----------------ETPA RESULT-------------------
Epoch 6: Validation	rmse: 19.97	mae: 15.46	mape: 99.7%	acc@10: 42.28%	acc@20: 72.22%	acc@30: 87.09%	
[2023-12-16 10:15:43] INFO (nni/MainThread) Intermediate result: 19.972827841145122  (Index 13)
*** Epoch: 7 ***
-----------------G2R RESULT-------------------

val result: krc:0.768 | lsd:0.679 | ed:1.009 | hr@1:0.634 | hr@2:0.861 | hr@3:0.906 | acc@1:0.634 | acc@2:0.575 | acc@3:0.537 | Best krc: 0.774 | Best epoch: 6
[2023-12-16 10:17:15] INFO (nni/MainThread) Intermediate result: 0.7684606740487807  (Index 14)
-----------------ETPA RESULT-------------------
Epoch 7: Validation	rmse: 19.41	mae: 15.08	mape: 97.96%	acc@10: 43.01%	acc@20: 73.52%	acc@30: 88.15%	
[2023-12-16 10:17:15] INFO (nni/MainThread) Intermediate result: 19.414788123406247  (Index 15)
*** Epoch: 8 ***
-----------------G2R RESULT-------------------

val result: krc:0.767 | lsd:0.677 | ed:0.999 | hr@1:0.644 | hr@2:0.865 | hr@3:0.909 | acc@1:0.644 | acc@2:0.585 | acc@3:0.547 | Best krc: 0.774 | Best epoch: 6
[2023-12-16 10:18:48] INFO (nni/MainThread) Intermediate result: 0.7667515247226658  (Index 16)
-----------------ETPA RESULT-------------------
Epoch 8: Validation	rmse: 18.98	mae: 14.74	mape: 96.51%	acc@10: 44.07%	acc@20: 74.2%	acc@30: 88.85%	
[2023-12-16 10:18:48] INFO (nni/MainThread) Intermediate result: 18.981526577492378  (Index 17)
*** Epoch: 9 ***
-----------------G2R RESULT-------------------

val result: krc:0.785 | lsd:0.65 | ed:0.944 | hr@1:0.659 | hr@2:0.864 | hr@3:0.911 | acc@1:0.659 | acc@2:0.603 | acc@3:0.567 | Best krc: 0.774 | Best epoch: 6
best model saved
[2023-12-16 10:20:22] INFO (nni/MainThread) Intermediate result: 0.7847775803525694  (Index 18)
-----------------ETPA RESULT-------------------
Epoch 9: Validation	rmse: 18.53	mae: 14.38	mape: 93.68%	acc@10: 45.37%	acc@20: 75.26%	acc@30: 89.37%	
[2023-12-16 10:20:22] INFO (nni/MainThread) Intermediate result: 18.527337077878  (Index 19)
*** Epoch: 10 ***
-----------------G2R RESULT-------------------

val result: krc:0.787 | lsd:0.644 | ed:0.951 | hr@1:0.671 | hr@2:0.866 | hr@3:0.911 | acc@1:0.671 | acc@2:0.608 | acc@3:0.565 | Best krc: 0.785 | Best epoch: 9
best model saved
[2023-12-16 10:21:57] INFO (nni/MainThread) Intermediate result: 0.7872716151684231  (Index 20)
-----------------ETPA RESULT-------------------
Epoch 10: Validation	rmse: 18.16	mae: 14.12	mape: 92.54%	acc@10: 45.86%	acc@20: 76.13%	acc@30: 90.0%	
[2023-12-16 10:21:57] INFO (nni/MainThread) Intermediate result: 18.161972268431537  (Index 21)
*** Epoch: 11 ***
-----------------G2R RESULT-------------------

val result: krc:0.788 | lsd:0.671 | ed:0.951 | hr@1:0.703 | hr@2:0.862 | hr@3:0.916 | acc@1:0.703 | acc@2:0.624 | acc@3:0.585 | Best krc: 0.787 | Best epoch: 10
best model saved
[2023-12-16 10:23:33] INFO (nni/MainThread) Intermediate result: 0.7880510740939249  (Index 22)
-----------------ETPA RESULT-------------------
Epoch 11: Validation	rmse: 17.82	mae: 13.87	mape: 90.85%	acc@10: 46.6%	acc@20: 76.85%	acc@30: 90.49%	
[2023-12-16 10:23:33] INFO (nni/MainThread) Intermediate result: 17.822226196381934  (Index 23)
*** Epoch: 12 ***
-----------------G2R RESULT-------------------

val result: krc:0.801 | lsd:0.656 | ed:0.912 | hr@1:0.715 | hr@2:0.867 | hr@3:0.919 | acc@1:0.715 | acc@2:0.634 | acc@3:0.596 | Best krc: 0.788 | Best epoch: 11
best model saved
[2023-12-16 10:25:08] INFO (nni/MainThread) Intermediate result: 0.8011608029535444  (Index 24)
-----------------ETPA RESULT-------------------
Epoch 12: Validation	rmse: 17.57	mae: 13.67	mape: 89.72%	acc@10: 47.24%	acc@20: 77.21%	acc@30: 90.88%	
[2023-12-16 10:25:08] INFO (nni/MainThread) Intermediate result: 17.572735302979748  (Index 25)
*** Epoch: 13 ***
-----------------G2R RESULT-------------------

val result: krc:0.795 | lsd:0.672 | ed:0.933 | hr@1:0.711 | hr@2:0.868 | hr@3:0.913 | acc@1:0.711 | acc@2:0.63 | acc@3:0.589 | Best krc: 0.801 | Best epoch: 12
[2023-12-16 10:26:42] INFO (nni/MainThread) Intermediate result: 0.7954750805559726  (Index 26)
-----------------ETPA RESULT-------------------
Epoch 13: Validation	rmse: 17.37	mae: 13.53	mape: 89.04%	acc@10: 47.43%	acc@20: 77.49%	acc@30: 91.19%	
[2023-12-16 10:26:42] INFO (nni/MainThread) Intermediate result: 17.37093957578437  (Index 27)
*** Epoch: 14 ***
-----------------G2R RESULT-------------------

val result: krc:0.793 | lsd:0.666 | ed:0.927 | hr@1:0.694 | hr@2:0.866 | hr@3:0.916 | acc@1:0.694 | acc@2:0.623 | acc@3:0.588 | Best krc: 0.801 | Best epoch: 12
[2023-12-16 10:28:15] INFO (nni/MainThread) Intermediate result: 0.7932186150988075  (Index 28)
-----------------ETPA RESULT-------------------
Epoch 14: Validation	rmse: 17.21	mae: 13.42	mape: 88.56%	acc@10: 47.75%	acc@20: 77.85%	acc@30: 91.53%	
[2023-12-16 10:28:15] INFO (nni/MainThread) Intermediate result: 17.211255580410526  (Index 29)
*** Epoch: 15 ***
-----------------G2R RESULT-------------------

val result: krc:0.79 | lsd:0.658 | ed:0.944 | hr@1:0.679 | hr@2:0.869 | hr@3:0.92 | acc@1:0.679 | acc@2:0.61 | acc@3:0.581 | Best krc: 0.801 | Best epoch: 12
[2023-12-16 10:29:49] INFO (nni/MainThread) Intermediate result: 0.7896192269082519  (Index 30)
-----------------ETPA RESULT-------------------
Epoch 15: Validation	rmse: 17.02	mae: 13.26	mape: 87.25%	acc@10: 48.15%	acc@20: 78.33%	acc@30: 91.78%	
[2023-12-16 10:29:49] INFO (nni/MainThread) Intermediate result: 17.01668051626952  (Index 31)
*** Epoch: 16 ***
-----------------G2R RESULT-------------------

val result: krc:0.806 | lsd:0.651 | ed:0.909 | hr@1:0.708 | hr@2:0.871 | hr@3:0.916 | acc@1:0.708 | acc@2:0.637 | acc@3:0.597 | Best krc: 0.801 | Best epoch: 12
best model saved
[2023-12-16 10:31:24] INFO (nni/MainThread) Intermediate result: 0.8060853085601667  (Index 32)
-----------------ETPA RESULT-------------------
Epoch 16: Validation	rmse: 16.85	mae: 13.13	mape: 86.23%	acc@10: 48.58%	acc@20: 78.74%	acc@30: 91.98%	
[2023-12-16 10:31:24] INFO (nni/MainThread) Intermediate result: 16.85301857568404  (Index 33)
*** Epoch: 17 ***
-----------------G2R RESULT-------------------

val result: krc:0.787 | lsd:0.688 | ed:0.964 | hr@1:0.67 | hr@2:0.867 | hr@3:0.916 | acc@1:0.67 | acc@2:0.605 | acc@3:0.568 | Best krc: 0.806 | Best epoch: 16
[2023-12-16 10:32:59] INFO (nni/MainThread) Intermediate result: 0.7869715272338795  (Index 34)
-----------------ETPA RESULT-------------------
Epoch 17: Validation	rmse: 16.79	mae: 13.1	mape: 86.67%	acc@10: 48.42%	acc@20: 78.83%	acc@30: 92.18%	
[2023-12-16 10:32:59] INFO (nni/MainThread) Intermediate result: 16.78603090587682  (Index 35)
*** Epoch: 18 ***
-----------------G2R RESULT-------------------

val result: krc:0.807 | lsd:0.62 | ed:0.893 | hr@1:0.71 | hr@2:0.875 | hr@3:0.919 | acc@1:0.71 | acc@2:0.64 | acc@3:0.602 | Best krc: 0.806 | Best epoch: 16
best model saved
[2023-12-16 10:34:34] INFO (nni/MainThread) Intermediate result: 0.8072263683457388  (Index 36)
-----------------ETPA RESULT-------------------
Epoch 18: Validation	rmse: 16.67	mae: 13.02	mape: 86.4%	acc@10: 48.64%	acc@20: 78.95%	acc@30: 92.4%	
[2023-12-16 10:34:34] INFO (nni/MainThread) Intermediate result: 16.674578177489206  (Index 37)
*** Epoch: 19 ***
-----------------G2R RESULT-------------------

val result: krc:0.814 | lsd:0.618 | ed:0.898 | hr@1:0.726 | hr@2:0.875 | hr@3:0.92 | acc@1:0.726 | acc@2:0.648 | acc@3:0.608 | Best krc: 0.807 | Best epoch: 18
best model saved
[2023-12-16 10:36:09] INFO (nni/MainThread) Intermediate result: 0.8140654587440769  (Index 38)
-----------------ETPA RESULT-------------------
Epoch 19: Validation	rmse: 16.55	mae: 12.93	mape: 85.68%	acc@10: 48.87%	acc@20: 79.2%	acc@30: 92.54%	
[2023-12-16 10:36:09] INFO (nni/MainThread) Intermediate result: 16.54900194775956  (Index 39)
*** Epoch: 20 ***
-----------------G2R RESULT-------------------

val result: krc:0.813 | lsd:0.64 | ed:0.902 | hr@1:0.725 | hr@2:0.871 | hr@3:0.921 | acc@1:0.725 | acc@2:0.646 | acc@3:0.609 | Best krc: 0.814 | Best epoch: 19
[2023-12-16 10:37:43] INFO (nni/MainThread) Intermediate result: 0.8129872944914482  (Index 40)
-----------------ETPA RESULT-------------------
Epoch 20: Validation	rmse: 16.43	mae: 12.84	mape: 85.22%	acc@10: 49.07%	acc@20: 79.45%	acc@30: 92.73%	
[2023-12-16 10:37:43] INFO (nni/MainThread) Intermediate result: 16.427823076877733  (Index 41)
*** Epoch: 21 ***
-----------------G2R RESULT-------------------

val result: krc:0.801 | lsd:0.627 | ed:0.912 | hr@1:0.695 | hr@2:0.873 | hr@3:0.92 | acc@1:0.695 | acc@2:0.631 | acc@3:0.592 | Best krc: 0.814 | Best epoch: 19
[2023-12-16 10:39:16] INFO (nni/MainThread) Intermediate result: 0.8009396381849376  (Index 42)
-----------------ETPA RESULT-------------------
Epoch 21: Validation	rmse: 16.34	mae: 12.78	mape: 85.01%	acc@10: 49.16%	acc@20: 79.61%	acc@30: 92.86%	
[2023-12-16 10:39:16] INFO (nni/MainThread) Intermediate result: 16.34057754876249  (Index 43)
*** Epoch: 22 ***
-----------------G2R RESULT-------------------

val result: krc:0.797 | lsd:0.648 | ed:0.918 | hr@1:0.695 | hr@2:0.873 | hr@3:0.919 | acc@1:0.695 | acc@2:0.626 | acc@3:0.589 | Best krc: 0.814 | Best epoch: 19
[2023-12-16 10:40:48] INFO (nni/MainThread) Intermediate result: 0.7972172089356173  (Index 44)
-----------------ETPA RESULT-------------------
Epoch 22: Validation	rmse: 16.23	mae: 12.71	mape: 84.54%	acc@10: 49.31%	acc@20: 79.95%	acc@30: 93.03%	
[2023-12-16 10:40:48] INFO (nni/MainThread) Intermediate result: 16.234606441496567  (Index 45)
*** Epoch: 23 ***
-----------------G2R RESULT-------------------

val result: krc:0.781 | lsd:0.69 | ed:0.995 | hr@1:0.698 | hr@2:0.868 | hr@3:0.915 | acc@1:0.698 | acc@2:0.624 | acc@3:0.576 | Best krc: 0.814 | Best epoch: 19
[2023-12-16 10:42:22] INFO (nni/MainThread) Intermediate result: 0.781318166845058  (Index 46)
-----------------ETPA RESULT-------------------
Epoch 23: Validation	rmse: 16.16	mae: 12.66	mape: 84.25%	acc@10: 49.4%	acc@20: 80.11%	acc@30: 93.19%	
[2023-12-16 10:42:22] INFO (nni/MainThread) Intermediate result: 16.157127771210952  (Index 47)
*** Epoch: 24 ***
-----------------G2R RESULT-------------------

val result: krc:0.81 | lsd:0.629 | ed:0.902 | hr@1:0.716 | hr@2:0.876 | hr@3:0.925 | acc@1:0.716 | acc@2:0.644 | acc@3:0.606 | Best krc: 0.814 | Best epoch: 19
[2023-12-16 10:43:55] INFO (nni/MainThread) Intermediate result: 0.8101160139638494  (Index 48)
-----------------ETPA RESULT-------------------
Epoch 24: Validation	rmse: 16.11	mae: 12.62	mape: 84.13%	acc@10: 49.56%	acc@20: 80.16%	acc@30: 93.26%	
[2023-12-16 10:43:55] INFO (nni/MainThread) Intermediate result: 16.109779360605906  (Index 49)
*** Epoch: 25 ***
-----------------G2R RESULT-------------------

val result: krc:0.808 | lsd:0.628 | ed:0.897 | hr@1:0.731 | hr@2:0.873 | hr@3:0.923 | acc@1:0.731 | acc@2:0.641 | acc@3:0.604 | Best krc: 0.814 | Best epoch: 19
[2023-12-16 10:45:28] INFO (nni/MainThread) Intermediate result: 0.8075795926692296  (Index 50)
-----------------ETPA RESULT-------------------
Epoch 25: Validation	rmse: 16.05	mae: 12.59	mape: 84.09%	acc@10: 49.59%	acc@20: 80.28%	acc@30: 93.35%	
[2023-12-16 10:45:28] INFO (nni/MainThread) Intermediate result: 16.051618005382153  (Index 51)
*** Epoch: 26 ***
-----------------G2R RESULT-------------------

val result: krc:0.791 | lsd:0.662 | ed:0.959 | hr@1:0.697 | hr@2:0.864 | hr@3:0.911 | acc@1:0.697 | acc@2:0.619 | acc@3:0.574 | Best krc: 0.814 | Best epoch: 19
[2023-12-16 10:47:02] INFO (nni/MainThread) Intermediate result: 0.7910436183195254  (Index 52)
-----------------ETPA RESULT-------------------
Epoch 26: Validation	rmse: 15.98	mae: 12.53	mape: 83.66%	acc@10: 49.79%	acc@20: 80.38%	acc@30: 93.42%	
[2023-12-16 10:47:02] INFO (nni/MainThread) Intermediate result: 15.979233016217538  (Index 53)
*** Epoch: 27 ***
-----------------G2R RESULT-------------------

val result: krc:0.807 | lsd:0.607 | ed:0.888 | hr@1:0.708 | hr@2:0.873 | hr@3:0.92 | acc@1:0.708 | acc@2:0.634 | acc@3:0.598 | Best krc: 0.814 | Best epoch: 19
[2023-12-16 10:48:37] INFO (nni/MainThread) Intermediate result: 0.8069205762253423  (Index 54)
-----------------ETPA RESULT-------------------
Epoch 27: Validation	rmse: 15.9	mae: 12.48	mape: 83.36%	acc@10: 49.89%	acc@20: 80.54%	acc@30: 93.53%	
[2023-12-16 10:48:37] INFO (nni/MainThread) Intermediate result: 15.904774812447748  (Index 55)
*** Epoch: 28 ***
-----------------G2R RESULT-------------------

val result: krc:0.801 | lsd:0.631 | ed:0.908 | hr@1:0.688 | hr@2:0.872 | hr@3:0.916 | acc@1:0.688 | acc@2:0.624 | acc@3:0.589 | Best krc: 0.814 | Best epoch: 19
[2023-12-16 10:50:11] INFO (nni/MainThread) Intermediate result: 0.8013807158363346  (Index 56)
-----------------ETPA RESULT-------------------
Epoch 28: Validation	rmse: 15.84	mae: 12.43	mape: 83.03%	acc@10: 49.9%	acc@20: 80.68%	acc@30: 93.61%	
[2023-12-16 10:50:11] INFO (nni/MainThread) Intermediate result: 15.840426487578549  (Index 57)
*** Epoch: 29 ***
-----------------G2R RESULT-------------------

val result: krc:0.811 | lsd:0.616 | ed:0.879 | hr@1:0.717 | hr@2:0.875 | hr@3:0.919 | acc@1:0.717 | acc@2:0.646 | acc@3:0.607 | Best krc: 0.814 | Best epoch: 19
[2023-12-16 10:51:45] INFO (nni/MainThread) Intermediate result: 0.8105082878060578  (Index 58)
-----------------ETPA RESULT-------------------
Epoch 29: Validation	rmse: 15.82	mae: 12.44	mape: 83.4%	acc@10: 49.63%	acc@20: 80.57%	acc@30: 93.73%	
[2023-12-16 10:51:45] INFO (nni/MainThread) Intermediate result: 15.82015193290233  (Index 59)
loaded model path: /home/sentanoe/joint_training/data/dataset/food_pd/sort_model/hidden_size-8.gcnru-pd_1702717492.66352531702717492.6635377
best model loaded !!!
krc:0.798 | lsd:0.485 | ed:0.919 | hr@1:0.714 | hr@2:0.894 | hr@3:0.94 | acc@1:0.714 | acc@2:0.646 | acc@3:0.6 |

-------------------------------------------------------------
Best epoch for G2R:  19
Best epoch for ETPA:  29
graph2route_pd Evaluation in test: krc:0.798 | lsd:0.485 | ed:0.919 | hr@1:0.714 | hr@2:0.894 | hr@3:0.94 | acc@1:0.714 | acc@2:0.646 | acc@3:0.6 |
RankPETA Evaluation in test: rmse: 15.14	mae: 12.09	mape: 109.02%	acc@10: 47.26%	acc@20: 83.54%	acc@30: 96.62%	
