Device:  cuda
{'alpha_loss': 0.5,
 'batch_size': 64,
 'dataset': 'food_pd',
 'datatype': 'order',
 'device': device(type='cuda'),
 'early_stop': 10,
 'edge_fea_dim': 5,
 'embedding_dim': 32,
 'eval_end_1': 11,
 'eval_end_2': 25,
 'eval_start': 1,
 'gcn_num_layers': 2,
 'hidden_size': 8,
 'is_eval': False,
 'is_test': False,
 'k_min_nodes': 3,
 'k_nearest_neighbors': 'n-1',
 'lr': 0.001,
 'max_task_num': 25,
 'min_task_num': 0,
 'modelArrivalTime': 'RankPETA',
 'modelRoute': 'graph2route_pd',
 'no_cuda': False,
 'node_fea_dim': 8,
 'node_features_test': '/home/sentanoe/joint_training/data/dataset/food_pd/node_features_test_full.npy',
 'node_features_train': '/home/sentanoe/joint_training/data/dataset/food_pd/node_features_train_full.npy',
 'node_features_val': '/home/sentanoe/joint_training/data/dataset/food_pd/node_features_val_full.npy',
 'num_block': 2,
 'num_epoch': 1000,
 'num_head': 2,
 'num_worker_logistics': 2346,
 'num_worker_pd': 920,
 'pad_value': 26,
 'seed': 9999,
 'sort_mode': 'pnn_idx',
 'spatial_encoder': 'gcn',
 'temporal_encoder': 'tft',
 'test_path': '/home/sentanoe/joint_training/data/dataset/food_pd/test_full.npy',
 'train_mode': 'sort',
 'train_path': '/home/sentanoe/joint_training/data/dataset/food_pd/train_full.npy',
 'val_path': '/home/sentanoe/joint_training/data/dataset/food_pd/val_full.npy',
 'wd': 1e-05,
 'worker_emb_dim': 10,
 'workers': 2}
last_x_size:13;unpick_x_size:12;input_size:53
#train:2521 | #val:1257 | #test:1261
*** Epoch: 0 ***
-----------------G2R RESULT-------------------

val result: krc:0.558 | lsd:1.525 | ed:1.539 | hr@1:0.562 | hr@2:0.696 | hr@3:0.819 | acc@1:0.562 | acc@2:0.41 | acc@3:0.384 | Best krc: -1 | Best epoch: -1
best model saved
[2024-01-10 04:14:25] INFO (nni/MainThread) Intermediate result: 0.5578976067738638  (Index 0)
-----------------ETPA RESULT-------------------
Epoch 0: Validation	rmse: 23.41	mae: 17.34	mape: 104.93%	acc@10: 40.37%	acc@20: 70.0%	acc@30: 83.7%	
[2024-01-10 04:14:25] INFO (nni/MainThread) Intermediate result: 23.407263047586454  (Index 1)
*** Epoch: 1 ***
-----------------G2R RESULT-------------------

val result: krc:0.717 | lsd:0.877 | ed:1.166 | hr@1:0.638 | hr@2:0.822 | hr@3:0.883 | acc@1:0.638 | acc@2:0.543 | acc@3:0.494 | Best krc: 0.558 | Best epoch: 0
best model saved
[2024-01-10 04:16:14] INFO (nni/MainThread) Intermediate result: 0.7173990633894438  (Index 2)
-----------------ETPA RESULT-------------------
Epoch 1: Validation	rmse: 22.71	mae: 16.77	mape: 106.32%	acc@10: 42.78%	acc@20: 71.3%	acc@30: 83.33%	
[2024-01-10 04:16:14] INFO (nni/MainThread) Intermediate result: 22.71201892616437  (Index 3)
*** Epoch: 2 ***
-----------------G2R RESULT-------------------

val result: krc:0.724 | lsd:0.862 | ed:1.138 | hr@1:0.646 | hr@2:0.823 | hr@3:0.887 | acc@1:0.646 | acc@2:0.551 | acc@3:0.506 | Best krc: 0.717 | Best epoch: 1
best model saved
[2024-01-10 04:18:04] INFO (nni/MainThread) Intermediate result: 0.7238204147954914  (Index 4)
-----------------ETPA RESULT-------------------
Epoch 2: Validation	rmse: 22.2	mae: 16.36	mape: 106.04%	acc@10: 43.7%	acc@20: 72.1%	acc@30: 83.58%	
[2024-01-10 04:18:04] INFO (nni/MainThread) Intermediate result: 22.196767847151452  (Index 5)
*** Epoch: 3 ***
-----------------G2R RESULT-------------------

val result: krc:0.739 | lsd:0.81 | ed:1.091 | hr@1:0.641 | hr@2:0.837 | hr@3:0.894 | acc@1:0.641 | acc@2:0.564 | acc@3:0.522 | Best krc: 0.724 | Best epoch: 2
best model saved
[2024-01-10 04:19:51] INFO (nni/MainThread) Intermediate result: 0.7385336243053776  (Index 6)
-----------------ETPA RESULT-------------------
Epoch 3: Validation	rmse: 21.96	mae: 16.25	mape: 109.27%	acc@10: 43.15%	acc@20: 71.67%	acc@30: 83.8%	
[2024-01-10 04:19:52] INFO (nni/MainThread) Intermediate result: 21.960976436619895  (Index 7)
*** Epoch: 4 ***
-----------------G2R RESULT-------------------

val result: krc:0.731 | lsd:0.82 | ed:1.108 | hr@1:0.633 | hr@2:0.834 | hr@3:0.895 | acc@1:0.633 | acc@2:0.554 | acc@3:0.512 | Best krc: 0.739 | Best epoch: 3
[2024-01-10 04:21:38] INFO (nni/MainThread) Intermediate result: 0.7308486363755274  (Index 8)
-----------------ETPA RESULT-------------------
Epoch 4: Validation	rmse: 21.13	mae: 15.79	mape: 106.6%	acc@10: 43.48%	acc@20: 72.37%	acc@30: 84.96%	
[2024-01-10 04:21:38] INFO (nni/MainThread) Intermediate result: 21.125712275028196  (Index 9)
*** Epoch: 5 ***
-----------------G2R RESULT-------------------

val result: krc:0.742 | lsd:0.791 | ed:1.079 | hr@1:0.646 | hr@2:0.837 | hr@3:0.897 | acc@1:0.646 | acc@2:0.562 | acc@3:0.522 | Best krc: 0.739 | Best epoch: 3
best model saved
[2024-01-10 04:23:28] INFO (nni/MainThread) Intermediate result: 0.741606887501072  (Index 10)
-----------------ETPA RESULT-------------------
Epoch 5: Validation	rmse: 20.48	mae: 15.39	mape: 105.1%	acc@10: 44.26%	acc@20: 73.4%	acc@30: 85.68%	
[2024-01-10 04:23:28] INFO (nni/MainThread) Intermediate result: 20.48099172565503  (Index 11)
*** Epoch: 6 ***
-----------------G2R RESULT-------------------

val result: krc:0.747 | lsd:0.786 | ed:1.065 | hr@1:0.657 | hr@2:0.845 | hr@3:0.898 | acc@1:0.657 | acc@2:0.575 | acc@3:0.535 | Best krc: 0.742 | Best epoch: 5
best model saved
[2024-01-10 04:25:16] INFO (nni/MainThread) Intermediate result: 0.7469510518308069  (Index 12)
-----------------ETPA RESULT-------------------
Epoch 6: Validation	rmse: 19.88	mae: 15.05	mape: 104.12%	acc@10: 44.5%	acc@20: 74.02%	acc@30: 86.83%	
[2024-01-10 04:25:16] INFO (nni/MainThread) Intermediate result: 19.88448886854279  (Index 13)
*** Epoch: 7 ***
-----------------G2R RESULT-------------------

val result: krc:0.764 | lsd:0.763 | ed:1.028 | hr@1:0.697 | hr@2:0.84 | hr@3:0.901 | acc@1:0.697 | acc@2:0.601 | acc@3:0.56 | Best krc: 0.747 | Best epoch: 6
best model saved
[2024-01-10 04:27:04] INFO (nni/MainThread) Intermediate result: 0.7641206082133061  (Index 14)
-----------------ETPA RESULT-------------------
Epoch 7: Validation	rmse: 19.48	mae: 14.85	mape: 103.78%	acc@10: 44.12%	acc@20: 74.49%	acc@30: 87.31%	
[2024-01-10 04:27:04] INFO (nni/MainThread) Intermediate result: 19.48208768266914  (Index 15)
*** Epoch: 8 ***
-----------------G2R RESULT-------------------

val result: krc:0.772 | lsd:0.737 | ed:1.004 | hr@1:0.686 | hr@2:0.845 | hr@3:0.904 | acc@1:0.686 | acc@2:0.601 | acc@3:0.564 | Best krc: 0.764 | Best epoch: 7
best model saved
[2024-01-10 04:28:52] INFO (nni/MainThread) Intermediate result: 0.7720998821742152  (Index 16)
-----------------ETPA RESULT-------------------
Epoch 8: Validation	rmse: 18.96	mae: 14.52	mape: 102.03%	acc@10: 44.4%	acc@20: 75.19%	acc@30: 88.31%	
[2024-01-10 04:28:52] INFO (nni/MainThread) Intermediate result: 18.9640193677812  (Index 17)
*** Epoch: 9 ***
-----------------G2R RESULT-------------------

val result: krc:0.778 | lsd:0.728 | ed:0.978 | hr@1:0.696 | hr@2:0.853 | hr@3:0.908 | acc@1:0.696 | acc@2:0.61 | acc@3:0.575 | Best krc: 0.772 | Best epoch: 8
best model saved
[2024-01-10 04:30:41] INFO (nni/MainThread) Intermediate result: 0.7780568276239461  (Index 18)
-----------------ETPA RESULT-------------------
Epoch 9: Validation	rmse: 18.57	mae: 14.23	mape: 100.18%	acc@10: 45.22%	acc@20: 75.78%	acc@30: 88.93%	
[2024-01-10 04:30:41] INFO (nni/MainThread) Intermediate result: 18.569761132338904  (Index 19)
*** Epoch: 10 ***
-----------------G2R RESULT-------------------

val result: krc:0.771 | lsd:0.726 | ed:0.993 | hr@1:0.691 | hr@2:0.852 | hr@3:0.908 | acc@1:0.691 | acc@2:0.604 | acc@3:0.57 | Best krc: 0.778 | Best epoch: 9
[2024-01-10 04:32:28] INFO (nni/MainThread) Intermediate result: 0.7709255738027055  (Index 20)
-----------------ETPA RESULT-------------------
Epoch 10: Validation	rmse: 18.29	mae: 14.05	mape: 99.18%	acc@10: 45.79%	acc@20: 76.36%	acc@30: 89.39%	
[2024-01-10 04:32:28] INFO (nni/MainThread) Intermediate result: 18.287632070447753  (Index 21)
*** Epoch: 11 ***
-----------------G2R RESULT-------------------

val result: krc:0.783 | lsd:0.7 | ed:0.966 | hr@1:0.701 | hr@2:0.854 | hr@3:0.91 | acc@1:0.701 | acc@2:0.613 | acc@3:0.578 | Best krc: 0.778 | Best epoch: 9
best model saved
[2024-01-10 04:34:17] INFO (nni/MainThread) Intermediate result: 0.7827240113204258  (Index 22)
-----------------ETPA RESULT-------------------
Epoch 11: Validation	rmse: 18.04	mae: 13.9	mape: 98.42%	acc@10: 45.99%	acc@20: 76.76%	acc@30: 89.75%	
[2024-01-10 04:34:17] INFO (nni/MainThread) Intermediate result: 18.038480658284424  (Index 23)
*** Epoch: 12 ***
-----------------G2R RESULT-------------------

val result: krc:0.775 | lsd:0.691 | ed:0.984 | hr@1:0.683 | hr@2:0.858 | hr@3:0.911 | acc@1:0.683 | acc@2:0.605 | acc@3:0.568 | Best krc: 0.783 | Best epoch: 11
[2024-01-10 04:36:05] INFO (nni/MainThread) Intermediate result: 0.7749628563795594  (Index 24)
-----------------ETPA RESULT-------------------
Epoch 12: Validation	rmse: 17.82	mae: 13.77	mape: 97.8%	acc@10: 46.15%	acc@20: 76.92%	acc@30: 90.23%	
[2024-01-10 04:36:05] INFO (nni/MainThread) Intermediate result: 17.815039854796773  (Index 25)
*** Epoch: 13 ***
-----------------G2R RESULT-------------------

val result: krc:0.784 | lsd:0.698 | ed:0.958 | hr@1:0.7 | hr@2:0.855 | hr@3:0.907 | acc@1:0.7 | acc@2:0.619 | acc@3:0.578 | Best krc: 0.783 | Best epoch: 11
best model saved
[2024-01-10 04:37:53] INFO (nni/MainThread) Intermediate result: 0.7836448382141429  (Index 26)
-----------------ETPA RESULT-------------------
Epoch 13: Validation	rmse: 17.64	mae: 13.66	mape: 97.4%	acc@10: 46.38%	acc@20: 77.22%	acc@30: 90.48%	
[2024-01-10 04:37:53] INFO (nni/MainThread) Intermediate result: 17.63552122028637  (Index 27)
*** Epoch: 14 ***
-----------------G2R RESULT-------------------

val result: krc:0.787 | lsd:0.699 | ed:0.949 | hr@1:0.712 | hr@2:0.855 | hr@3:0.91 | acc@1:0.712 | acc@2:0.627 | acc@3:0.588 | Best krc: 0.784 | Best epoch: 13
best model saved
[2024-01-10 04:39:42] INFO (nni/MainThread) Intermediate result: 0.7872920174450564  (Index 28)
-----------------ETPA RESULT-------------------
Epoch 14: Validation	rmse: 17.45	mae: 13.53	mape: 96.71%	acc@10: 46.64%	acc@20: 77.51%	acc@30: 90.74%	
[2024-01-10 04:39:42] INFO (nni/MainThread) Intermediate result: 17.447955431125486  (Index 29)
*** Epoch: 15 ***
-----------------G2R RESULT-------------------

val result: krc:0.776 | lsd:0.727 | ed:1.007 | hr@1:0.697 | hr@2:0.854 | hr@3:0.908 | acc@1:0.697 | acc@2:0.608 | acc@3:0.563 | Best krc: 0.787 | Best epoch: 14
[2024-01-10 04:41:30] INFO (nni/MainThread) Intermediate result: 0.7764624227413908  (Index 30)
-----------------ETPA RESULT-------------------
Epoch 15: Validation	rmse: 17.23	mae: 13.39	mape: 95.64%	acc@10: 47.04%	acc@20: 77.94%	acc@30: 91.06%	
[2024-01-10 04:41:30] INFO (nni/MainThread) Intermediate result: 17.23338275826318  (Index 31)
*** Epoch: 16 ***
-----------------G2R RESULT-------------------

val result: krc:0.792 | lsd:0.662 | ed:0.941 | hr@1:0.705 | hr@2:0.867 | hr@3:0.914 | acc@1:0.705 | acc@2:0.626 | acc@3:0.584 | Best krc: 0.787 | Best epoch: 14
best model saved
[2024-01-10 04:43:20] INFO (nni/MainThread) Intermediate result: 0.7916535410370128  (Index 32)
-----------------ETPA RESULT-------------------
Epoch 16: Validation	rmse: 17.12	mae: 13.31	mape: 95.21%	acc@10: 47.25%	acc@20: 78.24%	acc@30: 91.2%	
[2024-01-10 04:43:20] INFO (nni/MainThread) Intermediate result: 17.123766037202124  (Index 33)
*** Epoch: 17 ***
-----------------G2R RESULT-------------------

val result: krc:0.799 | lsd:0.656 | ed:0.908 | hr@1:0.713 | hr@2:0.864 | hr@3:0.914 | acc@1:0.713 | acc@2:0.633 | acc@3:0.596 | Best krc: 0.792 | Best epoch: 16
best model saved
[2024-01-10 04:45:09] INFO (nni/MainThread) Intermediate result: 0.7990784049550993  (Index 34)
-----------------ETPA RESULT-------------------
Epoch 17: Validation	rmse: 17.02	mae: 13.26	mape: 94.92%	acc@10: 47.14%	acc@20: 78.29%	acc@30: 91.46%	
[2024-01-10 04:45:09] INFO (nni/MainThread) Intermediate result: 17.0157749650429  (Index 35)
*** Epoch: 18 ***
-----------------G2R RESULT-------------------

val result: krc:0.793 | lsd:0.664 | ed:0.945 | hr@1:0.701 | hr@2:0.861 | hr@3:0.914 | acc@1:0.701 | acc@2:0.62 | acc@3:0.579 | Best krc: 0.799 | Best epoch: 17
[2024-01-10 04:46:56] INFO (nni/MainThread) Intermediate result: 0.7931953295049052  (Index 36)
-----------------ETPA RESULT-------------------
Epoch 18: Validation	rmse: 16.95	mae: 13.21	mape: 94.43%	acc@10: 47.41%	acc@20: 78.46%	acc@30: 91.46%	
[2024-01-10 04:46:56] INFO (nni/MainThread) Intermediate result: 16.94605576384961  (Index 37)
*** Epoch: 19 ***
-----------------G2R RESULT-------------------

val result: krc:0.797 | lsd:0.648 | ed:0.924 | hr@1:0.707 | hr@2:0.864 | hr@3:0.913 | acc@1:0.707 | acc@2:0.629 | acc@3:0.588 | Best krc: 0.799 | Best epoch: 17
[2024-01-10 04:48:45] INFO (nni/MainThread) Intermediate result: 0.7967234472437795  (Index 38)
-----------------ETPA RESULT-------------------
Epoch 19: Validation	rmse: 16.84	mae: 13.13	mape: 93.81%	acc@10: 47.7%	acc@20: 78.65%	acc@30: 91.67%	
[2024-01-10 04:48:45] INFO (nni/MainThread) Intermediate result: 16.83701562423232  (Index 39)
*** Epoch: 20 ***
-----------------G2R RESULT-------------------

val result: krc:0.799 | lsd:0.658 | ed:0.917 | hr@1:0.713 | hr@2:0.865 | hr@3:0.912 | acc@1:0.713 | acc@2:0.632 | acc@3:0.59 | Best krc: 0.799 | Best epoch: 17
[2024-01-10 04:50:34] INFO (nni/MainThread) Intermediate result: 0.7989437697964151  (Index 40)
-----------------ETPA RESULT-------------------
Epoch 20: Validation	rmse: 16.72	mae: 13.05	mape: 93.08%	acc@10: 48.02%	acc@20: 78.87%	acc@30: 91.87%	
[2024-01-10 04:50:34] INFO (nni/MainThread) Intermediate result: 16.721939446964562  (Index 41)
*** Epoch: 21 ***
-----------------G2R RESULT-------------------

val result: krc:0.799 | lsd:0.646 | ed:0.914 | hr@1:0.71 | hr@2:0.866 | hr@3:0.914 | acc@1:0.71 | acc@2:0.63 | acc@3:0.589 | Best krc: 0.799 | Best epoch: 17
[2024-01-10 04:52:23] INFO (nni/MainThread) Intermediate result: 0.7988600723799675  (Index 42)
-----------------ETPA RESULT-------------------
Epoch 21: Validation	rmse: 16.64	mae: 13.01	mape: 92.85%	acc@10: 48.0%	acc@20: 78.97%	acc@30: 92.1%	
[2024-01-10 04:52:23] INFO (nni/MainThread) Intermediate result: 16.644494889109907  (Index 43)
*** Epoch: 22 ***
-----------------G2R RESULT-------------------

val result: krc:0.799 | lsd:0.66 | ed:0.923 | hr@1:0.715 | hr@2:0.864 | hr@3:0.912 | acc@1:0.715 | acc@2:0.632 | acc@3:0.589 | Best krc: 0.799 | Best epoch: 17
best model saved
[2024-01-10 04:54:13] INFO (nni/MainThread) Intermediate result: 0.7993180946569665  (Index 44)
-----------------ETPA RESULT-------------------
Epoch 22: Validation	rmse: 16.53	mae: 12.92	mape: 91.92%	acc@10: 48.31%	acc@20: 79.19%	acc@30: 92.24%	
[2024-01-10 04:54:13] INFO (nni/MainThread) Intermediate result: 16.53143423448565  (Index 45)
*** Epoch: 23 ***
-----------------G2R RESULT-------------------

val result: krc:0.799 | lsd:0.649 | ed:0.919 | hr@1:0.717 | hr@2:0.865 | hr@3:0.915 | acc@1:0.717 | acc@2:0.634 | acc@3:0.597 | Best krc: 0.799 | Best epoch: 22
[2024-01-10 04:56:01] INFO (nni/MainThread) Intermediate result: 0.7990175692580589  (Index 46)
-----------------ETPA RESULT-------------------
Epoch 23: Validation	rmse: 16.47	mae: 12.87	mape: 91.45%	acc@10: 48.33%	acc@20: 79.31%	acc@30: 92.35%	
[2024-01-10 04:56:01] INFO (nni/MainThread) Intermediate result: 16.466364418001707  (Index 47)
*** Epoch: 24 ***
-----------------G2R RESULT-------------------

val result: krc:0.802 | lsd:0.63 | ed:0.911 | hr@1:0.715 | hr@2:0.873 | hr@3:0.916 | acc@1:0.715 | acc@2:0.643 | acc@3:0.599 | Best krc: 0.799 | Best epoch: 22
best model saved
[2024-01-10 04:57:50] INFO (nni/MainThread) Intermediate result: 0.8024552205313027  (Index 48)
-----------------ETPA RESULT-------------------
Epoch 24: Validation	rmse: 16.37	mae: 12.81	mape: 90.8%	acc@10: 48.56%	acc@20: 79.48%	acc@30: 92.47%	
[2024-01-10 04:57:50] INFO (nni/MainThread) Intermediate result: 16.373324633143945  (Index 49)
*** Epoch: 25 ***
-----------------G2R RESULT-------------------

val result: krc:0.805 | lsd:0.631 | ed:0.898 | hr@1:0.719 | hr@2:0.872 | hr@3:0.916 | acc@1:0.719 | acc@2:0.645 | acc@3:0.604 | Best krc: 0.802 | Best epoch: 24
best model saved
[2024-01-10 04:59:38] INFO (nni/MainThread) Intermediate result: 0.8047655468468762  (Index 50)
-----------------ETPA RESULT-------------------
Epoch 25: Validation	rmse: 16.32	mae: 12.77	mape: 90.43%	acc@10: 48.72%	acc@20: 79.57%	acc@30: 92.56%	
[2024-01-10 04:59:38] INFO (nni/MainThread) Intermediate result: 16.32047636244022  (Index 51)
*** Epoch: 26 ***
-----------------G2R RESULT-------------------

val result: krc:0.803 | lsd:0.625 | ed:0.906 | hr@1:0.723 | hr@2:0.871 | hr@3:0.918 | acc@1:0.723 | acc@2:0.642 | acc@3:0.603 | Best krc: 0.805 | Best epoch: 25
[2024-01-10 05:01:28] INFO (nni/MainThread) Intermediate result: 0.8033245855021106  (Index 52)
-----------------ETPA RESULT-------------------
Epoch 26: Validation	rmse: 16.25	mae: 12.72	mape: 89.95%	acc@10: 48.74%	acc@20: 79.73%	acc@30: 92.69%	
[2024-01-10 05:01:28] INFO (nni/MainThread) Intermediate result: 16.24524227264162  (Index 53)
*** Epoch: 27 ***
-----------------G2R RESULT-------------------

val result: krc:0.802 | lsd:0.626 | ed:0.914 | hr@1:0.711 | hr@2:0.87 | hr@3:0.921 | acc@1:0.711 | acc@2:0.63 | acc@3:0.596 | Best krc: 0.805 | Best epoch: 25
[2024-01-10 05:03:17] INFO (nni/MainThread) Intermediate result: 0.8015992933526821  (Index 54)
-----------------ETPA RESULT-------------------
Epoch 27: Validation	rmse: 16.19	mae: 12.69	mape: 89.66%	acc@10: 48.84%	acc@20: 79.83%	acc@30: 92.76%	
[2024-01-10 05:03:17] INFO (nni/MainThread) Intermediate result: 16.192070610617716  (Index 55)
*** Epoch: 28 ***
-----------------G2R RESULT-------------------

val result: krc:0.805 | lsd:0.613 | ed:0.909 | hr@1:0.709 | hr@2:0.874 | hr@3:0.92 | acc@1:0.709 | acc@2:0.638 | acc@3:0.597 | Best krc: 0.805 | Best epoch: 25
[2024-01-10 05:05:07] INFO (nni/MainThread) Intermediate result: 0.8046817669205075  (Index 56)
-----------------ETPA RESULT-------------------
Epoch 28: Validation	rmse: 16.12	mae: 12.64	mape: 89.27%	acc@10: 48.89%	acc@20: 79.96%	acc@30: 92.87%	
[2024-01-10 05:05:07] INFO (nni/MainThread) Intermediate result: 16.11747944947316  (Index 57)
*** Epoch: 29 ***
-----------------G2R RESULT-------------------

val result: krc:0.805 | lsd:0.62 | ed:0.914 | hr@1:0.713 | hr@2:0.871 | hr@3:0.919 | acc@1:0.713 | acc@2:0.635 | acc@3:0.596 | Best krc: 0.805 | Best epoch: 25
[2024-01-10 05:06:57] INFO (nni/MainThread) Intermediate result: 0.8045838405873386  (Index 58)
-----------------ETPA RESULT-------------------
Epoch 29: Validation	rmse: 16.09	mae: 12.62	mape: 89.15%	acc@10: 48.9%	acc@20: 80.06%	acc@30: 92.9%	
[2024-01-10 05:06:57] INFO (nni/MainThread) Intermediate result: 16.085522693513703  (Index 59)
*** Epoch: 30 ***
-----------------G2R RESULT-------------------

val result: krc:0.808 | lsd:0.596 | ed:0.89 | hr@1:0.719 | hr@2:0.873 | hr@3:0.921 | acc@1:0.719 | acc@2:0.646 | acc@3:0.606 | Best krc: 0.805 | Best epoch: 25
best model saved
[2024-01-10 05:08:46] INFO (nni/MainThread) Intermediate result: 0.8080490323778473  (Index 60)
-----------------ETPA RESULT-------------------
Epoch 30: Validation	rmse: 16.02	mae: 12.57	mape: 88.72%	acc@10: 49.01%	acc@20: 80.13%	acc@30: 92.99%	
[2024-01-10 05:08:46] INFO (nni/MainThread) Intermediate result: 16.020441498550817  (Index 61)
*** Epoch: 31 ***
-----------------G2R RESULT-------------------

val result: krc:0.807 | lsd:0.604 | ed:0.899 | hr@1:0.716 | hr@2:0.872 | hr@3:0.918 | acc@1:0.716 | acc@2:0.644 | acc@3:0.603 | Best krc: 0.808 | Best epoch: 30
[2024-01-10 05:10:35] INFO (nni/MainThread) Intermediate result: 0.807094308467286  (Index 62)
-----------------ETPA RESULT-------------------
Epoch 31: Validation	rmse: 15.96	mae: 12.52	mape: 88.19%	acc@10: 49.21%	acc@20: 80.24%	acc@30: 93.07%	
[2024-01-10 05:10:35] INFO (nni/MainThread) Intermediate result: 15.956413774587501  (Index 63)
*** Epoch: 32 ***
-----------------G2R RESULT-------------------

val result: krc:0.809 | lsd:0.589 | ed:0.884 | hr@1:0.717 | hr@2:0.875 | hr@3:0.923 | acc@1:0.717 | acc@2:0.645 | acc@3:0.61 | Best krc: 0.808 | Best epoch: 30
best model saved
[2024-01-10 05:12:24] INFO (nni/MainThread) Intermediate result: 0.8087552946494792  (Index 64)
-----------------ETPA RESULT-------------------
Epoch 32: Validation	rmse: 15.91	mae: 12.49	mape: 87.85%	acc@10: 49.32%	acc@20: 80.33%	acc@30: 93.13%	
[2024-01-10 05:12:24] INFO (nni/MainThread) Intermediate result: 15.911481105016204  (Index 65)
*** Epoch: 33 ***
-----------------G2R RESULT-------------------

val result: krc:0.815 | lsd:0.587 | ed:0.869 | hr@1:0.728 | hr@2:0.877 | hr@3:0.925 | acc@1:0.728 | acc@2:0.655 | acc@3:0.619 | Best krc: 0.809 | Best epoch: 32
best model saved
[2024-01-10 05:14:14] INFO (nni/MainThread) Intermediate result: 0.81492317493192  (Index 66)
-----------------ETPA RESULT-------------------
Epoch 33: Validation	rmse: 15.86	mae: 12.45	mape: 87.51%	acc@10: 49.41%	acc@20: 80.41%	acc@30: 93.21%	
[2024-01-10 05:14:14] INFO (nni/MainThread) Intermediate result: 15.859920314419904  (Index 67)
*** Epoch: 34 ***
-----------------G2R RESULT-------------------

val result: krc:0.81 | lsd:0.593 | ed:0.887 | hr@1:0.718 | hr@2:0.876 | hr@3:0.922 | acc@1:0.718 | acc@2:0.646 | acc@3:0.61 | Best krc: 0.815 | Best epoch: 33
[2024-01-10 05:16:03] INFO (nni/MainThread) Intermediate result: 0.8102060471715039  (Index 68)
-----------------ETPA RESULT-------------------
Epoch 34: Validation	rmse: 15.83	mae: 12.44	mape: 87.42%	acc@10: 49.45%	acc@20: 80.44%	acc@30: 93.29%	
[2024-01-10 05:16:03] INFO (nni/MainThread) Intermediate result: 15.830675828112273  (Index 69)
*** Epoch: 35 ***
-----------------G2R RESULT-------------------

val result: krc:0.796 | lsd:0.632 | ed:0.929 | hr@1:0.692 | hr@2:0.871 | hr@3:0.921 | acc@1:0.692 | acc@2:0.621 | acc@3:0.586 | Best krc: 0.815 | Best epoch: 33
[2024-01-10 05:17:52] INFO (nni/MainThread) Intermediate result: 0.7957604901374032  (Index 70)
-----------------ETPA RESULT-------------------
Epoch 35: Validation	rmse: 15.83	mae: 12.44	mape: 87.4%	acc@10: 49.39%	acc@20: 80.45%	acc@30: 93.26%	
[2024-01-10 05:17:52] INFO (nni/MainThread) Intermediate result: 15.82681658825539  (Index 71)
*** Epoch: 36 ***
-----------------G2R RESULT-------------------

val result: krc:0.811 | lsd:0.601 | ed:0.877 | hr@1:0.716 | hr@2:0.874 | hr@3:0.922 | acc@1:0.716 | acc@2:0.641 | acc@3:0.611 | Best krc: 0.815 | Best epoch: 33
[2024-01-10 05:19:42] INFO (nni/MainThread) Intermediate result: 0.811480540706601  (Index 72)
-----------------ETPA RESULT-------------------
Epoch 36: Validation	rmse: 15.78	mae: 12.41	mape: 87.11%	acc@10: 49.46%	acc@20: 80.53%	acc@30: 93.32%	
[2024-01-10 05:19:42] INFO (nni/MainThread) Intermediate result: 15.781184736849678  (Index 73)
*** Epoch: 37 ***
-----------------G2R RESULT-------------------

val result: krc:0.81 | lsd:0.593 | ed:0.882 | hr@1:0.715 | hr@2:0.879 | hr@3:0.923 | acc@1:0.715 | acc@2:0.648 | acc@3:0.611 | Best krc: 0.815 | Best epoch: 33
[2024-01-10 05:21:30] INFO (nni/MainThread) Intermediate result: 0.8100829682552464  (Index 74)
-----------------ETPA RESULT-------------------
Epoch 37: Validation	rmse: 15.72	mae: 12.36	mape: 86.55%	acc@10: 49.61%	acc@20: 80.71%	acc@30: 93.4%	
[2024-01-10 05:21:30] INFO (nni/MainThread) Intermediate result: 15.724817536351763  (Index 75)
*** Epoch: 38 ***
-----------------G2R RESULT-------------------

val result: krc:0.809 | lsd:0.583 | ed:0.889 | hr@1:0.716 | hr@2:0.876 | hr@3:0.925 | acc@1:0.716 | acc@2:0.645 | acc@3:0.61 | Best krc: 0.815 | Best epoch: 33
[2024-01-10 05:23:19] INFO (nni/MainThread) Intermediate result: 0.8094624532053479  (Index 76)
-----------------ETPA RESULT-------------------
Epoch 38: Validation	rmse: 15.69	mae: 12.34	mape: 86.25%	acc@10: 49.7%	acc@20: 80.81%	acc@30: 93.47%	
[2024-01-10 05:23:19] INFO (nni/MainThread) Intermediate result: 15.6856682329347  (Index 77)
*** Epoch: 39 ***
-----------------G2R RESULT-------------------

val result: krc:0.804 | lsd:0.608 | ed:0.896 | hr@1:0.711 | hr@2:0.873 | hr@3:0.923 | acc@1:0.711 | acc@2:0.641 | acc@3:0.604 | Best krc: 0.815 | Best epoch: 33
[2024-01-10 05:25:09] INFO (nni/MainThread) Intermediate result: 0.8039098202806116  (Index 78)
-----------------ETPA RESULT-------------------
Epoch 39: Validation	rmse: 15.63	mae: 12.29	mape: 85.64%	acc@10: 49.91%	acc@20: 80.97%	acc@30: 93.54%	
[2024-01-10 05:25:09] INFO (nni/MainThread) Intermediate result: 15.631387938646506  (Index 79)
*** Epoch: 40 ***
-----------------G2R RESULT-------------------

val result: krc:0.812 | lsd:0.603 | ed:0.887 | hr@1:0.73 | hr@2:0.876 | hr@3:0.922 | acc@1:0.73 | acc@2:0.653 | acc@3:0.614 | Best krc: 0.815 | Best epoch: 33
[2024-01-10 05:26:59] INFO (nni/MainThread) Intermediate result: 0.8116513579215808  (Index 80)
-----------------ETPA RESULT-------------------
Epoch 40: Validation	rmse: 15.62	mae: 12.28	mape: 85.59%	acc@10: 49.9%	acc@20: 81.03%	acc@30: 93.56%	
[2024-01-10 05:26:59] INFO (nni/MainThread) Intermediate result: 15.620933027413498  (Index 81)
*** Epoch: 41 ***
-----------------G2R RESULT-------------------

val result: krc:0.811 | lsd:0.599 | ed:0.881 | hr@1:0.721 | hr@2:0.878 | hr@3:0.922 | acc@1:0.721 | acc@2:0.65 | acc@3:0.61 | Best krc: 0.815 | Best epoch: 33
[2024-01-10 05:28:49] INFO (nni/MainThread) Intermediate result: 0.8109141926107383  (Index 82)
-----------------ETPA RESULT-------------------
Epoch 41: Validation	rmse: 15.58	mae: 12.26	mape: 85.35%	acc@10: 50.0%	acc@20: 81.1%	acc@30: 93.62%	
[2024-01-10 05:28:49] INFO (nni/MainThread) Intermediate result: 15.583004294591044  (Index 83)
*** Epoch: 42 ***
-----------------G2R RESULT-------------------

val result: krc:0.813 | lsd:0.587 | ed:0.888 | hr@1:0.721 | hr@2:0.878 | hr@3:0.923 | acc@1:0.721 | acc@2:0.645 | acc@3:0.609 | Best krc: 0.815 | Best epoch: 33
[2024-01-10 05:30:37] INFO (nni/MainThread) Intermediate result: 0.8133824296482801  (Index 84)
-----------------ETPA RESULT-------------------
Epoch 42: Validation	rmse: 15.53	mae: 12.22	mape: 84.92%	acc@10: 50.15%	acc@20: 81.25%	acc@30: 93.69%	
[2024-01-10 05:30:37] INFO (nni/MainThread) Intermediate result: 15.534849937806776  (Index 85)
*** Epoch: 43 ***
-----------------G2R RESULT-------------------

val result: krc:0.811 | lsd:0.589 | ed:0.894 | hr@1:0.713 | hr@2:0.88 | hr@3:0.924 | acc@1:0.713 | acc@2:0.641 | acc@3:0.606 | Best krc: 0.815 | Best epoch: 33
[2024-01-10 05:32:26] INFO (nni/MainThread) Intermediate result: 0.8113714577378767  (Index 86)
-----------------ETPA RESULT-------------------
Epoch 43: Validation	rmse: 15.5	mae: 12.18	mape: 84.51%	acc@10: 50.25%	acc@20: 81.38%	acc@30: 93.73%	
[2024-01-10 05:32:26] INFO (nni/MainThread) Intermediate result: 15.496428460905145  (Index 87)
loaded model path: /home/sentanoe/joint_training/data/dataset/food_pd/sort_model/hidden_size-8.gcnru-pd_1704856357.55898881704856357.5590024
best model loaded !!!
krc:0.805 | lsd:0.461 | ed:0.904 | hr@1:0.717 | hr@2:0.901 | hr@3:0.945 | acc@1:0.717 | acc@2:0.65 | acc@3:0.606 |

-------------------------------------------------------------
Best epoch for G2R:  33
Best epoch for ETPA:  43
graph2route_pd Evaluation in test: krc:0.805 | lsd:0.461 | ed:0.904 | hr@1:0.717 | hr@2:0.901 | hr@3:0.945 | acc@1:0.717 | acc@2:0.65 | acc@3:0.606 |
RankPETA Evaluation in test: rmse: 11.63	mae: 9.12	mape: 73.4%	acc@10: 67.51%	acc@20: 91.14%	acc@30: 97.89%	
