Device:  cuda
{'alpha_loss': 0.5,
 'batch_size': 64,
 'dataset': 'food_pd',
 'datatype': 'order',
 'device': device(type='cuda'),
 'early_stop': 20,
 'edge_fea_dim': 5,
 'embedding_dim': 32,
 'eval_end_1': 11,
 'eval_end_2': 25,
 'eval_start': 1,
 'gcn_num_layers': 2,
 'hidden_size': 8,
 'is_eval': False,
 'is_test': False,
 'k_min_nodes': 3,
 'k_nearest_neighbors': 'n-1',
 'lr': 0.001,
 'max_task_num': 25,
 'min_task_num': 0,
 'modelArrivalTime': 'RankPETA',
 'modelRoute': 'graph2route_pd',
 'no_cuda': False,
 'node_fea_dim': 8,
 'node_features_test': '/home/sentanoe/joint_training/data/dataset/food_pd/node_features_test_full.npy',
 'node_features_train': '/home/sentanoe/joint_training/data/dataset/food_pd/node_features_train_full.npy',
 'node_features_val': '/home/sentanoe/joint_training/data/dataset/food_pd/node_features_val_full.npy',
 'num_block': 4,
 'num_epoch': 1000,
 'num_head': 2,
 'num_worker_logistics': 2346,
 'num_worker_pd': 920,
 'pad_value': 26,
 'seed': 1000,
 'sort_mode': 'true_idx',
 'spatial_encoder': 'gcn',
 'temporal_encoder': 'tft',
 'test_path': '/home/sentanoe/joint_training/data/dataset/food_pd/test_full.npy',
 'train_mode': 'sort',
 'train_path': '/home/sentanoe/joint_training/data/dataset/food_pd/train_full.npy',
 'val_path': '/home/sentanoe/joint_training/data/dataset/food_pd/val_full.npy',
 'wd': 1e-05,
 'worker_emb_dim': 10,
 'workers': 2}
last_x_size:13;unpick_x_size:12;input_size:38
#train:2521 | #val:1257 | #test:1261
*** Epoch: 0 ***
-----------------G2R RESULT-------------------

val result: krc:0.763 | lsd:0.703 | ed:1.022 | hr@1:0.637 | hr@2:0.856 | hr@3:0.904 | acc@1:0.637 | acc@2:0.576 | acc@3:0.537 | Best krc: -1 | Best epoch: -1
best model saved
[2023-11-25 00:20:23] INFO (nni/MainThread) Intermediate result: 0.7631720327478961  (Index 0)
-----------------ETPA RESULT-------------------
Epoch 0: Validation	rmse: 32.13	mae: 24.96	mape: 48.72%	acc@10: 25.0%	acc@20: 40.62%	acc@30: 75.0%	
[2023-11-25 00:20:23] INFO (nni/MainThread) Intermediate result: 32.134893296656514  (Index 1)
*** Epoch: 1 ***
-----------------G2R RESULT-------------------

val result: krc:0.769 | lsd:0.718 | ed:1.0 | hr@1:0.643 | hr@2:0.856 | hr@3:0.906 | acc@1:0.643 | acc@2:0.58 | acc@3:0.545 | Best krc: 0.763 | Best epoch: 0
best model saved
[2023-11-25 00:22:07] INFO (nni/MainThread) Intermediate result: 0.7691736736599003  (Index 2)
-----------------ETPA RESULT-------------------
Epoch 1: Validation	rmse: 29.23	mae: 21.95	mape: 42.9%	acc@10: 31.25%	acc@20: 59.38%	acc@30: 81.25%	
[2023-11-25 00:22:07] INFO (nni/MainThread) Intermediate result: 29.22709156270421  (Index 3)
*** Epoch: 2 ***
-----------------G2R RESULT-------------------

val result: krc:0.767 | lsd:0.713 | ed:1.018 | hr@1:0.637 | hr@2:0.857 | hr@3:0.904 | acc@1:0.637 | acc@2:0.575 | acc@3:0.537 | Best krc: 0.769 | Best epoch: 1
[2023-11-25 00:23:50] INFO (nni/MainThread) Intermediate result: 0.767059057964174  (Index 4)
-----------------ETPA RESULT-------------------
Epoch 2: Validation	rmse: 28.43	mae: 20.82	mape: 40.98%	acc@10: 30.21%	acc@20: 65.62%	acc@30: 82.29%	
[2023-11-25 00:23:50] INFO (nni/MainThread) Intermediate result: 28.42748154256067  (Index 5)
*** Epoch: 3 ***
-----------------G2R RESULT-------------------

val result: krc:0.757 | lsd:0.73 | ed:1.039 | hr@1:0.632 | hr@2:0.858 | hr@3:0.904 | acc@1:0.632 | acc@2:0.572 | acc@3:0.533 | Best krc: 0.769 | Best epoch: 1
[2023-11-25 00:25:34] INFO (nni/MainThread) Intermediate result: 0.7574923863161729  (Index 6)
-----------------ETPA RESULT-------------------
Epoch 3: Validation	rmse: 27.4	mae: 19.42	mape: 37.88%	acc@10: 34.38%	acc@20: 70.31%	acc@30: 83.59%	
[2023-11-25 00:25:35] INFO (nni/MainThread) Intermediate result: 27.40003203520587  (Index 7)
*** Epoch: 4 ***
-----------------G2R RESULT-------------------

val result: krc:0.756 | lsd:0.709 | ed:1.032 | hr@1:0.631 | hr@2:0.858 | hr@3:0.903 | acc@1:0.631 | acc@2:0.573 | acc@3:0.527 | Best krc: 0.769 | Best epoch: 1
[2023-11-25 00:27:20] INFO (nni/MainThread) Intermediate result: 0.7557163389170386  (Index 8)
-----------------ETPA RESULT-------------------
Epoch 4: Validation	rmse: 26.75	mae: 19.08	mape: 37.52%	acc@10: 33.75%	acc@20: 71.25%	acc@30: 85.62%	
[2023-11-25 00:27:20] INFO (nni/MainThread) Intermediate result: 26.745351222344198  (Index 9)
*** Epoch: 5 ***
-----------------G2R RESULT-------------------

val result: krc:0.776 | lsd:0.676 | ed:0.983 | hr@1:0.642 | hr@2:0.865 | hr@3:0.909 | acc@1:0.642 | acc@2:0.588 | acc@3:0.549 | Best krc: 0.769 | Best epoch: 1
best model saved
[2023-11-25 00:29:05] INFO (nni/MainThread) Intermediate result: 0.7759457734446802  (Index 10)
-----------------ETPA RESULT-------------------
Epoch 5: Validation	rmse: 25.92	mae: 18.35	mape: 36.89%	acc@10: 36.98%	acc@20: 71.35%	acc@30: 85.94%	
[2023-11-25 00:29:05] INFO (nni/MainThread) Intermediate result: 25.915177416700335  (Index 11)
*** Epoch: 6 ***
-----------------G2R RESULT-------------------

val result: krc:0.771 | lsd:0.676 | ed:0.977 | hr@1:0.645 | hr@2:0.863 | hr@3:0.912 | acc@1:0.645 | acc@2:0.584 | acc@3:0.552 | Best krc: 0.776 | Best epoch: 5
[2023-11-25 00:30:49] INFO (nni/MainThread) Intermediate result: 0.7711195530084906  (Index 12)
-----------------ETPA RESULT-------------------
Epoch 6: Validation	rmse: 25.16	mae: 17.91	mape: 36.56%	acc@10: 37.5%	acc@20: 71.43%	acc@30: 86.61%	
[2023-11-25 00:30:49] INFO (nni/MainThread) Intermediate result: 25.160344665591964  (Index 13)
*** Epoch: 7 ***
-----------------G2R RESULT-------------------

val result: krc:0.758 | lsd:0.718 | ed:1.045 | hr@1:0.631 | hr@2:0.855 | hr@3:0.904 | acc@1:0.631 | acc@2:0.568 | acc@3:0.529 | Best krc: 0.776 | Best epoch: 5
[2023-11-25 00:32:31] INFO (nni/MainThread) Intermediate result: 0.7583133936785008  (Index 14)
-----------------ETPA RESULT-------------------
Epoch 7: Validation	rmse: 24.75	mae: 17.6	mape: 36.37%	acc@10: 38.67%	acc@20: 71.48%	acc@30: 87.5%	
[2023-11-25 00:32:31] INFO (nni/MainThread) Intermediate result: 24.74508742163923  (Index 15)
*** Epoch: 8 ***
-----------------G2R RESULT-------------------

val result: krc:0.78 | lsd:0.659 | ed:0.966 | hr@1:0.666 | hr@2:0.859 | hr@3:0.91 | acc@1:0.666 | acc@2:0.596 | acc@3:0.565 | Best krc: 0.776 | Best epoch: 5
best model saved
[2023-11-25 00:34:17] INFO (nni/MainThread) Intermediate result: 0.7799277617554836  (Index 16)
-----------------ETPA RESULT-------------------
Epoch 8: Validation	rmse: 24.3	mae: 17.32	mape: 36.32%	acc@10: 39.93%	acc@20: 71.53%	acc@30: 87.85%	
[2023-11-25 00:34:17] INFO (nni/MainThread) Intermediate result: 24.30049976253479  (Index 17)
*** Epoch: 9 ***
-----------------G2R RESULT-------------------

val result: krc:0.778 | lsd:0.65 | ed:0.962 | hr@1:0.66 | hr@2:0.863 | hr@3:0.91 | acc@1:0.66 | acc@2:0.597 | acc@3:0.563 | Best krc: 0.78 | Best epoch: 8
[2023-11-25 00:36:01] INFO (nni/MainThread) Intermediate result: 0.7776749196163277  (Index 18)
-----------------ETPA RESULT-------------------
Epoch 9: Validation	rmse: 23.95	mae: 17.12	mape: 36.22%	acc@10: 40.31%	acc@20: 71.88%	acc@30: 88.44%	
[2023-11-25 00:36:01] INFO (nni/MainThread) Intermediate result: 23.952271788547858  (Index 19)
*** Epoch: 10 ***
-----------------G2R RESULT-------------------

val result: krc:0.782 | lsd:0.697 | ed:0.99 | hr@1:0.688 | hr@2:0.858 | hr@3:0.906 | acc@1:0.688 | acc@2:0.61 | acc@3:0.566 | Best krc: 0.78 | Best epoch: 8
best model saved
[2023-11-25 00:37:46] INFO (nni/MainThread) Intermediate result: 0.781637009769935  (Index 20)
-----------------ETPA RESULT-------------------
Epoch 10: Validation	rmse: 23.82	mae: 17.18	mape: 36.81%	acc@10: 39.77%	acc@20: 71.31%	acc@30: 88.92%	
[2023-11-25 00:37:46] INFO (nni/MainThread) Intermediate result: 23.82154874965875  (Index 21)
*** Epoch: 11 ***
-----------------G2R RESULT-------------------

val result: krc:0.785 | lsd:0.647 | ed:0.933 | hr@1:0.672 | hr@2:0.86 | hr@3:0.91 | acc@1:0.672 | acc@2:0.608 | acc@3:0.574 | Best krc: 0.782 | Best epoch: 10
best model saved
[2023-11-25 00:39:31] INFO (nni/MainThread) Intermediate result: 0.7854297594743593  (Index 22)
-----------------ETPA RESULT-------------------
Epoch 11: Validation	rmse: 23.41	mae: 16.89	mape: 36.37%	acc@10: 39.84%	acc@20: 72.4%	acc@30: 89.32%	
[2023-11-25 00:39:31] INFO (nni/MainThread) Intermediate result: 23.410113989345664  (Index 23)
*** Epoch: 12 ***
-----------------G2R RESULT-------------------

val result: krc:0.781 | lsd:0.649 | ed:0.952 | hr@1:0.666 | hr@2:0.862 | hr@3:0.91 | acc@1:0.666 | acc@2:0.606 | acc@3:0.57 | Best krc: 0.785 | Best epoch: 11
[2023-11-25 00:41:15] INFO (nni/MainThread) Intermediate result: 0.7809632188731447  (Index 24)
-----------------ETPA RESULT-------------------
Epoch 12: Validation	rmse: 23.11	mae: 16.8	mape: 36.51%	acc@10: 39.66%	acc@20: 72.12%	acc@30: 89.66%	
[2023-11-25 00:41:15] INFO (nni/MainThread) Intermediate result: 23.110281797095983  (Index 25)
*** Epoch: 13 ***
-----------------G2R RESULT-------------------

val result: krc:0.797 | lsd:0.646 | ed:0.921 | hr@1:0.694 | hr@2:0.865 | hr@3:0.913 | acc@1:0.694 | acc@2:0.623 | acc@3:0.587 | Best krc: 0.785 | Best epoch: 11
best model saved
[2023-11-25 00:43:01] INFO (nni/MainThread) Intermediate result: 0.7965055427495304  (Index 26)
-----------------ETPA RESULT-------------------
Epoch 13: Validation	rmse: 22.71	mae: 16.49	mape: 36.07%	acc@10: 40.4%	acc@20: 72.77%	acc@30: 89.96%	
[2023-11-25 00:43:01] INFO (nni/MainThread) Intermediate result: 22.711986036770217  (Index 27)
*** Epoch: 14 ***
-----------------G2R RESULT-------------------

val result: krc:0.792 | lsd:0.634 | ed:0.937 | hr@1:0.669 | hr@2:0.866 | hr@3:0.917 | acc@1:0.669 | acc@2:0.603 | acc@3:0.576 | Best krc: 0.797 | Best epoch: 13
[2023-11-25 00:44:45] INFO (nni/MainThread) Intermediate result: 0.7922297867641112  (Index 28)
-----------------ETPA RESULT-------------------
Epoch 14: Validation	rmse: 22.49	mae: 16.4	mape: 36.18%	acc@10: 40.21%	acc@20: 72.5%	acc@30: 90.0%	
[2023-11-25 00:44:45] INFO (nni/MainThread) Intermediate result: 22.48521599169643  (Index 29)
*** Epoch: 15 ***
-----------------G2R RESULT-------------------

val result: krc:0.796 | lsd:0.668 | ed:0.937 | hr@1:0.697 | hr@2:0.867 | hr@3:0.914 | acc@1:0.697 | acc@2:0.623 | acc@3:0.586 | Best krc: 0.797 | Best epoch: 13
[2023-11-25 00:46:28] INFO (nni/MainThread) Intermediate result: 0.7960217492268213  (Index 30)
-----------------ETPA RESULT-------------------
Epoch 15: Validation	rmse: 22.21	mae: 16.31	mape: 36.24%	acc@10: 39.84%	acc@20: 72.46%	acc@30: 90.23%	
[2023-11-25 00:46:28] INFO (nni/MainThread) Intermediate result: 22.211602009452204  (Index 31)
*** Epoch: 16 ***
-----------------G2R RESULT-------------------

val result: krc:0.798 | lsd:0.638 | ed:0.922 | hr@1:0.702 | hr@2:0.863 | hr@3:0.916 | acc@1:0.702 | acc@2:0.622 | acc@3:0.588 | Best krc: 0.797 | Best epoch: 13
best model saved
[2023-11-25 00:48:12] INFO (nni/MainThread) Intermediate result: 0.7975922081125404  (Index 32)
-----------------ETPA RESULT-------------------
Epoch 16: Validation	rmse: 21.92	mae: 16.19	mape: 36.12%	acc@10: 39.71%	acc@20: 72.79%	acc@30: 90.44%	
[2023-11-25 00:48:12] INFO (nni/MainThread) Intermediate result: 21.921577771136096  (Index 33)
*** Epoch: 17 ***
-----------------G2R RESULT-------------------

val result: krc:0.801 | lsd:0.617 | ed:0.907 | hr@1:0.71 | hr@2:0.865 | hr@3:0.918 | acc@1:0.71 | acc@2:0.631 | acc@3:0.599 | Best krc: 0.798 | Best epoch: 16
best model saved
[2023-11-25 00:49:57] INFO (nni/MainThread) Intermediate result: 0.8008943700067442  (Index 34)
-----------------ETPA RESULT-------------------
Epoch 17: Validation	rmse: 21.73	mae: 16.11	mape: 36.0%	acc@10: 39.76%	acc@20: 73.09%	acc@30: 90.28%	
[2023-11-25 00:49:57] INFO (nni/MainThread) Intermediate result: 21.733401919532284  (Index 35)
*** Epoch: 18 ***
-----------------G2R RESULT-------------------

val result: krc:0.788 | lsd:0.707 | ed:0.967 | hr@1:0.7 | hr@2:0.848 | hr@3:0.908 | acc@1:0.7 | acc@2:0.607 | acc@3:0.577 | Best krc: 0.801 | Best epoch: 17
[2023-11-25 00:51:39] INFO (nni/MainThread) Intermediate result: 0.7877660815920545  (Index 36)
-----------------ETPA RESULT-------------------
Epoch 18: Validation	rmse: 21.51	mae: 16.04	mape: 36.02%	acc@10: 39.64%	acc@20: 72.86%	acc@30: 90.46%	
[2023-11-25 00:51:39] INFO (nni/MainThread) Intermediate result: 21.509113836566495  (Index 37)
*** Epoch: 19 ***
-----------------G2R RESULT-------------------

val result: krc:0.796 | lsd:0.638 | ed:0.932 | hr@1:0.697 | hr@2:0.864 | hr@3:0.914 | acc@1:0.697 | acc@2:0.62 | acc@3:0.581 | Best krc: 0.801 | Best epoch: 17
[2023-11-25 00:53:24] INFO (nni/MainThread) Intermediate result: 0.7963903453103278  (Index 38)
-----------------ETPA RESULT-------------------
Epoch 19: Validation	rmse: 21.35	mae: 16.01	mape: 36.03%	acc@10: 39.38%	acc@20: 72.97%	acc@30: 90.62%	
[2023-11-25 00:53:24] INFO (nni/MainThread) Intermediate result: 21.354302848150876  (Index 39)
*** Epoch: 20 ***
-----------------G2R RESULT-------------------

val result: krc:0.796 | lsd:0.642 | ed:0.93 | hr@1:0.701 | hr@2:0.864 | hr@3:0.915 | acc@1:0.701 | acc@2:0.624 | acc@3:0.585 | Best krc: 0.801 | Best epoch: 17
[2023-11-25 00:55:07] INFO (nni/MainThread) Intermediate result: 0.7955643886470296  (Index 40)
-----------------ETPA RESULT-------------------
Epoch 20: Validation	rmse: 21.22	mae: 15.96	mape: 36.06%	acc@10: 39.58%	acc@20: 72.77%	acc@30: 90.48%	
[2023-11-25 00:55:07] INFO (nni/MainThread) Intermediate result: 21.217293862842237  (Index 41)
*** Epoch: 21 ***
-----------------G2R RESULT-------------------

val result: krc:0.802 | lsd:0.639 | ed:0.911 | hr@1:0.711 | hr@2:0.861 | hr@3:0.917 | acc@1:0.711 | acc@2:0.631 | acc@3:0.6 | Best krc: 0.801 | Best epoch: 17
best model saved
[2023-11-25 00:56:52] INFO (nni/MainThread) Intermediate result: 0.8017241774565779  (Index 42)
-----------------ETPA RESULT-------------------
Epoch 21: Validation	rmse: 20.93	mae: 15.83	mape: 35.97%	acc@10: 39.35%	acc@20: 72.87%	acc@30: 90.77%	
[2023-11-25 00:56:52] INFO (nni/MainThread) Intermediate result: 20.93107487121251  (Index 43)
*** Epoch: 22 ***
-----------------G2R RESULT-------------------

val result: krc:0.801 | lsd:0.614 | ed:0.889 | hr@1:0.71 | hr@2:0.867 | hr@3:0.921 | acc@1:0.71 | acc@2:0.636 | acc@3:0.601 | Best krc: 0.802 | Best epoch: 21
[2023-11-25 00:58:34] INFO (nni/MainThread) Intermediate result: 0.8011796880183414  (Index 44)
-----------------ETPA RESULT-------------------
Epoch 22: Validation	rmse: 20.8	mae: 15.82	mape: 36.1%	acc@10: 38.45%	acc@20: 72.69%	acc@30: 91.03%	
[2023-11-25 00:58:34] INFO (nni/MainThread) Intermediate result: 20.795218312252047  (Index 45)
*** Epoch: 23 ***
-----------------G2R RESULT-------------------

val result: krc:0.798 | lsd:0.647 | ed:0.915 | hr@1:0.71 | hr@2:0.864 | hr@3:0.919 | acc@1:0.71 | acc@2:0.627 | acc@3:0.593 | Best krc: 0.802 | Best epoch: 21
[2023-11-25 01:00:17] INFO (nni/MainThread) Intermediate result: 0.7975265790744581  (Index 46)
-----------------ETPA RESULT-------------------
Epoch 23: Validation	rmse: 20.69	mae: 15.8	mape: 36.2%	acc@10: 38.15%	acc@20: 72.66%	acc@30: 91.15%	
[2023-11-25 01:00:17] INFO (nni/MainThread) Intermediate result: 20.686560935571535  (Index 47)
*** Epoch: 24 ***
-----------------G2R RESULT-------------------

val result: krc:0.803 | lsd:0.648 | ed:0.912 | hr@1:0.723 | hr@2:0.86 | hr@3:0.919 | acc@1:0.723 | acc@2:0.637 | acc@3:0.604 | Best krc: 0.802 | Best epoch: 21
best model saved
[2023-11-25 01:02:03] INFO (nni/MainThread) Intermediate result: 0.8026090775894013  (Index 48)
-----------------ETPA RESULT-------------------
Epoch 24: Validation	rmse: 20.57	mae: 15.75	mape: 36.06%	acc@10: 38.12%	acc@20: 72.75%	acc@30: 91.25%	
[2023-11-25 01:02:03] INFO (nni/MainThread) Intermediate result: 20.567313477537876  (Index 49)
*** Epoch: 25 ***
-----------------G2R RESULT-------------------

val result: krc:0.801 | lsd:0.628 | ed:0.891 | hr@1:0.702 | hr@2:0.867 | hr@3:0.919 | acc@1:0.702 | acc@2:0.63 | acc@3:0.598 | Best krc: 0.803 | Best epoch: 24
[2023-11-25 01:03:45] INFO (nni/MainThread) Intermediate result: 0.801279162625905  (Index 50)
-----------------ETPA RESULT-------------------
Epoch 25: Validation	rmse: 20.44	mae: 15.71	mape: 36.09%	acc@10: 37.98%	acc@20: 72.84%	acc@30: 91.35%	
[2023-11-25 01:03:45] INFO (nni/MainThread) Intermediate result: 20.43904977390457  (Index 51)
*** Epoch: 26 ***
-----------------G2R RESULT-------------------

val result: krc:0.805 | lsd:0.621 | ed:0.889 | hr@1:0.7 | hr@2:0.869 | hr@3:0.921 | acc@1:0.7 | acc@2:0.628 | acc@3:0.597 | Best krc: 0.803 | Best epoch: 24
best model saved
[2023-11-25 01:05:29] INFO (nni/MainThread) Intermediate result: 0.8047167275064082  (Index 52)
-----------------ETPA RESULT-------------------
Epoch 26: Validation	rmse: 20.31	mae: 15.68	mape: 36.06%	acc@10: 37.62%	acc@20: 72.8%	acc@30: 91.55%	
[2023-11-25 01:05:29] INFO (nni/MainThread) Intermediate result: 20.314783357853084  (Index 53)
*** Epoch: 27 ***
-----------------G2R RESULT-------------------

val result: krc:0.804 | lsd:0.668 | ed:0.912 | hr@1:0.713 | hr@2:0.859 | hr@3:0.915 | acc@1:0.713 | acc@2:0.634 | acc@3:0.598 | Best krc: 0.805 | Best epoch: 26
[2023-11-25 01:07:12] INFO (nni/MainThread) Intermediate result: 0.8037604096983196  (Index 54)
-----------------ETPA RESULT-------------------
Epoch 27: Validation	rmse: 20.26	mae: 15.71	mape: 36.21%	acc@10: 37.5%	acc@20: 72.66%	acc@30: 91.41%	
[2023-11-25 01:07:12] INFO (nni/MainThread) Intermediate result: 20.26411623581463  (Index 55)
*** Epoch: 28 ***
-----------------G2R RESULT-------------------

val result: krc:0.797 | lsd:0.633 | ed:0.922 | hr@1:0.702 | hr@2:0.869 | hr@3:0.918 | acc@1:0.702 | acc@2:0.629 | acc@3:0.593 | Best krc: 0.805 | Best epoch: 26
[2023-11-25 01:08:56] INFO (nni/MainThread) Intermediate result: 0.7971185561915775  (Index 56)
-----------------ETPA RESULT-------------------
Epoch 28: Validation	rmse: 20.18	mae: 15.7	mape: 36.29%	acc@10: 37.28%	acc@20: 72.52%	acc@30: 91.49%	
[2023-11-25 01:08:56] INFO (nni/MainThread) Intermediate result: 20.179038863125925  (Index 57)
*** Epoch: 29 ***
-----------------G2R RESULT-------------------

val result: krc:0.802 | lsd:0.605 | ed:0.902 | hr@1:0.697 | hr@2:0.871 | hr@3:0.921 | acc@1:0.697 | acc@2:0.631 | acc@3:0.598 | Best krc: 0.805 | Best epoch: 26
[2023-11-25 01:10:39] INFO (nni/MainThread) Intermediate result: 0.8015776780184302  (Index 58)
-----------------ETPA RESULT-------------------
Epoch 29: Validation	rmse: 20.05	mae: 15.64	mape: 36.23%	acc@10: 37.19%	acc@20: 72.92%	acc@30: 91.67%	
[2023-11-25 01:10:39] INFO (nni/MainThread) Intermediate result: 20.052673988717547  (Index 59)
*** Epoch: 30 ***
-----------------G2R RESULT-------------------

val result: krc:0.799 | lsd:0.628 | ed:0.929 | hr@1:0.699 | hr@2:0.867 | hr@3:0.918 | acc@1:0.699 | acc@2:0.625 | acc@3:0.595 | Best krc: 0.805 | Best epoch: 26
[2023-11-25 01:12:22] INFO (nni/MainThread) Intermediate result: 0.7994492009795902  (Index 60)
-----------------ETPA RESULT-------------------
Epoch 30: Validation	rmse: 19.91	mae: 15.56	mape: 36.1%	acc@10: 37.2%	acc@20: 73.29%	acc@30: 91.73%	
[2023-11-25 01:12:22] INFO (nni/MainThread) Intermediate result: 19.912968572040672  (Index 61)
*** Epoch: 31 ***
-----------------G2R RESULT-------------------

val result: krc:0.804 | lsd:0.633 | ed:0.897 | hr@1:0.706 | hr@2:0.867 | hr@3:0.922 | acc@1:0.706 | acc@2:0.631 | acc@3:0.602 | Best krc: 0.805 | Best epoch: 26
[2023-11-25 01:14:07] INFO (nni/MainThread) Intermediate result: 0.8038683876812429  (Index 62)
-----------------ETPA RESULT-------------------
Epoch 31: Validation	rmse: 19.8	mae: 15.5	mape: 36.0%	acc@10: 37.21%	acc@20: 73.54%	acc@30: 91.8%	
[2023-11-25 01:14:07] INFO (nni/MainThread) Intermediate result: 19.79582611311161  (Index 63)
*** Epoch: 32 ***
-----------------G2R RESULT-------------------

val result: krc:0.798 | lsd:0.68 | ed:0.934 | hr@1:0.711 | hr@2:0.861 | hr@3:0.916 | acc@1:0.711 | acc@2:0.623 | acc@3:0.585 | Best krc: 0.805 | Best epoch: 26
[2023-11-25 01:15:49] INFO (nni/MainThread) Intermediate result: 0.7980993157031634  (Index 64)
-----------------ETPA RESULT-------------------
Epoch 32: Validation	rmse: 19.78	mae: 15.53	mape: 36.13%	acc@10: 37.12%	acc@20: 73.39%	acc@30: 91.86%	
[2023-11-25 01:15:49] INFO (nni/MainThread) Intermediate result: 19.776455928906437  (Index 65)
*** Epoch: 33 ***
-----------------G2R RESULT-------------------

val result: krc:0.802 | lsd:0.628 | ed:0.913 | hr@1:0.705 | hr@2:0.865 | hr@3:0.918 | acc@1:0.705 | acc@2:0.629 | acc@3:0.595 | Best krc: 0.805 | Best epoch: 26
[2023-11-25 01:17:32] INFO (nni/MainThread) Intermediate result: 0.8022663928566857  (Index 66)
-----------------ETPA RESULT-------------------
Epoch 33: Validation	rmse: 19.7	mae: 15.52	mape: 36.16%	acc@10: 36.95%	acc@20: 73.35%	acc@30: 91.91%	
[2023-11-25 01:17:32] INFO (nni/MainThread) Intermediate result: 19.70098075572331  (Index 67)
*** Epoch: 34 ***
-----------------G2R RESULT-------------------

val result: krc:0.805 | lsd:0.598 | ed:0.893 | hr@1:0.699 | hr@2:0.871 | hr@3:0.918 | acc@1:0.699 | acc@2:0.629 | acc@3:0.592 | Best krc: 0.805 | Best epoch: 26
best model saved
[2023-11-25 01:19:17] INFO (nni/MainThread) Intermediate result: 0.8051446391630038  (Index 68)
-----------------ETPA RESULT-------------------
Epoch 34: Validation	rmse: 19.67	mae: 15.5	mape: 36.13%	acc@10: 37.14%	acc@20: 73.39%	acc@30: 91.96%	
[2023-11-25 01:19:17] INFO (nni/MainThread) Intermediate result: 19.668360495207413  (Index 69)
*** Epoch: 35 ***
-----------------G2R RESULT-------------------

val result: krc:0.809 | lsd:0.594 | ed:0.886 | hr@1:0.711 | hr@2:0.873 | hr@3:0.917 | acc@1:0.711 | acc@2:0.642 | acc@3:0.599 | Best krc: 0.805 | Best epoch: 34
best model saved
[2023-11-25 01:21:02] INFO (nni/MainThread) Intermediate result: 0.8091546044847313  (Index 70)
-----------------ETPA RESULT-------------------
Epoch 35: Validation	rmse: 19.57	mae: 15.43	mape: 36.02%	acc@10: 37.07%	acc@20: 73.7%	acc@30: 92.01%	
[2023-11-25 01:21:02] INFO (nni/MainThread) Intermediate result: 19.56791983198122  (Index 71)
*** Epoch: 36 ***
-----------------G2R RESULT-------------------

val result: krc:0.806 | lsd:0.595 | ed:0.887 | hr@1:0.709 | hr@2:0.868 | hr@3:0.917 | acc@1:0.709 | acc@2:0.637 | acc@3:0.598 | Best krc: 0.809 | Best epoch: 35
[2023-11-25 01:22:45] INFO (nni/MainThread) Intermediate result: 0.8063939784971703  (Index 72)
-----------------ETPA RESULT-------------------
Epoch 36: Validation	rmse: 19.56	mae: 15.47	mape: 36.15%	acc@10: 36.91%	acc@20: 73.48%	acc@30: 91.98%	
[2023-11-25 01:22:45] INFO (nni/MainThread) Intermediate result: 19.556109087486078  (Index 73)
*** Epoch: 37 ***
-----------------G2R RESULT-------------------

val result: krc:0.811 | lsd:0.61 | ed:0.878 | hr@1:0.721 | hr@2:0.869 | hr@3:0.925 | acc@1:0.721 | acc@2:0.645 | acc@3:0.617 | Best krc: 0.809 | Best epoch: 35
best model saved
[2023-11-25 01:24:31] INFO (nni/MainThread) Intermediate result: 0.811046004312292  (Index 74)
-----------------ETPA RESULT-------------------
Epoch 37: Validation	rmse: 19.51	mae: 15.46	mape: 36.19%	acc@10: 36.76%	acc@20: 73.36%	acc@30: 91.94%	
[2023-11-25 01:24:31] INFO (nni/MainThread) Intermediate result: 19.507222736247165  (Index 75)
*** Epoch: 38 ***
-----------------G2R RESULT-------------------

val result: krc:0.802 | lsd:0.626 | ed:0.928 | hr@1:0.715 | hr@2:0.865 | hr@3:0.918 | acc@1:0.715 | acc@2:0.626 | acc@3:0.59 | Best krc: 0.811 | Best epoch: 37
[2023-11-25 01:26:16] INFO (nni/MainThread) Intermediate result: 0.8015307169308042  (Index 76)
-----------------ETPA RESULT-------------------
Epoch 38: Validation	rmse: 19.44	mae: 15.42	mape: 36.1%	acc@10: 36.78%	acc@20: 73.64%	acc@30: 91.99%	
[2023-11-25 01:26:17] INFO (nni/MainThread) Intermediate result: 19.444276832578076  (Index 77)
*** Epoch: 39 ***
-----------------G2R RESULT-------------------

val result: krc:0.799 | lsd:0.613 | ed:0.91 | hr@1:0.697 | hr@2:0.869 | hr@3:0.916 | acc@1:0.697 | acc@2:0.63 | acc@3:0.592 | Best krc: 0.811 | Best epoch: 37
[2023-11-25 01:28:01] INFO (nni/MainThread) Intermediate result: 0.7992968206872886  (Index 78)
-----------------ETPA RESULT-------------------
Epoch 39: Validation	rmse: 19.38	mae: 15.38	mape: 36.06%	acc@10: 36.72%	acc@20: 73.83%	acc@30: 91.95%	
[2023-11-25 01:28:01] INFO (nni/MainThread) Intermediate result: 19.375460381595083  (Index 79)
*** Epoch: 40 ***
-----------------G2R RESULT-------------------

val result: krc:0.793 | lsd:0.618 | ed:0.925 | hr@1:0.682 | hr@2:0.869 | hr@3:0.917 | acc@1:0.682 | acc@2:0.615 | acc@3:0.578 | Best krc: 0.811 | Best epoch: 37
[2023-11-25 01:29:43] INFO (nni/MainThread) Intermediate result: 0.7933492512766671  (Index 80)
-----------------ETPA RESULT-------------------
Epoch 40: Validation	rmse: 19.34	mae: 15.37	mape: 36.06%	acc@10: 36.59%	acc@20: 73.86%	acc@30: 92.0%	
[2023-11-25 01:29:43] INFO (nni/MainThread) Intermediate result: 19.340884911290853  (Index 81)
*** Epoch: 41 ***
-----------------G2R RESULT-------------------

val result: krc:0.806 | lsd:0.595 | ed:0.887 | hr@1:0.711 | hr@2:0.875 | hr@3:0.921 | acc@1:0.711 | acc@2:0.64 | acc@3:0.603 | Best krc: 0.811 | Best epoch: 37
[2023-11-25 01:31:27] INFO (nni/MainThread) Intermediate result: 0.8063889826023626  (Index 82)
-----------------ETPA RESULT-------------------
Epoch 41: Validation	rmse: 19.3	mae: 15.34	mape: 35.97%	acc@10: 36.61%	acc@20: 74.03%	acc@30: 92.04%	
[2023-11-25 01:31:27] INFO (nni/MainThread) Intermediate result: 19.297944770603078  (Index 83)
*** Epoch: 42 ***
-----------------G2R RESULT-------------------

val result: krc:0.794 | lsd:0.623 | ed:0.936 | hr@1:0.67 | hr@2:0.872 | hr@3:0.919 | acc@1:0.67 | acc@2:0.613 | acc@3:0.578 | Best krc: 0.811 | Best epoch: 37
[2023-11-25 01:33:11] INFO (nni/MainThread) Intermediate result: 0.7943327300563856  (Index 84)
-----------------ETPA RESULT-------------------
Epoch 42: Validation	rmse: 19.26	mae: 15.31	mape: 35.91%	acc@10: 36.56%	acc@20: 74.27%	acc@30: 92.08%	
[2023-11-25 01:33:11] INFO (nni/MainThread) Intermediate result: 19.255714293032497  (Index 85)
*** Epoch: 43 ***
-----------------G2R RESULT-------------------

val result: krc:0.805 | lsd:0.599 | ed:0.9 | hr@1:0.698 | hr@2:0.877 | hr@3:0.922 | acc@1:0.698 | acc@2:0.634 | acc@3:0.592 | Best krc: 0.811 | Best epoch: 37
[2023-11-25 01:34:54] INFO (nni/MainThread) Intermediate result: 0.8051842245108533  (Index 86)
-----------------ETPA RESULT-------------------
Epoch 43: Validation	rmse: 19.24	mae: 15.32	mape: 35.99%	acc@10: 36.36%	acc@20: 74.08%	acc@30: 92.05%	
[2023-11-25 01:34:54] INFO (nni/MainThread) Intermediate result: 19.23772969849509  (Index 87)
*** Epoch: 44 ***
-----------------G2R RESULT-------------------

val result: krc:0.804 | lsd:0.6 | ed:0.904 | hr@1:0.702 | hr@2:0.877 | hr@3:0.921 | acc@1:0.702 | acc@2:0.638 | acc@3:0.597 | Best krc: 0.811 | Best epoch: 37
[2023-11-25 01:36:38] INFO (nni/MainThread) Intermediate result: 0.8038588459751556  (Index 88)
-----------------ETPA RESULT-------------------
Epoch 44: Validation	rmse: 19.19	mae: 15.29	mape: 35.89%	acc@10: 36.53%	acc@20: 74.17%	acc@30: 92.08%	
[2023-11-25 01:36:38] INFO (nni/MainThread) Intermediate result: 19.194034550581314  (Index 89)
*** Epoch: 45 ***
-----------------G2R RESULT-------------------

val result: krc:0.793 | lsd:0.627 | ed:0.927 | hr@1:0.68 | hr@2:0.873 | hr@3:0.915 | acc@1:0.68 | acc@2:0.618 | acc@3:0.579 | Best krc: 0.811 | Best epoch: 37
[2023-11-25 01:38:22] INFO (nni/MainThread) Intermediate result: 0.7927330545695216  (Index 90)
-----------------ETPA RESULT-------------------
Epoch 45: Validation	rmse: 19.19	mae: 15.3	mape: 35.92%	acc@10: 36.55%	acc@20: 74.05%	acc@30: 92.05%	
[2023-11-25 01:38:22] INFO (nni/MainThread) Intermediate result: 19.191815569401953  (Index 91)
*** Epoch: 46 ***
-----------------G2R RESULT-------------------

val result: krc:0.816 | lsd:0.57 | ed:0.876 | hr@1:0.721 | hr@2:0.88 | hr@3:0.926 | acc@1:0.721 | acc@2:0.648 | acc@3:0.606 | Best krc: 0.811 | Best epoch: 37
best model saved
[2023-11-25 01:40:05] INFO (nni/MainThread) Intermediate result: 0.8161847367356768  (Index 92)
-----------------ETPA RESULT-------------------
Epoch 46: Validation	rmse: 19.17	mae: 15.29	mape: 35.88%	acc@10: 36.7%	acc@20: 74.07%	acc@30: 92.09%	
[2023-11-25 01:40:05] INFO (nni/MainThread) Intermediate result: 19.173612869549455  (Index 93)
*** Epoch: 47 ***
-----------------G2R RESULT-------------------

val result: krc:0.808 | lsd:0.632 | ed:0.894 | hr@1:0.728 | hr@2:0.867 | hr@3:0.918 | acc@1:0.728 | acc@2:0.644 | acc@3:0.606 | Best krc: 0.816 | Best epoch: 46
[2023-11-25 01:41:49] INFO (nni/MainThread) Intermediate result: 0.8075978878689855  (Index 94)
-----------------ETPA RESULT-------------------
Epoch 47: Validation	rmse: 19.13	mae: 15.25	mape: 35.84%	acc@10: 36.72%	acc@20: 74.28%	acc@30: 92.12%	
[2023-11-25 01:41:49] INFO (nni/MainThread) Intermediate result: 19.126027208680846  (Index 95)
*** Epoch: 48 ***
-----------------G2R RESULT-------------------

val result: krc:0.804 | lsd:0.619 | ed:0.908 | hr@1:0.714 | hr@2:0.871 | hr@3:0.919 | acc@1:0.714 | acc@2:0.636 | acc@3:0.599 | Best krc: 0.816 | Best epoch: 46
[2023-11-25 01:43:33] INFO (nni/MainThread) Intermediate result: 0.8042657425167262  (Index 96)
-----------------ETPA RESULT-------------------
Epoch 48: Validation	rmse: 19.07	mae: 15.23	mape: 35.81%	acc@10: 36.67%	acc@20: 74.43%	acc@30: 92.16%	
[2023-11-25 01:43:33] INFO (nni/MainThread) Intermediate result: 19.06911710099109  (Index 97)
*** Epoch: 49 ***
-----------------G2R RESULT-------------------

val result: krc:0.808 | lsd:0.609 | ed:0.891 | hr@1:0.714 | hr@2:0.87 | hr@3:0.92 | acc@1:0.714 | acc@2:0.645 | acc@3:0.607 | Best krc: 0.816 | Best epoch: 46
[2023-11-25 01:45:16] INFO (nni/MainThread) Intermediate result: 0.8083234995259482  (Index 98)
-----------------ETPA RESULT-------------------
Epoch 49: Validation	rmse: 19.06	mae: 15.21	mape: 35.75%	acc@10: 36.88%	acc@20: 74.5%	acc@30: 92.19%	
[2023-11-25 01:45:16] INFO (nni/MainThread) Intermediate result: 19.056394010251754  (Index 99)
*** Epoch: 50 ***
-----------------G2R RESULT-------------------

val result: krc:0.795 | lsd:0.612 | ed:0.927 | hr@1:0.693 | hr@2:0.872 | hr@3:0.914 | acc@1:0.693 | acc@2:0.624 | acc@3:0.583 | Best krc: 0.816 | Best epoch: 46
[2023-11-25 01:47:01] INFO (nni/MainThread) Intermediate result: 0.7954629978678951  (Index 100)
-----------------ETPA RESULT-------------------
Epoch 50: Validation	rmse: 19.02	mae: 15.2	mape: 35.74%	acc@10: 36.76%	acc@20: 74.63%	acc@30: 92.22%	
[2023-11-25 01:47:01] INFO (nni/MainThread) Intermediate result: 19.016744588318584  (Index 101)
*** Epoch: 51 ***
-----------------G2R RESULT-------------------

val result: krc:0.803 | lsd:0.623 | ed:0.899 | hr@1:0.709 | hr@2:0.867 | hr@3:0.916 | acc@1:0.709 | acc@2:0.633 | acc@3:0.595 | Best krc: 0.816 | Best epoch: 46
[2023-11-25 01:48:44] INFO (nni/MainThread) Intermediate result: 0.8030215899826743  (Index 102)
-----------------ETPA RESULT-------------------
Epoch 51: Validation	rmse: 18.98	mae: 15.18	mape: 35.73%	acc@10: 36.66%	acc@20: 74.88%	acc@30: 92.25%	
[2023-11-25 01:48:44] INFO (nni/MainThread) Intermediate result: 18.97554173325937  (Index 103)
*** Epoch: 52 ***
-----------------G2R RESULT-------------------

val result: krc:0.809 | lsd:0.602 | ed:0.896 | hr@1:0.706 | hr@2:0.875 | hr@3:0.919 | acc@1:0.706 | acc@2:0.64 | acc@3:0.601 | Best krc: 0.816 | Best epoch: 46
[2023-11-25 01:50:28] INFO (nni/MainThread) Intermediate result: 0.8091672912748558  (Index 104)
-----------------ETPA RESULT-------------------
Epoch 52: Validation	rmse: 18.94	mae: 15.17	mape: 35.74%	acc@10: 36.62%	acc@20: 75.0%	acc@30: 92.28%	
[2023-11-25 01:50:28] INFO (nni/MainThread) Intermediate result: 18.9389931697186  (Index 105)
*** Epoch: 53 ***
-----------------G2R RESULT-------------------

val result: krc:0.803 | lsd:0.613 | ed:0.909 | hr@1:0.697 | hr@2:0.871 | hr@3:0.917 | acc@1:0.697 | acc@2:0.632 | acc@3:0.597 | Best krc: 0.816 | Best epoch: 46
[2023-11-25 01:52:13] INFO (nni/MainThread) Intermediate result: 0.8029359576276935  (Index 106)
-----------------ETPA RESULT-------------------
Epoch 53: Validation	rmse: 18.91	mae: 15.14	mape: 35.67%	acc@10: 36.75%	acc@20: 75.12%	acc@30: 92.3%	
[2023-11-25 01:52:13] INFO (nni/MainThread) Intermediate result: 18.912639339611715  (Index 107)
*** Epoch: 54 ***
-----------------G2R RESULT-------------------

val result: krc:0.809 | lsd:0.586 | ed:0.875 | hr@1:0.707 | hr@2:0.879 | hr@3:0.924 | acc@1:0.707 | acc@2:0.64 | acc@3:0.607 | Best krc: 0.816 | Best epoch: 46
[2023-11-25 01:53:57] INFO (nni/MainThread) Intermediate result: 0.8092792129084215  (Index 108)
-----------------ETPA RESULT-------------------
Epoch 54: Validation	rmse: 18.88	mae: 15.11	mape: 35.6%	acc@10: 36.88%	acc@20: 75.17%	acc@30: 92.33%	
[2023-11-25 01:53:57] INFO (nni/MainThread) Intermediate result: 18.881998664171856  (Index 109)
*** Epoch: 55 ***
-----------------G2R RESULT-------------------

val result: krc:0.802 | lsd:0.648 | ed:0.911 | hr@1:0.705 | hr@2:0.87 | hr@3:0.922 | acc@1:0.705 | acc@2:0.633 | acc@3:0.595 | Best krc: 0.816 | Best epoch: 46
[2023-11-25 01:55:42] INFO (nni/MainThread) Intermediate result: 0.8021445454414409  (Index 110)
-----------------ETPA RESULT-------------------
Epoch 55: Validation	rmse: 18.86	mae: 15.11	mape: 35.59%	acc@10: 36.89%	acc@20: 75.17%	acc@30: 92.35%	
[2023-11-25 01:55:42] INFO (nni/MainThread) Intermediate result: 18.86436735027593  (Index 111)
*** Epoch: 56 ***
-----------------G2R RESULT-------------------

val result: krc:0.81 | lsd:0.593 | ed:0.892 | hr@1:0.711 | hr@2:0.878 | hr@3:0.925 | acc@1:0.711 | acc@2:0.641 | acc@3:0.608 | Best krc: 0.816 | Best epoch: 46
[2023-11-25 01:57:26] INFO (nni/MainThread) Intermediate result: 0.8101003322253869  (Index 112)
-----------------ETPA RESULT-------------------
Epoch 56: Validation	rmse: 18.86	mae: 15.11	mape: 35.61%	acc@10: 36.9%	acc@20: 75.27%	acc@30: 92.38%	
[2023-11-25 01:57:26] INFO (nni/MainThread) Intermediate result: 18.864708641580915  (Index 113)
*** Epoch: 57 ***
-----------------G2R RESULT-------------------

val result: krc:0.809 | lsd:0.617 | ed:0.901 | hr@1:0.699 | hr@2:0.873 | hr@3:0.923 | acc@1:0.699 | acc@2:0.634 | acc@3:0.601 | Best krc: 0.816 | Best epoch: 46
[2023-11-25 01:59:10] INFO (nni/MainThread) Intermediate result: 0.809022035956885  (Index 114)
-----------------ETPA RESULT-------------------
Epoch 57: Validation	rmse: 18.87	mae: 15.11	mape: 35.6%	acc@10: 36.96%	acc@20: 75.27%	acc@30: 92.4%	
[2023-11-25 01:59:10] INFO (nni/MainThread) Intermediate result: 18.865399016596587  (Index 115)
*** Epoch: 58 ***
-----------------G2R RESULT-------------------

val result: krc:0.811 | lsd:0.601 | ed:0.878 | hr@1:0.711 | hr@2:0.876 | hr@3:0.922 | acc@1:0.711 | acc@2:0.638 | acc@3:0.608 | Best krc: 0.816 | Best epoch: 46
[2023-11-25 02:00:55] INFO (nni/MainThread) Intermediate result: 0.811419961922804  (Index 116)
-----------------ETPA RESULT-------------------
Epoch 58: Validation	rmse: 18.9	mae: 15.14	mape: 35.7%	acc@10: 36.81%	acc@20: 75.11%	acc@30: 92.37%	
[2023-11-25 02:00:55] INFO (nni/MainThread) Intermediate result: 18.89948864322055  (Index 117)
*** Epoch: 59 ***
-----------------G2R RESULT-------------------

val result: krc:0.812 | lsd:0.583 | ed:0.878 | hr@1:0.712 | hr@2:0.877 | hr@3:0.923 | acc@1:0.712 | acc@2:0.643 | acc@3:0.606 | Best krc: 0.816 | Best epoch: 46
[2023-11-25 02:02:39] INFO (nni/MainThread) Intermediate result: 0.8117434865576535  (Index 118)
-----------------ETPA RESULT-------------------
Epoch 59: Validation	rmse: 18.92	mae: 15.16	mape: 35.72%	acc@10: 36.82%	acc@20: 75.05%	acc@30: 92.4%	
[2023-11-25 02:02:39] INFO (nni/MainThread) Intermediate result: 18.916984546562773  (Index 119)
*** Epoch: 60 ***
-----------------G2R RESULT-------------------

val result: krc:0.813 | lsd:0.594 | ed:0.878 | hr@1:0.716 | hr@2:0.877 | hr@3:0.924 | acc@1:0.716 | acc@2:0.647 | acc@3:0.609 | Best krc: 0.816 | Best epoch: 46
[2023-11-25 02:04:23] INFO (nni/MainThread) Intermediate result: 0.8134414371843318  (Index 120)
-----------------ETPA RESULT-------------------
Epoch 60: Validation	rmse: 18.9	mae: 15.15	mape: 35.71%	acc@10: 36.83%	acc@20: 75.2%	acc@30: 92.42%	
[2023-11-25 02:04:23] INFO (nni/MainThread) Intermediate result: 18.89579023652847  (Index 121)
*** Epoch: 61 ***
-----------------G2R RESULT-------------------

val result: krc:0.804 | lsd:0.634 | ed:0.919 | hr@1:0.711 | hr@2:0.87 | hr@3:0.917 | acc@1:0.711 | acc@2:0.637 | acc@3:0.602 | Best krc: 0.816 | Best epoch: 46
[2023-11-25 02:06:08] INFO (nni/MainThread) Intermediate result: 0.8038133859209504  (Index 122)
-----------------ETPA RESULT-------------------
Epoch 61: Validation	rmse: 18.92	mae: 15.16	mape: 35.72%	acc@10: 36.84%	acc@20: 75.3%	acc@30: 92.39%	
[2023-11-25 02:06:08] INFO (nni/MainThread) Intermediate result: 18.924105233698075  (Index 123)
*** Epoch: 62 ***
-----------------G2R RESULT-------------------

val result: krc:0.811 | lsd:0.593 | ed:0.88 | hr@1:0.721 | hr@2:0.878 | hr@3:0.924 | acc@1:0.721 | acc@2:0.647 | acc@3:0.611 | Best krc: 0.816 | Best epoch: 46
[2023-11-25 02:07:53] INFO (nni/MainThread) Intermediate result: 0.8106959907572062  (Index 124)
-----------------ETPA RESULT-------------------
Epoch 62: Validation	rmse: 18.93	mae: 15.17	mape: 35.74%	acc@10: 36.9%	acc@20: 75.35%	acc@30: 92.36%	
[2023-11-25 02:07:53] INFO (nni/MainThread) Intermediate result: 18.93196610822466  (Index 125)
*** Epoch: 63 ***
-----------------G2R RESULT-------------------

val result: krc:0.812 | lsd:0.599 | ed:0.889 | hr@1:0.732 | hr@2:0.875 | hr@3:0.926 | acc@1:0.732 | acc@2:0.653 | acc@3:0.619 | Best krc: 0.816 | Best epoch: 46
[2023-11-25 02:09:40] INFO (nni/MainThread) Intermediate result: 0.8124731195216547  (Index 126)
-----------------ETPA RESULT-------------------
Epoch 63: Validation	rmse: 18.95	mae: 15.18	mape: 35.75%	acc@10: 36.91%	acc@20: 75.34%	acc@30: 92.33%	
[2023-11-25 02:09:40] INFO (nni/MainThread) Intermediate result: 18.9506288944533  (Index 127)
*** Epoch: 64 ***
-----------------G2R RESULT-------------------

val result: krc:0.809 | lsd:0.613 | ed:0.883 | hr@1:0.704 | hr@2:0.871 | hr@3:0.921 | acc@1:0.704 | acc@2:0.638 | acc@3:0.606 | Best krc: 0.816 | Best epoch: 46
[2023-11-25 02:11:26] INFO (nni/MainThread) Intermediate result: 0.8089006467143764  (Index 128)
-----------------ETPA RESULT-------------------
Epoch 64: Validation	rmse: 18.96	mae: 15.17	mape: 35.73%	acc@10: 36.92%	acc@20: 75.29%	acc@30: 92.26%	
[2023-11-25 02:11:26] INFO (nni/MainThread) Intermediate result: 18.956563469271682  (Index 129)
*** Epoch: 65 ***
-----------------G2R RESULT-------------------

val result: krc:0.813 | lsd:0.592 | ed:0.874 | hr@1:0.72 | hr@2:0.876 | hr@3:0.923 | acc@1:0.72 | acc@2:0.646 | acc@3:0.61 | Best krc: 0.816 | Best epoch: 46
[2023-11-25 02:13:12] INFO (nni/MainThread) Intermediate result: 0.813420166450337  (Index 130)
-----------------ETPA RESULT-------------------
Epoch 65: Validation	rmse: 18.94	mae: 15.17	mape: 35.75%	acc@10: 37.03%	acc@20: 75.38%	acc@30: 92.23%	
[2023-11-25 02:13:12] INFO (nni/MainThread) Intermediate result: 18.939854363902015  (Index 131)
*** Epoch: 66 ***
-----------------G2R RESULT-------------------

val result: krc:0.799 | lsd:0.659 | ed:0.919 | hr@1:0.723 | hr@2:0.862 | hr@3:0.915 | acc@1:0.723 | acc@2:0.638 | acc@3:0.606 | Best krc: 0.816 | Best epoch: 46
[2023-11-25 02:14:59] INFO (nni/MainThread) Intermediate result: 0.799458695121135  (Index 132)
-----------------ETPA RESULT-------------------
Epoch 66: Validation	rmse: 18.92	mae: 15.16	mape: 35.74%	acc@10: 37.13%	acc@20: 75.37%	acc@30: 92.21%	
[2023-11-25 02:14:59] INFO (nni/MainThread) Intermediate result: 18.92202521504353  (Index 133)
loaded model path: /home/sentanoe/joint_training/data/dataset/food_pd/sort_model/hidden_size-8.gcnru-pd_1700867920.56071141700867920.5607228
best model loaded !!!
krc:0.798 | lsd:0.463 | ed:0.926 | hr@1:0.715 | hr@2:0.898 | hr@3:0.941 | acc@1:0.715 | acc@2:0.647 | acc@3:0.593 |

-------------------------------------------------------------
Best epoch for G2R:  46
Best epoch for ETPA:  55
graph2route_pd Evaluation in test: krc:0.798 | lsd:0.463 | ed:0.926 | hr@1:0.715 | hr@2:0.898 | hr@3:0.941 | acc@1:0.715 | acc@2:0.647 | acc@3:0.593 |
RankPETA Evaluation in test: rmse: 11.76	mae: 10.17	mape: 82.14%	acc@10: 60.0%	acc@20: 95.0%	acc@30: 100.0%	
