Device:  cuda
{'alpha_loss': 0.5,
 'batch_size': 64,
 'dataset': 'food_pd',
 'datatype': 'order',
 'device': device(type='cuda'),
 'early_stop': 20,
 'edge_fea_dim': 5,
 'embedding_dim': 32,
 'eval_end_1': 11,
 'eval_end_2': 25,
 'eval_start': 1,
 'gcn_num_layers': 2,
 'hidden_size': 8,
 'is_eval': False,
 'is_test': False,
 'k_min_nodes': 3,
 'k_nearest_neighbors': 'n-1',
 'lr': 0.001,
 'max_task_num': 25,
 'min_task_num': 0,
 'modelArrivalTime': 'RankPETA',
 'modelRoute': 'graph2route_pd',
 'no_cuda': False,
 'node_fea_dim': 8,
 'node_features_test': '/home/sentanoe/joint_training/data/dataset/food_pd/node_features_test_full.npy',
 'node_features_train': '/home/sentanoe/joint_training/data/dataset/food_pd/node_features_train_full.npy',
 'node_features_val': '/home/sentanoe/joint_training/data/dataset/food_pd/node_features_val_full.npy',
 'num_block': 4,
 'num_epoch': 1000,
 'num_head': 2,
 'num_worker_logistics': 2346,
 'num_worker_pd': 920,
 'pad_value': 26,
 'seed': 8888,
 'sort_mode': 'true_idx',
 'spatial_encoder': 'gatv2',
 'temporal_encoder': 'tft',
 'test_path': '/home/sentanoe/joint_training/data/dataset/food_pd/test_full.npy',
 'train_mode': 'sort',
 'train_path': '/home/sentanoe/joint_training/data/dataset/food_pd/train_full.npy',
 'val_path': '/home/sentanoe/joint_training/data/dataset/food_pd/val_full.npy',
 'wd': 1e-05,
 'worker_emb_dim': 10,
 'workers': 2}
last_x_size:13;unpick_x_size:12;input_size:38
#train:2521 | #val:1257 | #test:1261
*** Epoch: 0 ***
-----------------G2R RESULT-------------------

val result: krc:0.734 | lsd:0.796 | ed:1.083 | hr@1:0.62 | hr@2:0.84 | hr@3:0.892 | acc@1:0.62 | acc@2:0.559 | acc@3:0.514 | Best krc: -1 | Best epoch: -1
best model saved
[2023-11-29 02:29:53] INFO (nni/MainThread) Intermediate result: 0.7339065922013016  (Index 0)
-----------------ETPA RESULT-------------------
Epoch 0: Validation	rmse: 40.84	mae: 34.72	mape: 67.72%	acc@10: 9.38%	acc@20: 25.0%	acc@30: 34.38%	
[2023-11-29 02:29:53] INFO (nni/MainThread) Intermediate result: 40.839422111943506  (Index 1)
*** Epoch: 1 ***
-----------------G2R RESULT-------------------

val result: krc:0.751 | lsd:0.746 | ed:1.03 | hr@1:0.632 | hr@2:0.854 | hr@3:0.899 | acc@1:0.632 | acc@2:0.573 | acc@3:0.527 | Best krc: 0.734 | Best epoch: 0
best model saved
[2023-11-29 02:31:37] INFO (nni/MainThread) Intermediate result: 0.7510425968143501  (Index 2)
-----------------ETPA RESULT-------------------
Epoch 1: Validation	rmse: 34.64	mae: 27.45	mape: 53.41%	acc@10: 21.88%	acc@20: 43.75%	acc@30: 59.38%	
[2023-11-29 02:31:37] INFO (nni/MainThread) Intermediate result: 34.641858229125454  (Index 3)
*** Epoch: 2 ***
-----------------G2R RESULT-------------------

val result: krc:0.764 | lsd:0.688 | ed:0.992 | hr@1:0.634 | hr@2:0.856 | hr@3:0.909 | acc@1:0.634 | acc@2:0.575 | acc@3:0.538 | Best krc: 0.751 | Best epoch: 1
best model saved
[2023-11-29 02:33:21] INFO (nni/MainThread) Intermediate result: 0.7635394225687187  (Index 4)
-----------------ETPA RESULT-------------------
Epoch 2: Validation	rmse: 31.36	mae: 24.67	mape: 50.87%	acc@10: 25.0%	acc@20: 50.0%	acc@30: 68.75%	
[2023-11-29 02:33:21] INFO (nni/MainThread) Intermediate result: 31.363963885322665  (Index 5)
*** Epoch: 3 ***
-----------------G2R RESULT-------------------

val result: krc:0.759 | lsd:0.719 | ed:1.015 | hr@1:0.624 | hr@2:0.852 | hr@3:0.903 | acc@1:0.624 | acc@2:0.568 | acc@3:0.527 | Best krc: 0.764 | Best epoch: 2
[2023-11-29 02:35:03] INFO (nni/MainThread) Intermediate result: 0.7591749373559603  (Index 6)
-----------------ETPA RESULT-------------------
Epoch 3: Validation	rmse: 29.39	mae: 22.62	mape: 47.76%	acc@10: 28.12%	acc@20: 57.03%	acc@30: 75.0%	
[2023-11-29 02:35:03] INFO (nni/MainThread) Intermediate result: 29.390164315039303  (Index 7)
*** Epoch: 4 ***
-----------------G2R RESULT-------------------

val result: krc:0.76 | lsd:0.734 | ed:1.023 | hr@1:0.622 | hr@2:0.859 | hr@3:0.904 | acc@1:0.622 | acc@2:0.571 | acc@3:0.533 | Best krc: 0.764 | Best epoch: 2
[2023-11-29 02:36:47] INFO (nni/MainThread) Intermediate result: 0.7603382016936892  (Index 8)
-----------------ETPA RESULT-------------------
Epoch 4: Validation	rmse: 27.79	mae: 21.29	mape: 45.41%	acc@10: 29.38%	acc@20: 61.25%	acc@30: 78.75%	
[2023-11-29 02:36:47] INFO (nni/MainThread) Intermediate result: 27.786933850607898  (Index 9)
*** Epoch: 5 ***
-----------------G2R RESULT-------------------

val result: krc:0.762 | lsd:0.701 | ed:1.001 | hr@1:0.626 | hr@2:0.863 | hr@3:0.907 | acc@1:0.626 | acc@2:0.577 | acc@3:0.539 | Best krc: 0.764 | Best epoch: 2
[2023-11-29 02:38:33] INFO (nni/MainThread) Intermediate result: 0.7621358550435945  (Index 10)
-----------------ETPA RESULT-------------------
Epoch 5: Validation	rmse: 26.65	mae: 20.23	mape: 42.87%	acc@10: 30.73%	acc@20: 64.06%	acc@30: 81.25%	
[2023-11-29 02:38:33] INFO (nni/MainThread) Intermediate result: 26.64883135103193  (Index 11)
*** Epoch: 6 ***
-----------------G2R RESULT-------------------

val result: krc:0.768 | lsd:0.689 | ed:0.993 | hr@1:0.626 | hr@2:0.859 | hr@3:0.907 | acc@1:0.626 | acc@2:0.574 | acc@3:0.538 | Best krc: 0.764 | Best epoch: 2
best model saved
[2023-11-29 02:40:16] INFO (nni/MainThread) Intermediate result: 0.7678345654733936  (Index 12)
-----------------ETPA RESULT-------------------
Epoch 6: Validation	rmse: 25.7	mae: 19.44	mape: 41.37%	acc@10: 33.04%	acc@20: 66.52%	acc@30: 83.04%	
[2023-11-29 02:40:16] INFO (nni/MainThread) Intermediate result: 25.70157652691552  (Index 13)
*** Epoch: 7 ***
-----------------G2R RESULT-------------------

val result: krc:0.768 | lsd:0.699 | ed:0.988 | hr@1:0.64 | hr@2:0.863 | hr@3:0.905 | acc@1:0.64 | acc@2:0.589 | acc@3:0.547 | Best krc: 0.768 | Best epoch: 6
[2023-11-29 02:41:58] INFO (nni/MainThread) Intermediate result: 0.7675943587093564  (Index 14)
-----------------ETPA RESULT-------------------
Epoch 7: Validation	rmse: 25.08	mae: 19.04	mape: 40.75%	acc@10: 33.59%	acc@20: 66.8%	acc@30: 83.98%	
[2023-11-29 02:41:58] INFO (nni/MainThread) Intermediate result: 25.078223466261537  (Index 15)
*** Epoch: 8 ***
-----------------G2R RESULT-------------------

val result: krc:0.771 | lsd:0.668 | ed:0.984 | hr@1:0.637 | hr@2:0.864 | hr@3:0.912 | acc@1:0.637 | acc@2:0.58 | acc@3:0.543 | Best krc: 0.768 | Best epoch: 6
best model saved
[2023-11-29 02:43:42] INFO (nni/MainThread) Intermediate result: 0.7713678085344023  (Index 16)
-----------------ETPA RESULT-------------------
Epoch 8: Validation	rmse: 24.39	mae: 18.52	mape: 39.68%	acc@10: 35.07%	acc@20: 68.06%	acc@30: 85.07%	
[2023-11-29 02:43:42] INFO (nni/MainThread) Intermediate result: 24.393878827340895  (Index 17)
*** Epoch: 9 ***
-----------------G2R RESULT-------------------

val result: krc:0.775 | lsd:0.669 | ed:0.978 | hr@1:0.638 | hr@2:0.863 | hr@3:0.911 | acc@1:0.638 | acc@2:0.577 | acc@3:0.542 | Best krc: 0.771 | Best epoch: 8
best model saved
[2023-11-29 02:45:27] INFO (nni/MainThread) Intermediate result: 0.7747655030033693  (Index 18)
-----------------ETPA RESULT-------------------
Epoch 9: Validation	rmse: 23.7	mae: 18.0	mape: 38.83%	acc@10: 35.94%	acc@20: 69.38%	acc@30: 85.94%	
[2023-11-29 02:45:27] INFO (nni/MainThread) Intermediate result: 23.701169398162925  (Index 19)
*** Epoch: 10 ***
-----------------G2R RESULT-------------------

val result: krc:0.771 | lsd:0.686 | ed:0.987 | hr@1:0.639 | hr@2:0.862 | hr@3:0.909 | acc@1:0.639 | acc@2:0.584 | acc@3:0.547 | Best krc: 0.775 | Best epoch: 9
[2023-11-29 02:47:10] INFO (nni/MainThread) Intermediate result: 0.7707436669308115  (Index 20)
-----------------ETPA RESULT-------------------
Epoch 10: Validation	rmse: 23.37	mae: 17.79	mape: 38.63%	acc@10: 36.65%	acc@20: 69.89%	acc@30: 86.65%	
[2023-11-29 02:47:10] INFO (nni/MainThread) Intermediate result: 23.365407045566318  (Index 21)
*** Epoch: 11 ***
-----------------G2R RESULT-------------------

val result: krc:0.766 | lsd:0.696 | ed:1.007 | hr@1:0.64 | hr@2:0.859 | hr@3:0.907 | acc@1:0.64 | acc@2:0.578 | acc@3:0.538 | Best krc: 0.775 | Best epoch: 9
[2023-11-29 02:48:55] INFO (nni/MainThread) Intermediate result: 0.7656538564190511  (Index 22)
-----------------ETPA RESULT-------------------
Epoch 11: Validation	rmse: 23.11	mae: 17.63	mape: 38.36%	acc@10: 37.5%	acc@20: 69.27%	acc@30: 87.24%	
[2023-11-29 02:48:55] INFO (nni/MainThread) Intermediate result: 23.111386076438503  (Index 23)
*** Epoch: 12 ***
-----------------G2R RESULT-------------------

val result: krc:0.763 | lsd:0.717 | ed:1.023 | hr@1:0.635 | hr@2:0.861 | hr@3:0.908 | acc@1:0.635 | acc@2:0.578 | acc@3:0.534 | Best krc: 0.775 | Best epoch: 9
[2023-11-29 02:50:41] INFO (nni/MainThread) Intermediate result: 0.7631328573611041  (Index 24)
-----------------ETPA RESULT-------------------
Epoch 12: Validation	rmse: 22.72	mae: 17.34	mape: 37.82%	acc@10: 37.98%	acc@20: 69.71%	acc@30: 87.74%	
[2023-11-29 02:50:41] INFO (nni/MainThread) Intermediate result: 22.72191925364555  (Index 25)
*** Epoch: 13 ***
-----------------G2R RESULT-------------------

val result: krc:0.766 | lsd:0.672 | ed:0.997 | hr@1:0.642 | hr@2:0.864 | hr@3:0.91 | acc@1:0.642 | acc@2:0.582 | acc@3:0.538 | Best krc: 0.775 | Best epoch: 9
[2023-11-29 02:52:26] INFO (nni/MainThread) Intermediate result: 0.7662240520657658  (Index 26)
-----------------ETPA RESULT-------------------
Epoch 13: Validation	rmse: 22.38	mae: 17.09	mape: 37.39%	acc@10: 38.62%	acc@20: 70.31%	acc@30: 88.17%	
[2023-11-29 02:52:26] INFO (nni/MainThread) Intermediate result: 22.376046110456887  (Index 27)
*** Epoch: 14 ***
-----------------G2R RESULT-------------------

val result: krc:0.78 | lsd:0.652 | ed:0.946 | hr@1:0.651 | hr@2:0.864 | hr@3:0.911 | acc@1:0.651 | acc@2:0.598 | acc@3:0.563 | Best krc: 0.775 | Best epoch: 9
best model saved
[2023-11-29 02:54:11] INFO (nni/MainThread) Intermediate result: 0.7802513815194182  (Index 28)
-----------------ETPA RESULT-------------------
Epoch 14: Validation	rmse: 22.06	mae: 16.84	mape: 36.9%	acc@10: 39.79%	acc@20: 70.83%	acc@30: 88.54%	
[2023-11-29 02:54:11] INFO (nni/MainThread) Intermediate result: 22.061045397978024  (Index 29)
*** Epoch: 15 ***
-----------------G2R RESULT-------------------

val result: krc:0.777 | lsd:0.662 | ed:0.964 | hr@1:0.653 | hr@2:0.865 | hr@3:0.911 | acc@1:0.653 | acc@2:0.593 | acc@3:0.551 | Best krc: 0.78 | Best epoch: 14
[2023-11-29 02:55:57] INFO (nni/MainThread) Intermediate result: 0.7765570457656158  (Index 30)
-----------------ETPA RESULT-------------------
Epoch 15: Validation	rmse: 21.89	mae: 16.72	mape: 36.59%	acc@10: 40.04%	acc@20: 70.9%	acc@30: 88.67%	
[2023-11-29 02:55:57] INFO (nni/MainThread) Intermediate result: 21.889233311142434  (Index 31)
*** Epoch: 16 ***
-----------------G2R RESULT-------------------

val result: krc:0.796 | lsd:0.644 | ed:0.93 | hr@1:0.695 | hr@2:0.872 | hr@3:0.911 | acc@1:0.695 | acc@2:0.625 | acc@3:0.582 | Best krc: 0.78 | Best epoch: 14
best model saved
[2023-11-29 02:57:45] INFO (nni/MainThread) Intermediate result: 0.7964922829199176  (Index 32)
-----------------ETPA RESULT-------------------
Epoch 16: Validation	rmse: 21.63	mae: 16.54	mape: 36.3%	acc@10: 40.44%	acc@20: 70.96%	acc@30: 88.97%	
[2023-11-29 02:57:45] INFO (nni/MainThread) Intermediate result: 21.626719517891246  (Index 33)
*** Epoch: 17 ***
-----------------G2R RESULT-------------------

val result: krc:0.789 | lsd:0.681 | ed:0.951 | hr@1:0.704 | hr@2:0.856 | hr@3:0.913 | acc@1:0.704 | acc@2:0.617 | acc@3:0.579 | Best krc: 0.796 | Best epoch: 16
[2023-11-29 02:59:28] INFO (nni/MainThread) Intermediate result: 0.7892382908998563  (Index 34)
-----------------ETPA RESULT-------------------
Epoch 17: Validation	rmse: 21.32	mae: 16.3	mape: 35.85%	acc@10: 41.15%	acc@20: 71.35%	acc@30: 89.24%	
[2023-11-29 02:59:28] INFO (nni/MainThread) Intermediate result: 21.323889797541035  (Index 35)
*** Epoch: 18 ***
-----------------G2R RESULT-------------------

val result: krc:0.776 | lsd:0.715 | ed:1.0 | hr@1:0.699 | hr@2:0.851 | hr@3:0.908 | acc@1:0.699 | acc@2:0.602 | acc@3:0.56 | Best krc: 0.796 | Best epoch: 16
[2023-11-29 03:01:14] INFO (nni/MainThread) Intermediate result: 0.7764689594685223  (Index 36)
-----------------ETPA RESULT-------------------
Epoch 18: Validation	rmse: 21.13	mae: 16.17	mape: 35.66%	acc@10: 41.45%	acc@20: 71.38%	acc@30: 89.47%	
[2023-11-29 03:01:14] INFO (nni/MainThread) Intermediate result: 21.128114520821914  (Index 37)
*** Epoch: 19 ***
-----------------G2R RESULT-------------------

val result: krc:0.781 | lsd:0.688 | ed:0.978 | hr@1:0.683 | hr@2:0.854 | hr@3:0.905 | acc@1:0.683 | acc@2:0.604 | acc@3:0.563 | Best krc: 0.796 | Best epoch: 16
[2023-11-29 03:03:01] INFO (nni/MainThread) Intermediate result: 0.7812265513883354  (Index 38)
-----------------ETPA RESULT-------------------
Epoch 19: Validation	rmse: 20.92	mae: 16.0	mape: 35.34%	acc@10: 41.72%	acc@20: 71.72%	acc@30: 89.69%	
[2023-11-29 03:03:01] INFO (nni/MainThread) Intermediate result: 20.920089011971154  (Index 39)
*** Epoch: 20 ***
-----------------G2R RESULT-------------------

val result: krc:0.787 | lsd:0.659 | ed:0.95 | hr@1:0.695 | hr@2:0.863 | hr@3:0.912 | acc@1:0.695 | acc@2:0.615 | acc@3:0.571 | Best krc: 0.796 | Best epoch: 16
[2023-11-29 03:04:48] INFO (nni/MainThread) Intermediate result: 0.7865888171004042  (Index 40)
-----------------ETPA RESULT-------------------
Epoch 20: Validation	rmse: 20.95	mae: 16.09	mape: 35.47%	acc@10: 41.07%	acc@20: 71.28%	acc@30: 89.14%	
[2023-11-29 03:04:48] INFO (nni/MainThread) Intermediate result: 20.946004003533012  (Index 41)
*** Epoch: 21 ***
-----------------G2R RESULT-------------------

val result: krc:0.786 | lsd:0.667 | ed:0.933 | hr@1:0.671 | hr@2:0.862 | hr@3:0.915 | acc@1:0.671 | acc@2:0.607 | acc@3:0.576 | Best krc: 0.796 | Best epoch: 16
[2023-11-29 03:06:36] INFO (nni/MainThread) Intermediate result: 0.7857258445452586  (Index 42)
-----------------ETPA RESULT-------------------
Epoch 21: Validation	rmse: 20.8	mae: 16.0	mape: 35.3%	acc@10: 41.19%	acc@20: 71.31%	acc@30: 89.35%	
[2023-11-29 03:06:36] INFO (nni/MainThread) Intermediate result: 20.80214944248235  (Index 43)
*** Epoch: 22 ***
-----------------G2R RESULT-------------------

val result: krc:0.798 | lsd:0.651 | ed:0.925 | hr@1:0.699 | hr@2:0.863 | hr@3:0.916 | acc@1:0.699 | acc@2:0.623 | acc@3:0.585 | Best krc: 0.796 | Best epoch: 16
best model saved
[2023-11-29 03:08:23] INFO (nni/MainThread) Intermediate result: 0.7983741928123211  (Index 44)
-----------------ETPA RESULT-------------------
Epoch 22: Validation	rmse: 20.59	mae: 15.86	mape: 35.07%	acc@10: 41.58%	acc@20: 71.6%	acc@30: 89.54%	
[2023-11-29 03:08:23] INFO (nni/MainThread) Intermediate result: 20.594112213143816  (Index 45)
*** Epoch: 23 ***
-----------------G2R RESULT-------------------

val result: krc:0.798 | lsd:0.65 | ed:0.905 | hr@1:0.689 | hr@2:0.862 | hr@3:0.913 | acc@1:0.689 | acc@2:0.625 | acc@3:0.592 | Best krc: 0.798 | Best epoch: 22
best model saved
[2023-11-29 03:10:12] INFO (nni/MainThread) Intermediate result: 0.7984139739190024  (Index 46)
-----------------ETPA RESULT-------------------
Epoch 23: Validation	rmse: 20.56	mae: 15.87	mape: 35.07%	acc@10: 41.15%	acc@20: 71.48%	acc@30: 89.32%	
[2023-11-29 03:10:12] INFO (nni/MainThread) Intermediate result: 20.557169008238596  (Index 47)
*** Epoch: 24 ***
-----------------G2R RESULT-------------------

val result: krc:0.778 | lsd:0.715 | ed:0.968 | hr@1:0.669 | hr@2:0.853 | hr@3:0.909 | acc@1:0.669 | acc@2:0.599 | acc@3:0.566 | Best krc: 0.798 | Best epoch: 23
[2023-11-29 03:11:58] INFO (nni/MainThread) Intermediate result: 0.7782928085857685  (Index 48)
-----------------ETPA RESULT-------------------
Epoch 24: Validation	rmse: 20.46	mae: 15.81	mape: 34.96%	acc@10: 41.0%	acc@20: 71.5%	acc@30: 89.38%	
[2023-11-29 03:11:58] INFO (nni/MainThread) Intermediate result: 20.457293101514015  (Index 49)
*** Epoch: 25 ***
-----------------G2R RESULT-------------------

val result: krc:0.786 | lsd:0.686 | ed:0.955 | hr@1:0.679 | hr@2:0.862 | hr@3:0.909 | acc@1:0.679 | acc@2:0.61 | acc@3:0.572 | Best krc: 0.798 | Best epoch: 23
[2023-11-29 03:13:43] INFO (nni/MainThread) Intermediate result: 0.7864998578159925  (Index 50)
-----------------ETPA RESULT-------------------
Epoch 25: Validation	rmse: 20.28	mae: 15.69	mape: 34.77%	acc@10: 41.35%	acc@20: 71.75%	acc@30: 89.66%	
[2023-11-29 03:13:43] INFO (nni/MainThread) Intermediate result: 20.27933702567011  (Index 51)
*** Epoch: 26 ***
-----------------G2R RESULT-------------------

val result: krc:0.778 | lsd:0.687 | ed:0.969 | hr@1:0.663 | hr@2:0.862 | hr@3:0.909 | acc@1:0.663 | acc@2:0.602 | acc@3:0.565 | Best krc: 0.798 | Best epoch: 23
[2023-11-29 03:15:29] INFO (nni/MainThread) Intermediate result: 0.7784575129481118  (Index 52)
-----------------ETPA RESULT-------------------
Epoch 26: Validation	rmse: 20.22	mae: 15.67	mape: 34.76%	acc@10: 41.2%	acc@20: 71.41%	acc@30: 89.7%	
[2023-11-29 03:15:29] INFO (nni/MainThread) Intermediate result: 20.216840793520593  (Index 53)
*** Epoch: 27 ***
-----------------G2R RESULT-------------------

val result: krc:0.791 | lsd:0.642 | ed:0.925 | hr@1:0.682 | hr@2:0.867 | hr@3:0.914 | acc@1:0.682 | acc@2:0.615 | acc@3:0.577 | Best krc: 0.798 | Best epoch: 23
[2023-11-29 03:17:15] INFO (nni/MainThread) Intermediate result: 0.7905738213914864  (Index 54)
-----------------ETPA RESULT-------------------
Epoch 27: Validation	rmse: 20.12	mae: 15.61	mape: 34.65%	acc@10: 41.29%	acc@20: 71.65%	acc@30: 89.84%	
[2023-11-29 03:17:15] INFO (nni/MainThread) Intermediate result: 20.117867073986538  (Index 55)
*** Epoch: 28 ***
-----------------G2R RESULT-------------------

val result: krc:0.793 | lsd:0.631 | ed:0.926 | hr@1:0.68 | hr@2:0.871 | hr@3:0.917 | acc@1:0.68 | acc@2:0.618 | acc@3:0.582 | Best krc: 0.798 | Best epoch: 23
[2023-11-29 03:19:00] INFO (nni/MainThread) Intermediate result: 0.793020923270158  (Index 56)
-----------------ETPA RESULT-------------------
Epoch 28: Validation	rmse: 20.08	mae: 15.59	mape: 34.59%	acc@10: 41.27%	acc@20: 71.88%	acc@30: 89.76%	
[2023-11-29 03:19:00] INFO (nni/MainThread) Intermediate result: 20.07611856661852  (Index 57)
*** Epoch: 29 ***
-----------------G2R RESULT-------------------

val result: krc:0.794 | lsd:0.631 | ed:0.919 | hr@1:0.688 | hr@2:0.87 | hr@3:0.915 | acc@1:0.688 | acc@2:0.619 | acc@3:0.58 | Best krc: 0.798 | Best epoch: 23
[2023-11-29 03:20:50] INFO (nni/MainThread) Intermediate result: 0.794033717339358  (Index 58)
-----------------ETPA RESULT-------------------
Epoch 29: Validation	rmse: 19.94	mae: 15.5	mape: 34.45%	acc@10: 41.46%	acc@20: 72.08%	acc@30: 90.0%	
[2023-11-29 03:20:50] INFO (nni/MainThread) Intermediate result: 19.93852183319792  (Index 59)
*** Epoch: 30 ***
-----------------G2R RESULT-------------------

val result: krc:0.801 | lsd:0.641 | ed:0.908 | hr@1:0.697 | hr@2:0.868 | hr@3:0.915 | acc@1:0.697 | acc@2:0.628 | acc@3:0.592 | Best krc: 0.798 | Best epoch: 23
best model saved
[2023-11-29 03:22:37] INFO (nni/MainThread) Intermediate result: 0.8012638089857155  (Index 60)
-----------------ETPA RESULT-------------------
Epoch 30: Validation	rmse: 19.85	mae: 15.44	mape: 34.35%	acc@10: 41.63%	acc@20: 72.28%	acc@30: 90.12%	
[2023-11-29 03:22:37] INFO (nni/MainThread) Intermediate result: 19.849677862218314  (Index 61)
*** Epoch: 31 ***
-----------------G2R RESULT-------------------

val result: krc:0.779 | lsd:0.653 | ed:0.97 | hr@1:0.669 | hr@2:0.866 | hr@3:0.91 | acc@1:0.669 | acc@2:0.598 | acc@3:0.559 | Best krc: 0.801 | Best epoch: 30
[2023-11-29 03:24:24] INFO (nni/MainThread) Intermediate result: 0.7793515063213359  (Index 62)
-----------------ETPA RESULT-------------------
Epoch 31: Validation	rmse: 19.79	mae: 15.4	mape: 34.28%	acc@10: 41.7%	acc@20: 72.27%	acc@30: 90.14%	
[2023-11-29 03:24:24] INFO (nni/MainThread) Intermediate result: 19.78921495577727  (Index 63)
*** Epoch: 32 ***
-----------------G2R RESULT-------------------

val result: krc:0.795 | lsd:0.625 | ed:0.902 | hr@1:0.694 | hr@2:0.867 | hr@3:0.917 | acc@1:0.694 | acc@2:0.623 | acc@3:0.588 | Best krc: 0.801 | Best epoch: 30
[2023-11-29 03:26:11] INFO (nni/MainThread) Intermediate result: 0.7953198460675506  (Index 64)
-----------------ETPA RESULT-------------------
Epoch 32: Validation	rmse: 19.71	mae: 15.36	mape: 34.23%	acc@10: 41.76%	acc@20: 72.06%	acc@30: 90.34%	
[2023-11-29 03:26:11] INFO (nni/MainThread) Intermediate result: 19.712907931839197  (Index 65)
*** Epoch: 33 ***
-----------------G2R RESULT-------------------

val result: krc:0.792 | lsd:0.662 | ed:0.938 | hr@1:0.694 | hr@2:0.861 | hr@3:0.914 | acc@1:0.694 | acc@2:0.614 | acc@3:0.582 | Best krc: 0.801 | Best epoch: 30
[2023-11-29 03:27:58] INFO (nni/MainThread) Intermediate result: 0.791501937308671  (Index 66)
-----------------ETPA RESULT-------------------
Epoch 33: Validation	rmse: 19.67	mae: 15.33	mape: 34.19%	acc@10: 41.82%	acc@20: 72.06%	acc@30: 90.35%	
[2023-11-29 03:27:58] INFO (nni/MainThread) Intermediate result: 19.665491939865145  (Index 67)
*** Epoch: 34 ***
-----------------G2R RESULT-------------------

val result: krc:0.801 | lsd:0.633 | ed:0.92 | hr@1:0.705 | hr@2:0.867 | hr@3:0.916 | acc@1:0.705 | acc@2:0.629 | acc@3:0.593 | Best krc: 0.801 | Best epoch: 30
best model saved
[2023-11-29 03:29:47] INFO (nni/MainThread) Intermediate result: 0.8014245926707665  (Index 68)
-----------------ETPA RESULT-------------------
Epoch 34: Validation	rmse: 19.64	mae: 15.32	mape: 34.2%	acc@10: 41.79%	acc@20: 71.79%	acc@30: 90.27%	
[2023-11-29 03:29:47] INFO (nni/MainThread) Intermediate result: 19.640012333511777  (Index 69)
*** Epoch: 35 ***
-----------------G2R RESULT-------------------

val result: krc:0.801 | lsd:0.63 | ed:0.913 | hr@1:0.699 | hr@2:0.869 | hr@3:0.917 | acc@1:0.699 | acc@2:0.631 | acc@3:0.592 | Best krc: 0.801 | Best epoch: 34
[2023-11-29 03:31:36] INFO (nni/MainThread) Intermediate result: 0.8008810642304303  (Index 70)
-----------------ETPA RESULT-------------------
Epoch 35: Validation	rmse: 19.62	mae: 15.31	mape: 34.18%	acc@10: 41.84%	acc@20: 71.79%	acc@30: 90.19%	
[2023-11-29 03:31:36] INFO (nni/MainThread) Intermediate result: 19.621511915695933  (Index 71)
*** Epoch: 36 ***
-----------------G2R RESULT-------------------

val result: krc:0.795 | lsd:0.672 | ed:0.916 | hr@1:0.7 | hr@2:0.86 | hr@3:0.913 | acc@1:0.7 | acc@2:0.63 | acc@3:0.592 | Best krc: 0.801 | Best epoch: 34
[2023-11-29 03:33:23] INFO (nni/MainThread) Intermediate result: 0.7948144553304153  (Index 72)
-----------------ETPA RESULT-------------------
Epoch 36: Validation	rmse: 19.55	mae: 15.27	mape: 34.14%	acc@10: 41.81%	acc@20: 71.96%	acc@30: 90.29%	
[2023-11-29 03:33:23] INFO (nni/MainThread) Intermediate result: 19.55371094493114  (Index 73)
*** Epoch: 37 ***
-----------------G2R RESULT-------------------

val result: krc:0.799 | lsd:0.64 | ed:0.909 | hr@1:0.705 | hr@2:0.867 | hr@3:0.92 | acc@1:0.705 | acc@2:0.634 | acc@3:0.596 | Best krc: 0.801 | Best epoch: 34
[2023-11-29 03:35:11] INFO (nni/MainThread) Intermediate result: 0.798539737805151  (Index 74)
-----------------ETPA RESULT-------------------
Epoch 37: Validation	rmse: 19.47	mae: 15.23	mape: 34.11%	acc@10: 41.86%	acc@20: 72.04%	acc@30: 90.46%	
[2023-11-29 03:35:11] INFO (nni/MainThread) Intermediate result: 19.47194646246747  (Index 75)
*** Epoch: 38 ***
-----------------G2R RESULT-------------------

val result: krc:0.802 | lsd:0.632 | ed:0.905 | hr@1:0.695 | hr@2:0.872 | hr@3:0.919 | acc@1:0.695 | acc@2:0.632 | acc@3:0.596 | Best krc: 0.801 | Best epoch: 34
best model saved
[2023-11-29 03:37:00] INFO (nni/MainThread) Intermediate result: 0.8016873123475661  (Index 76)
-----------------ETPA RESULT-------------------
Epoch 38: Validation	rmse: 19.45	mae: 15.22	mape: 34.11%	acc@10: 41.83%	acc@20: 71.79%	acc@30: 90.46%	
[2023-11-29 03:37:00] INFO (nni/MainThread) Intermediate result: 19.453092783028666  (Index 77)
*** Epoch: 39 ***
-----------------G2R RESULT-------------------

val result: krc:0.795 | lsd:0.646 | ed:0.921 | hr@1:0.686 | hr@2:0.871 | hr@3:0.918 | acc@1:0.686 | acc@2:0.623 | acc@3:0.586 | Best krc: 0.802 | Best epoch: 38
[2023-11-29 03:38:48] INFO (nni/MainThread) Intermediate result: 0.7945593378912137  (Index 78)
-----------------ETPA RESULT-------------------
Epoch 39: Validation	rmse: 19.37	mae: 15.18	mape: 34.07%	acc@10: 41.8%	acc@20: 71.88%	acc@30: 90.62%	
[2023-11-29 03:38:48] INFO (nni/MainThread) Intermediate result: 19.365892996681065  (Index 79)
*** Epoch: 40 ***
-----------------G2R RESULT-------------------

val result: krc:0.795 | lsd:0.648 | ed:0.908 | hr@1:0.69 | hr@2:0.87 | hr@3:0.917 | acc@1:0.69 | acc@2:0.627 | acc@3:0.592 | Best krc: 0.802 | Best epoch: 38
[2023-11-29 03:40:37] INFO (nni/MainThread) Intermediate result: 0.7950453439740716  (Index 80)
-----------------ETPA RESULT-------------------
Epoch 40: Validation	rmse: 19.3	mae: 15.14	mape: 34.02%	acc@10: 41.92%	acc@20: 71.95%	acc@30: 90.7%	
[2023-11-29 03:40:37] INFO (nni/MainThread) Intermediate result: 19.301568229360882  (Index 81)
*** Epoch: 41 ***
-----------------G2R RESULT-------------------

val result: krc:0.793 | lsd:0.654 | ed:0.92 | hr@1:0.682 | hr@2:0.871 | hr@3:0.914 | acc@1:0.682 | acc@2:0.623 | acc@3:0.585 | Best krc: 0.802 | Best epoch: 38
[2023-11-29 03:42:26] INFO (nni/MainThread) Intermediate result: 0.7932371018510067  (Index 82)
-----------------ETPA RESULT-------------------
Epoch 41: Validation	rmse: 19.26	mae: 15.11	mape: 34.0%	acc@10: 41.96%	acc@20: 71.95%	acc@30: 90.77%	
[2023-11-29 03:42:26] INFO (nni/MainThread) Intermediate result: 19.26202031441083  (Index 83)
*** Epoch: 42 ***
-----------------G2R RESULT-------------------

val result: krc:0.796 | lsd:0.639 | ed:0.891 | hr@1:0.69 | hr@2:0.869 | hr@3:0.916 | acc@1:0.69 | acc@2:0.631 | acc@3:0.595 | Best krc: 0.802 | Best epoch: 38
[2023-11-29 03:44:09] INFO (nni/MainThread) Intermediate result: 0.7962976109543665  (Index 84)
-----------------ETPA RESULT-------------------
Epoch 42: Validation	rmse: 19.23	mae: 15.08	mape: 33.94%	acc@10: 42.01%	acc@20: 72.09%	acc@30: 90.84%	
[2023-11-29 03:44:09] INFO (nni/MainThread) Intermediate result: 19.2340458232646  (Index 85)
*** Epoch: 43 ***
-----------------G2R RESULT-------------------

val result: krc:0.796 | lsd:0.666 | ed:0.929 | hr@1:0.693 | hr@2:0.861 | hr@3:0.914 | acc@1:0.693 | acc@2:0.625 | acc@3:0.589 | Best krc: 0.802 | Best epoch: 38
[2023-11-29 03:45:54] INFO (nni/MainThread) Intermediate result: 0.7958832422496611  (Index 86)
-----------------ETPA RESULT-------------------
Epoch 43: Validation	rmse: 19.22	mae: 15.07	mape: 33.96%	acc@10: 42.05%	acc@20: 72.09%	acc@30: 90.91%	
[2023-11-29 03:45:54] INFO (nni/MainThread) Intermediate result: 19.220346921823026  (Index 87)
*** Epoch: 44 ***
-----------------G2R RESULT-------------------

val result: krc:0.793 | lsd:0.648 | ed:0.925 | hr@1:0.692 | hr@2:0.865 | hr@3:0.915 | acc@1:0.692 | acc@2:0.619 | acc@3:0.584 | Best krc: 0.802 | Best epoch: 38
[2023-11-29 03:47:38] INFO (nni/MainThread) Intermediate result: 0.7927130137186981  (Index 88)
-----------------ETPA RESULT-------------------
Epoch 44: Validation	rmse: 19.23	mae: 15.08	mape: 33.97%	acc@10: 42.01%	acc@20: 71.88%	acc@30: 90.9%	
[2023-11-29 03:47:38] INFO (nni/MainThread) Intermediate result: 19.228847076938273  (Index 89)
*** Epoch: 45 ***
-----------------G2R RESULT-------------------

val result: krc:0.797 | lsd:0.652 | ed:0.909 | hr@1:0.694 | hr@2:0.862 | hr@3:0.915 | acc@1:0.694 | acc@2:0.622 | acc@3:0.586 | Best krc: 0.802 | Best epoch: 38
[2023-11-29 03:49:20] INFO (nni/MainThread) Intermediate result: 0.7966894641577632  (Index 90)
-----------------ETPA RESULT-------------------
Epoch 45: Validation	rmse: 19.24	mae: 15.09	mape: 34.02%	acc@10: 41.92%	acc@20: 71.81%	acc@30: 90.96%	
[2023-11-29 03:49:20] INFO (nni/MainThread) Intermediate result: 19.23830538031191  (Index 91)
*** Epoch: 46 ***
-----------------G2R RESULT-------------------

val result: krc:0.79 | lsd:0.665 | ed:0.923 | hr@1:0.679 | hr@2:0.865 | hr@3:0.912 | acc@1:0.679 | acc@2:0.62 | acc@3:0.584 | Best krc: 0.802 | Best epoch: 38
[2023-11-29 03:51:06] INFO (nni/MainThread) Intermediate result: 0.7899946933178241  (Index 92)
-----------------ETPA RESULT-------------------
Epoch 46: Validation	rmse: 19.24	mae: 15.11	mape: 34.04%	acc@10: 41.82%	acc@20: 71.61%	acc@30: 90.96%	
[2023-11-29 03:51:06] INFO (nni/MainThread) Intermediate result: 19.244980844631222  (Index 93)
*** Epoch: 47 ***
-----------------G2R RESULT-------------------

val result: krc:0.801 | lsd:0.624 | ed:0.891 | hr@1:0.701 | hr@2:0.871 | hr@3:0.921 | acc@1:0.701 | acc@2:0.631 | acc@3:0.596 | Best krc: 0.802 | Best epoch: 38
[2023-11-29 03:52:48] INFO (nni/MainThread) Intermediate result: 0.8014330572179282  (Index 94)
-----------------ETPA RESULT-------------------
Epoch 47: Validation	rmse: 19.26	mae: 15.12	mape: 34.07%	acc@10: 41.73%	acc@20: 71.42%	acc@30: 90.95%	
[2023-11-29 03:52:48] INFO (nni/MainThread) Intermediate result: 19.259433422759354  (Index 95)
*** Epoch: 48 ***
-----------------G2R RESULT-------------------

val result: krc:0.793 | lsd:0.634 | ed:0.91 | hr@1:0.684 | hr@2:0.87 | hr@3:0.92 | acc@1:0.684 | acc@2:0.62 | acc@3:0.587 | Best krc: 0.802 | Best epoch: 38
[2023-11-29 03:54:31] INFO (nni/MainThread) Intermediate result: 0.7927493501170809  (Index 96)
-----------------ETPA RESULT-------------------
Epoch 48: Validation	rmse: 19.27	mae: 15.12	mape: 34.06%	acc@10: 41.77%	acc@20: 71.49%	acc@30: 91.01%	
[2023-11-29 03:54:31] INFO (nni/MainThread) Intermediate result: 19.271565530999027  (Index 97)
*** Epoch: 49 ***
-----------------G2R RESULT-------------------

val result: krc:0.791 | lsd:0.656 | ed:0.926 | hr@1:0.683 | hr@2:0.868 | hr@3:0.913 | acc@1:0.683 | acc@2:0.622 | acc@3:0.581 | Best krc: 0.802 | Best epoch: 38
[2023-11-29 03:56:13] INFO (nni/MainThread) Intermediate result: 0.7909969073502086  (Index 98)
-----------------ETPA RESULT-------------------
Epoch 49: Validation	rmse: 19.27	mae: 15.11	mape: 34.04%	acc@10: 41.75%	acc@20: 71.5%	acc@30: 91.0%	
[2023-11-29 03:56:13] INFO (nni/MainThread) Intermediate result: 19.26669868151806  (Index 99)
*** Epoch: 50 ***
-----------------G2R RESULT-------------------

val result: krc:0.795 | lsd:0.655 | ed:0.913 | hr@1:0.693 | hr@2:0.864 | hr@3:0.915 | acc@1:0.693 | acc@2:0.624 | acc@3:0.587 | Best krc: 0.802 | Best epoch: 38
[2023-11-29 03:57:56] INFO (nni/MainThread) Intermediate result: 0.7948402686400063  (Index 100)
-----------------ETPA RESULT-------------------
Epoch 50: Validation	rmse: 19.31	mae: 15.13	mape: 34.06%	acc@10: 41.73%	acc@20: 71.38%	acc@30: 90.99%	
[2023-11-29 03:57:56] INFO (nni/MainThread) Intermediate result: 19.305642975787972  (Index 101)
*** Epoch: 51 ***
-----------------G2R RESULT-------------------

val result: krc:0.798 | lsd:0.609 | ed:0.907 | hr@1:0.691 | hr@2:0.871 | hr@3:0.919 | acc@1:0.691 | acc@2:0.624 | acc@3:0.588 | Best krc: 0.802 | Best epoch: 38
[2023-11-29 03:59:43] INFO (nni/MainThread) Intermediate result: 0.7982130638798764  (Index 102)
-----------------ETPA RESULT-------------------
Epoch 51: Validation	rmse: 19.3	mae: 15.12	mape: 34.06%	acc@10: 41.71%	acc@20: 71.45%	acc@30: 91.05%	
[2023-11-29 03:59:43] INFO (nni/MainThread) Intermediate result: 19.298485463025003  (Index 103)
*** Epoch: 52 ***
-----------------G2R RESULT-------------------

val result: krc:0.792 | lsd:0.622 | ed:0.94 | hr@1:0.685 | hr@2:0.867 | hr@3:0.917 | acc@1:0.685 | acc@2:0.618 | acc@3:0.578 | Best krc: 0.802 | Best epoch: 38
[2023-11-29 04:01:27] INFO (nni/MainThread) Intermediate result: 0.792406724273799  (Index 104)
-----------------ETPA RESULT-------------------
Epoch 52: Validation	rmse: 19.31	mae: 15.11	mape: 34.02%	acc@10: 41.75%	acc@20: 71.52%	acc@30: 91.04%	
[2023-11-29 04:01:27] INFO (nni/MainThread) Intermediate result: 19.305810560593905  (Index 105)
*** Epoch: 53 ***
-----------------G2R RESULT-------------------

val result: krc:0.802 | lsd:0.616 | ed:0.906 | hr@1:0.699 | hr@2:0.863 | hr@3:0.917 | acc@1:0.699 | acc@2:0.63 | acc@3:0.592 | Best krc: 0.802 | Best epoch: 38
best model saved
[2023-11-29 04:03:15] INFO (nni/MainThread) Intermediate result: 0.802302916924692  (Index 106)
-----------------ETPA RESULT-------------------
Epoch 53: Validation	rmse: 19.34	mae: 15.13	mape: 34.06%	acc@10: 41.72%	acc@20: 71.3%	acc@30: 91.03%	
[2023-11-29 04:03:15] INFO (nni/MainThread) Intermediate result: 19.335411670695166  (Index 107)
*** Epoch: 54 ***
-----------------G2R RESULT-------------------

val result: krc:0.808 | lsd:0.622 | ed:0.886 | hr@1:0.701 | hr@2:0.873 | hr@3:0.923 | acc@1:0.701 | acc@2:0.639 | acc@3:0.605 | Best krc: 0.802 | Best epoch: 53
best model saved
[2023-11-29 04:05:08] INFO (nni/MainThread) Intermediate result: 0.8075375876775089  (Index 108)
-----------------ETPA RESULT-------------------
Epoch 54: Validation	rmse: 19.35	mae: 15.14	mape: 34.06%	acc@10: 41.7%	acc@20: 71.19%	acc@30: 90.97%	
[2023-11-29 04:05:08] INFO (nni/MainThread) Intermediate result: 19.34721958322173  (Index 109)
*** Epoch: 55 ***
-----------------G2R RESULT-------------------

val result: krc:0.805 | lsd:0.619 | ed:0.889 | hr@1:0.694 | hr@2:0.869 | hr@3:0.921 | acc@1:0.694 | acc@2:0.63 | acc@3:0.599 | Best krc: 0.808 | Best epoch: 54
[2023-11-29 04:06:55] INFO (nni/MainThread) Intermediate result: 0.8052190896441005  (Index 110)
-----------------ETPA RESULT-------------------
Epoch 55: Validation	rmse: 19.36	mae: 15.14	mape: 34.05%	acc@10: 41.74%	acc@20: 71.15%	acc@30: 91.02%	
[2023-11-29 04:06:55] INFO (nni/MainThread) Intermediate result: 19.35724018319997  (Index 111)
*** Epoch: 56 ***
-----------------G2R RESULT-------------------

val result: krc:0.801 | lsd:0.604 | ed:0.897 | hr@1:0.695 | hr@2:0.873 | hr@3:0.917 | acc@1:0.695 | acc@2:0.633 | acc@3:0.593 | Best krc: 0.808 | Best epoch: 54
[2023-11-29 04:08:40] INFO (nni/MainThread) Intermediate result: 0.8005413362649917  (Index 112)
-----------------ETPA RESULT-------------------
Epoch 56: Validation	rmse: 19.34	mae: 15.15	mape: 34.1%	acc@10: 41.61%	acc@20: 71.22%	acc@30: 91.01%	
[2023-11-29 04:08:40] INFO (nni/MainThread) Intermediate result: 19.342718298633503  (Index 113)
*** Epoch: 57 ***
-----------------G2R RESULT-------------------

val result: krc:0.796 | lsd:0.648 | ed:0.91 | hr@1:0.69 | hr@2:0.867 | hr@3:0.915 | acc@1:0.69 | acc@2:0.628 | acc@3:0.592 | Best krc: 0.808 | Best epoch: 54
[2023-11-29 04:10:26] INFO (nni/MainThread) Intermediate result: 0.795997696776009  (Index 114)
-----------------ETPA RESULT-------------------
Epoch 57: Validation	rmse: 19.35	mae: 15.15	mape: 34.1%	acc@10: 41.59%	acc@20: 71.23%	acc@30: 90.95%	
[2023-11-29 04:10:26] INFO (nni/MainThread) Intermediate result: 19.354327814241028  (Index 115)
*** Epoch: 58 ***
-----------------G2R RESULT-------------------

val result: krc:0.807 | lsd:0.614 | ed:0.889 | hr@1:0.707 | hr@2:0.868 | hr@3:0.92 | acc@1:0.707 | acc@2:0.638 | acc@3:0.601 | Best krc: 0.808 | Best epoch: 54
[2023-11-29 04:12:13] INFO (nni/MainThread) Intermediate result: 0.806596957755681  (Index 116)
-----------------ETPA RESULT-------------------
Epoch 58: Validation	rmse: 19.39	mae: 15.16	mape: 34.09%	acc@10: 41.63%	acc@20: 71.19%	acc@30: 90.94%	
[2023-11-29 04:12:13] INFO (nni/MainThread) Intermediate result: 19.394290220186804  (Index 117)
*** Epoch: 59 ***
-----------------G2R RESULT-------------------

val result: krc:0.806 | lsd:0.623 | ed:0.882 | hr@1:0.715 | hr@2:0.866 | hr@3:0.919 | acc@1:0.715 | acc@2:0.639 | acc@3:0.603 | Best krc: 0.808 | Best epoch: 54
[2023-11-29 04:14:00] INFO (nni/MainThread) Intermediate result: 0.8055148741200338  (Index 118)
-----------------ETPA RESULT-------------------
Epoch 59: Validation	rmse: 19.44	mae: 15.16	mape: 34.06%	acc@10: 41.72%	acc@20: 71.2%	acc@30: 90.89%	
[2023-11-29 04:14:00] INFO (nni/MainThread) Intermediate result: 19.43667796566637  (Index 119)
*** Epoch: 60 ***
-----------------G2R RESULT-------------------

val result: krc:0.809 | lsd:0.635 | ed:0.879 | hr@1:0.719 | hr@2:0.87 | hr@3:0.921 | acc@1:0.719 | acc@2:0.645 | acc@3:0.61 | Best krc: 0.808 | Best epoch: 54
best model saved
[2023-11-29 04:15:48] INFO (nni/MainThread) Intermediate result: 0.8086096374596593  (Index 120)
-----------------ETPA RESULT-------------------
Epoch 60: Validation	rmse: 19.45	mae: 15.17	mape: 34.07%	acc@10: 41.85%	acc@20: 71.16%	acc@30: 90.88%	
[2023-11-29 04:15:48] INFO (nni/MainThread) Intermediate result: 19.446311840240984  (Index 121)
*** Epoch: 61 ***
-----------------G2R RESULT-------------------

val result: krc:0.804 | lsd:0.621 | ed:0.89 | hr@1:0.699 | hr@2:0.871 | hr@3:0.919 | acc@1:0.699 | acc@2:0.636 | acc@3:0.6 | Best krc: 0.809 | Best epoch: 60
[2023-11-29 04:17:34] INFO (nni/MainThread) Intermediate result: 0.8039475460813457  (Index 122)
-----------------ETPA RESULT-------------------
Epoch 61: Validation	rmse: 19.47	mae: 15.18	mape: 34.05%	acc@10: 41.89%	acc@20: 71.12%	acc@30: 90.83%	
[2023-11-29 04:17:34] INFO (nni/MainThread) Intermediate result: 19.474578768234792  (Index 123)
*** Epoch: 62 ***
-----------------G2R RESULT-------------------

val result: krc:0.804 | lsd:0.619 | ed:0.884 | hr@1:0.705 | hr@2:0.872 | hr@3:0.919 | acc@1:0.705 | acc@2:0.64 | acc@3:0.603 | Best krc: 0.809 | Best epoch: 60
[2023-11-29 04:19:18] INFO (nni/MainThread) Intermediate result: 0.8044222411865612  (Index 124)
-----------------ETPA RESULT-------------------
Epoch 62: Validation	rmse: 19.5	mae: 15.19	mape: 34.04%	acc@10: 41.91%	acc@20: 70.98%	acc@30: 90.77%	
[2023-11-29 04:19:18] INFO (nni/MainThread) Intermediate result: 19.50282727508563  (Index 125)
*** Epoch: 63 ***
-----------------G2R RESULT-------------------

val result: krc:0.803 | lsd:0.624 | ed:0.895 | hr@1:0.702 | hr@2:0.871 | hr@3:0.916 | acc@1:0.702 | acc@2:0.638 | acc@3:0.6 | Best krc: 0.809 | Best epoch: 60
[2023-11-29 04:21:05] INFO (nni/MainThread) Intermediate result: 0.8031900820357313  (Index 126)
-----------------ETPA RESULT-------------------
Epoch 63: Validation	rmse: 19.55	mae: 15.21	mape: 34.03%	acc@10: 41.94%	acc@20: 70.95%	acc@30: 90.77%	
[2023-11-29 04:21:05] INFO (nni/MainThread) Intermediate result: 19.554830647941102  (Index 127)
*** Epoch: 64 ***
-----------------G2R RESULT-------------------

val result: krc:0.809 | lsd:0.615 | ed:0.88 | hr@1:0.699 | hr@2:0.872 | hr@3:0.919 | acc@1:0.699 | acc@2:0.638 | acc@3:0.603 | Best krc: 0.809 | Best epoch: 60
best model saved
[2023-11-29 04:22:51] INFO (nni/MainThread) Intermediate result: 0.8091439694413022  (Index 128)
-----------------ETPA RESULT-------------------
Epoch 64: Validation	rmse: 19.58	mae: 15.22	mape: 34.06%	acc@10: 41.78%	acc@20: 71.06%	acc@30: 90.77%	
[2023-11-29 04:22:51] INFO (nni/MainThread) Intermediate result: 19.57915587609585  (Index 129)
*** Epoch: 65 ***
-----------------G2R RESULT-------------------

val result: krc:0.804 | lsd:0.604 | ed:0.898 | hr@1:0.704 | hr@2:0.874 | hr@3:0.92 | acc@1:0.704 | acc@2:0.635 | acc@3:0.599 | Best krc: 0.809 | Best epoch: 64
[2023-11-29 04:24:37] INFO (nni/MainThread) Intermediate result: 0.8042163174563699  (Index 130)
-----------------ETPA RESULT-------------------
Epoch 65: Validation	rmse: 19.61	mae: 15.22	mape: 34.01%	acc@10: 41.86%	acc@20: 71.07%	acc@30: 90.77%	
[2023-11-29 04:24:37] INFO (nni/MainThread) Intermediate result: 19.608808063985602  (Index 131)
*** Epoch: 66 ***
-----------------G2R RESULT-------------------

val result: krc:0.804 | lsd:0.638 | ed:0.909 | hr@1:0.719 | hr@2:0.87 | hr@3:0.921 | acc@1:0.719 | acc@2:0.638 | acc@3:0.603 | Best krc: 0.809 | Best epoch: 64
[2023-11-29 04:26:23] INFO (nni/MainThread) Intermediate result: 0.803912935919932  (Index 132)
-----------------ETPA RESULT-------------------
Epoch 66: Validation	rmse: 19.69	mae: 15.25	mape: 34.04%	acc@10: 41.88%	acc@20: 71.04%	acc@30: 90.62%	
[2023-11-29 04:26:23] INFO (nni/MainThread) Intermediate result: 19.68639954215806  (Index 133)
*** Epoch: 67 ***
-----------------G2R RESULT-------------------

val result: krc:0.811 | lsd:0.599 | ed:0.885 | hr@1:0.706 | hr@2:0.875 | hr@3:0.921 | acc@1:0.706 | acc@2:0.641 | acc@3:0.607 | Best krc: 0.809 | Best epoch: 64
best model saved
[2023-11-29 04:28:10] INFO (nni/MainThread) Intermediate result: 0.8114329020669203  (Index 134)
-----------------ETPA RESULT-------------------
Epoch 67: Validation	rmse: 19.69	mae: 15.26	mape: 34.03%	acc@10: 41.91%	acc@20: 71.05%	acc@30: 90.62%	
[2023-11-29 04:28:10] INFO (nni/MainThread) Intermediate result: 19.692656568496034  (Index 135)
*** Epoch: 68 ***
-----------------G2R RESULT-------------------

val result: krc:0.803 | lsd:0.616 | ed:0.915 | hr@1:0.691 | hr@2:0.873 | hr@3:0.919 | acc@1:0.691 | acc@2:0.626 | acc@3:0.595 | Best krc: 0.811 | Best epoch: 67
[2023-11-29 04:29:56] INFO (nni/MainThread) Intermediate result: 0.8031424799592705  (Index 136)
-----------------ETPA RESULT-------------------
Epoch 68: Validation	rmse: 19.74	mae: 15.28	mape: 34.04%	acc@10: 41.94%	acc@20: 71.01%	acc@30: 90.58%	
[2023-11-29 04:29:56] INFO (nni/MainThread) Intermediate result: 19.74177400779388  (Index 137)
*** Epoch: 69 ***
-----------------G2R RESULT-------------------

val result: krc:0.8 | lsd:0.623 | ed:0.914 | hr@1:0.697 | hr@2:0.871 | hr@3:0.918 | acc@1:0.697 | acc@2:0.634 | acc@3:0.594 | Best krc: 0.811 | Best epoch: 67
[2023-11-29 04:31:43] INFO (nni/MainThread) Intermediate result: 0.7996876708289038  (Index 138)
-----------------ETPA RESULT-------------------
Epoch 69: Validation	rmse: 19.79	mae: 15.29	mape: 34.04%	acc@10: 42.01%	acc@20: 70.98%	acc@30: 90.45%	
[2023-11-29 04:31:43] INFO (nni/MainThread) Intermediate result: 19.786417757806337  (Index 139)
*** Epoch: 70 ***
-----------------G2R RESULT-------------------

val result: krc:0.813 | lsd:0.585 | ed:0.873 | hr@1:0.725 | hr@2:0.875 | hr@3:0.926 | acc@1:0.725 | acc@2:0.649 | acc@3:0.621 | Best krc: 0.811 | Best epoch: 67
best model saved
[2023-11-29 04:33:28] INFO (nni/MainThread) Intermediate result: 0.812881663349525  (Index 140)
-----------------ETPA RESULT-------------------
Epoch 70: Validation	rmse: 19.85	mae: 15.33	mape: 34.1%	acc@10: 41.95%	acc@20: 70.86%	acc@30: 90.36%	
[2023-11-29 04:33:28] INFO (nni/MainThread) Intermediate result: 19.849270596456282  (Index 141)
*** Epoch: 71 ***
-----------------G2R RESULT-------------------

val result: krc:0.81 | lsd:0.619 | ed:0.884 | hr@1:0.739 | hr@2:0.869 | hr@3:0.921 | acc@1:0.739 | acc@2:0.65 | acc@3:0.611 | Best krc: 0.813 | Best epoch: 70
[2023-11-29 04:35:13] INFO (nni/MainThread) Intermediate result: 0.8104746871777916  (Index 142)
-----------------ETPA RESULT-------------------
Epoch 71: Validation	rmse: 19.89	mae: 15.35	mape: 34.1%	acc@10: 41.97%	acc@20: 70.79%	acc@30: 90.23%	
[2023-11-29 04:35:13] INFO (nni/MainThread) Intermediate result: 19.89461337048801  (Index 143)
*** Epoch: 72 ***
-----------------G2R RESULT-------------------

val result: krc:0.812 | lsd:0.607 | ed:0.87 | hr@1:0.725 | hr@2:0.872 | hr@3:0.923 | acc@1:0.725 | acc@2:0.648 | acc@3:0.619 | Best krc: 0.813 | Best epoch: 70
[2023-11-29 04:37:03] INFO (nni/MainThread) Intermediate result: 0.8121037174294717  (Index 144)
-----------------ETPA RESULT-------------------
Epoch 72: Validation	rmse: 19.91	mae: 15.36	mape: 34.1%	acc@10: 41.95%	acc@20: 70.76%	acc@30: 90.24%	
[2023-11-29 04:37:03] INFO (nni/MainThread) Intermediate result: 19.910822685216264  (Index 145)
*** Epoch: 73 ***
-----------------G2R RESULT-------------------

val result: krc:0.815 | lsd:0.589 | ed:0.862 | hr@1:0.719 | hr@2:0.877 | hr@3:0.923 | acc@1:0.719 | acc@2:0.648 | acc@3:0.613 | Best krc: 0.813 | Best epoch: 70
best model saved
[2023-11-29 04:38:52] INFO (nni/MainThread) Intermediate result: 0.8148361321426472  (Index 146)
-----------------ETPA RESULT-------------------
Epoch 73: Validation	rmse: 19.96	mae: 15.37	mape: 34.09%	acc@10: 41.98%	acc@20: 70.73%	acc@30: 90.2%	
[2023-11-29 04:38:52] INFO (nni/MainThread) Intermediate result: 19.95830051939277  (Index 147)
*** Epoch: 74 ***
-----------------G2R RESULT-------------------

val result: krc:0.814 | lsd:0.599 | ed:0.864 | hr@1:0.721 | hr@2:0.866 | hr@3:0.921 | acc@1:0.721 | acc@2:0.645 | acc@3:0.613 | Best krc: 0.815 | Best epoch: 73
[2023-11-29 04:40:37] INFO (nni/MainThread) Intermediate result: 0.8136247965543986  (Index 148)
-----------------ETPA RESULT-------------------
Epoch 74: Validation	rmse: 20.02	mae: 15.39	mape: 34.09%	acc@10: 42.0%	acc@20: 70.71%	acc@30: 90.12%	
[2023-11-29 04:40:37] INFO (nni/MainThread) Intermediate result: 20.02187288618671  (Index 149)
*** Epoch: 75 ***
-----------------G2R RESULT-------------------

val result: krc:0.808 | lsd:0.632 | ed:0.882 | hr@1:0.718 | hr@2:0.864 | hr@3:0.919 | acc@1:0.718 | acc@2:0.647 | acc@3:0.61 | Best krc: 0.815 | Best epoch: 73
[2023-11-29 04:42:22] INFO (nni/MainThread) Intermediate result: 0.8079109832498552  (Index 150)
-----------------ETPA RESULT-------------------
Epoch 75: Validation	rmse: 20.06	mae: 15.4	mape: 34.08%	acc@10: 42.02%	acc@20: 70.68%	acc@30: 90.05%	
[2023-11-29 04:42:22] INFO (nni/MainThread) Intermediate result: 20.06097727915149  (Index 151)
*** Epoch: 76 ***
-----------------G2R RESULT-------------------

val result: krc:0.802 | lsd:0.614 | ed:0.89 | hr@1:0.697 | hr@2:0.87 | hr@3:0.921 | acc@1:0.697 | acc@2:0.629 | acc@3:0.597 | Best krc: 0.815 | Best epoch: 73
[2023-11-29 04:44:07] INFO (nni/MainThread) Intermediate result: 0.8015906521372198  (Index 152)
-----------------ETPA RESULT-------------------
Epoch 76: Validation	rmse: 20.09	mae: 15.42	mape: 34.07%	acc@10: 42.0%	acc@20: 70.66%	acc@30: 90.02%	
[2023-11-29 04:44:07] INFO (nni/MainThread) Intermediate result: 20.08803529855849  (Index 153)
*** Epoch: 77 ***
-----------------G2R RESULT-------------------

val result: krc:0.811 | lsd:0.596 | ed:0.871 | hr@1:0.707 | hr@2:0.876 | hr@3:0.921 | acc@1:0.707 | acc@2:0.644 | acc@3:0.61 | Best krc: 0.815 | Best epoch: 73
[2023-11-29 04:45:55] INFO (nni/MainThread) Intermediate result: 0.8105499769951017  (Index 154)
-----------------ETPA RESULT-------------------
Epoch 77: Validation	rmse: 20.14	mae: 15.44	mape: 34.11%	acc@10: 42.03%	acc@20: 70.59%	acc@30: 89.98%	
[2023-11-29 04:45:55] INFO (nni/MainThread) Intermediate result: 20.136805019258393  (Index 155)
*** Epoch: 78 ***
-----------------G2R RESULT-------------------

val result: krc:0.806 | lsd:0.602 | ed:0.878 | hr@1:0.708 | hr@2:0.866 | hr@3:0.921 | acc@1:0.708 | acc@2:0.634 | acc@3:0.602 | Best krc: 0.815 | Best epoch: 73
[2023-11-29 04:47:40] INFO (nni/MainThread) Intermediate result: 0.8063268587798539  (Index 156)
-----------------ETPA RESULT-------------------
Epoch 78: Validation	rmse: 20.17	mae: 15.45	mape: 34.11%	acc@10: 42.05%	acc@20: 70.57%	acc@30: 89.99%	
[2023-11-29 04:47:40] INFO (nni/MainThread) Intermediate result: 20.16618865084578  (Index 157)
*** Epoch: 79 ***
-----------------G2R RESULT-------------------

val result: krc:0.809 | lsd:0.598 | ed:0.87 | hr@1:0.707 | hr@2:0.87 | hr@3:0.924 | acc@1:0.707 | acc@2:0.643 | acc@3:0.61 | Best krc: 0.815 | Best epoch: 73
[2023-11-29 04:49:27] INFO (nni/MainThread) Intermediate result: 0.8093537963760963  (Index 158)
-----------------ETPA RESULT-------------------
Epoch 79: Validation	rmse: 20.2	mae: 15.46	mape: 34.11%	acc@10: 42.11%	acc@20: 70.55%	acc@30: 89.96%	
[2023-11-29 04:49:27] INFO (nni/MainThread) Intermediate result: 20.202242214780668  (Index 159)
*** Epoch: 80 ***
-----------------G2R RESULT-------------------

val result: krc:0.817 | lsd:0.582 | ed:0.85 | hr@1:0.718 | hr@2:0.878 | hr@3:0.923 | acc@1:0.718 | acc@2:0.654 | acc@3:0.618 | Best krc: 0.815 | Best epoch: 73
best model saved
[2023-11-29 04:51:16] INFO (nni/MainThread) Intermediate result: 0.8167708069675713  (Index 160)
-----------------ETPA RESULT-------------------
Epoch 80: Validation	rmse: 20.22	mae: 15.47	mape: 34.11%	acc@10: 42.09%	acc@20: 70.52%	acc@30: 89.97%	
[2023-11-29 04:51:16] INFO (nni/MainThread) Intermediate result: 20.220611171320577  (Index 161)
*** Epoch: 81 ***
-----------------G2R RESULT-------------------

val result: krc:0.807 | lsd:0.602 | ed:0.87 | hr@1:0.71 | hr@2:0.869 | hr@3:0.921 | acc@1:0.71 | acc@2:0.634 | acc@3:0.603 | Best krc: 0.817 | Best epoch: 80
[2023-11-29 04:53:07] INFO (nni/MainThread) Intermediate result: 0.8073565990924976  (Index 162)
-----------------ETPA RESULT-------------------
Epoch 81: Validation	rmse: 20.24	mae: 15.48	mape: 34.11%	acc@10: 42.11%	acc@20: 70.5%	acc@30: 89.98%	
[2023-11-29 04:53:07] INFO (nni/MainThread) Intermediate result: 20.244749572306663  (Index 163)
*** Epoch: 82 ***
-----------------G2R RESULT-------------------

val result: krc:0.801 | lsd:0.626 | ed:0.913 | hr@1:0.707 | hr@2:0.869 | hr@3:0.92 | acc@1:0.707 | acc@2:0.629 | acc@3:0.596 | Best krc: 0.817 | Best epoch: 80
[2023-11-29 04:55:00] INFO (nni/MainThread) Intermediate result: 0.8010211003914547  (Index 164)
-----------------ETPA RESULT-------------------
Epoch 82: Validation	rmse: 20.26	mae: 15.48	mape: 34.1%	acc@10: 42.17%	acc@20: 70.48%	acc@30: 89.98%	
[2023-11-29 04:55:00] INFO (nni/MainThread) Intermediate result: 20.258076109158086  (Index 165)
*** Epoch: 83 ***
-----------------G2R RESULT-------------------

val result: krc:0.809 | lsd:0.6 | ed:0.86 | hr@1:0.716 | hr@2:0.87 | hr@3:0.919 | acc@1:0.716 | acc@2:0.645 | acc@3:0.611 | Best krc: 0.817 | Best epoch: 80
[2023-11-29 04:56:49] INFO (nni/MainThread) Intermediate result: 0.8086536809317745  (Index 166)
-----------------ETPA RESULT-------------------
Epoch 83: Validation	rmse: 20.29	mae: 15.49	mape: 34.1%	acc@10: 42.19%	acc@20: 70.46%	acc@30: 89.92%	
[2023-11-29 04:56:49] INFO (nni/MainThread) Intermediate result: 20.285437176973975  (Index 167)
*** Epoch: 84 ***
-----------------G2R RESULT-------------------

val result: krc:0.809 | lsd:0.601 | ed:0.872 | hr@1:0.712 | hr@2:0.87 | hr@3:0.921 | acc@1:0.712 | acc@2:0.638 | acc@3:0.603 | Best krc: 0.817 | Best epoch: 80
[2023-11-29 04:58:39] INFO (nni/MainThread) Intermediate result: 0.808707001431094  (Index 168)
-----------------ETPA RESULT-------------------
Epoch 84: Validation	rmse: 20.33	mae: 15.5	mape: 34.09%	acc@10: 42.24%	acc@20: 70.44%	acc@30: 89.85%	
[2023-11-29 04:58:39] INFO (nni/MainThread) Intermediate result: 20.33145207695421  (Index 169)
*** Epoch: 85 ***
-----------------G2R RESULT-------------------

val result: krc:0.809 | lsd:0.593 | ed:0.872 | hr@1:0.705 | hr@2:0.877 | hr@3:0.922 | acc@1:0.705 | acc@2:0.646 | acc@3:0.612 | Best krc: 0.817 | Best epoch: 80
[2023-11-29 05:00:27] INFO (nni/MainThread) Intermediate result: 0.8094141596633945  (Index 170)
-----------------ETPA RESULT-------------------
Epoch 85: Validation	rmse: 20.36	mae: 15.51	mape: 34.1%	acc@10: 42.26%	acc@20: 70.42%	acc@30: 89.86%	
[2023-11-29 05:00:27] INFO (nni/MainThread) Intermediate result: 20.35529456205166  (Index 171)
*** Epoch: 86 ***
-----------------G2R RESULT-------------------

val result: krc:0.811 | lsd:0.586 | ed:0.875 | hr@1:0.705 | hr@2:0.875 | hr@3:0.924 | acc@1:0.705 | acc@2:0.643 | acc@3:0.608 | Best krc: 0.817 | Best epoch: 80
[2023-11-29 05:02:15] INFO (nni/MainThread) Intermediate result: 0.8112185920931  (Index 172)
-----------------ETPA RESULT-------------------
Epoch 86: Validation	rmse: 20.39	mae: 15.52	mape: 34.12%	acc@10: 42.24%	acc@20: 70.4%	acc@30: 89.83%	
[2023-11-29 05:02:15] INFO (nni/MainThread) Intermediate result: 20.387325118595808  (Index 173)
*** Epoch: 87 ***
-----------------G2R RESULT-------------------

val result: krc:0.812 | lsd:0.587 | ed:0.861 | hr@1:0.71 | hr@2:0.875 | hr@3:0.921 | acc@1:0.71 | acc@2:0.647 | acc@3:0.611 | Best krc: 0.817 | Best epoch: 80
[2023-11-29 05:04:06] INFO (nni/MainThread) Intermediate result: 0.8124736352895512  (Index 174)
-----------------ETPA RESULT-------------------
Epoch 87: Validation	rmse: 20.43	mae: 15.55	mape: 34.14%	acc@10: 42.19%	acc@20: 70.28%	acc@30: 89.74%	
[2023-11-29 05:04:06] INFO (nni/MainThread) Intermediate result: 20.429013602931306  (Index 175)
*** Epoch: 88 ***
-----------------G2R RESULT-------------------

val result: krc:0.816 | lsd:0.573 | ed:0.858 | hr@1:0.725 | hr@2:0.88 | hr@3:0.926 | acc@1:0.725 | acc@2:0.658 | acc@3:0.619 | Best krc: 0.817 | Best epoch: 80
[2023-11-29 05:05:55] INFO (nni/MainThread) Intermediate result: 0.8160239951145069  (Index 176)
-----------------ETPA RESULT-------------------
Epoch 88: Validation	rmse: 20.45	mae: 15.55	mape: 34.13%	acc@10: 42.24%	acc@20: 70.26%	acc@30: 89.68%	
[2023-11-29 05:05:55] INFO (nni/MainThread) Intermediate result: 20.453874497460077  (Index 177)
*** Epoch: 89 ***
-----------------G2R RESULT-------------------

val result: krc:0.814 | lsd:0.578 | ed:0.857 | hr@1:0.721 | hr@2:0.877 | hr@3:0.923 | acc@1:0.721 | acc@2:0.653 | acc@3:0.617 | Best krc: 0.817 | Best epoch: 80
[2023-11-29 05:07:44] INFO (nni/MainThread) Intermediate result: 0.8135453569734286  (Index 178)
-----------------ETPA RESULT-------------------
Epoch 89: Validation	rmse: 20.46	mae: 15.55	mape: 34.13%	acc@10: 42.26%	acc@20: 70.28%	acc@30: 89.69%	
[2023-11-29 05:07:44] INFO (nni/MainThread) Intermediate result: 20.45839012067292  (Index 179)
*** Epoch: 90 ***
-----------------G2R RESULT-------------------

val result: krc:0.811 | lsd:0.635 | ed:0.89 | hr@1:0.719 | hr@2:0.874 | hr@3:0.919 | acc@1:0.719 | acc@2:0.644 | acc@3:0.606 | Best krc: 0.817 | Best epoch: 80
[2023-11-29 05:09:34] INFO (nni/MainThread) Intermediate result: 0.811313126783175  (Index 180)
-----------------ETPA RESULT-------------------
Epoch 90: Validation	rmse: 20.5	mae: 15.57	mape: 34.16%	acc@10: 42.27%	acc@20: 70.26%	acc@30: 89.63%	
[2023-11-29 05:09:34] INFO (nni/MainThread) Intermediate result: 20.496861526831097  (Index 181)
*** Epoch: 91 ***
-----------------G2R RESULT-------------------

val result: krc:0.804 | lsd:0.637 | ed:0.921 | hr@1:0.725 | hr@2:0.87 | hr@3:0.916 | acc@1:0.725 | acc@2:0.641 | acc@3:0.598 | Best krc: 0.817 | Best epoch: 80
[2023-11-29 05:11:25] INFO (nni/MainThread) Intermediate result: 0.803712941579142  (Index 182)
-----------------ETPA RESULT-------------------
Epoch 91: Validation	rmse: 20.55	mae: 15.6	mape: 34.18%	acc@10: 42.29%	acc@20: 70.24%	acc@30: 89.54%	
[2023-11-29 05:11:25] INFO (nni/MainThread) Intermediate result: 20.54643860641856  (Index 183)
*** Epoch: 92 ***
-----------------G2R RESULT-------------------

val result: krc:0.804 | lsd:0.648 | ed:0.927 | hr@1:0.729 | hr@2:0.87 | hr@3:0.915 | acc@1:0.729 | acc@2:0.643 | acc@3:0.595 | Best krc: 0.817 | Best epoch: 80
[2023-11-29 05:13:14] INFO (nni/MainThread) Intermediate result: 0.8035862992050137  (Index 184)
-----------------ETPA RESULT-------------------
Epoch 92: Validation	rmse: 20.57	mae: 15.6	mape: 34.17%	acc@10: 42.37%	acc@20: 70.26%	acc@30: 89.52%	
[2023-11-29 05:13:14] INFO (nni/MainThread) Intermediate result: 20.5707295868025  (Index 185)
*** Epoch: 93 ***
-----------------G2R RESULT-------------------

val result: krc:0.808 | lsd:0.631 | ed:0.904 | hr@1:0.721 | hr@2:0.871 | hr@3:0.918 | acc@1:0.721 | acc@2:0.643 | acc@3:0.603 | Best krc: 0.817 | Best epoch: 80
[2023-11-29 05:15:02] INFO (nni/MainThread) Intermediate result: 0.8082102428495083  (Index 186)
-----------------ETPA RESULT-------------------
Epoch 93: Validation	rmse: 20.6	mae: 15.6	mape: 34.17%	acc@10: 42.45%	acc@20: 70.25%	acc@30: 89.46%	
[2023-11-29 05:15:02] INFO (nni/MainThread) Intermediate result: 20.599854293533674  (Index 187)
*** Epoch: 94 ***
-----------------G2R RESULT-------------------

val result: krc:0.81 | lsd:0.616 | ed:0.895 | hr@1:0.724 | hr@2:0.876 | hr@3:0.92 | acc@1:0.724 | acc@2:0.646 | acc@3:0.603 | Best krc: 0.817 | Best epoch: 80
[2023-11-29 05:16:50] INFO (nni/MainThread) Intermediate result: 0.8100561780929075  (Index 188)
-----------------ETPA RESULT-------------------
Epoch 94: Validation	rmse: 20.62	mae: 15.61	mape: 34.18%	acc@10: 42.5%	acc@20: 70.26%	acc@30: 89.47%	
[2023-11-29 05:16:50] INFO (nni/MainThread) Intermediate result: 20.623026154725533  (Index 189)
*** Epoch: 95 ***
-----------------G2R RESULT-------------------

val result: krc:0.812 | lsd:0.61 | ed:0.882 | hr@1:0.724 | hr@2:0.875 | hr@3:0.92 | acc@1:0.724 | acc@2:0.652 | acc@3:0.609 | Best krc: 0.817 | Best epoch: 80
[2023-11-29 05:18:36] INFO (nni/MainThread) Intermediate result: 0.8123925183304281  (Index 190)
-----------------ETPA RESULT-------------------
Epoch 95: Validation	rmse: 20.65	mae: 15.62	mape: 34.18%	acc@10: 42.55%	acc@20: 70.25%	acc@30: 89.42%	
[2023-11-29 05:18:36] INFO (nni/MainThread) Intermediate result: 20.65228679418525  (Index 191)
*** Epoch: 96 ***
-----------------G2R RESULT-------------------

val result: krc:0.814 | lsd:0.598 | ed:0.876 | hr@1:0.728 | hr@2:0.877 | hr@3:0.924 | acc@1:0.728 | acc@2:0.653 | acc@3:0.617 | Best krc: 0.817 | Best epoch: 80
[2023-11-29 05:20:23] INFO (nni/MainThread) Intermediate result: 0.8139099686366847  (Index 192)
-----------------ETPA RESULT-------------------
Epoch 96: Validation	rmse: 20.67	mae: 15.64	mape: 34.2%	acc@10: 42.56%	acc@20: 70.14%	acc@30: 89.37%	
[2023-11-29 05:20:23] INFO (nni/MainThread) Intermediate result: 20.668883430363664  (Index 193)
*** Epoch: 97 ***
-----------------G2R RESULT-------------------

val result: krc:0.809 | lsd:0.648 | ed:0.903 | hr@1:0.714 | hr@2:0.874 | hr@3:0.915 | acc@1:0.714 | acc@2:0.64 | acc@3:0.6 | Best krc: 0.817 | Best epoch: 80
[2023-11-29 05:22:09] INFO (nni/MainThread) Intermediate result: 0.8091173543294227  (Index 194)
-----------------ETPA RESULT-------------------
Epoch 97: Validation	rmse: 20.71	mae: 15.66	mape: 34.21%	acc@10: 42.6%	acc@20: 70.12%	acc@30: 89.35%	
[2023-11-29 05:22:09] INFO (nni/MainThread) Intermediate result: 20.71363798729994  (Index 195)
*** Epoch: 98 ***
-----------------G2R RESULT-------------------

val result: krc:0.813 | lsd:0.609 | ed:0.88 | hr@1:0.718 | hr@2:0.877 | hr@3:0.917 | acc@1:0.718 | acc@2:0.649 | acc@3:0.606 | Best krc: 0.817 | Best epoch: 80
[2023-11-29 05:23:56] INFO (nni/MainThread) Intermediate result: 0.8130887736047333  (Index 196)
-----------------ETPA RESULT-------------------
Epoch 98: Validation	rmse: 20.76	mae: 15.67	mape: 34.22%	acc@10: 42.65%	acc@20: 70.11%	acc@30: 89.3%	
[2023-11-29 05:23:56] INFO (nni/MainThread) Intermediate result: 20.756136847648854  (Index 197)
*** Epoch: 99 ***
-----------------G2R RESULT-------------------

val result: krc:0.806 | lsd:0.624 | ed:0.895 | hr@1:0.712 | hr@2:0.87 | hr@3:0.913 | acc@1:0.712 | acc@2:0.646 | acc@3:0.602 | Best krc: 0.817 | Best epoch: 80
[2023-11-29 05:25:45] INFO (nni/MainThread) Intermediate result: 0.8059083606962926  (Index 198)
-----------------ETPA RESULT-------------------
Epoch 99: Validation	rmse: 20.77	mae: 15.68	mape: 34.22%	acc@10: 42.66%	acc@20: 70.09%	acc@30: 89.28%	
[2023-11-29 05:25:45] INFO (nni/MainThread) Intermediate result: 20.774930947619012  (Index 199)
*** Epoch: 100 ***
-----------------G2R RESULT-------------------

val result: krc:0.778 | lsd:0.68 | ed:0.995 | hr@1:0.693 | hr@2:0.861 | hr@3:0.91 | acc@1:0.693 | acc@2:0.612 | acc@3:0.568 | Best krc: 0.817 | Best epoch: 80
[2023-11-29 05:27:38] INFO (nni/MainThread) Intermediate result: 0.7783643246258025  (Index 200)
-----------------ETPA RESULT-------------------
Epoch 100: Validation	rmse: 20.79	mae: 15.69	mape: 34.25%	acc@10: 42.67%	acc@20: 70.05%	acc@30: 89.29%	
[2023-11-29 05:27:38] INFO (nni/MainThread) Intermediate result: 20.7906404844147  (Index 201)
loaded model path: /home/sentanoe/joint_training/data/dataset/food_pd/sort_model/hidden_size-8.gcnru-pd_1701221291.14254711701221291.1425629
best model loaded !!!
krc:0.805 | lsd:0.453 | ed:0.91 | hr@1:0.718 | hr@2:0.903 | hr@3:0.942 | acc@1:0.718 | acc@2:0.65 | acc@3:0.601 |

-------------------------------------------------------------
Best epoch for G2R:  80
Best epoch for ETPA:  43
graph2route_pd Evaluation in test: krc:0.805 | lsd:0.453 | ed:0.91 | hr@1:0.718 | hr@2:0.903 | hr@3:0.942 | acc@1:0.718 | acc@2:0.65 | acc@3:0.601 |
RankPETA Evaluation in test: rmse: 12.23	mae: 10.37	mape: 90.21%	acc@10: 45.0%	acc@20: 95.0%	acc@30: 100.0%	
