Device:  cuda
{'alpha_loss': 0.5,
 'batch_size': 64,
 'dataset': 'food_pd',
 'datatype': 'order',
 'device': device(type='cuda'),
 'early_stop': 20,
 'edge_fea_dim': 5,
 'embedding_dim': 32,
 'eval_end_1': 11,
 'eval_end_2': 25,
 'eval_start': 1,
 'gcn_num_layers': 2,
 'hidden_size': 8,
 'is_eval': False,
 'is_test': False,
 'k_min_nodes': 3,
 'k_nearest_neighbors': 'n-1',
 'lr': 0.001,
 'max_task_num': 25,
 'min_task_num': 0,
 'modelArrivalTime': 'RankPETA',
 'modelRoute': 'graph2route_pd',
 'no_cuda': False,
 'node_fea_dim': 8,
 'node_features_test': '/home/sentanoe/joint_training/data/dataset/food_pd/node_features_test_full.npy',
 'node_features_train': '/home/sentanoe/joint_training/data/dataset/food_pd/node_features_train_full.npy',
 'node_features_val': '/home/sentanoe/joint_training/data/dataset/food_pd/node_features_val_full.npy',
 'num_block': 4,
 'num_epoch': 1000,
 'num_head': 2,
 'num_worker_logistics': 2346,
 'num_worker_pd': 920,
 'pad_value': 26,
 'seed': 9999,
 'sort_mode': 'true_idx',
 'spatial_encoder': 'gatv2',
 'temporal_encoder': 'gru',
 'test_path': '/home/sentanoe/joint_training/data/dataset/food_pd/test_full.npy',
 'train_mode': 'sort',
 'train_path': '/home/sentanoe/joint_training/data/dataset/food_pd/train_full.npy',
 'val_path': '/home/sentanoe/joint_training/data/dataset/food_pd/val_full.npy',
 'wd': 1e-05,
 'worker_emb_dim': 10,
 'workers': 2}
last_x_size:13;unpick_x_size:12;input_size:38
#train:2521 | #val:1257 | #test:1261
*** Epoch: 0 ***
-----------------G2R RESULT-------------------

val result: krc:0.711 | lsd:0.931 | ed:1.16 | hr@1:0.644 | hr@2:0.819 | hr@3:0.881 | acc@1:0.644 | acc@2:0.548 | acc@3:0.503 | Best krc: -1 | Best epoch: -1
best model saved
[2023-11-29 04:52:52] INFO (nni/MainThread) Intermediate result: 0.7108782962652661  (Index 0)
-----------------ETPA RESULT-------------------
Epoch 0: Validation	rmse: 43.18	mae: 38.55	mape: 78.62%	acc@10: 3.12%	acc@20: 15.62%	acc@30: 25.0%	
[2023-11-29 04:52:52] INFO (nni/MainThread) Intermediate result: 43.179754641932604  (Index 1)
*** Epoch: 1 ***
-----------------G2R RESULT-------------------

val result: krc:0.746 | lsd:0.78 | ed:1.071 | hr@1:0.642 | hr@2:0.846 | hr@3:0.896 | acc@1:0.642 | acc@2:0.567 | acc@3:0.526 | Best krc: 0.711 | Best epoch: 0
best model saved
[2023-11-29 04:53:21] INFO (nni/MainThread) Intermediate result: 0.7459457933441318  (Index 2)
-----------------ETPA RESULT-------------------
Epoch 1: Validation	rmse: 33.12	mae: 27.46	mape: 55.35%	acc@10: 23.44%	acc@20: 39.06%	acc@30: 54.69%	
[2023-11-29 04:53:21] INFO (nni/MainThread) Intermediate result: 33.12024996924629  (Index 3)
*** Epoch: 2 ***
-----------------G2R RESULT-------------------

val result: krc:0.768 | lsd:0.701 | ed:1.003 | hr@1:0.644 | hr@2:0.86 | hr@3:0.91 | acc@1:0.644 | acc@2:0.582 | acc@3:0.55 | Best krc: 0.746 | Best epoch: 1
best model saved
[2023-11-29 04:53:49] INFO (nni/MainThread) Intermediate result: 0.7679743955214003  (Index 4)
-----------------ETPA RESULT-------------------
Epoch 2: Validation	rmse: 28.37	mae: 23.24	mape: 49.44%	acc@10: 30.21%	acc@20: 52.08%	acc@30: 66.67%	
[2023-11-29 04:53:49] INFO (nni/MainThread) Intermediate result: 28.371888554120492  (Index 5)
*** Epoch: 3 ***
-----------------G2R RESULT-------------------

val result: krc:0.756 | lsd:0.698 | ed:1.037 | hr@1:0.642 | hr@2:0.859 | hr@3:0.905 | acc@1:0.642 | acc@2:0.578 | acc@3:0.532 | Best krc: 0.768 | Best epoch: 2
[2023-11-29 04:54:16] INFO (nni/MainThread) Intermediate result: 0.7562096152564013  (Index 6)
-----------------ETPA RESULT-------------------
Epoch 3: Validation	rmse: 25.92	mae: 20.89	mape: 45.3%	acc@10: 34.38%	acc@20: 60.16%	acc@30: 72.66%	
[2023-11-29 04:54:16] INFO (nni/MainThread) Intermediate result: 25.92093617784306  (Index 7)
*** Epoch: 4 ***
-----------------G2R RESULT-------------------

val result: krc:0.776 | lsd:0.67 | ed:0.983 | hr@1:0.647 | hr@2:0.865 | hr@3:0.911 | acc@1:0.647 | acc@2:0.584 | acc@3:0.554 | Best krc: 0.768 | Best epoch: 2
best model saved
[2023-11-29 04:54:45] INFO (nni/MainThread) Intermediate result: 0.7760931565479009  (Index 8)
-----------------ETPA RESULT-------------------
Epoch 4: Validation	rmse: 24.26	mae: 19.47	mape: 43.35%	acc@10: 36.88%	acc@20: 63.75%	acc@30: 76.25%	
[2023-11-29 04:54:45] INFO (nni/MainThread) Intermediate result: 24.26147518247515  (Index 9)
*** Epoch: 5 ***
-----------------G2R RESULT-------------------

val result: krc:0.779 | lsd:0.668 | ed:0.969 | hr@1:0.655 | hr@2:0.86 | hr@3:0.913 | acc@1:0.655 | acc@2:0.587 | acc@3:0.557 | Best krc: 0.776 | Best epoch: 4
best model saved
[2023-11-29 04:55:15] INFO (nni/MainThread) Intermediate result: 0.7788391274792673  (Index 10)
-----------------ETPA RESULT-------------------
Epoch 5: Validation	rmse: 23.34	mae: 18.52	mape: 41.35%	acc@10: 39.06%	acc@20: 66.67%	acc@30: 78.65%	
[2023-11-29 04:55:16] INFO (nni/MainThread) Intermediate result: 23.33772093761301  (Index 11)
*** Epoch: 6 ***
-----------------G2R RESULT-------------------

val result: krc:0.775 | lsd:0.664 | ed:0.998 | hr@1:0.65 | hr@2:0.87 | hr@3:0.909 | acc@1:0.65 | acc@2:0.595 | acc@3:0.55 | Best krc: 0.779 | Best epoch: 5
[2023-11-29 04:55:43] INFO (nni/MainThread) Intermediate result: 0.7754679623765763  (Index 12)
-----------------ETPA RESULT-------------------
Epoch 6: Validation	rmse: 22.71	mae: 17.86	mape: 40.54%	acc@10: 40.62%	acc@20: 68.3%	acc@30: 80.36%	
[2023-11-29 04:55:44] INFO (nni/MainThread) Intermediate result: 22.70529025380902  (Index 13)
*** Epoch: 7 ***
-----------------G2R RESULT-------------------

val result: krc:0.775 | lsd:0.683 | ed:0.99 | hr@1:0.653 | hr@2:0.868 | hr@3:0.912 | acc@1:0.653 | acc@2:0.591 | acc@3:0.552 | Best krc: 0.779 | Best epoch: 5
[2023-11-29 04:56:12] INFO (nni/MainThread) Intermediate result: 0.775391237210214  (Index 14)
-----------------ETPA RESULT-------------------
Epoch 7: Validation	rmse: 22.07	mae: 17.18	mape: 39.31%	acc@10: 42.58%	acc@20: 69.92%	acc@30: 81.25%	
[2023-11-29 04:56:12] INFO (nni/MainThread) Intermediate result: 22.071277804547044  (Index 15)
*** Epoch: 8 ***
-----------------G2R RESULT-------------------

val result: krc:0.788 | lsd:0.629 | ed:0.942 | hr@1:0.655 | hr@2:0.869 | hr@3:0.917 | acc@1:0.655 | acc@2:0.596 | acc@3:0.565 | Best krc: 0.779 | Best epoch: 5
best model saved
[2023-11-29 04:56:42] INFO (nni/MainThread) Intermediate result: 0.7875554505899934  (Index 16)
-----------------ETPA RESULT-------------------
Epoch 8: Validation	rmse: 21.8	mae: 16.88	mape: 38.3%	acc@10: 43.4%	acc@20: 70.49%	acc@30: 81.94%	
[2023-11-29 04:56:42] INFO (nni/MainThread) Intermediate result: 21.796347004204296  (Index 17)
*** Epoch: 9 ***
-----------------G2R RESULT-------------------

val result: krc:0.788 | lsd:0.624 | ed:0.949 | hr@1:0.655 | hr@2:0.873 | hr@3:0.918 | acc@1:0.655 | acc@2:0.6 | acc@3:0.566 | Best krc: 0.788 | Best epoch: 8
best model saved
[2023-11-29 04:57:12] INFO (nni/MainThread) Intermediate result: 0.7882237366190143  (Index 18)
-----------------ETPA RESULT-------------------
Epoch 9: Validation	rmse: 21.05	mae: 16.36	mape: 37.19%	acc@10: 43.75%	acc@20: 71.88%	acc@30: 83.44%	
[2023-11-29 04:57:12] INFO (nni/MainThread) Intermediate result: 21.05376551007952  (Index 19)
*** Epoch: 10 ***
-----------------G2R RESULT-------------------

val result: krc:0.793 | lsd:0.602 | ed:0.916 | hr@1:0.66 | hr@2:0.873 | hr@3:0.92 | acc@1:0.66 | acc@2:0.604 | acc@3:0.573 | Best krc: 0.788 | Best epoch: 9
best model saved
[2023-11-29 04:57:42] INFO (nni/MainThread) Intermediate result: 0.7934530073401959  (Index 20)
-----------------ETPA RESULT-------------------
Epoch 10: Validation	rmse: 20.64	mae: 15.99	mape: 36.39%	acc@10: 44.6%	acc@20: 73.01%	acc@30: 83.81%	
[2023-11-29 04:57:42] INFO (nni/MainThread) Intermediate result: 20.638291645602507  (Index 21)
*** Epoch: 11 ***
-----------------G2R RESULT-------------------

val result: krc:0.774 | lsd:0.638 | ed:1.008 | hr@1:0.648 | hr@2:0.87 | hr@3:0.914 | acc@1:0.648 | acc@2:0.589 | acc@3:0.546 | Best krc: 0.793 | Best epoch: 10
[2023-11-29 04:58:11] INFO (nni/MainThread) Intermediate result: 0.7741462634597746  (Index 22)
-----------------ETPA RESULT-------------------
Epoch 11: Validation	rmse: 20.23	mae: 15.65	mape: 35.6%	acc@10: 45.31%	acc@20: 73.44%	acc@30: 84.64%	
[2023-11-29 04:58:11] INFO (nni/MainThread) Intermediate result: 20.231149309278013  (Index 23)
*** Epoch: 12 ***
-----------------G2R RESULT-------------------

val result: krc:0.786 | lsd:0.626 | ed:0.947 | hr@1:0.656 | hr@2:0.872 | hr@3:0.915 | acc@1:0.656 | acc@2:0.596 | acc@3:0.562 | Best krc: 0.793 | Best epoch: 10
[2023-11-29 04:58:39] INFO (nni/MainThread) Intermediate result: 0.7864128137324465  (Index 24)
-----------------ETPA RESULT-------------------
Epoch 12: Validation	rmse: 19.95	mae: 15.41	mape: 35.14%	acc@10: 46.15%	acc@20: 74.04%	acc@30: 84.86%	
[2023-11-29 04:58:39] INFO (nni/MainThread) Intermediate result: 19.946612244204086  (Index 25)
*** Epoch: 13 ***
-----------------G2R RESULT-------------------

val result: krc:0.795 | lsd:0.589 | ed:0.919 | hr@1:0.663 | hr@2:0.874 | hr@3:0.922 | acc@1:0.663 | acc@2:0.604 | acc@3:0.573 | Best krc: 0.793 | Best epoch: 10
best model saved
[2023-11-29 04:59:10] INFO (nni/MainThread) Intermediate result: 0.7950094608949001  (Index 26)
-----------------ETPA RESULT-------------------
Epoch 13: Validation	rmse: 19.86	mae: 15.44	mape: 35.28%	acc@10: 45.31%	acc@20: 74.33%	acc@30: 85.49%	
[2023-11-29 04:59:10] INFO (nni/MainThread) Intermediate result: 19.862852654973544  (Index 27)
*** Epoch: 14 ***
-----------------G2R RESULT-------------------

val result: krc:0.783 | lsd:0.601 | ed:0.968 | hr@1:0.653 | hr@2:0.875 | hr@3:0.918 | acc@1:0.653 | acc@2:0.593 | acc@3:0.553 | Best krc: 0.795 | Best epoch: 13
[2023-11-29 04:59:39] INFO (nni/MainThread) Intermediate result: 0.7827484268148894  (Index 28)
-----------------ETPA RESULT-------------------
Epoch 14: Validation	rmse: 19.64	mae: 15.29	mape: 35.05%	acc@10: 44.79%	acc@20: 74.58%	acc@30: 86.04%	
[2023-11-29 04:59:39] INFO (nni/MainThread) Intermediate result: 19.63677104309532  (Index 29)
*** Epoch: 15 ***
-----------------G2R RESULT-------------------

val result: krc:0.799 | lsd:0.583 | ed:0.907 | hr@1:0.667 | hr@2:0.877 | hr@3:0.921 | acc@1:0.667 | acc@2:0.609 | acc@3:0.578 | Best krc: 0.795 | Best epoch: 13
best model saved
[2023-11-29 05:00:09] INFO (nni/MainThread) Intermediate result: 0.7986515196572039  (Index 30)
-----------------ETPA RESULT-------------------
Epoch 15: Validation	rmse: 19.45	mae: 15.18	mape: 34.9%	acc@10: 44.14%	acc@20: 75.2%	acc@30: 86.52%	
[2023-11-29 05:00:09] INFO (nni/MainThread) Intermediate result: 19.453262511294493  (Index 31)
*** Epoch: 16 ***
-----------------G2R RESULT-------------------

val result: krc:0.796 | lsd:0.59 | ed:0.916 | hr@1:0.667 | hr@2:0.877 | hr@3:0.922 | acc@1:0.667 | acc@2:0.609 | acc@3:0.58 | Best krc: 0.799 | Best epoch: 15
[2023-11-29 05:00:37] INFO (nni/MainThread) Intermediate result: 0.7960881130885503  (Index 32)
-----------------ETPA RESULT-------------------
Epoch 16: Validation	rmse: 19.22	mae: 14.95	mape: 34.29%	acc@10: 44.67%	acc@20: 75.74%	acc@30: 86.58%	
[2023-11-29 05:00:37] INFO (nni/MainThread) Intermediate result: 19.220378079157303  (Index 33)
*** Epoch: 17 ***
-----------------G2R RESULT-------------------

val result: krc:0.801 | lsd:0.59 | ed:0.899 | hr@1:0.676 | hr@2:0.877 | hr@3:0.92 | acc@1:0.676 | acc@2:0.615 | acc@3:0.582 | Best krc: 0.799 | Best epoch: 15
best model saved
[2023-11-29 05:01:06] INFO (nni/MainThread) Intermediate result: 0.8006750952006747  (Index 34)
-----------------ETPA RESULT-------------------
Epoch 17: Validation	rmse: 19.16	mae: 14.9	mape: 34.27%	acc@10: 44.62%	acc@20: 75.69%	acc@30: 86.63%	
[2023-11-29 05:01:06] INFO (nni/MainThread) Intermediate result: 19.161583453873064  (Index 35)
*** Epoch: 18 ***
-----------------G2R RESULT-------------------

val result: krc:0.806 | lsd:0.578 | ed:0.886 | hr@1:0.675 | hr@2:0.878 | hr@3:0.923 | acc@1:0.675 | acc@2:0.615 | acc@3:0.585 | Best krc: 0.801 | Best epoch: 17
best model saved
[2023-11-29 05:01:36] INFO (nni/MainThread) Intermediate result: 0.8061942692200672  (Index 36)
-----------------ETPA RESULT-------------------
Epoch 18: Validation	rmse: 19.21	mae: 15.0	mape: 34.35%	acc@10: 43.91%	acc@20: 75.49%	acc@30: 86.68%	
[2023-11-29 05:01:36] INFO (nni/MainThread) Intermediate result: 19.20782282737613  (Index 37)
*** Epoch: 19 ***
-----------------G2R RESULT-------------------

val result: krc:0.805 | lsd:0.571 | ed:0.891 | hr@1:0.673 | hr@2:0.88 | hr@3:0.925 | acc@1:0.673 | acc@2:0.616 | acc@3:0.586 | Best krc: 0.806 | Best epoch: 18
[2023-11-29 05:02:05] INFO (nni/MainThread) Intermediate result: 0.8054600551758401  (Index 38)
-----------------ETPA RESULT-------------------
Epoch 19: Validation	rmse: 19.17	mae: 14.97	mape: 34.26%	acc@10: 43.75%	acc@20: 75.62%	acc@30: 86.72%	
[2023-11-29 05:02:05] INFO (nni/MainThread) Intermediate result: 19.17428299270466  (Index 39)
*** Epoch: 20 ***
-----------------G2R RESULT-------------------

val result: krc:0.808 | lsd:0.564 | ed:0.892 | hr@1:0.677 | hr@2:0.883 | hr@3:0.924 | acc@1:0.677 | acc@2:0.621 | acc@3:0.591 | Best krc: 0.806 | Best epoch: 18
best model saved
[2023-11-29 05:02:34] INFO (nni/MainThread) Intermediate result: 0.8081163527075201  (Index 40)
-----------------ETPA RESULT-------------------
Epoch 20: Validation	rmse: 19.08	mae: 14.95	mape: 34.3%	acc@10: 43.3%	acc@20: 75.74%	acc@30: 87.05%	
[2023-11-29 05:02:34] INFO (nni/MainThread) Intermediate result: 19.08386374739037  (Index 41)
*** Epoch: 21 ***
-----------------G2R RESULT-------------------

val result: krc:0.808 | lsd:0.568 | ed:0.883 | hr@1:0.683 | hr@2:0.881 | hr@3:0.922 | acc@1:0.683 | acc@2:0.627 | acc@3:0.595 | Best krc: 0.808 | Best epoch: 20
best model saved
[2023-11-29 05:03:03] INFO (nni/MainThread) Intermediate result: 0.808449612218742  (Index 42)
-----------------ETPA RESULT-------------------
Epoch 21: Validation	rmse: 19.01	mae: 14.89	mape: 34.17%	acc@10: 43.18%	acc@20: 75.85%	acc@30: 87.07%	
[2023-11-29 05:03:04] INFO (nni/MainThread) Intermediate result: 19.009628059499764  (Index 43)
*** Epoch: 22 ***
-----------------G2R RESULT-------------------

val result: krc:0.814 | lsd:0.559 | ed:0.872 | hr@1:0.693 | hr@2:0.881 | hr@3:0.926 | acc@1:0.693 | acc@2:0.633 | acc@3:0.602 | Best krc: 0.808 | Best epoch: 21
best model saved
[2023-11-29 05:03:32] INFO (nni/MainThread) Intermediate result: 0.8137750972731295  (Index 44)
-----------------ETPA RESULT-------------------
Epoch 22: Validation	rmse: 18.93	mae: 14.84	mape: 34.06%	acc@10: 43.34%	acc@20: 75.95%	acc@30: 87.23%	
[2023-11-29 05:03:32] INFO (nni/MainThread) Intermediate result: 18.934691611362165  (Index 45)
*** Epoch: 23 ***
-----------------G2R RESULT-------------------

val result: krc:0.814 | lsd:0.563 | ed:0.871 | hr@1:0.691 | hr@2:0.885 | hr@3:0.927 | acc@1:0.691 | acc@2:0.633 | acc@3:0.603 | Best krc: 0.814 | Best epoch: 22
best model saved
[2023-11-29 05:04:04] INFO (nni/MainThread) Intermediate result: 0.8141721317759796  (Index 46)
-----------------ETPA RESULT-------------------
Epoch 23: Validation	rmse: 18.85	mae: 14.76	mape: 33.89%	acc@10: 43.62%	acc@20: 76.04%	acc@30: 87.24%	
[2023-11-29 05:04:04] INFO (nni/MainThread) Intermediate result: 18.847232836254452  (Index 47)
*** Epoch: 24 ***
-----------------G2R RESULT-------------------

val result: krc:0.813 | lsd:0.558 | ed:0.878 | hr@1:0.689 | hr@2:0.885 | hr@3:0.927 | acc@1:0.689 | acc@2:0.627 | acc@3:0.599 | Best krc: 0.814 | Best epoch: 23
[2023-11-29 05:04:32] INFO (nni/MainThread) Intermediate result: 0.8128718110178538  (Index 48)
-----------------ETPA RESULT-------------------
Epoch 24: Validation	rmse: 18.76	mae: 14.7	mape: 33.78%	acc@10: 43.62%	acc@20: 76.12%	acc@30: 87.25%	
[2023-11-29 05:04:32] INFO (nni/MainThread) Intermediate result: 18.76253168241915  (Index 49)
*** Epoch: 25 ***
-----------------G2R RESULT-------------------

val result: krc:0.815 | lsd:0.571 | ed:0.873 | hr@1:0.696 | hr@2:0.886 | hr@3:0.93 | acc@1:0.696 | acc@2:0.634 | acc@3:0.605 | Best krc: 0.814 | Best epoch: 23
best model saved
[2023-11-29 05:05:01] INFO (nni/MainThread) Intermediate result: 0.8150260172385227  (Index 50)
-----------------ETPA RESULT-------------------
Epoch 25: Validation	rmse: 18.68	mae: 14.64	mape: 33.63%	acc@10: 43.87%	acc@20: 76.2%	acc@30: 87.38%	
[2023-11-29 05:05:01] INFO (nni/MainThread) Intermediate result: 18.68322464269264  (Index 51)
*** Epoch: 26 ***
-----------------G2R RESULT-------------------

val result: krc:0.826 | lsd:0.513 | ed:0.843 | hr@1:0.713 | hr@2:0.892 | hr@3:0.934 | acc@1:0.713 | acc@2:0.649 | acc@3:0.62 | Best krc: 0.815 | Best epoch: 25
best model saved
[2023-11-29 05:05:30] INFO (nni/MainThread) Intermediate result: 0.8255015722265392  (Index 52)
-----------------ETPA RESULT-------------------
Epoch 26: Validation	rmse: 18.63	mae: 14.6	mape: 33.57%	acc@10: 43.98%	acc@20: 76.16%	acc@30: 87.5%	
[2023-11-29 05:05:30] INFO (nni/MainThread) Intermediate result: 18.628222210807742  (Index 53)
*** Epoch: 27 ***
-----------------G2R RESULT-------------------

val result: krc:0.826 | lsd:0.506 | ed:0.85 | hr@1:0.71 | hr@2:0.893 | hr@3:0.933 | acc@1:0.71 | acc@2:0.648 | acc@3:0.619 | Best krc: 0.826 | Best epoch: 26
best model saved
[2023-11-29 05:06:00] INFO (nni/MainThread) Intermediate result: 0.8257661889843786  (Index 54)
-----------------ETPA RESULT-------------------
Epoch 27: Validation	rmse: 18.58	mae: 14.57	mape: 33.48%	acc@10: 43.86%	acc@20: 76.23%	acc@30: 87.5%	
[2023-11-29 05:06:00] INFO (nni/MainThread) Intermediate result: 18.583313644492982  (Index 55)
*** Epoch: 28 ***
-----------------G2R RESULT-------------------

val result: krc:0.818 | lsd:0.531 | ed:0.865 | hr@1:0.704 | hr@2:0.889 | hr@3:0.93 | acc@1:0.704 | acc@2:0.642 | acc@3:0.61 | Best krc: 0.826 | Best epoch: 27
[2023-11-29 05:06:29] INFO (nni/MainThread) Intermediate result: 0.8184095808319682  (Index 56)
-----------------ETPA RESULT-------------------
Epoch 28: Validation	rmse: 18.55	mae: 14.56	mape: 33.48%	acc@10: 43.86%	acc@20: 76.19%	acc@30: 87.61%	
[2023-11-29 05:06:29] INFO (nni/MainThread) Intermediate result: 18.5462577510626  (Index 57)
*** Epoch: 29 ***
-----------------G2R RESULT-------------------

val result: krc:0.806 | lsd:0.548 | ed:0.916 | hr@1:0.682 | hr@2:0.884 | hr@3:0.924 | acc@1:0.682 | acc@2:0.623 | acc@3:0.585 | Best krc: 0.826 | Best epoch: 27
[2023-11-29 05:06:58] INFO (nni/MainThread) Intermediate result: 0.8060806782975564  (Index 58)
-----------------ETPA RESULT-------------------
Epoch 29: Validation	rmse: 18.55	mae: 14.58	mape: 33.47%	acc@10: 43.54%	acc@20: 76.15%	acc@30: 87.6%	
[2023-11-29 05:06:58] INFO (nni/MainThread) Intermediate result: 18.554948724937955  (Index 59)
*** Epoch: 30 ***
-----------------G2R RESULT-------------------

val result: krc:0.826 | lsd:0.511 | ed:0.84 | hr@1:0.707 | hr@2:0.892 | hr@3:0.932 | acc@1:0.707 | acc@2:0.646 | acc@3:0.618 | Best krc: 0.826 | Best epoch: 27
best model saved
[2023-11-29 05:07:31] INFO (nni/MainThread) Intermediate result: 0.825919656466224  (Index 60)
-----------------ETPA RESULT-------------------
Epoch 30: Validation	rmse: 18.4	mae: 14.49	mape: 33.31%	acc@10: 43.65%	acc@20: 76.41%	acc@30: 88.0%	
[2023-11-29 05:07:31] INFO (nni/MainThread) Intermediate result: 18.400129617866767  (Index 61)
*** Epoch: 31 ***
-----------------G2R RESULT-------------------

val result: krc:0.813 | lsd:0.571 | ed:0.891 | hr@1:0.693 | hr@2:0.886 | hr@3:0.925 | acc@1:0.693 | acc@2:0.63 | acc@3:0.597 | Best krc: 0.826 | Best epoch: 30
[2023-11-29 05:08:01] INFO (nni/MainThread) Intermediate result: 0.8132697699553841  (Index 62)
-----------------ETPA RESULT-------------------
Epoch 31: Validation	rmse: 18.32	mae: 14.47	mape: 33.3%	acc@10: 43.36%	acc@20: 76.37%	acc@30: 88.28%	
[2023-11-29 05:08:02] INFO (nni/MainThread) Intermediate result: 18.323480963238577  (Index 63)
*** Epoch: 32 ***
-----------------G2R RESULT-------------------

val result: krc:0.829 | lsd:0.512 | ed:0.839 | hr@1:0.715 | hr@2:0.894 | hr@3:0.933 | acc@1:0.715 | acc@2:0.656 | acc@3:0.623 | Best krc: 0.826 | Best epoch: 30
best model saved
[2023-11-29 05:08:31] INFO (nni/MainThread) Intermediate result: 0.8292763305618575  (Index 64)
-----------------ETPA RESULT-------------------
Epoch 32: Validation	rmse: 18.27	mae: 14.44	mape: 33.27%	acc@10: 43.28%	acc@20: 76.42%	acc@30: 88.54%	
[2023-11-29 05:08:31] INFO (nni/MainThread) Intermediate result: 18.266037020664747  (Index 65)
*** Epoch: 33 ***
-----------------G2R RESULT-------------------

val result: krc:0.833 | lsd:0.503 | ed:0.829 | hr@1:0.726 | hr@2:0.894 | hr@3:0.935 | acc@1:0.726 | acc@2:0.66 | acc@3:0.633 | Best krc: 0.829 | Best epoch: 32
best model saved
[2023-11-29 05:09:01] INFO (nni/MainThread) Intermediate result: 0.8334989456283728  (Index 66)
-----------------ETPA RESULT-------------------
Epoch 33: Validation	rmse: 18.23	mae: 14.45	mape: 33.27%	acc@10: 43.2%	acc@20: 76.38%	acc@30: 88.79%	
[2023-11-29 05:09:01] INFO (nni/MainThread) Intermediate result: 18.232479335847778  (Index 67)
*** Epoch: 34 ***
-----------------G2R RESULT-------------------

val result: krc:0.834 | lsd:0.508 | ed:0.817 | hr@1:0.732 | hr@2:0.894 | hr@3:0.934 | acc@1:0.732 | acc@2:0.666 | acc@3:0.636 | Best krc: 0.833 | Best epoch: 33
best model saved
[2023-11-29 05:09:32] INFO (nni/MainThread) Intermediate result: 0.8339074765135107  (Index 68)
-----------------ETPA RESULT-------------------
Epoch 34: Validation	rmse: 18.19	mae: 14.44	mape: 33.24%	acc@10: 43.04%	acc@20: 76.43%	acc@30: 89.02%	
[2023-11-29 05:09:32] INFO (nni/MainThread) Intermediate result: 18.192107036460655  (Index 69)
*** Epoch: 35 ***
-----------------G2R RESULT-------------------

val result: krc:0.842 | lsd:0.489 | ed:0.798 | hr@1:0.742 | hr@2:0.896 | hr@3:0.934 | acc@1:0.742 | acc@2:0.678 | acc@3:0.646 | Best krc: 0.834 | Best epoch: 34
best model saved
[2023-11-29 05:10:02] INFO (nni/MainThread) Intermediate result: 0.8417617097634588  (Index 70)
-----------------ETPA RESULT-------------------
Epoch 35: Validation	rmse: 18.11	mae: 14.39	mape: 33.13%	acc@10: 43.06%	acc@20: 76.48%	acc@30: 89.24%	
[2023-11-29 05:10:02] INFO (nni/MainThread) Intermediate result: 18.11097406005809  (Index 71)
*** Epoch: 36 ***
-----------------G2R RESULT-------------------

val result: krc:0.838 | lsd:0.493 | ed:0.813 | hr@1:0.737 | hr@2:0.897 | hr@3:0.934 | acc@1:0.737 | acc@2:0.673 | acc@3:0.641 | Best krc: 0.842 | Best epoch: 35
[2023-11-29 05:10:30] INFO (nni/MainThread) Intermediate result: 0.8382978290717688  (Index 72)
-----------------ETPA RESULT-------------------
Epoch 36: Validation	rmse: 18.07	mae: 14.36	mape: 33.08%	acc@10: 43.07%	acc@20: 76.52%	acc@30: 89.27%	
[2023-11-29 05:10:30] INFO (nni/MainThread) Intermediate result: 18.069918942442023  (Index 73)
*** Epoch: 37 ***
-----------------G2R RESULT-------------------

val result: krc:0.834 | lsd:0.495 | ed:0.821 | hr@1:0.732 | hr@2:0.893 | hr@3:0.932 | acc@1:0.732 | acc@2:0.666 | acc@3:0.633 | Best krc: 0.842 | Best epoch: 35
[2023-11-29 05:11:00] INFO (nni/MainThread) Intermediate result: 0.8341016602144719  (Index 74)
-----------------ETPA RESULT-------------------
Epoch 37: Validation	rmse: 18.08	mae: 14.37	mape: 33.08%	acc@10: 42.93%	acc@20: 76.56%	acc@30: 89.23%	
[2023-11-29 05:11:00] INFO (nni/MainThread) Intermediate result: 18.077494977576855  (Index 75)
*** Epoch: 38 ***
-----------------G2R RESULT-------------------

val result: krc:0.833 | lsd:0.493 | ed:0.82 | hr@1:0.73 | hr@2:0.895 | hr@3:0.933 | acc@1:0.73 | acc@2:0.666 | acc@3:0.635 | Best krc: 0.842 | Best epoch: 35
[2023-11-29 05:11:30] INFO (nni/MainThread) Intermediate result: 0.8328678033006849  (Index 76)
-----------------ETPA RESULT-------------------
Epoch 38: Validation	rmse: 18.05	mae: 14.36	mape: 33.07%	acc@10: 42.87%	acc@20: 76.44%	acc@30: 89.42%	
[2023-11-29 05:11:30] INFO (nni/MainThread) Intermediate result: 18.051155732918374  (Index 77)
*** Epoch: 39 ***
-----------------G2R RESULT-------------------

val result: krc:0.837 | lsd:0.482 | ed:0.805 | hr@1:0.732 | hr@2:0.901 | hr@3:0.938 | acc@1:0.732 | acc@2:0.675 | acc@3:0.642 | Best krc: 0.842 | Best epoch: 35
[2023-11-29 05:12:02] INFO (nni/MainThread) Intermediate result: 0.8365888082022754  (Index 78)
-----------------ETPA RESULT-------------------
Epoch 39: Validation	rmse: 18.03	mae: 14.35	mape: 33.03%	acc@10: 42.66%	acc@20: 76.48%	acc@30: 89.45%	
[2023-11-29 05:12:02] INFO (nni/MainThread) Intermediate result: 18.02735120941544  (Index 79)
*** Epoch: 40 ***
-----------------G2R RESULT-------------------

val result: krc:0.833 | lsd:0.494 | ed:0.82 | hr@1:0.721 | hr@2:0.898 | hr@3:0.937 | acc@1:0.721 | acc@2:0.661 | acc@3:0.633 | Best krc: 0.842 | Best epoch: 35
[2023-11-29 05:12:34] INFO (nni/MainThread) Intermediate result: 0.8331203354290367  (Index 80)
-----------------ETPA RESULT-------------------
Epoch 40: Validation	rmse: 18.02	mae: 14.35	mape: 33.03%	acc@10: 42.61%	acc@20: 76.45%	acc@30: 89.48%	
[2023-11-29 05:12:34] INFO (nni/MainThread) Intermediate result: 18.02387184490355  (Index 81)
*** Epoch: 41 ***
-----------------G2R RESULT-------------------

val result: krc:0.831 | lsd:0.506 | ed:0.842 | hr@1:0.729 | hr@2:0.896 | hr@3:0.932 | acc@1:0.729 | acc@2:0.666 | acc@3:0.629 | Best krc: 0.842 | Best epoch: 35
[2023-11-29 05:13:04] INFO (nni/MainThread) Intermediate result: 0.8314823708089996  (Index 82)
-----------------ETPA RESULT-------------------
Epoch 41: Validation	rmse: 18.01	mae: 14.37	mape: 33.06%	acc@10: 42.49%	acc@20: 76.26%	acc@30: 89.66%	
[2023-11-29 05:13:05] INFO (nni/MainThread) Intermediate result: 18.01320103309834  (Index 83)
*** Epoch: 42 ***
-----------------G2R RESULT-------------------

val result: krc:0.833 | lsd:0.492 | ed:0.826 | hr@1:0.725 | hr@2:0.895 | hr@3:0.935 | acc@1:0.725 | acc@2:0.66 | acc@3:0.63 | Best krc: 0.842 | Best epoch: 35
[2023-11-29 05:13:34] INFO (nni/MainThread) Intermediate result: 0.8332914205585827  (Index 84)
-----------------ETPA RESULT-------------------
Epoch 42: Validation	rmse: 17.97	mae: 14.35	mape: 33.04%	acc@10: 42.44%	acc@20: 76.24%	acc@30: 89.83%	
[2023-11-29 05:13:35] INFO (nni/MainThread) Intermediate result: 17.97382774899572  (Index 85)
*** Epoch: 43 ***
-----------------G2R RESULT-------------------

val result: krc:0.834 | lsd:0.498 | ed:0.823 | hr@1:0.724 | hr@2:0.896 | hr@3:0.935 | acc@1:0.724 | acc@2:0.664 | acc@3:0.636 | Best krc: 0.842 | Best epoch: 35
[2023-11-29 05:14:05] INFO (nni/MainThread) Intermediate result: 0.8342020686401973  (Index 86)
-----------------ETPA RESULT-------------------
Epoch 43: Validation	rmse: 17.94	mae: 14.35	mape: 33.04%	acc@10: 42.33%	acc@20: 76.28%	acc@30: 89.99%	
[2023-11-29 05:14:05] INFO (nni/MainThread) Intermediate result: 17.94003929987485  (Index 87)
*** Epoch: 44 ***
-----------------G2R RESULT-------------------

val result: krc:0.84 | lsd:0.483 | ed:0.794 | hr@1:0.737 | hr@2:0.897 | hr@3:0.937 | acc@1:0.737 | acc@2:0.676 | acc@3:0.647 | Best krc: 0.842 | Best epoch: 35
[2023-11-29 05:14:38] INFO (nni/MainThread) Intermediate result: 0.840477137398869  (Index 88)
-----------------ETPA RESULT-------------------
Epoch 44: Validation	rmse: 17.94	mae: 14.34	mape: 33.01%	acc@10: 42.29%	acc@20: 76.32%	acc@30: 89.93%	
[2023-11-29 05:14:38] INFO (nni/MainThread) Intermediate result: 17.93718487613766  (Index 89)
*** Epoch: 45 ***
-----------------G2R RESULT-------------------

val result: krc:0.84 | lsd:0.478 | ed:0.804 | hr@1:0.734 | hr@2:0.898 | hr@3:0.938 | acc@1:0.734 | acc@2:0.672 | acc@3:0.645 | Best krc: 0.842 | Best epoch: 35
[2023-11-29 05:15:08] INFO (nni/MainThread) Intermediate result: 0.8395663411229654  (Index 90)
-----------------ETPA RESULT-------------------
Epoch 45: Validation	rmse: 17.91	mae: 14.34	mape: 33.0%	acc@10: 42.19%	acc@20: 76.29%	acc@30: 90.08%	
[2023-11-29 05:15:08] INFO (nni/MainThread) Intermediate result: 17.91044733985939  (Index 91)
*** Epoch: 46 ***
-----------------G2R RESULT-------------------

val result: krc:0.842 | lsd:0.469 | ed:0.804 | hr@1:0.743 | hr@2:0.898 | hr@3:0.937 | acc@1:0.743 | acc@2:0.677 | acc@3:0.645 | Best krc: 0.842 | Best epoch: 35
best model saved
[2023-11-29 05:15:38] INFO (nni/MainThread) Intermediate result: 0.8418305107417482  (Index 92)
-----------------ETPA RESULT-------------------
Epoch 46: Validation	rmse: 17.88	mae: 14.34	mape: 33.02%	acc@10: 41.95%	acc@20: 76.33%	acc@30: 90.23%	
[2023-11-29 05:15:38] INFO (nni/MainThread) Intermediate result: 17.88495858807319  (Index 93)
*** Epoch: 47 ***
-----------------G2R RESULT-------------------

val result: krc:0.842 | lsd:0.464 | ed:0.805 | hr@1:0.742 | hr@2:0.901 | hr@3:0.939 | acc@1:0.742 | acc@2:0.679 | acc@3:0.649 | Best krc: 0.842 | Best epoch: 46
best model saved
[2023-11-29 05:16:10] INFO (nni/MainThread) Intermediate result: 0.8418802541933281  (Index 94)
-----------------ETPA RESULT-------------------
Epoch 47: Validation	rmse: 17.89	mae: 14.35	mape: 33.04%	acc@10: 41.86%	acc@20: 76.24%	acc@30: 90.17%	
[2023-11-29 05:16:10] INFO (nni/MainThread) Intermediate result: 17.89189153224276  (Index 95)
*** Epoch: 48 ***
-----------------G2R RESULT-------------------

val result: krc:0.838 | lsd:0.483 | ed:0.814 | hr@1:0.731 | hr@2:0.898 | hr@3:0.936 | acc@1:0.731 | acc@2:0.668 | acc@3:0.638 | Best krc: 0.842 | Best epoch: 47
[2023-11-29 05:16:40] INFO (nni/MainThread) Intermediate result: 0.8377045410014365  (Index 96)
-----------------ETPA RESULT-------------------
Epoch 48: Validation	rmse: 17.87	mae: 14.35	mape: 33.07%	acc@10: 41.65%	acc@20: 76.21%	acc@30: 90.31%	
[2023-11-29 05:16:40] INFO (nni/MainThread) Intermediate result: 17.86580169040102  (Index 97)
*** Epoch: 49 ***
-----------------G2R RESULT-------------------

val result: krc:0.836 | lsd:0.488 | ed:0.817 | hr@1:0.734 | hr@2:0.898 | hr@3:0.938 | acc@1:0.734 | acc@2:0.667 | acc@3:0.638 | Best krc: 0.842 | Best epoch: 47
[2023-11-29 05:17:12] INFO (nni/MainThread) Intermediate result: 0.8357433986117851  (Index 98)
-----------------ETPA RESULT-------------------
Epoch 49: Validation	rmse: 17.92	mae: 14.39	mape: 33.1%	acc@10: 41.56%	acc@20: 76.12%	acc@30: 90.25%	
[2023-11-29 05:17:12] INFO (nni/MainThread) Intermediate result: 17.916799375164196  (Index 99)
*** Epoch: 50 ***
-----------------G2R RESULT-------------------

val result: krc:0.838 | lsd:0.468 | ed:0.808 | hr@1:0.731 | hr@2:0.901 | hr@3:0.939 | acc@1:0.731 | acc@2:0.669 | acc@3:0.641 | Best krc: 0.842 | Best epoch: 47
[2023-11-29 05:17:41] INFO (nni/MainThread) Intermediate result: 0.8378296503088808  (Index 100)
-----------------ETPA RESULT-------------------
Epoch 50: Validation	rmse: 17.92	mae: 14.39	mape: 33.09%	acc@10: 41.61%	acc@20: 76.16%	acc@30: 90.32%	
[2023-11-29 05:17:41] INFO (nni/MainThread) Intermediate result: 17.91532219577645  (Index 101)
*** Epoch: 51 ***
-----------------G2R RESULT-------------------

val result: krc:0.837 | lsd:0.499 | ed:0.818 | hr@1:0.731 | hr@2:0.896 | hr@3:0.934 | acc@1:0.731 | acc@2:0.667 | acc@3:0.634 | Best krc: 0.842 | Best epoch: 47
[2023-11-29 05:18:10] INFO (nni/MainThread) Intermediate result: 0.836661514650146  (Index 102)
-----------------ETPA RESULT-------------------
Epoch 51: Validation	rmse: 18.0	mae: 14.46	mape: 33.24%	acc@10: 41.41%	acc@20: 75.84%	acc@30: 90.08%	
[2023-11-29 05:18:10] INFO (nni/MainThread) Intermediate result: 17.99502427275704  (Index 103)
*** Epoch: 52 ***
-----------------G2R RESULT-------------------

val result: krc:0.832 | lsd:0.508 | ed:0.834 | hr@1:0.725 | hr@2:0.897 | hr@3:0.932 | acc@1:0.725 | acc@2:0.665 | acc@3:0.631 | Best krc: 0.842 | Best epoch: 47
[2023-11-29 05:18:39] INFO (nni/MainThread) Intermediate result: 0.8319747272436384  (Index 104)
-----------------ETPA RESULT-------------------
Epoch 52: Validation	rmse: 17.97	mae: 14.46	mape: 33.24%	acc@10: 41.27%	acc@20: 75.88%	acc@30: 90.21%	
[2023-11-29 05:18:39] INFO (nni/MainThread) Intermediate result: 17.967515589257957  (Index 105)
*** Epoch: 53 ***
-----------------G2R RESULT-------------------

val result: krc:0.835 | lsd:0.493 | ed:0.825 | hr@1:0.73 | hr@2:0.896 | hr@3:0.933 | acc@1:0.73 | acc@2:0.668 | acc@3:0.637 | Best krc: 0.842 | Best epoch: 47
[2023-11-29 05:19:09] INFO (nni/MainThread) Intermediate result: 0.835478017585582  (Index 106)
-----------------ETPA RESULT-------------------
Epoch 53: Validation	rmse: 17.97	mae: 14.47	mape: 33.25%	acc@10: 41.15%	acc@20: 75.64%	acc@30: 90.34%	
[2023-11-29 05:19:09] INFO (nni/MainThread) Intermediate result: 17.974219318052437  (Index 107)
*** Epoch: 54 ***
-----------------G2R RESULT-------------------

val result: krc:0.835 | lsd:0.503 | ed:0.833 | hr@1:0.734 | hr@2:0.896 | hr@3:0.935 | acc@1:0.734 | acc@2:0.667 | acc@3:0.634 | Best krc: 0.842 | Best epoch: 47
[2023-11-29 05:19:39] INFO (nni/MainThread) Intermediate result: 0.8347184037520724  (Index 108)
-----------------ETPA RESULT-------------------
Epoch 54: Validation	rmse: 17.93	mae: 14.44	mape: 33.19%	acc@10: 41.25%	acc@20: 75.68%	acc@30: 90.45%	
[2023-11-29 05:19:39] INFO (nni/MainThread) Intermediate result: 17.933131332278972  (Index 109)
*** Epoch: 55 ***
-----------------G2R RESULT-------------------

val result: krc:0.842 | lsd:0.491 | ed:0.803 | hr@1:0.74 | hr@2:0.901 | hr@3:0.938 | acc@1:0.74 | acc@2:0.68 | acc@3:0.648 | Best krc: 0.842 | Best epoch: 47
best model saved
[2023-11-29 05:20:10] INFO (nni/MainThread) Intermediate result: 0.842013210679586  (Index 110)
-----------------ETPA RESULT-------------------
Epoch 55: Validation	rmse: 17.92	mae: 14.43	mape: 33.16%	acc@10: 41.18%	acc@20: 75.67%	acc@30: 90.51%	
[2023-11-29 05:20:10] INFO (nni/MainThread) Intermediate result: 17.916197805654054  (Index 111)
*** Epoch: 56 ***
-----------------G2R RESULT-------------------

val result: krc:0.836 | lsd:0.517 | ed:0.831 | hr@1:0.733 | hr@2:0.895 | hr@3:0.933 | acc@1:0.733 | acc@2:0.671 | acc@3:0.638 | Best krc: 0.842 | Best epoch: 55
[2023-11-29 05:20:41] INFO (nni/MainThread) Intermediate result: 0.8363372535738082  (Index 112)
-----------------ETPA RESULT-------------------
Epoch 56: Validation	rmse: 17.92	mae: 14.43	mape: 33.12%	acc@10: 41.17%	acc@20: 75.71%	acc@30: 90.52%	
[2023-11-29 05:20:41] INFO (nni/MainThread) Intermediate result: 17.91511147589086  (Index 113)
*** Epoch: 57 ***
-----------------G2R RESULT-------------------

val result: krc:0.843 | lsd:0.481 | ed:0.802 | hr@1:0.747 | hr@2:0.899 | hr@3:0.937 | acc@1:0.747 | acc@2:0.684 | acc@3:0.65 | Best krc: 0.842 | Best epoch: 55
best model saved
[2023-11-29 05:21:14] INFO (nni/MainThread) Intermediate result: 0.8434797387748852  (Index 114)
-----------------ETPA RESULT-------------------
Epoch 57: Validation	rmse: 17.89	mae: 14.42	mape: 33.1%	acc@10: 41.11%	acc@20: 75.7%	acc@30: 90.57%	
[2023-11-29 05:21:14] INFO (nni/MainThread) Intermediate result: 17.893152763812047  (Index 115)
*** Epoch: 58 ***
-----------------G2R RESULT-------------------

val result: krc:0.845 | lsd:0.469 | ed:0.804 | hr@1:0.747 | hr@2:0.9 | hr@3:0.937 | acc@1:0.747 | acc@2:0.683 | acc@3:0.652 | Best krc: 0.843 | Best epoch: 57
best model saved
[2023-11-29 05:21:45] INFO (nni/MainThread) Intermediate result: 0.8446312627598154  (Index 116)
-----------------ETPA RESULT-------------------
Epoch 58: Validation	rmse: 17.88	mae: 14.42	mape: 33.08%	acc@10: 41.0%	acc@20: 75.69%	acc@30: 90.62%	
[2023-11-29 05:21:45] INFO (nni/MainThread) Intermediate result: 17.884128148706317  (Index 117)
*** Epoch: 59 ***
-----------------G2R RESULT-------------------

val result: krc:0.839 | lsd:0.481 | ed:0.813 | hr@1:0.732 | hr@2:0.9 | hr@3:0.939 | acc@1:0.732 | acc@2:0.67 | acc@3:0.641 | Best krc: 0.845 | Best epoch: 58
[2023-11-29 05:22:17] INFO (nni/MainThread) Intermediate result: 0.839497684132577  (Index 118)
-----------------ETPA RESULT-------------------
Epoch 59: Validation	rmse: 17.87	mae: 14.43	mape: 33.13%	acc@10: 40.73%	acc@20: 75.68%	acc@30: 90.73%	
[2023-11-29 05:22:18] INFO (nni/MainThread) Intermediate result: 17.865055031730893  (Index 119)
*** Epoch: 60 ***
-----------------G2R RESULT-------------------

val result: krc:0.838 | lsd:0.52 | ed:0.807 | hr@1:0.745 | hr@2:0.897 | hr@3:0.931 | acc@1:0.745 | acc@2:0.681 | acc@3:0.644 | Best krc: 0.845 | Best epoch: 58
[2023-11-29 05:22:48] INFO (nni/MainThread) Intermediate result: 0.8384132941019692  (Index 120)
-----------------ETPA RESULT-------------------
Epoch 60: Validation	rmse: 17.84	mae: 14.42	mape: 33.1%	acc@10: 40.68%	acc@20: 75.72%	acc@30: 90.83%	
[2023-11-29 05:22:48] INFO (nni/MainThread) Intermediate result: 17.835706653586023  (Index 121)
*** Epoch: 61 ***
-----------------G2R RESULT-------------------

val result: krc:0.842 | lsd:0.484 | ed:0.801 | hr@1:0.75 | hr@2:0.899 | hr@3:0.937 | acc@1:0.75 | acc@2:0.684 | acc@3:0.651 | Best krc: 0.845 | Best epoch: 58
[2023-11-29 05:23:18] INFO (nni/MainThread) Intermediate result: 0.8424774982098987  (Index 122)
-----------------ETPA RESULT-------------------
Epoch 61: Validation	rmse: 17.83	mae: 14.42	mape: 33.11%	acc@10: 40.57%	acc@20: 75.76%	acc@30: 90.88%	
[2023-11-29 05:23:19] INFO (nni/MainThread) Intermediate result: 17.82739283579516  (Index 123)
*** Epoch: 62 ***
-----------------G2R RESULT-------------------

val result: krc:0.838 | lsd:0.502 | ed:0.811 | hr@1:0.739 | hr@2:0.896 | hr@3:0.936 | acc@1:0.739 | acc@2:0.675 | acc@3:0.644 | Best krc: 0.845 | Best epoch: 58
[2023-11-29 05:23:50] INFO (nni/MainThread) Intermediate result: 0.8384392141891048  (Index 124)
-----------------ETPA RESULT-------------------
Epoch 62: Validation	rmse: 17.83	mae: 14.42	mape: 33.1%	acc@10: 40.67%	acc@20: 75.69%	acc@30: 90.92%	
[2023-11-29 05:23:50] INFO (nni/MainThread) Intermediate result: 17.830500355597714  (Index 125)
*** Epoch: 63 ***
-----------------G2R RESULT-------------------

val result: krc:0.834 | lsd:0.534 | ed:0.825 | hr@1:0.737 | hr@2:0.895 | hr@3:0.931 | acc@1:0.737 | acc@2:0.675 | acc@3:0.641 | Best krc: 0.845 | Best epoch: 58
[2023-11-29 05:24:20] INFO (nni/MainThread) Intermediate result: 0.8337410905666263  (Index 126)
-----------------ETPA RESULT-------------------
Epoch 63: Validation	rmse: 17.83	mae: 14.43	mape: 33.09%	acc@10: 40.62%	acc@20: 75.73%	acc@30: 90.97%	
[2023-11-29 05:24:20] INFO (nni/MainThread) Intermediate result: 17.826714280697868  (Index 127)
*** Epoch: 64 ***
-----------------G2R RESULT-------------------

val result: krc:0.836 | lsd:0.495 | ed:0.811 | hr@1:0.732 | hr@2:0.897 | hr@3:0.938 | acc@1:0.732 | acc@2:0.672 | acc@3:0.643 | Best krc: 0.845 | Best epoch: 58
[2023-11-29 05:24:51] INFO (nni/MainThread) Intermediate result: 0.8361625172993777  (Index 128)
-----------------ETPA RESULT-------------------
Epoch 64: Validation	rmse: 17.83	mae: 14.44	mape: 33.1%	acc@10: 40.58%	acc@20: 75.72%	acc@30: 91.01%	
[2023-11-29 05:24:51] INFO (nni/MainThread) Intermediate result: 17.832011953288802  (Index 129)
*** Epoch: 65 ***
-----------------G2R RESULT-------------------

val result: krc:0.835 | lsd:0.508 | ed:0.816 | hr@1:0.728 | hr@2:0.894 | hr@3:0.936 | acc@1:0.728 | acc@2:0.666 | acc@3:0.638 | Best krc: 0.845 | Best epoch: 58
[2023-11-29 05:25:22] INFO (nni/MainThread) Intermediate result: 0.8351639320856636  (Index 130)
-----------------ETPA RESULT-------------------
Epoch 65: Validation	rmse: 17.83	mae: 14.45	mape: 33.13%	acc@10: 40.44%	acc@20: 75.76%	acc@30: 91.05%	
[2023-11-29 05:25:22] INFO (nni/MainThread) Intermediate result: 17.82735143814067  (Index 131)
*** Epoch: 66 ***
-----------------G2R RESULT-------------------

val result: krc:0.837 | lsd:0.51 | ed:0.817 | hr@1:0.734 | hr@2:0.895 | hr@3:0.936 | acc@1:0.734 | acc@2:0.671 | acc@3:0.642 | Best krc: 0.845 | Best epoch: 58
[2023-11-29 05:25:55] INFO (nni/MainThread) Intermediate result: 0.8371764817151789  (Index 132)
-----------------ETPA RESULT-------------------
Epoch 66: Validation	rmse: 17.83	mae: 14.46	mape: 33.15%	acc@10: 40.21%	acc@20: 75.84%	acc@30: 91.04%	
[2023-11-29 05:25:55] INFO (nni/MainThread) Intermediate result: 17.82576995191514  (Index 133)
*** Epoch: 67 ***
-----------------G2R RESULT-------------------

val result: krc:0.844 | lsd:0.487 | ed:0.809 | hr@1:0.749 | hr@2:0.899 | hr@3:0.937 | acc@1:0.749 | acc@2:0.681 | acc@3:0.65 | Best krc: 0.845 | Best epoch: 58
[2023-11-29 05:26:28] INFO (nni/MainThread) Intermediate result: 0.8435883422153646  (Index 134)
-----------------ETPA RESULT-------------------
Epoch 67: Validation	rmse: 17.83	mae: 14.47	mape: 33.18%	acc@10: 40.07%	acc@20: 75.78%	acc@30: 91.08%	
[2023-11-29 05:26:28] INFO (nni/MainThread) Intermediate result: 17.83114184332492  (Index 135)
*** Epoch: 68 ***
-----------------G2R RESULT-------------------

val result: krc:0.845 | lsd:0.458 | ed:0.791 | hr@1:0.745 | hr@2:0.903 | hr@3:0.939 | acc@1:0.745 | acc@2:0.685 | acc@3:0.656 | Best krc: 0.845 | Best epoch: 58
best model saved
[2023-11-29 05:26:59] INFO (nni/MainThread) Intermediate result: 0.845473346715148  (Index 136)
-----------------ETPA RESULT-------------------
Epoch 68: Validation	rmse: 17.84	mae: 14.48	mape: 33.2%	acc@10: 39.99%	acc@20: 75.86%	acc@30: 91.12%	
[2023-11-29 05:26:59] INFO (nni/MainThread) Intermediate result: 17.837989939448953  (Index 137)
*** Epoch: 69 ***
-----------------G2R RESULT-------------------

val result: krc:0.84 | lsd:0.487 | ed:0.8 | hr@1:0.739 | hr@2:0.902 | hr@3:0.938 | acc@1:0.739 | acc@2:0.677 | acc@3:0.648 | Best krc: 0.845 | Best epoch: 68
[2023-11-29 05:27:32] INFO (nni/MainThread) Intermediate result: 0.8398834270718833  (Index 138)
-----------------ETPA RESULT-------------------
Epoch 69: Validation	rmse: 17.83	mae: 14.48	mape: 33.18%	acc@10: 39.87%	acc@20: 75.89%	acc@30: 91.16%	
[2023-11-29 05:27:32] INFO (nni/MainThread) Intermediate result: 17.833626329452166  (Index 139)
*** Epoch: 70 ***
-----------------G2R RESULT-------------------

val result: krc:0.841 | lsd:0.486 | ed:0.804 | hr@1:0.74 | hr@2:0.898 | hr@3:0.938 | acc@1:0.74 | acc@2:0.677 | acc@3:0.649 | Best krc: 0.845 | Best epoch: 68
[2023-11-29 05:28:02] INFO (nni/MainThread) Intermediate result: 0.8409315897466313  (Index 140)
-----------------ETPA RESULT-------------------
Epoch 70: Validation	rmse: 17.83	mae: 14.5	mape: 33.23%	acc@10: 39.74%	acc@20: 75.88%	acc@30: 91.2%	
[2023-11-29 05:28:02] INFO (nni/MainThread) Intermediate result: 17.83178207903989  (Index 141)
*** Epoch: 71 ***
-----------------G2R RESULT-------------------

val result: krc:0.825 | lsd:0.586 | ed:0.868 | hr@1:0.725 | hr@2:0.888 | hr@3:0.925 | acc@1:0.725 | acc@2:0.658 | acc@3:0.624 | Best krc: 0.845 | Best epoch: 68
[2023-11-29 05:28:35] INFO (nni/MainThread) Intermediate result: 0.8249462591045449  (Index 142)
-----------------ETPA RESULT-------------------
Epoch 71: Validation	rmse: 17.83	mae: 14.5	mape: 33.22%	acc@10: 39.63%	acc@20: 75.95%	acc@30: 91.23%	
[2023-11-29 05:28:35] INFO (nni/MainThread) Intermediate result: 17.82686462559054  (Index 143)
*** Epoch: 72 ***
-----------------G2R RESULT-------------------

val result: krc:0.824 | lsd:0.537 | ed:0.858 | hr@1:0.713 | hr@2:0.887 | hr@3:0.927 | acc@1:0.713 | acc@2:0.652 | acc@3:0.62 | Best krc: 0.845 | Best epoch: 68
[2023-11-29 05:29:05] INFO (nni/MainThread) Intermediate result: 0.8243455053424446  (Index 144)
-----------------ETPA RESULT-------------------
Epoch 72: Validation	rmse: 17.83	mae: 14.5	mape: 33.2%	acc@10: 39.55%	acc@20: 75.98%	acc@30: 91.18%	
[2023-11-29 05:29:05] INFO (nni/MainThread) Intermediate result: 17.831414120896614  (Index 145)
*** Epoch: 73 ***
-----------------G2R RESULT-------------------

val result: krc:0.836 | lsd:0.504 | ed:0.815 | hr@1:0.735 | hr@2:0.896 | hr@3:0.934 | acc@1:0.735 | acc@2:0.67 | acc@3:0.641 | Best krc: 0.845 | Best epoch: 68
[2023-11-29 05:29:37] INFO (nni/MainThread) Intermediate result: 0.8363931173200958  (Index 146)
-----------------ETPA RESULT-------------------
Epoch 73: Validation	rmse: 17.85	mae: 14.51	mape: 33.19%	acc@10: 39.44%	acc@20: 76.01%	acc@30: 91.22%	
[2023-11-29 05:29:37] INFO (nni/MainThread) Intermediate result: 17.84637873538528  (Index 147)
*** Epoch: 74 ***
-----------------G2R RESULT-------------------

val result: krc:0.838 | lsd:0.489 | ed:0.81 | hr@1:0.738 | hr@2:0.896 | hr@3:0.935 | acc@1:0.738 | acc@2:0.675 | acc@3:0.642 | Best krc: 0.845 | Best epoch: 68
[2023-11-29 05:30:08] INFO (nni/MainThread) Intermediate result: 0.838096706771827  (Index 148)
-----------------ETPA RESULT-------------------
Epoch 74: Validation	rmse: 17.86	mae: 14.51	mape: 33.17%	acc@10: 39.38%	acc@20: 76.0%	acc@30: 91.25%	
[2023-11-29 05:30:08] INFO (nni/MainThread) Intermediate result: 17.856265121398554  (Index 149)
*** Epoch: 75 ***
-----------------G2R RESULT-------------------

val result: krc:0.841 | lsd:0.494 | ed:0.808 | hr@1:0.741 | hr@2:0.896 | hr@3:0.936 | acc@1:0.741 | acc@2:0.676 | acc@3:0.644 | Best krc: 0.845 | Best epoch: 68
[2023-11-29 05:30:41] INFO (nni/MainThread) Intermediate result: 0.8410472557127564  (Index 150)
-----------------ETPA RESULT-------------------
Epoch 75: Validation	rmse: 17.84	mae: 14.5	mape: 33.14%	acc@10: 39.27%	acc@20: 76.11%	acc@30: 91.28%	
[2023-11-29 05:30:41] INFO (nni/MainThread) Intermediate result: 17.83629217314319  (Index 151)
*** Epoch: 76 ***
-----------------G2R RESULT-------------------

val result: krc:0.841 | lsd:0.505 | ed:0.807 | hr@1:0.746 | hr@2:0.899 | hr@3:0.935 | acc@1:0.746 | acc@2:0.681 | acc@3:0.65 | Best krc: 0.845 | Best epoch: 68
[2023-11-29 05:31:12] INFO (nni/MainThread) Intermediate result: 0.8408484786359732  (Index 152)
-----------------ETPA RESULT-------------------
Epoch 76: Validation	rmse: 17.85	mae: 14.51	mape: 33.14%	acc@10: 39.2%	acc@20: 76.14%	acc@30: 91.31%	
[2023-11-29 05:31:12] INFO (nni/MainThread) Intermediate result: 17.84504748752195  (Index 153)
*** Epoch: 77 ***
-----------------G2R RESULT-------------------

val result: krc:0.835 | lsd:0.499 | ed:0.828 | hr@1:0.742 | hr@2:0.894 | hr@3:0.933 | acc@1:0.742 | acc@2:0.672 | acc@3:0.642 | Best krc: 0.845 | Best epoch: 68
[2023-11-29 05:31:44] INFO (nni/MainThread) Intermediate result: 0.8354925509800892  (Index 154)
-----------------ETPA RESULT-------------------
Epoch 77: Validation	rmse: 17.85	mae: 14.51	mape: 33.13%	acc@10: 39.18%	acc@20: 76.12%	acc@30: 91.35%	
[2023-11-29 05:31:44] INFO (nni/MainThread) Intermediate result: 17.852461613453386  (Index 155)
*** Epoch: 78 ***
-----------------G2R RESULT-------------------

val result: krc:0.843 | lsd:0.472 | ed:0.794 | hr@1:0.743 | hr@2:0.901 | hr@3:0.938 | acc@1:0.743 | acc@2:0.681 | acc@3:0.648 | Best krc: 0.845 | Best epoch: 68
[2023-11-29 05:32:14] INFO (nni/MainThread) Intermediate result: 0.8434915386642539  (Index 156)
-----------------ETPA RESULT-------------------
Epoch 78: Validation	rmse: 17.87	mae: 14.52	mape: 33.13%	acc@10: 39.2%	acc@20: 76.11%	acc@30: 91.34%	
[2023-11-29 05:32:14] INFO (nni/MainThread) Intermediate result: 17.866302917125036  (Index 157)
*** Epoch: 79 ***
-----------------G2R RESULT-------------------

val result: krc:0.836 | lsd:0.475 | ed:0.825 | hr@1:0.73 | hr@2:0.896 | hr@3:0.934 | acc@1:0.73 | acc@2:0.666 | acc@3:0.631 | Best krc: 0.845 | Best epoch: 68
[2023-11-29 05:32:45] INFO (nni/MainThread) Intermediate result: 0.8357847820287698  (Index 158)
-----------------ETPA RESULT-------------------
Epoch 79: Validation	rmse: 17.88	mae: 14.54	mape: 33.15%	acc@10: 39.18%	acc@20: 76.05%	acc@30: 91.37%	
[2023-11-29 05:32:45] INFO (nni/MainThread) Intermediate result: 17.880211715212933  (Index 159)
*** Epoch: 80 ***
-----------------G2R RESULT-------------------

val result: krc:0.843 | lsd:0.484 | ed:0.812 | hr@1:0.737 | hr@2:0.896 | hr@3:0.936 | acc@1:0.737 | acc@2:0.672 | acc@3:0.644 | Best krc: 0.845 | Best epoch: 68
[2023-11-29 05:33:17] INFO (nni/MainThread) Intermediate result: 0.843093600758664  (Index 160)
-----------------ETPA RESULT-------------------
Epoch 80: Validation	rmse: 17.91	mae: 14.56	mape: 33.18%	acc@10: 39.16%	acc@20: 75.96%	acc@30: 91.36%	
[2023-11-29 05:33:17] INFO (nni/MainThread) Intermediate result: 17.911548308869676  (Index 161)
*** Epoch: 81 ***
-----------------G2R RESULT-------------------

val result: krc:0.83 | lsd:0.533 | ed:0.829 | hr@1:0.732 | hr@2:0.891 | hr@3:0.932 | acc@1:0.732 | acc@2:0.666 | acc@3:0.636 | Best krc: 0.845 | Best epoch: 68
[2023-11-29 05:33:50] INFO (nni/MainThread) Intermediate result: 0.8296353215198864  (Index 162)
-----------------ETPA RESULT-------------------
Epoch 81: Validation	rmse: 17.93	mae: 14.58	mape: 33.21%	acc@10: 39.06%	acc@20: 75.84%	acc@30: 91.39%	
[2023-11-29 05:33:50] INFO (nni/MainThread) Intermediate result: 17.93165065444479  (Index 163)
*** Epoch: 82 ***
-----------------G2R RESULT-------------------

val result: krc:0.832 | lsd:0.496 | ed:0.838 | hr@1:0.731 | hr@2:0.895 | hr@3:0.935 | acc@1:0.731 | acc@2:0.665 | acc@3:0.631 | Best krc: 0.845 | Best epoch: 68
[2023-11-29 05:34:22] INFO (nni/MainThread) Intermediate result: 0.832182048465389  (Index 164)
-----------------ETPA RESULT-------------------
Epoch 82: Validation	rmse: 17.94	mae: 14.6	mape: 33.25%	acc@10: 38.86%	acc@20: 75.87%	acc@30: 91.42%	
[2023-11-29 05:34:22] INFO (nni/MainThread) Intermediate result: 17.93837207646872  (Index 165)
*** Epoch: 83 ***
-----------------G2R RESULT-------------------

val result: krc:0.842 | lsd:0.476 | ed:0.792 | hr@1:0.737 | hr@2:0.899 | hr@3:0.937 | acc@1:0.737 | acc@2:0.676 | acc@3:0.646 | Best krc: 0.845 | Best epoch: 68
[2023-11-29 05:34:53] INFO (nni/MainThread) Intermediate result: 0.841979900615668  (Index 166)
-----------------ETPA RESULT-------------------
Epoch 83: Validation	rmse: 17.95	mae: 14.6	mape: 33.23%	acc@10: 38.84%	acc@20: 75.93%	acc@30: 91.44%	
[2023-11-29 05:34:53] INFO (nni/MainThread) Intermediate result: 17.94529473314639  (Index 167)
*** Epoch: 84 ***
-----------------G2R RESULT-------------------

val result: krc:0.842 | lsd:0.482 | ed:0.808 | hr@1:0.742 | hr@2:0.898 | hr@3:0.935 | acc@1:0.742 | acc@2:0.676 | acc@3:0.644 | Best krc: 0.845 | Best epoch: 68
[2023-11-29 05:35:25] INFO (nni/MainThread) Intermediate result: 0.8415565007956787  (Index 168)
-----------------ETPA RESULT-------------------
Epoch 84: Validation	rmse: 17.98	mae: 14.64	mape: 33.34%	acc@10: 38.64%	acc@20: 75.77%	acc@30: 91.47%	
[2023-11-29 05:35:25] INFO (nni/MainThread) Intermediate result: 17.981648387696186  (Index 169)
*** Epoch: 85 ***
-----------------G2R RESULT-------------------

val result: krc:0.843 | lsd:0.472 | ed:0.795 | hr@1:0.739 | hr@2:0.9 | hr@3:0.937 | acc@1:0.739 | acc@2:0.677 | acc@3:0.647 | Best krc: 0.845 | Best epoch: 68
[2023-11-29 05:35:56] INFO (nni/MainThread) Intermediate result: 0.8431961279097265  (Index 170)
-----------------ETPA RESULT-------------------
Epoch 85: Validation	rmse: 17.98	mae: 14.64	mape: 33.33%	acc@10: 38.7%	acc@20: 75.76%	acc@30: 91.5%	
[2023-11-29 05:35:56] INFO (nni/MainThread) Intermediate result: 17.982858501109238  (Index 171)
*** Epoch: 86 ***
-----------------G2R RESULT-------------------

val result: krc:0.841 | lsd:0.468 | ed:0.812 | hr@1:0.734 | hr@2:0.897 | hr@3:0.936 | acc@1:0.734 | acc@2:0.672 | acc@3:0.644 | Best krc: 0.845 | Best epoch: 68
[2023-11-29 05:36:28] INFO (nni/MainThread) Intermediate result: 0.8409153725026047  (Index 172)
-----------------ETPA RESULT-------------------
Epoch 86: Validation	rmse: 18.0	mae: 14.66	mape: 33.36%	acc@10: 38.65%	acc@20: 75.72%	acc@30: 91.52%	
[2023-11-29 05:36:28] INFO (nni/MainThread) Intermediate result: 18.00265336239863  (Index 173)
*** Epoch: 87 ***
-----------------G2R RESULT-------------------

val result: krc:0.844 | lsd:0.471 | ed:0.802 | hr@1:0.744 | hr@2:0.901 | hr@3:0.937 | acc@1:0.744 | acc@2:0.683 | acc@3:0.651 | Best krc: 0.845 | Best epoch: 68
[2023-11-29 05:37:03] INFO (nni/MainThread) Intermediate result: 0.8441581143111533  (Index 174)
-----------------ETPA RESULT-------------------
Epoch 87: Validation	rmse: 18.03	mae: 14.68	mape: 33.4%	acc@10: 38.57%	acc@20: 75.6%	acc@30: 91.55%	
[2023-11-29 05:37:03] INFO (nni/MainThread) Intermediate result: 18.02672161499804  (Index 175)
*** Epoch: 88 ***
-----------------G2R RESULT-------------------

val result: krc:0.829 | lsd:0.532 | ed:0.85 | hr@1:0.732 | hr@2:0.894 | hr@3:0.928 | acc@1:0.732 | acc@2:0.666 | acc@3:0.631 | Best krc: 0.845 | Best epoch: 68
[2023-11-29 05:37:35] INFO (nni/MainThread) Intermediate result: 0.8285359965464908  (Index 176)
-----------------ETPA RESULT-------------------
Epoch 88: Validation	rmse: 18.05	mae: 14.69	mape: 33.39%	acc@10: 38.59%	acc@20: 75.53%	acc@30: 91.54%	
[2023-11-29 05:37:35] INFO (nni/MainThread) Intermediate result: 18.050996074662585  (Index 177)
loaded model path: /home/sentanoe/joint_training/data/dataset/food_pd/sort_model/hidden_size-8.gcnru-pd_1701229944.6210141701229944.6210263
best model loaded !!!
krc:0.834 | lsd:0.371 | ed:0.812 | hr@1:0.747 | hr@2:0.925 | hr@3:0.949 | acc@1:0.747 | acc@2:0.691 | acc@3:0.646 |

-------------------------------------------------------------
Best epoch for G2R:  68
Best epoch for ETPA:  66
graph2route_pd Evaluation in test: krc:0.834 | lsd:0.371 | ed:0.812 | hr@1:0.747 | hr@2:0.925 | hr@3:0.949 | acc@1:0.747 | acc@2:0.691 | acc@3:0.646 |
RankPETA Evaluation in test: rmse: 12.64	mae: 11.01	mape: 94.69%	acc@10: 45.0%	acc@20: 95.0%	acc@30: 100.0%	
