Device:  cuda
{'alpha_loss': 0.5,
 'batch_size': 64,
 'dataset': 'food_pd',
 'datatype': 'order',
 'device': device(type='cuda'),
 'early_stop': 10,
 'edge_fea_dim': 5,
 'embedding_dim': 32,
 'eval_end_1': 11,
 'eval_end_2': 25,
 'eval_start': 1,
 'gcn_num_layers': 2,
 'hidden_size': 8,
 'is_eval': False,
 'is_test': False,
 'k_min_nodes': 3,
 'k_nearest_neighbors': 'n-1',
 'lr': 0.001,
 'max_task_num': 25,
 'min_task_num': 0,
 'modelArrivalTime': 'RankPETA',
 'modelRoute': 'graph2route_pd',
 'no_cuda': False,
 'node_fea_dim': 8,
 'node_features_test': '/home/sentanoe/joint_training/data/dataset/food_pd/node_features_test_full.npy',
 'node_features_train': '/home/sentanoe/joint_training/data/dataset/food_pd/node_features_train_full.npy',
 'node_features_val': '/home/sentanoe/joint_training/data/dataset/food_pd/node_features_val_full.npy',
 'num_block': 2,
 'num_epoch': 1000,
 'num_head': 2,
 'num_worker_logistics': 2346,
 'num_worker_pd': 920,
 'pad_value': 26,
 'seed': 8888,
 'sort_mode': 'pnn_idx',
 'spatial_encoder': 'gcn',
 'temporal_encoder': 'tft',
 'test_path': '/home/sentanoe/joint_training/data/dataset/food_pd/test_full.npy',
 'train_mode': 'sort',
 'train_path': '/home/sentanoe/joint_training/data/dataset/food_pd/train_full.npy',
 'val_path': '/home/sentanoe/joint_training/data/dataset/food_pd/val_full.npy',
 'wd': 1e-05,
 'worker_emb_dim': 10,
 'workers': 2}
last_x_size:13;unpick_x_size:12;input_size:53
#train:2521 | #val:1257 | #test:1261
*** Epoch: 0 ***
-----------------G2R RESULT-------------------

val result: krc:0.743 | lsd:0.801 | ed:1.059 | hr@1:0.63 | hr@2:0.844 | hr@3:0.894 | acc@1:0.63 | acc@2:0.566 | acc@3:0.517 | Best krc: -1 | Best epoch: -1
best model saved
[2023-12-18 16:24:58] INFO (nni/MainThread) Intermediate result: 0.7432910777379513  (Index 0)
-----------------ETPA RESULT-------------------
Epoch 0: Validation	rmse: 24.61	mae: 18.95	mape: 65.58%	acc@10: 31.85%	acc@20: 62.22%	acc@30: 79.63%	
[2023-12-18 16:24:58] INFO (nni/MainThread) Intermediate result: 24.61184759403868  (Index 1)
*** Epoch: 1 ***
-----------------G2R RESULT-------------------

val result: krc:0.757 | lsd:0.736 | ed:1.013 | hr@1:0.634 | hr@2:0.854 | hr@3:0.901 | acc@1:0.634 | acc@2:0.577 | acc@3:0.535 | Best krc: 0.743 | Best epoch: 0
best model saved
[2023-12-18 16:26:44] INFO (nni/MainThread) Intermediate result: 0.7567461856836585  (Index 2)
-----------------ETPA RESULT-------------------
Epoch 1: Validation	rmse: 24.73	mae: 18.15	mape: 87.72%	acc@10: 36.3%	acc@20: 66.85%	acc@30: 80.93%	
[2023-12-18 16:26:44] INFO (nni/MainThread) Intermediate result: 24.731676189118808  (Index 3)
*** Epoch: 2 ***
-----------------G2R RESULT-------------------

val result: krc:0.749 | lsd:0.741 | ed:1.043 | hr@1:0.63 | hr@2:0.856 | hr@3:0.901 | acc@1:0.63 | acc@2:0.572 | acc@3:0.528 | Best krc: 0.757 | Best epoch: 1
[2023-12-18 16:28:28] INFO (nni/MainThread) Intermediate result: 0.7492301596280607  (Index 4)
-----------------ETPA RESULT-------------------
Epoch 2: Validation	rmse: 23.74	mae: 17.42	mape: 96.15%	acc@10: 39.01%	acc@20: 68.02%	acc@30: 82.72%	
[2023-12-18 16:28:28] INFO (nni/MainThread) Intermediate result: 23.73581600131631  (Index 5)
*** Epoch: 3 ***
-----------------G2R RESULT-------------------

val result: krc:0.746 | lsd:0.756 | ed:1.04 | hr@1:0.624 | hr@2:0.851 | hr@3:0.899 | acc@1:0.624 | acc@2:0.566 | acc@3:0.523 | Best krc: 0.757 | Best epoch: 1
[2023-12-18 16:30:13] INFO (nni/MainThread) Intermediate result: 0.7464934932272055  (Index 6)
-----------------ETPA RESULT-------------------
Epoch 3: Validation	rmse: 22.78	mae: 16.94	mape: 101.38%	acc@10: 38.98%	acc@20: 68.52%	acc@30: 83.98%	
[2023-12-18 16:30:13] INFO (nni/MainThread) Intermediate result: 22.78488581709816  (Index 7)
*** Epoch: 4 ***
-----------------G2R RESULT-------------------

val result: krc:0.754 | lsd:0.748 | ed:1.027 | hr@1:0.632 | hr@2:0.853 | hr@3:0.901 | acc@1:0.632 | acc@2:0.575 | acc@3:0.529 | Best krc: 0.757 | Best epoch: 1
[2023-12-18 16:31:56] INFO (nni/MainThread) Intermediate result: 0.7535167684183861  (Index 8)
-----------------ETPA RESULT-------------------
Epoch 4: Validation	rmse: 21.98	mae: 16.52	mape: 103.6%	acc@10: 38.96%	acc@20: 69.78%	acc@30: 84.96%	
[2023-12-18 16:31:56] INFO (nni/MainThread) Intermediate result: 21.981010235620456  (Index 9)
*** Epoch: 5 ***
-----------------G2R RESULT-------------------

val result: krc:0.757 | lsd:0.716 | ed:1.017 | hr@1:0.63 | hr@2:0.86 | hr@3:0.906 | acc@1:0.63 | acc@2:0.574 | acc@3:0.531 | Best krc: 0.757 | Best epoch: 1
[2023-12-18 16:33:39] INFO (nni/MainThread) Intermediate result: 0.7566149926447259  (Index 10)
-----------------ETPA RESULT-------------------
Epoch 5: Validation	rmse: 21.13	mae: 16.0	mape: 103.26%	acc@10: 40.0%	acc@20: 71.11%	acc@30: 86.11%	
[2023-12-18 16:33:39] INFO (nni/MainThread) Intermediate result: 21.130180929878225  (Index 11)
*** Epoch: 6 ***
-----------------G2R RESULT-------------------

val result: krc:0.769 | lsd:0.705 | ed:1.004 | hr@1:0.649 | hr@2:0.857 | hr@3:0.902 | acc@1:0.649 | acc@2:0.592 | acc@3:0.544 | Best krc: 0.757 | Best epoch: 1
best model saved
[2023-12-18 16:35:23] INFO (nni/MainThread) Intermediate result: 0.7685411011602526  (Index 12)
-----------------ETPA RESULT-------------------
Epoch 6: Validation	rmse: 20.68	mae: 15.77	mape: 103.97%	acc@10: 40.21%	acc@20: 71.96%	acc@30: 86.4%	
[2023-12-18 16:35:23] INFO (nni/MainThread) Intermediate result: 20.677799092312817  (Index 13)
*** Epoch: 7 ***
-----------------G2R RESULT-------------------

val result: krc:0.759 | lsd:0.733 | ed:1.027 | hr@1:0.634 | hr@2:0.857 | hr@3:0.905 | acc@1:0.634 | acc@2:0.577 | acc@3:0.532 | Best krc: 0.769 | Best epoch: 6
[2023-12-18 16:37:06] INFO (nni/MainThread) Intermediate result: 0.7592817618178352  (Index 14)
-----------------ETPA RESULT-------------------
Epoch 7: Validation	rmse: 20.07	mae: 15.42	mape: 102.97%	acc@10: 40.42%	acc@20: 72.73%	acc@30: 87.45%	
[2023-12-18 16:37:06] INFO (nni/MainThread) Intermediate result: 20.07106544940797  (Index 15)
*** Epoch: 8 ***
-----------------G2R RESULT-------------------

val result: krc:0.777 | lsd:0.661 | ed:0.978 | hr@1:0.657 | hr@2:0.864 | hr@3:0.911 | acc@1:0.657 | acc@2:0.597 | acc@3:0.555 | Best krc: 0.769 | Best epoch: 6
best model saved
[2023-12-18 16:38:50] INFO (nni/MainThread) Intermediate result: 0.7772571327359258  (Index 16)
-----------------ETPA RESULT-------------------
Epoch 8: Validation	rmse: 19.63	mae: 15.08	mape: 101.64%	acc@10: 41.32%	acc@20: 73.79%	acc@30: 87.78%	
[2023-12-18 16:38:50] INFO (nni/MainThread) Intermediate result: 19.627821874183777  (Index 17)
*** Epoch: 9 ***
-----------------G2R RESULT-------------------

val result: krc:0.782 | lsd:0.645 | ed:0.963 | hr@1:0.656 | hr@2:0.866 | hr@3:0.915 | acc@1:0.656 | acc@2:0.596 | acc@3:0.555 | Best krc: 0.777 | Best epoch: 8
best model saved
[2023-12-18 16:40:34] INFO (nni/MainThread) Intermediate result: 0.78169736982155  (Index 18)
-----------------ETPA RESULT-------------------
Epoch 9: Validation	rmse: 19.39	mae: 14.95	mape: 101.64%	acc@10: 41.48%	acc@20: 74.07%	acc@30: 87.96%	
[2023-12-18 16:40:35] INFO (nni/MainThread) Intermediate result: 19.391689677478542  (Index 19)
*** Epoch: 10 ***
-----------------G2R RESULT-------------------

val result: krc:0.783 | lsd:0.668 | ed:0.976 | hr@1:0.682 | hr@2:0.861 | hr@3:0.913 | acc@1:0.682 | acc@2:0.61 | acc@3:0.569 | Best krc: 0.782 | Best epoch: 9
best model saved
[2023-12-18 16:42:17] INFO (nni/MainThread) Intermediate result: 0.783001821252805  (Index 20)
-----------------ETPA RESULT-------------------
Epoch 10: Validation	rmse: 18.93	mae: 14.62	mape: 99.32%	acc@10: 42.56%	acc@20: 74.92%	acc@30: 88.69%	
[2023-12-18 16:42:17] INFO (nni/MainThread) Intermediate result: 18.92953536894705  (Index 21)
*** Epoch: 11 ***
-----------------G2R RESULT-------------------

val result: krc:0.793 | lsd:0.636 | ed:0.946 | hr@1:0.705 | hr@2:0.867 | hr@3:0.917 | acc@1:0.705 | acc@2:0.627 | acc@3:0.589 | Best krc: 0.783 | Best epoch: 10
best model saved
[2023-12-18 16:43:59] INFO (nni/MainThread) Intermediate result: 0.7931065255332854  (Index 22)
-----------------ETPA RESULT-------------------
Epoch 11: Validation	rmse: 18.53	mae: 14.32	mape: 97.31%	acc@10: 43.55%	acc@20: 75.65%	acc@30: 89.38%	
[2023-12-18 16:43:59] INFO (nni/MainThread) Intermediate result: 18.533859260719414  (Index 23)
*** Epoch: 12 ***
-----------------G2R RESULT-------------------

val result: krc:0.79 | lsd:0.684 | ed:0.955 | hr@1:0.716 | hr@2:0.857 | hr@3:0.912 | acc@1:0.716 | acc@2:0.627 | acc@3:0.591 | Best krc: 0.793 | Best epoch: 11
[2023-12-18 16:45:41] INFO (nni/MainThread) Intermediate result: 0.7904234291029216  (Index 24)
-----------------ETPA RESULT-------------------
Epoch 12: Validation	rmse: 18.28	mae: 14.15	mape: 96.55%	acc@10: 43.82%	acc@20: 76.18%	acc@30: 89.74%	
[2023-12-18 16:45:41] INFO (nni/MainThread) Intermediate result: 18.280951526880653  (Index 25)
*** Epoch: 13 ***
-----------------G2R RESULT-------------------

val result: krc:0.787 | lsd:0.679 | ed:0.968 | hr@1:0.691 | hr@2:0.86 | hr@3:0.909 | acc@1:0.691 | acc@2:0.614 | acc@3:0.574 | Best krc: 0.793 | Best epoch: 11
[2023-12-18 16:47:21] INFO (nni/MainThread) Intermediate result: 0.7867125107964634  (Index 26)
-----------------ETPA RESULT-------------------
Epoch 13: Validation	rmse: 18.03	mae: 13.96	mape: 95.47%	acc@10: 44.34%	acc@20: 76.69%	acc@30: 90.05%	
[2023-12-18 16:47:21] INFO (nni/MainThread) Intermediate result: 18.030669894532256  (Index 27)
*** Epoch: 14 ***
-----------------G2R RESULT-------------------

val result: krc:0.796 | lsd:0.631 | ed:0.916 | hr@1:0.688 | hr@2:0.867 | hr@3:0.916 | acc@1:0.688 | acc@2:0.62 | acc@3:0.585 | Best krc: 0.793 | Best epoch: 11
best model saved
[2023-12-18 16:49:02] INFO (nni/MainThread) Intermediate result: 0.7955125659454473  (Index 28)
-----------------ETPA RESULT-------------------
Epoch 14: Validation	rmse: 17.78	mae: 13.77	mape: 94.23%	acc@10: 44.89%	acc@20: 77.14%	acc@30: 90.44%	
[2023-12-18 16:49:02] INFO (nni/MainThread) Intermediate result: 17.78365268647512  (Index 29)
*** Epoch: 15 ***
-----------------G2R RESULT-------------------

val result: krc:0.795 | lsd:0.646 | ed:0.924 | hr@1:0.679 | hr@2:0.867 | hr@3:0.916 | acc@1:0.679 | acc@2:0.618 | acc@3:0.581 | Best krc: 0.796 | Best epoch: 14
[2023-12-18 16:50:42] INFO (nni/MainThread) Intermediate result: 0.7950734106134195  (Index 30)
-----------------ETPA RESULT-------------------
Epoch 15: Validation	rmse: 17.53	mae: 13.59	mape: 92.93%	acc@10: 45.53%	acc@20: 77.69%	acc@30: 90.79%	
[2023-12-18 16:50:42] INFO (nni/MainThread) Intermediate result: 17.52955542687528  (Index 31)
*** Epoch: 16 ***
-----------------G2R RESULT-------------------

val result: krc:0.8 | lsd:0.619 | ed:0.918 | hr@1:0.695 | hr@2:0.873 | hr@3:0.918 | acc@1:0.695 | acc@2:0.632 | acc@3:0.589 | Best krc: 0.796 | Best epoch: 14
best model saved
[2023-12-18 16:52:24] INFO (nni/MainThread) Intermediate result: 0.7997947111108459  (Index 32)
-----------------ETPA RESULT-------------------
Epoch 16: Validation	rmse: 17.33	mae: 13.45	mape: 91.94%	acc@10: 46.03%	acc@20: 78.04%	acc@30: 91.13%	
[2023-12-18 16:52:24] INFO (nni/MainThread) Intermediate result: 17.33195727995199  (Index 33)
*** Epoch: 17 ***
-----------------G2R RESULT-------------------

val result: krc:0.795 | lsd:0.631 | ed:0.934 | hr@1:0.682 | hr@2:0.868 | hr@3:0.914 | acc@1:0.682 | acc@2:0.62 | acc@3:0.577 | Best krc: 0.8 | Best epoch: 16
[2023-12-18 16:54:05] INFO (nni/MainThread) Intermediate result: 0.7949768769182846  (Index 34)
-----------------ETPA RESULT-------------------
Epoch 17: Validation	rmse: 17.15	mae: 13.33	mape: 91.08%	acc@10: 46.34%	acc@20: 78.4%	acc@30: 91.48%	
[2023-12-18 16:54:05] INFO (nni/MainThread) Intermediate result: 17.147816025841717  (Index 35)
*** Epoch: 18 ***
-----------------G2R RESULT-------------------

val result: krc:0.797 | lsd:0.626 | ed:0.93 | hr@1:0.687 | hr@2:0.867 | hr@3:0.915 | acc@1:0.687 | acc@2:0.621 | acc@3:0.585 | Best krc: 0.8 | Best epoch: 16
[2023-12-18 16:55:46] INFO (nni/MainThread) Intermediate result: 0.7972945262319989  (Index 36)
-----------------ETPA RESULT-------------------
Epoch 18: Validation	rmse: 17.01	mae: 13.24	mape: 90.54%	acc@10: 46.55%	acc@20: 78.62%	acc@30: 91.72%	
[2023-12-18 16:55:46] INFO (nni/MainThread) Intermediate result: 17.010422808005625  (Index 37)
*** Epoch: 19 ***
-----------------G2R RESULT-------------------

val result: krc:0.803 | lsd:0.614 | ed:0.912 | hr@1:0.692 | hr@2:0.873 | hr@3:0.918 | acc@1:0.692 | acc@2:0.632 | acc@3:0.592 | Best krc: 0.8 | Best epoch: 16
best model saved
[2023-12-18 16:57:27] INFO (nni/MainThread) Intermediate result: 0.8032818485988578  (Index 38)
-----------------ETPA RESULT-------------------
Epoch 19: Validation	rmse: 16.85	mae: 13.12	mape: 89.7%	acc@10: 46.85%	acc@20: 79.07%	acc@30: 91.94%	
[2023-12-18 16:57:27] INFO (nni/MainThread) Intermediate result: 16.851870674105655  (Index 39)
*** Epoch: 20 ***
-----------------G2R RESULT-------------------

val result: krc:0.805 | lsd:0.605 | ed:0.899 | hr@1:0.707 | hr@2:0.87 | hr@3:0.917 | acc@1:0.707 | acc@2:0.634 | acc@3:0.594 | Best krc: 0.803 | Best epoch: 19
best model saved
[2023-12-18 16:59:10] INFO (nni/MainThread) Intermediate result: 0.8051712785425071  (Index 40)
-----------------ETPA RESULT-------------------
Epoch 20: Validation	rmse: 16.71	mae: 13.01	mape: 88.57%	acc@10: 47.18%	acc@20: 79.45%	acc@30: 92.1%	
[2023-12-18 16:59:10] INFO (nni/MainThread) Intermediate result: 16.705588846025464  (Index 41)
*** Epoch: 21 ***
-----------------G2R RESULT-------------------

val result: krc:0.797 | lsd:0.641 | ed:0.922 | hr@1:0.704 | hr@2:0.866 | hr@3:0.915 | acc@1:0.704 | acc@2:0.631 | acc@3:0.592 | Best krc: 0.805 | Best epoch: 20
[2023-12-18 17:00:52] INFO (nni/MainThread) Intermediate result: 0.7966229207156188  (Index 42)
-----------------ETPA RESULT-------------------
Epoch 21: Validation	rmse: 16.59	mae: 12.92	mape: 87.99%	acc@10: 47.44%	acc@20: 79.78%	acc@30: 92.26%	
[2023-12-18 17:00:52] INFO (nni/MainThread) Intermediate result: 16.586438468944785  (Index 43)
*** Epoch: 22 ***
-----------------G2R RESULT-------------------

val result: krc:0.795 | lsd:0.64 | ed:0.93 | hr@1:0.707 | hr@2:0.865 | hr@3:0.917 | acc@1:0.707 | acc@2:0.626 | acc@3:0.594 | Best krc: 0.805 | Best epoch: 20
[2023-12-18 17:02:34] INFO (nni/MainThread) Intermediate result: 0.7945536744749688  (Index 44)
-----------------ETPA RESULT-------------------
Epoch 22: Validation	rmse: 16.5	mae: 12.85	mape: 87.52%	acc@10: 47.63%	acc@20: 79.97%	acc@30: 92.38%	
[2023-12-18 17:02:34] INFO (nni/MainThread) Intermediate result: 16.497317619840967  (Index 45)
*** Epoch: 23 ***
-----------------G2R RESULT-------------------

val result: krc:0.78 | lsd:0.739 | ed:1.003 | hr@1:0.708 | hr@2:0.847 | hr@3:0.907 | acc@1:0.708 | acc@2:0.607 | acc@3:0.566 | Best krc: 0.805 | Best epoch: 20
[2023-12-18 17:04:16] INFO (nni/MainThread) Intermediate result: 0.7800159674492863  (Index 46)
-----------------ETPA RESULT-------------------
Epoch 23: Validation	rmse: 16.36	mae: 12.75	mape: 86.64%	acc@10: 47.95%	acc@20: 80.34%	acc@30: 92.56%	
[2023-12-18 17:04:16] INFO (nni/MainThread) Intermediate result: 16.364111850131845  (Index 47)
*** Epoch: 24 ***
-----------------G2R RESULT-------------------

val result: krc:0.783 | lsd:0.736 | ed:0.991 | hr@1:0.721 | hr@2:0.839 | hr@3:0.903 | acc@1:0.721 | acc@2:0.61 | acc@3:0.568 | Best krc: 0.805 | Best epoch: 20
[2023-12-18 17:05:59] INFO (nni/MainThread) Intermediate result: 0.7826860920258385  (Index 48)
-----------------ETPA RESULT-------------------
Epoch 24: Validation	rmse: 16.28	mae: 12.69	mape: 86.21%	acc@10: 48.1%	acc@20: 80.52%	acc@30: 92.68%	
[2023-12-18 17:05:59] INFO (nni/MainThread) Intermediate result: 16.277727056697834  (Index 49)
*** Epoch: 25 ***
-----------------G2R RESULT-------------------

val result: krc:0.79 | lsd:0.708 | ed:0.96 | hr@1:0.694 | hr@2:0.864 | hr@3:0.912 | acc@1:0.694 | acc@2:0.616 | acc@3:0.575 | Best krc: 0.805 | Best epoch: 20
[2023-12-18 17:07:43] INFO (nni/MainThread) Intermediate result: 0.7904564188342064  (Index 50)
-----------------ETPA RESULT-------------------
Epoch 25: Validation	rmse: 16.17	mae: 12.6	mape: 85.41%	acc@10: 48.35%	acc@20: 80.77%	acc@30: 92.83%	
[2023-12-18 17:07:43] INFO (nni/MainThread) Intermediate result: 16.168956297221385  (Index 51)
*** Epoch: 26 ***
-----------------G2R RESULT-------------------

val result: krc:0.8 | lsd:0.646 | ed:0.919 | hr@1:0.728 | hr@2:0.856 | hr@3:0.913 | acc@1:0.728 | acc@2:0.634 | acc@3:0.59 | Best krc: 0.805 | Best epoch: 20
[2023-12-18 17:09:23] INFO (nni/MainThread) Intermediate result: 0.8001407483348891  (Index 52)
-----------------ETPA RESULT-------------------
Epoch 26: Validation	rmse: 16.07	mae: 12.54	mape: 84.98%	acc@10: 48.57%	acc@20: 80.91%	acc@30: 92.99%	
[2023-12-18 17:09:23] INFO (nni/MainThread) Intermediate result: 16.074573425591954  (Index 53)
*** Epoch: 27 ***
-----------------G2R RESULT-------------------

val result: krc:0.79 | lsd:0.687 | ed:0.96 | hr@1:0.71 | hr@2:0.858 | hr@3:0.91 | acc@1:0.71 | acc@2:0.625 | acc@3:0.579 | Best krc: 0.805 | Best epoch: 20
[2023-12-18 17:11:04] INFO (nni/MainThread) Intermediate result: 0.7899457296658872  (Index 54)
-----------------ETPA RESULT-------------------
Epoch 27: Validation	rmse: 16.0	mae: 12.49	mape: 84.6%	acc@10: 48.69%	acc@20: 81.1%	acc@30: 93.08%	
[2023-12-18 17:11:04] INFO (nni/MainThread) Intermediate result: 16.004130119982864  (Index 55)
*** Epoch: 28 ***
-----------------G2R RESULT-------------------

val result: krc:0.792 | lsd:0.702 | ed:0.964 | hr@1:0.721 | hr@2:0.853 | hr@3:0.912 | acc@1:0.721 | acc@2:0.623 | acc@3:0.585 | Best krc: 0.805 | Best epoch: 20
[2023-12-18 17:12:44] INFO (nni/MainThread) Intermediate result: 0.7922783401314226  (Index 56)
-----------------ETPA RESULT-------------------
Epoch 28: Validation	rmse: 15.95	mae: 12.45	mape: 84.4%	acc@10: 48.79%	acc@20: 81.24%	acc@30: 93.14%	
[2023-12-18 17:12:44] INFO (nni/MainThread) Intermediate result: 15.945219302710129  (Index 57)
*** Epoch: 29 ***
-----------------G2R RESULT-------------------

val result: krc:0.796 | lsd:0.686 | ed:0.929 | hr@1:0.721 | hr@2:0.858 | hr@3:0.913 | acc@1:0.721 | acc@2:0.634 | acc@3:0.596 | Best krc: 0.805 | Best epoch: 20
[2023-12-18 17:14:26] INFO (nni/MainThread) Intermediate result: 0.7960219025982035  (Index 58)
-----------------ETPA RESULT-------------------
Epoch 29: Validation	rmse: 15.88	mae: 12.41	mape: 84.14%	acc@10: 48.91%	acc@20: 81.37%	acc@30: 93.3%	
[2023-12-18 17:14:26] INFO (nni/MainThread) Intermediate result: 15.876784562200793  (Index 59)
*** Epoch: 30 ***
-----------------G2R RESULT-------------------

val result: krc:0.787 | lsd:0.713 | ed:0.976 | hr@1:0.697 | hr@2:0.858 | hr@3:0.91 | acc@1:0.697 | acc@2:0.612 | acc@3:0.576 | Best krc: 0.805 | Best epoch: 20
[2023-12-18 17:16:06] INFO (nni/MainThread) Intermediate result: 0.786690334718319  (Index 60)
-----------------ETPA RESULT-------------------
Epoch 30: Validation	rmse: 15.83	mae: 12.38	mape: 84.01%	acc@10: 48.95%	acc@20: 81.48%	acc@30: 93.39%	
[2023-12-18 17:16:06] INFO (nni/MainThread) Intermediate result: 15.82705066724556  (Index 61)
loaded model path: /home/sentanoe/joint_training/data/dataset/food_pd/sort_model/hidden_size-8.gcnru-pd_1702912994.93462941702912994.9346476
best model loaded !!!
krc:0.794 | lsd:0.486 | ed:0.941 | hr@1:0.709 | hr@2:0.898 | hr@3:0.936 | acc@1:0.709 | acc@2:0.639 | acc@3:0.591 |

-------------------------------------------------------------
Best epoch for G2R:  20
Best epoch for ETPA:  30
graph2route_pd Evaluation in test: krc:0.794 | lsd:0.486 | ed:0.941 | hr@1:0.709 | hr@2:0.898 | hr@3:0.936 | acc@1:0.709 | acc@2:0.639 | acc@3:0.591 |
RankPETA Evaluation in test: rmse: 13.21	mae: 10.12	mape: 87.18%	acc@10: 56.12%	acc@20: 87.76%	acc@30: 96.2%	
