Device:  cuda
{'alpha_loss': 0.5,
 'batch_size': 64,
 'dataset': 'food_pd',
 'datatype': 'order',
 'device': device(type='cuda'),
 'early_stop': 10,
 'edge_fea_dim': 5,
 'embedding_dim': 64,
 'eval_end_1': 11,
 'eval_end_2': 25,
 'eval_start': 1,
 'gcn_num_layers': 2,
 'hidden_size': 8,
 'is_eval': False,
 'is_test': False,
 'k_min_nodes': 3,
 'k_nearest_neighbors': 'n-1',
 'lr': 0.001,
 'max_task_num': 25,
 'min_task_num': 0,
 'modelArrivalTime': 'RankPETA',
 'modelRoute': 'graph2route_pd',
 'no_cuda': False,
 'node_fea_dim': 8,
 'node_features_test': '/home/sentanoe/joint_training/data/dataset/food_pd/node_features_test_full.npy',
 'node_features_train': '/home/sentanoe/joint_training/data/dataset/food_pd/node_features_train_full.npy',
 'node_features_val': '/home/sentanoe/joint_training/data/dataset/food_pd/node_features_val_full.npy',
 'num_block': 2,
 'num_epoch': 100,
 'num_head': 4,
 'num_worker_logistics': 2346,
 'num_worker_pd': 920,
 'pad_value': 26,
 'seed': 9999,
 'sort_mode': 'pnn_order',
 'spatial_encoder': 'gatv2',
 'temporal_encoder': 'gru',
 'test_path': '/home/sentanoe/joint_training/data/dataset/food_pd/test_full.npy',
 'train_mode': 'sort',
 'train_path': '/home/sentanoe/joint_training/data/dataset/food_pd/train_full.npy',
 'val_path': '/home/sentanoe/joint_training/data/dataset/food_pd/val_full.npy',
 'wd': 1e-05,
 'worker_emb_dim': 10,
 'workers': 2}
last_x_size:13;unpick_x_size:12;input_size:53
#train:2521 | #val:1257 | #test:1261
*** Epoch: 0 ***
-----------------G2R RESULT-------------------

val result: krc:0.717 | lsd:0.913 | ed:1.165 | hr@1:0.627 | hr@2:0.821 | hr@3:0.882 | acc@1:0.627 | acc@2:0.545 | acc@3:0.502 | Best krc: -1 | Best epoch: -1
best model saved
[2023-12-06 01:18:39] INFO (nni/MainThread) Intermediate result: 0.7173232260945422  (Index 0)
-----------------ETPA RESULT-------------------
Epoch 0: Validation	rmse: 20.56	mae: 15.88	mape: 77.38%	acc@10: 40.74%	acc@20: 69.26%	acc@30: 85.19%	
[2023-12-06 01:18:39] INFO (nni/MainThread) Intermediate result: 20.56213193059635  (Index 1)
*** Epoch: 1 ***
-----------------G2R RESULT-------------------

val result: krc:0.757 | lsd:0.743 | ed:1.034 | hr@1:0.646 | hr@2:0.85 | hr@3:0.903 | acc@1:0.646 | acc@2:0.578 | acc@3:0.541 | Best krc: 0.717 | Best epoch: 0
best model saved
[2023-12-06 01:19:08] INFO (nni/MainThread) Intermediate result: 0.7574013866099568  (Index 2)
-----------------ETPA RESULT-------------------
Epoch 1: Validation	rmse: 23.18	mae: 17.31	mape: 100.2%	acc@10: 40.19%	acc@20: 68.7%	acc@30: 83.52%	
[2023-12-06 01:19:08] INFO (nni/MainThread) Intermediate result: 23.177919337508655  (Index 3)
*** Epoch: 2 ***
-----------------G2R RESULT-------------------

val result: krc:0.767 | lsd:0.711 | ed:0.988 | hr@1:0.652 | hr@2:0.86 | hr@3:0.91 | acc@1:0.652 | acc@2:0.587 | acc@3:0.554 | Best krc: 0.757 | Best epoch: 1
best model saved
[2023-12-06 01:19:39] INFO (nni/MainThread) Intermediate result: 0.7673366116304464  (Index 4)
-----------------ETPA RESULT-------------------
Epoch 2: Validation	rmse: 22.16	mae: 16.65	mape: 102.5%	acc@10: 41.23%	acc@20: 70.49%	acc@30: 84.57%	
[2023-12-06 01:19:39] INFO (nni/MainThread) Intermediate result: 22.155401290451735  (Index 5)
*** Epoch: 3 ***
-----------------G2R RESULT-------------------

val result: krc:0.775 | lsd:0.673 | ed:0.965 | hr@1:0.655 | hr@2:0.865 | hr@3:0.914 | acc@1:0.655 | acc@2:0.593 | acc@3:0.562 | Best krc: 0.767 | Best epoch: 2
best model saved
[2023-12-06 01:20:13] INFO (nni/MainThread) Intermediate result: 0.7748291255943203  (Index 6)
-----------------ETPA RESULT-------------------
Epoch 3: Validation	rmse: 21.43	mae: 16.3	mape: 104.48%	acc@10: 40.56%	acc@20: 70.83%	acc@30: 85.37%	
[2023-12-06 01:20:13] INFO (nni/MainThread) Intermediate result: 21.434896883912423  (Index 7)
*** Epoch: 4 ***
-----------------G2R RESULT-------------------

val result: krc:0.776 | lsd:0.677 | ed:0.966 | hr@1:0.654 | hr@2:0.865 | hr@3:0.913 | acc@1:0.654 | acc@2:0.595 | acc@3:0.564 | Best krc: 0.775 | Best epoch: 3
best model saved
[2023-12-06 01:20:42] INFO (nni/MainThread) Intermediate result: 0.7756681443869899  (Index 8)
-----------------ETPA RESULT-------------------
Epoch 4: Validation	rmse: 20.98	mae: 16.17	mape: 107.39%	acc@10: 39.63%	acc@20: 70.22%	acc@30: 85.63%	
[2023-12-06 01:20:42] INFO (nni/MainThread) Intermediate result: 20.980591940283226  (Index 9)
*** Epoch: 5 ***
-----------------G2R RESULT-------------------

val result: krc:0.782 | lsd:0.662 | ed:0.953 | hr@1:0.657 | hr@2:0.868 | hr@3:0.914 | acc@1:0.657 | acc@2:0.598 | acc@3:0.565 | Best krc: 0.776 | Best epoch: 4
best model saved
[2023-12-06 01:21:13] INFO (nni/MainThread) Intermediate result: 0.7817825922154736  (Index 10)
-----------------ETPA RESULT-------------------
Epoch 5: Validation	rmse: 20.32	mae: 15.76	mape: 105.77%	acc@10: 40.43%	acc@20: 71.3%	acc@30: 86.73%	
[2023-12-06 01:21:13] INFO (nni/MainThread) Intermediate result: 20.320333945300764  (Index 11)
*** Epoch: 6 ***
-----------------G2R RESULT-------------------

val result: krc:0.766 | lsd:0.688 | ed:1.027 | hr@1:0.648 | hr@2:0.864 | hr@3:0.91 | acc@1:0.648 | acc@2:0.585 | acc@3:0.54 | Best krc: 0.782 | Best epoch: 5
[2023-12-06 01:21:43] INFO (nni/MainThread) Intermediate result: 0.7660305802151014  (Index 12)
-----------------ETPA RESULT-------------------
Epoch 6: Validation	rmse: 20.01	mae: 15.64	mape: 106.72%	acc@10: 39.68%	acc@20: 71.16%	acc@30: 87.25%	
[2023-12-06 01:21:43] INFO (nni/MainThread) Intermediate result: 20.013802745973354  (Index 13)
*** Epoch: 7 ***
-----------------G2R RESULT-------------------

val result: krc:0.764 | lsd:0.685 | ed:1.003 | hr@1:0.649 | hr@2:0.861 | hr@3:0.908 | acc@1:0.649 | acc@2:0.585 | acc@3:0.547 | Best krc: 0.782 | Best epoch: 5
[2023-12-06 01:22:10] INFO (nni/MainThread) Intermediate result: 0.7641991832197341  (Index 14)
-----------------ETPA RESULT-------------------
Epoch 7: Validation	rmse: 20.02	mae: 15.72	mape: 109.95%	acc@10: 38.89%	acc@20: 70.69%	acc@30: 87.18%	
[2023-12-06 01:22:10] INFO (nni/MainThread) Intermediate result: 20.015478371574392  (Index 15)
*** Epoch: 8 ***
-----------------G2R RESULT-------------------

val result: krc:0.784 | lsd:0.646 | ed:0.951 | hr@1:0.657 | hr@2:0.869 | hr@3:0.917 | acc@1:0.657 | acc@2:0.597 | acc@3:0.564 | Best krc: 0.782 | Best epoch: 5
best model saved
[2023-12-06 01:22:38] INFO (nni/MainThread) Intermediate result: 0.7836863630304819  (Index 16)
-----------------ETPA RESULT-------------------
Epoch 8: Validation	rmse: 19.9	mae: 15.66	mape: 110.89%	acc@10: 38.97%	acc@20: 70.82%	acc@30: 87.2%	
[2023-12-06 01:22:38] INFO (nni/MainThread) Intermediate result: 19.904082796574333  (Index 17)
*** Epoch: 9 ***
-----------------G2R RESULT-------------------

val result: krc:0.785 | lsd:0.639 | ed:0.946 | hr@1:0.659 | hr@2:0.869 | hr@3:0.916 | acc@1:0.659 | acc@2:0.6 | acc@3:0.57 | Best krc: 0.784 | Best epoch: 8
best model saved
[2023-12-06 01:23:09] INFO (nni/MainThread) Intermediate result: 0.7851310049648483  (Index 18)
-----------------ETPA RESULT-------------------
Epoch 9: Validation	rmse: 19.66	mae: 15.57	mape: 111.64%	acc@10: 38.59%	acc@20: 70.78%	acc@30: 87.85%	
[2023-12-06 01:23:09] INFO (nni/MainThread) Intermediate result: 19.659021200641  (Index 19)
*** Epoch: 10 ***
-----------------G2R RESULT-------------------

val result: krc:0.776 | lsd:0.638 | ed:0.987 | hr@1:0.655 | hr@2:0.872 | hr@3:0.916 | acc@1:0.655 | acc@2:0.593 | acc@3:0.552 | Best krc: 0.785 | Best epoch: 9
[2023-12-06 01:23:36] INFO (nni/MainThread) Intermediate result: 0.7761434872759754  (Index 20)
-----------------ETPA RESULT-------------------
Epoch 10: Validation	rmse: 19.56	mae: 15.57	mape: 112.79%	acc@10: 38.15%	acc@20: 70.67%	acc@30: 88.18%	
[2023-12-06 01:23:36] INFO (nni/MainThread) Intermediate result: 19.563252987413804  (Index 21)
*** Epoch: 11 ***
-----------------G2R RESULT-------------------

val result: krc:0.777 | lsd:0.663 | ed:0.971 | hr@1:0.655 | hr@2:0.87 | hr@3:0.916 | acc@1:0.655 | acc@2:0.594 | acc@3:0.561 | Best krc: 0.785 | Best epoch: 9
[2023-12-06 01:24:04] INFO (nni/MainThread) Intermediate result: 0.7771843855184476  (Index 22)
-----------------ETPA RESULT-------------------
Epoch 11: Validation	rmse: 19.37	mae: 15.48	mape: 112.77%	acc@10: 38.02%	acc@20: 70.77%	acc@30: 88.7%	
[2023-12-06 01:24:04] INFO (nni/MainThread) Intermediate result: 19.3698899338813  (Index 23)
*** Epoch: 12 ***
-----------------G2R RESULT-------------------

val result: krc:0.746 | lsd:0.759 | ed:1.09 | hr@1:0.643 | hr@2:0.853 | hr@3:0.903 | acc@1:0.643 | acc@2:0.575 | acc@3:0.526 | Best krc: 0.785 | Best epoch: 9
[2023-12-06 01:24:31] INFO (nni/MainThread) Intermediate result: 0.7459074204067645  (Index 24)
-----------------ETPA RESULT-------------------
Epoch 12: Validation	rmse: 19.29	mae: 15.48	mape: 113.41%	acc@10: 37.66%	acc@20: 70.63%	acc@30: 89.03%	
[2023-12-06 01:24:31] INFO (nni/MainThread) Intermediate result: 19.28868568764335  (Index 25)
*** Epoch: 13 ***
-----------------G2R RESULT-------------------

val result: krc:0.772 | lsd:0.706 | ed:1.007 | hr@1:0.656 | hr@2:0.865 | hr@3:0.909 | acc@1:0.656 | acc@2:0.594 | acc@3:0.553 | Best krc: 0.785 | Best epoch: 9
[2023-12-06 01:24:58] INFO (nni/MainThread) Intermediate result: 0.7717340082709563  (Index 26)
-----------------ETPA RESULT-------------------
Epoch 13: Validation	rmse: 19.23	mae: 15.46	mape: 113.72%	acc@10: 37.46%	acc@20: 70.69%	acc@30: 89.13%	
[2023-12-06 01:24:58] INFO (nni/MainThread) Intermediate result: 19.225112348223778  (Index 27)
*** Epoch: 14 ***
-----------------G2R RESULT-------------------

val result: krc:0.791 | lsd:0.642 | ed:0.928 | hr@1:0.663 | hr@2:0.872 | hr@3:0.918 | acc@1:0.663 | acc@2:0.606 | acc@3:0.573 | Best krc: 0.785 | Best epoch: 9
best model saved
[2023-12-06 01:25:30] INFO (nni/MainThread) Intermediate result: 0.7906282692028208  (Index 28)
-----------------ETPA RESULT-------------------
Epoch 14: Validation	rmse: 19.08	mae: 15.38	mape: 113.48%	acc@10: 37.36%	acc@20: 71.04%	acc@30: 89.53%	
[2023-12-06 01:25:30] INFO (nni/MainThread) Intermediate result: 19.075253485517678  (Index 29)
*** Epoch: 15 ***
-----------------G2R RESULT-------------------

val result: krc:0.767 | lsd:0.714 | ed:1.014 | hr@1:0.652 | hr@2:0.862 | hr@3:0.908 | acc@1:0.652 | acc@2:0.589 | acc@3:0.544 | Best krc: 0.791 | Best epoch: 14
[2023-12-06 01:25:59] INFO (nni/MainThread) Intermediate result: 0.7665925691986033  (Index 30)
-----------------ETPA RESULT-------------------
Epoch 15: Validation	rmse: 18.92	mae: 15.27	mape: 113.04%	acc@10: 37.69%	acc@20: 71.18%	acc@30: 89.81%	
[2023-12-06 01:25:59] INFO (nni/MainThread) Intermediate result: 18.918874281849316  (Index 31)
*** Epoch: 16 ***
-----------------G2R RESULT-------------------

val result: krc:0.791 | lsd:0.613 | ed:0.937 | hr@1:0.666 | hr@2:0.873 | hr@3:0.919 | acc@1:0.666 | acc@2:0.604 | acc@3:0.568 | Best krc: 0.791 | Best epoch: 14
[2023-12-06 01:26:30] INFO (nni/MainThread) Intermediate result: 0.7905548690244799  (Index 32)
-----------------ETPA RESULT-------------------
Epoch 16: Validation	rmse: 18.79	mae: 15.17	mape: 112.49%	acc@10: 37.8%	acc@20: 71.42%	acc@30: 90.0%	
[2023-12-06 01:26:30] INFO (nni/MainThread) Intermediate result: 18.78910225991824  (Index 33)
*** Epoch: 17 ***
-----------------G2R RESULT-------------------

val result: krc:0.766 | lsd:0.684 | ed:1.022 | hr@1:0.646 | hr@2:0.863 | hr@3:0.91 | acc@1:0.646 | acc@2:0.58 | acc@3:0.539 | Best krc: 0.791 | Best epoch: 14
[2023-12-06 01:27:00] INFO (nni/MainThread) Intermediate result: 0.7660518761874248  (Index 34)
-----------------ETPA RESULT-------------------
Epoch 17: Validation	rmse: 18.7	mae: 15.13	mape: 112.34%	acc@10: 37.82%	acc@20: 71.44%	acc@30: 90.21%	
[2023-12-06 01:27:00] INFO (nni/MainThread) Intermediate result: 18.69888835302918  (Index 35)
*** Epoch: 18 ***
-----------------G2R RESULT-------------------

val result: krc:0.751 | lsd:0.757 | ed:1.05 | hr@1:0.639 | hr@2:0.849 | hr@3:0.899 | acc@1:0.639 | acc@2:0.568 | acc@3:0.525 | Best krc: 0.791 | Best epoch: 14
[2023-12-06 01:27:28] INFO (nni/MainThread) Intermediate result: 0.750829194449658  (Index 36)
-----------------ETPA RESULT-------------------
Epoch 18: Validation	rmse: 18.57	mae: 15.04	mape: 111.9%	acc@10: 37.91%	acc@20: 71.64%	acc@30: 90.47%	
[2023-12-06 01:27:28] INFO (nni/MainThread) Intermediate result: 18.571223964526645  (Index 37)
*** Epoch: 19 ***
-----------------G2R RESULT-------------------

val result: krc:0.791 | lsd:0.628 | ed:0.943 | hr@1:0.662 | hr@2:0.874 | hr@3:0.919 | acc@1:0.662 | acc@2:0.603 | acc@3:0.574 | Best krc: 0.791 | Best epoch: 14
best model saved
[2023-12-06 01:27:59] INFO (nni/MainThread) Intermediate result: 0.7910462576662839  (Index 38)
-----------------ETPA RESULT-------------------
Epoch 19: Validation	rmse: 18.58	mae: 15.06	mape: 112.28%	acc@10: 37.76%	acc@20: 71.59%	acc@30: 90.37%	
[2023-12-06 01:27:59] INFO (nni/MainThread) Intermediate result: 18.57992441406059  (Index 39)
*** Epoch: 20 ***
-----------------G2R RESULT-------------------

val result: krc:0.792 | lsd:0.619 | ed:0.93 | hr@1:0.662 | hr@2:0.875 | hr@3:0.92 | acc@1:0.662 | acc@2:0.606 | acc@3:0.576 | Best krc: 0.791 | Best epoch: 19
best model saved
[2023-12-06 01:28:29] INFO (nni/MainThread) Intermediate result: 0.7918067969051791  (Index 40)
-----------------ETPA RESULT-------------------
Epoch 20: Validation	rmse: 18.48	mae: 14.97	mape: 111.6%	acc@10: 38.06%	acc@20: 71.87%	acc@30: 90.42%	
[2023-12-06 01:28:29] INFO (nni/MainThread) Intermediate result: 18.475616867251738  (Index 41)
*** Epoch: 21 ***
-----------------G2R RESULT-------------------

val result: krc:0.797 | lsd:0.615 | ed:0.917 | hr@1:0.668 | hr@2:0.875 | hr@3:0.921 | acc@1:0.668 | acc@2:0.609 | acc@3:0.579 | Best krc: 0.792 | Best epoch: 20
best model saved
[2023-12-06 01:28:59] INFO (nni/MainThread) Intermediate result: 0.7972297006140467  (Index 42)
-----------------ETPA RESULT-------------------
Epoch 21: Validation	rmse: 18.43	mae: 14.96	mape: 111.58%	acc@10: 37.96%	acc@20: 71.82%	acc@30: 90.51%	
[2023-12-06 01:28:59] INFO (nni/MainThread) Intermediate result: 18.434831922779484  (Index 43)
*** Epoch: 22 ***
-----------------G2R RESULT-------------------

val result: krc:0.795 | lsd:0.621 | ed:0.929 | hr@1:0.661 | hr@2:0.874 | hr@3:0.921 | acc@1:0.661 | acc@2:0.604 | acc@3:0.57 | Best krc: 0.797 | Best epoch: 21
[2023-12-06 01:29:28] INFO (nni/MainThread) Intermediate result: 0.7948709613598115  (Index 44)
-----------------ETPA RESULT-------------------
Epoch 22: Validation	rmse: 18.32	mae: 14.88	mape: 111.1%	acc@10: 38.18%	acc@20: 72.01%	acc@30: 90.74%	
[2023-12-06 01:29:28] INFO (nni/MainThread) Intermediate result: 18.324426869703572  (Index 45)
*** Epoch: 23 ***
-----------------G2R RESULT-------------------

val result: krc:0.792 | lsd:0.626 | ed:0.941 | hr@1:0.666 | hr@2:0.873 | hr@3:0.919 | acc@1:0.666 | acc@2:0.601 | acc@3:0.567 | Best krc: 0.797 | Best epoch: 21
[2023-12-06 01:30:01] INFO (nni/MainThread) Intermediate result: 0.7921286739301606  (Index 46)
-----------------ETPA RESULT-------------------
Epoch 23: Validation	rmse: 18.26	mae: 14.85	mape: 111.02%	acc@10: 38.12%	acc@20: 72.1%	acc@30: 90.99%	
[2023-12-06 01:30:01] INFO (nni/MainThread) Intermediate result: 18.256905587523384  (Index 47)
*** Epoch: 24 ***
-----------------G2R RESULT-------------------

val result: krc:0.798 | lsd:0.606 | ed:0.914 | hr@1:0.669 | hr@2:0.877 | hr@3:0.919 | acc@1:0.669 | acc@2:0.612 | acc@3:0.578 | Best krc: 0.797 | Best epoch: 21
best model saved
[2023-12-06 01:30:32] INFO (nni/MainThread) Intermediate result: 0.7981113450024687  (Index 48)
-----------------ETPA RESULT-------------------
Epoch 24: Validation	rmse: 18.24	mae: 14.85	mape: 111.25%	acc@10: 37.97%	acc@20: 72.01%	acc@30: 91.1%	
[2023-12-06 01:30:32] INFO (nni/MainThread) Intermediate result: 18.236474369386737  (Index 49)
*** Epoch: 25 ***
-----------------G2R RESULT-------------------

val result: krc:0.759 | lsd:0.711 | ed:1.049 | hr@1:0.64 | hr@2:0.863 | hr@3:0.904 | acc@1:0.64 | acc@2:0.573 | acc@3:0.529 | Best krc: 0.798 | Best epoch: 24
[2023-12-06 01:31:04] INFO (nni/MainThread) Intermediate result: 0.7592834958204437  (Index 50)
-----------------ETPA RESULT-------------------
Epoch 25: Validation	rmse: 18.27	mae: 14.89	mape: 111.7%	acc@10: 37.86%	acc@20: 71.84%	acc@30: 91.13%	
[2023-12-06 01:31:04] INFO (nni/MainThread) Intermediate result: 18.266051336337476  (Index 51)
*** Epoch: 26 ***
-----------------G2R RESULT-------------------

val result: krc:0.782 | lsd:0.659 | ed:0.974 | hr@1:0.66 | hr@2:0.873 | hr@3:0.913 | acc@1:0.66 | acc@2:0.597 | acc@3:0.553 | Best krc: 0.798 | Best epoch: 24
[2023-12-06 01:31:37] INFO (nni/MainThread) Intermediate result: 0.78229285524432  (Index 52)
-----------------ETPA RESULT-------------------
Epoch 26: Validation	rmse: 18.19	mae: 14.84	mape: 111.4%	acc@10: 37.94%	acc@20: 71.99%	acc@30: 91.23%	
[2023-12-06 01:31:37] INFO (nni/MainThread) Intermediate result: 18.188856034252773  (Index 53)
*** Epoch: 27 ***
-----------------G2R RESULT-------------------

val result: krc:0.779 | lsd:0.645 | ed:0.985 | hr@1:0.659 | hr@2:0.871 | hr@3:0.914 | acc@1:0.659 | acc@2:0.594 | acc@3:0.552 | Best krc: 0.798 | Best epoch: 24
[2023-12-06 01:32:08] INFO (nni/MainThread) Intermediate result: 0.7793713264985674  (Index 54)
-----------------ETPA RESULT-------------------
Epoch 27: Validation	rmse: 18.17	mae: 14.83	mape: 111.44%	acc@10: 37.84%	acc@20: 71.98%	acc@30: 91.24%	
[2023-12-06 01:32:08] INFO (nni/MainThread) Intermediate result: 18.173080021481415  (Index 55)
*** Epoch: 28 ***
-----------------G2R RESULT-------------------

val result: krc:0.803 | lsd:0.579 | ed:0.897 | hr@1:0.67 | hr@2:0.876 | hr@3:0.924 | acc@1:0.67 | acc@2:0.61 | acc@3:0.584 | Best krc: 0.798 | Best epoch: 24
best model saved
[2023-12-06 01:32:40] INFO (nni/MainThread) Intermediate result: 0.8034158191482197  (Index 56)
-----------------ETPA RESULT-------------------
Epoch 28: Validation	rmse: 18.08	mae: 14.76	mape: 110.99%	acc@10: 38.06%	acc@20: 72.16%	acc@30: 91.39%	
[2023-12-06 01:32:40] INFO (nni/MainThread) Intermediate result: 18.08315841516696  (Index 57)
*** Epoch: 29 ***
-----------------G2R RESULT-------------------

val result: krc:0.802 | lsd:0.595 | ed:0.908 | hr@1:0.676 | hr@2:0.873 | hr@3:0.922 | acc@1:0.676 | acc@2:0.616 | acc@3:0.582 | Best krc: 0.803 | Best epoch: 28
[2023-12-06 01:33:14] INFO (nni/MainThread) Intermediate result: 0.801536096901204  (Index 58)
-----------------ETPA RESULT-------------------
Epoch 29: Validation	rmse: 17.97	mae: 14.66	mape: 110.14%	acc@10: 38.31%	acc@20: 72.52%	acc@30: 91.56%	
[2023-12-06 01:33:14] INFO (nni/MainThread) Intermediate result: 17.971571617700246  (Index 59)
*** Epoch: 30 ***
-----------------G2R RESULT-------------------

val result: krc:0.79 | lsd:0.625 | ed:0.929 | hr@1:0.67 | hr@2:0.874 | hr@3:0.917 | acc@1:0.67 | acc@2:0.61 | acc@3:0.572 | Best krc: 0.803 | Best epoch: 28
[2023-12-06 01:33:44] INFO (nni/MainThread) Intermediate result: 0.7898875271678069  (Index 60)
-----------------ETPA RESULT-------------------
Epoch 30: Validation	rmse: 18.01	mae: 14.7	mape: 110.52%	acc@10: 38.16%	acc@20: 72.4%	acc@30: 91.45%	
[2023-12-06 01:33:44] INFO (nni/MainThread) Intermediate result: 18.00759330277346  (Index 61)
*** Epoch: 31 ***
-----------------G2R RESULT-------------------

val result: krc:0.802 | lsd:0.598 | ed:0.892 | hr@1:0.673 | hr@2:0.876 | hr@3:0.923 | acc@1:0.673 | acc@2:0.616 | acc@3:0.584 | Best krc: 0.803 | Best epoch: 28
[2023-12-06 01:34:12] INFO (nni/MainThread) Intermediate result: 0.801789376148799  (Index 62)
-----------------ETPA RESULT-------------------
Epoch 31: Validation	rmse: 18.01	mae: 14.71	mape: 110.6%	acc@10: 38.08%	acc@20: 72.34%	acc@30: 91.4%	
[2023-12-06 01:34:12] INFO (nni/MainThread) Intermediate result: 18.00842324731441  (Index 63)
*** Epoch: 32 ***
-----------------G2R RESULT-------------------

val result: krc:0.805 | lsd:0.583 | ed:0.896 | hr@1:0.675 | hr@2:0.879 | hr@3:0.924 | acc@1:0.675 | acc@2:0.618 | acc@3:0.588 | Best krc: 0.803 | Best epoch: 28
best model saved
[2023-12-06 01:34:42] INFO (nni/MainThread) Intermediate result: 0.804715074395879  (Index 64)
-----------------ETPA RESULT-------------------
Epoch 32: Validation	rmse: 18.04	mae: 14.73	mape: 110.85%	acc@10: 38.01%	acc@20: 72.23%	acc@30: 91.28%	
[2023-12-06 01:34:42] INFO (nni/MainThread) Intermediate result: 18.04020067941733  (Index 65)
*** Epoch: 33 ***
-----------------G2R RESULT-------------------

val result: krc:0.799 | lsd:0.588 | ed:0.912 | hr@1:0.678 | hr@2:0.875 | hr@3:0.923 | acc@1:0.678 | acc@2:0.616 | acc@3:0.582 | Best krc: 0.805 | Best epoch: 32
[2023-12-06 01:35:10] INFO (nni/MainThread) Intermediate result: 0.7991897493427883  (Index 66)
-----------------ETPA RESULT-------------------
Epoch 33: Validation	rmse: 18.04	mae: 14.75	mape: 110.98%	acc@10: 37.96%	acc@20: 72.17%	acc@30: 91.25%	
[2023-12-06 01:35:10] INFO (nni/MainThread) Intermediate result: 18.044266202339347  (Index 67)
*** Epoch: 34 ***
-----------------G2R RESULT-------------------

val result: krc:0.787 | lsd:0.628 | ed:0.942 | hr@1:0.669 | hr@2:0.873 | hr@3:0.921 | acc@1:0.669 | acc@2:0.606 | acc@3:0.57 | Best krc: 0.805 | Best epoch: 32
[2023-12-06 01:35:38] INFO (nni/MainThread) Intermediate result: 0.7874415545425604  (Index 68)
-----------------ETPA RESULT-------------------
Epoch 34: Validation	rmse: 18.0	mae: 14.71	mape: 110.67%	acc@10: 38.14%	acc@20: 72.34%	acc@30: 91.3%	
[2023-12-06 01:35:38] INFO (nni/MainThread) Intermediate result: 18.003168375964854  (Index 69)
*** Epoch: 35 ***
-----------------G2R RESULT-------------------

val result: krc:0.807 | lsd:0.585 | ed:0.885 | hr@1:0.689 | hr@2:0.877 | hr@3:0.924 | acc@1:0.689 | acc@2:0.629 | acc@3:0.593 | Best krc: 0.805 | Best epoch: 32
best model saved
[2023-12-06 01:36:07] INFO (nni/MainThread) Intermediate result: 0.8068910405858372  (Index 70)
-----------------ETPA RESULT-------------------
Epoch 35: Validation	rmse: 17.91	mae: 14.62	mape: 110.04%	acc@10: 38.47%	acc@20: 72.58%	acc@30: 91.45%	
[2023-12-06 01:36:07] INFO (nni/MainThread) Intermediate result: 17.906301252153295  (Index 71)
*** Epoch: 36 ***
-----------------G2R RESULT-------------------

val result: krc:0.796 | lsd:0.621 | ed:0.925 | hr@1:0.673 | hr@2:0.875 | hr@3:0.918 | acc@1:0.673 | acc@2:0.616 | acc@3:0.578 | Best krc: 0.807 | Best epoch: 35
[2023-12-06 01:36:37] INFO (nni/MainThread) Intermediate result: 0.7963205458002135  (Index 72)
-----------------ETPA RESULT-------------------
Epoch 36: Validation	rmse: 17.85	mae: 14.57	mape: 109.61%	acc@10: 38.65%	acc@20: 72.82%	acc@30: 91.56%	
[2023-12-06 01:36:37] INFO (nni/MainThread) Intermediate result: 17.84505572402882  (Index 73)
*** Epoch: 37 ***
-----------------G2R RESULT-------------------

val result: krc:0.807 | lsd:0.575 | ed:0.9 | hr@1:0.682 | hr@2:0.881 | hr@3:0.921 | acc@1:0.682 | acc@2:0.623 | acc@3:0.586 | Best krc: 0.807 | Best epoch: 35
[2023-12-06 01:37:07] INFO (nni/MainThread) Intermediate result: 0.8065174194863743  (Index 74)
-----------------ETPA RESULT-------------------
Epoch 37: Validation	rmse: 17.79	mae: 14.52	mape: 109.27%	acc@10: 38.85%	acc@20: 73.01%	acc@30: 91.67%	
[2023-12-06 01:37:07] INFO (nni/MainThread) Intermediate result: 17.78936332218627  (Index 75)
*** Epoch: 38 ***
-----------------G2R RESULT-------------------

val result: krc:0.807 | lsd:0.581 | ed:0.898 | hr@1:0.683 | hr@2:0.88 | hr@3:0.922 | acc@1:0.683 | acc@2:0.625 | acc@3:0.589 | Best krc: 0.807 | Best epoch: 35
best model saved
[2023-12-06 01:37:37] INFO (nni/MainThread) Intermediate result: 0.8070731043883645  (Index 76)
-----------------ETPA RESULT-------------------
Epoch 38: Validation	rmse: 17.77	mae: 14.51	mape: 109.25%	acc@10: 38.82%	acc@20: 73.01%	acc@30: 91.73%	
[2023-12-06 01:37:37] INFO (nni/MainThread) Intermediate result: 17.768532024040177  (Index 77)
*** Epoch: 39 ***
-----------------G2R RESULT-------------------

val result: krc:0.802 | lsd:0.603 | ed:0.926 | hr@1:0.683 | hr@2:0.88 | hr@3:0.918 | acc@1:0.683 | acc@2:0.62 | acc@3:0.583 | Best krc: 0.807 | Best epoch: 38
[2023-12-06 01:38:06] INFO (nni/MainThread) Intermediate result: 0.8015204067499652  (Index 78)
-----------------ETPA RESULT-------------------
Epoch 39: Validation	rmse: 17.8	mae: 14.54	mape: 109.5%	acc@10: 38.75%	acc@20: 72.92%	acc@30: 91.64%	
[2023-12-06 01:38:06] INFO (nni/MainThread) Intermediate result: 17.796332285236662  (Index 79)
*** Epoch: 40 ***
-----------------G2R RESULT-------------------

val result: krc:0.804 | lsd:0.585 | ed:0.903 | hr@1:0.68 | hr@2:0.88 | hr@3:0.92 | acc@1:0.68 | acc@2:0.624 | acc@3:0.587 | Best krc: 0.807 | Best epoch: 38
[2023-12-06 01:38:35] INFO (nni/MainThread) Intermediate result: 0.8044681891817878  (Index 80)
-----------------ETPA RESULT-------------------
Epoch 40: Validation	rmse: 17.72	mae: 14.48	mape: 108.99%	acc@10: 38.98%	acc@20: 73.16%	acc@30: 91.76%	
[2023-12-06 01:38:35] INFO (nni/MainThread) Intermediate result: 17.721657889245304  (Index 81)
*** Epoch: 41 ***
-----------------G2R RESULT-------------------

val result: krc:0.807 | lsd:0.578 | ed:0.892 | hr@1:0.686 | hr@2:0.88 | hr@3:0.922 | acc@1:0.686 | acc@2:0.626 | acc@3:0.592 | Best krc: 0.807 | Best epoch: 38
[2023-12-06 01:39:04] INFO (nni/MainThread) Intermediate result: 0.8067954785663575  (Index 82)
-----------------ETPA RESULT-------------------
Epoch 41: Validation	rmse: 17.65	mae: 14.42	mape: 108.48%	acc@10: 39.19%	acc@20: 73.4%	acc@30: 91.87%	
[2023-12-06 01:39:04] INFO (nni/MainThread) Intermediate result: 17.653497648720517  (Index 83)
*** Epoch: 42 ***
-----------------G2R RESULT-------------------

val result: krc:0.807 | lsd:0.589 | ed:0.887 | hr@1:0.697 | hr@2:0.879 | hr@3:0.921 | acc@1:0.697 | acc@2:0.633 | acc@3:0.595 | Best krc: 0.807 | Best epoch: 38
best model saved
[2023-12-06 01:39:34] INFO (nni/MainThread) Intermediate result: 0.8074605337657372  (Index 84)
-----------------ETPA RESULT-------------------
Epoch 42: Validation	rmse: 17.65	mae: 14.42	mape: 108.58%	acc@10: 39.16%	acc@20: 73.34%	acc@30: 91.87%	
[2023-12-06 01:39:34] INFO (nni/MainThread) Intermediate result: 17.652300196748474  (Index 85)
*** Epoch: 43 ***
-----------------G2R RESULT-------------------

val result: krc:0.779 | lsd:0.665 | ed:0.991 | hr@1:0.67 | hr@2:0.87 | hr@3:0.915 | acc@1:0.67 | acc@2:0.6 | acc@3:0.557 | Best krc: 0.807 | Best epoch: 42
[2023-12-06 01:40:03] INFO (nni/MainThread) Intermediate result: 0.7790422167510056  (Index 86)
-----------------ETPA RESULT-------------------
Epoch 43: Validation	rmse: 17.64	mae: 14.42	mape: 108.6%	acc@10: 39.16%	acc@20: 73.32%	acc@30: 91.89%	
[2023-12-06 01:40:03] INFO (nni/MainThread) Intermediate result: 17.644899815723257  (Index 87)
*** Epoch: 44 ***
-----------------G2R RESULT-------------------

val result: krc:0.811 | lsd:0.565 | ed:0.885 | hr@1:0.688 | hr@2:0.881 | hr@3:0.926 | acc@1:0.688 | acc@2:0.624 | acc@3:0.593 | Best krc: 0.807 | Best epoch: 42
best model saved
[2023-12-06 01:40:33] INFO (nni/MainThread) Intermediate result: 0.8105037125500616  (Index 88)
-----------------ETPA RESULT-------------------
Epoch 44: Validation	rmse: 17.62	mae: 14.4	mape: 108.43%	acc@10: 39.24%	acc@20: 73.38%	acc@30: 91.95%	
[2023-12-06 01:40:33] INFO (nni/MainThread) Intermediate result: 17.61537735202156  (Index 89)
*** Epoch: 45 ***
-----------------G2R RESULT-------------------

val result: krc:0.781 | lsd:0.617 | ed:0.982 | hr@1:0.669 | hr@2:0.87 | hr@3:0.914 | acc@1:0.669 | acc@2:0.601 | acc@3:0.557 | Best krc: 0.811 | Best epoch: 44
[2023-12-06 01:41:02] INFO (nni/MainThread) Intermediate result: 0.7812855052120464  (Index 90)
-----------------ETPA RESULT-------------------
Epoch 45: Validation	rmse: 17.6	mae: 14.38	mape: 108.37%	acc@10: 39.25%	acc@20: 73.44%	acc@30: 91.93%	
[2023-12-06 01:41:02] INFO (nni/MainThread) Intermediate result: 17.59754088690278  (Index 91)
*** Epoch: 46 ***
-----------------G2R RESULT-------------------

val result: krc:0.767 | lsd:0.702 | ed:1.011 | hr@1:0.659 | hr@2:0.858 | hr@3:0.905 | acc@1:0.659 | acc@2:0.588 | acc@3:0.547 | Best krc: 0.811 | Best epoch: 44
[2023-12-06 01:41:31] INFO (nni/MainThread) Intermediate result: 0.7672937621254193  (Index 92)
-----------------ETPA RESULT-------------------
Epoch 46: Validation	rmse: 17.54	mae: 14.33	mape: 107.94%	acc@10: 39.44%	acc@20: 73.55%	acc@30: 92.02%	
[2023-12-06 01:41:31] INFO (nni/MainThread) Intermediate result: 17.53563480483082  (Index 93)
*** Epoch: 47 ***
-----------------G2R RESULT-------------------

val result: krc:0.813 | lsd:0.544 | ed:0.885 | hr@1:0.689 | hr@2:0.883 | hr@3:0.927 | acc@1:0.689 | acc@2:0.627 | acc@3:0.595 | Best krc: 0.811 | Best epoch: 44
best model saved
[2023-12-06 01:42:01] INFO (nni/MainThread) Intermediate result: 0.8130645205415646  (Index 94)
-----------------ETPA RESULT-------------------
Epoch 47: Validation	rmse: 17.51	mae: 14.31	mape: 107.8%	acc@10: 39.51%	acc@20: 73.64%	acc@30: 92.05%	
[2023-12-06 01:42:01] INFO (nni/MainThread) Intermediate result: 17.508979384848818  (Index 95)
*** Epoch: 48 ***
-----------------G2R RESULT-------------------

val result: krc:0.804 | lsd:0.606 | ed:0.9 | hr@1:0.699 | hr@2:0.881 | hr@3:0.922 | acc@1:0.699 | acc@2:0.637 | acc@3:0.596 | Best krc: 0.813 | Best epoch: 47
[2023-12-06 01:42:32] INFO (nni/MainThread) Intermediate result: 0.8037152023509698  (Index 96)
-----------------ETPA RESULT-------------------
Epoch 48: Validation	rmse: 17.44	mae: 14.25	mape: 107.26%	acc@10: 39.77%	acc@20: 73.85%	acc@30: 92.13%	
[2023-12-06 01:42:32] INFO (nni/MainThread) Intermediate result: 17.44392133758904  (Index 97)
*** Epoch: 49 ***
-----------------G2R RESULT-------------------

val result: krc:0.817 | lsd:0.538 | ed:0.864 | hr@1:0.7 | hr@2:0.885 | hr@3:0.926 | acc@1:0.7 | acc@2:0.64 | acc@3:0.605 | Best krc: 0.813 | Best epoch: 47
best model saved
[2023-12-06 01:43:03] INFO (nni/MainThread) Intermediate result: 0.8170110282921828  (Index 98)
-----------------ETPA RESULT-------------------
Epoch 49: Validation	rmse: 17.38	mae: 14.19	mape: 106.74%	acc@10: 40.03%	acc@20: 74.02%	acc@30: 92.19%	
[2023-12-06 01:43:03] INFO (nni/MainThread) Intermediate result: 17.378630731453647  (Index 99)
*** Epoch: 50 ***
-----------------G2R RESULT-------------------

val result: krc:0.819 | lsd:0.543 | ed:0.867 | hr@1:0.697 | hr@2:0.888 | hr@3:0.928 | acc@1:0.697 | acc@2:0.641 | acc@3:0.607 | Best krc: 0.817 | Best epoch: 49
best model saved
[2023-12-06 01:43:33] INFO (nni/MainThread) Intermediate result: 0.8186510708679489  (Index 100)
-----------------ETPA RESULT-------------------
Epoch 50: Validation	rmse: 17.33	mae: 14.15	mape: 106.42%	acc@10: 40.16%	acc@20: 74.13%	acc@30: 92.27%	
[2023-12-06 01:43:33] INFO (nni/MainThread) Intermediate result: 17.327572103870878  (Index 101)
*** Epoch: 51 ***
-----------------G2R RESULT-------------------

val result: krc:0.819 | lsd:0.53 | ed:0.845 | hr@1:0.708 | hr@2:0.885 | hr@3:0.926 | acc@1:0.708 | acc@2:0.647 | acc@3:0.611 | Best krc: 0.819 | Best epoch: 50
best model saved
[2023-12-06 01:44:04] INFO (nni/MainThread) Intermediate result: 0.8191395700446858  (Index 102)
-----------------ETPA RESULT-------------------
Epoch 51: Validation	rmse: 17.27	mae: 14.1	mape: 105.96%	acc@10: 40.42%	acc@20: 74.27%	acc@30: 92.31%	
[2023-12-06 01:44:04] INFO (nni/MainThread) Intermediate result: 17.27220902075973  (Index 103)
*** Epoch: 52 ***
-----------------G2R RESULT-------------------

val result: krc:0.812 | lsd:0.584 | ed:0.889 | hr@1:0.714 | hr@2:0.884 | hr@3:0.923 | acc@1:0.714 | acc@2:0.649 | acc@3:0.61 | Best krc: 0.819 | Best epoch: 51
[2023-12-06 01:44:33] INFO (nni/MainThread) Intermediate result: 0.8123741797725182  (Index 104)
-----------------ETPA RESULT-------------------
Epoch 52: Validation	rmse: 17.22	mae: 14.05	mape: 105.58%	acc@10: 40.63%	acc@20: 74.41%	acc@30: 92.4%	
[2023-12-06 01:44:33] INFO (nni/MainThread) Intermediate result: 17.222543709796128  (Index 105)
*** Epoch: 53 ***
-----------------G2R RESULT-------------------

val result: krc:0.819 | lsd:0.555 | ed:0.881 | hr@1:0.707 | hr@2:0.891 | hr@3:0.926 | acc@1:0.707 | acc@2:0.645 | acc@3:0.606 | Best krc: 0.819 | Best epoch: 51
[2023-12-06 01:45:04] INFO (nni/MainThread) Intermediate result: 0.8186196552965247  (Index 106)
-----------------ETPA RESULT-------------------
Epoch 53: Validation	rmse: 17.18	mae: 14.02	mape: 105.32%	acc@10: 40.73%	acc@20: 74.51%	acc@30: 92.47%	
[2023-12-06 01:45:04] INFO (nni/MainThread) Intermediate result: 17.18392439668194  (Index 107)
*** Epoch: 54 ***
-----------------G2R RESULT-------------------

val result: krc:0.825 | lsd:0.528 | ed:0.83 | hr@1:0.71 | hr@2:0.891 | hr@3:0.93 | acc@1:0.71 | acc@2:0.655 | acc@3:0.62 | Best krc: 0.819 | Best epoch: 51
best model saved
[2023-12-06 01:45:39] INFO (nni/MainThread) Intermediate result: 0.8248927344336175  (Index 108)
-----------------ETPA RESULT-------------------
Epoch 54: Validation	rmse: 17.15	mae: 13.99	mape: 105.1%	acc@10: 40.84%	acc@20: 74.61%	acc@30: 92.53%	
[2023-12-06 01:45:39] INFO (nni/MainThread) Intermediate result: 17.149820335411263  (Index 109)
*** Epoch: 55 ***
-----------------G2R RESULT-------------------

val result: krc:0.817 | lsd:0.521 | ed:0.874 | hr@1:0.71 | hr@2:0.89 | hr@3:0.926 | acc@1:0.71 | acc@2:0.646 | acc@3:0.607 | Best krc: 0.825 | Best epoch: 54
[2023-12-06 01:46:08] INFO (nni/MainThread) Intermediate result: 0.8165830380084862  (Index 110)
-----------------ETPA RESULT-------------------
Epoch 55: Validation	rmse: 17.15	mae: 13.99	mape: 105.1%	acc@10: 40.85%	acc@20: 74.61%	acc@30: 92.51%	
[2023-12-06 01:46:08] INFO (nni/MainThread) Intermediate result: 17.145352962225978  (Index 111)
*** Epoch: 56 ***
-----------------G2R RESULT-------------------

val result: krc:0.823 | lsd:0.534 | ed:0.852 | hr@1:0.71 | hr@2:0.888 | hr@3:0.93 | acc@1:0.71 | acc@2:0.645 | acc@3:0.613 | Best krc: 0.825 | Best epoch: 54
[2023-12-06 01:46:43] INFO (nni/MainThread) Intermediate result: 0.8225640844442768  (Index 112)
-----------------ETPA RESULT-------------------
Epoch 56: Validation	rmse: 17.11	mae: 13.96	mape: 104.91%	acc@10: 40.94%	acc@20: 74.7%	acc@30: 92.57%	
[2023-12-06 01:46:43] INFO (nni/MainThread) Intermediate result: 17.114253671533955  (Index 113)
*** Epoch: 57 ***
-----------------G2R RESULT-------------------

val result: krc:0.815 | lsd:0.56 | ed:0.871 | hr@1:0.701 | hr@2:0.879 | hr@3:0.925 | acc@1:0.701 | acc@2:0.636 | acc@3:0.601 | Best krc: 0.825 | Best epoch: 54
[2023-12-06 01:47:15] INFO (nni/MainThread) Intermediate result: 0.8145415348388675  (Index 114)
-----------------ETPA RESULT-------------------
Epoch 57: Validation	rmse: 17.07	mae: 13.92	mape: 104.49%	acc@10: 41.18%	acc@20: 74.86%	acc@30: 92.63%	
[2023-12-06 01:47:15] INFO (nni/MainThread) Intermediate result: 17.0664840099881  (Index 115)
*** Epoch: 58 ***
-----------------G2R RESULT-------------------

val result: krc:0.822 | lsd:0.534 | ed:0.861 | hr@1:0.714 | hr@2:0.893 | hr@3:0.927 | acc@1:0.714 | acc@2:0.653 | acc@3:0.615 | Best krc: 0.825 | Best epoch: 54
[2023-12-06 01:47:44] INFO (nni/MainThread) Intermediate result: 0.8224409256066448  (Index 116)
-----------------ETPA RESULT-------------------
Epoch 58: Validation	rmse: 17.04	mae: 13.89	mape: 104.25%	acc@10: 41.34%	acc@20: 74.98%	acc@30: 92.65%	
[2023-12-06 01:47:44] INFO (nni/MainThread) Intermediate result: 17.036165870760126  (Index 117)
*** Epoch: 59 ***
-----------------G2R RESULT-------------------

val result: krc:0.825 | lsd:0.526 | ed:0.843 | hr@1:0.712 | hr@2:0.889 | hr@3:0.929 | acc@1:0.712 | acc@2:0.652 | acc@3:0.617 | Best krc: 0.825 | Best epoch: 54
[2023-12-06 01:48:13] INFO (nni/MainThread) Intermediate result: 0.8246339218442411  (Index 118)
-----------------ETPA RESULT-------------------
Epoch 59: Validation	rmse: 17.0	mae: 13.86	mape: 104.01%	acc@10: 41.47%	acc@20: 75.09%	acc@30: 92.67%	
[2023-12-06 01:48:13] INFO (nni/MainThread) Intermediate result: 17.004185370850955  (Index 119)
*** Epoch: 60 ***
-----------------G2R RESULT-------------------

val result: krc:0.816 | lsd:0.576 | ed:0.89 | hr@1:0.707 | hr@2:0.889 | hr@3:0.923 | acc@1:0.707 | acc@2:0.647 | acc@3:0.603 | Best krc: 0.825 | Best epoch: 54
[2023-12-06 01:48:43] INFO (nni/MainThread) Intermediate result: 0.8163913224866438  (Index 120)
-----------------ETPA RESULT-------------------
Epoch 60: Validation	rmse: 16.97	mae: 13.83	mape: 103.73%	acc@10: 41.62%	acc@20: 75.19%	acc@30: 92.71%	
[2023-12-06 01:48:43] INFO (nni/MainThread) Intermediate result: 16.97110320466439  (Index 121)
*** Epoch: 61 ***
-----------------G2R RESULT-------------------

val result: krc:0.827 | lsd:0.542 | ed:0.838 | hr@1:0.715 | hr@2:0.894 | hr@3:0.929 | acc@1:0.715 | acc@2:0.658 | acc@3:0.621 | Best krc: 0.825 | Best epoch: 54
best model saved
[2023-12-06 01:49:14] INFO (nni/MainThread) Intermediate result: 0.8271824423289225  (Index 122)
-----------------ETPA RESULT-------------------
Epoch 61: Validation	rmse: 16.93	mae: 13.8	mape: 103.42%	acc@10: 41.77%	acc@20: 75.31%	acc@30: 92.78%	
[2023-12-06 01:49:14] INFO (nni/MainThread) Intermediate result: 16.9274790616144  (Index 123)
*** Epoch: 62 ***
-----------------G2R RESULT-------------------

val result: krc:0.789 | lsd:0.61 | ed:0.967 | hr@1:0.683 | hr@2:0.876 | hr@3:0.92 | acc@1:0.683 | acc@2:0.615 | acc@3:0.571 | Best krc: 0.827 | Best epoch: 61
[2023-12-06 01:49:45] INFO (nni/MainThread) Intermediate result: 0.7893249729104559  (Index 124)
-----------------ETPA RESULT-------------------
Epoch 62: Validation	rmse: 16.92	mae: 13.79	mape: 103.37%	acc@10: 41.78%	acc@20: 75.36%	acc@30: 92.76%	
[2023-12-06 01:49:45] INFO (nni/MainThread) Intermediate result: 16.91958729343155  (Index 125)
*** Epoch: 63 ***
-----------------G2R RESULT-------------------

val result: krc:0.823 | lsd:0.542 | ed:0.846 | hr@1:0.713 | hr@2:0.89 | hr@3:0.93 | acc@1:0.713 | acc@2:0.655 | acc@3:0.621 | Best krc: 0.827 | Best epoch: 61
[2023-12-06 01:50:15] INFO (nni/MainThread) Intermediate result: 0.823041417278409  (Index 126)
-----------------ETPA RESULT-------------------
Epoch 63: Validation	rmse: 16.88	mae: 13.75	mape: 102.97%	acc@10: 42.0%	acc@20: 75.52%	acc@30: 92.8%	
[2023-12-06 01:50:15] INFO (nni/MainThread) Intermediate result: 16.87738132816056  (Index 127)
*** Epoch: 64 ***
-----------------G2R RESULT-------------------

val result: krc:0.817 | lsd:0.555 | ed:0.869 | hr@1:0.708 | hr@2:0.886 | hr@3:0.929 | acc@1:0.708 | acc@2:0.645 | acc@3:0.612 | Best krc: 0.827 | Best epoch: 61
[2023-12-06 01:50:46] INFO (nni/MainThread) Intermediate result: 0.8174659957607049  (Index 128)
-----------------ETPA RESULT-------------------
Epoch 64: Validation	rmse: 16.83	mae: 13.71	mape: 102.55%	acc@10: 42.21%	acc@20: 75.66%	acc@30: 92.85%	
[2023-12-06 01:50:46] INFO (nni/MainThread) Intermediate result: 16.833615152841904  (Index 129)
*** Epoch: 65 ***
-----------------G2R RESULT-------------------

val result: krc:0.808 | lsd:0.579 | ed:0.886 | hr@1:0.708 | hr@2:0.886 | hr@3:0.925 | acc@1:0.708 | acc@2:0.646 | acc@3:0.602 | Best krc: 0.827 | Best epoch: 61
[2023-12-06 01:51:18] INFO (nni/MainThread) Intermediate result: 0.8078022397042948  (Index 130)
-----------------ETPA RESULT-------------------
Epoch 65: Validation	rmse: 16.82	mae: 13.7	mape: 102.5%	acc@10: 42.23%	acc@20: 75.7%	acc@30: 92.86%	
[2023-12-06 01:51:18] INFO (nni/MainThread) Intermediate result: 16.821320831820863  (Index 131)
*** Epoch: 66 ***
-----------------G2R RESULT-------------------

val result: krc:0.826 | lsd:0.532 | ed:0.84 | hr@1:0.721 | hr@2:0.89 | hr@3:0.927 | acc@1:0.721 | acc@2:0.662 | acc@3:0.626 | Best krc: 0.827 | Best epoch: 61
[2023-12-06 01:51:50] INFO (nni/MainThread) Intermediate result: 0.8260227016501611  (Index 132)
-----------------ETPA RESULT-------------------
Epoch 66: Validation	rmse: 16.79	mae: 13.67	mape: 102.27%	acc@10: 42.38%	acc@20: 75.78%	acc@30: 92.9%	
[2023-12-06 01:51:50] INFO (nni/MainThread) Intermediate result: 16.792378720605857  (Index 133)
*** Epoch: 67 ***
-----------------G2R RESULT-------------------

val result: krc:0.809 | lsd:0.542 | ed:0.9 | hr@1:0.706 | hr@2:0.885 | hr@3:0.923 | acc@1:0.706 | acc@2:0.637 | acc@3:0.592 | Best krc: 0.827 | Best epoch: 61
[2023-12-06 01:52:19] INFO (nni/MainThread) Intermediate result: 0.809170215685301  (Index 134)
-----------------ETPA RESULT-------------------
Epoch 67: Validation	rmse: 16.75	mae: 13.63	mape: 101.89%	acc@10: 42.54%	acc@20: 75.94%	acc@30: 92.97%	
[2023-12-06 01:52:19] INFO (nni/MainThread) Intermediate result: 16.74536638185474  (Index 135)
*** Epoch: 68 ***
-----------------G2R RESULT-------------------

val result: krc:0.829 | lsd:0.527 | ed:0.834 | hr@1:0.721 | hr@2:0.896 | hr@3:0.931 | acc@1:0.721 | acc@2:0.663 | acc@3:0.631 | Best krc: 0.827 | Best epoch: 61
best model saved
[2023-12-06 01:52:50] INFO (nni/MainThread) Intermediate result: 0.8288670111407322  (Index 136)
-----------------ETPA RESULT-------------------
Epoch 68: Validation	rmse: 16.72	mae: 13.61	mape: 101.66%	acc@10: 42.67%	acc@20: 76.03%	acc@30: 93.01%	
[2023-12-06 01:52:50] INFO (nni/MainThread) Intermediate result: 16.7165412475789  (Index 137)
*** Epoch: 69 ***
-----------------G2R RESULT-------------------

val result: krc:0.829 | lsd:0.522 | ed:0.843 | hr@1:0.721 | hr@2:0.889 | hr@3:0.933 | acc@1:0.721 | acc@2:0.657 | acc@3:0.627 | Best krc: 0.829 | Best epoch: 68
[2023-12-06 01:53:20] INFO (nni/MainThread) Intermediate result: 0.828833415689559  (Index 138)
-----------------ETPA RESULT-------------------
Epoch 69: Validation	rmse: 16.69	mae: 13.58	mape: 101.4%	acc@10: 42.85%	acc@20: 76.14%	acc@30: 93.04%	
[2023-12-06 01:53:20] INFO (nni/MainThread) Intermediate result: 16.68541464674631  (Index 139)
*** Epoch: 70 ***
-----------------G2R RESULT-------------------

val result: krc:0.829 | lsd:0.528 | ed:0.832 | hr@1:0.728 | hr@2:0.885 | hr@3:0.932 | acc@1:0.728 | acc@2:0.66 | acc@3:0.633 | Best krc: 0.829 | Best epoch: 68
[2023-12-06 01:53:51] INFO (nni/MainThread) Intermediate result: 0.8288591028075069  (Index 140)
-----------------ETPA RESULT-------------------
Epoch 70: Validation	rmse: 16.64	mae: 13.54	mape: 101.04%	acc@10: 43.05%	acc@20: 76.28%	acc@30: 93.08%	
[2023-12-06 01:53:51] INFO (nni/MainThread) Intermediate result: 16.6414286340285  (Index 141)
*** Epoch: 71 ***
-----------------G2R RESULT-------------------

val result: krc:0.834 | lsd:0.489 | ed:0.82 | hr@1:0.73 | hr@2:0.894 | hr@3:0.937 | acc@1:0.73 | acc@2:0.662 | acc@3:0.632 | Best krc: 0.829 | Best epoch: 68
best model saved
[2023-12-06 01:54:22] INFO (nni/MainThread) Intermediate result: 0.8338951517963322  (Index 142)
-----------------ETPA RESULT-------------------
Epoch 71: Validation	rmse: 16.61	mae: 13.51	mape: 100.76%	acc@10: 43.17%	acc@20: 76.38%	acc@30: 93.11%	
[2023-12-06 01:54:22] INFO (nni/MainThread) Intermediate result: 16.60948522372238  (Index 143)
*** Epoch: 72 ***
-----------------G2R RESULT-------------------

val result: krc:0.833 | lsd:0.51 | ed:0.829 | hr@1:0.728 | hr@2:0.898 | hr@3:0.931 | acc@1:0.728 | acc@2:0.669 | acc@3:0.631 | Best krc: 0.834 | Best epoch: 71
[2023-12-06 01:54:52] INFO (nni/MainThread) Intermediate result: 0.8329831175480499  (Index 144)
-----------------ETPA RESULT-------------------
Epoch 72: Validation	rmse: 16.58	mae: 13.49	mape: 100.54%	acc@10: 43.28%	acc@20: 76.48%	acc@30: 93.14%	
[2023-12-06 01:54:52] INFO (nni/MainThread) Intermediate result: 16.58391901693102  (Index 145)
*** Epoch: 73 ***
-----------------G2R RESULT-------------------

val result: krc:0.814 | lsd:0.539 | ed:0.902 | hr@1:0.723 | hr@2:0.884 | hr@3:0.926 | acc@1:0.723 | acc@2:0.646 | acc@3:0.605 | Best krc: 0.834 | Best epoch: 71
[2023-12-06 01:55:24] INFO (nni/MainThread) Intermediate result: 0.8143770469437279  (Index 146)
-----------------ETPA RESULT-------------------
Epoch 73: Validation	rmse: 16.55	mae: 13.46	mape: 100.15%	acc@10: 43.42%	acc@20: 76.57%	acc@30: 93.17%	
[2023-12-06 01:55:24] INFO (nni/MainThread) Intermediate result: 16.5512365443912  (Index 147)
*** Epoch: 74 ***
-----------------G2R RESULT-------------------

val result: krc:0.796 | lsd:0.588 | ed:0.967 | hr@1:0.708 | hr@2:0.876 | hr@3:0.921 | acc@1:0.708 | acc@2:0.626 | acc@3:0.583 | Best krc: 0.834 | Best epoch: 71
[2023-12-06 01:55:58] INFO (nni/MainThread) Intermediate result: 0.7963295261152716  (Index 148)
-----------------ETPA RESULT-------------------
Epoch 74: Validation	rmse: 16.56	mae: 13.46	mape: 100.19%	acc@10: 43.42%	acc@20: 76.61%	acc@30: 93.14%	
[2023-12-06 01:55:58] INFO (nni/MainThread) Intermediate result: 16.55744974410601  (Index 149)
*** Epoch: 75 ***
-----------------G2R RESULT-------------------

val result: krc:0.833 | lsd:0.522 | ed:0.827 | hr@1:0.728 | hr@2:0.896 | hr@3:0.93 | acc@1:0.728 | acc@2:0.668 | acc@3:0.631 | Best krc: 0.834 | Best epoch: 71
[2023-12-06 01:56:29] INFO (nni/MainThread) Intermediate result: 0.8331246948649662  (Index 150)
-----------------ETPA RESULT-------------------
Epoch 75: Validation	rmse: 16.55	mae: 13.45	mape: 100.16%	acc@10: 43.44%	acc@20: 76.64%	acc@30: 93.1%	
[2023-12-06 01:56:29] INFO (nni/MainThread) Intermediate result: 16.553636111305238  (Index 151)
*** Epoch: 76 ***
-----------------G2R RESULT-------------------

val result: krc:0.838 | lsd:0.496 | ed:0.814 | hr@1:0.735 | hr@2:0.898 | hr@3:0.934 | acc@1:0.735 | acc@2:0.675 | acc@3:0.639 | Best krc: 0.834 | Best epoch: 71
best model saved
[2023-12-06 01:57:00] INFO (nni/MainThread) Intermediate result: 0.837678661036772  (Index 152)
-----------------ETPA RESULT-------------------
Epoch 76: Validation	rmse: 16.53	mae: 13.43	mape: 99.96%	acc@10: 43.59%	acc@20: 76.73%	acc@30: 93.11%	
[2023-12-06 01:57:00] INFO (nni/MainThread) Intermediate result: 16.531583770558953  (Index 153)
*** Epoch: 77 ***
-----------------G2R RESULT-------------------

val result: krc:0.835 | lsd:0.501 | ed:0.822 | hr@1:0.733 | hr@2:0.9 | hr@3:0.933 | acc@1:0.733 | acc@2:0.672 | acc@3:0.636 | Best krc: 0.838 | Best epoch: 76
[2023-12-06 01:57:31] INFO (nni/MainThread) Intermediate result: 0.8351170884533369  (Index 154)
-----------------ETPA RESULT-------------------
Epoch 77: Validation	rmse: 16.51	mae: 13.41	mape: 99.75%	acc@10: 43.72%	acc@20: 76.81%	acc@30: 93.11%	
[2023-12-06 01:57:31] INFO (nni/MainThread) Intermediate result: 16.51022847410914  (Index 155)
*** Epoch: 78 ***
-----------------G2R RESULT-------------------

val result: krc:0.824 | lsd:0.517 | ed:0.866 | hr@1:0.722 | hr@2:0.894 | hr@3:0.93 | acc@1:0.722 | acc@2:0.658 | acc@3:0.616 | Best krc: 0.838 | Best epoch: 76
[2023-12-06 01:58:02] INFO (nni/MainThread) Intermediate result: 0.8243321976247204  (Index 156)
-----------------ETPA RESULT-------------------
Epoch 78: Validation	rmse: 16.49	mae: 13.38	mape: 99.5%	acc@10: 43.86%	acc@20: 76.9%	acc@30: 93.14%	
[2023-12-06 01:58:02] INFO (nni/MainThread) Intermediate result: 16.486366512998885  (Index 157)
*** Epoch: 79 ***
-----------------G2R RESULT-------------------

val result: krc:0.831 | lsd:0.516 | ed:0.831 | hr@1:0.723 | hr@2:0.898 | hr@3:0.935 | acc@1:0.723 | acc@2:0.665 | acc@3:0.629 | Best krc: 0.838 | Best epoch: 76
[2023-12-06 01:58:33] INFO (nni/MainThread) Intermediate result: 0.8308966956540196  (Index 158)
-----------------ETPA RESULT-------------------
Epoch 79: Validation	rmse: 16.46	mae: 13.35	mape: 99.14%	acc@10: 44.0%	acc@20: 76.98%	acc@30: 93.17%	
[2023-12-06 01:58:33] INFO (nni/MainThread) Intermediate result: 16.45583525952676  (Index 159)
*** Epoch: 80 ***
-----------------G2R RESULT-------------------

val result: krc:0.836 | lsd:0.499 | ed:0.814 | hr@1:0.737 | hr@2:0.899 | hr@3:0.936 | acc@1:0.737 | acc@2:0.674 | acc@3:0.639 | Best krc: 0.838 | Best epoch: 76
[2023-12-06 01:59:08] INFO (nni/MainThread) Intermediate result: 0.8357483255865417  (Index 160)
-----------------ETPA RESULT-------------------
Epoch 80: Validation	rmse: 16.45	mae: 13.35	mape: 99.06%	acc@10: 44.08%	acc@20: 77.01%	acc@30: 93.17%	
[2023-12-06 01:59:08] INFO (nni/MainThread) Intermediate result: 16.447565463127436  (Index 161)
*** Epoch: 81 ***
-----------------G2R RESULT-------------------

val result: krc:0.836 | lsd:0.478 | ed:0.829 | hr@1:0.734 | hr@2:0.9 | hr@3:0.939 | acc@1:0.734 | acc@2:0.672 | acc@3:0.639 | Best krc: 0.838 | Best epoch: 76
[2023-12-06 01:59:40] INFO (nni/MainThread) Intermediate result: 0.8362523515125176  (Index 162)
-----------------ETPA RESULT-------------------
Epoch 81: Validation	rmse: 16.43	mae: 13.33	mape: 98.88%	acc@10: 44.21%	acc@20: 77.08%	acc@30: 93.2%	
[2023-12-06 01:59:40] INFO (nni/MainThread) Intermediate result: 16.426296329734768  (Index 163)
*** Epoch: 82 ***
-----------------G2R RESULT-------------------

val result: krc:0.835 | lsd:0.494 | ed:0.805 | hr@1:0.741 | hr@2:0.894 | hr@3:0.934 | acc@1:0.741 | acc@2:0.677 | acc@3:0.643 | Best krc: 0.838 | Best epoch: 76
[2023-12-06 02:00:16] INFO (nni/MainThread) Intermediate result: 0.8354912194964665  (Index 164)
-----------------ETPA RESULT-------------------
Epoch 82: Validation	rmse: 16.41	mae: 13.3	mape: 98.6%	acc@10: 44.32%	acc@20: 77.14%	acc@30: 93.2%	
[2023-12-06 02:00:16] INFO (nni/MainThread) Intermediate result: 16.405119205099016  (Index 165)
*** Epoch: 83 ***
-----------------G2R RESULT-------------------

val result: krc:0.836 | lsd:0.507 | ed:0.821 | hr@1:0.736 | hr@2:0.895 | hr@3:0.934 | acc@1:0.736 | acc@2:0.674 | acc@3:0.64 | Best krc: 0.838 | Best epoch: 76
[2023-12-06 02:00:49] INFO (nni/MainThread) Intermediate result: 0.8358129437972026  (Index 166)
-----------------ETPA RESULT-------------------
Epoch 83: Validation	rmse: 16.38	mae: 13.28	mape: 98.35%	acc@10: 44.44%	acc@20: 77.21%	acc@30: 93.25%	
[2023-12-06 02:00:49] INFO (nni/MainThread) Intermediate result: 16.37693123723966  (Index 167)
*** Epoch: 84 ***
-----------------G2R RESULT-------------------

val result: krc:0.835 | lsd:0.508 | ed:0.821 | hr@1:0.74 | hr@2:0.895 | hr@3:0.934 | acc@1:0.74 | acc@2:0.674 | acc@3:0.639 | Best krc: 0.838 | Best epoch: 76
[2023-12-06 02:01:23] INFO (nni/MainThread) Intermediate result: 0.8345183954978445  (Index 168)
-----------------ETPA RESULT-------------------
Epoch 84: Validation	rmse: 16.35	mae: 13.25	mape: 98.05%	acc@10: 44.54%	acc@20: 77.29%	acc@30: 93.27%	
[2023-12-06 02:01:23] INFO (nni/MainThread) Intermediate result: 16.350138456188212  (Index 169)
*** Epoch: 85 ***
-----------------G2R RESULT-------------------

val result: krc:0.84 | lsd:0.486 | ed:0.793 | hr@1:0.745 | hr@2:0.897 | hr@3:0.936 | acc@1:0.745 | acc@2:0.681 | acc@3:0.65 | Best krc: 0.838 | Best epoch: 76
best model saved
[2023-12-06 02:01:59] INFO (nni/MainThread) Intermediate result: 0.840259273997796  (Index 170)
-----------------ETPA RESULT-------------------
Epoch 85: Validation	rmse: 16.33	mae: 13.23	mape: 97.87%	acc@10: 44.63%	acc@20: 77.35%	acc@30: 93.29%	
[2023-12-06 02:01:59] INFO (nni/MainThread) Intermediate result: 16.329451761738294  (Index 171)
*** Epoch: 86 ***
-----------------G2R RESULT-------------------

val result: krc:0.834 | lsd:0.523 | ed:0.821 | hr@1:0.735 | hr@2:0.897 | hr@3:0.934 | acc@1:0.735 | acc@2:0.675 | acc@3:0.643 | Best krc: 0.84 | Best epoch: 85
[2023-12-06 02:02:30] INFO (nni/MainThread) Intermediate result: 0.833569332414982  (Index 172)
-----------------ETPA RESULT-------------------
Epoch 86: Validation	rmse: 16.31	mae: 13.21	mape: 97.67%	acc@10: 44.74%	acc@20: 77.42%	acc@30: 93.33%	
[2023-12-06 02:02:30] INFO (nni/MainThread) Intermediate result: 16.305721113201287  (Index 173)
*** Epoch: 87 ***
-----------------G2R RESULT-------------------

val result: krc:0.832 | lsd:0.507 | ed:0.844 | hr@1:0.739 | hr@2:0.896 | hr@3:0.934 | acc@1:0.739 | acc@2:0.672 | acc@3:0.634 | Best krc: 0.84 | Best epoch: 85
[2023-12-06 02:03:03] INFO (nni/MainThread) Intermediate result: 0.8316329057911918  (Index 174)
-----------------ETPA RESULT-------------------
Epoch 87: Validation	rmse: 16.28	mae: 13.18	mape: 97.4%	acc@10: 44.84%	acc@20: 77.47%	acc@30: 93.35%	
[2023-12-06 02:03:03] INFO (nni/MainThread) Intermediate result: 16.28279910762448  (Index 175)
*** Epoch: 88 ***
-----------------G2R RESULT-------------------

val result: krc:0.833 | lsd:0.508 | ed:0.83 | hr@1:0.737 | hr@2:0.892 | hr@3:0.935 | acc@1:0.737 | acc@2:0.668 | acc@3:0.638 | Best krc: 0.84 | Best epoch: 85
[2023-12-06 02:03:36] INFO (nni/MainThread) Intermediate result: 0.832891506944852  (Index 176)
-----------------ETPA RESULT-------------------
Epoch 88: Validation	rmse: 16.27	mae: 13.17	mape: 97.28%	acc@10: 44.92%	acc@20: 77.52%	acc@30: 93.37%	
[2023-12-06 02:03:36] INFO (nni/MainThread) Intermediate result: 16.270055282422994  (Index 177)
*** Epoch: 89 ***
-----------------G2R RESULT-------------------

val result: krc:0.832 | lsd:0.498 | ed:0.842 | hr@1:0.741 | hr@2:0.897 | hr@3:0.935 | acc@1:0.741 | acc@2:0.674 | acc@3:0.638 | Best krc: 0.84 | Best epoch: 85
[2023-12-06 02:04:09] INFO (nni/MainThread) Intermediate result: 0.8322683467239653  (Index 178)
-----------------ETPA RESULT-------------------
Epoch 89: Validation	rmse: 16.26	mae: 13.16	mape: 97.14%	acc@10: 44.99%	acc@20: 77.59%	acc@30: 93.38%	
[2023-12-06 02:04:09] INFO (nni/MainThread) Intermediate result: 16.256089847253  (Index 179)
*** Epoch: 90 ***
-----------------G2R RESULT-------------------

val result: krc:0.838 | lsd:0.499 | ed:0.806 | hr@1:0.737 | hr@2:0.896 | hr@3:0.936 | acc@1:0.737 | acc@2:0.674 | acc@3:0.644 | Best krc: 0.84 | Best epoch: 85
[2023-12-06 02:04:39] INFO (nni/MainThread) Intermediate result: 0.8375885653804325  (Index 180)
-----------------ETPA RESULT-------------------
Epoch 90: Validation	rmse: 16.23	mae: 13.13	mape: 96.79%	acc@10: 45.11%	acc@20: 77.7%	acc@30: 93.41%	
[2023-12-06 02:04:39] INFO (nni/MainThread) Intermediate result: 16.225592863762703  (Index 181)
*** Epoch: 91 ***
-----------------G2R RESULT-------------------

val result: krc:0.838 | lsd:0.497 | ed:0.801 | hr@1:0.748 | hr@2:0.894 | hr@3:0.937 | acc@1:0.748 | acc@2:0.679 | acc@3:0.648 | Best krc: 0.84 | Best epoch: 85
[2023-12-06 02:05:10] INFO (nni/MainThread) Intermediate result: 0.83806409043838  (Index 182)
-----------------ETPA RESULT-------------------
Epoch 91: Validation	rmse: 16.2	mae: 13.11	mape: 96.57%	acc@10: 45.21%	acc@20: 77.76%	acc@30: 93.45%	
[2023-12-06 02:05:10] INFO (nni/MainThread) Intermediate result: 16.20141602434549  (Index 183)
*** Epoch: 92 ***
-----------------G2R RESULT-------------------

val result: krc:0.841 | lsd:0.498 | ed:0.793 | hr@1:0.746 | hr@2:0.896 | hr@3:0.936 | acc@1:0.746 | acc@2:0.683 | acc@3:0.653 | Best krc: 0.84 | Best epoch: 85
best model saved
[2023-12-06 02:05:41] INFO (nni/MainThread) Intermediate result: 0.8409682510076038  (Index 184)
-----------------ETPA RESULT-------------------
Epoch 92: Validation	rmse: 16.2	mae: 13.1	mape: 96.53%	acc@10: 45.25%	acc@20: 77.78%	acc@30: 93.45%	
[2023-12-06 02:05:41] INFO (nni/MainThread) Intermediate result: 16.196058808627054  (Index 185)
*** Epoch: 93 ***
-----------------G2R RESULT-------------------

val result: krc:0.833 | lsd:0.526 | ed:0.82 | hr@1:0.74 | hr@2:0.887 | hr@3:0.93 | acc@1:0.74 | acc@2:0.672 | acc@3:0.638 | Best krc: 0.841 | Best epoch: 92
[2023-12-06 02:06:13] INFO (nni/MainThread) Intermediate result: 0.8328521862758854  (Index 186)
-----------------ETPA RESULT-------------------
Epoch 93: Validation	rmse: 16.18	mae: 13.08	mape: 96.34%	acc@10: 45.31%	acc@20: 77.83%	acc@30: 93.49%	
[2023-12-06 02:06:13] INFO (nni/MainThread) Intermediate result: 16.17600457071941  (Index 187)
*** Epoch: 94 ***
-----------------G2R RESULT-------------------

val result: krc:0.831 | lsd:0.52 | ed:0.836 | hr@1:0.729 | hr@2:0.894 | hr@3:0.933 | acc@1:0.729 | acc@2:0.664 | acc@3:0.631 | Best krc: 0.841 | Best epoch: 92
[2023-12-06 02:06:43] INFO (nni/MainThread) Intermediate result: 0.8312086329838845  (Index 188)
-----------------ETPA RESULT-------------------
Epoch 94: Validation	rmse: 16.16	mae: 13.07	mape: 96.24%	acc@10: 45.37%	acc@20: 77.85%	acc@30: 93.5%	
[2023-12-06 02:06:43] INFO (nni/MainThread) Intermediate result: 16.16368990068547  (Index 189)
*** Epoch: 95 ***
-----------------G2R RESULT-------------------

val result: krc:0.836 | lsd:0.504 | ed:0.832 | hr@1:0.735 | hr@2:0.895 | hr@3:0.933 | acc@1:0.735 | acc@2:0.671 | acc@3:0.638 | Best krc: 0.841 | Best epoch: 92
[2023-12-06 02:07:14] INFO (nni/MainThread) Intermediate result: 0.8364246804386726  (Index 190)
-----------------ETPA RESULT-------------------
Epoch 95: Validation	rmse: 16.15	mae: 13.06	mape: 96.13%	acc@10: 45.42%	acc@20: 77.91%	acc@30: 93.51%	
[2023-12-06 02:07:14] INFO (nni/MainThread) Intermediate result: 16.15382389210667  (Index 191)
*** Epoch: 96 ***
-----------------G2R RESULT-------------------

val result: krc:0.836 | lsd:0.511 | ed:0.824 | hr@1:0.742 | hr@2:0.894 | hr@3:0.933 | acc@1:0.742 | acc@2:0.672 | acc@3:0.64 | Best krc: 0.841 | Best epoch: 92
[2023-12-06 02:07:44] INFO (nni/MainThread) Intermediate result: 0.8357987893011943  (Index 192)
-----------------ETPA RESULT-------------------
Epoch 96: Validation	rmse: 16.15	mae: 13.06	mape: 96.09%	acc@10: 45.47%	acc@20: 77.92%	acc@30: 93.5%	
[2023-12-06 02:07:44] INFO (nni/MainThread) Intermediate result: 16.149940245648487  (Index 193)
*** Epoch: 97 ***
-----------------G2R RESULT-------------------

val result: krc:0.84 | lsd:0.497 | ed:0.81 | hr@1:0.743 | hr@2:0.899 | hr@3:0.936 | acc@1:0.743 | acc@2:0.68 | acc@3:0.647 | Best krc: 0.841 | Best epoch: 92
[2023-12-06 02:08:15] INFO (nni/MainThread) Intermediate result: 0.8398601848361359  (Index 194)
-----------------ETPA RESULT-------------------
Epoch 97: Validation	rmse: 16.13	mae: 13.04	mape: 95.92%	acc@10: 45.54%	acc@20: 77.97%	acc@30: 93.52%	
[2023-12-06 02:08:15] INFO (nni/MainThread) Intermediate result: 16.131551583975003  (Index 195)
*** Epoch: 98 ***
-----------------G2R RESULT-------------------

val result: krc:0.842 | lsd:0.496 | ed:0.802 | hr@1:0.744 | hr@2:0.9 | hr@3:0.936 | acc@1:0.744 | acc@2:0.684 | acc@3:0.651 | Best krc: 0.841 | Best epoch: 92
best model saved
[2023-12-06 02:08:47] INFO (nni/MainThread) Intermediate result: 0.8421343828077541  (Index 196)
-----------------ETPA RESULT-------------------
Epoch 98: Validation	rmse: 16.13	mae: 13.03	mape: 95.87%	acc@10: 45.59%	acc@20: 78.0%	acc@30: 93.53%	
[2023-12-06 02:08:47] INFO (nni/MainThread) Intermediate result: 16.125474201418907  (Index 197)
*** Epoch: 99 ***
-----------------G2R RESULT-------------------

val result: krc:0.84 | lsd:0.501 | ed:0.816 | hr@1:0.743 | hr@2:0.897 | hr@3:0.937 | acc@1:0.743 | acc@2:0.68 | acc@3:0.648 | Best krc: 0.842 | Best epoch: 98
[2023-12-06 02:09:19] INFO (nni/MainThread) Intermediate result: 0.8398184348162485  (Index 198)
-----------------ETPA RESULT-------------------
Epoch 99: Validation	rmse: 16.12	mae: 13.03	mape: 95.8%	acc@10: 45.62%	acc@20: 78.03%	acc@30: 93.55%	
[2023-12-06 02:09:19] INFO (nni/MainThread) Intermediate result: 16.11581730785188  (Index 199)
loaded model path: /home/sentanoe/joint_training/data/dataset/food_pd/sort_model/hidden_size-8.gcnru-pd_1701821891.13329531701821891.1333125
best model loaded !!!
krc:0.834 | lsd:0.376 | ed:0.816 | hr@1:0.742 | hr@2:0.923 | hr@3:0.949 | acc@1:0.742 | acc@2:0.689 | acc@3:0.643 |

-------------------------------------------------------------
Best epoch for G2R:  98
Best epoch for ETPA:  99
graph2route_pd Evaluation in test: krc:0.834 | lsd:0.376 | ed:0.816 | hr@1:0.742 | hr@2:0.923 | hr@3:0.949 | acc@1:0.742 | acc@2:0.689 | acc@3:0.643 |
RankPETA Evaluation in test: rmse: 13.1	mae: 10.25	mape: 95.32%	acc@10: 60.76%	acc@20: 87.76%	acc@30: 96.62%	
