Device:  cuda
{'alpha_loss': 0.5,
 'batch_size': 64,
 'dataset': 'food_pd',
 'datatype': 'order',
 'device': device(type='cuda'),
 'early_stop': 10,
 'edge_fea_dim': 5,
 'embedding_dim': 32,
 'eval_end_1': 11,
 'eval_end_2': 25,
 'eval_start': 1,
 'gcn_num_layers': 2,
 'hidden_size': 8,
 'is_eval': False,
 'is_test': False,
 'k_min_nodes': 3,
 'k_nearest_neighbors': 'n-1',
 'lr': 0.001,
 'max_task_num': 25,
 'min_task_num': 0,
 'modelArrivalTime': 'RankPETA',
 'modelRoute': 'graph2route_pd',
 'no_cuda': False,
 'node_fea_dim': 8,
 'node_features_test': '/home/sentanoe/joint_training/data/dataset/food_pd/node_features_test_full.npy',
 'node_features_train': '/home/sentanoe/joint_training/data/dataset/food_pd/node_features_train_full.npy',
 'node_features_val': '/home/sentanoe/joint_training/data/dataset/food_pd/node_features_val_full.npy',
 'num_block': 2,
 'num_epoch': 1000,
 'num_head': 2,
 'num_worker_logistics': 2346,
 'num_worker_pd': 920,
 'pad_value': 26,
 'seed': 2022,
 'sort_mode': 'pnn_idx',
 'spatial_encoder': 'gcn',
 'temporal_encoder': 'gru',
 'test_path': '/home/sentanoe/joint_training/data/dataset/food_pd/test_full.npy',
 'train_mode': 'sort',
 'train_path': '/home/sentanoe/joint_training/data/dataset/food_pd/train_full.npy',
 'val_path': '/home/sentanoe/joint_training/data/dataset/food_pd/val_full.npy',
 'wd': 1e-05,
 'worker_emb_dim': 10,
 'workers': 2}
last_x_size:13;unpick_x_size:12;input_size:53
#train:2521 | #val:1257 | #test:1261
*** Epoch: 0 ***
-----------------G2R RESULT-------------------

val result: krc:0.738 | lsd:0.768 | ed:1.096 | hr@1:0.609 | hr@2:0.853 | hr@3:0.897 | acc@1:0.609 | acc@2:0.549 | acc@3:0.504 | Best krc: -1 | Best epoch: -1
best model saved
[2023-12-16 09:16:49] INFO (nni/MainThread) Intermediate result: 0.7383647747093308  (Index 0)
-----------------ETPA RESULT-------------------
Epoch 0: Validation	rmse: 26.94	mae: 21.29	mape: 67.04%	acc@10: 28.15%	acc@20: 55.19%	acc@30: 74.44%	
[2023-12-16 09:16:49] INFO (nni/MainThread) Intermediate result: 26.941349329811555  (Index 1)
*** Epoch: 1 ***
-----------------G2R RESULT-------------------

val result: krc:0.758 | lsd:0.735 | ed:1.052 | hr@1:0.626 | hr@2:0.854 | hr@3:0.898 | acc@1:0.626 | acc@2:0.559 | acc@3:0.515 | Best krc: 0.738 | Best epoch: 0
best model saved
[2023-12-16 09:17:14] INFO (nni/MainThread) Intermediate result: 0.7581239913465536  (Index 2)
-----------------ETPA RESULT-------------------
Epoch 1: Validation	rmse: 26.87	mae: 20.35	mape: 103.11%	acc@10: 32.59%	acc@20: 60.93%	acc@30: 77.59%	
[2023-12-16 09:17:14] INFO (nni/MainThread) Intermediate result: 26.87396676557053  (Index 3)
*** Epoch: 2 ***
-----------------G2R RESULT-------------------

val result: krc:0.765 | lsd:0.709 | ed:1.027 | hr@1:0.634 | hr@2:0.855 | hr@3:0.899 | acc@1:0.634 | acc@2:0.571 | acc@3:0.527 | Best krc: 0.758 | Best epoch: 1
best model saved
[2023-12-16 09:17:40] INFO (nni/MainThread) Intermediate result: 0.7647933879591075  (Index 4)
-----------------ETPA RESULT-------------------
Epoch 2: Validation	rmse: 26.23	mae: 19.78	mape: 115.8%	acc@10: 33.83%	acc@20: 62.47%	acc@30: 78.89%	
[2023-12-16 09:17:40] INFO (nni/MainThread) Intermediate result: 26.229497583274632  (Index 5)
*** Epoch: 3 ***
-----------------G2R RESULT-------------------

val result: krc:0.763 | lsd:0.674 | ed:1.017 | hr@1:0.634 | hr@2:0.86 | hr@3:0.909 | acc@1:0.634 | acc@2:0.568 | acc@3:0.53 | Best krc: 0.765 | Best epoch: 2
[2023-12-16 09:18:03] INFO (nni/MainThread) Intermediate result: 0.762583117056226  (Index 6)
-----------------ETPA RESULT-------------------
Epoch 3: Validation	rmse: 24.58	mae: 18.87	mape: 117.42%	acc@10: 34.17%	acc@20: 64.44%	acc@30: 81.3%	
[2023-12-16 09:18:03] INFO (nni/MainThread) Intermediate result: 24.58012967476254  (Index 7)
*** Epoch: 4 ***
-----------------G2R RESULT-------------------

val result: krc:0.77 | lsd:0.658 | ed:0.99 | hr@1:0.634 | hr@2:0.867 | hr@3:0.913 | acc@1:0.634 | acc@2:0.575 | acc@3:0.54 | Best krc: 0.765 | Best epoch: 2
best model saved
[2023-12-16 09:18:29] INFO (nni/MainThread) Intermediate result: 0.7704016147741553  (Index 8)
-----------------ETPA RESULT-------------------
Epoch 4: Validation	rmse: 23.2	mae: 17.92	mape: 114.31%	acc@10: 36.22%	acc@20: 66.52%	acc@30: 82.89%	
[2023-12-16 09:18:29] INFO (nni/MainThread) Intermediate result: 23.20243251308881  (Index 9)
*** Epoch: 5 ***
-----------------G2R RESULT-------------------

val result: krc:0.763 | lsd:0.683 | ed:1.023 | hr@1:0.634 | hr@2:0.862 | hr@3:0.909 | acc@1:0.634 | acc@2:0.575 | acc@3:0.536 | Best krc: 0.77 | Best epoch: 4
[2023-12-16 09:18:53] INFO (nni/MainThread) Intermediate result: 0.7625550005873574  (Index 10)
-----------------ETPA RESULT-------------------
Epoch 5: Validation	rmse: 22.3	mae: 17.31	mape: 113.15%	acc@10: 37.35%	acc@20: 67.96%	acc@30: 83.89%	
[2023-12-16 09:18:53] INFO (nni/MainThread) Intermediate result: 22.302745353362592  (Index 11)
*** Epoch: 6 ***
-----------------G2R RESULT-------------------

val result: krc:0.753 | lsd:0.718 | ed:1.046 | hr@1:0.625 | hr@2:0.855 | hr@3:0.903 | acc@1:0.625 | acc@2:0.564 | acc@3:0.522 | Best krc: 0.77 | Best epoch: 4
[2023-12-16 09:19:17] INFO (nni/MainThread) Intermediate result: 0.7526779806534944  (Index 12)
-----------------ETPA RESULT-------------------
Epoch 6: Validation	rmse: 21.43	mae: 16.68	mape: 110.33%	acc@10: 38.57%	acc@20: 69.1%	acc@30: 85.13%	
[2023-12-16 09:19:17] INFO (nni/MainThread) Intermediate result: 21.431886349104627  (Index 13)
*** Epoch: 7 ***
-----------------G2R RESULT-------------------

val result: krc:0.765 | lsd:0.699 | ed:0.985 | hr@1:0.639 | hr@2:0.861 | hr@3:0.907 | acc@1:0.639 | acc@2:0.584 | acc@3:0.538 | Best krc: 0.77 | Best epoch: 4
[2023-12-16 09:19:42] INFO (nni/MainThread) Intermediate result: 0.7651785038230163  (Index 14)
-----------------ETPA RESULT-------------------
Epoch 7: Validation	rmse: 20.57	mae: 16.03	mape: 106.47%	acc@10: 40.32%	acc@20: 70.69%	acc@30: 86.39%	
[2023-12-16 09:19:42] INFO (nni/MainThread) Intermediate result: 20.57103950873372  (Index 15)
*** Epoch: 8 ***
-----------------G2R RESULT-------------------

val result: krc:0.773 | lsd:0.647 | ed:0.975 | hr@1:0.637 | hr@2:0.869 | hr@3:0.914 | acc@1:0.637 | acc@2:0.58 | acc@3:0.544 | Best krc: 0.77 | Best epoch: 4
best model saved
[2023-12-16 09:20:07] INFO (nni/MainThread) Intermediate result: 0.7732297587916303  (Index 16)
-----------------ETPA RESULT-------------------
Epoch 8: Validation	rmse: 20.25	mae: 15.81	mape: 106.49%	acc@10: 40.58%	acc@20: 71.15%	acc@30: 86.71%	
[2023-12-16 09:20:07] INFO (nni/MainThread) Intermediate result: 20.25484141204015  (Index 17)
*** Epoch: 9 ***
-----------------G2R RESULT-------------------

val result: krc:0.769 | lsd:0.684 | ed:0.997 | hr@1:0.635 | hr@2:0.865 | hr@3:0.907 | acc@1:0.635 | acc@2:0.579 | acc@3:0.537 | Best krc: 0.773 | Best epoch: 8
[2023-12-16 09:20:32] INFO (nni/MainThread) Intermediate result: 0.7693782555522826  (Index 18)
-----------------ETPA RESULT-------------------
Epoch 9: Validation	rmse: 19.79	mae: 15.51	mape: 105.68%	acc@10: 40.93%	acc@20: 71.78%	acc@30: 87.52%	
[2023-12-16 09:20:32] INFO (nni/MainThread) Intermediate result: 19.794326803661576  (Index 19)
*** Epoch: 10 ***
-----------------G2R RESULT-------------------

val result: krc:0.78 | lsd:0.64 | ed:0.954 | hr@1:0.643 | hr@2:0.871 | hr@3:0.916 | acc@1:0.643 | acc@2:0.589 | acc@3:0.552 | Best krc: 0.773 | Best epoch: 8
best model saved
[2023-12-16 09:20:58] INFO (nni/MainThread) Intermediate result: 0.7797828154452554  (Index 20)
-----------------ETPA RESULT-------------------
Epoch 10: Validation	rmse: 19.32	mae: 15.11	mape: 103.09%	acc@10: 42.29%	acc@20: 72.63%	acc@30: 88.15%	
[2023-12-16 09:20:58] INFO (nni/MainThread) Intermediate result: 19.317874769557633  (Index 21)
*** Epoch: 11 ***
-----------------G2R RESULT-------------------

val result: krc:0.759 | lsd:0.707 | ed:1.027 | hr@1:0.632 | hr@2:0.86 | hr@3:0.906 | acc@1:0.632 | acc@2:0.575 | acc@3:0.528 | Best krc: 0.78 | Best epoch: 10
[2023-12-16 09:21:22] INFO (nni/MainThread) Intermediate result: 0.7592640907813623  (Index 22)
-----------------ETPA RESULT-------------------
Epoch 11: Validation	rmse: 18.86	mae: 14.74	mape: 100.44%	acc@10: 43.55%	acc@20: 73.77%	acc@30: 88.86%	
[2023-12-16 09:21:22] INFO (nni/MainThread) Intermediate result: 18.859961098594418  (Index 23)
*** Epoch: 12 ***
-----------------G2R RESULT-------------------

val result: krc:0.782 | lsd:0.639 | ed:0.951 | hr@1:0.641 | hr@2:0.87 | hr@3:0.916 | acc@1:0.641 | acc@2:0.587 | acc@3:0.554 | Best krc: 0.78 | Best epoch: 10
best model saved
[2023-12-16 09:21:48] INFO (nni/MainThread) Intermediate result: 0.7816743171968358  (Index 24)
-----------------ETPA RESULT-------------------
Epoch 12: Validation	rmse: 18.52	mae: 14.51	mape: 99.46%	acc@10: 43.87%	acc@20: 74.44%	acc@30: 89.4%	
[2023-12-16 09:21:48] INFO (nni/MainThread) Intermediate result: 18.52263412514813  (Index 25)
*** Epoch: 13 ***
-----------------G2R RESULT-------------------

val result: krc:0.77 | lsd:0.635 | ed:1.001 | hr@1:0.63 | hr@2:0.869 | hr@3:0.916 | acc@1:0.63 | acc@2:0.571 | acc@3:0.537 | Best krc: 0.782 | Best epoch: 12
[2023-12-16 09:22:12] INFO (nni/MainThread) Intermediate result: 0.7704381275172705  (Index 26)
-----------------ETPA RESULT-------------------
Epoch 13: Validation	rmse: 18.2	mae: 14.26	mape: 97.88%	acc@10: 44.66%	acc@20: 75.21%	acc@30: 89.84%	
[2023-12-16 09:22:13] INFO (nni/MainThread) Intermediate result: 18.2011288213296  (Index 27)
*** Epoch: 14 ***
-----------------G2R RESULT-------------------

val result: krc:0.783 | lsd:0.632 | ed:0.944 | hr@1:0.643 | hr@2:0.871 | hr@3:0.919 | acc@1:0.643 | acc@2:0.589 | acc@3:0.559 | Best krc: 0.782 | Best epoch: 12
best model saved
[2023-12-16 09:22:38] INFO (nni/MainThread) Intermediate result: 0.7828816667469923  (Index 28)
-----------------ETPA RESULT-------------------
Epoch 14: Validation	rmse: 17.97	mae: 14.08	mape: 96.86%	acc@10: 45.21%	acc@20: 75.78%	acc@30: 90.1%	
[2023-12-16 09:22:38] INFO (nni/MainThread) Intermediate result: 17.971023255427834  (Index 29)
*** Epoch: 15 ***
-----------------G2R RESULT-------------------

val result: krc:0.765 | lsd:0.686 | ed:0.996 | hr@1:0.638 | hr@2:0.865 | hr@3:0.909 | acc@1:0.638 | acc@2:0.582 | acc@3:0.543 | Best krc: 0.783 | Best epoch: 14
[2023-12-16 09:23:03] INFO (nni/MainThread) Intermediate result: 0.765110246763067  (Index 30)
-----------------ETPA RESULT-------------------
Epoch 15: Validation	rmse: 17.69	mae: 13.87	mape: 95.33%	acc@10: 45.81%	acc@20: 76.64%	acc@30: 90.53%	
[2023-12-16 09:23:03] INFO (nni/MainThread) Intermediate result: 17.68768731364263  (Index 31)
*** Epoch: 16 ***
-----------------G2R RESULT-------------------

val result: krc:0.78 | lsd:0.617 | ed:0.949 | hr@1:0.645 | hr@2:0.873 | hr@3:0.917 | acc@1:0.645 | acc@2:0.587 | acc@3:0.552 | Best krc: 0.783 | Best epoch: 14
[2023-12-16 09:23:27] INFO (nni/MainThread) Intermediate result: 0.7800971597998271  (Index 32)
-----------------ETPA RESULT-------------------
Epoch 16: Validation	rmse: 17.45	mae: 13.7	mape: 94.07%	acc@10: 46.45%	acc@20: 77.32%	acc@30: 90.85%	
[2023-12-16 09:23:27] INFO (nni/MainThread) Intermediate result: 17.45447292132147  (Index 33)
*** Epoch: 17 ***
-----------------G2R RESULT-------------------

val result: krc:0.783 | lsd:0.634 | ed:0.947 | hr@1:0.65 | hr@2:0.87 | hr@3:0.917 | acc@1:0.65 | acc@2:0.596 | acc@3:0.562 | Best krc: 0.783 | Best epoch: 14
best model saved
[2023-12-16 09:23:52] INFO (nni/MainThread) Intermediate result: 0.7833812584927584  (Index 34)
-----------------ETPA RESULT-------------------
Epoch 17: Validation	rmse: 17.27	mae: 13.55	mape: 93.04%	acc@10: 47.04%	acc@20: 77.7%	acc@30: 91.13%	
[2023-12-16 09:23:52] INFO (nni/MainThread) Intermediate result: 17.272869855345668  (Index 35)
*** Epoch: 18 ***
-----------------G2R RESULT-------------------

val result: krc:0.785 | lsd:0.636 | ed:0.938 | hr@1:0.65 | hr@2:0.871 | hr@3:0.917 | acc@1:0.65 | acc@2:0.596 | acc@3:0.562 | Best krc: 0.783 | Best epoch: 17
best model saved
[2023-12-16 09:24:18] INFO (nni/MainThread) Intermediate result: 0.7845701843865375  (Index 36)
-----------------ETPA RESULT-------------------
Epoch 18: Validation	rmse: 17.11	mae: 13.42	mape: 92.19%	acc@10: 47.49%	acc@20: 78.11%	acc@30: 91.36%	
[2023-12-16 09:24:18] INFO (nni/MainThread) Intermediate result: 17.105958856480335  (Index 37)
*** Epoch: 19 ***
-----------------G2R RESULT-------------------

val result: krc:0.775 | lsd:0.651 | ed:0.972 | hr@1:0.642 | hr@2:0.866 | hr@3:0.916 | acc@1:0.642 | acc@2:0.583 | acc@3:0.549 | Best krc: 0.785 | Best epoch: 18
[2023-12-16 09:24:42] INFO (nni/MainThread) Intermediate result: 0.7753506743624803  (Index 38)
-----------------ETPA RESULT-------------------
Epoch 19: Validation	rmse: 16.96	mae: 13.31	mape: 91.48%	acc@10: 47.8%	acc@20: 78.44%	acc@30: 91.61%	
[2023-12-16 09:24:42] INFO (nni/MainThread) Intermediate result: 16.957352578263794  (Index 39)
*** Epoch: 20 ***
-----------------G2R RESULT-------------------

val result: krc:0.788 | lsd:0.61 | ed:0.923 | hr@1:0.655 | hr@2:0.87 | hr@3:0.917 | acc@1:0.655 | acc@2:0.598 | acc@3:0.565 | Best krc: 0.785 | Best epoch: 18
best model saved
[2023-12-16 09:25:07] INFO (nni/MainThread) Intermediate result: 0.7881258442605186  (Index 40)
-----------------ETPA RESULT-------------------
Epoch 20: Validation	rmse: 16.78	mae: 13.18	mape: 90.48%	acc@10: 48.2%	acc@20: 78.92%	acc@30: 91.87%	
[2023-12-16 09:25:07] INFO (nni/MainThread) Intermediate result: 16.783177360202814  (Index 41)
*** Epoch: 21 ***
-----------------G2R RESULT-------------------

val result: krc:0.776 | lsd:0.637 | ed:0.983 | hr@1:0.639 | hr@2:0.864 | hr@3:0.911 | acc@1:0.639 | acc@2:0.581 | acc@3:0.547 | Best krc: 0.788 | Best epoch: 20
[2023-12-16 09:25:30] INFO (nni/MainThread) Intermediate result: 0.7760975185723763  (Index 42)
-----------------ETPA RESULT-------------------
Epoch 21: Validation	rmse: 16.65	mae: 13.07	mape: 89.38%	acc@10: 48.57%	acc@20: 79.26%	acc@30: 92.09%	
[2023-12-16 09:25:30] INFO (nni/MainThread) Intermediate result: 16.651085848597198  (Index 43)
*** Epoch: 22 ***
-----------------G2R RESULT-------------------

val result: krc:0.783 | lsd:0.634 | ed:0.94 | hr@1:0.648 | hr@2:0.866 | hr@3:0.916 | acc@1:0.648 | acc@2:0.591 | acc@3:0.561 | Best krc: 0.788 | Best epoch: 20
[2023-12-16 09:25:54] INFO (nni/MainThread) Intermediate result: 0.7830735751155514  (Index 44)
-----------------ETPA RESULT-------------------
Epoch 22: Validation	rmse: 16.53	mae: 12.98	mape: 88.72%	acc@10: 48.82%	acc@20: 79.55%	acc@30: 92.29%	
[2023-12-16 09:25:54] INFO (nni/MainThread) Intermediate result: 16.534933480581856  (Index 45)
*** Epoch: 23 ***
-----------------G2R RESULT-------------------

val result: krc:0.782 | lsd:0.63 | ed:0.943 | hr@1:0.644 | hr@2:0.869 | hr@3:0.916 | acc@1:0.644 | acc@2:0.589 | acc@3:0.559 | Best krc: 0.788 | Best epoch: 20
[2023-12-16 09:26:19] INFO (nni/MainThread) Intermediate result: 0.7824542799182066  (Index 46)
-----------------ETPA RESULT-------------------
Epoch 23: Validation	rmse: 16.42	mae: 12.88	mape: 87.94%	acc@10: 49.14%	acc@20: 79.8%	acc@30: 92.45%	
[2023-12-16 09:26:19] INFO (nni/MainThread) Intermediate result: 16.42023735755353  (Index 47)
*** Epoch: 24 ***
-----------------G2R RESULT-------------------

val result: krc:0.784 | lsd:0.638 | ed:0.944 | hr@1:0.648 | hr@2:0.869 | hr@3:0.915 | acc@1:0.648 | acc@2:0.591 | acc@3:0.556 | Best krc: 0.788 | Best epoch: 20
[2023-12-16 09:26:45] INFO (nni/MainThread) Intermediate result: 0.7840781376067777  (Index 48)
-----------------ETPA RESULT-------------------
Epoch 24: Validation	rmse: 16.33	mae: 12.81	mape: 87.38%	acc@10: 49.36%	acc@20: 79.97%	acc@30: 92.62%	
[2023-12-16 09:26:45] INFO (nni/MainThread) Intermediate result: 16.33220351085305  (Index 49)
*** Epoch: 25 ***
-----------------G2R RESULT-------------------

val result: krc:0.784 | lsd:0.651 | ed:0.936 | hr@1:0.646 | hr@2:0.87 | hr@3:0.917 | acc@1:0.646 | acc@2:0.593 | acc@3:0.564 | Best krc: 0.788 | Best epoch: 20
[2023-12-16 09:27:08] INFO (nni/MainThread) Intermediate result: 0.7839839821387702  (Index 50)
-----------------ETPA RESULT-------------------
Epoch 25: Validation	rmse: 16.24	mae: 12.74	mape: 86.87%	acc@10: 49.57%	acc@20: 80.13%	acc@30: 92.79%	
[2023-12-16 09:27:08] INFO (nni/MainThread) Intermediate result: 16.238144291576635  (Index 51)
*** Epoch: 26 ***
-----------------G2R RESULT-------------------

val result: krc:0.783 | lsd:0.653 | ed:0.944 | hr@1:0.644 | hr@2:0.87 | hr@3:0.916 | acc@1:0.644 | acc@2:0.59 | acc@3:0.558 | Best krc: 0.788 | Best epoch: 20
[2023-12-16 09:27:32] INFO (nni/MainThread) Intermediate result: 0.7833609361374994  (Index 52)
-----------------ETPA RESULT-------------------
Epoch 26: Validation	rmse: 16.15	mae: 12.68	mape: 86.37%	acc@10: 49.79%	acc@20: 80.32%	acc@30: 92.95%	
[2023-12-16 09:27:32] INFO (nni/MainThread) Intermediate result: 16.150701436171648  (Index 53)
*** Epoch: 27 ***
-----------------G2R RESULT-------------------

val result: krc:0.787 | lsd:0.641 | ed:0.93 | hr@1:0.649 | hr@2:0.871 | hr@3:0.919 | acc@1:0.649 | acc@2:0.593 | acc@3:0.564 | Best krc: 0.788 | Best epoch: 20
[2023-12-16 09:27:56] INFO (nni/MainThread) Intermediate result: 0.7868915705907399  (Index 54)
-----------------ETPA RESULT-------------------
Epoch 27: Validation	rmse: 16.06	mae: 12.61	mape: 85.96%	acc@10: 49.92%	acc@20: 80.5%	acc@30: 93.11%	
[2023-12-16 09:27:56] INFO (nni/MainThread) Intermediate result: 16.06078476606387  (Index 55)
*** Epoch: 28 ***
-----------------G2R RESULT-------------------

val result: krc:0.787 | lsd:0.644 | ed:0.935 | hr@1:0.645 | hr@2:0.868 | hr@3:0.918 | acc@1:0.645 | acc@2:0.59 | acc@3:0.562 | Best krc: 0.788 | Best epoch: 20
[2023-12-16 09:28:20] INFO (nni/MainThread) Intermediate result: 0.7865500804722492  (Index 56)
-----------------ETPA RESULT-------------------
Epoch 28: Validation	rmse: 15.99	mae: 12.56	mape: 85.51%	acc@10: 50.04%	acc@20: 80.68%	acc@30: 93.22%	
[2023-12-16 09:28:20] INFO (nni/MainThread) Intermediate result: 15.991803594091774  (Index 57)
*** Epoch: 29 ***
-----------------G2R RESULT-------------------

val result: krc:0.781 | lsd:0.639 | ed:0.958 | hr@1:0.635 | hr@2:0.868 | hr@3:0.917 | acc@1:0.635 | acc@2:0.583 | acc@3:0.553 | Best krc: 0.788 | Best epoch: 20
[2023-12-16 09:28:45] INFO (nni/MainThread) Intermediate result: 0.7807171496983475  (Index 58)
-----------------ETPA RESULT-------------------
Epoch 29: Validation	rmse: 15.94	mae: 12.52	mape: 85.2%	acc@10: 50.16%	acc@20: 80.78%	acc@30: 93.3%	
[2023-12-16 09:28:45] INFO (nni/MainThread) Intermediate result: 15.939484138086769  (Index 59)
*** Epoch: 30 ***
-----------------G2R RESULT-------------------

val result: krc:0.774 | lsd:0.669 | ed:0.976 | hr@1:0.642 | hr@2:0.87 | hr@3:0.913 | acc@1:0.642 | acc@2:0.592 | acc@3:0.554 | Best krc: 0.788 | Best epoch: 20
[2023-12-16 09:29:10] INFO (nni/MainThread) Intermediate result: 0.7736565881122068  (Index 60)
-----------------ETPA RESULT-------------------
Epoch 30: Validation	rmse: 15.88	mae: 12.47	mape: 84.92%	acc@10: 50.32%	acc@20: 80.93%	acc@30: 93.37%	
[2023-12-16 09:29:10] INFO (nni/MainThread) Intermediate result: 15.875420983189242  (Index 61)
loaded model path: /home/sentanoe/joint_training/data/dataset/food_pd/sort_model/hidden_size-8.gcnru-pd_1702714584.06086091702714584.0608747
best model loaded !!!
krc:0.779 | lsd:0.47 | ed:0.95 | hr@1:0.663 | hr@2:0.905 | hr@3:0.938 | acc@1:0.663 | acc@2:0.614 | acc@3:0.564 |

-------------------------------------------------------------
Best epoch for G2R:  20
Best epoch for ETPA:  30
graph2route_pd Evaluation in test: krc:0.779 | lsd:0.47 | ed:0.95 | hr@1:0.663 | hr@2:0.905 | hr@3:0.938 | acc@1:0.663 | acc@2:0.614 | acc@3:0.564 |
RankPETA Evaluation in test: rmse: 13.25	mae: 10.22	mape: 91.24%	acc@10: 57.38%	acc@20: 88.61%	acc@30: 96.2%	
