Device:  cuda
{'alpha_loss': 0.5,
 'batch_size': 64,
 'dataset': 'food_pd',
 'datatype': 'order',
 'device': device(type='cuda'),
 'early_stop': 20,
 'edge_fea_dim': 5,
 'embedding_dim': 32,
 'eval_end_1': 11,
 'eval_end_2': 25,
 'eval_start': 1,
 'gcn_num_layers': 2,
 'hidden_size': 8,
 'is_eval': False,
 'is_test': False,
 'k_min_nodes': 3,
 'k_nearest_neighbors': 'n-1',
 'lr': 0.001,
 'max_task_num': 25,
 'min_task_num': 0,
 'modelArrivalTime': 'RankPETA',
 'modelRoute': 'graph2route_pd',
 'no_cuda': False,
 'node_fea_dim': 8,
 'node_features_test': '/home/sentanoe/joint_training/data/dataset/food_pd/node_features_test_full.npy',
 'node_features_train': '/home/sentanoe/joint_training/data/dataset/food_pd/node_features_train_full.npy',
 'node_features_val': '/home/sentanoe/joint_training/data/dataset/food_pd/node_features_val_full.npy',
 'num_block': 4,
 'num_epoch': 1000,
 'num_head': 2,
 'num_worker_logistics': 2346,
 'num_worker_pd': 920,
 'pad_value': 26,
 'seed': 9999,
 'sort_mode': 'pnn_idx',
 'spatial_encoder': 'gcn',
 'temporal_encoder': 'gru',
 'test_path': '/home/sentanoe/joint_training/data/dataset/food_pd/test_full.npy',
 'train_mode': 'sort',
 'train_path': '/home/sentanoe/joint_training/data/dataset/food_pd/train_full.npy',
 'val_path': '/home/sentanoe/joint_training/data/dataset/food_pd/val_full.npy',
 'wd': 1e-05,
 'worker_emb_dim': 10,
 'workers': 2}
last_x_size:13;unpick_x_size:12;input_size:53
#train:2521 | #val:1257 | #test:1261
*** Epoch: 0 ***
-----------------G2R RESULT-------------------

val result: krc:0.707 | lsd:0.968 | ed:1.202 | hr@1:0.636 | hr@2:0.804 | hr@3:0.874 | acc@1:0.636 | acc@2:0.53 | acc@3:0.49 | Best krc: -1 | Best epoch: -1
best model saved
[2023-12-01 02:05:19] INFO (nni/MainThread) Intermediate result: 0.7071490711105928  (Index 0)
-----------------ETPA RESULT-------------------
Epoch 0: Validation	rmse: 23.77	mae: 18.01	mape: 58.94%	acc@10: 36.3%	acc@20: 64.44%	acc@30: 81.11%	
[2023-12-01 02:05:19] INFO (nni/MainThread) Intermediate result: 23.770262737820126  (Index 1)
*** Epoch: 1 ***
-----------------G2R RESULT-------------------

val result: krc:0.749 | lsd:0.781 | ed:1.048 | hr@1:0.643 | hr@2:0.843 | hr@3:0.898 | acc@1:0.643 | acc@2:0.572 | acc@3:0.535 | Best krc: 0.707 | Best epoch: 0
best model saved
[2023-12-01 02:05:46] INFO (nni/MainThread) Intermediate result: 0.7493622327728144  (Index 2)
-----------------ETPA RESULT-------------------
Epoch 1: Validation	rmse: 21.81	mae: 16.69	mape: 85.99%	acc@10: 38.7%	acc@20: 66.67%	acc@30: 85.37%	
[2023-12-01 02:05:46] INFO (nni/MainThread) Intermediate result: 21.814861511791552  (Index 3)
*** Epoch: 2 ***
-----------------G2R RESULT-------------------

val result: krc:0.76 | lsd:0.732 | ed:1.031 | hr@1:0.643 | hr@2:0.856 | hr@3:0.903 | acc@1:0.643 | acc@2:0.573 | acc@3:0.54 | Best krc: 0.749 | Best epoch: 1
best model saved
[2023-12-01 02:06:12] INFO (nni/MainThread) Intermediate result: 0.7600745475515917  (Index 4)
-----------------ETPA RESULT-------------------
Epoch 2: Validation	rmse: 23.17	mae: 17.56	mape: 106.94%	acc@10: 37.28%	acc@20: 64.94%	acc@30: 84.81%	
[2023-12-01 02:06:12] INFO (nni/MainThread) Intermediate result: 23.172316918024766  (Index 5)
*** Epoch: 3 ***
-----------------G2R RESULT-------------------

val result: krc:0.76 | lsd:0.717 | ed:1.028 | hr@1:0.637 | hr@2:0.86 | hr@3:0.909 | acc@1:0.637 | acc@2:0.573 | acc@3:0.536 | Best krc: 0.76 | Best epoch: 2
[2023-12-01 02:06:37] INFO (nni/MainThread) Intermediate result: 0.7598022305149545  (Index 6)
-----------------ETPA RESULT-------------------
Epoch 3: Validation	rmse: 24.1	mae: 18.25	mape: 118.99%	acc@10: 36.39%	acc@20: 63.8%	acc@30: 83.7%	
[2023-12-01 02:06:37] INFO (nni/MainThread) Intermediate result: 24.099448399101163  (Index 7)
*** Epoch: 4 ***
-----------------G2R RESULT-------------------

val result: krc:0.761 | lsd:0.716 | ed:1.021 | hr@1:0.648 | hr@2:0.857 | hr@3:0.908 | acc@1:0.648 | acc@2:0.58 | acc@3:0.536 | Best krc: 0.76 | Best epoch: 2
best model saved
[2023-12-01 02:07:04] INFO (nni/MainThread) Intermediate result: 0.7613919281256404  (Index 8)
-----------------ETPA RESULT-------------------
Epoch 4: Validation	rmse: 23.83	mae: 18.32	mape: 121.95%	acc@10: 35.48%	acc@20: 63.19%	acc@30: 82.96%	
[2023-12-01 02:07:04] INFO (nni/MainThread) Intermediate result: 23.83243625416546  (Index 9)
*** Epoch: 5 ***
-----------------G2R RESULT-------------------

val result: krc:0.776 | lsd:0.663 | ed:0.978 | hr@1:0.646 | hr@2:0.865 | hr@3:0.912 | acc@1:0.646 | acc@2:0.585 | acc@3:0.555 | Best krc: 0.761 | Best epoch: 4
best model saved
[2023-12-01 02:07:30] INFO (nni/MainThread) Intermediate result: 0.7756516035746468  (Index 10)
-----------------ETPA RESULT-------------------
Epoch 5: Validation	rmse: 23.78	mae: 18.39	mape: 125.38%	acc@10: 34.81%	acc@20: 63.02%	acc@30: 83.21%	
[2023-12-01 02:07:30] INFO (nni/MainThread) Intermediate result: 23.784360125038432  (Index 11)
*** Epoch: 6 ***
-----------------G2R RESULT-------------------

val result: krc:0.781 | lsd:0.651 | ed:0.951 | hr@1:0.651 | hr@2:0.869 | hr@3:0.916 | acc@1:0.651 | acc@2:0.596 | acc@3:0.562 | Best krc: 0.776 | Best epoch: 5
best model saved
[2023-12-01 02:07:57] INFO (nni/MainThread) Intermediate result: 0.7814224218509305  (Index 12)
-----------------ETPA RESULT-------------------
Epoch 6: Validation	rmse: 23.49	mae: 18.4	mape: 128.19%	acc@10: 33.33%	acc@20: 62.28%	acc@30: 83.54%	
[2023-12-01 02:07:57] INFO (nni/MainThread) Intermediate result: 23.488057894690073  (Index 13)
*** Epoch: 7 ***
-----------------G2R RESULT-------------------

val result: krc:0.779 | lsd:0.646 | ed:0.972 | hr@1:0.653 | hr@2:0.872 | hr@3:0.915 | acc@1:0.653 | acc@2:0.592 | acc@3:0.555 | Best krc: 0.781 | Best epoch: 6
[2023-12-01 02:08:22] INFO (nni/MainThread) Intermediate result: 0.7789587137991161  (Index 14)
-----------------ETPA RESULT-------------------
Epoch 7: Validation	rmse: 22.84	mae: 18.03	mape: 127.09%	acc@10: 33.33%	acc@20: 63.1%	acc@30: 84.49%	
[2023-12-01 02:08:22] INFO (nni/MainThread) Intermediate result: 22.838954453455397  (Index 15)
*** Epoch: 8 ***
-----------------G2R RESULT-------------------

val result: krc:0.768 | lsd:0.685 | ed:1.006 | hr@1:0.644 | hr@2:0.862 | hr@3:0.908 | acc@1:0.644 | acc@2:0.585 | acc@3:0.541 | Best krc: 0.781 | Best epoch: 6
[2023-12-01 02:08:47] INFO (nni/MainThread) Intermediate result: 0.7681579021150512  (Index 16)
-----------------ETPA RESULT-------------------
Epoch 8: Validation	rmse: 22.31	mae: 17.7	mape: 125.77%	acc@10: 33.7%	acc@20: 63.83%	acc@30: 85.47%	
[2023-12-01 02:08:47] INFO (nni/MainThread) Intermediate result: 22.314138583546207  (Index 17)
*** Epoch: 9 ***
-----------------G2R RESULT-------------------

val result: krc:0.787 | lsd:0.636 | ed:0.943 | hr@1:0.653 | hr@2:0.872 | hr@3:0.917 | acc@1:0.653 | acc@2:0.596 | acc@3:0.567 | Best krc: 0.781 | Best epoch: 6
best model saved
[2023-12-01 02:09:14] INFO (nni/MainThread) Intermediate result: 0.7871772082878336  (Index 18)
-----------------ETPA RESULT-------------------
Epoch 9: Validation	rmse: 21.89	mae: 17.47	mape: 125.1%	acc@10: 33.96%	acc@20: 64.19%	acc@30: 86.11%	
[2023-12-01 02:09:14] INFO (nni/MainThread) Intermediate result: 21.893778498960984  (Index 19)
*** Epoch: 10 ***
-----------------G2R RESULT-------------------

val result: krc:0.79 | lsd:0.625 | ed:0.929 | hr@1:0.659 | hr@2:0.873 | hr@3:0.919 | acc@1:0.659 | acc@2:0.604 | acc@3:0.575 | Best krc: 0.787 | Best epoch: 9
best model saved
[2023-12-01 02:09:41] INFO (nni/MainThread) Intermediate result: 0.7901400939179688  (Index 20)
-----------------ETPA RESULT-------------------
Epoch 10: Validation	rmse: 21.52	mae: 17.2	mape: 124.01%	acc@10: 34.24%	acc@20: 64.81%	acc@30: 86.63%	
[2023-12-01 02:09:41] INFO (nni/MainThread) Intermediate result: 21.521262029421795  (Index 21)
*** Epoch: 11 ***
-----------------G2R RESULT-------------------

val result: krc:0.792 | lsd:0.621 | ed:0.925 | hr@1:0.663 | hr@2:0.875 | hr@3:0.922 | acc@1:0.663 | acc@2:0.603 | acc@3:0.577 | Best krc: 0.79 | Best epoch: 10
best model saved
[2023-12-01 02:10:09] INFO (nni/MainThread) Intermediate result: 0.7924108132066155  (Index 22)
-----------------ETPA RESULT-------------------
Epoch 11: Validation	rmse: 21.23	mae: 17.03	mape: 123.39%	acc@10: 34.23%	acc@20: 65.25%	acc@30: 86.91%	
[2023-12-01 02:10:09] INFO (nni/MainThread) Intermediate result: 21.234446690043423  (Index 23)
*** Epoch: 12 ***
-----------------G2R RESULT-------------------

val result: krc:0.794 | lsd:0.612 | ed:0.926 | hr@1:0.663 | hr@2:0.875 | hr@3:0.921 | acc@1:0.663 | acc@2:0.606 | acc@3:0.577 | Best krc: 0.792 | Best epoch: 11
best model saved
[2023-12-01 02:10:36] INFO (nni/MainThread) Intermediate result: 0.7935345044920906  (Index 24)
-----------------ETPA RESULT-------------------
Epoch 12: Validation	rmse: 20.81	mae: 16.72	mape: 121.36%	acc@10: 34.76%	acc@20: 66.27%	acc@30: 87.52%	
[2023-12-01 02:10:37] INFO (nni/MainThread) Intermediate result: 20.809044605146585  (Index 25)
*** Epoch: 13 ***
-----------------G2R RESULT-------------------

val result: krc:0.796 | lsd:0.625 | ed:0.934 | hr@1:0.67 | hr@2:0.876 | hr@3:0.919 | acc@1:0.67 | acc@2:0.613 | acc@3:0.579 | Best krc: 0.794 | Best epoch: 12
best model saved
[2023-12-01 02:11:04] INFO (nni/MainThread) Intermediate result: 0.7956777773393429  (Index 26)
-----------------ETPA RESULT-------------------
Epoch 13: Validation	rmse: 20.61	mae: 16.59	mape: 120.91%	acc@10: 34.79%	acc@20: 66.35%	acc@30: 87.75%	
[2023-12-01 02:11:05] INFO (nni/MainThread) Intermediate result: 20.608508941201467  (Index 27)
*** Epoch: 14 ***
-----------------G2R RESULT-------------------

val result: krc:0.799 | lsd:0.586 | ed:0.908 | hr@1:0.672 | hr@2:0.876 | hr@3:0.921 | acc@1:0.672 | acc@2:0.614 | acc@3:0.585 | Best krc: 0.796 | Best epoch: 13
best model saved
[2023-12-01 02:11:32] INFO (nni/MainThread) Intermediate result: 0.7990095463816496  (Index 28)
-----------------ETPA RESULT-------------------
Epoch 14: Validation	rmse: 20.34	mae: 16.4	mape: 119.89%	acc@10: 34.99%	acc@20: 66.89%	acc@30: 88.17%	
[2023-12-01 02:11:32] INFO (nni/MainThread) Intermediate result: 20.340909900044505  (Index 29)
*** Epoch: 15 ***
-----------------G2R RESULT-------------------

val result: krc:0.797 | lsd:0.602 | ed:0.923 | hr@1:0.672 | hr@2:0.879 | hr@3:0.921 | acc@1:0.672 | acc@2:0.616 | acc@3:0.578 | Best krc: 0.799 | Best epoch: 14
[2023-12-01 02:11:58] INFO (nni/MainThread) Intermediate result: 0.7972204465601929  (Index 30)
-----------------ETPA RESULT-------------------
Epoch 15: Validation	rmse: 20.11	mae: 16.22	mape: 118.7%	acc@10: 35.46%	acc@20: 67.52%	acc@30: 88.38%	
[2023-12-01 02:11:58] INFO (nni/MainThread) Intermediate result: 20.11275172804083  (Index 31)
*** Epoch: 16 ***
-----------------G2R RESULT-------------------

val result: krc:0.788 | lsd:0.65 | ed:0.956 | hr@1:0.663 | hr@2:0.874 | hr@3:0.918 | acc@1:0.663 | acc@2:0.601 | acc@3:0.564 | Best krc: 0.799 | Best epoch: 14
[2023-12-01 02:12:23] INFO (nni/MainThread) Intermediate result: 0.7882538533872159  (Index 32)
-----------------ETPA RESULT-------------------
Epoch 16: Validation	rmse: 19.96	mae: 16.15	mape: 118.47%	acc@10: 35.36%	acc@20: 67.73%	acc@30: 88.74%	
[2023-12-01 02:12:23] INFO (nni/MainThread) Intermediate result: 19.960615364324884  (Index 33)
*** Epoch: 17 ***
-----------------G2R RESULT-------------------

val result: krc:0.813 | lsd:0.551 | ed:0.876 | hr@1:0.685 | hr@2:0.884 | hr@3:0.928 | acc@1:0.685 | acc@2:0.628 | acc@3:0.599 | Best krc: 0.799 | Best epoch: 14
best model saved
[2023-12-01 02:12:50] INFO (nni/MainThread) Intermediate result: 0.8128653775090153  (Index 34)
-----------------ETPA RESULT-------------------
Epoch 17: Validation	rmse: 19.75	mae: 15.99	mape: 117.52%	acc@10: 35.64%	acc@20: 68.17%	acc@30: 89.12%	
[2023-12-01 02:12:50] INFO (nni/MainThread) Intermediate result: 19.747832006958717  (Index 35)
*** Epoch: 18 ***
-----------------G2R RESULT-------------------

val result: krc:0.814 | lsd:0.546 | ed:0.876 | hr@1:0.684 | hr@2:0.888 | hr@3:0.93 | acc@1:0.684 | acc@2:0.629 | acc@3:0.601 | Best krc: 0.813 | Best epoch: 17
best model saved
[2023-12-01 02:13:17] INFO (nni/MainThread) Intermediate result: 0.8140938237134128  (Index 36)
-----------------ETPA RESULT-------------------
Epoch 18: Validation	rmse: 19.52	mae: 15.82	mape: 116.34%	acc@10: 36.02%	acc@20: 68.71%	acc@30: 89.51%	
[2023-12-01 02:13:17] INFO (nni/MainThread) Intermediate result: 19.5165655028294  (Index 37)
*** Epoch: 19 ***
-----------------G2R RESULT-------------------

val result: krc:0.818 | lsd:0.531 | ed:0.864 | hr@1:0.695 | hr@2:0.89 | hr@3:0.931 | acc@1:0.695 | acc@2:0.636 | acc@3:0.607 | Best krc: 0.814 | Best epoch: 18
best model saved
[2023-12-01 02:13:44] INFO (nni/MainThread) Intermediate result: 0.8179916088704894  (Index 38)
-----------------ETPA RESULT-------------------
Epoch 19: Validation	rmse: 19.31	mae: 15.66	mape: 115.22%	acc@10: 36.52%	acc@20: 69.2%	acc@30: 89.85%	
[2023-12-01 02:13:44] INFO (nni/MainThread) Intermediate result: 19.311229296205788  (Index 39)
*** Epoch: 20 ***
-----------------G2R RESULT-------------------

val result: krc:0.821 | lsd:0.556 | ed:0.861 | hr@1:0.712 | hr@2:0.889 | hr@3:0.926 | acc@1:0.712 | acc@2:0.65 | acc@3:0.617 | Best krc: 0.818 | Best epoch: 19
best model saved
[2023-12-01 02:14:10] INFO (nni/MainThread) Intermediate result: 0.8206706367528406  (Index 40)
-----------------ETPA RESULT-------------------
Epoch 20: Validation	rmse: 19.12	mae: 15.53	mape: 114.25%	acc@10: 36.81%	acc@20: 69.61%	acc@30: 90.16%	
[2023-12-01 02:14:10] INFO (nni/MainThread) Intermediate result: 19.120970024231426  (Index 41)
*** Epoch: 21 ***
-----------------G2R RESULT-------------------

val result: krc:0.827 | lsd:0.528 | ed:0.848 | hr@1:0.716 | hr@2:0.892 | hr@3:0.933 | acc@1:0.716 | acc@2:0.655 | acc@3:0.624 | Best krc: 0.821 | Best epoch: 20
best model saved
[2023-12-01 02:14:38] INFO (nni/MainThread) Intermediate result: 0.8272931855266791  (Index 42)
-----------------ETPA RESULT-------------------
Epoch 21: Validation	rmse: 18.99	mae: 15.43	mape: 113.58%	acc@10: 36.97%	acc@20: 69.93%	acc@30: 90.35%	
[2023-12-01 02:14:38] INFO (nni/MainThread) Intermediate result: 18.986363137045014  (Index 43)
*** Epoch: 22 ***
-----------------G2R RESULT-------------------

val result: krc:0.825 | lsd:0.525 | ed:0.849 | hr@1:0.71 | hr@2:0.893 | hr@3:0.933 | acc@1:0.71 | acc@2:0.652 | acc@3:0.622 | Best krc: 0.827 | Best epoch: 21
[2023-12-01 02:15:05] INFO (nni/MainThread) Intermediate result: 0.8245614289514595  (Index 44)
-----------------ETPA RESULT-------------------
Epoch 22: Validation	rmse: 18.8	mae: 15.27	mape: 112.37%	acc@10: 37.67%	acc@20: 70.48%	acc@30: 90.61%	
[2023-12-01 02:15:05] INFO (nni/MainThread) Intermediate result: 18.799834180757482  (Index 45)
*** Epoch: 23 ***
-----------------G2R RESULT-------------------

val result: krc:0.829 | lsd:0.516 | ed:0.848 | hr@1:0.719 | hr@2:0.895 | hr@3:0.934 | acc@1:0.719 | acc@2:0.656 | acc@3:0.627 | Best krc: 0.827 | Best epoch: 21
best model saved
[2023-12-01 02:15:32] INFO (nni/MainThread) Intermediate result: 0.8289747901291409  (Index 46)
-----------------ETPA RESULT-------------------
Epoch 23: Validation	rmse: 18.69	mae: 15.2	mape: 111.91%	acc@10: 37.78%	acc@20: 70.69%	acc@30: 90.79%	
[2023-12-01 02:15:32] INFO (nni/MainThread) Intermediate result: 18.69208270211284  (Index 47)
*** Epoch: 24 ***
-----------------G2R RESULT-------------------

val result: krc:0.825 | lsd:0.522 | ed:0.851 | hr@1:0.711 | hr@2:0.893 | hr@3:0.933 | acc@1:0.711 | acc@2:0.651 | acc@3:0.621 | Best krc: 0.829 | Best epoch: 23
[2023-12-01 02:15:58] INFO (nni/MainThread) Intermediate result: 0.8250178210912796  (Index 48)
-----------------ETPA RESULT-------------------
Epoch 24: Validation	rmse: 18.62	mae: 15.16	mape: 111.76%	acc@10: 37.73%	acc@20: 70.81%	acc@30: 90.98%	
[2023-12-01 02:15:58] INFO (nni/MainThread) Intermediate result: 18.620515008563853  (Index 49)
*** Epoch: 25 ***
-----------------G2R RESULT-------------------

val result: krc:0.828 | lsd:0.506 | ed:0.837 | hr@1:0.721 | hr@2:0.897 | hr@3:0.935 | acc@1:0.721 | acc@2:0.66 | acc@3:0.631 | Best krc: 0.829 | Best epoch: 23
[2023-12-01 02:16:25] INFO (nni/MainThread) Intermediate result: 0.8284105727306426  (Index 50)
-----------------ETPA RESULT-------------------
Epoch 25: Validation	rmse: 18.55	mae: 15.11	mape: 111.46%	acc@10: 37.83%	acc@20: 70.97%	acc@30: 91.08%	
[2023-12-01 02:16:25] INFO (nni/MainThread) Intermediate result: 18.54596366893461  (Index 51)
*** Epoch: 26 ***
-----------------G2R RESULT-------------------

val result: krc:0.831 | lsd:0.502 | ed:0.839 | hr@1:0.716 | hr@2:0.899 | hr@3:0.936 | acc@1:0.716 | acc@2:0.66 | acc@3:0.632 | Best krc: 0.829 | Best epoch: 23
best model saved
[2023-12-01 02:16:52] INFO (nni/MainThread) Intermediate result: 0.8305596067117712  (Index 52)
-----------------ETPA RESULT-------------------
Epoch 26: Validation	rmse: 18.44	mae: 15.02	mape: 110.77%	acc@10: 38.18%	acc@20: 71.28%	acc@30: 91.29%	
[2023-12-01 02:16:52] INFO (nni/MainThread) Intermediate result: 18.43609374317145  (Index 53)
*** Epoch: 27 ***
-----------------G2R RESULT-------------------

val result: krc:0.828 | lsd:0.547 | ed:0.851 | hr@1:0.723 | hr@2:0.891 | hr@3:0.93 | acc@1:0.723 | acc@2:0.662 | acc@3:0.63 | Best krc: 0.831 | Best epoch: 26
[2023-12-01 02:17:19] INFO (nni/MainThread) Intermediate result: 0.827588492415777  (Index 54)
-----------------ETPA RESULT-------------------
Epoch 27: Validation	rmse: 18.4	mae: 15.01	mape: 110.76%	acc@10: 38.06%	acc@20: 71.35%	acc@30: 91.36%	
[2023-12-01 02:17:19] INFO (nni/MainThread) Intermediate result: 18.4027414758039  (Index 55)
*** Epoch: 28 ***
-----------------G2R RESULT-------------------

val result: krc:0.835 | lsd:0.498 | ed:0.832 | hr@1:0.727 | hr@2:0.898 | hr@3:0.937 | acc@1:0.727 | acc@2:0.666 | acc@3:0.638 | Best krc: 0.831 | Best epoch: 26
best model saved
[2023-12-01 02:17:46] INFO (nni/MainThread) Intermediate result: 0.8347482810797197  (Index 56)
-----------------ETPA RESULT-------------------
Epoch 28: Validation	rmse: 18.27	mae: 14.89	mape: 109.7%	acc@10: 38.62%	acc@20: 71.71%	acc@30: 91.53%	
[2023-12-01 02:17:46] INFO (nni/MainThread) Intermediate result: 18.26504384946  (Index 57)
*** Epoch: 29 ***
-----------------G2R RESULT-------------------

val result: krc:0.828 | lsd:0.533 | ed:0.848 | hr@1:0.715 | hr@2:0.893 | hr@3:0.931 | acc@1:0.715 | acc@2:0.656 | acc@3:0.627 | Best krc: 0.835 | Best epoch: 28
[2023-12-01 02:18:12] INFO (nni/MainThread) Intermediate result: 0.8276401549510427  (Index 58)
-----------------ETPA RESULT-------------------
Epoch 29: Validation	rmse: 18.17	mae: 14.82	mape: 109.16%	acc@10: 38.84%	acc@20: 71.9%	acc@30: 91.75%	
[2023-12-01 02:18:12] INFO (nni/MainThread) Intermediate result: 18.169581742749116  (Index 59)
*** Epoch: 30 ***
-----------------G2R RESULT-------------------

val result: krc:0.835 | lsd:0.506 | ed:0.825 | hr@1:0.728 | hr@2:0.897 | hr@3:0.934 | acc@1:0.728 | acc@2:0.668 | acc@3:0.634 | Best krc: 0.835 | Best epoch: 28
best model saved
[2023-12-01 02:18:40] INFO (nni/MainThread) Intermediate result: 0.835298417432217  (Index 60)
-----------------ETPA RESULT-------------------
Epoch 30: Validation	rmse: 18.06	mae: 14.74	mape: 108.52%	acc@10: 39.1%	acc@20: 72.13%	acc@30: 91.94%	
[2023-12-01 02:18:40] INFO (nni/MainThread) Intermediate result: 18.06466879487207  (Index 61)
*** Epoch: 31 ***
-----------------G2R RESULT-------------------

val result: krc:0.823 | lsd:0.513 | ed:0.869 | hr@1:0.72 | hr@2:0.892 | hr@3:0.93 | acc@1:0.72 | acc@2:0.654 | acc@3:0.617 | Best krc: 0.835 | Best epoch: 30
[2023-12-01 02:19:06] INFO (nni/MainThread) Intermediate result: 0.8225694870644585  (Index 62)
-----------------ETPA RESULT-------------------
Epoch 31: Validation	rmse: 17.98	mae: 14.67	mape: 107.98%	acc@10: 39.35%	acc@20: 72.37%	acc@30: 92.04%	
[2023-12-01 02:19:06] INFO (nni/MainThread) Intermediate result: 17.979986729525628  (Index 63)
*** Epoch: 32 ***
-----------------G2R RESULT-------------------

val result: krc:0.826 | lsd:0.505 | ed:0.847 | hr@1:0.714 | hr@2:0.892 | hr@3:0.933 | acc@1:0.714 | acc@2:0.652 | acc@3:0.622 | Best krc: 0.835 | Best epoch: 30
[2023-12-01 02:19:33] INFO (nni/MainThread) Intermediate result: 0.8256966133835395  (Index 64)
-----------------ETPA RESULT-------------------
Epoch 32: Validation	rmse: 17.98	mae: 14.67	mape: 107.96%	acc@10: 39.28%	acc@20: 72.42%	acc@30: 91.98%	
[2023-12-01 02:19:33] INFO (nni/MainThread) Intermediate result: 17.975286423421526  (Index 65)
*** Epoch: 33 ***
-----------------G2R RESULT-------------------

val result: krc:0.812 | lsd:0.557 | ed:0.89 | hr@1:0.697 | hr@2:0.887 | hr@3:0.927 | acc@1:0.697 | acc@2:0.637 | acc@3:0.599 | Best krc: 0.835 | Best epoch: 30
[2023-12-01 02:20:00] INFO (nni/MainThread) Intermediate result: 0.8119004783456027  (Index 66)
-----------------ETPA RESULT-------------------
Epoch 33: Validation	rmse: 17.86	mae: 14.58	mape: 107.13%	acc@10: 39.6%	acc@20: 72.69%	acc@30: 92.12%	
[2023-12-01 02:20:00] INFO (nni/MainThread) Intermediate result: 17.864875534383827  (Index 67)
*** Epoch: 34 ***
-----------------G2R RESULT-------------------

val result: krc:0.837 | lsd:0.493 | ed:0.824 | hr@1:0.734 | hr@2:0.899 | hr@3:0.936 | acc@1:0.734 | acc@2:0.672 | acc@3:0.637 | Best krc: 0.835 | Best epoch: 30
best model saved
[2023-12-01 02:20:27] INFO (nni/MainThread) Intermediate result: 0.8374196779268925  (Index 68)
-----------------ETPA RESULT-------------------
Epoch 34: Validation	rmse: 17.78	mae: 14.5	mape: 106.52%	acc@10: 39.9%	acc@20: 72.9%	acc@30: 92.23%	
[2023-12-01 02:20:27] INFO (nni/MainThread) Intermediate result: 17.77871351620683  (Index 69)
*** Epoch: 35 ***
-----------------G2R RESULT-------------------

val result: krc:0.826 | lsd:0.496 | ed:0.845 | hr@1:0.718 | hr@2:0.894 | hr@3:0.935 | acc@1:0.718 | acc@2:0.657 | acc@3:0.624 | Best krc: 0.837 | Best epoch: 34
[2023-12-01 02:20:54] INFO (nni/MainThread) Intermediate result: 0.8264857787114018  (Index 70)
-----------------ETPA RESULT-------------------
Epoch 35: Validation	rmse: 17.73	mae: 14.47	mape: 106.28%	acc@10: 39.97%	acc@20: 73.05%	acc@30: 92.25%	
[2023-12-01 02:20:54] INFO (nni/MainThread) Intermediate result: 17.732074758816502  (Index 71)
*** Epoch: 36 ***
-----------------G2R RESULT-------------------

val result: krc:0.835 | lsd:0.509 | ed:0.83 | hr@1:0.733 | hr@2:0.898 | hr@3:0.935 | acc@1:0.733 | acc@2:0.671 | acc@3:0.64 | Best krc: 0.837 | Best epoch: 34
[2023-12-01 02:21:21] INFO (nni/MainThread) Intermediate result: 0.8352077108788958  (Index 72)
-----------------ETPA RESULT-------------------
Epoch 36: Validation	rmse: 17.68	mae: 14.44	mape: 106.02%	acc@10: 39.99%	acc@20: 73.18%	acc@30: 92.4%	
[2023-12-01 02:21:21] INFO (nni/MainThread) Intermediate result: 17.682188317910974  (Index 73)
*** Epoch: 37 ***
-----------------G2R RESULT-------------------

val result: krc:0.819 | lsd:0.531 | ed:0.869 | hr@1:0.721 | hr@2:0.889 | hr@3:0.925 | acc@1:0.721 | acc@2:0.656 | acc@3:0.62 | Best krc: 0.837 | Best epoch: 34
[2023-12-01 02:21:48] INFO (nni/MainThread) Intermediate result: 0.8192367922931981  (Index 74)
-----------------ETPA RESULT-------------------
Epoch 37: Validation	rmse: 17.61	mae: 14.38	mape: 105.54%	acc@10: 40.16%	acc@20: 73.34%	acc@30: 92.53%	
[2023-12-01 02:21:48] INFO (nni/MainThread) Intermediate result: 17.60915316233698  (Index 75)
*** Epoch: 38 ***
-----------------G2R RESULT-------------------

val result: krc:0.831 | lsd:0.507 | ed:0.823 | hr@1:0.731 | hr@2:0.895 | hr@3:0.933 | acc@1:0.731 | acc@2:0.671 | acc@3:0.638 | Best krc: 0.837 | Best epoch: 34
[2023-12-01 02:22:15] INFO (nni/MainThread) Intermediate result: 0.8314399196165702  (Index 76)
-----------------ETPA RESULT-------------------
Epoch 38: Validation	rmse: 17.54	mae: 14.31	mape: 104.98%	acc@10: 40.47%	acc@20: 73.53%	acc@30: 92.61%	
[2023-12-01 02:22:15] INFO (nni/MainThread) Intermediate result: 17.53708245179888  (Index 77)
*** Epoch: 39 ***
-----------------G2R RESULT-------------------

val result: krc:0.831 | lsd:0.496 | ed:0.833 | hr@1:0.717 | hr@2:0.897 | hr@3:0.934 | acc@1:0.717 | acc@2:0.659 | acc@3:0.628 | Best krc: 0.837 | Best epoch: 34
[2023-12-01 02:22:42] INFO (nni/MainThread) Intermediate result: 0.8312577367409025  (Index 78)
-----------------ETPA RESULT-------------------
Epoch 39: Validation	rmse: 17.47	mae: 14.25	mape: 104.45%	acc@10: 40.74%	acc@20: 73.72%	acc@30: 92.69%	
[2023-12-01 02:22:42] INFO (nni/MainThread) Intermediate result: 17.465748195884025  (Index 79)
*** Epoch: 40 ***
-----------------G2R RESULT-------------------

val result: krc:0.831 | lsd:0.51 | ed:0.831 | hr@1:0.721 | hr@2:0.898 | hr@3:0.935 | acc@1:0.721 | acc@2:0.664 | acc@3:0.634 | Best krc: 0.837 | Best epoch: 34
[2023-12-01 02:23:10] INFO (nni/MainThread) Intermediate result: 0.8309464543133104  (Index 80)
-----------------ETPA RESULT-------------------
Epoch 40: Validation	rmse: 17.41	mae: 14.2	mape: 104.0%	acc@10: 40.98%	acc@20: 73.9%	acc@30: 92.75%	
[2023-12-01 02:23:10] INFO (nni/MainThread) Intermediate result: 17.405788228600183  (Index 81)
*** Epoch: 41 ***
-----------------G2R RESULT-------------------

val result: krc:0.837 | lsd:0.493 | ed:0.823 | hr@1:0.744 | hr@2:0.898 | hr@3:0.934 | acc@1:0.744 | acc@2:0.679 | acc@3:0.648 | Best krc: 0.837 | Best epoch: 34
[2023-12-01 02:23:37] INFO (nni/MainThread) Intermediate result: 0.8370902669372281  (Index 82)
-----------------ETPA RESULT-------------------
Epoch 41: Validation	rmse: 17.38	mae: 14.18	mape: 103.88%	acc@10: 40.98%	acc@20: 73.99%	acc@30: 92.74%	
[2023-12-01 02:23:37] INFO (nni/MainThread) Intermediate result: 17.380511562554616  (Index 83)
*** Epoch: 42 ***
-----------------G2R RESULT-------------------

val result: krc:0.843 | lsd:0.493 | ed:0.807 | hr@1:0.749 | hr@2:0.899 | hr@3:0.936 | acc@1:0.749 | acc@2:0.686 | acc@3:0.655 | Best krc: 0.837 | Best epoch: 34
best model saved
[2023-12-01 02:24:05] INFO (nni/MainThread) Intermediate result: 0.8432904331898646  (Index 84)
-----------------ETPA RESULT-------------------
Epoch 42: Validation	rmse: 17.29	mae: 14.1	mape: 103.11%	acc@10: 41.34%	acc@20: 74.2%	acc@30: 92.83%	
[2023-12-01 02:24:05] INFO (nni/MainThread) Intermediate result: 17.294188791983068  (Index 85)
*** Epoch: 43 ***
-----------------G2R RESULT-------------------

val result: krc:0.832 | lsd:0.498 | ed:0.837 | hr@1:0.739 | hr@2:0.892 | hr@3:0.934 | acc@1:0.739 | acc@2:0.673 | acc@3:0.64 | Best krc: 0.843 | Best epoch: 42
[2023-12-01 02:24:33] INFO (nni/MainThread) Intermediate result: 0.832460447615673  (Index 86)
-----------------ETPA RESULT-------------------
Epoch 43: Validation	rmse: 17.24	mae: 14.05	mape: 102.75%	acc@10: 41.57%	acc@20: 74.34%	acc@30: 92.91%	
[2023-12-01 02:24:33] INFO (nni/MainThread) Intermediate result: 17.240502292917643  (Index 87)
*** Epoch: 44 ***
-----------------G2R RESULT-------------------

val result: krc:0.833 | lsd:0.495 | ed:0.834 | hr@1:0.732 | hr@2:0.897 | hr@3:0.934 | acc@1:0.732 | acc@2:0.67 | acc@3:0.64 | Best krc: 0.843 | Best epoch: 42
[2023-12-01 02:24:59] INFO (nni/MainThread) Intermediate result: 0.8326051942842501  (Index 88)
-----------------ETPA RESULT-------------------
Epoch 44: Validation	rmse: 17.22	mae: 14.04	mape: 102.66%	acc@10: 41.6%	acc@20: 74.42%	acc@30: 92.9%	
[2023-12-01 02:24:59] INFO (nni/MainThread) Intermediate result: 17.221562732005534  (Index 89)
*** Epoch: 45 ***
-----------------G2R RESULT-------------------

val result: krc:0.839 | lsd:0.483 | ed:0.81 | hr@1:0.74 | hr@2:0.899 | hr@3:0.939 | acc@1:0.74 | acc@2:0.68 | acc@3:0.65 | Best krc: 0.843 | Best epoch: 42
[2023-12-01 02:25:27] INFO (nni/MainThread) Intermediate result: 0.8387960883632067  (Index 90)
-----------------ETPA RESULT-------------------
Epoch 45: Validation	rmse: 17.2	mae: 14.02	mape: 102.51%	acc@10: 41.74%	acc@20: 74.51%	acc@30: 92.88%	
[2023-12-01 02:25:27] INFO (nni/MainThread) Intermediate result: 17.198375240093995  (Index 91)
*** Epoch: 46 ***
-----------------G2R RESULT-------------------

val result: krc:0.842 | lsd:0.487 | ed:0.795 | hr@1:0.746 | hr@2:0.899 | hr@3:0.936 | acc@1:0.746 | acc@2:0.685 | acc@3:0.656 | Best krc: 0.843 | Best epoch: 42
[2023-12-01 02:25:54] INFO (nni/MainThread) Intermediate result: 0.8419811201446532  (Index 92)
-----------------ETPA RESULT-------------------
Epoch 46: Validation	rmse: 17.15	mae: 13.98	mape: 102.12%	acc@10: 41.9%	acc@20: 74.62%	acc@30: 92.98%	
[2023-12-01 02:25:54] INFO (nni/MainThread) Intermediate result: 17.149265210139912  (Index 93)
*** Epoch: 47 ***
-----------------G2R RESULT-------------------

val result: krc:0.84 | lsd:0.494 | ed:0.81 | hr@1:0.747 | hr@2:0.897 | hr@3:0.934 | acc@1:0.747 | acc@2:0.682 | acc@3:0.651 | Best krc: 0.843 | Best epoch: 42
[2023-12-01 02:26:21] INFO (nni/MainThread) Intermediate result: 0.8396795363214253  (Index 94)
-----------------ETPA RESULT-------------------
Epoch 47: Validation	rmse: 17.1	mae: 13.93	mape: 101.66%	acc@10: 42.15%	acc@20: 74.8%	acc@30: 93.01%	
[2023-12-01 02:26:21] INFO (nni/MainThread) Intermediate result: 17.09713492219769  (Index 95)
*** Epoch: 48 ***
-----------------G2R RESULT-------------------

val result: krc:0.823 | lsd:0.516 | ed:0.866 | hr@1:0.726 | hr@2:0.893 | hr@3:0.931 | acc@1:0.726 | acc@2:0.658 | acc@3:0.623 | Best krc: 0.843 | Best epoch: 42
[2023-12-01 02:26:48] INFO (nni/MainThread) Intermediate result: 0.8227238207386873  (Index 96)
-----------------ETPA RESULT-------------------
Epoch 48: Validation	rmse: 17.06	mae: 13.9	mape: 101.45%	acc@10: 42.27%	acc@20: 74.89%	acc@30: 93.05%	
[2023-12-01 02:26:48] INFO (nni/MainThread) Intermediate result: 17.05890510919845  (Index 97)
*** Epoch: 49 ***
-----------------G2R RESULT-------------------

val result: krc:0.84 | lsd:0.493 | ed:0.816 | hr@1:0.751 | hr@2:0.895 | hr@3:0.936 | acc@1:0.751 | acc@2:0.68 | acc@3:0.651 | Best krc: 0.843 | Best epoch: 42
[2023-12-01 02:27:17] INFO (nni/MainThread) Intermediate result: 0.8402713990733232  (Index 98)
-----------------ETPA RESULT-------------------
Epoch 49: Validation	rmse: 17.04	mae: 13.88	mape: 101.3%	acc@10: 42.33%	acc@20: 74.95%	acc@30: 93.04%	
[2023-12-01 02:27:17] INFO (nni/MainThread) Intermediate result: 17.039762881556722  (Index 99)
*** Epoch: 50 ***
-----------------G2R RESULT-------------------

val result: krc:0.832 | lsd:0.522 | ed:0.847 | hr@1:0.731 | hr@2:0.89 | hr@3:0.93 | acc@1:0.731 | acc@2:0.665 | acc@3:0.638 | Best krc: 0.843 | Best epoch: 42
[2023-12-01 02:27:46] INFO (nni/MainThread) Intermediate result: 0.832091787789208  (Index 100)
-----------------ETPA RESULT-------------------
Epoch 50: Validation	rmse: 17.01	mae: 13.86	mape: 101.1%	acc@10: 42.44%	acc@20: 75.0%	acc@30: 93.08%	
[2023-12-01 02:27:46] INFO (nni/MainThread) Intermediate result: 17.011276263452363  (Index 101)
*** Epoch: 51 ***
-----------------G2R RESULT-------------------

val result: krc:0.844 | lsd:0.474 | ed:0.801 | hr@1:0.749 | hr@2:0.899 | hr@3:0.939 | acc@1:0.749 | acc@2:0.682 | acc@3:0.653 | Best krc: 0.843 | Best epoch: 42
best model saved
[2023-12-01 02:28:16] INFO (nni/MainThread) Intermediate result: 0.8442018018581201  (Index 102)
-----------------ETPA RESULT-------------------
Epoch 51: Validation	rmse: 16.98	mae: 13.83	mape: 100.87%	acc@10: 42.54%	acc@20: 75.1%	acc@30: 93.09%	
[2023-12-01 02:28:16] INFO (nni/MainThread) Intermediate result: 16.979552735590417  (Index 103)
*** Epoch: 52 ***
-----------------G2R RESULT-------------------

val result: krc:0.794 | lsd:0.577 | ed:0.944 | hr@1:0.685 | hr@2:0.882 | hr@3:0.923 | acc@1:0.685 | acc@2:0.619 | acc@3:0.58 | Best krc: 0.844 | Best epoch: 51
[2023-12-01 02:28:45] INFO (nni/MainThread) Intermediate result: 0.7942969857880222  (Index 104)
-----------------ETPA RESULT-------------------
Epoch 52: Validation	rmse: 16.94	mae: 13.79	mape: 100.56%	acc@10: 42.69%	acc@20: 75.21%	acc@30: 93.14%	
[2023-12-01 02:28:45] INFO (nni/MainThread) Intermediate result: 16.938192165962743  (Index 105)
*** Epoch: 53 ***
-----------------G2R RESULT-------------------

val result: krc:0.846 | lsd:0.467 | ed:0.8 | hr@1:0.753 | hr@2:0.901 | hr@3:0.938 | acc@1:0.753 | acc@2:0.685 | acc@3:0.656 | Best krc: 0.844 | Best epoch: 51
best model saved
[2023-12-01 02:29:17] INFO (nni/MainThread) Intermediate result: 0.8460039447184179  (Index 106)
-----------------ETPA RESULT-------------------
Epoch 53: Validation	rmse: 16.9	mae: 13.76	mape: 100.33%	acc@10: 42.79%	acc@20: 75.29%	acc@30: 93.18%	
[2023-12-01 02:29:17] INFO (nni/MainThread) Intermediate result: 16.90460904060228  (Index 107)
*** Epoch: 54 ***
-----------------G2R RESULT-------------------

val result: krc:0.814 | lsd:0.572 | ed:0.897 | hr@1:0.714 | hr@2:0.886 | hr@3:0.923 | acc@1:0.714 | acc@2:0.644 | acc@3:0.602 | Best krc: 0.846 | Best epoch: 53
[2023-12-01 02:29:44] INFO (nni/MainThread) Intermediate result: 0.814177101785322  (Index 108)
-----------------ETPA RESULT-------------------
Epoch 54: Validation	rmse: 16.87	mae: 13.73	mape: 100.06%	acc@10: 42.95%	acc@20: 75.37%	acc@30: 93.25%	
[2023-12-01 02:29:44] INFO (nni/MainThread) Intermediate result: 16.86560411275975  (Index 109)
*** Epoch: 55 ***
-----------------G2R RESULT-------------------

val result: krc:0.842 | lsd:0.481 | ed:0.805 | hr@1:0.752 | hr@2:0.899 | hr@3:0.938 | acc@1:0.752 | acc@2:0.684 | acc@3:0.653 | Best krc: 0.846 | Best epoch: 53
[2023-12-01 02:30:12] INFO (nni/MainThread) Intermediate result: 0.8419277022512702  (Index 110)
-----------------ETPA RESULT-------------------
Epoch 55: Validation	rmse: 16.83	mae: 13.69	mape: 99.76%	acc@10: 43.1%	acc@20: 75.47%	acc@30: 93.27%	
[2023-12-01 02:30:12] INFO (nni/MainThread) Intermediate result: 16.829825678475913  (Index 111)
*** Epoch: 56 ***
-----------------G2R RESULT-------------------

val result: krc:0.831 | lsd:0.5 | ed:0.836 | hr@1:0.735 | hr@2:0.896 | hr@3:0.934 | acc@1:0.735 | acc@2:0.669 | acc@3:0.641 | Best krc: 0.846 | Best epoch: 53
[2023-12-01 02:30:41] INFO (nni/MainThread) Intermediate result: 0.831444067115252  (Index 112)
-----------------ETPA RESULT-------------------
Epoch 56: Validation	rmse: 16.8	mae: 13.67	mape: 99.61%	acc@10: 43.13%	acc@20: 75.55%	acc@30: 93.29%	
[2023-12-01 02:30:41] INFO (nni/MainThread) Intermediate result: 16.803764215742756  (Index 113)
*** Epoch: 57 ***
-----------------G2R RESULT-------------------

val result: krc:0.838 | lsd:0.496 | ed:0.822 | hr@1:0.738 | hr@2:0.897 | hr@3:0.935 | acc@1:0.738 | acc@2:0.676 | acc@3:0.641 | Best krc: 0.846 | Best epoch: 53
[2023-12-01 02:31:10] INFO (nni/MainThread) Intermediate result: 0.8377352550767506  (Index 114)
-----------------ETPA RESULT-------------------
Epoch 57: Validation	rmse: 16.78	mae: 13.65	mape: 99.41%	acc@10: 43.21%	acc@20: 75.62%	acc@30: 93.31%	
[2023-12-01 02:31:10] INFO (nni/MainThread) Intermediate result: 16.77890074840873  (Index 115)
*** Epoch: 58 ***
-----------------G2R RESULT-------------------

val result: krc:0.84 | lsd:0.485 | ed:0.813 | hr@1:0.736 | hr@2:0.895 | hr@3:0.935 | acc@1:0.736 | acc@2:0.676 | acc@3:0.643 | Best krc: 0.846 | Best epoch: 53
[2023-12-01 02:31:40] INFO (nni/MainThread) Intermediate result: 0.8404713966497963  (Index 116)
-----------------ETPA RESULT-------------------
Epoch 58: Validation	rmse: 16.76	mae: 13.64	mape: 99.3%	acc@10: 43.25%	acc@20: 75.67%	acc@30: 93.35%	
[2023-12-01 02:31:40] INFO (nni/MainThread) Intermediate result: 16.756251012370587  (Index 117)
*** Epoch: 59 ***
-----------------G2R RESULT-------------------

val result: krc:0.83 | lsd:0.501 | ed:0.84 | hr@1:0.726 | hr@2:0.89 | hr@3:0.932 | acc@1:0.726 | acc@2:0.663 | acc@3:0.631 | Best krc: 0.846 | Best epoch: 53
[2023-12-01 02:32:09] INFO (nni/MainThread) Intermediate result: 0.8302690714846378  (Index 118)
-----------------ETPA RESULT-------------------
Epoch 59: Validation	rmse: 16.72	mae: 13.6	mape: 99.0%	acc@10: 43.39%	acc@20: 75.77%	acc@30: 93.41%	
[2023-12-01 02:32:09] INFO (nni/MainThread) Intermediate result: 16.717255448738406  (Index 119)
*** Epoch: 60 ***
-----------------G2R RESULT-------------------

val result: krc:0.839 | lsd:0.479 | ed:0.812 | hr@1:0.732 | hr@2:0.897 | hr@3:0.936 | acc@1:0.732 | acc@2:0.672 | acc@3:0.642 | Best krc: 0.846 | Best epoch: 53
[2023-12-01 02:32:38] INFO (nni/MainThread) Intermediate result: 0.8392378480966152  (Index 120)
-----------------ETPA RESULT-------------------
Epoch 60: Validation	rmse: 16.7	mae: 13.59	mape: 98.85%	acc@10: 43.47%	acc@20: 75.82%	acc@30: 93.42%	
[2023-12-01 02:32:38] INFO (nni/MainThread) Intermediate result: 16.696912308650653  (Index 121)
*** Epoch: 61 ***
-----------------G2R RESULT-------------------

val result: krc:0.836 | lsd:0.51 | ed:0.822 | hr@1:0.736 | hr@2:0.895 | hr@3:0.934 | acc@1:0.736 | acc@2:0.675 | acc@3:0.644 | Best krc: 0.846 | Best epoch: 53
[2023-12-01 02:33:07] INFO (nni/MainThread) Intermediate result: 0.8359294607480002  (Index 122)
-----------------ETPA RESULT-------------------
Epoch 61: Validation	rmse: 16.71	mae: 13.6	mape: 98.93%	acc@10: 43.39%	acc@20: 75.83%	acc@30: 93.42%	
[2023-12-01 02:33:07] INFO (nni/MainThread) Intermediate result: 16.706295593299235  (Index 123)
*** Epoch: 62 ***
-----------------G2R RESULT-------------------

val result: krc:0.843 | lsd:0.479 | ed:0.812 | hr@1:0.744 | hr@2:0.9 | hr@3:0.937 | acc@1:0.744 | acc@2:0.681 | acc@3:0.65 | Best krc: 0.846 | Best epoch: 53
[2023-12-01 02:33:35] INFO (nni/MainThread) Intermediate result: 0.8425816736179658  (Index 124)
-----------------ETPA RESULT-------------------
Epoch 62: Validation	rmse: 16.68	mae: 13.58	mape: 98.77%	acc@10: 43.46%	acc@20: 75.92%	acc@30: 93.43%	
[2023-12-01 02:33:35] INFO (nni/MainThread) Intermediate result: 16.683611519205904  (Index 125)
*** Epoch: 63 ***
-----------------G2R RESULT-------------------

val result: krc:0.84 | lsd:0.487 | ed:0.824 | hr@1:0.736 | hr@2:0.897 | hr@3:0.937 | acc@1:0.736 | acc@2:0.674 | acc@3:0.647 | Best krc: 0.846 | Best epoch: 53
[2023-12-01 02:34:02] INFO (nni/MainThread) Intermediate result: 0.8397235801171089  (Index 126)
-----------------ETPA RESULT-------------------
Epoch 63: Validation	rmse: 16.67	mae: 13.56	mape: 98.64%	acc@10: 43.55%	acc@20: 76.0%	acc@30: 93.4%	
[2023-12-01 02:34:03] INFO (nni/MainThread) Intermediate result: 16.67467512378588  (Index 127)
*** Epoch: 64 ***
-----------------G2R RESULT-------------------

val result: krc:0.838 | lsd:0.479 | ed:0.816 | hr@1:0.737 | hr@2:0.899 | hr@3:0.939 | acc@1:0.737 | acc@2:0.674 | acc@3:0.645 | Best krc: 0.846 | Best epoch: 53
[2023-12-01 02:34:30] INFO (nni/MainThread) Intermediate result: 0.8375196556831886  (Index 128)
-----------------ETPA RESULT-------------------
Epoch 64: Validation	rmse: 16.64	mae: 13.53	mape: 98.43%	acc@10: 43.65%	acc@20: 76.09%	acc@30: 93.45%	
[2023-12-01 02:34:31] INFO (nni/MainThread) Intermediate result: 16.643101078938447  (Index 129)
*** Epoch: 65 ***
-----------------G2R RESULT-------------------

val result: krc:0.833 | lsd:0.495 | ed:0.844 | hr@1:0.725 | hr@2:0.895 | hr@3:0.934 | acc@1:0.725 | acc@2:0.662 | acc@3:0.632 | Best krc: 0.846 | Best epoch: 53
[2023-12-01 02:34:58] INFO (nni/MainThread) Intermediate result: 0.8330612039663198  (Index 130)
-----------------ETPA RESULT-------------------
Epoch 65: Validation	rmse: 16.64	mae: 13.53	mape: 98.35%	acc@10: 43.69%	acc@20: 76.13%	acc@30: 93.43%	
[2023-12-01 02:34:58] INFO (nni/MainThread) Intermediate result: 16.637418483935644  (Index 131)
*** Epoch: 66 ***
-----------------G2R RESULT-------------------

val result: krc:0.837 | lsd:0.485 | ed:0.826 | hr@1:0.735 | hr@2:0.895 | hr@3:0.935 | acc@1:0.735 | acc@2:0.669 | acc@3:0.638 | Best krc: 0.846 | Best epoch: 53
[2023-12-01 02:35:26] INFO (nni/MainThread) Intermediate result: 0.8365890812939348  (Index 132)
-----------------ETPA RESULT-------------------
Epoch 66: Validation	rmse: 16.61	mae: 13.5	mape: 98.08%	acc@10: 43.81%	acc@20: 76.21%	acc@30: 93.48%	
[2023-12-01 02:35:26] INFO (nni/MainThread) Intermediate result: 16.605888073678628  (Index 133)
*** Epoch: 67 ***
-----------------G2R RESULT-------------------

val result: krc:0.835 | lsd:0.483 | ed:0.825 | hr@1:0.73 | hr@2:0.896 | hr@3:0.937 | acc@1:0.73 | acc@2:0.665 | acc@3:0.634 | Best krc: 0.846 | Best epoch: 53
[2023-12-01 02:35:55] INFO (nni/MainThread) Intermediate result: 0.8354251141658225  (Index 134)
-----------------ETPA RESULT-------------------
Epoch 67: Validation	rmse: 16.58	mae: 13.47	mape: 97.87%	acc@10: 43.89%	acc@20: 76.29%	acc@30: 93.52%	
[2023-12-01 02:35:55] INFO (nni/MainThread) Intermediate result: 16.580522437999917  (Index 135)
*** Epoch: 68 ***
-----------------G2R RESULT-------------------

val result: krc:0.813 | lsd:0.53 | ed:0.892 | hr@1:0.714 | hr@2:0.886 | hr@3:0.926 | acc@1:0.714 | acc@2:0.645 | acc@3:0.606 | Best krc: 0.846 | Best epoch: 53
[2023-12-01 02:36:24] INFO (nni/MainThread) Intermediate result: 0.8129857462170536  (Index 136)
-----------------ETPA RESULT-------------------
Epoch 68: Validation	rmse: 16.58	mae: 13.47	mape: 97.88%	acc@10: 43.89%	acc@20: 76.32%	acc@30: 93.49%	
[2023-12-01 02:36:24] INFO (nni/MainThread) Intermediate result: 16.58268385499394  (Index 137)
*** Epoch: 69 ***
-----------------G2R RESULT-------------------

val result: krc:0.843 | lsd:0.494 | ed:0.803 | hr@1:0.744 | hr@2:0.898 | hr@3:0.936 | acc@1:0.744 | acc@2:0.68 | acc@3:0.647 | Best krc: 0.846 | Best epoch: 53
[2023-12-01 02:36:52] INFO (nni/MainThread) Intermediate result: 0.8430294274544383  (Index 138)
-----------------ETPA RESULT-------------------
Epoch 69: Validation	rmse: 16.57	mae: 13.47	mape: 97.81%	acc@10: 43.89%	acc@20: 76.38%	acc@30: 93.5%	
[2023-12-01 02:36:52] INFO (nni/MainThread) Intermediate result: 16.572346734152067  (Index 139)
*** Epoch: 70 ***
-----------------G2R RESULT-------------------

val result: krc:0.841 | lsd:0.492 | ed:0.82 | hr@1:0.752 | hr@2:0.899 | hr@3:0.935 | acc@1:0.752 | acc@2:0.685 | acc@3:0.649 | Best krc: 0.846 | Best epoch: 53
[2023-12-01 02:37:20] INFO (nni/MainThread) Intermediate result: 0.8414419786435526  (Index 140)
-----------------ETPA RESULT-------------------
Epoch 70: Validation	rmse: 16.56	mae: 13.45	mape: 97.62%	acc@10: 43.99%	acc@20: 76.41%	acc@30: 93.51%	
[2023-12-01 02:37:21] INFO (nni/MainThread) Intermediate result: 16.557140180667517  (Index 141)
*** Epoch: 71 ***
-----------------G2R RESULT-------------------

val result: krc:0.837 | lsd:0.494 | ed:0.82 | hr@1:0.739 | hr@2:0.898 | hr@3:0.932 | acc@1:0.739 | acc@2:0.676 | acc@3:0.64 | Best krc: 0.846 | Best epoch: 53
[2023-12-01 02:37:49] INFO (nni/MainThread) Intermediate result: 0.8366335188722595  (Index 142)
-----------------ETPA RESULT-------------------
Epoch 71: Validation	rmse: 16.54	mae: 13.44	mape: 97.52%	acc@10: 44.02%	acc@20: 76.48%	acc@30: 93.51%	
[2023-12-01 02:37:49] INFO (nni/MainThread) Intermediate result: 16.543070070990744  (Index 143)
*** Epoch: 72 ***
-----------------G2R RESULT-------------------

val result: krc:0.84 | lsd:0.49 | ed:0.815 | hr@1:0.737 | hr@2:0.895 | hr@3:0.935 | acc@1:0.737 | acc@2:0.672 | acc@3:0.641 | Best krc: 0.846 | Best epoch: 53
[2023-12-01 02:38:17] INFO (nni/MainThread) Intermediate result: 0.8403651804963568  (Index 144)
-----------------ETPA RESULT-------------------
Epoch 72: Validation	rmse: 16.51	mae: 13.4	mape: 97.18%	acc@10: 44.17%	acc@20: 76.58%	acc@30: 93.57%	
[2023-12-01 02:38:17] INFO (nni/MainThread) Intermediate result: 16.505707792799175  (Index 145)
*** Epoch: 73 ***
-----------------G2R RESULT-------------------

val result: krc:0.839 | lsd:0.469 | ed:0.812 | hr@1:0.733 | hr@2:0.897 | hr@3:0.937 | acc@1:0.733 | acc@2:0.667 | acc@3:0.637 | Best krc: 0.846 | Best epoch: 53
[2023-12-01 02:38:45] INFO (nni/MainThread) Intermediate result: 0.8387031152138279  (Index 146)
-----------------ETPA RESULT-------------------
Epoch 73: Validation	rmse: 16.48	mae: 13.38	mape: 97.01%	acc@10: 44.21%	acc@20: 76.62%	acc@30: 93.61%	
[2023-12-01 02:38:45] INFO (nni/MainThread) Intermediate result: 16.481111197397098  (Index 147)
loaded model path: /home/sentanoe/joint_training/data/dataset/food_pd/sort_model/hidden_size-8.gcnru-pd_1701392692.42089961701392692.4209127
best model loaded !!!
krc:0.834 | lsd:0.369 | ed:0.821 | hr@1:0.746 | hr@2:0.923 | hr@3:0.95 | acc@1:0.746 | acc@2:0.686 | acc@3:0.645 |

-------------------------------------------------------------
Best epoch for G2R:  53
Best epoch for ETPA:  73
graph2route_pd Evaluation in test: krc:0.834 | lsd:0.369 | ed:0.821 | hr@1:0.746 | hr@2:0.923 | hr@3:0.95 | acc@1:0.746 | acc@2:0.686 | acc@3:0.645 |
RankPETA Evaluation in test: rmse: 13.14	mae: 10.5	mape: 91.79%	acc@10: 54.01%	acc@20: 89.45%	acc@30: 97.47%	
