Device:  cuda
{'alpha_loss': 0.5,
 'batch_size': 64,
 'dataset': 'food_pd',
 'datatype': 'order',
 'device': device(type='cuda'),
 'early_stop': 10,
 'edge_fea_dim': 5,
 'embedding_dim': 32,
 'eval_end_1': 11,
 'eval_end_2': 25,
 'eval_start': 1,
 'gcn_num_layers': 2,
 'hidden_size': 8,
 'is_eval': False,
 'is_test': False,
 'k_min_nodes': 3,
 'k_nearest_neighbors': 'n-1',
 'lr': 0.001,
 'max_task_num': 25,
 'min_task_num': 0,
 'modelArrivalTime': 'RankPETA',
 'modelRoute': 'graph2route_pd',
 'no_cuda': False,
 'node_fea_dim': 8,
 'node_features_test': '/home/sentanoe/joint_training/data/dataset/food_pd/node_features_test_full.npy',
 'node_features_train': '/home/sentanoe/joint_training/data/dataset/food_pd/node_features_train_full.npy',
 'node_features_val': '/home/sentanoe/joint_training/data/dataset/food_pd/node_features_val_full.npy',
 'num_block': 2,
 'num_epoch': 1000,
 'num_head': 2,
 'num_worker_logistics': 2346,
 'num_worker_pd': 920,
 'pad_value': 26,
 'seed': 1000,
 'sort_mode': 'pnn_idx',
 'spatial_encoder': 'gcn',
 'temporal_encoder': 'tft',
 'test_path': '/home/sentanoe/joint_training/data/dataset/food_pd/test_full.npy',
 'train_mode': 'sort',
 'train_path': '/home/sentanoe/joint_training/data/dataset/food_pd/train_full.npy',
 'val_path': '/home/sentanoe/joint_training/data/dataset/food_pd/val_full.npy',
 'wd': 1e-05,
 'worker_emb_dim': 10,
 'workers': 2}
last_x_size:13;unpick_x_size:12;input_size:53
#train:2521 | #val:1257 | #test:1261
*** Epoch: 0 ***
-----------------G2R RESULT-------------------

val result: krc:0.759 | lsd:0.744 | ed:1.027 | hr@1:0.635 | hr@2:0.851 | hr@3:0.898 | acc@1:0.635 | acc@2:0.575 | acc@3:0.533 | Best krc: -1 | Best epoch: -1
best model saved
[2023-12-18 23:25:36] INFO (nni/MainThread) Intermediate result: 0.7590911072765029  (Index 0)
-----------------ETPA RESULT-------------------
Epoch 0: Validation	rmse: 24.36	mae: 19.17	mape: 72.49%	acc@10: 31.85%	acc@20: 59.63%	acc@30: 79.63%	
[2023-12-18 23:25:36] INFO (nni/MainThread) Intermediate result: 24.364931814879967  (Index 1)
*** Epoch: 1 ***
-----------------G2R RESULT-------------------

val result: krc:0.763 | lsd:0.696 | ed:1.019 | hr@1:0.638 | hr@2:0.856 | hr@3:0.904 | acc@1:0.638 | acc@2:0.579 | acc@3:0.538 | Best krc: 0.759 | Best epoch: 0
best model saved
[2023-12-18 23:27:15] INFO (nni/MainThread) Intermediate result: 0.7627749199415136  (Index 2)
-----------------ETPA RESULT-------------------
Epoch 1: Validation	rmse: 23.95	mae: 18.41	mape: 100.29%	acc@10: 34.63%	acc@20: 63.52%	acc@30: 81.3%	
[2023-12-18 23:27:15] INFO (nni/MainThread) Intermediate result: 23.950099627485002  (Index 3)
*** Epoch: 2 ***
-----------------G2R RESULT-------------------

val result: krc:0.761 | lsd:0.7 | ed:1.029 | hr@1:0.636 | hr@2:0.857 | hr@3:0.904 | acc@1:0.636 | acc@2:0.576 | acc@3:0.531 | Best krc: 0.763 | Best epoch: 1
[2023-12-18 23:28:53] INFO (nni/MainThread) Intermediate result: 0.7611041357871263  (Index 4)
-----------------ETPA RESULT-------------------
Epoch 2: Validation	rmse: 22.57	mae: 17.49	mape: 104.8%	acc@10: 36.17%	acc@20: 66.67%	acc@30: 83.46%	
[2023-12-18 23:28:53] INFO (nni/MainThread) Intermediate result: 22.57118958206414  (Index 5)
*** Epoch: 3 ***
-----------------G2R RESULT-------------------

val result: krc:0.765 | lsd:0.699 | ed:1.013 | hr@1:0.648 | hr@2:0.859 | hr@3:0.906 | acc@1:0.648 | acc@2:0.584 | acc@3:0.543 | Best krc: 0.763 | Best epoch: 1
best model saved
[2023-12-18 23:30:31] INFO (nni/MainThread) Intermediate result: 0.7646326240117232  (Index 6)
-----------------ETPA RESULT-------------------
Epoch 3: Validation	rmse: 21.64	mae: 16.74	mape: 103.92%	acc@10: 38.43%	acc@20: 68.61%	acc@30: 84.54%	
[2023-12-18 23:30:31] INFO (nni/MainThread) Intermediate result: 21.643611740362523  (Index 7)
*** Epoch: 4 ***
-----------------G2R RESULT-------------------

val result: krc:0.761 | lsd:0.689 | ed:1.019 | hr@1:0.634 | hr@2:0.857 | hr@3:0.903 | acc@1:0.634 | acc@2:0.572 | acc@3:0.527 | Best krc: 0.765 | Best epoch: 3
[2023-12-18 23:32:09] INFO (nni/MainThread) Intermediate result: 0.7613113408478515  (Index 8)
-----------------ETPA RESULT-------------------
Epoch 4: Validation	rmse: 20.96	mae: 16.27	mape: 104.64%	acc@10: 39.04%	acc@20: 69.48%	acc@30: 85.78%	
[2023-12-18 23:32:09] INFO (nni/MainThread) Intermediate result: 20.962843890564958  (Index 9)
*** Epoch: 5 ***
-----------------G2R RESULT-------------------

val result: krc:0.768 | lsd:0.675 | ed:1.008 | hr@1:0.629 | hr@2:0.861 | hr@3:0.91 | acc@1:0.629 | acc@2:0.573 | acc@3:0.535 | Best krc: 0.765 | Best epoch: 3
best model saved
[2023-12-18 23:33:48] INFO (nni/MainThread) Intermediate result: 0.7679182095010691  (Index 10)
-----------------ETPA RESULT-------------------
Epoch 5: Validation	rmse: 20.12	mae: 15.63	mape: 101.86%	acc@10: 40.8%	acc@20: 71.3%	acc@30: 87.16%	
[2023-12-18 23:33:48] INFO (nni/MainThread) Intermediate result: 20.119886615998244  (Index 11)
*** Epoch: 6 ***
-----------------G2R RESULT-------------------

val result: krc:0.784 | lsd:0.663 | ed:0.971 | hr@1:0.662 | hr@2:0.864 | hr@3:0.909 | acc@1:0.662 | acc@2:0.599 | acc@3:0.558 | Best krc: 0.768 | Best epoch: 5
best model saved
[2023-12-18 23:35:27] INFO (nni/MainThread) Intermediate result: 0.7836899261647841  (Index 12)
-----------------ETPA RESULT-------------------
Epoch 6: Validation	rmse: 19.54	mae: 15.23	mape: 100.74%	acc@10: 41.69%	acc@20: 72.06%	acc@30: 88.25%	
[2023-12-18 23:35:27] INFO (nni/MainThread) Intermediate result: 19.540726069899723  (Index 13)
*** Epoch: 7 ***
-----------------G2R RESULT-------------------

val result: krc:0.782 | lsd:0.664 | ed:0.979 | hr@1:0.669 | hr@2:0.863 | hr@3:0.91 | acc@1:0.669 | acc@2:0.599 | acc@3:0.559 | Best krc: 0.784 | Best epoch: 6
[2023-12-18 23:37:05] INFO (nni/MainThread) Intermediate result: 0.7823231069405097  (Index 14)
-----------------ETPA RESULT-------------------
Epoch 7: Validation	rmse: 19.13	mae: 14.96	mape: 100.22%	acc@10: 42.22%	acc@20: 72.78%	acc@30: 89.07%	
[2023-12-18 23:37:05] INFO (nni/MainThread) Intermediate result: 19.13110084835841  (Index 15)
*** Epoch: 8 ***
-----------------G2R RESULT-------------------

val result: krc:0.773 | lsd:0.693 | ed:0.979 | hr@1:0.668 | hr@2:0.859 | hr@3:0.906 | acc@1:0.668 | acc@2:0.602 | acc@3:0.561 | Best krc: 0.784 | Best epoch: 6
[2023-12-18 23:38:43] INFO (nni/MainThread) Intermediate result: 0.7730359698440153  (Index 16)
-----------------ETPA RESULT-------------------
Epoch 8: Validation	rmse: 18.72	mae: 14.66	mape: 99.19%	acc@10: 42.88%	acc@20: 73.54%	acc@30: 89.75%	
[2023-12-18 23:38:43] INFO (nni/MainThread) Intermediate result: 18.720694658806774  (Index 17)
*** Epoch: 9 ***
-----------------G2R RESULT-------------------

val result: krc:0.785 | lsd:0.677 | ed:0.962 | hr@1:0.672 | hr@2:0.861 | hr@3:0.912 | acc@1:0.672 | acc@2:0.6 | acc@3:0.562 | Best krc: 0.784 | Best epoch: 6
best model saved
[2023-12-18 23:40:22] INFO (nni/MainThread) Intermediate result: 0.7849546621737264  (Index 18)
-----------------ETPA RESULT-------------------
Epoch 9: Validation	rmse: 18.32	mae: 14.36	mape: 97.57%	acc@10: 43.74%	acc@20: 74.48%	acc@30: 90.3%	
[2023-12-18 23:40:22] INFO (nni/MainThread) Intermediate result: 18.319494985524116  (Index 19)
*** Epoch: 10 ***
-----------------G2R RESULT-------------------

val result: krc:0.784 | lsd:0.642 | ed:0.951 | hr@1:0.66 | hr@2:0.864 | hr@3:0.914 | acc@1:0.66 | acc@2:0.597 | acc@3:0.564 | Best krc: 0.785 | Best epoch: 9
[2023-12-18 23:42:01] INFO (nni/MainThread) Intermediate result: 0.7844646357545353  (Index 20)
-----------------ETPA RESULT-------------------
Epoch 10: Validation	rmse: 17.98	mae: 14.11	mape: 96.13%	acc@10: 44.41%	acc@20: 75.39%	acc@30: 90.74%	
[2023-12-18 23:42:01] INFO (nni/MainThread) Intermediate result: 17.979223658663244  (Index 21)
*** Epoch: 11 ***
-----------------G2R RESULT-------------------

val result: krc:0.765 | lsd:0.701 | ed:1.026 | hr@1:0.648 | hr@2:0.859 | hr@3:0.905 | acc@1:0.648 | acc@2:0.582 | acc@3:0.535 | Best krc: 0.785 | Best epoch: 9
[2023-12-18 23:43:40] INFO (nni/MainThread) Intermediate result: 0.764586941018948  (Index 22)
-----------------ETPA RESULT-------------------
Epoch 11: Validation	rmse: 17.64	mae: 13.84	mape: 94.2%	acc@10: 45.37%	acc@20: 76.3%	acc@30: 91.23%	
[2023-12-18 23:43:40] INFO (nni/MainThread) Intermediate result: 17.635917846012706  (Index 23)
*** Epoch: 12 ***
-----------------G2R RESULT-------------------

val result: krc:0.775 | lsd:0.702 | ed:0.987 | hr@1:0.659 | hr@2:0.866 | hr@3:0.909 | acc@1:0.659 | acc@2:0.596 | acc@3:0.555 | Best krc: 0.785 | Best epoch: 9
[2023-12-18 23:45:19] INFO (nni/MainThread) Intermediate result: 0.7752938958885612  (Index 24)
-----------------ETPA RESULT-------------------
Epoch 12: Validation	rmse: 17.41	mae: 13.65	mape: 93.08%	acc@10: 45.98%	acc@20: 76.84%	acc@30: 91.42%	
[2023-12-18 23:45:19] INFO (nni/MainThread) Intermediate result: 17.40955364412225  (Index 25)
*** Epoch: 13 ***
-----------------G2R RESULT-------------------

val result: krc:0.796 | lsd:0.615 | ed:0.909 | hr@1:0.689 | hr@2:0.87 | hr@3:0.915 | acc@1:0.689 | acc@2:0.622 | acc@3:0.585 | Best krc: 0.785 | Best epoch: 9
best model saved
[2023-12-18 23:46:59] INFO (nni/MainThread) Intermediate result: 0.79589021385261  (Index 26)
-----------------ETPA RESULT-------------------
Epoch 13: Validation	rmse: 17.21	mae: 13.5	mape: 92.38%	acc@10: 46.4%	acc@20: 77.35%	acc@30: 91.67%	
[2023-12-18 23:46:59] INFO (nni/MainThread) Intermediate result: 17.21446170555647  (Index 27)
*** Epoch: 14 ***
-----------------G2R RESULT-------------------

val result: krc:0.793 | lsd:0.62 | ed:0.933 | hr@1:0.675 | hr@2:0.868 | hr@3:0.916 | acc@1:0.675 | acc@2:0.616 | acc@3:0.578 | Best krc: 0.796 | Best epoch: 13
[2023-12-18 23:48:39] INFO (nni/MainThread) Intermediate result: 0.7931588361758891  (Index 28)
-----------------ETPA RESULT-------------------
Epoch 14: Validation	rmse: 17.04	mae: 13.36	mape: 91.59%	acc@10: 46.81%	acc@20: 77.75%	acc@30: 91.95%	
[2023-12-18 23:48:39] INFO (nni/MainThread) Intermediate result: 17.037931728548283  (Index 29)
*** Epoch: 15 ***
-----------------G2R RESULT-------------------

val result: krc:0.796 | lsd:0.608 | ed:0.921 | hr@1:0.687 | hr@2:0.868 | hr@3:0.916 | acc@1:0.687 | acc@2:0.62 | acc@3:0.582 | Best krc: 0.796 | Best epoch: 13
best model saved
[2023-12-18 23:50:19] INFO (nni/MainThread) Intermediate result: 0.796004190144986  (Index 30)
-----------------ETPA RESULT-------------------
Epoch 15: Validation	rmse: 16.83	mae: 13.19	mape: 89.98%	acc@10: 47.43%	acc@20: 78.29%	acc@30: 92.22%	
[2023-12-18 23:50:19] INFO (nni/MainThread) Intermediate result: 16.832173226736565  (Index 31)
*** Epoch: 16 ***
-----------------G2R RESULT-------------------

val result: krc:0.793 | lsd:0.635 | ed:0.928 | hr@1:0.686 | hr@2:0.864 | hr@3:0.918 | acc@1:0.686 | acc@2:0.616 | acc@3:0.58 | Best krc: 0.796 | Best epoch: 15
[2023-12-18 23:51:59] INFO (nni/MainThread) Intermediate result: 0.7926259443968234  (Index 32)
-----------------ETPA RESULT-------------------
Epoch 16: Validation	rmse: 16.67	mae: 13.06	mape: 88.87%	acc@10: 47.71%	acc@20: 78.82%	acc@30: 92.4%	
[2023-12-18 23:51:59] INFO (nni/MainThread) Intermediate result: 16.66886221524869  (Index 33)
*** Epoch: 17 ***
-----------------G2R RESULT-------------------

val result: krc:0.808 | lsd:0.592 | ed:0.897 | hr@1:0.714 | hr@2:0.866 | hr@3:0.92 | acc@1:0.714 | acc@2:0.634 | acc@3:0.596 | Best krc: 0.796 | Best epoch: 15
best model saved
[2023-12-18 23:53:38] INFO (nni/MainThread) Intermediate result: 0.8076160351980203  (Index 34)
-----------------ETPA RESULT-------------------
Epoch 17: Validation	rmse: 16.54	mae: 12.96	mape: 88.44%	acc@10: 47.9%	acc@20: 79.16%	acc@30: 92.57%	
[2023-12-18 23:53:38] INFO (nni/MainThread) Intermediate result: 16.54029668636354  (Index 35)
*** Epoch: 18 ***
-----------------G2R RESULT-------------------

val result: krc:0.806 | lsd:0.628 | ed:0.893 | hr@1:0.709 | hr@2:0.867 | hr@3:0.919 | acc@1:0.709 | acc@2:0.638 | acc@3:0.603 | Best krc: 0.808 | Best epoch: 17
[2023-12-18 23:55:17] INFO (nni/MainThread) Intermediate result: 0.8055401367163502  (Index 36)
-----------------ETPA RESULT-------------------
Epoch 18: Validation	rmse: 16.4	mae: 12.86	mape: 87.77%	acc@10: 48.23%	acc@20: 79.49%	acc@30: 92.79%	
[2023-12-18 23:55:17] INFO (nni/MainThread) Intermediate result: 16.40454430488088  (Index 37)
*** Epoch: 19 ***
-----------------G2R RESULT-------------------

val result: krc:0.802 | lsd:0.645 | ed:0.901 | hr@1:0.711 | hr@2:0.868 | hr@3:0.915 | acc@1:0.711 | acc@2:0.638 | acc@3:0.6 | Best krc: 0.808 | Best epoch: 17
[2023-12-18 23:56:57] INFO (nni/MainThread) Intermediate result: 0.8023627993894719  (Index 38)
-----------------ETPA RESULT-------------------
Epoch 19: Validation	rmse: 16.29	mae: 12.77	mape: 86.98%	acc@10: 48.59%	acc@20: 79.74%	acc@30: 92.91%	
[2023-12-18 23:56:57] INFO (nni/MainThread) Intermediate result: 16.285696133935808  (Index 39)
*** Epoch: 20 ***
-----------------G2R RESULT-------------------

val result: krc:0.801 | lsd:0.628 | ed:0.916 | hr@1:0.704 | hr@2:0.865 | hr@3:0.914 | acc@1:0.704 | acc@2:0.628 | acc@3:0.592 | Best krc: 0.808 | Best epoch: 17
[2023-12-18 23:58:35] INFO (nni/MainThread) Intermediate result: 0.8010398692952256  (Index 40)
-----------------ETPA RESULT-------------------
Epoch 20: Validation	rmse: 16.19	mae: 12.69	mape: 86.49%	acc@10: 48.82%	acc@20: 79.93%	acc@30: 93.03%	
[2023-12-18 23:58:35] INFO (nni/MainThread) Intermediate result: 16.187558614511808  (Index 41)
*** Epoch: 21 ***
-----------------G2R RESULT-------------------

val result: krc:0.792 | lsd:0.663 | ed:0.934 | hr@1:0.697 | hr@2:0.872 | hr@3:0.912 | acc@1:0.697 | acc@2:0.632 | acc@3:0.586 | Best krc: 0.808 | Best epoch: 17
[2023-12-19 00:00:13] INFO (nni/MainThread) Intermediate result: 0.7921224148246448  (Index 42)
-----------------ETPA RESULT-------------------
Epoch 21: Validation	rmse: 16.1	mae: 12.63	mape: 86.11%	acc@10: 48.96%	acc@20: 80.1%	acc@30: 93.13%	
[2023-12-19 00:00:13] INFO (nni/MainThread) Intermediate result: 16.103431052697925  (Index 43)
*** Epoch: 22 ***
-----------------G2R RESULT-------------------

val result: krc:0.801 | lsd:0.643 | ed:0.902 | hr@1:0.706 | hr@2:0.87 | hr@3:0.918 | acc@1:0.706 | acc@2:0.63 | acc@3:0.595 | Best krc: 0.808 | Best epoch: 17
[2023-12-19 00:01:49] INFO (nni/MainThread) Intermediate result: 0.8008337352456286  (Index 44)
-----------------ETPA RESULT-------------------
Epoch 22: Validation	rmse: 16.0	mae: 12.55	mape: 85.49%	acc@10: 49.16%	acc@20: 80.34%	acc@30: 93.29%	
[2023-12-19 00:01:49] INFO (nni/MainThread) Intermediate result: 16.0003776043935  (Index 45)
*** Epoch: 23 ***
-----------------G2R RESULT-------------------

val result: krc:0.806 | lsd:0.609 | ed:0.888 | hr@1:0.697 | hr@2:0.874 | hr@3:0.923 | acc@1:0.697 | acc@2:0.637 | acc@3:0.604 | Best krc: 0.808 | Best epoch: 17
[2023-12-19 00:03:24] INFO (nni/MainThread) Intermediate result: 0.8061646381279087  (Index 46)
-----------------ETPA RESULT-------------------
Epoch 23: Validation	rmse: 15.92	mae: 12.49	mape: 85.01%	acc@10: 49.34%	acc@20: 80.51%	acc@30: 93.43%	
[2023-12-19 00:03:24] INFO (nni/MainThread) Intermediate result: 15.917139017063235  (Index 47)
*** Epoch: 24 ***
-----------------G2R RESULT-------------------

val result: krc:0.802 | lsd:0.61 | ed:0.898 | hr@1:0.693 | hr@2:0.874 | hr@3:0.918 | acc@1:0.693 | acc@2:0.629 | acc@3:0.592 | Best krc: 0.808 | Best epoch: 17
[2023-12-19 00:05:01] INFO (nni/MainThread) Intermediate result: 0.8017433537328598  (Index 48)
-----------------ETPA RESULT-------------------
Epoch 24: Validation	rmse: 15.88	mae: 12.47	mape: 84.91%	acc@10: 49.41%	acc@20: 80.58%	acc@30: 93.5%	
[2023-12-19 00:05:01] INFO (nni/MainThread) Intermediate result: 15.880739602340489  (Index 49)
*** Epoch: 25 ***
-----------------G2R RESULT-------------------

val result: krc:0.807 | lsd:0.635 | ed:0.899 | hr@1:0.718 | hr@2:0.875 | hr@3:0.92 | acc@1:0.718 | acc@2:0.648 | acc@3:0.608 | Best krc: 0.808 | Best epoch: 17
[2023-12-19 00:06:37] INFO (nni/MainThread) Intermediate result: 0.8069365944748542  (Index 50)
-----------------ETPA RESULT-------------------
Epoch 25: Validation	rmse: 15.82	mae: 12.43	mape: 84.8%	acc@10: 49.5%	acc@20: 80.64%	acc@30: 93.59%	
[2023-12-19 00:06:37] INFO (nni/MainThread) Intermediate result: 15.824956097900806  (Index 51)
*** Epoch: 26 ***
-----------------G2R RESULT-------------------

val result: krc:0.808 | lsd:0.597 | ed:0.895 | hr@1:0.705 | hr@2:0.876 | hr@3:0.925 | acc@1:0.705 | acc@2:0.635 | acc@3:0.603 | Best krc: 0.808 | Best epoch: 17
best model saved
[2023-12-19 00:08:15] INFO (nni/MainThread) Intermediate result: 0.8079205608720257  (Index 52)
-----------------ETPA RESULT-------------------
Epoch 26: Validation	rmse: 15.76	mae: 12.38	mape: 84.22%	acc@10: 49.68%	acc@20: 80.77%	acc@30: 93.72%	
[2023-12-19 00:08:15] INFO (nni/MainThread) Intermediate result: 15.756607895842835  (Index 53)
*** Epoch: 27 ***
-----------------G2R RESULT-------------------

val result: krc:0.812 | lsd:0.579 | ed:0.876 | hr@1:0.708 | hr@2:0.879 | hr@3:0.924 | acc@1:0.708 | acc@2:0.644 | acc@3:0.609 | Best krc: 0.808 | Best epoch: 26
best model saved
[2023-12-19 00:09:53] INFO (nni/MainThread) Intermediate result: 0.8121383305030003  (Index 54)
-----------------ETPA RESULT-------------------
Epoch 27: Validation	rmse: 15.71	mae: 12.34	mape: 84.0%	acc@10: 49.81%	acc@20: 80.86%	acc@30: 93.81%	
[2023-12-19 00:09:53] INFO (nni/MainThread) Intermediate result: 15.707169878076039  (Index 55)
*** Epoch: 28 ***
-----------------G2R RESULT-------------------

val result: krc:0.809 | lsd:0.609 | ed:0.904 | hr@1:0.723 | hr@2:0.877 | hr@3:0.922 | acc@1:0.723 | acc@2:0.651 | acc@3:0.612 | Best krc: 0.812 | Best epoch: 27
[2023-12-19 00:11:29] INFO (nni/MainThread) Intermediate result: 0.8089153160075769  (Index 56)
-----------------ETPA RESULT-------------------
Epoch 28: Validation	rmse: 15.65	mae: 12.3	mape: 83.45%	acc@10: 49.95%	acc@20: 80.97%	acc@30: 93.87%	
[2023-12-19 00:11:29] INFO (nni/MainThread) Intermediate result: 15.649610554343278  (Index 57)
*** Epoch: 29 ***
-----------------G2R RESULT-------------------

val result: krc:0.807 | lsd:0.592 | ed:0.889 | hr@1:0.708 | hr@2:0.882 | hr@3:0.924 | acc@1:0.708 | acc@2:0.641 | acc@3:0.602 | Best krc: 0.812 | Best epoch: 27
[2023-12-19 00:13:05] INFO (nni/MainThread) Intermediate result: 0.8067405030150985  (Index 58)
-----------------ETPA RESULT-------------------
Epoch 29: Validation	rmse: 15.64	mae: 12.3	mape: 83.71%	acc@10: 49.8%	acc@20: 80.99%	acc@30: 93.95%	
[2023-12-19 00:13:05] INFO (nni/MainThread) Intermediate result: 15.636126098200913  (Index 59)
*** Epoch: 30 ***
-----------------G2R RESULT-------------------

val result: krc:0.802 | lsd:0.62 | ed:0.907 | hr@1:0.716 | hr@2:0.872 | hr@3:0.916 | acc@1:0.716 | acc@2:0.641 | acc@3:0.596 | Best krc: 0.812 | Best epoch: 27
[2023-12-19 00:14:40] INFO (nni/MainThread) Intermediate result: 0.8021109797585529  (Index 60)
-----------------ETPA RESULT-------------------
Epoch 30: Validation	rmse: 15.58	mae: 12.27	mape: 83.45%	acc@10: 49.82%	acc@20: 81.17%	acc@30: 94.04%	
[2023-12-19 00:14:40] INFO (nni/MainThread) Intermediate result: 15.581747575301744  (Index 61)
*** Epoch: 31 ***
-----------------G2R RESULT-------------------

val result: krc:0.77 | lsd:0.723 | ed:0.993 | hr@1:0.677 | hr@2:0.857 | hr@3:0.911 | acc@1:0.677 | acc@2:0.601 | acc@3:0.558 | Best krc: 0.812 | Best epoch: 27
[2023-12-19 00:16:16] INFO (nni/MainThread) Intermediate result: 0.7696268223509151  (Index 62)
-----------------ETPA RESULT-------------------
Epoch 31: Validation	rmse: 15.53	mae: 12.23	mape: 83.12%	acc@10: 49.91%	acc@20: 81.28%	acc@30: 94.1%	
[2023-12-19 00:16:16] INFO (nni/MainThread) Intermediate result: 15.532227150729614  (Index 63)
*** Epoch: 32 ***
-----------------G2R RESULT-------------------

val result: krc:0.809 | lsd:0.619 | ed:0.866 | hr@1:0.717 | hr@2:0.873 | hr@3:0.922 | acc@1:0.717 | acc@2:0.645 | acc@3:0.611 | Best krc: 0.812 | Best epoch: 27
[2023-12-19 00:17:52] INFO (nni/MainThread) Intermediate result: 0.8088648885325755  (Index 64)
-----------------ETPA RESULT-------------------
Epoch 32: Validation	rmse: 15.49	mae: 12.19	mape: 82.67%	acc@10: 50.04%	acc@20: 81.35%	acc@30: 94.15%	
[2023-12-19 00:17:52] INFO (nni/MainThread) Intermediate result: 15.48623816732323  (Index 65)
*** Epoch: 33 ***
-----------------G2R RESULT-------------------

val result: krc:0.801 | lsd:0.636 | ed:0.913 | hr@1:0.709 | hr@2:0.869 | hr@3:0.918 | acc@1:0.709 | acc@2:0.631 | acc@3:0.596 | Best krc: 0.812 | Best epoch: 27
[2023-12-19 00:19:27] INFO (nni/MainThread) Intermediate result: 0.8011393714060963  (Index 66)
-----------------ETPA RESULT-------------------
Epoch 33: Validation	rmse: 15.44	mae: 12.16	mape: 82.23%	acc@10: 50.2%	acc@20: 81.44%	acc@30: 94.22%	
[2023-12-19 00:19:27] INFO (nni/MainThread) Intermediate result: 15.443638260525022  (Index 67)
*** Epoch: 34 ***
-----------------G2R RESULT-------------------

val result: krc:0.807 | lsd:0.629 | ed:0.874 | hr@1:0.704 | hr@2:0.875 | hr@3:0.92 | acc@1:0.704 | acc@2:0.645 | acc@3:0.608 | Best krc: 0.812 | Best epoch: 27
[2023-12-19 00:21:03] INFO (nni/MainThread) Intermediate result: 0.8074661340861604  (Index 68)
-----------------ETPA RESULT-------------------
Epoch 34: Validation	rmse: 15.42	mae: 12.14	mape: 82.16%	acc@10: 50.22%	acc@20: 81.49%	acc@30: 94.26%	
[2023-12-19 00:21:03] INFO (nni/MainThread) Intermediate result: 15.4173075297351  (Index 69)
*** Epoch: 35 ***
-----------------G2R RESULT-------------------

val result: krc:0.809 | lsd:0.604 | ed:0.88 | hr@1:0.717 | hr@2:0.871 | hr@3:0.92 | acc@1:0.717 | acc@2:0.642 | acc@3:0.606 | Best krc: 0.812 | Best epoch: 27
[2023-12-19 00:22:39] INFO (nni/MainThread) Intermediate result: 0.8088113395940243  (Index 70)
-----------------ETPA RESULT-------------------
Epoch 35: Validation	rmse: 15.38	mae: 12.12	mape: 81.94%	acc@10: 50.23%	acc@20: 81.55%	acc@30: 94.33%	
[2023-12-19 00:22:39] INFO (nni/MainThread) Intermediate result: 15.382772651420117  (Index 71)
*** Epoch: 36 ***
-----------------G2R RESULT-------------------

val result: krc:0.812 | lsd:0.617 | ed:0.867 | hr@1:0.718 | hr@2:0.875 | hr@3:0.921 | acc@1:0.718 | acc@2:0.65 | acc@3:0.613 | Best krc: 0.812 | Best epoch: 27
best model saved
[2023-12-19 00:24:16] INFO (nni/MainThread) Intermediate result: 0.812453511928807  (Index 72)
-----------------ETPA RESULT-------------------
Epoch 36: Validation	rmse: 15.35	mae: 12.11	mape: 81.89%	acc@10: 50.21%	acc@20: 81.61%	acc@30: 94.39%	
[2023-12-19 00:24:16] INFO (nni/MainThread) Intermediate result: 15.354686530431849  (Index 73)
*** Epoch: 37 ***
-----------------G2R RESULT-------------------

val result: krc:0.79 | lsd:0.647 | ed:0.942 | hr@1:0.704 | hr@2:0.862 | hr@3:0.915 | acc@1:0.704 | acc@2:0.618 | acc@3:0.581 | Best krc: 0.812 | Best epoch: 36
[2023-12-19 00:25:52] INFO (nni/MainThread) Intermediate result: 0.7900347559289405  (Index 74)
-----------------ETPA RESULT-------------------
Epoch 37: Validation	rmse: 15.31	mae: 12.08	mape: 81.66%	acc@10: 50.21%	acc@20: 81.72%	acc@30: 94.46%	
[2023-12-19 00:25:52] INFO (nni/MainThread) Intermediate result: 15.31336591551381  (Index 75)
*** Epoch: 38 ***
-----------------G2R RESULT-------------------

val result: krc:0.8 | lsd:0.644 | ed:0.907 | hr@1:0.713 | hr@2:0.863 | hr@3:0.917 | acc@1:0.713 | acc@2:0.634 | acc@3:0.597 | Best krc: 0.812 | Best epoch: 36
[2023-12-19 00:27:28] INFO (nni/MainThread) Intermediate result: 0.8002635920169807  (Index 76)
-----------------ETPA RESULT-------------------
Epoch 38: Validation	rmse: 15.29	mae: 12.06	mape: 81.43%	acc@10: 50.22%	acc@20: 81.77%	acc@30: 94.49%	
[2023-12-19 00:27:28] INFO (nni/MainThread) Intermediate result: 15.287002961933997  (Index 77)
*** Epoch: 39 ***
-----------------G2R RESULT-------------------

val result: krc:0.808 | lsd:0.617 | ed:0.889 | hr@1:0.725 | hr@2:0.865 | hr@3:0.92 | acc@1:0.725 | acc@2:0.639 | acc@3:0.606 | Best krc: 0.812 | Best epoch: 36
[2023-12-19 00:29:04] INFO (nni/MainThread) Intermediate result: 0.8079988870544184  (Index 78)
-----------------ETPA RESULT-------------------
Epoch 39: Validation	rmse: 15.27	mae: 12.05	mape: 81.21%	acc@10: 50.32%	acc@20: 81.78%	acc@30: 94.51%	
[2023-12-19 00:29:04] INFO (nni/MainThread) Intermediate result: 15.271327487659672  (Index 79)
*** Epoch: 40 ***
-----------------G2R RESULT-------------------

val result: krc:0.796 | lsd:0.67 | ed:0.938 | hr@1:0.697 | hr@2:0.874 | hr@3:0.915 | acc@1:0.697 | acc@2:0.628 | acc@3:0.586 | Best krc: 0.812 | Best epoch: 36
[2023-12-19 00:30:38] INFO (nni/MainThread) Intermediate result: 0.7964224947346942  (Index 80)
-----------------ETPA RESULT-------------------
Epoch 40: Validation	rmse: 15.24	mae: 12.02	mape: 81.03%	acc@10: 50.38%	acc@20: 81.89%	acc@30: 94.56%	
[2023-12-19 00:30:38] INFO (nni/MainThread) Intermediate result: 15.237895742778683  (Index 81)
*** Epoch: 41 ***
-----------------G2R RESULT-------------------

val result: krc:0.8 | lsd:0.613 | ed:0.912 | hr@1:0.707 | hr@2:0.873 | hr@3:0.923 | acc@1:0.707 | acc@2:0.634 | acc@3:0.598 | Best krc: 0.812 | Best epoch: 36
[2023-12-19 00:32:11] INFO (nni/MainThread) Intermediate result: 0.8001884656016706  (Index 82)
-----------------ETPA RESULT-------------------
Epoch 41: Validation	rmse: 15.21	mae: 12.0	mape: 80.89%	acc@10: 50.44%	acc@20: 81.95%	acc@30: 94.59%	
[2023-12-19 00:32:12] INFO (nni/MainThread) Intermediate result: 15.208767410172435  (Index 83)
*** Epoch: 42 ***
-----------------G2R RESULT-------------------

val result: krc:0.816 | lsd:0.611 | ed:0.875 | hr@1:0.725 | hr@2:0.875 | hr@3:0.921 | acc@1:0.725 | acc@2:0.654 | acc@3:0.615 | Best krc: 0.812 | Best epoch: 36
best model saved
[2023-12-19 00:33:47] INFO (nni/MainThread) Intermediate result: 0.816411011295139  (Index 84)
-----------------ETPA RESULT-------------------
Epoch 42: Validation	rmse: 15.18	mae: 11.99	mape: 80.74%	acc@10: 50.45%	acc@20: 82.03%	acc@30: 94.64%	
[2023-12-19 00:33:47] INFO (nni/MainThread) Intermediate result: 15.182823440587114  (Index 85)
*** Epoch: 43 ***
-----------------G2R RESULT-------------------

val result: krc:0.82 | lsd:0.591 | ed:0.87 | hr@1:0.733 | hr@2:0.883 | hr@3:0.92 | acc@1:0.733 | acc@2:0.665 | acc@3:0.619 | Best krc: 0.816 | Best epoch: 42
best model saved
[2023-12-19 00:35:21] INFO (nni/MainThread) Intermediate result: 0.820160086395329  (Index 86)
-----------------ETPA RESULT-------------------
Epoch 43: Validation	rmse: 15.15	mae: 11.96	mape: 80.49%	acc@10: 50.48%	acc@20: 82.1%	acc@30: 94.69%	
[2023-12-19 00:35:21] INFO (nni/MainThread) Intermediate result: 15.153281958959417  (Index 87)
*** Epoch: 44 ***
-----------------G2R RESULT-------------------

val result: krc:0.811 | lsd:0.63 | ed:0.893 | hr@1:0.729 | hr@2:0.874 | hr@3:0.914 | acc@1:0.729 | acc@2:0.659 | acc@3:0.613 | Best krc: 0.82 | Best epoch: 43
[2023-12-19 00:36:56] INFO (nni/MainThread) Intermediate result: 0.8110977089114388  (Index 88)
-----------------ETPA RESULT-------------------
Epoch 44: Validation	rmse: 15.13	mae: 11.95	mape: 80.46%	acc@10: 50.46%	acc@20: 82.11%	acc@30: 94.75%	
[2023-12-19 00:36:56] INFO (nni/MainThread) Intermediate result: 15.131423431415625  (Index 89)
*** Epoch: 45 ***
-----------------G2R RESULT-------------------

val result: krc:0.811 | lsd:0.608 | ed:0.886 | hr@1:0.723 | hr@2:0.875 | hr@3:0.92 | acc@1:0.723 | acc@2:0.65 | acc@3:0.613 | Best krc: 0.82 | Best epoch: 43
[2023-12-19 00:38:30] INFO (nni/MainThread) Intermediate result: 0.811356281089556  (Index 90)
-----------------ETPA RESULT-------------------
Epoch 45: Validation	rmse: 15.1	mae: 11.93	mape: 80.16%	acc@10: 50.57%	acc@20: 82.17%	acc@30: 94.79%	
[2023-12-19 00:38:30] INFO (nni/MainThread) Intermediate result: 15.102631141916703  (Index 91)
*** Epoch: 46 ***
-----------------G2R RESULT-------------------

val result: krc:0.817 | lsd:0.591 | ed:0.859 | hr@1:0.733 | hr@2:0.876 | hr@3:0.925 | acc@1:0.733 | acc@2:0.658 | acc@3:0.625 | Best krc: 0.82 | Best epoch: 43
[2023-12-19 00:40:04] INFO (nni/MainThread) Intermediate result: 0.8172103916747556  (Index 92)
-----------------ETPA RESULT-------------------
Epoch 46: Validation	rmse: 15.09	mae: 11.92	mape: 80.11%	acc@10: 50.56%	acc@20: 82.21%	acc@30: 94.83%	
[2023-12-19 00:40:04] INFO (nni/MainThread) Intermediate result: 15.086922805038975  (Index 93)
*** Epoch: 47 ***
-----------------G2R RESULT-------------------

val result: krc:0.812 | lsd:0.596 | ed:0.878 | hr@1:0.728 | hr@2:0.871 | hr@3:0.924 | acc@1:0.728 | acc@2:0.649 | acc@3:0.615 | Best krc: 0.82 | Best epoch: 43
[2023-12-19 00:41:38] INFO (nni/MainThread) Intermediate result: 0.8115907348089247  (Index 94)
-----------------ETPA RESULT-------------------
Epoch 47: Validation	rmse: 15.06	mae: 11.91	mape: 79.96%	acc@10: 50.59%	acc@20: 82.28%	acc@30: 94.86%	
[2023-12-19 00:41:38] INFO (nni/MainThread) Intermediate result: 15.064850586927768  (Index 95)
*** Epoch: 48 ***
-----------------G2R RESULT-------------------

val result: krc:0.813 | lsd:0.612 | ed:0.889 | hr@1:0.724 | hr@2:0.871 | hr@3:0.922 | acc@1:0.724 | acc@2:0.646 | acc@3:0.611 | Best krc: 0.82 | Best epoch: 43
[2023-12-19 00:43:12] INFO (nni/MainThread) Intermediate result: 0.8126238722653241  (Index 96)
-----------------ETPA RESULT-------------------
Epoch 48: Validation	rmse: 15.04	mae: 11.89	mape: 79.71%	acc@10: 50.65%	acc@20: 82.36%	acc@30: 94.91%	
[2023-12-19 00:43:12] INFO (nni/MainThread) Intermediate result: 15.037411195732766  (Index 97)
*** Epoch: 49 ***
-----------------G2R RESULT-------------------

val result: krc:0.784 | lsd:0.705 | ed:0.983 | hr@1:0.675 | hr@2:0.864 | hr@3:0.914 | acc@1:0.675 | acc@2:0.603 | acc@3:0.567 | Best krc: 0.82 | Best epoch: 43
[2023-12-19 00:44:46] INFO (nni/MainThread) Intermediate result: 0.7836915003246441  (Index 98)
-----------------ETPA RESULT-------------------
Epoch 49: Validation	rmse: 15.0	mae: 11.86	mape: 79.39%	acc@10: 50.73%	acc@20: 82.44%	acc@30: 94.94%	
[2023-12-19 00:44:46] INFO (nni/MainThread) Intermediate result: 15.004807183688095  (Index 99)
*** Epoch: 50 ***
-----------------G2R RESULT-------------------

val result: krc:0.805 | lsd:0.642 | ed:0.914 | hr@1:0.713 | hr@2:0.866 | hr@3:0.917 | acc@1:0.713 | acc@2:0.634 | acc@3:0.597 | Best krc: 0.82 | Best epoch: 43
[2023-12-19 00:46:20] INFO (nni/MainThread) Intermediate result: 0.8046146472031913  (Index 100)
-----------------ETPA RESULT-------------------
Epoch 50: Validation	rmse: 14.99	mae: 11.85	mape: 79.28%	acc@10: 50.75%	acc@20: 82.48%	acc@30: 94.98%	
[2023-12-19 00:46:20] INFO (nni/MainThread) Intermediate result: 14.985473279309137  (Index 101)
*** Epoch: 51 ***
-----------------G2R RESULT-------------------

val result: krc:0.797 | lsd:0.667 | ed:0.928 | hr@1:0.696 | hr@2:0.866 | hr@3:0.918 | acc@1:0.696 | acc@2:0.623 | acc@3:0.588 | Best krc: 0.82 | Best epoch: 43
[2023-12-19 00:47:53] INFO (nni/MainThread) Intermediate result: 0.797414841874833  (Index 102)
-----------------ETPA RESULT-------------------
Epoch 51: Validation	rmse: 14.97	mae: 11.84	mape: 79.21%	acc@10: 50.77%	acc@20: 82.46%	acc@30: 95.02%	
[2023-12-19 00:47:54] INFO (nni/MainThread) Intermediate result: 14.97082884936723  (Index 103)
*** Epoch: 52 ***
-----------------G2R RESULT-------------------

val result: krc:0.8 | lsd:0.641 | ed:0.94 | hr@1:0.714 | hr@2:0.872 | hr@3:0.918 | acc@1:0.714 | acc@2:0.637 | acc@3:0.593 | Best krc: 0.82 | Best epoch: 43
[2023-12-19 00:49:28] INFO (nni/MainThread) Intermediate result: 0.7995580606861764  (Index 104)
-----------------ETPA RESULT-------------------
Epoch 52: Validation	rmse: 14.96	mae: 11.83	mape: 79.1%	acc@10: 50.85%	acc@20: 82.46%	acc@30: 95.04%	
[2023-12-19 00:49:28] INFO (nni/MainThread) Intermediate result: 14.960802810057189  (Index 105)
*** Epoch: 53 ***
-----------------G2R RESULT-------------------

val result: krc:0.817 | lsd:0.572 | ed:0.863 | hr@1:0.722 | hr@2:0.877 | hr@3:0.926 | acc@1:0.722 | acc@2:0.645 | acc@3:0.612 | Best krc: 0.82 | Best epoch: 43
[2023-12-19 00:51:02] INFO (nni/MainThread) Intermediate result: 0.8171178847873206  (Index 106)
-----------------ETPA RESULT-------------------
Epoch 53: Validation	rmse: 14.94	mae: 11.81	mape: 78.84%	acc@10: 50.91%	acc@20: 82.52%	acc@30: 95.05%	
[2023-12-19 00:51:02] INFO (nni/MainThread) Intermediate result: 14.940263995203841  (Index 107)
loaded model path: /home/sentanoe/joint_training/data/dataset/food_pd/sort_model/hidden_size-8.gcnru-pd_1702938238.56921221702938238.5692272
best model loaded !!!
krc:0.813 | lsd:0.438 | ed:0.904 | hr@1:0.729 | hr@2:0.911 | hr@3:0.942 | acc@1:0.729 | acc@2:0.665 | acc@3:0.613 |

-------------------------------------------------------------
Best epoch for G2R:  43
Best epoch for ETPA:  53
graph2route_pd Evaluation in test: krc:0.813 | lsd:0.438 | ed:0.904 | hr@1:0.729 | hr@2:0.911 | hr@3:0.942 | acc@1:0.729 | acc@2:0.665 | acc@3:0.613 |
RankPETA Evaluation in test: rmse: 11.4	mae: 8.81	mape: 70.41%	acc@10: 64.98%	acc@20: 94.09%	acc@30: 97.89%	
