Device:  cuda
{'alpha_loss': 0.5,
 'batch_size': 64,
 'dataset': 'food_pd',
 'datatype': 'order',
 'device': device(type='cuda'),
 'early_stop': 10,
 'edge_fea_dim': 5,
 'embedding_dim': 64,
 'eval_end_1': 11,
 'eval_end_2': 25,
 'eval_start': 1,
 'gcn_num_layers': 2,
 'hidden_size': 8,
 'is_eval': False,
 'is_test': False,
 'k_min_nodes': 3,
 'k_nearest_neighbors': 'n-1',
 'lr': 0.001,
 'max_task_num': 25,
 'min_task_num': 0,
 'modelArrivalTime': 'RankPETA',
 'modelRoute': 'graph2route_pd',
 'no_cuda': False,
 'node_fea_dim': 8,
 'node_features_test': '/home/sentanoe/joint_training/data/dataset/food_pd/node_features_test_full.npy',
 'node_features_train': '/home/sentanoe/joint_training/data/dataset/food_pd/node_features_train_full.npy',
 'node_features_val': '/home/sentanoe/joint_training/data/dataset/food_pd/node_features_val_full.npy',
 'num_block': 2,
 'num_epoch': 100,
 'num_head': 4,
 'num_worker_logistics': 2346,
 'num_worker_pd': 920,
 'pad_value': 26,
 'seed': 9999,
 'sort_mode': 'pnn_order',
 'spatial_encoder': 'gcn',
 'temporal_encoder': 'tft',
 'test_path': '/home/sentanoe/joint_training/data/dataset/food_pd/test_full.npy',
 'train_mode': 'sort',
 'train_path': '/home/sentanoe/joint_training/data/dataset/food_pd/train_full.npy',
 'val_path': '/home/sentanoe/joint_training/data/dataset/food_pd/val_full.npy',
 'wd': 1e-05,
 'worker_emb_dim': 10,
 'workers': 2}
last_x_size:13;unpick_x_size:12;input_size:53
#train:2521 | #val:1257 | #test:1261
*** Epoch: 0 ***
-----------------G2R RESULT-------------------

val result: krc:0.724 | lsd:0.884 | ed:1.173 | hr@1:0.657 | hr@2:0.821 | hr@3:0.887 | acc@1:0.657 | acc@2:0.547 | acc@3:0.504 | Best krc: -1 | Best epoch: -1
best model saved
[2023-12-05 18:15:06] INFO (nni/MainThread) Intermediate result: 0.7239997570649078  (Index 0)
-----------------ETPA RESULT-------------------
Epoch 0: Validation	rmse: 20.53	mae: 15.84	mape: 77.33%	acc@10: 40.0%	acc@20: 69.26%	acc@30: 85.56%	
[2023-12-05 18:15:06] INFO (nni/MainThread) Intermediate result: 20.53000584843362  (Index 1)
*** Epoch: 1 ***
-----------------G2R RESULT-------------------

val result: krc:0.76 | lsd:0.791 | ed:1.046 | hr@1:0.687 | hr@2:0.845 | hr@3:0.899 | acc@1:0.687 | acc@2:0.597 | acc@3:0.557 | Best krc: 0.724 | Best epoch: 0
best model saved
[2023-12-05 18:16:45] INFO (nni/MainThread) Intermediate result: 0.7598487081915153  (Index 2)
-----------------ETPA RESULT-------------------
Epoch 1: Validation	rmse: 22.59	mae: 16.94	mape: 97.47%	acc@10: 40.19%	acc@20: 69.26%	acc@30: 84.63%	
[2023-12-05 18:16:45] INFO (nni/MainThread) Intermediate result: 22.589587531504293  (Index 3)
*** Epoch: 2 ***
-----------------G2R RESULT-------------------

val result: krc:0.786 | lsd:0.666 | ed:0.948 | hr@1:0.694 | hr@2:0.866 | hr@3:0.916 | acc@1:0.694 | acc@2:0.617 | acc@3:0.584 | Best krc: 0.76 | Best epoch: 1
best model saved
[2023-12-05 18:18:25] INFO (nni/MainThread) Intermediate result: 0.7861030912277088  (Index 4)
-----------------ETPA RESULT-------------------
Epoch 2: Validation	rmse: 21.73	mae: 16.48	mape: 101.48%	acc@10: 40.99%	acc@20: 69.51%	acc@30: 85.56%	
[2023-12-05 18:18:25] INFO (nni/MainThread) Intermediate result: 21.729386315377862  (Index 5)
*** Epoch: 3 ***
-----------------G2R RESULT-------------------

val result: krc:0.792 | lsd:0.654 | ed:0.936 | hr@1:0.699 | hr@2:0.866 | hr@3:0.916 | acc@1:0.699 | acc@2:0.622 | acc@3:0.587 | Best krc: 0.786 | Best epoch: 2
best model saved
[2023-12-05 18:20:05] INFO (nni/MainThread) Intermediate result: 0.7918946133462968  (Index 6)
-----------------ETPA RESULT-------------------
Epoch 3: Validation	rmse: 21.24	mae: 16.29	mape: 105.35%	acc@10: 40.74%	acc@20: 70.0%	acc@30: 86.39%	
[2023-12-05 18:20:05] INFO (nni/MainThread) Intermediate result: 21.24232330983446  (Index 7)
*** Epoch: 4 ***
-----------------G2R RESULT-------------------

val result: krc:0.799 | lsd:0.642 | ed:0.916 | hr@1:0.71 | hr@2:0.869 | hr@3:0.92 | acc@1:0.71 | acc@2:0.634 | acc@3:0.6 | Best krc: 0.792 | Best epoch: 3
best model saved
[2023-12-05 18:21:45] INFO (nni/MainThread) Intermediate result: 0.7985797936213327  (Index 8)
-----------------ETPA RESULT-------------------
Epoch 4: Validation	rmse: 20.79	mae: 16.07	mape: 107.88%	acc@10: 40.59%	acc@20: 70.07%	acc@30: 86.74%	
[2023-12-05 18:21:45] INFO (nni/MainThread) Intermediate result: 20.785426440763402  (Index 9)
*** Epoch: 5 ***
-----------------G2R RESULT-------------------

val result: krc:0.796 | lsd:0.676 | ed:0.921 | hr@1:0.72 | hr@2:0.862 | hr@3:0.914 | acc@1:0.72 | acc@2:0.635 | acc@3:0.598 | Best krc: 0.799 | Best epoch: 4
[2023-12-05 18:23:23] INFO (nni/MainThread) Intermediate result: 0.796230130458377  (Index 10)
-----------------ETPA RESULT-------------------
Epoch 5: Validation	rmse: 20.48	mae: 15.88	mape: 108.84%	acc@10: 40.68%	acc@20: 70.68%	acc@30: 86.98%	
[2023-12-05 18:23:23] INFO (nni/MainThread) Intermediate result: 20.48336208001123  (Index 11)
*** Epoch: 6 ***
-----------------G2R RESULT-------------------

val result: krc:0.786 | lsd:0.672 | ed:0.953 | hr@1:0.704 | hr@2:0.866 | hr@3:0.915 | acc@1:0.704 | acc@2:0.621 | acc@3:0.583 | Best krc: 0.799 | Best epoch: 4
[2023-12-05 18:25:01] INFO (nni/MainThread) Intermediate result: 0.785773018864405  (Index 12)
-----------------ETPA RESULT-------------------
Epoch 6: Validation	rmse: 20.12	mae: 15.7	mape: 109.69%	acc@10: 40.32%	acc@20: 71.01%	acc@30: 87.46%	
[2023-12-05 18:25:01] INFO (nni/MainThread) Intermediate result: 20.11992474939791  (Index 13)
*** Epoch: 7 ***
-----------------G2R RESULT-------------------

val result: krc:0.81 | lsd:0.641 | ed:0.899 | hr@1:0.744 | hr@2:0.872 | hr@3:0.923 | acc@1:0.744 | acc@2:0.654 | acc@3:0.612 | Best krc: 0.799 | Best epoch: 4
best model saved
[2023-12-05 18:26:41] INFO (nni/MainThread) Intermediate result: 0.8096420747142217  (Index 14)
-----------------ETPA RESULT-------------------
Epoch 7: Validation	rmse: 19.83	mae: 15.54	mape: 110.35%	acc@10: 40.6%	acc@20: 71.39%	acc@30: 87.78%	
[2023-12-05 18:26:41] INFO (nni/MainThread) Intermediate result: 19.829380621443896  (Index 15)
*** Epoch: 8 ***
-----------------G2R RESULT-------------------

val result: krc:0.792 | lsd:0.675 | ed:0.944 | hr@1:0.721 | hr@2:0.861 | hr@3:0.913 | acc@1:0.721 | acc@2:0.632 | acc@3:0.596 | Best krc: 0.81 | Best epoch: 7
[2023-12-05 18:28:23] INFO (nni/MainThread) Intermediate result: 0.7916322146492676  (Index 16)
-----------------ETPA RESULT-------------------
Epoch 8: Validation	rmse: 19.65	mae: 15.47	mape: 111.23%	acc@10: 40.21%	acc@20: 71.4%	acc@30: 88.27%	
[2023-12-05 18:28:23] INFO (nni/MainThread) Intermediate result: 19.652827487432035  (Index 17)
*** Epoch: 9 ***
-----------------G2R RESULT-------------------

val result: krc:0.799 | lsd:0.667 | ed:0.928 | hr@1:0.72 | hr@2:0.861 | hr@3:0.918 | acc@1:0.72 | acc@2:0.629 | acc@3:0.596 | Best krc: 0.81 | Best epoch: 7
[2023-12-05 18:30:01] INFO (nni/MainThread) Intermediate result: 0.7988976745776045  (Index 18)
-----------------ETPA RESULT-------------------
Epoch 9: Validation	rmse: 19.52	mae: 15.43	mape: 112.24%	acc@10: 39.85%	acc@20: 71.19%	acc@30: 88.44%	
[2023-12-05 18:30:01] INFO (nni/MainThread) Intermediate result: 19.52471254454517  (Index 19)
*** Epoch: 10 ***
-----------------G2R RESULT-------------------

val result: krc:0.804 | lsd:0.65 | ed:0.903 | hr@1:0.731 | hr@2:0.866 | hr@3:0.919 | acc@1:0.731 | acc@2:0.642 | acc@3:0.606 | Best krc: 0.81 | Best epoch: 7
[2023-12-05 18:31:40] INFO (nni/MainThread) Intermediate result: 0.8042733923188669  (Index 20)
-----------------ETPA RESULT-------------------
Epoch 10: Validation	rmse: 19.49	mae: 15.44	mape: 113.02%	acc@10: 39.66%	acc@20: 71.11%	acc@30: 88.42%	
[2023-12-05 18:31:40] INFO (nni/MainThread) Intermediate result: 19.486740139827564  (Index 21)
*** Epoch: 11 ***
-----------------G2R RESULT-------------------

val result: krc:0.805 | lsd:0.643 | ed:0.897 | hr@1:0.719 | hr@2:0.871 | hr@3:0.922 | acc@1:0.719 | acc@2:0.644 | acc@3:0.613 | Best krc: 0.81 | Best epoch: 7
[2023-12-05 18:33:21] INFO (nni/MainThread) Intermediate result: 0.8054509108116455  (Index 22)
-----------------ETPA RESULT-------------------
Epoch 11: Validation	rmse: 19.23	mae: 15.29	mape: 112.51%	acc@10: 39.78%	acc@20: 71.6%	acc@30: 88.89%	
[2023-12-05 18:33:21] INFO (nni/MainThread) Intermediate result: 19.225793121632634  (Index 23)
*** Epoch: 12 ***
-----------------G2R RESULT-------------------

val result: krc:0.81 | lsd:0.626 | ed:0.884 | hr@1:0.735 | hr@2:0.872 | hr@3:0.924 | acc@1:0.735 | acc@2:0.65 | acc@3:0.614 | Best krc: 0.81 | Best epoch: 7
best model saved
[2023-12-05 18:35:03] INFO (nni/MainThread) Intermediate result: 0.8103888836551714  (Index 24)
-----------------ETPA RESULT-------------------
Epoch 12: Validation	rmse: 19.12	mae: 15.26	mape: 112.67%	acc@10: 39.54%	acc@20: 71.82%	acc@30: 89.17%	
[2023-12-05 18:35:03] INFO (nni/MainThread) Intermediate result: 19.117887414331427  (Index 25)
*** Epoch: 13 ***
-----------------G2R RESULT-------------------

val result: krc:0.802 | lsd:0.643 | ed:0.901 | hr@1:0.713 | hr@2:0.869 | hr@3:0.921 | acc@1:0.713 | acc@2:0.637 | acc@3:0.603 | Best krc: 0.81 | Best epoch: 12
[2023-12-05 18:36:41] INFO (nni/MainThread) Intermediate result: 0.801602780771998  (Index 26)
-----------------ETPA RESULT-------------------
Epoch 13: Validation	rmse: 19.06	mae: 15.26	mape: 112.86%	acc@10: 39.02%	acc@20: 71.77%	acc@30: 89.31%	
[2023-12-05 18:36:41] INFO (nni/MainThread) Intermediate result: 19.059029683644642  (Index 27)
*** Epoch: 14 ***
-----------------G2R RESULT-------------------

val result: krc:0.801 | lsd:0.655 | ed:0.92 | hr@1:0.713 | hr@2:0.871 | hr@3:0.917 | acc@1:0.713 | acc@2:0.641 | acc@3:0.598 | Best krc: 0.81 | Best epoch: 12
[2023-12-05 18:38:20] INFO (nni/MainThread) Intermediate result: 0.801138133433717  (Index 28)
-----------------ETPA RESULT-------------------
Epoch 14: Validation	rmse: 18.93	mae: 15.17	mape: 112.49%	acc@10: 39.21%	acc@20: 72.02%	acc@30: 89.51%	
[2023-12-05 18:38:20] INFO (nni/MainThread) Intermediate result: 18.92656914571241  (Index 29)
*** Epoch: 15 ***
-----------------G2R RESULT-------------------

val result: krc:0.793 | lsd:0.646 | ed:0.951 | hr@1:0.707 | hr@2:0.87 | hr@3:0.917 | acc@1:0.707 | acc@2:0.633 | acc@3:0.586 | Best krc: 0.81 | Best epoch: 12
[2023-12-05 18:40:01] INFO (nni/MainThread) Intermediate result: 0.7929145938678079  (Index 30)
-----------------ETPA RESULT-------------------
Epoch 15: Validation	rmse: 18.77	mae: 15.07	mape: 112.05%	acc@10: 39.31%	acc@20: 72.27%	acc@30: 89.77%	
[2023-12-05 18:40:01] INFO (nni/MainThread) Intermediate result: 18.773388337073676  (Index 31)
*** Epoch: 16 ***
-----------------G2R RESULT-------------------

val result: krc:0.808 | lsd:0.617 | ed:0.889 | hr@1:0.715 | hr@2:0.871 | hr@3:0.923 | acc@1:0.715 | acc@2:0.644 | acc@3:0.616 | Best krc: 0.81 | Best epoch: 12
[2023-12-05 18:41:40] INFO (nni/MainThread) Intermediate result: 0.8082451383981774  (Index 32)
-----------------ETPA RESULT-------------------
Epoch 16: Validation	rmse: 18.77	mae: 15.05	mape: 112.2%	acc@10: 39.43%	acc@20: 72.42%	acc@30: 89.69%	
[2023-12-05 18:41:40] INFO (nni/MainThread) Intermediate result: 18.76656712469555  (Index 33)
*** Epoch: 17 ***
-----------------G2R RESULT-------------------

val result: krc:0.787 | lsd:0.657 | ed:0.966 | hr@1:0.707 | hr@2:0.871 | hr@3:0.915 | acc@1:0.707 | acc@2:0.627 | acc@3:0.578 | Best krc: 0.81 | Best epoch: 12
[2023-12-05 18:43:17] INFO (nni/MainThread) Intermediate result: 0.7872375139799714  (Index 34)
-----------------ETPA RESULT-------------------
Epoch 17: Validation	rmse: 18.74	mae: 15.06	mape: 112.59%	acc@10: 39.16%	acc@20: 72.28%	acc@30: 89.79%	
[2023-12-05 18:43:17] INFO (nni/MainThread) Intermediate result: 18.744944684196813  (Index 35)
*** Epoch: 18 ***
-----------------G2R RESULT-------------------

val result: krc:0.817 | lsd:0.591 | ed:0.865 | hr@1:0.74 | hr@2:0.875 | hr@3:0.926 | acc@1:0.74 | acc@2:0.661 | acc@3:0.623 | Best krc: 0.81 | Best epoch: 12
best model saved
[2023-12-05 18:44:57] INFO (nni/MainThread) Intermediate result: 0.8166668451145933  (Index 36)
-----------------ETPA RESULT-------------------
Epoch 18: Validation	rmse: 18.77	mae: 15.11	mape: 113.2%	acc@10: 38.83%	acc@20: 72.01%	acc@30: 89.81%	
[2023-12-05 18:44:57] INFO (nni/MainThread) Intermediate result: 18.769347208910936  (Index 37)
*** Epoch: 19 ***
-----------------G2R RESULT-------------------

val result: krc:0.793 | lsd:0.605 | ed:0.936 | hr@1:0.702 | hr@2:0.877 | hr@3:0.922 | acc@1:0.702 | acc@2:0.63 | acc@3:0.59 | Best krc: 0.817 | Best epoch: 18
[2023-12-05 18:46:35] INFO (nni/MainThread) Intermediate result: 0.7930619070802718  (Index 38)
-----------------ETPA RESULT-------------------
Epoch 19: Validation	rmse: 18.74	mae: 15.1	mape: 113.36%	acc@10: 38.74%	acc@20: 71.87%	acc@30: 89.85%	
[2023-12-05 18:46:35] INFO (nni/MainThread) Intermediate result: 18.74476721817334  (Index 39)
*** Epoch: 20 ***
-----------------G2R RESULT-------------------

val result: krc:0.812 | lsd:0.592 | ed:0.876 | hr@1:0.721 | hr@2:0.878 | hr@3:0.925 | acc@1:0.721 | acc@2:0.648 | acc@3:0.611 | Best krc: 0.817 | Best epoch: 18
[2023-12-05 18:48:13] INFO (nni/MainThread) Intermediate result: 0.8117288091752455  (Index 40)
-----------------ETPA RESULT-------------------
Epoch 20: Validation	rmse: 18.66	mae: 15.05	mape: 113.15%	acc@10: 38.75%	acc@20: 71.94%	acc@30: 90.05%	
[2023-12-05 18:48:13] INFO (nni/MainThread) Intermediate result: 18.661693493836093  (Index 41)
*** Epoch: 21 ***
-----------------G2R RESULT-------------------

val result: krc:0.809 | lsd:0.616 | ed:0.9 | hr@1:0.72 | hr@2:0.871 | hr@3:0.921 | acc@1:0.72 | acc@2:0.645 | acc@3:0.608 | Best krc: 0.817 | Best epoch: 18
[2023-12-05 18:49:50] INFO (nni/MainThread) Intermediate result: 0.808584484553002  (Index 42)
-----------------ETPA RESULT-------------------
Epoch 21: Validation	rmse: 18.55	mae: 14.97	mape: 112.66%	acc@10: 38.89%	acc@20: 72.14%	acc@30: 90.25%	
[2023-12-05 18:49:50] INFO (nni/MainThread) Intermediate result: 18.54795590231968  (Index 43)
*** Epoch: 22 ***
-----------------G2R RESULT-------------------

val result: krc:0.813 | lsd:0.603 | ed:0.862 | hr@1:0.74 | hr@2:0.874 | hr@3:0.923 | acc@1:0.74 | acc@2:0.66 | acc@3:0.62 | Best krc: 0.817 | Best epoch: 18
[2023-12-05 18:51:32] INFO (nni/MainThread) Intermediate result: 0.8128985636462681  (Index 44)
-----------------ETPA RESULT-------------------
Epoch 22: Validation	rmse: 18.5	mae: 14.95	mape: 112.67%	acc@10: 38.87%	acc@20: 72.16%	acc@30: 90.35%	
[2023-12-05 18:51:32] INFO (nni/MainThread) Intermediate result: 18.50469677296086  (Index 45)
*** Epoch: 23 ***
-----------------G2R RESULT-------------------

val result: krc:0.814 | lsd:0.602 | ed:0.869 | hr@1:0.739 | hr@2:0.878 | hr@3:0.925 | acc@1:0.739 | acc@2:0.66 | acc@3:0.623 | Best krc: 0.817 | Best epoch: 18
[2023-12-05 18:53:13] INFO (nni/MainThread) Intermediate result: 0.8137890738065638  (Index 46)
-----------------ETPA RESULT-------------------
Epoch 23: Validation	rmse: 18.41	mae: 14.88	mape: 112.21%	acc@10: 38.98%	acc@20: 72.39%	acc@30: 90.48%	
[2023-12-05 18:53:13] INFO (nni/MainThread) Intermediate result: 18.41104390126587  (Index 47)
*** Epoch: 24 ***
-----------------G2R RESULT-------------------

val result: krc:0.803 | lsd:0.673 | ed:0.894 | hr@1:0.726 | hr@2:0.869 | hr@3:0.917 | acc@1:0.726 | acc@2:0.65 | acc@3:0.611 | Best krc: 0.817 | Best epoch: 18
[2023-12-05 18:54:52] INFO (nni/MainThread) Intermediate result: 0.8033694427485419  (Index 48)
-----------------ETPA RESULT-------------------
Epoch 24: Validation	rmse: 18.32	mae: 14.81	mape: 111.69%	acc@10: 39.08%	acc@20: 72.53%	acc@30: 90.58%	
[2023-12-05 18:54:52] INFO (nni/MainThread) Intermediate result: 18.317239343297775  (Index 49)
*** Epoch: 25 ***
-----------------G2R RESULT-------------------

val result: krc:0.797 | lsd:0.623 | ed:0.917 | hr@1:0.687 | hr@2:0.869 | hr@3:0.919 | acc@1:0.687 | acc@2:0.62 | acc@3:0.587 | Best krc: 0.817 | Best epoch: 18
[2023-12-05 18:56:33] INFO (nni/MainThread) Intermediate result: 0.7974709547687248  (Index 50)
-----------------ETPA RESULT-------------------
Epoch 25: Validation	rmse: 18.27	mae: 14.78	mape: 111.49%	acc@10: 39.17%	acc@20: 72.65%	acc@30: 90.63%	
[2023-12-05 18:56:33] INFO (nni/MainThread) Intermediate result: 18.274415434543016  (Index 51)
*** Epoch: 26 ***
-----------------G2R RESULT-------------------

val result: krc:0.801 | lsd:0.628 | ed:0.906 | hr@1:0.712 | hr@2:0.877 | hr@3:0.924 | acc@1:0.712 | acc@2:0.64 | acc@3:0.599 | Best krc: 0.817 | Best epoch: 18
[2023-12-05 18:58:12] INFO (nni/MainThread) Intermediate result: 0.8009338459885026  (Index 52)
-----------------ETPA RESULT-------------------
Epoch 26: Validation	rmse: 18.24	mae: 14.76	mape: 111.51%	acc@10: 39.14%	acc@20: 72.62%	acc@30: 90.7%	
[2023-12-05 18:58:12] INFO (nni/MainThread) Intermediate result: 18.238542431271323  (Index 53)
*** Epoch: 27 ***
-----------------G2R RESULT-------------------

val result: krc:0.784 | lsd:0.623 | ed:0.96 | hr@1:0.692 | hr@2:0.868 | hr@3:0.917 | acc@1:0.692 | acc@2:0.62 | acc@3:0.577 | Best krc: 0.817 | Best epoch: 18
[2023-12-05 18:59:51] INFO (nni/MainThread) Intermediate result: 0.7841696517866172  (Index 54)
-----------------ETPA RESULT-------------------
Epoch 27: Validation	rmse: 18.23	mae: 14.76	mape: 111.61%	acc@10: 39.06%	acc@20: 72.54%	acc@30: 90.67%	
[2023-12-05 18:59:51] INFO (nni/MainThread) Intermediate result: 18.233329437049917  (Index 55)
*** Epoch: 28 ***
-----------------G2R RESULT-------------------

val result: krc:0.802 | lsd:0.583 | ed:0.912 | hr@1:0.706 | hr@2:0.878 | hr@3:0.919 | acc@1:0.706 | acc@2:0.636 | acc@3:0.595 | Best krc: 0.817 | Best epoch: 18
[2023-12-05 19:01:32] INFO (nni/MainThread) Intermediate result: 0.8022786670972066  (Index 56)
-----------------ETPA RESULT-------------------
Epoch 28: Validation	rmse: 18.18	mae: 14.72	mape: 111.41%	acc@10: 39.07%	acc@20: 72.63%	acc@30: 90.82%	
[2023-12-05 19:01:32] INFO (nni/MainThread) Intermediate result: 18.175415355095925  (Index 57)
loaded model path: /home/sentanoe/joint_training/data/dataset/food_pd/sort_model/hidden_size-8.gcnru-pd_1701796408.04835461701796408.048369
best model loaded !!!
krc:0.814 | lsd:0.438 | ed:0.867 | hr@1:0.732 | hr@2:0.903 | hr@3:0.948 | acc@1:0.732 | acc@2:0.663 | acc@3:0.619 |

-------------------------------------------------------------
Best epoch for G2R:  18
Best epoch for ETPA:  28
graph2route_pd Evaluation in test: krc:0.814 | lsd:0.438 | ed:0.867 | hr@1:0.732 | hr@2:0.903 | hr@3:0.948 | acc@1:0.732 | acc@2:0.663 | acc@3:0.619 |
RankPETA Evaluation in test: rmse: 17.76	mae: 14.42	mape: 133.15%	acc@10: 38.82%	acc@20: 71.73%	acc@30: 93.25%	
