Device:  cuda
{'alpha_loss': 0.5,
 'batch_size': 64,
 'dataset': 'food_pd',
 'datatype': 'order',
 'device': device(type='cuda'),
 'early_stop': 10,
 'edge_fea_dim': 5,
 'embedding_dim': 32,
 'eval_end_1': 11,
 'eval_end_2': 25,
 'eval_start': 1,
 'gcn_num_layers': 2,
 'hidden_size': 8,
 'is_eval': False,
 'is_test': False,
 'k_min_nodes': 3,
 'k_nearest_neighbors': 'n-1',
 'lr': 0.001,
 'max_task_num': 25,
 'min_task_num': 0,
 'modelArrivalTime': 'RankPETA',
 'modelRoute': 'graph2route_pd',
 'no_cuda': False,
 'node_fea_dim': 8,
 'node_features_test': '/home/sentanoe/joint_training/data/dataset/food_pd/node_features_test_full.npy',
 'node_features_train': '/home/sentanoe/joint_training/data/dataset/food_pd/node_features_train_full.npy',
 'node_features_val': '/home/sentanoe/joint_training/data/dataset/food_pd/node_features_val_full.npy',
 'num_block': 2,
 'num_epoch': 1000,
 'num_head': 2,
 'num_worker_logistics': 2346,
 'num_worker_pd': 920,
 'pad_value': 26,
 'seed': 1000,
 'sort_mode': 'pnn_idx',
 'spatial_encoder': 'gcn',
 'temporal_encoder': 'gru',
 'test_path': '/home/sentanoe/joint_training/data/dataset/food_pd/test_full.npy',
 'train_mode': 'sort',
 'train_path': '/home/sentanoe/joint_training/data/dataset/food_pd/train_full.npy',
 'val_path': '/home/sentanoe/joint_training/data/dataset/food_pd/val_full.npy',
 'wd': 1e-05,
 'worker_emb_dim': 10,
 'workers': 2}
last_x_size:13;unpick_x_size:12;input_size:53
#train:2521 | #val:1257 | #test:1261
*** Epoch: 0 ***
-----------------G2R RESULT-------------------

val result: krc:0.74 | lsd:0.75 | ed:1.107 | hr@1:0.626 | hr@2:0.85 | hr@3:0.897 | acc@1:0.626 | acc@2:0.554 | acc@3:0.509 | Best krc: -1 | Best epoch: -1
best model saved
[2023-12-18 10:06:30] INFO (nni/MainThread) Intermediate result: 0.7404931637375889  (Index 0)
-----------------ETPA RESULT-------------------
Epoch 0: Validation	rmse: 24.38	mae: 19.18	mape: 72.53%	acc@10: 32.22%	acc@20: 59.63%	acc@30: 79.26%	
[2023-12-18 10:06:30] INFO (nni/MainThread) Intermediate result: 24.37710577843097  (Index 1)
*** Epoch: 1 ***
-----------------G2R RESULT-------------------

val result: krc:0.754 | lsd:0.736 | ed:1.058 | hr@1:0.633 | hr@2:0.849 | hr@3:0.9 | acc@1:0.633 | acc@2:0.568 | acc@3:0.53 | Best krc: 0.74 | Best epoch: 0
best model saved
[2023-12-18 10:06:55] INFO (nni/MainThread) Intermediate result: 0.7539002318189025  (Index 2)
-----------------ETPA RESULT-------------------
Epoch 1: Validation	rmse: 25.28	mae: 19.39	mape: 107.66%	acc@10: 32.22%	acc@20: 61.85%	acc@30: 80.37%	
[2023-12-18 10:06:55] INFO (nni/MainThread) Intermediate result: 25.281885104917574  (Index 3)
*** Epoch: 2 ***
-----------------G2R RESULT-------------------

val result: krc:0.752 | lsd:0.728 | ed:1.06 | hr@1:0.633 | hr@2:0.85 | hr@3:0.9 | acc@1:0.633 | acc@2:0.564 | acc@3:0.521 | Best krc: 0.754 | Best epoch: 1
[2023-12-18 10:07:18] INFO (nni/MainThread) Intermediate result: 0.7524777662862491  (Index 4)
-----------------ETPA RESULT-------------------
Epoch 2: Validation	rmse: 23.65	mae: 18.19	mape: 109.86%	acc@10: 35.19%	acc@20: 64.57%	acc@30: 82.47%	
[2023-12-18 10:07:18] INFO (nni/MainThread) Intermediate result: 23.65208041365818  (Index 5)
*** Epoch: 3 ***
-----------------G2R RESULT-------------------

val result: krc:0.756 | lsd:0.72 | ed:1.045 | hr@1:0.633 | hr@2:0.856 | hr@3:0.903 | acc@1:0.633 | acc@2:0.563 | acc@3:0.523 | Best krc: 0.754 | Best epoch: 1
best model saved
[2023-12-18 10:07:43] INFO (nni/MainThread) Intermediate result: 0.756217421665607  (Index 6)
-----------------ETPA RESULT-------------------
Epoch 3: Validation	rmse: 23.26	mae: 17.88	mape: 114.48%	acc@10: 36.3%	acc@20: 65.09%	acc@30: 83.15%	
[2023-12-18 10:07:43] INFO (nni/MainThread) Intermediate result: 23.262050258518933  (Index 7)
*** Epoch: 4 ***
-----------------G2R RESULT-------------------

val result: krc:0.771 | lsd:0.653 | ed:0.994 | hr@1:0.635 | hr@2:0.862 | hr@3:0.908 | acc@1:0.635 | acc@2:0.575 | acc@3:0.537 | Best krc: 0.756 | Best epoch: 3
best model saved
[2023-12-18 10:08:08] INFO (nni/MainThread) Intermediate result: 0.7713884221011462  (Index 8)
-----------------ETPA RESULT-------------------
Epoch 4: Validation	rmse: 21.88	mae: 16.89	mape: 109.91%	acc@10: 38.3%	acc@20: 67.56%	acc@30: 84.96%	
[2023-12-18 10:08:08] INFO (nni/MainThread) Intermediate result: 21.8810792223589  (Index 9)
*** Epoch: 5 ***
-----------------G2R RESULT-------------------

val result: krc:0.773 | lsd:0.655 | ed:0.988 | hr@1:0.639 | hr@2:0.861 | hr@3:0.908 | acc@1:0.639 | acc@2:0.582 | acc@3:0.541 | Best krc: 0.771 | Best epoch: 4
best model saved
[2023-12-18 10:08:33] INFO (nni/MainThread) Intermediate result: 0.7725942075220609  (Index 10)
-----------------ETPA RESULT-------------------
Epoch 5: Validation	rmse: 20.84	mae: 16.19	mape: 107.24%	acc@10: 39.14%	acc@20: 69.07%	acc@30: 86.6%	
[2023-12-18 10:08:33] INFO (nni/MainThread) Intermediate result: 20.84447169935574  (Index 11)
*** Epoch: 6 ***
-----------------G2R RESULT-------------------

val result: krc:0.769 | lsd:0.67 | ed:0.995 | hr@1:0.637 | hr@2:0.861 | hr@3:0.91 | acc@1:0.637 | acc@2:0.581 | acc@3:0.543 | Best krc: 0.773 | Best epoch: 5
[2023-12-18 10:08:56] INFO (nni/MainThread) Intermediate result: 0.7688513999401625  (Index 12)
-----------------ETPA RESULT-------------------
Epoch 6: Validation	rmse: 19.99	mae: 15.55	mape: 103.77%	acc@10: 40.79%	acc@20: 71.22%	acc@30: 87.83%	
[2023-12-18 10:08:56] INFO (nni/MainThread) Intermediate result: 19.990344337260574  (Index 13)
*** Epoch: 7 ***
-----------------G2R RESULT-------------------

val result: krc:0.766 | lsd:0.677 | ed:1.009 | hr@1:0.639 | hr@2:0.861 | hr@3:0.905 | acc@1:0.639 | acc@2:0.58 | acc@3:0.537 | Best krc: 0.773 | Best epoch: 5
[2023-12-18 10:09:19] INFO (nni/MainThread) Intermediate result: 0.7658262244969722  (Index 14)
-----------------ETPA RESULT-------------------
Epoch 7: Validation	rmse: 19.29	mae: 15.0	mape: 100.09%	acc@10: 42.55%	acc@20: 72.96%	acc@30: 88.66%	
[2023-12-18 10:09:19] INFO (nni/MainThread) Intermediate result: 19.286831840337992  (Index 15)
*** Epoch: 8 ***
-----------------G2R RESULT-------------------

val result: krc:0.764 | lsd:0.671 | ed:0.99 | hr@1:0.638 | hr@2:0.86 | hr@3:0.907 | acc@1:0.638 | acc@2:0.578 | acc@3:0.54 | Best krc: 0.773 | Best epoch: 5
[2023-12-18 10:09:43] INFO (nni/MainThread) Intermediate result: 0.7635014767415292  (Index 16)
-----------------ETPA RESULT-------------------
Epoch 8: Validation	rmse: 18.78	mae: 14.61	mape: 98.09%	acc@10: 43.7%	acc@20: 74.16%	acc@30: 89.38%	
[2023-12-18 10:09:43] INFO (nni/MainThread) Intermediate result: 18.77956630687582  (Index 17)
*** Epoch: 9 ***
-----------------G2R RESULT-------------------

val result: krc:0.777 | lsd:0.659 | ed:0.965 | hr@1:0.644 | hr@2:0.864 | hr@3:0.91 | acc@1:0.644 | acc@2:0.587 | acc@3:0.553 | Best krc: 0.773 | Best epoch: 5
best model saved
[2023-12-18 10:10:07] INFO (nni/MainThread) Intermediate result: 0.7772605295561134  (Index 18)
-----------------ETPA RESULT-------------------
Epoch 9: Validation	rmse: 18.34	mae: 14.25	mape: 95.85%	acc@10: 44.7%	acc@20: 75.37%	acc@30: 89.85%	
[2023-12-18 10:10:07] INFO (nni/MainThread) Intermediate result: 18.341479177958767  (Index 19)
*** Epoch: 10 ***
-----------------G2R RESULT-------------------

val result: krc:0.765 | lsd:0.688 | ed:0.997 | hr@1:0.633 | hr@2:0.862 | hr@3:0.906 | acc@1:0.633 | acc@2:0.576 | acc@3:0.538 | Best krc: 0.777 | Best epoch: 9
[2023-12-18 10:10:31] INFO (nni/MainThread) Intermediate result: 0.7652910289114924  (Index 20)
-----------------ETPA RESULT-------------------
Epoch 10: Validation	rmse: 17.98	mae: 13.98	mape: 94.24%	acc@10: 45.59%	acc@20: 76.3%	acc@30: 90.34%	
[2023-12-18 10:10:31] INFO (nni/MainThread) Intermediate result: 17.982549602168856  (Index 21)
*** Epoch: 11 ***
-----------------G2R RESULT-------------------

val result: krc:0.766 | lsd:0.688 | ed:0.993 | hr@1:0.63 | hr@2:0.864 | hr@3:0.907 | acc@1:0.63 | acc@2:0.579 | acc@3:0.538 | Best krc: 0.777 | Best epoch: 9
[2023-12-18 10:10:54] INFO (nni/MainThread) Intermediate result: 0.766369612185091  (Index 22)
-----------------ETPA RESULT-------------------
Epoch 11: Validation	rmse: 17.67	mae: 13.73	mape: 92.22%	acc@10: 46.54%	acc@20: 76.85%	acc@30: 90.71%	
[2023-12-18 10:10:54] INFO (nni/MainThread) Intermediate result: 17.665785567261853  (Index 23)
*** Epoch: 12 ***
-----------------G2R RESULT-------------------

val result: krc:0.762 | lsd:0.681 | ed:1.015 | hr@1:0.635 | hr@2:0.862 | hr@3:0.907 | acc@1:0.635 | acc@2:0.579 | acc@3:0.536 | Best krc: 0.777 | Best epoch: 9
[2023-12-18 10:11:18] INFO (nni/MainThread) Intermediate result: 0.7618411160168924  (Index 24)
-----------------ETPA RESULT-------------------
Epoch 12: Validation	rmse: 17.45	mae: 13.57	mape: 91.62%	acc@10: 46.89%	acc@20: 77.49%	acc@30: 91.03%	
[2023-12-18 10:11:18] INFO (nni/MainThread) Intermediate result: 17.453461117578723  (Index 25)
*** Epoch: 13 ***
-----------------G2R RESULT-------------------

val result: krc:0.765 | lsd:0.692 | ed:1.011 | hr@1:0.627 | hr@2:0.866 | hr@3:0.91 | acc@1:0.627 | acc@2:0.573 | acc@3:0.535 | Best krc: 0.777 | Best epoch: 9
[2023-12-18 10:11:43] INFO (nni/MainThread) Intermediate result: 0.7647725576015912  (Index 26)
-----------------ETPA RESULT-------------------
Epoch 13: Validation	rmse: 17.21	mae: 13.39	mape: 90.75%	acc@10: 47.35%	acc@20: 78.04%	acc@30: 91.46%	
[2023-12-18 10:11:43] INFO (nni/MainThread) Intermediate result: 17.20998272797362  (Index 27)
*** Epoch: 14 ***
-----------------G2R RESULT-------------------

val result: krc:0.764 | lsd:0.688 | ed:1.012 | hr@1:0.635 | hr@2:0.865 | hr@3:0.909 | acc@1:0.635 | acc@2:0.579 | acc@3:0.539 | Best krc: 0.777 | Best epoch: 9
[2023-12-18 10:12:07] INFO (nni/MainThread) Intermediate result: 0.763687057084521  (Index 28)
-----------------ETPA RESULT-------------------
Epoch 14: Validation	rmse: 17.01	mae: 13.23	mape: 89.71%	acc@10: 47.9%	acc@20: 78.42%	acc@30: 91.7%	
[2023-12-18 10:12:07] INFO (nni/MainThread) Intermediate result: 17.009677658477994  (Index 29)
*** Epoch: 15 ***
-----------------G2R RESULT-------------------

val result: krc:0.77 | lsd:0.666 | ed:0.981 | hr@1:0.637 | hr@2:0.864 | hr@3:0.912 | acc@1:0.637 | acc@2:0.578 | acc@3:0.544 | Best krc: 0.777 | Best epoch: 9
[2023-12-18 10:12:31] INFO (nni/MainThread) Intermediate result: 0.7700777733659238  (Index 30)
-----------------ETPA RESULT-------------------
Epoch 15: Validation	rmse: 16.81	mae: 13.08	mape: 88.6%	acc@10: 48.36%	acc@20: 78.82%	acc@30: 91.99%	
[2023-12-18 10:12:31] INFO (nni/MainThread) Intermediate result: 16.81036141581797  (Index 31)
*** Epoch: 16 ***
-----------------G2R RESULT-------------------

val result: krc:0.775 | lsd:0.672 | ed:0.972 | hr@1:0.643 | hr@2:0.865 | hr@3:0.91 | acc@1:0.643 | acc@2:0.587 | acc@3:0.549 | Best krc: 0.777 | Best epoch: 9
[2023-12-18 10:12:55] INFO (nni/MainThread) Intermediate result: 0.7753151067624177  (Index 32)
-----------------ETPA RESULT-------------------
Epoch 16: Validation	rmse: 16.63	mae: 12.94	mape: 87.81%	acc@10: 48.65%	acc@20: 79.17%	acc@30: 92.27%	
[2023-12-18 10:12:55] INFO (nni/MainThread) Intermediate result: 16.628378581563215  (Index 33)
*** Epoch: 17 ***
-----------------G2R RESULT-------------------

val result: krc:0.781 | lsd:0.66 | ed:0.963 | hr@1:0.646 | hr@2:0.865 | hr@3:0.911 | acc@1:0.646 | acc@2:0.589 | acc@3:0.551 | Best krc: 0.777 | Best epoch: 9
best model saved
[2023-12-18 10:13:20] INFO (nni/MainThread) Intermediate result: 0.7808547108853185  (Index 34)
-----------------ETPA RESULT-------------------
Epoch 17: Validation	rmse: 16.46	mae: 12.81	mape: 86.82%	acc@10: 49.09%	acc@20: 79.55%	acc@30: 92.53%	
[2023-12-18 10:13:20] INFO (nni/MainThread) Intermediate result: 16.464130769736506  (Index 35)
*** Epoch: 18 ***
-----------------G2R RESULT-------------------

val result: krc:0.779 | lsd:0.688 | ed:0.965 | hr@1:0.649 | hr@2:0.861 | hr@3:0.91 | acc@1:0.649 | acc@2:0.589 | acc@3:0.55 | Best krc: 0.781 | Best epoch: 17
[2023-12-18 10:13:45] INFO (nni/MainThread) Intermediate result: 0.7793453941158358  (Index 36)
-----------------ETPA RESULT-------------------
Epoch 18: Validation	rmse: 16.33	mae: 12.71	mape: 86.1%	acc@10: 49.4%	acc@20: 79.79%	acc@30: 92.71%	
[2023-12-18 10:13:45] INFO (nni/MainThread) Intermediate result: 16.326728429180964  (Index 37)
*** Epoch: 19 ***
-----------------G2R RESULT-------------------

val result: krc:0.777 | lsd:0.638 | ed:0.964 | hr@1:0.64 | hr@2:0.868 | hr@3:0.915 | acc@1:0.64 | acc@2:0.585 | acc@3:0.552 | Best krc: 0.781 | Best epoch: 17
[2023-12-18 10:14:09] INFO (nni/MainThread) Intermediate result: 0.7773749368414871  (Index 38)
-----------------ETPA RESULT-------------------
Epoch 19: Validation	rmse: 16.22	mae: 12.63	mape: 85.74%	acc@10: 49.56%	acc@20: 80.09%	acc@30: 92.85%	
[2023-12-18 10:14:09] INFO (nni/MainThread) Intermediate result: 16.217976417758386  (Index 39)
*** Epoch: 20 ***
-----------------G2R RESULT-------------------

val result: krc:0.783 | lsd:0.665 | ed:0.941 | hr@1:0.648 | hr@2:0.868 | hr@3:0.915 | acc@1:0.648 | acc@2:0.592 | acc@3:0.561 | Best krc: 0.781 | Best epoch: 17
best model saved
[2023-12-18 10:14:36] INFO (nni/MainThread) Intermediate result: 0.7833041563693074  (Index 40)
-----------------ETPA RESULT-------------------
Epoch 20: Validation	rmse: 16.11	mae: 12.55	mape: 85.31%	acc@10: 49.74%	acc@20: 80.32%	acc@30: 92.98%	
[2023-12-18 10:14:36] INFO (nni/MainThread) Intermediate result: 16.11412761849898  (Index 41)
*** Epoch: 21 ***
-----------------G2R RESULT-------------------

val result: krc:0.781 | lsd:0.674 | ed:0.967 | hr@1:0.643 | hr@2:0.869 | hr@3:0.914 | acc@1:0.643 | acc@2:0.587 | acc@3:0.55 | Best krc: 0.783 | Best epoch: 20
[2023-12-18 10:15:00] INFO (nni/MainThread) Intermediate result: 0.7810051199994353  (Index 42)
-----------------ETPA RESULT-------------------
Epoch 21: Validation	rmse: 16.01	mae: 12.47	mape: 84.69%	acc@10: 50.07%	acc@20: 80.49%	acc@30: 93.13%	
[2023-12-18 10:15:00] INFO (nni/MainThread) Intermediate result: 16.01228557763289  (Index 43)
*** Epoch: 22 ***
-----------------G2R RESULT-------------------

val result: krc:0.784 | lsd:0.688 | ed:0.957 | hr@1:0.652 | hr@2:0.871 | hr@3:0.914 | acc@1:0.652 | acc@2:0.594 | acc@3:0.559 | Best krc: 0.783 | Best epoch: 20
best model saved
[2023-12-18 10:15:26] INFO (nni/MainThread) Intermediate result: 0.7842022823570702  (Index 44)
-----------------ETPA RESULT-------------------
Epoch 22: Validation	rmse: 15.95	mae: 12.42	mape: 84.45%	acc@10: 50.24%	acc@20: 80.63%	acc@30: 93.24%	
[2023-12-18 10:15:26] INFO (nni/MainThread) Intermediate result: 15.947458625611711  (Index 45)
*** Epoch: 23 ***
-----------------G2R RESULT-------------------

val result: krc:0.779 | lsd:0.667 | ed:0.966 | hr@1:0.646 | hr@2:0.871 | hr@3:0.916 | acc@1:0.646 | acc@2:0.589 | acc@3:0.552 | Best krc: 0.784 | Best epoch: 22
[2023-12-18 10:15:50] INFO (nni/MainThread) Intermediate result: 0.778683524770101  (Index 46)
-----------------ETPA RESULT-------------------
Epoch 23: Validation	rmse: 15.87	mae: 12.36	mape: 84.02%	acc@10: 50.42%	acc@20: 80.8%	acc@30: 93.32%	
[2023-12-18 10:15:50] INFO (nni/MainThread) Intermediate result: 15.871023959264974  (Index 47)
*** Epoch: 24 ***
-----------------G2R RESULT-------------------

val result: krc:0.758 | lsd:0.719 | ed:1.034 | hr@1:0.626 | hr@2:0.864 | hr@3:0.907 | acc@1:0.626 | acc@2:0.572 | acc@3:0.533 | Best krc: 0.784 | Best epoch: 22
[2023-12-18 10:16:14] INFO (nni/MainThread) Intermediate result: 0.7579265645203555  (Index 48)
-----------------ETPA RESULT-------------------
Epoch 24: Validation	rmse: 15.79	mae: 12.29	mape: 83.18%	acc@10: 50.81%	acc@20: 80.93%	acc@30: 93.39%	
[2023-12-18 10:16:14] INFO (nni/MainThread) Intermediate result: 15.791104166466567  (Index 49)
*** Epoch: 25 ***
-----------------G2R RESULT-------------------

val result: krc:0.787 | lsd:0.63 | ed:0.942 | hr@1:0.65 | hr@2:0.872 | hr@3:0.916 | acc@1:0.65 | acc@2:0.594 | acc@3:0.56 | Best krc: 0.784 | Best epoch: 22
best model saved
[2023-12-18 10:16:40] INFO (nni/MainThread) Intermediate result: 0.7868273639589773  (Index 50)
-----------------ETPA RESULT-------------------
Epoch 25: Validation	rmse: 15.72	mae: 12.23	mape: 82.33%	acc@10: 51.15%	acc@20: 81.13%	acc@30: 93.46%	
[2023-12-18 10:16:40] INFO (nni/MainThread) Intermediate result: 15.720415919748904  (Index 51)
*** Epoch: 26 ***
-----------------G2R RESULT-------------------

val result: krc:0.785 | lsd:0.625 | ed:0.946 | hr@1:0.647 | hr@2:0.873 | hr@3:0.917 | acc@1:0.647 | acc@2:0.595 | acc@3:0.559 | Best krc: 0.787 | Best epoch: 25
[2023-12-18 10:17:05] INFO (nni/MainThread) Intermediate result: 0.785296512100185  (Index 52)
-----------------ETPA RESULT-------------------
Epoch 26: Validation	rmse: 15.66	mae: 12.18	mape: 81.99%	acc@10: 51.37%	acc@20: 81.22%	acc@30: 93.55%	
[2023-12-18 10:17:05] INFO (nni/MainThread) Intermediate result: 15.661755072125873  (Index 53)
*** Epoch: 27 ***
-----------------G2R RESULT-------------------

val result: krc:0.786 | lsd:0.64 | ed:0.941 | hr@1:0.65 | hr@2:0.87 | hr@3:0.916 | acc@1:0.65 | acc@2:0.594 | acc@3:0.561 | Best krc: 0.787 | Best epoch: 25
[2023-12-18 10:17:31] INFO (nni/MainThread) Intermediate result: 0.7855548869016292  (Index 54)
-----------------ETPA RESULT-------------------
Epoch 27: Validation	rmse: 15.61	mae: 12.14	mape: 81.81%	acc@10: 51.46%	acc@20: 81.31%	acc@30: 93.61%	
[2023-12-18 10:17:31] INFO (nni/MainThread) Intermediate result: 15.611035490993574  (Index 55)
*** Epoch: 28 ***
-----------------G2R RESULT-------------------

val result: krc:0.764 | lsd:0.723 | ed:1.029 | hr@1:0.641 | hr@2:0.863 | hr@3:0.907 | acc@1:0.641 | acc@2:0.58 | acc@3:0.533 | Best krc: 0.787 | Best epoch: 25
[2023-12-18 10:17:55] INFO (nni/MainThread) Intermediate result: 0.7643864885054216  (Index 56)
-----------------ETPA RESULT-------------------
Epoch 28: Validation	rmse: 15.57	mae: 12.11	mape: 81.58%	acc@10: 51.61%	acc@20: 81.43%	acc@30: 93.65%	
[2023-12-18 10:17:55] INFO (nni/MainThread) Intermediate result: 15.571035255778662  (Index 57)
*** Epoch: 29 ***
-----------------G2R RESULT-------------------

val result: krc:0.771 | lsd:0.682 | ed:0.987 | hr@1:0.641 | hr@2:0.861 | hr@3:0.908 | acc@1:0.641 | acc@2:0.579 | acc@3:0.544 | Best krc: 0.787 | Best epoch: 25
[2023-12-18 10:18:19] INFO (nni/MainThread) Intermediate result: 0.7712387911688305  (Index 58)
-----------------ETPA RESULT-------------------
Epoch 29: Validation	rmse: 15.51	mae: 12.06	mape: 81.14%	acc@10: 51.77%	acc@20: 81.57%	acc@30: 93.77%	
[2023-12-18 10:18:19] INFO (nni/MainThread) Intermediate result: 15.50907497140158  (Index 59)
*** Epoch: 30 ***
-----------------G2R RESULT-------------------

val result: krc:0.775 | lsd:0.674 | ed:0.972 | hr@1:0.651 | hr@2:0.864 | hr@3:0.91 | acc@1:0.651 | acc@2:0.589 | acc@3:0.554 | Best krc: 0.787 | Best epoch: 25
[2023-12-18 10:18:43] INFO (nni/MainThread) Intermediate result: 0.7746485023179384  (Index 60)
-----------------ETPA RESULT-------------------
Epoch 30: Validation	rmse: 15.46	mae: 12.02	mape: 80.75%	acc@10: 51.91%	acc@20: 81.65%	acc@30: 93.82%	
[2023-12-18 10:18:43] INFO (nni/MainThread) Intermediate result: 15.463652232249036  (Index 61)
*** Epoch: 31 ***
-----------------G2R RESULT-------------------

val result: krc:0.772 | lsd:0.685 | ed:1.005 | hr@1:0.645 | hr@2:0.863 | hr@3:0.908 | acc@1:0.645 | acc@2:0.58 | acc@3:0.536 | Best krc: 0.787 | Best epoch: 25
[2023-12-18 10:19:09] INFO (nni/MainThread) Intermediate result: 0.7721161094488599  (Index 62)
-----------------ETPA RESULT-------------------
Epoch 31: Validation	rmse: 15.42	mae: 12.0	mape: 80.58%	acc@10: 52.0%	acc@20: 81.7%	acc@30: 93.9%	
[2023-12-18 10:19:09] INFO (nni/MainThread) Intermediate result: 15.424738775417909  (Index 63)
*** Epoch: 32 ***
-----------------G2R RESULT-------------------

val result: krc:0.756 | lsd:0.709 | ed:1.029 | hr@1:0.633 | hr@2:0.858 | hr@3:0.904 | acc@1:0.633 | acc@2:0.571 | acc@3:0.525 | Best krc: 0.787 | Best epoch: 25
[2023-12-18 10:19:33] INFO (nni/MainThread) Intermediate result: 0.7558793671955018  (Index 64)
-----------------ETPA RESULT-------------------
Epoch 32: Validation	rmse: 15.38	mae: 11.96	mape: 80.28%	acc@10: 52.12%	acc@20: 81.77%	acc@30: 94.0%	
[2023-12-18 10:19:33] INFO (nni/MainThread) Intermediate result: 15.376306563435756  (Index 65)
*** Epoch: 33 ***
-----------------G2R RESULT-------------------

val result: krc:0.774 | lsd:0.673 | ed:0.969 | hr@1:0.643 | hr@2:0.865 | hr@3:0.911 | acc@1:0.643 | acc@2:0.585 | acc@3:0.547 | Best krc: 0.787 | Best epoch: 25
[2023-12-18 10:19:58] INFO (nni/MainThread) Intermediate result: 0.7744432289600632  (Index 66)
-----------------ETPA RESULT-------------------
Epoch 33: Validation	rmse: 15.33	mae: 11.92	mape: 79.85%	acc@10: 52.3%	acc@20: 81.88%	acc@30: 94.06%	
[2023-12-18 10:19:58] INFO (nni/MainThread) Intermediate result: 15.327879859055711  (Index 67)
*** Epoch: 34 ***
-----------------G2R RESULT-------------------

val result: krc:0.775 | lsd:0.673 | ed:0.965 | hr@1:0.644 | hr@2:0.864 | hr@3:0.909 | acc@1:0.644 | acc@2:0.591 | acc@3:0.552 | Best krc: 0.787 | Best epoch: 25
[2023-12-18 10:20:24] INFO (nni/MainThread) Intermediate result: 0.7750375721866757  (Index 68)
-----------------ETPA RESULT-------------------
Epoch 34: Validation	rmse: 15.29	mae: 11.89	mape: 79.5%	acc@10: 52.43%	acc@20: 82.02%	acc@30: 94.13%	
[2023-12-18 10:20:24] INFO (nni/MainThread) Intermediate result: 15.28505320747132  (Index 69)
*** Epoch: 35 ***
-----------------G2R RESULT-------------------

val result: krc:0.767 | lsd:0.677 | ed:0.979 | hr@1:0.642 | hr@2:0.866 | hr@3:0.91 | acc@1:0.642 | acc@2:0.587 | acc@3:0.547 | Best krc: 0.787 | Best epoch: 25
[2023-12-18 10:20:49] INFO (nni/MainThread) Intermediate result: 0.7668957294143128  (Index 70)
-----------------ETPA RESULT-------------------
Epoch 35: Validation	rmse: 15.25	mae: 11.87	mape: 79.37%	acc@10: 52.44%	acc@20: 82.06%	acc@30: 94.18%	
[2023-12-18 10:20:49] INFO (nni/MainThread) Intermediate result: 15.253499736396336  (Index 71)
loaded model path: /home/sentanoe/joint_training/data/dataset/food_pd/sort_model/hidden_size-8.gcnru-pd_1702890365.18137761702890365.1813915
best model loaded !!!
krc:0.778 | lsd:0.49 | ed:0.964 | hr@1:0.659 | hr@2:0.903 | hr@3:0.94 | acc@1:0.659 | acc@2:0.607 | acc@3:0.561 |

-------------------------------------------------------------
Best epoch for G2R:  25
Best epoch for ETPA:  35
graph2route_pd Evaluation in test: krc:0.778 | lsd:0.49 | ed:0.964 | hr@1:0.659 | hr@2:0.903 | hr@3:0.94 | acc@1:0.659 | acc@2:0.607 | acc@3:0.561 |
RankPETA Evaluation in test: rmse: 11.79	mae: 9.15	mape: 65.6%	acc@10: 65.82%	acc@20: 92.41%	acc@30: 97.47%	
