Device:  cuda
{'alpha_loss': 0.5,
 'batch_size': 64,
 'dataset': 'food_pd',
 'datatype': 'order',
 'device': device(type='cuda'),
 'early_stop': 10,
 'edge_fea_dim': 5,
 'embedding_dim': 64,
 'eval_end_1': 11,
 'eval_end_2': 25,
 'eval_start': 1,
 'gcn_num_layers': 2,
 'hidden_size': 8,
 'is_eval': False,
 'is_test': False,
 'k_min_nodes': 3,
 'k_nearest_neighbors': 'n-1',
 'lr': 0.0005,
 'max_task_num': 25,
 'min_task_num': 0,
 'modelArrivalTime': 'RankPETA',
 'modelRoute': 'graph2route_pd',
 'no_cuda': False,
 'node_fea_dim': 8,
 'node_features_test': '/home/sentanoe/joint_training/data/dataset/food_pd/node_features_test_full.npy',
 'node_features_train': '/home/sentanoe/joint_training/data/dataset/food_pd/node_features_train_full.npy',
 'node_features_val': '/home/sentanoe/joint_training/data/dataset/food_pd/node_features_val_full.npy',
 'num_block': 2,
 'num_epoch': 1000,
 'num_head': 4,
 'num_worker_logistics': 2346,
 'num_worker_pd': 920,
 'pad_value': 26,
 'seed': 9999,
 'sort_mode': 'pnn_order',
 'spatial_encoder': 'gatv2',
 'temporal_encoder': 'tft',
 'test_path': '/home/sentanoe/joint_training/data/dataset/food_pd/test_full.npy',
 'train_mode': 'sort',
 'train_path': '/home/sentanoe/joint_training/data/dataset/food_pd/train_full.npy',
 'val_path': '/home/sentanoe/joint_training/data/dataset/food_pd/val_full.npy',
 'wd': 1e-05,
 'worker_emb_dim': 10,
 'workers': 2}
last_x_size:13;unpick_x_size:12;input_size:53
#train:2521 | #val:1257 | #test:1261
*** Epoch: 0 ***
-----------------G2R RESULT-------------------

val result: krc:0.556 | lsd:1.536 | ed:1.57 | hr@1:0.563 | hr@2:0.703 | hr@3:0.819 | acc@1:0.563 | acc@2:0.4 | acc@3:0.379 | Best krc: -1 | Best epoch: -1
best model saved
[2023-12-06 20:55:49] INFO (nni/MainThread) Intermediate result: 0.555625937812208  (Index 0)
-----------------ETPA RESULT-------------------
Epoch 0: Validation	rmse: 25.97	mae: 20.41	mape: 64.72%	acc@10: 31.48%	acc@20: 57.41%	acc@30: 75.93%	
[2023-12-06 20:55:49] INFO (nni/MainThread) Intermediate result: 25.96504443891525  (Index 1)
*** Epoch: 1 ***
-----------------G2R RESULT-------------------

val result: krc:0.664 | lsd:1.103 | ed:1.31 | hr@1:0.615 | hr@2:0.778 | hr@3:0.857 | acc@1:0.615 | acc@2:0.496 | acc@3:0.456 | Best krc: 0.556 | Best epoch: 0
best model saved
[2023-12-06 20:57:23] INFO (nni/MainThread) Intermediate result: 0.6641999850220226  (Index 2)
-----------------ETPA RESULT-------------------
Epoch 1: Validation	rmse: 23.96	mae: 18.61	mape: 77.79%	acc@10: 34.81%	acc@20: 63.7%	acc@30: 80.0%	
[2023-12-06 20:57:23] INFO (nni/MainThread) Intermediate result: 23.95704000332307  (Index 3)
*** Epoch: 2 ***
-----------------G2R RESULT-------------------

val result: krc:0.7 | lsd:0.94 | ed:1.222 | hr@1:0.621 | hr@2:0.807 | hr@3:0.876 | acc@1:0.621 | acc@2:0.522 | acc@3:0.477 | Best krc: 0.664 | Best epoch: 1
best model saved
[2023-12-06 20:58:58] INFO (nni/MainThread) Intermediate result: 0.6997175795426781  (Index 4)
-----------------ETPA RESULT-------------------
Epoch 2: Validation	rmse: 23.87	mae: 18.38	mape: 90.93%	acc@10: 35.31%	acc@20: 66.05%	acc@30: 80.99%	
[2023-12-06 20:58:58] INFO (nni/MainThread) Intermediate result: 23.872145024689676  (Index 5)
*** Epoch: 3 ***
-----------------G2R RESULT-------------------

val result: krc:0.705 | lsd:0.95 | ed:1.205 | hr@1:0.64 | hr@2:0.809 | hr@3:0.88 | acc@1:0.64 | acc@2:0.529 | acc@3:0.481 | Best krc: 0.7 | Best epoch: 2
best model saved
[2023-12-06 21:00:33] INFO (nni/MainThread) Intermediate result: 0.7049682811641709  (Index 6)
-----------------ETPA RESULT-------------------
Epoch 3: Validation	rmse: 23.14	mae: 17.85	mape: 95.74%	acc@10: 36.3%	acc@20: 67.96%	acc@30: 81.94%	
[2023-12-06 21:00:33] INFO (nni/MainThread) Intermediate result: 23.13524808734619  (Index 7)
*** Epoch: 4 ***
-----------------G2R RESULT-------------------

val result: krc:0.714 | lsd:0.889 | ed:1.179 | hr@1:0.634 | hr@2:0.816 | hr@3:0.888 | acc@1:0.634 | acc@2:0.53 | acc@3:0.493 | Best krc: 0.705 | Best epoch: 3
best model saved
[2023-12-06 21:02:08] INFO (nni/MainThread) Intermediate result: 0.713614114917132  (Index 8)
-----------------ETPA RESULT-------------------
Epoch 4: Validation	rmse: 22.49	mae: 17.42	mape: 99.13%	acc@10: 37.33%	acc@20: 68.67%	acc@30: 82.96%	
[2023-12-06 21:02:08] INFO (nni/MainThread) Intermediate result: 22.491485392385957  (Index 9)
*** Epoch: 5 ***
-----------------G2R RESULT-------------------

val result: krc:0.72 | lsd:0.86 | ed:1.149 | hr@1:0.631 | hr@2:0.824 | hr@3:0.894 | acc@1:0.631 | acc@2:0.538 | acc@3:0.502 | Best krc: 0.714 | Best epoch: 4
best model saved
[2023-12-06 21:03:43] INFO (nni/MainThread) Intermediate result: 0.7201982690745261  (Index 10)
-----------------ETPA RESULT-------------------
Epoch 5: Validation	rmse: 22.02	mae: 17.08	mape: 100.77%	acc@10: 37.72%	acc@20: 69.07%	acc@30: 83.58%	
[2023-12-06 21:03:43] INFO (nni/MainThread) Intermediate result: 22.017511536201386  (Index 11)
*** Epoch: 6 ***
-----------------G2R RESULT-------------------

val result: krc:0.736 | lsd:0.826 | ed:1.109 | hr@1:0.641 | hr@2:0.83 | hr@3:0.897 | acc@1:0.641 | acc@2:0.553 | acc@3:0.51 | Best krc: 0.72 | Best epoch: 5
best model saved
[2023-12-06 21:05:20] INFO (nni/MainThread) Intermediate result: 0.7362748611895966  (Index 12)
-----------------ETPA RESULT-------------------
Epoch 6: Validation	rmse: 21.63	mae: 16.88	mape: 103.55%	acc@10: 37.41%	acc@20: 69.1%	acc@30: 84.02%	
[2023-12-06 21:05:20] INFO (nni/MainThread) Intermediate result: 21.63065880711066  (Index 13)
*** Epoch: 7 ***
-----------------G2R RESULT-------------------

val result: krc:0.743 | lsd:0.802 | ed:1.082 | hr@1:0.644 | hr@2:0.837 | hr@3:0.897 | acc@1:0.644 | acc@2:0.564 | acc@3:0.523 | Best krc: 0.736 | Best epoch: 6
best model saved
[2023-12-06 21:06:56] INFO (nni/MainThread) Intermediate result: 0.742755714867652  (Index 14)
-----------------ETPA RESULT-------------------
Epoch 7: Validation	rmse: 21.24	mae: 16.65	mape: 105.48%	acc@10: 37.45%	acc@20: 69.21%	acc@30: 84.72%	
[2023-12-06 21:06:56] INFO (nni/MainThread) Intermediate result: 21.241770591736856  (Index 15)
*** Epoch: 8 ***
-----------------G2R RESULT-------------------

val result: krc:0.745 | lsd:0.791 | ed:1.077 | hr@1:0.665 | hr@2:0.837 | hr@3:0.899 | acc@1:0.665 | acc@2:0.575 | acc@3:0.53 | Best krc: 0.743 | Best epoch: 7
best model saved
[2023-12-06 21:08:32] INFO (nni/MainThread) Intermediate result: 0.7446975797041384  (Index 16)
-----------------ETPA RESULT-------------------
Epoch 8: Validation	rmse: 21.03	mae: 16.57	mape: 107.64%	acc@10: 37.7%	acc@20: 68.77%	acc@30: 84.98%	
[2023-12-06 21:08:32] INFO (nni/MainThread) Intermediate result: 21.029541154949406  (Index 17)
*** Epoch: 9 ***
-----------------G2R RESULT-------------------

val result: krc:0.753 | lsd:0.779 | ed:1.051 | hr@1:0.672 | hr@2:0.84 | hr@3:0.905 | acc@1:0.672 | acc@2:0.582 | acc@3:0.54 | Best krc: 0.745 | Best epoch: 8
best model saved
[2023-12-06 21:10:08] INFO (nni/MainThread) Intermediate result: 0.7530061193725383  (Index 18)
-----------------ETPA RESULT-------------------
Epoch 9: Validation	rmse: 20.81	mae: 16.47	mape: 109.27%	acc@10: 37.59%	acc@20: 68.63%	acc@30: 85.37%	
[2023-12-06 21:10:08] INFO (nni/MainThread) Intermediate result: 20.811473329309532  (Index 19)
*** Epoch: 10 ***
-----------------G2R RESULT-------------------

val result: krc:0.764 | lsd:0.737 | ed:1.027 | hr@1:0.68 | hr@2:0.846 | hr@3:0.905 | acc@1:0.68 | acc@2:0.589 | acc@3:0.551 | Best krc: 0.753 | Best epoch: 9
best model saved
[2023-12-06 21:11:45] INFO (nni/MainThread) Intermediate result: 0.7636243340134901  (Index 20)
-----------------ETPA RESULT-------------------
Epoch 10: Validation	rmse: 20.74	mae: 16.49	mape: 111.54%	acc@10: 36.94%	acc@20: 68.25%	acc@30: 85.56%	
[2023-12-06 21:11:45] INFO (nni/MainThread) Intermediate result: 20.738654302005017  (Index 21)
*** Epoch: 11 ***
-----------------G2R RESULT-------------------

val result: krc:0.767 | lsd:0.754 | ed:1.015 | hr@1:0.685 | hr@2:0.847 | hr@3:0.904 | acc@1:0.685 | acc@2:0.6 | acc@3:0.56 | Best krc: 0.764 | Best epoch: 10
best model saved
[2023-12-06 21:13:22] INFO (nni/MainThread) Intermediate result: 0.7671259110611973  (Index 22)
-----------------ETPA RESULT-------------------
Epoch 11: Validation	rmse: 20.54	mae: 16.38	mape: 112.42%	acc@10: 36.94%	acc@20: 68.43%	acc@30: 85.96%	
[2023-12-06 21:13:22] INFO (nni/MainThread) Intermediate result: 20.536548794925196  (Index 23)
*** Epoch: 12 ***
-----------------G2R RESULT-------------------

val result: krc:0.771 | lsd:0.733 | ed:0.993 | hr@1:0.688 | hr@2:0.847 | hr@3:0.904 | acc@1:0.688 | acc@2:0.602 | acc@3:0.563 | Best krc: 0.767 | Best epoch: 11
best model saved
[2023-12-06 21:15:00] INFO (nni/MainThread) Intermediate result: 0.7707564543506826  (Index 24)
-----------------ETPA RESULT-------------------
Epoch 12: Validation	rmse: 20.36	mae: 16.29	mape: 113.23%	acc@10: 36.81%	acc@20: 68.49%	acc@30: 86.32%	
[2023-12-06 21:15:00] INFO (nni/MainThread) Intermediate result: 20.358526947888066  (Index 25)
*** Epoch: 13 ***
-----------------G2R RESULT-------------------

val result: krc:0.773 | lsd:0.741 | ed:1.0 | hr@1:0.702 | hr@2:0.847 | hr@3:0.904 | acc@1:0.702 | acc@2:0.602 | acc@3:0.565 | Best krc: 0.771 | Best epoch: 12
best model saved
[2023-12-06 21:16:38] INFO (nni/MainThread) Intermediate result: 0.7733903166259966  (Index 26)
-----------------ETPA RESULT-------------------
Epoch 13: Validation	rmse: 20.25	mae: 16.25	mape: 114.16%	acc@10: 36.72%	acc@20: 68.49%	acc@30: 86.59%	
[2023-12-06 21:16:38] INFO (nni/MainThread) Intermediate result: 20.248979331882456  (Index 27)
*** Epoch: 14 ***
-----------------G2R RESULT-------------------

val result: krc:0.775 | lsd:0.733 | ed:0.992 | hr@1:0.692 | hr@2:0.849 | hr@3:0.905 | acc@1:0.692 | acc@2:0.606 | acc@3:0.568 | Best krc: 0.773 | Best epoch: 13
best model saved
[2023-12-06 21:18:13] INFO (nni/MainThread) Intermediate result: 0.7745733001876421  (Index 28)
-----------------ETPA RESULT-------------------
Epoch 14: Validation	rmse: 20.05	mae: 16.12	mape: 114.08%	acc@10: 36.81%	acc@20: 68.67%	acc@30: 86.96%	
[2023-12-06 21:18:13] INFO (nni/MainThread) Intermediate result: 20.047055374340562  (Index 29)
*** Epoch: 15 ***
-----------------G2R RESULT-------------------

val result: krc:0.78 | lsd:0.722 | ed:0.972 | hr@1:0.709 | hr@2:0.85 | hr@3:0.91 | acc@1:0.709 | acc@2:0.617 | acc@3:0.584 | Best krc: 0.775 | Best epoch: 14
best model saved
[2023-12-06 21:19:49] INFO (nni/MainThread) Intermediate result: 0.7801440610273143  (Index 30)
-----------------ETPA RESULT-------------------
Epoch 15: Validation	rmse: 19.85	mae: 15.98	mape: 113.91%	acc@10: 36.83%	acc@20: 68.89%	acc@30: 87.48%	
[2023-12-06 21:19:49] INFO (nni/MainThread) Intermediate result: 19.84708797605399  (Index 31)
*** Epoch: 16 ***
-----------------G2R RESULT-------------------

val result: krc:0.782 | lsd:0.696 | ed:0.973 | hr@1:0.706 | hr@2:0.852 | hr@3:0.908 | acc@1:0.706 | acc@2:0.613 | acc@3:0.577 | Best krc: 0.78 | Best epoch: 15
best model saved
[2023-12-06 21:21:25] INFO (nni/MainThread) Intermediate result: 0.7815726795350757  (Index 32)
-----------------ETPA RESULT-------------------
Epoch 16: Validation	rmse: 19.78	mae: 15.95	mape: 114.43%	acc@10: 36.8%	acc@20: 68.78%	acc@30: 87.65%	
[2023-12-06 21:21:25] INFO (nni/MainThread) Intermediate result: 19.78016272001342  (Index 33)
*** Epoch: 17 ***
-----------------G2R RESULT-------------------

val result: krc:0.789 | lsd:0.707 | ed:0.952 | hr@1:0.718 | hr@2:0.854 | hr@3:0.909 | acc@1:0.718 | acc@2:0.625 | acc@3:0.592 | Best krc: 0.782 | Best epoch: 16
best model saved
[2023-12-06 21:23:02] INFO (nni/MainThread) Intermediate result: 0.7888641770058474  (Index 34)
-----------------ETPA RESULT-------------------
Epoch 17: Validation	rmse: 19.71	mae: 15.95	mape: 115.01%	acc@10: 36.52%	acc@20: 68.68%	acc@30: 87.88%	
[2023-12-06 21:23:02] INFO (nni/MainThread) Intermediate result: 19.708604827951675  (Index 35)
*** Epoch: 18 ***
-----------------G2R RESULT-------------------

val result: krc:0.78 | lsd:0.74 | ed:0.992 | hr@1:0.717 | hr@2:0.849 | hr@3:0.906 | acc@1:0.717 | acc@2:0.618 | acc@3:0.578 | Best krc: 0.789 | Best epoch: 17
[2023-12-06 21:24:38] INFO (nni/MainThread) Intermediate result: 0.7803935758811142  (Index 36)
-----------------ETPA RESULT-------------------
Epoch 18: Validation	rmse: 19.64	mae: 15.93	mape: 115.39%	acc@10: 36.35%	acc@20: 68.67%	acc@30: 88.09%	
[2023-12-06 21:24:38] INFO (nni/MainThread) Intermediate result: 19.644590029054047  (Index 37)
*** Epoch: 19 ***
-----------------G2R RESULT-------------------

val result: krc:0.789 | lsd:0.702 | ed:0.961 | hr@1:0.728 | hr@2:0.85 | hr@3:0.91 | acc@1:0.728 | acc@2:0.627 | acc@3:0.589 | Best krc: 0.789 | Best epoch: 17
[2023-12-06 21:26:15] INFO (nni/MainThread) Intermediate result: 0.7886105094762724  (Index 38)
-----------------ETPA RESULT-------------------
Epoch 19: Validation	rmse: 19.51	mae: 15.85	mape: 115.2%	acc@10: 36.24%	acc@20: 68.8%	acc@30: 88.46%	
[2023-12-06 21:26:15] INFO (nni/MainThread) Intermediate result: 19.511135980407982  (Index 39)
*** Epoch: 20 ***
-----------------G2R RESULT-------------------

val result: krc:0.783 | lsd:0.731 | ed:0.969 | hr@1:0.719 | hr@2:0.85 | hr@3:0.91 | acc@1:0.719 | acc@2:0.622 | acc@3:0.592 | Best krc: 0.789 | Best epoch: 17
[2023-12-06 21:27:53] INFO (nni/MainThread) Intermediate result: 0.7829751805790285  (Index 40)
-----------------ETPA RESULT-------------------
Epoch 20: Validation	rmse: 19.43	mae: 15.81	mape: 115.25%	acc@10: 36.14%	acc@20: 68.85%	acc@30: 88.75%	
[2023-12-06 21:27:53] INFO (nni/MainThread) Intermediate result: 19.431147134339348  (Index 41)
*** Epoch: 21 ***
-----------------G2R RESULT-------------------

val result: krc:0.787 | lsd:0.707 | ed:0.952 | hr@1:0.718 | hr@2:0.855 | hr@3:0.91 | acc@1:0.718 | acc@2:0.628 | acc@3:0.59 | Best krc: 0.789 | Best epoch: 17
[2023-12-06 21:29:32] INFO (nni/MainThread) Intermediate result: 0.7872911955815323  (Index 42)
-----------------ETPA RESULT-------------------
Epoch 21: Validation	rmse: 19.28	mae: 15.7	mape: 114.68%	acc@10: 36.4%	acc@20: 69.36%	acc@30: 89.04%	
[2023-12-06 21:29:32] INFO (nni/MainThread) Intermediate result: 19.281489506444473  (Index 43)
*** Epoch: 22 ***
-----------------G2R RESULT-------------------

val result: krc:0.786 | lsd:0.711 | ed:0.956 | hr@1:0.714 | hr@2:0.853 | hr@3:0.913 | acc@1:0.714 | acc@2:0.623 | acc@3:0.591 | Best krc: 0.789 | Best epoch: 17
[2023-12-06 21:31:21] INFO (nni/MainThread) Intermediate result: 0.785785960626363  (Index 44)
-----------------ETPA RESULT-------------------
Epoch 22: Validation	rmse: 19.2	mae: 15.65	mape: 114.59%	acc@10: 36.36%	acc@20: 69.48%	acc@30: 89.28%	
[2023-12-06 21:31:21] INFO (nni/MainThread) Intermediate result: 19.200279922103743  (Index 45)
*** Epoch: 23 ***
-----------------G2R RESULT-------------------

val result: krc:0.79 | lsd:0.683 | ed:0.948 | hr@1:0.712 | hr@2:0.86 | hr@3:0.913 | acc@1:0.712 | acc@2:0.627 | acc@3:0.59 | Best krc: 0.789 | Best epoch: 17
best model saved
[2023-12-06 21:33:09] INFO (nni/MainThread) Intermediate result: 0.7895557353624691  (Index 46)
-----------------ETPA RESULT-------------------
Epoch 23: Validation	rmse: 19.11	mae: 15.59	mape: 114.36%	acc@10: 36.34%	acc@20: 69.65%	acc@30: 89.49%	
[2023-12-06 21:33:09] INFO (nni/MainThread) Intermediate result: 19.10647631002057  (Index 47)
*** Epoch: 24 ***
-----------------G2R RESULT-------------------

val result: krc:0.79 | lsd:0.702 | ed:0.95 | hr@1:0.716 | hr@2:0.859 | hr@3:0.915 | acc@1:0.716 | acc@2:0.627 | acc@3:0.592 | Best krc: 0.79 | Best epoch: 23
best model saved
[2023-12-06 21:34:57] INFO (nni/MainThread) Intermediate result: 0.7896576383502487  (Index 48)
-----------------ETPA RESULT-------------------
Epoch 24: Validation	rmse: 18.98	mae: 15.5	mape: 113.75%	acc@10: 36.52%	acc@20: 69.94%	acc@30: 89.76%	
[2023-12-06 21:34:57] INFO (nni/MainThread) Intermediate result: 18.983469922697058  (Index 49)
*** Epoch: 25 ***
-----------------G2R RESULT-------------------

val result: krc:0.784 | lsd:0.691 | ed:0.954 | hr@1:0.705 | hr@2:0.857 | hr@3:0.914 | acc@1:0.705 | acc@2:0.622 | acc@3:0.586 | Best krc: 0.79 | Best epoch: 24
[2023-12-06 21:36:44] INFO (nni/MainThread) Intermediate result: 0.7844027109265412  (Index 50)
-----------------ETPA RESULT-------------------
Epoch 25: Validation	rmse: 18.9	mae: 15.43	mape: 113.42%	acc@10: 36.61%	acc@20: 70.09%	acc@30: 89.97%	
[2023-12-06 21:36:44] INFO (nni/MainThread) Intermediate result: 18.89917128091634  (Index 51)
*** Epoch: 26 ***
-----------------G2R RESULT-------------------

val result: krc:0.786 | lsd:0.681 | ed:0.951 | hr@1:0.7 | hr@2:0.862 | hr@3:0.916 | acc@1:0.7 | acc@2:0.622 | acc@3:0.584 | Best krc: 0.79 | Best epoch: 24
[2023-12-06 21:38:29] INFO (nni/MainThread) Intermediate result: 0.7858638897904311  (Index 52)
-----------------ETPA RESULT-------------------
Epoch 26: Validation	rmse: 18.83	mae: 15.38	mape: 113.26%	acc@10: 36.68%	acc@20: 70.27%	acc@30: 90.15%	
[2023-12-06 21:38:29] INFO (nni/MainThread) Intermediate result: 18.828893633252605  (Index 53)
*** Epoch: 27 ***
-----------------G2R RESULT-------------------

val result: krc:0.786 | lsd:0.694 | ed:0.955 | hr@1:0.697 | hr@2:0.857 | hr@3:0.912 | acc@1:0.697 | acc@2:0.62 | acc@3:0.583 | Best krc: 0.79 | Best epoch: 24
[2023-12-06 21:40:13] INFO (nni/MainThread) Intermediate result: 0.7858249862010246  (Index 54)
-----------------ETPA RESULT-------------------
Epoch 27: Validation	rmse: 18.83	mae: 15.39	mape: 113.49%	acc@10: 36.61%	acc@20: 70.21%	acc@30: 90.15%	
[2023-12-06 21:40:13] INFO (nni/MainThread) Intermediate result: 18.829434021506977  (Index 55)
*** Epoch: 28 ***
-----------------G2R RESULT-------------------

val result: krc:0.79 | lsd:0.682 | ed:0.954 | hr@1:0.707 | hr@2:0.859 | hr@3:0.913 | acc@1:0.707 | acc@2:0.626 | acc@3:0.589 | Best krc: 0.79 | Best epoch: 24
best model saved
[2023-12-06 21:42:00] INFO (nni/MainThread) Intermediate result: 0.789901458401677  (Index 56)
-----------------ETPA RESULT-------------------
Epoch 28: Validation	rmse: 18.71	mae: 15.29	mape: 112.83%	acc@10: 36.82%	acc@20: 70.57%	acc@30: 90.38%	
[2023-12-06 21:42:00] INFO (nni/MainThread) Intermediate result: 18.70849475498678  (Index 57)
*** Epoch: 29 ***
-----------------G2R RESULT-------------------

val result: krc:0.791 | lsd:0.687 | ed:0.951 | hr@1:0.708 | hr@2:0.856 | hr@3:0.913 | acc@1:0.708 | acc@2:0.624 | acc@3:0.588 | Best krc: 0.79 | Best epoch: 28
best model saved
[2023-12-06 21:43:49] INFO (nni/MainThread) Intermediate result: 0.79057816270759  (Index 58)
-----------------ETPA RESULT-------------------
Epoch 29: Validation	rmse: 18.67	mae: 15.26	mape: 112.78%	acc@10: 36.85%	acc@20: 70.65%	acc@30: 90.48%	
[2023-12-06 21:43:49] INFO (nni/MainThread) Intermediate result: 18.66851646008918  (Index 59)
*** Epoch: 30 ***
-----------------G2R RESULT-------------------

val result: krc:0.795 | lsd:0.665 | ed:0.925 | hr@1:0.717 | hr@2:0.86 | hr@3:0.916 | acc@1:0.717 | acc@2:0.631 | acc@3:0.597 | Best krc: 0.791 | Best epoch: 29
best model saved
[2023-12-06 21:45:40] INFO (nni/MainThread) Intermediate result: 0.795487634359519  (Index 60)
-----------------ETPA RESULT-------------------
Epoch 30: Validation	rmse: 18.61	mae: 15.22	mape: 112.59%	acc@10: 36.93%	acc@20: 70.81%	acc@30: 90.6%	
[2023-12-06 21:45:40] INFO (nni/MainThread) Intermediate result: 18.609809490652495  (Index 61)
*** Epoch: 31 ***
-----------------G2R RESULT-------------------

val result: krc:0.795 | lsd:0.679 | ed:0.921 | hr@1:0.724 | hr@2:0.857 | hr@3:0.914 | acc@1:0.724 | acc@2:0.634 | acc@3:0.598 | Best krc: 0.795 | Best epoch: 30
[2023-12-06 21:47:31] INFO (nni/MainThread) Intermediate result: 0.7947652221460705  (Index 62)
-----------------ETPA RESULT-------------------
Epoch 31: Validation	rmse: 18.51	mae: 15.14	mape: 112.03%	acc@10: 37.19%	acc@20: 71.16%	acc@30: 90.72%	
[2023-12-06 21:47:31] INFO (nni/MainThread) Intermediate result: 18.513475250177947  (Index 63)
*** Epoch: 32 ***
-----------------G2R RESULT-------------------

val result: krc:0.797 | lsd:0.666 | ed:0.909 | hr@1:0.726 | hr@2:0.864 | hr@3:0.919 | acc@1:0.726 | acc@2:0.643 | acc@3:0.605 | Best krc: 0.795 | Best epoch: 30
best model saved
[2023-12-06 21:49:24] INFO (nni/MainThread) Intermediate result: 0.7966798425303014  (Index 64)
-----------------ETPA RESULT-------------------
Epoch 32: Validation	rmse: 18.47	mae: 15.11	mape: 111.91%	acc@10: 37.25%	acc@20: 71.22%	acc@30: 90.81%	
[2023-12-06 21:49:24] INFO (nni/MainThread) Intermediate result: 18.47348666105946  (Index 65)
*** Epoch: 33 ***
-----------------G2R RESULT-------------------

val result: krc:0.8 | lsd:0.637 | ed:0.914 | hr@1:0.722 | hr@2:0.863 | hr@3:0.918 | acc@1:0.722 | acc@2:0.635 | acc@3:0.599 | Best krc: 0.797 | Best epoch: 32
best model saved
[2023-12-06 21:51:16] INFO (nni/MainThread) Intermediate result: 0.7999420227054683  (Index 66)
-----------------ETPA RESULT-------------------
Epoch 33: Validation	rmse: 18.42	mae: 15.06	mape: 111.64%	acc@10: 37.33%	acc@20: 71.37%	acc@30: 90.89%	
[2023-12-06 21:51:16] INFO (nni/MainThread) Intermediate result: 18.418035850775322  (Index 67)
*** Epoch: 34 ***
-----------------G2R RESULT-------------------

val result: krc:0.797 | lsd:0.658 | ed:0.912 | hr@1:0.722 | hr@2:0.864 | hr@3:0.918 | acc@1:0.722 | acc@2:0.637 | acc@3:0.6 | Best krc: 0.8 | Best epoch: 33
[2023-12-06 21:53:07] INFO (nni/MainThread) Intermediate result: 0.7974108331869592  (Index 68)
-----------------ETPA RESULT-------------------
Epoch 34: Validation	rmse: 18.36	mae: 15.01	mape: 111.34%	acc@10: 37.44%	acc@20: 71.57%	acc@30: 90.98%	
[2023-12-06 21:53:07] INFO (nni/MainThread) Intermediate result: 18.35677342642195  (Index 69)
*** Epoch: 35 ***
-----------------G2R RESULT-------------------

val result: krc:0.804 | lsd:0.642 | ed:0.909 | hr@1:0.722 | hr@2:0.865 | hr@3:0.918 | acc@1:0.722 | acc@2:0.639 | acc@3:0.605 | Best krc: 0.8 | Best epoch: 33
best model saved
[2023-12-06 21:55:00] INFO (nni/MainThread) Intermediate result: 0.803977037068423  (Index 70)
-----------------ETPA RESULT-------------------
Epoch 35: Validation	rmse: 18.37	mae: 15.03	mape: 111.59%	acc@10: 37.38%	acc@20: 71.45%	acc@30: 90.99%	
[2023-12-06 21:55:00] INFO (nni/MainThread) Intermediate result: 18.373386312594008  (Index 71)
*** Epoch: 36 ***
-----------------G2R RESULT-------------------

val result: krc:0.805 | lsd:0.628 | ed:0.918 | hr@1:0.732 | hr@2:0.864 | hr@3:0.92 | acc@1:0.732 | acc@2:0.641 | acc@3:0.609 | Best krc: 0.804 | Best epoch: 35
best model saved
[2023-12-06 21:56:51] INFO (nni/MainThread) Intermediate result: 0.8051333149190604  (Index 72)
-----------------ETPA RESULT-------------------
Epoch 36: Validation	rmse: 18.35	mae: 15.01	mape: 111.49%	acc@10: 37.49%	acc@20: 71.58%	acc@30: 91.03%	
[2023-12-06 21:56:51] INFO (nni/MainThread) Intermediate result: 18.348012805916778  (Index 73)
*** Epoch: 37 ***
-----------------G2R RESULT-------------------

val result: krc:0.807 | lsd:0.607 | ed:0.889 | hr@1:0.719 | hr@2:0.872 | hr@3:0.919 | acc@1:0.719 | acc@2:0.647 | acc@3:0.606 | Best krc: 0.805 | Best epoch: 36
best model saved
[2023-12-06 21:58:43] INFO (nni/MainThread) Intermediate result: 0.8073339800493278  (Index 74)
-----------------ETPA RESULT-------------------
Epoch 37: Validation	rmse: 18.27	mae: 14.94	mape: 111.04%	acc@10: 37.66%	acc@20: 71.79%	acc@30: 91.17%	
[2023-12-06 21:58:43] INFO (nni/MainThread) Intermediate result: 18.266765848402866  (Index 75)
*** Epoch: 38 ***
-----------------G2R RESULT-------------------

val result: krc:0.814 | lsd:0.608 | ed:0.893 | hr@1:0.729 | hr@2:0.873 | hr@3:0.92 | acc@1:0.729 | acc@2:0.652 | acc@3:0.613 | Best krc: 0.807 | Best epoch: 37
best model saved
[2023-12-06 22:00:34] INFO (nni/MainThread) Intermediate result: 0.8139898942172662  (Index 76)
-----------------ETPA RESULT-------------------
Epoch 38: Validation	rmse: 18.22	mae: 14.91	mape: 110.84%	acc@10: 37.65%	acc@20: 71.86%	acc@30: 91.27%	
[2023-12-06 22:00:34] INFO (nni/MainThread) Intermediate result: 18.21726111754676  (Index 77)
*** Epoch: 39 ***
-----------------G2R RESULT-------------------

val result: krc:0.811 | lsd:0.592 | ed:0.885 | hr@1:0.738 | hr@2:0.874 | hr@3:0.919 | acc@1:0.738 | acc@2:0.658 | acc@3:0.614 | Best krc: 0.814 | Best epoch: 38
[2023-12-06 22:02:26] INFO (nni/MainThread) Intermediate result: 0.8113951005512003  (Index 78)
-----------------ETPA RESULT-------------------
Epoch 39: Validation	rmse: 18.21	mae: 14.91	mape: 110.99%	acc@10: 37.59%	acc@20: 71.76%	acc@30: 91.33%	
[2023-12-06 22:02:26] INFO (nni/MainThread) Intermediate result: 18.213522715516238  (Index 79)
*** Epoch: 40 ***
-----------------G2R RESULT-------------------

val result: krc:0.812 | lsd:0.614 | ed:0.879 | hr@1:0.734 | hr@2:0.87 | hr@3:0.916 | acc@1:0.734 | acc@2:0.658 | acc@3:0.611 | Best krc: 0.814 | Best epoch: 38
[2023-12-06 22:04:19] INFO (nni/MainThread) Intermediate result: 0.8120579687523283  (Index 80)
-----------------ETPA RESULT-------------------
Epoch 40: Validation	rmse: 18.15	mae: 14.86	mape: 110.63%	acc@10: 37.75%	acc@20: 71.94%	acc@30: 91.44%	
[2023-12-06 22:04:19] INFO (nni/MainThread) Intermediate result: 18.146328185438357  (Index 81)
*** Epoch: 41 ***
-----------------G2R RESULT-------------------

val result: krc:0.813 | lsd:0.635 | ed:0.88 | hr@1:0.736 | hr@2:0.867 | hr@3:0.915 | acc@1:0.736 | acc@2:0.655 | acc@3:0.613 | Best krc: 0.814 | Best epoch: 38
[2023-12-06 22:06:15] INFO (nni/MainThread) Intermediate result: 0.8126352922854889  (Index 82)
-----------------ETPA RESULT-------------------
Epoch 41: Validation	rmse: 18.1	mae: 14.83	mape: 110.41%	acc@10: 37.79%	acc@20: 72.03%	acc@30: 91.53%	
[2023-12-06 22:06:15] INFO (nni/MainThread) Intermediate result: 18.103927003474126  (Index 83)
*** Epoch: 42 ***
-----------------G2R RESULT-------------------

val result: krc:0.809 | lsd:0.623 | ed:0.901 | hr@1:0.724 | hr@2:0.869 | hr@3:0.915 | acc@1:0.724 | acc@2:0.645 | acc@3:0.605 | Best krc: 0.814 | Best epoch: 38
[2023-12-06 22:08:08] INFO (nni/MainThread) Intermediate result: 0.8089933807467696  (Index 84)
-----------------ETPA RESULT-------------------
Epoch 42: Validation	rmse: 18.03	mae: 14.77	mape: 109.94%	acc@10: 38.04%	acc@20: 72.24%	acc@30: 91.62%	
[2023-12-06 22:08:08] INFO (nni/MainThread) Intermediate result: 18.03006562137043  (Index 85)
*** Epoch: 43 ***
-----------------G2R RESULT-------------------

val result: krc:0.812 | lsd:0.604 | ed:0.871 | hr@1:0.723 | hr@2:0.875 | hr@3:0.922 | acc@1:0.723 | acc@2:0.652 | acc@3:0.616 | Best krc: 0.814 | Best epoch: 38
[2023-12-06 22:09:58] INFO (nni/MainThread) Intermediate result: 0.8124401514694476  (Index 86)
-----------------ETPA RESULT-------------------
Epoch 43: Validation	rmse: 18.0	mae: 14.74	mape: 109.78%	acc@10: 38.1%	acc@20: 72.28%	acc@30: 91.67%	
[2023-12-06 22:09:58] INFO (nni/MainThread) Intermediate result: 17.99997964750422  (Index 87)
*** Epoch: 44 ***
-----------------G2R RESULT-------------------

val result: krc:0.814 | lsd:0.609 | ed:0.882 | hr@1:0.729 | hr@2:0.878 | hr@3:0.923 | acc@1:0.729 | acc@2:0.659 | acc@3:0.617 | Best krc: 0.814 | Best epoch: 38
[2023-12-06 22:11:48] INFO (nni/MainThread) Intermediate result: 0.813719048769333  (Index 88)
-----------------ETPA RESULT-------------------
Epoch 44: Validation	rmse: 17.98	mae: 14.73	mape: 109.78%	acc@10: 38.07%	acc@20: 72.28%	acc@30: 91.73%	
[2023-12-06 22:11:48] INFO (nni/MainThread) Intermediate result: 17.977996278261248  (Index 89)
*** Epoch: 45 ***
-----------------G2R RESULT-------------------

val result: krc:0.813 | lsd:0.599 | ed:0.869 | hr@1:0.726 | hr@2:0.877 | hr@3:0.923 | acc@1:0.726 | acc@2:0.656 | acc@3:0.621 | Best krc: 0.814 | Best epoch: 38
[2023-12-06 22:13:37] INFO (nni/MainThread) Intermediate result: 0.8133373740544706  (Index 90)
-----------------ETPA RESULT-------------------
Epoch 45: Validation	rmse: 17.93	mae: 14.68	mape: 109.43%	acc@10: 38.22%	acc@20: 72.46%	acc@30: 91.79%	
[2023-12-06 22:13:37] INFO (nni/MainThread) Intermediate result: 17.92638605956754  (Index 91)
*** Epoch: 46 ***
-----------------G2R RESULT-------------------

val result: krc:0.817 | lsd:0.589 | ed:0.849 | hr@1:0.73 | hr@2:0.876 | hr@3:0.923 | acc@1:0.73 | acc@2:0.659 | acc@3:0.624 | Best krc: 0.814 | Best epoch: 38
best model saved
[2023-12-06 22:15:29] INFO (nni/MainThread) Intermediate result: 0.8167435094501119  (Index 92)
-----------------ETPA RESULT-------------------
Epoch 46: Validation	rmse: 17.87	mae: 14.64	mape: 109.18%	acc@10: 38.38%	acc@20: 72.59%	acc@30: 91.87%	
[2023-12-06 22:15:29] INFO (nni/MainThread) Intermediate result: 17.873483818808033  (Index 93)
*** Epoch: 47 ***
-----------------G2R RESULT-------------------

val result: krc:0.817 | lsd:0.614 | ed:0.864 | hr@1:0.725 | hr@2:0.878 | hr@3:0.924 | acc@1:0.725 | acc@2:0.658 | acc@3:0.623 | Best krc: 0.817 | Best epoch: 46
best model saved
[2023-12-06 22:17:21] INFO (nni/MainThread) Intermediate result: 0.8168807988396969  (Index 94)
-----------------ETPA RESULT-------------------
Epoch 47: Validation	rmse: 17.85	mae: 14.62	mape: 109.08%	acc@10: 38.43%	acc@20: 72.63%	acc@30: 91.9%	
[2023-12-06 22:17:21] INFO (nni/MainThread) Intermediate result: 17.849789577881396  (Index 95)
*** Epoch: 48 ***
-----------------G2R RESULT-------------------

val result: krc:0.817 | lsd:0.573 | ed:0.84 | hr@1:0.721 | hr@2:0.88 | hr@3:0.925 | acc@1:0.721 | acc@2:0.657 | acc@3:0.624 | Best krc: 0.817 | Best epoch: 47
best model saved
[2023-12-06 22:19:11] INFO (nni/MainThread) Intermediate result: 0.8169914223171765  (Index 96)
-----------------ETPA RESULT-------------------
Epoch 48: Validation	rmse: 17.79	mae: 14.58	mape: 108.7%	acc@10: 38.56%	acc@20: 72.81%	acc@30: 91.97%	
[2023-12-06 22:19:11] INFO (nni/MainThread) Intermediate result: 17.794005615934793  (Index 97)
*** Epoch: 49 ***
-----------------G2R RESULT-------------------

val result: krc:0.816 | lsd:0.595 | ed:0.861 | hr@1:0.727 | hr@2:0.88 | hr@3:0.924 | acc@1:0.727 | acc@2:0.659 | acc@3:0.622 | Best krc: 0.817 | Best epoch: 48
[2023-12-06 22:21:01] INFO (nni/MainThread) Intermediate result: 0.8164906896695265  (Index 98)
-----------------ETPA RESULT-------------------
Epoch 49: Validation	rmse: 17.76	mae: 14.55	mape: 108.49%	acc@10: 38.63%	acc@20: 72.89%	acc@30: 92.04%	
[2023-12-06 22:21:01] INFO (nni/MainThread) Intermediate result: 17.7570659530011  (Index 99)
*** Epoch: 50 ***
-----------------G2R RESULT-------------------

val result: krc:0.815 | lsd:0.602 | ed:0.864 | hr@1:0.723 | hr@2:0.876 | hr@3:0.923 | acc@1:0.723 | acc@2:0.649 | acc@3:0.613 | Best krc: 0.817 | Best epoch: 48
[2023-12-06 22:22:51] INFO (nni/MainThread) Intermediate result: 0.8147154877544034  (Index 100)
-----------------ETPA RESULT-------------------
Epoch 50: Validation	rmse: 17.75	mae: 14.54	mape: 108.49%	acc@10: 38.63%	acc@20: 72.9%	acc@30: 92.04%	
[2023-12-06 22:22:51] INFO (nni/MainThread) Intermediate result: 17.75487796569624  (Index 101)
*** Epoch: 51 ***
-----------------G2R RESULT-------------------

val result: krc:0.817 | lsd:0.585 | ed:0.868 | hr@1:0.73 | hr@2:0.876 | hr@3:0.925 | acc@1:0.73 | acc@2:0.656 | acc@3:0.62 | Best krc: 0.817 | Best epoch: 48
best model saved
[2023-12-06 22:24:43] INFO (nni/MainThread) Intermediate result: 0.8170822608863711  (Index 102)
-----------------ETPA RESULT-------------------
Epoch 51: Validation	rmse: 17.7	mae: 14.5	mape: 108.11%	acc@10: 38.82%	acc@20: 73.09%	acc@30: 92.09%	
[2023-12-06 22:24:43] INFO (nni/MainThread) Intermediate result: 17.70246296180518  (Index 103)
*** Epoch: 52 ***
-----------------G2R RESULT-------------------

val result: krc:0.816 | lsd:0.616 | ed:0.861 | hr@1:0.727 | hr@2:0.878 | hr@3:0.924 | acc@1:0.727 | acc@2:0.655 | acc@3:0.615 | Best krc: 0.817 | Best epoch: 51
[2023-12-06 22:26:33] INFO (nni/MainThread) Intermediate result: 0.8161652737778667  (Index 104)
-----------------ETPA RESULT-------------------
Epoch 52: Validation	rmse: 17.71	mae: 14.5	mape: 108.13%	acc@10: 38.76%	acc@20: 73.08%	acc@30: 92.1%	
[2023-12-06 22:26:33] INFO (nni/MainThread) Intermediate result: 17.705400529347408  (Index 105)
*** Epoch: 53 ***
-----------------G2R RESULT-------------------

val result: krc:0.815 | lsd:0.602 | ed:0.861 | hr@1:0.722 | hr@2:0.875 | hr@3:0.922 | acc@1:0.722 | acc@2:0.652 | acc@3:0.617 | Best krc: 0.817 | Best epoch: 51
[2023-12-06 22:28:21] INFO (nni/MainThread) Intermediate result: 0.81510711607782  (Index 106)
-----------------ETPA RESULT-------------------
Epoch 53: Validation	rmse: 17.72	mae: 14.52	mape: 108.32%	acc@10: 38.66%	acc@20: 73.0%	acc@30: 92.13%	
[2023-12-06 22:28:21] INFO (nni/MainThread) Intermediate result: 17.720907417510233  (Index 107)
*** Epoch: 54 ***
-----------------G2R RESULT-------------------

val result: krc:0.806 | lsd:0.639 | ed:0.902 | hr@1:0.714 | hr@2:0.868 | hr@3:0.918 | acc@1:0.714 | acc@2:0.64 | acc@3:0.602 | Best krc: 0.817 | Best epoch: 51
[2023-12-06 22:30:12] INFO (nni/MainThread) Intermediate result: 0.806467862733713  (Index 108)
-----------------ETPA RESULT-------------------
Epoch 54: Validation	rmse: 17.67	mae: 14.47	mape: 107.86%	acc@10: 38.83%	acc@20: 73.17%	acc@30: 92.18%	
[2023-12-06 22:30:12] INFO (nni/MainThread) Intermediate result: 17.66596154606993  (Index 109)
*** Epoch: 55 ***
-----------------G2R RESULT-------------------

val result: krc:0.812 | lsd:0.625 | ed:0.886 | hr@1:0.723 | hr@2:0.869 | hr@3:0.916 | acc@1:0.723 | acc@2:0.645 | acc@3:0.605 | Best krc: 0.817 | Best epoch: 51
[2023-12-06 22:32:02] INFO (nni/MainThread) Intermediate result: 0.8116027236621902  (Index 110)
-----------------ETPA RESULT-------------------
Epoch 55: Validation	rmse: 17.63	mae: 14.44	mape: 107.65%	acc@10: 38.86%	acc@20: 73.25%	acc@30: 92.24%	
[2023-12-06 22:32:02] INFO (nni/MainThread) Intermediate result: 17.632036461776043  (Index 111)
*** Epoch: 56 ***
-----------------G2R RESULT-------------------

val result: krc:0.811 | lsd:0.611 | ed:0.898 | hr@1:0.713 | hr@2:0.873 | hr@3:0.92 | acc@1:0.713 | acc@2:0.643 | acc@3:0.604 | Best krc: 0.817 | Best epoch: 51
[2023-12-06 22:33:52] INFO (nni/MainThread) Intermediate result: 0.8112751330678747  (Index 112)
-----------------ETPA RESULT-------------------
Epoch 56: Validation	rmse: 17.6	mae: 14.41	mape: 107.44%	acc@10: 38.92%	acc@20: 73.32%	acc@30: 92.29%	
[2023-12-06 22:33:52] INFO (nni/MainThread) Intermediate result: 17.59920537407613  (Index 113)
*** Epoch: 57 ***
-----------------G2R RESULT-------------------

val result: krc:0.806 | lsd:0.617 | ed:0.892 | hr@1:0.725 | hr@2:0.869 | hr@3:0.92 | acc@1:0.725 | acc@2:0.64 | acc@3:0.605 | Best krc: 0.817 | Best epoch: 51
[2023-12-06 22:35:43] INFO (nni/MainThread) Intermediate result: 0.8063362966205118  (Index 114)
-----------------ETPA RESULT-------------------
Epoch 57: Validation	rmse: 17.56	mae: 14.38	mape: 107.16%	acc@10: 39.02%	acc@20: 73.48%	acc@30: 92.35%	
[2023-12-06 22:35:43] INFO (nni/MainThread) Intermediate result: 17.557358197012473  (Index 115)
*** Epoch: 58 ***
-----------------G2R RESULT-------------------

val result: krc:0.82 | lsd:0.59 | ed:0.847 | hr@1:0.745 | hr@2:0.873 | hr@3:0.922 | acc@1:0.745 | acc@2:0.664 | acc@3:0.627 | Best krc: 0.817 | Best epoch: 51
best model saved
[2023-12-06 22:37:34] INFO (nni/MainThread) Intermediate result: 0.820396679871975  (Index 116)
-----------------ETPA RESULT-------------------
Epoch 58: Validation	rmse: 17.53	mae: 14.36	mape: 107.0%	acc@10: 39.06%	acc@20: 73.56%	acc@30: 92.37%	
[2023-12-06 22:37:34] INFO (nni/MainThread) Intermediate result: 17.534851965076474  (Index 117)
*** Epoch: 59 ***
-----------------G2R RESULT-------------------

val result: krc:0.824 | lsd:0.565 | ed:0.843 | hr@1:0.745 | hr@2:0.88 | hr@3:0.924 | acc@1:0.745 | acc@2:0.666 | acc@3:0.631 | Best krc: 0.82 | Best epoch: 58
best model saved
[2023-12-06 22:39:25] INFO (nni/MainThread) Intermediate result: 0.8243986614690595  (Index 118)
-----------------ETPA RESULT-------------------
Epoch 59: Validation	rmse: 17.5	mae: 14.33	mape: 106.72%	acc@10: 39.23%	acc@20: 73.7%	acc@30: 92.4%	
[2023-12-06 22:39:25] INFO (nni/MainThread) Intermediate result: 17.49770149964126  (Index 119)
*** Epoch: 60 ***
-----------------G2R RESULT-------------------

val result: krc:0.816 | lsd:0.596 | ed:0.869 | hr@1:0.724 | hr@2:0.879 | hr@3:0.924 | acc@1:0.724 | acc@2:0.655 | acc@3:0.62 | Best krc: 0.824 | Best epoch: 59
[2023-12-06 22:41:16] INFO (nni/MainThread) Intermediate result: 0.8163764021044299  (Index 120)
-----------------ETPA RESULT-------------------
Epoch 60: Validation	rmse: 17.45	mae: 14.29	mape: 106.42%	acc@10: 39.37%	acc@20: 73.84%	acc@30: 92.45%	
[2023-12-06 22:41:16] INFO (nni/MainThread) Intermediate result: 17.453530284440305  (Index 121)
*** Epoch: 61 ***
-----------------G2R RESULT-------------------

val result: krc:0.816 | lsd:0.591 | ed:0.864 | hr@1:0.726 | hr@2:0.876 | hr@3:0.923 | acc@1:0.726 | acc@2:0.652 | acc@3:0.614 | Best krc: 0.824 | Best epoch: 59
[2023-12-06 22:43:06] INFO (nni/MainThread) Intermediate result: 0.8155503991708628  (Index 122)
-----------------ETPA RESULT-------------------
Epoch 61: Validation	rmse: 17.41	mae: 14.25	mape: 106.06%	acc@10: 39.57%	acc@20: 73.98%	acc@30: 92.49%	
[2023-12-06 22:43:06] INFO (nni/MainThread) Intermediate result: 17.409451906663076  (Index 123)
*** Epoch: 62 ***
-----------------G2R RESULT-------------------

val result: krc:0.816 | lsd:0.585 | ed:0.886 | hr@1:0.735 | hr@2:0.879 | hr@3:0.926 | acc@1:0.735 | acc@2:0.659 | acc@3:0.619 | Best krc: 0.824 | Best epoch: 59
[2023-12-06 22:44:51] INFO (nni/MainThread) Intermediate result: 0.8156050851284782  (Index 124)
-----------------ETPA RESULT-------------------
Epoch 62: Validation	rmse: 17.36	mae: 14.2	mape: 105.66%	acc@10: 39.76%	acc@20: 74.18%	acc@30: 92.53%	
[2023-12-06 22:44:51] INFO (nni/MainThread) Intermediate result: 17.360688686090853  (Index 125)
*** Epoch: 63 ***
-----------------G2R RESULT-------------------

val result: krc:0.823 | lsd:0.56 | ed:0.849 | hr@1:0.738 | hr@2:0.88 | hr@3:0.928 | acc@1:0.738 | acc@2:0.666 | acc@3:0.629 | Best krc: 0.824 | Best epoch: 59
[2023-12-06 22:46:38] INFO (nni/MainThread) Intermediate result: 0.8233371807224014  (Index 126)
-----------------ETPA RESULT-------------------
Epoch 63: Validation	rmse: 17.3	mae: 14.15	mape: 105.19%	acc@10: 39.98%	acc@20: 74.39%	acc@30: 92.6%	
[2023-12-06 22:46:38] INFO (nni/MainThread) Intermediate result: 17.30387761120939  (Index 127)
*** Epoch: 64 ***
-----------------G2R RESULT-------------------

val result: krc:0.815 | lsd:0.607 | ed:0.854 | hr@1:0.729 | hr@2:0.875 | hr@3:0.923 | acc@1:0.729 | acc@2:0.654 | acc@3:0.62 | Best krc: 0.824 | Best epoch: 59
[2023-12-06 22:48:23] INFO (nni/MainThread) Intermediate result: 0.8153126372890256  (Index 128)
-----------------ETPA RESULT-------------------
Epoch 64: Validation	rmse: 17.29	mae: 14.14	mape: 105.15%	acc@10: 39.97%	acc@20: 74.44%	acc@30: 92.64%	
[2023-12-06 22:48:23] INFO (nni/MainThread) Intermediate result: 17.29205107903953  (Index 129)
*** Epoch: 65 ***
-----------------G2R RESULT-------------------

val result: krc:0.814 | lsd:0.595 | ed:0.863 | hr@1:0.734 | hr@2:0.873 | hr@3:0.923 | acc@1:0.734 | acc@2:0.659 | acc@3:0.625 | Best krc: 0.824 | Best epoch: 59
[2023-12-06 22:50:09] INFO (nni/MainThread) Intermediate result: 0.8144814129335336  (Index 130)
-----------------ETPA RESULT-------------------
Epoch 65: Validation	rmse: 17.27	mae: 14.13	mape: 105.03%	acc@10: 40.03%	acc@20: 74.51%	acc@30: 92.67%	
[2023-12-06 22:50:09] INFO (nni/MainThread) Intermediate result: 17.273782969024982  (Index 131)
*** Epoch: 66 ***
-----------------G2R RESULT-------------------

val result: krc:0.821 | lsd:0.572 | ed:0.843 | hr@1:0.74 | hr@2:0.878 | hr@3:0.926 | acc@1:0.74 | acc@2:0.666 | acc@3:0.628 | Best krc: 0.824 | Best epoch: 59
[2023-12-06 22:51:53] INFO (nni/MainThread) Intermediate result: 0.8212087428353277  (Index 132)
-----------------ETPA RESULT-------------------
Epoch 66: Validation	rmse: 17.26	mae: 14.11	mape: 104.85%	acc@10: 40.12%	acc@20: 74.61%	acc@30: 92.67%	
[2023-12-06 22:51:53] INFO (nni/MainThread) Intermediate result: 17.255787204883752  (Index 133)
*** Epoch: 67 ***
-----------------G2R RESULT-------------------

val result: krc:0.806 | lsd:0.606 | ed:0.9 | hr@1:0.71 | hr@2:0.876 | hr@3:0.921 | acc@1:0.71 | acc@2:0.645 | acc@3:0.605 | Best krc: 0.824 | Best epoch: 59
[2023-12-06 22:53:38] INFO (nni/MainThread) Intermediate result: 0.8061978569455613  (Index 134)
-----------------ETPA RESULT-------------------
Epoch 67: Validation	rmse: 17.22	mae: 14.08	mape: 104.58%	acc@10: 40.24%	acc@20: 74.73%	acc@30: 92.72%	
[2023-12-06 22:53:38] INFO (nni/MainThread) Intermediate result: 17.219157035789344  (Index 135)
*** Epoch: 68 ***
-----------------G2R RESULT-------------------

val result: krc:0.822 | lsd:0.59 | ed:0.853 | hr@1:0.741 | hr@2:0.878 | hr@3:0.926 | acc@1:0.741 | acc@2:0.666 | acc@3:0.63 | Best krc: 0.824 | Best epoch: 59
[2023-12-06 22:55:24] INFO (nni/MainThread) Intermediate result: 0.8221248828419795  (Index 136)
-----------------ETPA RESULT-------------------
Epoch 68: Validation	rmse: 17.19	mae: 14.05	mape: 104.38%	acc@10: 40.34%	acc@20: 74.84%	acc@30: 92.76%	
[2023-12-06 22:55:24] INFO (nni/MainThread) Intermediate result: 17.189607373013303  (Index 137)
*** Epoch: 69 ***
-----------------G2R RESULT-------------------

val result: krc:0.82 | lsd:0.592 | ed:0.854 | hr@1:0.732 | hr@2:0.878 | hr@3:0.925 | acc@1:0.732 | acc@2:0.661 | acc@3:0.626 | Best krc: 0.824 | Best epoch: 59
[2023-12-06 22:57:10] INFO (nni/MainThread) Intermediate result: 0.8199097545315297  (Index 138)
-----------------ETPA RESULT-------------------
Epoch 69: Validation	rmse: 17.17	mae: 14.03	mape: 104.25%	acc@10: 40.38%	acc@20: 74.9%	acc@30: 92.78%	
[2023-12-06 22:57:10] INFO (nni/MainThread) Intermediate result: 17.170467100830155  (Index 139)
loaded model path: /home/sentanoe/joint_training/data/dataset/food_pd/sort_model/hidden_size-8.gcnru-pd_1701892456.42476731701892456.4247787
best model loaded !!!
krc:0.812 | lsd:0.443 | ed:0.881 | hr@1:0.731 | hr@2:0.903 | hr@3:0.944 | acc@1:0.731 | acc@2:0.654 | acc@3:0.611 |

-------------------------------------------------------------
Best epoch for G2R:  59
Best epoch for ETPA:  69
graph2route_pd Evaluation in test: krc:0.812 | lsd:0.443 | ed:0.881 | hr@1:0.731 | hr@2:0.903 | hr@3:0.944 | acc@1:0.731 | acc@2:0.654 | acc@3:0.611 |
RankPETA Evaluation in test: rmse: 15.34	mae: 12.27	mape: 111.29%	acc@10: 48.1%	acc@20: 81.86%	acc@30: 95.78%	
