Device:  cuda
{'alpha_loss': 0.5,
 'batch_size': 64,
 'dataset': 'food_pd',
 'datatype': 'order',
 'device': device(type='cuda'),
 'early_stop': 10,
 'edge_fea_dim': 5,
 'embedding_dim': 32,
 'eval_end_1': 11,
 'eval_end_2': 25,
 'eval_start': 1,
 'gcn_num_layers': 2,
 'hidden_size': 8,
 'is_eval': False,
 'is_test': False,
 'k_min_nodes': 3,
 'k_nearest_neighbors': 'n-1',
 'lr': 0.001,
 'max_task_num': 25,
 'min_task_num': 0,
 'modelArrivalTime': 'RankPETA',
 'modelRoute': 'graph2route_pd',
 'no_cuda': False,
 'node_fea_dim': 8,
 'node_features_test': '/home/sentanoe/joint_training/data/dataset/food_pd/node_features_test_full.npy',
 'node_features_train': '/home/sentanoe/joint_training/data/dataset/food_pd/node_features_train_full.npy',
 'node_features_val': '/home/sentanoe/joint_training/data/dataset/food_pd/node_features_val_full.npy',
 'num_block': 4,
 'num_epoch': 1000,
 'num_head': 2,
 'num_worker_logistics': 2346,
 'num_worker_pd': 920,
 'pad_value': 26,
 'seed': 9999,
 'sort_mode': 'pnn_idx',
 'spatial_encoder': 'gatv2',
 'temporal_encoder': 'tft',
 'test_path': '/home/sentanoe/joint_training/data/dataset/food_pd/test_full.npy',
 'train_mode': 'sort',
 'train_path': '/home/sentanoe/joint_training/data/dataset/food_pd/train_full.npy',
 'val_path': '/home/sentanoe/joint_training/data/dataset/food_pd/val_full.npy',
 'wd': 1e-05,
 'worker_emb_dim': 10,
 'workers': 2}
last_x_size:13;unpick_x_size:12;input_size:53
#train:2521 | #val:1257 | #test:1261
*** Epoch: 0 ***
-----------------G2R RESULT-------------------

val result: krc:0.604 | lsd:1.352 | ed:1.458 | hr@1:0.6 | hr@2:0.728 | hr@3:0.839 | acc@1:0.6 | acc@2:0.444 | acc@3:0.414 | Best krc: -1 | Best epoch: -1
best model saved
[2023-12-01 10:53:42] INFO (nni/MainThread) Intermediate result: 0.6036321397755592  (Index 0)
-----------------ETPA RESULT-------------------
Epoch 0: Validation	rmse: 23.67	mae: 17.95	mape: 59.57%	acc@10: 35.93%	acc@20: 65.56%	acc@30: 81.48%	
[2023-12-01 10:53:42] INFO (nni/MainThread) Intermediate result: 23.66889935918018  (Index 1)
*** Epoch: 1 ***
-----------------G2R RESULT-------------------

val result: krc:0.677 | lsd:1.071 | ed:1.281 | hr@1:0.624 | hr@2:0.788 | hr@3:0.868 | acc@1:0.624 | acc@2:0.499 | acc@3:0.456 | Best krc: 0.604 | Best epoch: 0
best model saved
[2023-12-01 10:55:48] INFO (nni/MainThread) Intermediate result: 0.6766818703329416  (Index 2)
-----------------ETPA RESULT-------------------
Epoch 1: Validation	rmse: 22.14	mae: 17.17	mape: 89.55%	acc@10: 37.22%	acc@20: 65.19%	acc@30: 85.19%	
[2023-12-01 10:55:48] INFO (nni/MainThread) Intermediate result: 22.142866914129428  (Index 3)
*** Epoch: 2 ***
-----------------G2R RESULT-------------------

val result: krc:0.719 | lsd:0.892 | ed:1.163 | hr@1:0.627 | hr@2:0.826 | hr@3:0.889 | acc@1:0.627 | acc@2:0.537 | acc@3:0.499 | Best krc: 0.677 | Best epoch: 1
best model saved
[2023-12-01 10:57:53] INFO (nni/MainThread) Intermediate result: 0.7186028362154291  (Index 4)
-----------------ETPA RESULT-------------------
Epoch 2: Validation	rmse: 22.47	mae: 17.4	mape: 105.07%	acc@10: 36.67%	acc@20: 65.31%	acc@30: 83.7%	
[2023-12-01 10:57:53] INFO (nni/MainThread) Intermediate result: 22.469569783991208  (Index 5)
*** Epoch: 3 ***
-----------------G2R RESULT-------------------

val result: krc:0.704 | lsd:0.953 | ed:1.195 | hr@1:0.617 | hr@2:0.816 | hr@3:0.879 | acc@1:0.617 | acc@2:0.524 | acc@3:0.486 | Best krc: 0.719 | Best epoch: 2
[2023-12-01 10:59:50] INFO (nni/MainThread) Intermediate result: 0.7042529143272476  (Index 6)
-----------------ETPA RESULT-------------------
Epoch 3: Validation	rmse: 22.97	mae: 18.02	mape: 116.19%	acc@10: 34.44%	acc@20: 62.69%	acc@30: 81.94%	
[2023-12-01 10:59:50] INFO (nni/MainThread) Intermediate result: 22.96608723727977  (Index 7)
*** Epoch: 4 ***
-----------------G2R RESULT-------------------

val result: krc:0.725 | lsd:0.824 | ed:1.132 | hr@1:0.627 | hr@2:0.831 | hr@3:0.893 | acc@1:0.627 | acc@2:0.546 | acc@3:0.503 | Best krc: 0.719 | Best epoch: 2
best model saved
[2023-12-01 11:01:56] INFO (nni/MainThread) Intermediate result: 0.7249837247563526  (Index 8)
-----------------ETPA RESULT-------------------
Epoch 4: Validation	rmse: 23.17	mae: 18.18	mape: 121.06%	acc@10: 34.3%	acc@20: 62.67%	acc@30: 81.56%	
[2023-12-01 11:01:56] INFO (nni/MainThread) Intermediate result: 23.16754049671287  (Index 9)
*** Epoch: 5 ***
-----------------G2R RESULT-------------------

val result: krc:0.743 | lsd:0.782 | ed:1.07 | hr@1:0.641 | hr@2:0.842 | hr@3:0.898 | acc@1:0.641 | acc@2:0.564 | acc@3:0.526 | Best krc: 0.725 | Best epoch: 4
best model saved
[2023-12-01 11:04:02] INFO (nni/MainThread) Intermediate result: 0.7426859690698782  (Index 10)
-----------------ETPA RESULT-------------------
Epoch 5: Validation	rmse: 23.03	mae: 18.17	mape: 123.45%	acc@10: 33.4%	acc@20: 63.15%	acc@30: 82.1%	
[2023-12-01 11:04:02] INFO (nni/MainThread) Intermediate result: 23.03194487092411  (Index 11)
*** Epoch: 6 ***
-----------------G2R RESULT-------------------

val result: krc:0.74 | lsd:0.829 | ed:1.081 | hr@1:0.647 | hr@2:0.836 | hr@3:0.896 | acc@1:0.647 | acc@2:0.566 | acc@3:0.527 | Best krc: 0.743 | Best epoch: 5
[2023-12-01 11:06:06] INFO (nni/MainThread) Intermediate result: 0.7404515512342361  (Index 12)
-----------------ETPA RESULT-------------------
Epoch 6: Validation	rmse: 22.99	mae: 18.14	mape: 125.99%	acc@10: 33.23%	acc@20: 63.6%	acc@30: 82.49%	
[2023-12-01 11:06:06] INFO (nni/MainThread) Intermediate result: 22.985818108074806  (Index 13)
*** Epoch: 7 ***
-----------------G2R RESULT-------------------

val result: krc:0.752 | lsd:0.754 | ed:1.039 | hr@1:0.65 | hr@2:0.849 | hr@3:0.902 | acc@1:0.65 | acc@2:0.578 | acc@3:0.539 | Best krc: 0.743 | Best epoch: 5
best model saved
[2023-12-01 11:08:06] INFO (nni/MainThread) Intermediate result: 0.7523012490918043  (Index 14)
-----------------ETPA RESULT-------------------
Epoch 7: Validation	rmse: 22.84	mae: 18.18	mape: 128.38%	acc@10: 32.41%	acc@20: 62.96%	acc@30: 82.64%	
[2023-12-01 11:08:06] INFO (nni/MainThread) Intermediate result: 22.844606340922084  (Index 15)
*** Epoch: 8 ***
-----------------G2R RESULT-------------------

val result: krc:0.771 | lsd:0.755 | ed:1.002 | hr@1:0.678 | hr@2:0.845 | hr@3:0.901 | acc@1:0.678 | acc@2:0.595 | acc@3:0.554 | Best krc: 0.752 | Best epoch: 7
best model saved
[2023-12-01 11:10:09] INFO (nni/MainThread) Intermediate result: 0.7711456924749449  (Index 16)
-----------------ETPA RESULT-------------------
Epoch 8: Validation	rmse: 22.62	mae: 18.14	mape: 129.51%	acc@10: 31.81%	acc@20: 62.67%	acc@30: 82.96%	
[2023-12-01 11:10:09] INFO (nni/MainThread) Intermediate result: 22.618607788861937  (Index 17)
*** Epoch: 9 ***
-----------------G2R RESULT-------------------

val result: krc:0.766 | lsd:0.773 | ed:1.053 | hr@1:0.688 | hr@2:0.844 | hr@3:0.898 | acc@1:0.688 | acc@2:0.592 | acc@3:0.547 | Best krc: 0.771 | Best epoch: 8
[2023-12-01 11:12:14] INFO (nni/MainThread) Intermediate result: 0.7664429104394125  (Index 18)
-----------------ETPA RESULT-------------------
Epoch 9: Validation	rmse: 22.25	mae: 17.93	mape: 128.98%	acc@10: 32.19%	acc@20: 63.26%	acc@30: 83.56%	
[2023-12-01 11:12:14] INFO (nni/MainThread) Intermediate result: 22.251611027142854  (Index 19)
*** Epoch: 10 ***
-----------------G2R RESULT-------------------

val result: krc:0.766 | lsd:0.756 | ed:1.02 | hr@1:0.693 | hr@2:0.851 | hr@3:0.902 | acc@1:0.693 | acc@2:0.601 | acc@3:0.559 | Best krc: 0.771 | Best epoch: 8
[2023-12-01 11:14:15] INFO (nni/MainThread) Intermediate result: 0.7660726974850279  (Index 20)
-----------------ETPA RESULT-------------------
Epoch 10: Validation	rmse: 21.95	mae: 17.77	mape: 128.63%	acc@10: 32.12%	acc@20: 63.43%	acc@30: 84.28%	
[2023-12-01 11:14:15] INFO (nni/MainThread) Intermediate result: 21.94582009605341  (Index 21)
*** Epoch: 11 ***
-----------------G2R RESULT-------------------

val result: krc:0.758 | lsd:0.729 | ed:1.047 | hr@1:0.65 | hr@2:0.855 | hr@3:0.904 | acc@1:0.65 | acc@2:0.578 | acc@3:0.532 | Best krc: 0.771 | Best epoch: 8
[2023-12-01 11:16:26] INFO (nni/MainThread) Intermediate result: 0.7578205027090029  (Index 22)
-----------------ETPA RESULT-------------------
Epoch 11: Validation	rmse: 21.97	mae: 17.74	mape: 129.05%	acc@10: 32.28%	acc@20: 63.61%	acc@30: 84.29%	
[2023-12-01 11:16:26] INFO (nni/MainThread) Intermediate result: 21.970554253415848  (Index 23)
*** Epoch: 12 ***
-----------------G2R RESULT-------------------

val result: krc:0.79 | lsd:0.665 | ed:0.936 | hr@1:0.702 | hr@2:0.865 | hr@3:0.919 | acc@1:0.702 | acc@2:0.624 | acc@3:0.589 | Best krc: 0.771 | Best epoch: 8
best model saved
[2023-12-01 11:18:42] INFO (nni/MainThread) Intermediate result: 0.7895853370099106  (Index 24)
-----------------ETPA RESULT-------------------
Epoch 12: Validation	rmse: 21.76	mae: 17.62	mape: 128.7%	acc@10: 32.48%	acc@20: 63.82%	acc@30: 84.5%	
[2023-12-01 11:18:42] INFO (nni/MainThread) Intermediate result: 21.76499585813377  (Index 25)
*** Epoch: 13 ***
-----------------G2R RESULT-------------------

val result: krc:0.76 | lsd:0.72 | ed:1.028 | hr@1:0.647 | hr@2:0.862 | hr@3:0.907 | acc@1:0.647 | acc@2:0.584 | acc@3:0.541 | Best krc: 0.79 | Best epoch: 12
[2023-12-01 11:20:54] INFO (nni/MainThread) Intermediate result: 0.7598804735402899  (Index 26)
-----------------ETPA RESULT-------------------
Epoch 13: Validation	rmse: 21.43	mae: 17.39	mape: 127.38%	acc@10: 32.67%	acc@20: 64.42%	acc@30: 85.34%	
[2023-12-01 11:20:54] INFO (nni/MainThread) Intermediate result: 21.429879291782335  (Index 27)
*** Epoch: 14 ***
-----------------G2R RESULT-------------------

val result: krc:0.788 | lsd:0.712 | ed:0.967 | hr@1:0.713 | hr@2:0.852 | hr@3:0.911 | acc@1:0.713 | acc@2:0.62 | acc@3:0.588 | Best krc: 0.79 | Best epoch: 12
[2023-12-01 11:23:07] INFO (nni/MainThread) Intermediate result: 0.78835965731462  (Index 28)
-----------------ETPA RESULT-------------------
Epoch 14: Validation	rmse: 21.27	mae: 17.3	mape: 127.14%	acc@10: 32.77%	acc@20: 64.67%	acc@30: 85.58%	
[2023-12-01 11:23:07] INFO (nni/MainThread) Intermediate result: 21.268958213934262  (Index 29)
*** Epoch: 15 ***
-----------------G2R RESULT-------------------

val result: krc:0.79 | lsd:0.679 | ed:0.954 | hr@1:0.715 | hr@2:0.862 | hr@3:0.913 | acc@1:0.715 | acc@2:0.632 | acc@3:0.592 | Best krc: 0.79 | Best epoch: 12
best model saved
[2023-12-01 11:25:22] INFO (nni/MainThread) Intermediate result: 0.7901481844201564  (Index 30)
-----------------ETPA RESULT-------------------
Epoch 15: Validation	rmse: 21.21	mae: 17.3	mape: 127.55%	acc@10: 32.62%	acc@20: 64.54%	acc@30: 85.67%	
[2023-12-01 11:25:22] INFO (nni/MainThread) Intermediate result: 21.214906591809815  (Index 31)
*** Epoch: 16 ***
-----------------G2R RESULT-------------------

val result: krc:0.782 | lsd:0.707 | ed:0.983 | hr@1:0.695 | hr@2:0.864 | hr@3:0.913 | acc@1:0.695 | acc@2:0.62 | acc@3:0.578 | Best krc: 0.79 | Best epoch: 15
[2023-12-01 11:27:24] INFO (nni/MainThread) Intermediate result: 0.7815674694380422  (Index 32)
-----------------ETPA RESULT-------------------
Epoch 16: Validation	rmse: 21.01	mae: 17.16	mape: 126.93%	acc@10: 32.81%	acc@20: 64.84%	acc@30: 86.08%	
[2023-12-01 11:27:24] INFO (nni/MainThread) Intermediate result: 21.013524794900622  (Index 33)
*** Epoch: 17 ***
-----------------G2R RESULT-------------------

val result: krc:0.739 | lsd:0.778 | ed:1.119 | hr@1:0.648 | hr@2:0.853 | hr@3:0.898 | acc@1:0.648 | acc@2:0.575 | acc@3:0.521 | Best krc: 0.79 | Best epoch: 15
[2023-12-01 11:29:22] INFO (nni/MainThread) Intermediate result: 0.7389319229896406  (Index 34)
-----------------ETPA RESULT-------------------
Epoch 17: Validation	rmse: 20.82	mae: 17.01	mape: 125.99%	acc@10: 33.19%	acc@20: 65.39%	acc@30: 86.28%	
[2023-12-01 11:29:22] INFO (nni/MainThread) Intermediate result: 20.820136113880867  (Index 35)
*** Epoch: 18 ***
-----------------G2R RESULT-------------------

val result: krc:0.794 | lsd:0.643 | ed:0.938 | hr@1:0.689 | hr@2:0.869 | hr@3:0.915 | acc@1:0.689 | acc@2:0.624 | acc@3:0.578 | Best krc: 0.79 | Best epoch: 15
best model saved
[2023-12-01 11:31:22] INFO (nni/MainThread) Intermediate result: 0.793983660026511  (Index 36)
-----------------ETPA RESULT-------------------
Epoch 18: Validation	rmse: 20.67	mae: 16.92	mape: 125.58%	acc@10: 33.24%	acc@20: 65.69%	acc@30: 86.59%	
[2023-12-01 11:31:22] INFO (nni/MainThread) Intermediate result: 20.67359311442911  (Index 37)
*** Epoch: 19 ***
-----------------G2R RESULT-------------------

val result: krc:0.795 | lsd:0.634 | ed:0.931 | hr@1:0.697 | hr@2:0.871 | hr@3:0.916 | acc@1:0.697 | acc@2:0.631 | acc@3:0.592 | Best krc: 0.794 | Best epoch: 18
best model saved
[2023-12-01 11:33:28] INFO (nni/MainThread) Intermediate result: 0.795007239598407  (Index 38)
-----------------ETPA RESULT-------------------
Epoch 19: Validation	rmse: 20.39	mae: 16.69	mape: 123.9%	acc@10: 33.8%	acc@20: 66.46%	acc@30: 87.09%	
[2023-12-01 11:33:28] INFO (nni/MainThread) Intermediate result: 20.388883673570344  (Index 39)
*** Epoch: 20 ***
-----------------G2R RESULT-------------------

val result: krc:0.812 | lsd:0.609 | ed:0.877 | hr@1:0.722 | hr@2:0.873 | hr@3:0.922 | acc@1:0.722 | acc@2:0.645 | acc@3:0.61 | Best krc: 0.795 | Best epoch: 19
best model saved
[2023-12-01 11:35:37] INFO (nni/MainThread) Intermediate result: 0.8117572679793931  (Index 40)
-----------------ETPA RESULT-------------------
Epoch 20: Validation	rmse: 20.27	mae: 16.6	mape: 123.44%	acc@10: 33.92%	acc@20: 66.7%	acc@30: 87.28%	
[2023-12-01 11:35:37] INFO (nni/MainThread) Intermediate result: 20.273187489130535  (Index 41)
*** Epoch: 21 ***
-----------------G2R RESULT-------------------

val result: krc:0.808 | lsd:0.616 | ed:0.917 | hr@1:0.714 | hr@2:0.873 | hr@3:0.924 | acc@1:0.714 | acc@2:0.638 | acc@3:0.604 | Best krc: 0.812 | Best epoch: 20
[2023-12-01 11:37:41] INFO (nni/MainThread) Intermediate result: 0.8075028963004478  (Index 42)
-----------------ETPA RESULT-------------------
Epoch 21: Validation	rmse: 20.09	mae: 16.46	mape: 122.44%	acc@10: 34.24%	acc@20: 67.09%	acc@30: 87.63%	
[2023-12-01 11:37:41] INFO (nni/MainThread) Intermediate result: 20.089745050562293  (Index 43)
*** Epoch: 22 ***
-----------------G2R RESULT-------------------

val result: krc:0.814 | lsd:0.629 | ed:0.89 | hr@1:0.722 | hr@2:0.873 | hr@3:0.922 | acc@1:0.722 | acc@2:0.643 | acc@3:0.608 | Best krc: 0.812 | Best epoch: 20
best model saved
[2023-12-01 11:39:44] INFO (nni/MainThread) Intermediate result: 0.8144022642404802  (Index 44)
-----------------ETPA RESULT-------------------
Epoch 22: Validation	rmse: 19.96	mae: 16.37	mape: 121.89%	acc@10: 34.41%	acc@20: 67.38%	acc@30: 87.84%	
[2023-12-01 11:39:44] INFO (nni/MainThread) Intermediate result: 19.96309390344621  (Index 45)
*** Epoch: 23 ***
-----------------G2R RESULT-------------------

val result: krc:0.761 | lsd:0.73 | ed:1.034 | hr@1:0.658 | hr@2:0.861 | hr@3:0.913 | acc@1:0.658 | acc@2:0.585 | acc@3:0.552 | Best krc: 0.814 | Best epoch: 22
[2023-12-01 11:41:51] INFO (nni/MainThread) Intermediate result: 0.7611803024745746  (Index 46)
-----------------ETPA RESULT-------------------
Epoch 23: Validation	rmse: 19.84	mae: 16.29	mape: 121.36%	acc@10: 34.55%	acc@20: 67.55%	acc@30: 88.09%	
[2023-12-01 11:41:51] INFO (nni/MainThread) Intermediate result: 19.84446061065493  (Index 47)
*** Epoch: 24 ***
-----------------G2R RESULT-------------------

val result: krc:0.806 | lsd:0.632 | ed:0.898 | hr@1:0.727 | hr@2:0.874 | hr@3:0.922 | acc@1:0.727 | acc@2:0.65 | acc@3:0.609 | Best krc: 0.814 | Best epoch: 22
[2023-12-01 11:44:00] INFO (nni/MainThread) Intermediate result: 0.8060011681786933  (Index 48)
-----------------ETPA RESULT-------------------
Epoch 24: Validation	rmse: 19.81	mae: 16.28	mape: 121.39%	acc@10: 34.56%	acc@20: 67.63%	acc@30: 88.12%	
[2023-12-01 11:44:00] INFO (nni/MainThread) Intermediate result: 19.812790371933854  (Index 49)
*** Epoch: 25 ***
-----------------G2R RESULT-------------------

val result: krc:0.797 | lsd:0.667 | ed:0.91 | hr@1:0.717 | hr@2:0.864 | hr@3:0.916 | acc@1:0.717 | acc@2:0.634 | acc@3:0.603 | Best krc: 0.814 | Best epoch: 22
[2023-12-01 11:46:13] INFO (nni/MainThread) Intermediate result: 0.7972913659402509  (Index 50)
-----------------ETPA RESULT-------------------
Epoch 25: Validation	rmse: 19.71	mae: 16.2	mape: 120.86%	acc@10: 34.69%	acc@20: 67.91%	acc@30: 88.22%	
[2023-12-01 11:46:13] INFO (nni/MainThread) Intermediate result: 19.712178553481593  (Index 51)
*** Epoch: 26 ***
-----------------G2R RESULT-------------------

val result: krc:0.808 | lsd:0.616 | ed:0.89 | hr@1:0.717 | hr@2:0.87 | hr@3:0.921 | acc@1:0.717 | acc@2:0.641 | acc@3:0.604 | Best krc: 0.814 | Best epoch: 22
[2023-12-01 11:48:15] INFO (nni/MainThread) Intermediate result: 0.8083624629754932  (Index 52)
-----------------ETPA RESULT-------------------
Epoch 26: Validation	rmse: 19.73	mae: 16.23	mape: 121.29%	acc@10: 34.43%	acc@20: 67.78%	acc@30: 88.24%	
[2023-12-01 11:48:15] INFO (nni/MainThread) Intermediate result: 19.73425961512276  (Index 53)
*** Epoch: 27 ***
-----------------G2R RESULT-------------------

val result: krc:0.802 | lsd:0.623 | ed:0.924 | hr@1:0.698 | hr@2:0.867 | hr@3:0.919 | acc@1:0.698 | acc@2:0.626 | acc@3:0.594 | Best krc: 0.814 | Best epoch: 22
[2023-12-01 11:50:19] INFO (nni/MainThread) Intermediate result: 0.8022043107744903  (Index 54)
-----------------ETPA RESULT-------------------
Epoch 27: Validation	rmse: 19.65	mae: 16.16	mape: 120.82%	acc@10: 34.59%	acc@20: 67.99%	acc@30: 88.32%	
[2023-12-01 11:50:19] INFO (nni/MainThread) Intermediate result: 19.653241826475636  (Index 55)
*** Epoch: 28 ***
-----------------G2R RESULT-------------------

val result: krc:0.812 | lsd:0.625 | ed:0.883 | hr@1:0.725 | hr@2:0.873 | hr@3:0.919 | acc@1:0.725 | acc@2:0.653 | acc@3:0.613 | Best krc: 0.814 | Best epoch: 22
[2023-12-01 11:52:18] INFO (nni/MainThread) Intermediate result: 0.8117038073749923  (Index 56)
-----------------ETPA RESULT-------------------
Epoch 28: Validation	rmse: 19.58	mae: 16.11	mape: 120.52%	acc@10: 34.62%	acc@20: 68.19%	acc@30: 88.48%	
[2023-12-01 11:52:18] INFO (nni/MainThread) Intermediate result: 19.575180224422866  (Index 57)
*** Epoch: 29 ***
-----------------G2R RESULT-------------------

val result: krc:0.815 | lsd:0.618 | ed:0.881 | hr@1:0.724 | hr@2:0.877 | hr@3:0.923 | acc@1:0.724 | acc@2:0.65 | acc@3:0.613 | Best krc: 0.814 | Best epoch: 22
best model saved
[2023-12-01 11:54:22] INFO (nni/MainThread) Intermediate result: 0.8149249040810036  (Index 58)
-----------------ETPA RESULT-------------------
Epoch 29: Validation	rmse: 19.57	mae: 16.13	mape: 120.73%	acc@10: 34.41%	acc@20: 68.11%	acc@30: 88.51%	
[2023-12-01 11:54:22] INFO (nni/MainThread) Intermediate result: 19.568537187742244  (Index 59)
*** Epoch: 30 ***
-----------------G2R RESULT-------------------

val result: krc:0.809 | lsd:0.601 | ed:0.889 | hr@1:0.708 | hr@2:0.878 | hr@3:0.922 | acc@1:0.708 | acc@2:0.641 | acc@3:0.606 | Best krc: 0.815 | Best epoch: 29
[2023-12-01 11:56:23] INFO (nni/MainThread) Intermediate result: 0.8087055764362279  (Index 60)
-----------------ETPA RESULT-------------------
Epoch 30: Validation	rmse: 19.56	mae: 16.14	mape: 120.79%	acc@10: 34.29%	acc@20: 68.1%	acc@30: 88.47%	
[2023-12-01 11:56:23] INFO (nni/MainThread) Intermediate result: 19.558750011765337  (Index 61)
*** Epoch: 31 ***
-----------------G2R RESULT-------------------

val result: krc:0.823 | lsd:0.592 | ed:0.836 | hr@1:0.745 | hr@2:0.878 | hr@3:0.925 | acc@1:0.745 | acc@2:0.67 | acc@3:0.635 | Best krc: 0.815 | Best epoch: 29
best model saved
[2023-12-01 11:58:21] INFO (nni/MainThread) Intermediate result: 0.8234112468043383  (Index 62)
-----------------ETPA RESULT-------------------
Epoch 31: Validation	rmse: 19.51	mae: 16.1	mape: 120.55%	acc@10: 34.34%	acc@20: 68.25%	acc@30: 88.52%	
[2023-12-01 11:58:21] INFO (nni/MainThread) Intermediate result: 19.5112495735651  (Index 63)
*** Epoch: 32 ***
-----------------G2R RESULT-------------------

val result: krc:0.813 | lsd:0.61 | ed:0.879 | hr@1:0.732 | hr@2:0.877 | hr@3:0.921 | acc@1:0.732 | acc@2:0.655 | acc@3:0.614 | Best krc: 0.823 | Best epoch: 31
[2023-12-01 12:00:23] INFO (nni/MainThread) Intermediate result: 0.8125904104478655  (Index 64)
-----------------ETPA RESULT-------------------
Epoch 32: Validation	rmse: 19.47	mae: 16.06	mape: 120.34%	acc@10: 34.4%	acc@20: 68.4%	acc@30: 88.54%	
[2023-12-01 12:00:23] INFO (nni/MainThread) Intermediate result: 19.466945271567354  (Index 65)
*** Epoch: 33 ***
-----------------G2R RESULT-------------------

val result: krc:0.801 | lsd:0.655 | ed:0.924 | hr@1:0.738 | hr@2:0.862 | hr@3:0.916 | acc@1:0.738 | acc@2:0.642 | acc@3:0.603 | Best krc: 0.823 | Best epoch: 31
[2023-12-01 12:02:28] INFO (nni/MainThread) Intermediate result: 0.8009480195750417  (Index 66)
-----------------ETPA RESULT-------------------
Epoch 33: Validation	rmse: 19.35	mae: 15.97	mape: 119.68%	acc@10: 34.6%	acc@20: 68.64%	acc@30: 88.8%	
[2023-12-01 12:02:28] INFO (nni/MainThread) Intermediate result: 19.350580056002478  (Index 67)
*** Epoch: 34 ***
-----------------G2R RESULT-------------------

val result: krc:0.809 | lsd:0.625 | ed:0.885 | hr@1:0.735 | hr@2:0.876 | hr@3:0.918 | acc@1:0.735 | acc@2:0.654 | acc@3:0.616 | Best krc: 0.823 | Best epoch: 31
[2023-12-01 12:04:27] INFO (nni/MainThread) Intermediate result: 0.8093125614769692  (Index 68)
-----------------ETPA RESULT-------------------
Epoch 34: Validation	rmse: 19.25	mae: 15.9	mape: 119.14%	acc@10: 34.7%	acc@20: 68.86%	acc@30: 89.04%	
[2023-12-01 12:04:27] INFO (nni/MainThread) Intermediate result: 19.24778217786603  (Index 69)
*** Epoch: 35 ***
-----------------G2R RESULT-------------------

val result: krc:0.814 | lsd:0.613 | ed:0.881 | hr@1:0.721 | hr@2:0.876 | hr@3:0.919 | acc@1:0.721 | acc@2:0.649 | acc@3:0.612 | Best krc: 0.823 | Best epoch: 31
[2023-12-01 12:06:36] INFO (nni/MainThread) Intermediate result: 0.8137783996113688  (Index 70)
-----------------ETPA RESULT-------------------
Epoch 35: Validation	rmse: 19.19	mae: 15.85	mape: 118.82%	acc@10: 34.8%	acc@20: 68.99%	acc@30: 89.15%	
[2023-12-01 12:06:36] INFO (nni/MainThread) Intermediate result: 19.19218111012837  (Index 71)
*** Epoch: 36 ***
-----------------G2R RESULT-------------------

val result: krc:0.797 | lsd:0.645 | ed:0.925 | hr@1:0.708 | hr@2:0.864 | hr@3:0.912 | acc@1:0.708 | acc@2:0.63 | acc@3:0.588 | Best krc: 0.823 | Best epoch: 31
[2023-12-01 12:08:39] INFO (nni/MainThread) Intermediate result: 0.7973691630884461  (Index 72)
-----------------ETPA RESULT-------------------
Epoch 36: Validation	rmse: 19.15	mae: 15.82	mape: 118.6%	acc@10: 34.83%	acc@20: 69.08%	acc@30: 89.18%	
[2023-12-01 12:08:39] INFO (nni/MainThread) Intermediate result: 19.147710392564363  (Index 73)
*** Epoch: 37 ***
-----------------G2R RESULT-------------------

val result: krc:0.785 | lsd:0.682 | ed:0.967 | hr@1:0.684 | hr@2:0.863 | hr@3:0.911 | acc@1:0.684 | acc@2:0.611 | acc@3:0.572 | Best krc: 0.823 | Best epoch: 31
[2023-12-01 12:10:46] INFO (nni/MainThread) Intermediate result: 0.7848792684909868  (Index 74)
-----------------ETPA RESULT-------------------
Epoch 37: Validation	rmse: 19.16	mae: 15.84	mape: 118.82%	acc@10: 34.69%	acc@20: 69.04%	acc@30: 89.14%	
[2023-12-01 12:10:46] INFO (nni/MainThread) Intermediate result: 19.164140970363047  (Index 75)
*** Epoch: 38 ***
-----------------G2R RESULT-------------------

val result: krc:0.798 | lsd:0.667 | ed:0.926 | hr@1:0.711 | hr@2:0.873 | hr@3:0.916 | acc@1:0.711 | acc@2:0.635 | acc@3:0.596 | Best krc: 0.823 | Best epoch: 31
[2023-12-01 12:12:49] INFO (nni/MainThread) Intermediate result: 0.7982095072169404  (Index 76)
-----------------ETPA RESULT-------------------
Epoch 38: Validation	rmse: 19.16	mae: 15.85	mape: 118.95%	acc@10: 34.57%	acc@20: 69.04%	acc@30: 89.17%	
[2023-12-01 12:12:49] INFO (nni/MainThread) Intermediate result: 19.159773065337113  (Index 77)
*** Epoch: 39 ***
-----------------G2R RESULT-------------------

val result: krc:0.8 | lsd:0.614 | ed:0.924 | hr@1:0.7 | hr@2:0.875 | hr@3:0.917 | acc@1:0.7 | acc@2:0.639 | acc@3:0.59 | Best krc: 0.823 | Best epoch: 31
[2023-12-01 12:14:47] INFO (nni/MainThread) Intermediate result: 0.8002558697355373  (Index 78)
-----------------ETPA RESULT-------------------
Epoch 39: Validation	rmse: 19.12	mae: 15.82	mape: 118.79%	acc@10: 34.64%	acc@20: 69.16%	acc@30: 89.2%	
[2023-12-01 12:14:47] INFO (nni/MainThread) Intermediate result: 19.122742530323574  (Index 79)
*** Epoch: 40 ***
-----------------G2R RESULT-------------------

val result: krc:0.81 | lsd:0.591 | ed:0.899 | hr@1:0.709 | hr@2:0.874 | hr@3:0.923 | acc@1:0.709 | acc@2:0.642 | acc@3:0.603 | Best krc: 0.823 | Best epoch: 31
[2023-12-01 12:16:51] INFO (nni/MainThread) Intermediate result: 0.8102604988656584  (Index 80)
-----------------ETPA RESULT-------------------
Epoch 40: Validation	rmse: 19.12	mae: 15.82	mape: 118.85%	acc@10: 34.58%	acc@20: 69.16%	acc@30: 89.2%	
[2023-12-01 12:16:51] INFO (nni/MainThread) Intermediate result: 19.11908131067088  (Index 81)
*** Epoch: 41 ***
-----------------G2R RESULT-------------------

val result: krc:0.806 | lsd:0.597 | ed:0.898 | hr@1:0.708 | hr@2:0.873 | hr@3:0.919 | acc@1:0.708 | acc@2:0.638 | acc@3:0.596 | Best krc: 0.823 | Best epoch: 31
[2023-12-01 12:18:54] INFO (nni/MainThread) Intermediate result: 0.806477781073321  (Index 82)
-----------------ETPA RESULT-------------------
Epoch 41: Validation	rmse: 19.11	mae: 15.82	mape: 118.93%	acc@10: 34.53%	acc@20: 69.18%	acc@30: 89.2%	
[2023-12-01 12:18:54] INFO (nni/MainThread) Intermediate result: 19.113014743538315  (Index 83)
loaded model path: /home/sentanoe/joint_training/data/dataset/food_pd/sort_model/hidden_size-8.gcnru-pd_1701424299.09120371701424299.0912213
best model loaded !!!
krc:0.812 | lsd:0.449 | ed:0.86 | hr@1:0.739 | hr@2:0.9 | hr@3:0.946 | acc@1:0.739 | acc@2:0.664 | acc@3:0.622 |

-------------------------------------------------------------
Best epoch for G2R:  31
Best epoch for ETPA:  41
graph2route_pd Evaluation in test: krc:0.812 | lsd:0.449 | ed:0.86 | hr@1:0.739 | hr@2:0.9 | hr@3:0.946 | acc@1:0.739 | acc@2:0.664 | acc@3:0.622 |
RankPETA Evaluation in test: rmse: 19.32	mae: 16.64	mape: 143.29%	acc@10: 29.11%	acc@20: 63.29%	acc@30: 92.83%	
