Device:  cuda
{'alpha_loss': 0.5,
 'batch_size': 64,
 'dataset': 'food_pd',
 'datatype': 'order',
 'device': device(type='cuda'),
 'early_stop': 10,
 'edge_fea_dim': 5,
 'embedding_dim': 32,
 'eval_end_1': 11,
 'eval_end_2': 25,
 'eval_start': 1,
 'gcn_num_layers': 2,
 'hidden_size': 8,
 'is_eval': False,
 'is_test': False,
 'k_min_nodes': 3,
 'k_nearest_neighbors': 'n-1',
 'lr': 0.001,
 'max_task_num': 25,
 'min_task_num': 0,
 'modelArrivalTime': 'RankPETA',
 'modelRoute': 'graph2route_pd',
 'no_cuda': False,
 'node_fea_dim': 8,
 'node_features_test': '/home/sentanoe/joint_training/data/dataset/food_pd/node_features_test_full.npy',
 'node_features_train': '/home/sentanoe/joint_training/data/dataset/food_pd/node_features_train_full.npy',
 'node_features_val': '/home/sentanoe/joint_training/data/dataset/food_pd/node_features_val_full.npy',
 'num_block': 2,
 'num_epoch': 1000,
 'num_head': 2,
 'num_worker_logistics': 2346,
 'num_worker_pd': 920,
 'pad_value': 26,
 'seed': 9999,
 'sort_mode': 'pnn_idx',
 'spatial_encoder': 'gcn',
 'temporal_encoder': 'gru',
 'test_path': '/home/sentanoe/joint_training/data/dataset/food_pd/test_full.npy',
 'train_mode': 'sort',
 'train_path': '/home/sentanoe/joint_training/data/dataset/food_pd/train_full.npy',
 'val_path': '/home/sentanoe/joint_training/data/dataset/food_pd/val_full.npy',
 'wd': 1e-05,
 'worker_emb_dim': 10,
 'workers': 2}
last_x_size:13;unpick_x_size:12;input_size:53
#train:2521 | #val:1257 | #test:1261
*** Epoch: 0 ***
-----------------G2R RESULT-------------------

val result: krc:0.62 | lsd:1.295 | ed:1.439 | hr@1:0.596 | hr@2:0.744 | hr@3:0.843 | acc@1:0.596 | acc@2:0.448 | acc@3:0.415 | Best krc: -1 | Best epoch: -1
best model saved
[2023-12-18 10:06:35] INFO (nni/MainThread) Intermediate result: 0.6198066109828244  (Index 0)
-----------------ETPA RESULT-------------------
Epoch 0: Validation	rmse: 23.38	mae: 17.29	mape: 104.84%	acc@10: 40.37%	acc@20: 70.37%	acc@30: 83.7%	
[2023-12-18 10:06:35] INFO (nni/MainThread) Intermediate result: 23.380614560080136  (Index 1)
*** Epoch: 1 ***
-----------------G2R RESULT-------------------

val result: krc:0.72 | lsd:0.867 | ed:1.174 | hr@1:0.653 | hr@2:0.821 | hr@3:0.883 | acc@1:0.653 | acc@2:0.548 | acc@3:0.497 | Best krc: 0.62 | Best epoch: 0
best model saved
[2023-12-18 10:06:59] INFO (nni/MainThread) Intermediate result: 0.7196776159434664  (Index 2)
-----------------ETPA RESULT-------------------
Epoch 1: Validation	rmse: 23.36	mae: 16.97	mape: 107.97%	acc@10: 42.78%	acc@20: 70.74%	acc@30: 82.78%	
[2023-12-18 10:06:59] INFO (nni/MainThread) Intermediate result: 23.355650425995556  (Index 3)
*** Epoch: 2 ***
-----------------G2R RESULT-------------------

val result: krc:0.728 | lsd:0.834 | ed:1.124 | hr@1:0.644 | hr@2:0.829 | hr@3:0.887 | acc@1:0.644 | acc@2:0.552 | acc@3:0.504 | Best krc: 0.72 | Best epoch: 1
best model saved
[2023-12-18 10:07:24] INFO (nni/MainThread) Intermediate result: 0.7277332067275223  (Index 4)
-----------------ETPA RESULT-------------------
Epoch 2: Validation	rmse: 21.52	mae: 15.82	mape: 100.42%	acc@10: 45.93%	acc@20: 72.59%	acc@30: 84.44%	
[2023-12-18 10:07:24] INFO (nni/MainThread) Intermediate result: 21.523281790027834  (Index 5)
*** Epoch: 3 ***
-----------------G2R RESULT-------------------

val result: krc:0.712 | lsd:0.89 | ed:1.181 | hr@1:0.63 | hr@2:0.83 | hr@3:0.883 | acc@1:0.63 | acc@2:0.541 | acc@3:0.487 | Best krc: 0.728 | Best epoch: 2
[2023-12-18 10:07:47] INFO (nni/MainThread) Intermediate result: 0.7115856117517685  (Index 6)
-----------------ETPA RESULT-------------------
Epoch 3: Validation	rmse: 20.88	mae: 15.55	mape: 102.41%	acc@10: 45.56%	acc@20: 72.22%	acc@30: 85.46%	
[2023-12-18 10:07:47] INFO (nni/MainThread) Intermediate result: 20.882809789271015  (Index 7)
*** Epoch: 4 ***
-----------------G2R RESULT-------------------

val result: krc:0.772 | lsd:0.685 | ed:0.979 | hr@1:0.65 | hr@2:0.863 | hr@3:0.91 | acc@1:0.65 | acc@2:0.592 | acc@3:0.554 | Best krc: 0.728 | Best epoch: 2
best model saved
[2023-12-18 10:08:12] INFO (nni/MainThread) Intermediate result: 0.7721403981045433  (Index 8)
-----------------ETPA RESULT-------------------
Epoch 4: Validation	rmse: 20.25	mae: 15.16	mape: 100.52%	acc@10: 45.93%	acc@20: 73.04%	acc@30: 86.44%	
[2023-12-18 10:08:12] INFO (nni/MainThread) Intermediate result: 20.252108438012375  (Index 9)
*** Epoch: 5 ***
-----------------G2R RESULT-------------------

val result: krc:0.775 | lsd:0.682 | ed:0.984 | hr@1:0.654 | hr@2:0.864 | hr@3:0.91 | acc@1:0.654 | acc@2:0.587 | acc@3:0.551 | Best krc: 0.772 | Best epoch: 4
best model saved
[2023-12-18 10:08:37] INFO (nni/MainThread) Intermediate result: 0.7748830039254175  (Index 10)
-----------------ETPA RESULT-------------------
Epoch 5: Validation	rmse: 19.95	mae: 15.02	mape: 101.5%	acc@10: 45.49%	acc@20: 73.02%	acc@30: 87.22%	
[2023-12-18 10:08:37] INFO (nni/MainThread) Intermediate result: 19.949171582815076  (Index 11)
*** Epoch: 6 ***
-----------------G2R RESULT-------------------

val result: krc:0.768 | lsd:0.722 | ed:0.99 | hr@1:0.657 | hr@2:0.857 | hr@3:0.905 | acc@1:0.657 | acc@2:0.59 | acc@3:0.55 | Best krc: 0.775 | Best epoch: 5
[2023-12-18 10:09:01] INFO (nni/MainThread) Intermediate result: 0.7679949382266829  (Index 12)
-----------------ETPA RESULT-------------------
Epoch 6: Validation	rmse: 19.55	mae: 14.82	mape: 101.33%	acc@10: 45.45%	acc@20: 73.44%	acc@30: 87.78%	
[2023-12-18 10:09:01] INFO (nni/MainThread) Intermediate result: 19.550863082760277  (Index 13)
*** Epoch: 7 ***
-----------------G2R RESULT-------------------

val result: krc:0.754 | lsd:0.775 | ed:1.05 | hr@1:0.64 | hr@2:0.854 | hr@3:0.9 | acc@1:0.64 | acc@2:0.573 | acc@3:0.53 | Best krc: 0.775 | Best epoch: 5
[2023-12-18 10:09:25] INFO (nni/MainThread) Intermediate result: 0.7537250849362785  (Index 14)
-----------------ETPA RESULT-------------------
Epoch 7: Validation	rmse: 19.16	mae: 14.55	mape: 100.48%	acc@10: 46.06%	acc@20: 74.03%	acc@30: 88.29%	
[2023-12-18 10:09:25] INFO (nni/MainThread) Intermediate result: 19.161171163559967  (Index 15)
*** Epoch: 8 ***
-----------------G2R RESULT-------------------

val result: krc:0.775 | lsd:0.684 | ed:0.994 | hr@1:0.649 | hr@2:0.868 | hr@3:0.91 | acc@1:0.649 | acc@2:0.587 | acc@3:0.551 | Best krc: 0.775 | Best epoch: 5
[2023-12-18 10:09:48] INFO (nni/MainThread) Intermediate result: 0.7745810949483884  (Index 16)
-----------------ETPA RESULT-------------------
Epoch 8: Validation	rmse: 18.92	mae: 14.48	mape: 101.12%	acc@10: 45.39%	acc@20: 74.2%	acc@30: 88.81%	
[2023-12-18 10:09:48] INFO (nni/MainThread) Intermediate result: 18.922038077607297  (Index 17)
*** Epoch: 9 ***
-----------------G2R RESULT-------------------

val result: krc:0.78 | lsd:0.679 | ed:0.964 | hr@1:0.651 | hr@2:0.868 | hr@3:0.911 | acc@1:0.651 | acc@2:0.595 | acc@3:0.558 | Best krc: 0.775 | Best epoch: 5
best model saved
[2023-12-18 10:10:13] INFO (nni/MainThread) Intermediate result: 0.7798946044158114  (Index 18)
-----------------ETPA RESULT-------------------
Epoch 9: Validation	rmse: 18.6	mae: 14.26	mape: 99.87%	acc@10: 46.0%	acc@20: 74.85%	acc@30: 89.11%	
[2023-12-18 10:10:13] INFO (nni/MainThread) Intermediate result: 18.603966701955873  (Index 19)
*** Epoch: 10 ***
-----------------G2R RESULT-------------------

val result: krc:0.76 | lsd:0.704 | ed:1.025 | hr@1:0.641 | hr@2:0.863 | hr@3:0.908 | acc@1:0.641 | acc@2:0.582 | acc@3:0.537 | Best krc: 0.78 | Best epoch: 9
[2023-12-18 10:10:36] INFO (nni/MainThread) Intermediate result: 0.7603556876490851  (Index 20)
-----------------ETPA RESULT-------------------
Epoch 10: Validation	rmse: 18.25	mae: 14.01	mape: 98.74%	acc@10: 46.57%	acc@20: 75.49%	acc@30: 89.63%	
[2023-12-18 10:10:36] INFO (nni/MainThread) Intermediate result: 18.248995419145814  (Index 21)
*** Epoch: 11 ***
-----------------G2R RESULT-------------------

val result: krc:0.779 | lsd:0.645 | ed:0.963 | hr@1:0.653 | hr@2:0.866 | hr@3:0.913 | acc@1:0.653 | acc@2:0.593 | acc@3:0.555 | Best krc: 0.78 | Best epoch: 9
[2023-12-18 10:11:00] INFO (nni/MainThread) Intermediate result: 0.7787762908357572  (Index 22)
-----------------ETPA RESULT-------------------
Epoch 11: Validation	rmse: 18.05	mae: 13.88	mape: 98.31%	acc@10: 46.98%	acc@20: 75.77%	acc@30: 89.81%	
[2023-12-18 10:11:00] INFO (nni/MainThread) Intermediate result: 18.05365279296627  (Index 23)
*** Epoch: 12 ***
-----------------G2R RESULT-------------------

val result: krc:0.783 | lsd:0.636 | ed:0.948 | hr@1:0.659 | hr@2:0.872 | hr@3:0.916 | acc@1:0.659 | acc@2:0.603 | acc@3:0.564 | Best krc: 0.78 | Best epoch: 9
best model saved
[2023-12-18 10:11:25] INFO (nni/MainThread) Intermediate result: 0.7834663310745514  (Index 24)
-----------------ETPA RESULT-------------------
Epoch 12: Validation	rmse: 17.89	mae: 13.8	mape: 98.01%	acc@10: 47.09%	acc@20: 75.98%	acc@30: 90.2%	
[2023-12-18 10:11:25] INFO (nni/MainThread) Intermediate result: 17.885678695089176  (Index 25)
*** Epoch: 13 ***
-----------------G2R RESULT-------------------

val result: krc:0.778 | lsd:0.649 | ed:0.974 | hr@1:0.655 | hr@2:0.871 | hr@3:0.915 | acc@1:0.655 | acc@2:0.597 | acc@3:0.553 | Best krc: 0.783 | Best epoch: 12
[2023-12-18 10:11:48] INFO (nni/MainThread) Intermediate result: 0.777979135635454  (Index 26)
-----------------ETPA RESULT-------------------
Epoch 13: Validation	rmse: 17.6	mae: 13.58	mape: 96.34%	acc@10: 47.72%	acc@20: 76.51%	acc@30: 90.61%	
[2023-12-18 10:11:48] INFO (nni/MainThread) Intermediate result: 17.60467010014158  (Index 27)
*** Epoch: 14 ***
-----------------G2R RESULT-------------------

val result: krc:0.786 | lsd:0.643 | ed:0.949 | hr@1:0.66 | hr@2:0.871 | hr@3:0.917 | acc@1:0.66 | acc@2:0.599 | acc@3:0.562 | Best krc: 0.783 | Best epoch: 12
best model saved
[2023-12-18 10:12:13] INFO (nni/MainThread) Intermediate result: 0.7859900011889517  (Index 28)
-----------------ETPA RESULT-------------------
Epoch 14: Validation	rmse: 17.46	mae: 13.5	mape: 95.84%	acc@10: 47.95%	acc@20: 76.67%	acc@30: 90.77%	
[2023-12-18 10:12:13] INFO (nni/MainThread) Intermediate result: 17.461165066034084  (Index 29)
*** Epoch: 15 ***
-----------------G2R RESULT-------------------

val result: krc:0.784 | lsd:0.632 | ed:0.948 | hr@1:0.659 | hr@2:0.869 | hr@3:0.916 | acc@1:0.659 | acc@2:0.6 | acc@3:0.563 | Best krc: 0.786 | Best epoch: 14
[2023-12-18 10:12:37] INFO (nni/MainThread) Intermediate result: 0.7836254487063407  (Index 30)
-----------------ETPA RESULT-------------------
Epoch 15: Validation	rmse: 17.44	mae: 13.52	mape: 96.22%	acc@10: 47.59%	acc@20: 76.57%	acc@30: 90.83%	
[2023-12-18 10:12:37] INFO (nni/MainThread) Intermediate result: 17.444012281150226  (Index 31)
*** Epoch: 16 ***
-----------------G2R RESULT-------------------

val result: krc:0.791 | lsd:0.622 | ed:0.925 | hr@1:0.661 | hr@2:0.871 | hr@3:0.918 | acc@1:0.661 | acc@2:0.604 | acc@3:0.574 | Best krc: 0.786 | Best epoch: 14
best model saved
[2023-12-18 10:13:01] INFO (nni/MainThread) Intermediate result: 0.7906910660474279  (Index 32)
-----------------ETPA RESULT-------------------
Epoch 16: Validation	rmse: 17.35	mae: 13.47	mape: 95.93%	acc@10: 47.6%	acc@20: 76.73%	acc@30: 90.98%	
[2023-12-18 10:13:02] INFO (nni/MainThread) Intermediate result: 17.353074353181167  (Index 33)
*** Epoch: 17 ***
-----------------G2R RESULT-------------------

val result: krc:0.775 | lsd:0.645 | ed:0.983 | hr@1:0.653 | hr@2:0.87 | hr@3:0.914 | acc@1:0.653 | acc@2:0.593 | acc@3:0.55 | Best krc: 0.791 | Best epoch: 16
[2023-12-18 10:13:25] INFO (nni/MainThread) Intermediate result: 0.774711222153286  (Index 34)
-----------------ETPA RESULT-------------------
Epoch 17: Validation	rmse: 17.18	mae: 13.35	mape: 95.0%	acc@10: 47.82%	acc@20: 77.12%	acc@30: 91.3%	
[2023-12-18 10:13:25] INFO (nni/MainThread) Intermediate result: 17.175083757998497  (Index 35)
*** Epoch: 18 ***
-----------------G2R RESULT-------------------

val result: krc:0.794 | lsd:0.614 | ed:0.916 | hr@1:0.666 | hr@2:0.873 | hr@3:0.919 | acc@1:0.666 | acc@2:0.607 | acc@3:0.573 | Best krc: 0.791 | Best epoch: 16
best model saved
[2023-12-18 10:13:50] INFO (nni/MainThread) Intermediate result: 0.7936952936778036  (Index 36)
-----------------ETPA RESULT-------------------
Epoch 18: Validation	rmse: 17.06	mae: 13.28	mape: 94.61%	acc@10: 47.86%	acc@20: 77.27%	acc@30: 91.5%	
[2023-12-18 10:13:50] INFO (nni/MainThread) Intermediate result: 17.06256214846062  (Index 37)
*** Epoch: 19 ***
-----------------G2R RESULT-------------------

val result: krc:0.792 | lsd:0.615 | ed:0.934 | hr@1:0.662 | hr@2:0.873 | hr@3:0.919 | acc@1:0.662 | acc@2:0.606 | acc@3:0.575 | Best krc: 0.794 | Best epoch: 18
[2023-12-18 10:14:14] INFO (nni/MainThread) Intermediate result: 0.7924615166853907  (Index 38)
-----------------ETPA RESULT-------------------
Epoch 19: Validation	rmse: 16.93	mae: 13.19	mape: 93.87%	acc@10: 48.19%	acc@20: 77.59%	acc@30: 91.69%	
[2023-12-18 10:14:14] INFO (nni/MainThread) Intermediate result: 16.933963733632492  (Index 39)
*** Epoch: 20 ***
-----------------G2R RESULT-------------------

val result: krc:0.793 | lsd:0.624 | ed:0.924 | hr@1:0.664 | hr@2:0.876 | hr@3:0.92 | acc@1:0.664 | acc@2:0.608 | acc@3:0.578 | Best krc: 0.794 | Best epoch: 18
[2023-12-18 10:14:40] INFO (nni/MainThread) Intermediate result: 0.793345068509039  (Index 40)
-----------------ETPA RESULT-------------------
Epoch 20: Validation	rmse: 16.84	mae: 13.13	mape: 93.38%	acc@10: 48.38%	acc@20: 77.74%	acc@30: 91.89%	
[2023-12-18 10:14:40] INFO (nni/MainThread) Intermediate result: 16.843612564592622  (Index 41)
*** Epoch: 21 ***
-----------------G2R RESULT-------------------

val result: krc:0.793 | lsd:0.62 | ed:0.923 | hr@1:0.663 | hr@2:0.872 | hr@3:0.919 | acc@1:0.663 | acc@2:0.604 | acc@3:0.575 | Best krc: 0.794 | Best epoch: 18
[2023-12-18 10:15:04] INFO (nni/MainThread) Intermediate result: 0.79322731779225  (Index 42)
-----------------ETPA RESULT-------------------
Epoch 21: Validation	rmse: 16.73	mae: 13.05	mape: 92.82%	acc@10: 48.62%	acc@20: 77.93%	acc@30: 92.12%	
[2023-12-18 10:15:04] INFO (nni/MainThread) Intermediate result: 16.73390583342327  (Index 43)
*** Epoch: 22 ***
-----------------G2R RESULT-------------------

val result: krc:0.771 | lsd:0.636 | ed:1.0 | hr@1:0.655 | hr@2:0.873 | hr@3:0.915 | acc@1:0.655 | acc@2:0.596 | acc@3:0.55 | Best krc: 0.794 | Best epoch: 18
[2023-12-18 10:15:28] INFO (nni/MainThread) Intermediate result: 0.7707534383704038  (Index 44)
-----------------ETPA RESULT-------------------
Epoch 22: Validation	rmse: 16.63	mae: 13.0	mape: 92.34%	acc@10: 48.68%	acc@20: 78.13%	acc@30: 92.37%	
[2023-12-18 10:15:28] INFO (nni/MainThread) Intermediate result: 16.631545205674417  (Index 45)
*** Epoch: 23 ***
-----------------G2R RESULT-------------------

val result: krc:0.788 | lsd:0.61 | ed:0.945 | hr@1:0.66 | hr@2:0.876 | hr@3:0.921 | acc@1:0.66 | acc@2:0.602 | acc@3:0.568 | Best krc: 0.794 | Best epoch: 18
[2023-12-18 10:15:52] INFO (nni/MainThread) Intermediate result: 0.7883612305037752  (Index 46)
-----------------ETPA RESULT-------------------
Epoch 23: Validation	rmse: 16.59	mae: 12.98	mape: 92.29%	acc@10: 48.64%	acc@20: 78.19%	acc@30: 92.42%	
[2023-12-18 10:15:52] INFO (nni/MainThread) Intermediate result: 16.59306859802044  (Index 47)
*** Epoch: 24 ***
-----------------G2R RESULT-------------------

val result: krc:0.777 | lsd:0.659 | ed:0.978 | hr@1:0.653 | hr@2:0.871 | hr@3:0.916 | acc@1:0.653 | acc@2:0.596 | acc@3:0.556 | Best krc: 0.794 | Best epoch: 18
[2023-12-18 10:16:16] INFO (nni/MainThread) Intermediate result: 0.77665394088656  (Index 48)
-----------------ETPA RESULT-------------------
Epoch 24: Validation	rmse: 16.59	mae: 13.01	mape: 92.58%	acc@10: 48.37%	acc@20: 78.15%	acc@30: 92.44%	
[2023-12-18 10:16:16] INFO (nni/MainThread) Intermediate result: 16.591954409474702  (Index 49)
*** Epoch: 25 ***
-----------------G2R RESULT-------------------

val result: krc:0.791 | lsd:0.613 | ed:0.939 | hr@1:0.664 | hr@2:0.876 | hr@3:0.915 | acc@1:0.664 | acc@2:0.604 | acc@3:0.568 | Best krc: 0.794 | Best epoch: 18
[2023-12-18 10:16:40] INFO (nni/MainThread) Intermediate result: 0.7908439071010126  (Index 50)
-----------------ETPA RESULT-------------------
Epoch 25: Validation	rmse: 16.48	mae: 12.93	mape: 91.82%	acc@10: 48.58%	acc@20: 78.43%	acc@30: 92.62%	
[2023-12-18 10:16:40] INFO (nni/MainThread) Intermediate result: 16.480688941008317  (Index 51)
*** Epoch: 26 ***
-----------------G2R RESULT-------------------

val result: krc:0.795 | lsd:0.596 | ed:0.911 | hr@1:0.662 | hr@2:0.877 | hr@3:0.92 | acc@1:0.662 | acc@2:0.608 | acc@3:0.578 | Best krc: 0.794 | Best epoch: 18
best model saved
[2023-12-18 10:17:07] INFO (nni/MainThread) Intermediate result: 0.7946140403508134  (Index 52)
-----------------ETPA RESULT-------------------
Epoch 26: Validation	rmse: 16.45	mae: 12.92	mape: 91.83%	acc@10: 48.49%	acc@20: 78.46%	acc@30: 92.67%	
[2023-12-18 10:17:07] INFO (nni/MainThread) Intermediate result: 16.45111143814733  (Index 53)
*** Epoch: 27 ***
-----------------G2R RESULT-------------------

val result: krc:0.797 | lsd:0.607 | ed:0.919 | hr@1:0.665 | hr@2:0.878 | hr@3:0.919 | acc@1:0.665 | acc@2:0.61 | acc@3:0.578 | Best krc: 0.795 | Best epoch: 26
best model saved
[2023-12-18 10:17:34] INFO (nni/MainThread) Intermediate result: 0.797066283406467  (Index 54)
-----------------ETPA RESULT-------------------
Epoch 27: Validation	rmse: 16.38	mae: 12.88	mape: 91.46%	acc@10: 48.57%	acc@20: 78.58%	acc@30: 92.82%	
[2023-12-18 10:17:34] INFO (nni/MainThread) Intermediate result: 16.37775593183188  (Index 55)
*** Epoch: 28 ***
-----------------G2R RESULT-------------------

val result: krc:0.799 | lsd:0.601 | ed:0.912 | hr@1:0.669 | hr@2:0.879 | hr@3:0.924 | acc@1:0.669 | acc@2:0.611 | acc@3:0.581 | Best krc: 0.797 | Best epoch: 27
best model saved
[2023-12-18 10:18:00] INFO (nni/MainThread) Intermediate result: 0.7986752048579768  (Index 56)
-----------------ETPA RESULT-------------------
Epoch 28: Validation	rmse: 16.27	mae: 12.8	mape: 90.86%	acc@10: 48.77%	acc@20: 78.86%	acc@30: 93.01%	
[2023-12-18 10:18:00] INFO (nni/MainThread) Intermediate result: 16.2741430074273  (Index 57)
*** Epoch: 29 ***
-----------------G2R RESULT-------------------

val result: krc:0.799 | lsd:0.604 | ed:0.905 | hr@1:0.672 | hr@2:0.876 | hr@3:0.92 | acc@1:0.672 | acc@2:0.616 | acc@3:0.585 | Best krc: 0.799 | Best epoch: 28
best model saved
[2023-12-18 10:18:26] INFO (nni/MainThread) Intermediate result: 0.7990847792509358  (Index 58)
-----------------ETPA RESULT-------------------
Epoch 29: Validation	rmse: 16.17	mae: 12.71	mape: 89.81%	acc@10: 49.11%	acc@20: 79.19%	acc@30: 93.14%	
[2023-12-18 10:18:26] INFO (nni/MainThread) Intermediate result: 16.166068723530213  (Index 59)
*** Epoch: 30 ***
-----------------G2R RESULT-------------------

val result: krc:0.804 | lsd:0.584 | ed:0.895 | hr@1:0.677 | hr@2:0.879 | hr@3:0.922 | acc@1:0.677 | acc@2:0.618 | acc@3:0.589 | Best krc: 0.799 | Best epoch: 29
best model saved
[2023-12-18 10:18:52] INFO (nni/MainThread) Intermediate result: 0.8043800200512051  (Index 60)
-----------------ETPA RESULT-------------------
Epoch 30: Validation	rmse: 16.07	mae: 12.64	mape: 88.99%	acc@10: 49.32%	acc@20: 79.49%	acc@30: 93.23%	
[2023-12-18 10:18:52] INFO (nni/MainThread) Intermediate result: 16.074658589650127  (Index 61)
*** Epoch: 31 ***
-----------------G2R RESULT-------------------

val result: krc:0.8 | lsd:0.574 | ed:0.903 | hr@1:0.676 | hr@2:0.881 | hr@3:0.925 | acc@1:0.676 | acc@2:0.618 | acc@3:0.58 | Best krc: 0.804 | Best epoch: 30
[2023-12-18 10:19:16] INFO (nni/MainThread) Intermediate result: 0.7997204735377014  (Index 62)
-----------------ETPA RESULT-------------------
Epoch 31: Validation	rmse: 16.0	mae: 12.58	mape: 88.35%	acc@10: 49.56%	acc@20: 79.64%	acc@30: 93.3%	
[2023-12-18 10:19:16] INFO (nni/MainThread) Intermediate result: 16.002575499135837  (Index 63)
*** Epoch: 32 ***
-----------------G2R RESULT-------------------

val result: krc:0.799 | lsd:0.595 | ed:0.903 | hr@1:0.671 | hr@2:0.878 | hr@3:0.922 | acc@1:0.671 | acc@2:0.616 | acc@3:0.583 | Best krc: 0.804 | Best epoch: 30
[2023-12-18 10:19:41] INFO (nni/MainThread) Intermediate result: 0.7988507050772026  (Index 64)
-----------------ETPA RESULT-------------------
Epoch 32: Validation	rmse: 15.91	mae: 12.5	mape: 87.6%	acc@10: 49.78%	acc@20: 79.89%	acc@30: 93.41%	
[2023-12-18 10:19:41] INFO (nni/MainThread) Intermediate result: 15.913182968960246  (Index 65)
*** Epoch: 33 ***
-----------------G2R RESULT-------------------

val result: krc:0.796 | lsd:0.594 | ed:0.913 | hr@1:0.674 | hr@2:0.878 | hr@3:0.923 | acc@1:0.674 | acc@2:0.618 | acc@3:0.584 | Best krc: 0.804 | Best epoch: 30
[2023-12-18 10:20:06] INFO (nni/MainThread) Intermediate result: 0.7962923765897094  (Index 66)
-----------------ETPA RESULT-------------------
Epoch 33: Validation	rmse: 15.86	mae: 12.47	mape: 87.36%	acc@10: 49.83%	acc@20: 80.01%	acc@30: 93.49%	
[2023-12-18 10:20:06] INFO (nni/MainThread) Intermediate result: 15.864991915342797  (Index 67)
*** Epoch: 34 ***
-----------------G2R RESULT-------------------

val result: krc:0.804 | lsd:0.582 | ed:0.889 | hr@1:0.678 | hr@2:0.883 | hr@3:0.926 | acc@1:0.678 | acc@2:0.624 | acc@3:0.592 | Best krc: 0.804 | Best epoch: 30
[2023-12-18 10:20:30] INFO (nni/MainThread) Intermediate result: 0.8042502264452418  (Index 68)
-----------------ETPA RESULT-------------------
Epoch 34: Validation	rmse: 15.82	mae: 12.45	mape: 87.15%	acc@10: 49.83%	acc@20: 80.13%	acc@30: 93.59%	
[2023-12-18 10:20:30] INFO (nni/MainThread) Intermediate result: 15.816289175215896  (Index 69)
*** Epoch: 35 ***
-----------------G2R RESULT-------------------

val result: krc:0.808 | lsd:0.586 | ed:0.878 | hr@1:0.683 | hr@2:0.882 | hr@3:0.922 | acc@1:0.683 | acc@2:0.628 | acc@3:0.594 | Best krc: 0.804 | Best epoch: 30
best model saved
[2023-12-18 10:20:58] INFO (nni/MainThread) Intermediate result: 0.8083535865258646  (Index 70)
-----------------ETPA RESULT-------------------
Epoch 35: Validation	rmse: 15.76	mae: 12.41	mape: 86.84%	acc@10: 49.9%	acc@20: 80.26%	acc@30: 93.68%	
[2023-12-18 10:20:58] INFO (nni/MainThread) Intermediate result: 15.762971752452579  (Index 71)
*** Epoch: 36 ***
-----------------G2R RESULT-------------------

val result: krc:0.809 | lsd:0.566 | ed:0.867 | hr@1:0.688 | hr@2:0.88 | hr@3:0.925 | acc@1:0.688 | acc@2:0.631 | acc@3:0.599 | Best krc: 0.808 | Best epoch: 35
best model saved
[2023-12-18 10:21:25] INFO (nni/MainThread) Intermediate result: 0.8094798605336426  (Index 72)
-----------------ETPA RESULT-------------------
Epoch 36: Validation	rmse: 15.7	mae: 12.36	mape: 86.33%	acc@10: 50.03%	acc@20: 80.42%	acc@30: 93.76%	
[2023-12-18 10:21:25] INFO (nni/MainThread) Intermediate result: 15.696012395511529  (Index 73)
*** Epoch: 37 ***
-----------------G2R RESULT-------------------

val result: krc:0.799 | lsd:0.609 | ed:0.921 | hr@1:0.679 | hr@2:0.88 | hr@3:0.92 | acc@1:0.679 | acc@2:0.621 | acc@3:0.579 | Best krc: 0.809 | Best epoch: 36
[2023-12-18 10:21:49] INFO (nni/MainThread) Intermediate result: 0.7992258770396067  (Index 74)
-----------------ETPA RESULT-------------------
Epoch 37: Validation	rmse: 15.64	mae: 12.32	mape: 85.92%	acc@10: 50.12%	acc@20: 80.6%	acc@30: 93.84%	
[2023-12-18 10:21:49] INFO (nni/MainThread) Intermediate result: 15.637056552435714  (Index 75)
*** Epoch: 38 ***
-----------------G2R RESULT-------------------

val result: krc:0.809 | lsd:0.568 | ed:0.872 | hr@1:0.69 | hr@2:0.88 | hr@3:0.924 | acc@1:0.69 | acc@2:0.631 | acc@3:0.598 | Best krc: 0.809 | Best epoch: 36
[2023-12-18 10:22:15] INFO (nni/MainThread) Intermediate result: 0.8086098031266375  (Index 76)
-----------------ETPA RESULT-------------------
Epoch 38: Validation	rmse: 15.61	mae: 12.3	mape: 85.86%	acc@10: 50.1%	acc@20: 80.66%	acc@30: 93.91%	
[2023-12-18 10:22:15] INFO (nni/MainThread) Intermediate result: 15.611007200883227  (Index 77)
*** Epoch: 39 ***
-----------------G2R RESULT-------------------

val result: krc:0.807 | lsd:0.569 | ed:0.885 | hr@1:0.68 | hr@2:0.882 | hr@3:0.923 | acc@1:0.68 | acc@2:0.624 | acc@3:0.591 | Best krc: 0.809 | Best epoch: 36
[2023-12-18 10:22:40] INFO (nni/MainThread) Intermediate result: 0.8067439723145888  (Index 78)
-----------------ETPA RESULT-------------------
Epoch 39: Validation	rmse: 15.54	mae: 12.24	mape: 85.1%	acc@10: 50.34%	acc@20: 80.86%	acc@30: 93.97%	
[2023-12-18 10:22:40] INFO (nni/MainThread) Intermediate result: 15.542324846608082  (Index 79)
*** Epoch: 40 ***
-----------------G2R RESULT-------------------

val result: krc:0.807 | lsd:0.594 | ed:0.88 | hr@1:0.69 | hr@2:0.882 | hr@3:0.923 | acc@1:0.69 | acc@2:0.635 | acc@3:0.6 | Best krc: 0.809 | Best epoch: 36
[2023-12-18 10:23:05] INFO (nni/MainThread) Intermediate result: 0.8074563176705722  (Index 80)
-----------------ETPA RESULT-------------------
Epoch 40: Validation	rmse: 15.49	mae: 12.2	mape: 84.6%	acc@10: 50.51%	acc@20: 81.0%	acc@30: 94.04%	
[2023-12-18 10:23:05] INFO (nni/MainThread) Intermediate result: 15.48924575037511  (Index 81)
*** Epoch: 41 ***
-----------------G2R RESULT-------------------

val result: krc:0.817 | lsd:0.55 | ed:0.86 | hr@1:0.7 | hr@2:0.886 | hr@3:0.927 | acc@1:0.7 | acc@2:0.641 | acc@3:0.607 | Best krc: 0.809 | Best epoch: 36
best model saved
[2023-12-18 10:23:31] INFO (nni/MainThread) Intermediate result: 0.8173839935186678  (Index 82)
-----------------ETPA RESULT-------------------
Epoch 41: Validation	rmse: 15.45	mae: 12.17	mape: 84.37%	acc@10: 50.54%	acc@20: 81.08%	acc@30: 94.08%	
[2023-12-18 10:23:31] INFO (nni/MainThread) Intermediate result: 15.454743687747397  (Index 83)
*** Epoch: 42 ***
-----------------G2R RESULT-------------------

val result: krc:0.814 | lsd:0.564 | ed:0.868 | hr@1:0.696 | hr@2:0.884 | hr@3:0.926 | acc@1:0.696 | acc@2:0.638 | acc@3:0.607 | Best krc: 0.817 | Best epoch: 41
[2023-12-18 10:23:55] INFO (nni/MainThread) Intermediate result: 0.8135528951444999  (Index 84)
-----------------ETPA RESULT-------------------
Epoch 42: Validation	rmse: 15.41	mae: 12.14	mape: 84.08%	acc@10: 50.61%	acc@20: 81.15%	acc@30: 94.14%	
[2023-12-18 10:23:55] INFO (nni/MainThread) Intermediate result: 15.412542263718112  (Index 85)
*** Epoch: 43 ***
-----------------G2R RESULT-------------------

val result: krc:0.812 | lsd:0.56 | ed:0.893 | hr@1:0.7 | hr@2:0.883 | hr@3:0.923 | acc@1:0.7 | acc@2:0.637 | acc@3:0.599 | Best krc: 0.817 | Best epoch: 41
[2023-12-18 10:24:20] INFO (nni/MainThread) Intermediate result: 0.8124226328336517  (Index 86)
-----------------ETPA RESULT-------------------
Epoch 43: Validation	rmse: 15.38	mae: 12.12	mape: 83.87%	acc@10: 50.63%	acc@20: 81.27%	acc@30: 94.2%	
[2023-12-18 10:24:20] INFO (nni/MainThread) Intermediate result: 15.376741315448658  (Index 87)
*** Epoch: 44 ***
-----------------G2R RESULT-------------------

val result: krc:0.814 | lsd:0.567 | ed:0.871 | hr@1:0.697 | hr@2:0.882 | hr@3:0.926 | acc@1:0.697 | acc@2:0.635 | acc@3:0.605 | Best krc: 0.817 | Best epoch: 41
[2023-12-18 10:24:45] INFO (nni/MainThread) Intermediate result: 0.8139393107823365  (Index 88)
-----------------ETPA RESULT-------------------
Epoch 44: Validation	rmse: 15.33	mae: 12.08	mape: 83.55%	acc@10: 50.7%	acc@20: 81.41%	acc@30: 94.26%	
[2023-12-18 10:24:45] INFO (nni/MainThread) Intermediate result: 15.328182182560992  (Index 89)
*** Epoch: 45 ***
-----------------G2R RESULT-------------------

val result: krc:0.819 | lsd:0.544 | ed:0.864 | hr@1:0.706 | hr@2:0.886 | hr@3:0.929 | acc@1:0.706 | acc@2:0.642 | acc@3:0.613 | Best krc: 0.817 | Best epoch: 41
best model saved
[2023-12-18 10:25:11] INFO (nni/MainThread) Intermediate result: 0.8186874101784465  (Index 90)
-----------------ETPA RESULT-------------------
Epoch 45: Validation	rmse: 15.28	mae: 12.04	mape: 82.93%	acc@10: 50.88%	acc@20: 81.57%	acc@30: 94.31%	
[2023-12-18 10:25:11] INFO (nni/MainThread) Intermediate result: 15.282488565886215  (Index 91)
*** Epoch: 46 ***
-----------------G2R RESULT-------------------

val result: krc:0.818 | lsd:0.546 | ed:0.861 | hr@1:0.705 | hr@2:0.886 | hr@3:0.931 | acc@1:0.705 | acc@2:0.642 | acc@3:0.614 | Best krc: 0.819 | Best epoch: 45
[2023-12-18 10:25:36] INFO (nni/MainThread) Intermediate result: 0.8184322409683145  (Index 92)
-----------------ETPA RESULT-------------------
Epoch 46: Validation	rmse: 15.24	mae: 12.01	mape: 82.63%	acc@10: 50.96%	acc@20: 81.65%	acc@30: 94.34%	
[2023-12-18 10:25:36] INFO (nni/MainThread) Intermediate result: 15.244122682986259  (Index 93)
*** Epoch: 47 ***
-----------------G2R RESULT-------------------

val result: krc:0.817 | lsd:0.532 | ed:0.857 | hr@1:0.71 | hr@2:0.886 | hr@3:0.929 | acc@1:0.71 | acc@2:0.645 | acc@3:0.616 | Best krc: 0.819 | Best epoch: 45
[2023-12-18 10:26:01] INFO (nni/MainThread) Intermediate result: 0.8167674489755817  (Index 94)
-----------------ETPA RESULT-------------------
Epoch 47: Validation	rmse: 15.22	mae: 11.99	mape: 82.51%	acc@10: 51.0%	acc@20: 81.68%	acc@30: 94.38%	
[2023-12-18 10:26:01] INFO (nni/MainThread) Intermediate result: 15.219875477118714  (Index 95)
*** Epoch: 48 ***
-----------------G2R RESULT-------------------

val result: krc:0.827 | lsd:0.514 | ed:0.826 | hr@1:0.721 | hr@2:0.889 | hr@3:0.932 | acc@1:0.721 | acc@2:0.656 | acc@3:0.627 | Best krc: 0.819 | Best epoch: 45
best model saved
[2023-12-18 10:26:27] INFO (nni/MainThread) Intermediate result: 0.8270644867933892  (Index 96)
-----------------ETPA RESULT-------------------
Epoch 48: Validation	rmse: 15.19	mae: 11.97	mape: 82.25%	acc@10: 51.12%	acc@20: 81.74%	acc@30: 94.4%	
[2023-12-18 10:26:27] INFO (nni/MainThread) Intermediate result: 15.18948382130386  (Index 97)
*** Epoch: 49 ***
-----------------G2R RESULT-------------------

val result: krc:0.827 | lsd:0.518 | ed:0.832 | hr@1:0.718 | hr@2:0.889 | hr@3:0.931 | acc@1:0.718 | acc@2:0.657 | acc@3:0.627 | Best krc: 0.827 | Best epoch: 48
[2023-12-18 10:26:52] INFO (nni/MainThread) Intermediate result: 0.8268643623781359  (Index 98)
-----------------ETPA RESULT-------------------
Epoch 49: Validation	rmse: 15.16	mae: 11.94	mape: 81.87%	acc@10: 51.27%	acc@20: 81.8%	acc@30: 94.43%	
[2023-12-18 10:26:52] INFO (nni/MainThread) Intermediate result: 15.15581892163758  (Index 99)
*** Epoch: 50 ***
-----------------G2R RESULT-------------------

val result: krc:0.828 | lsd:0.515 | ed:0.831 | hr@1:0.726 | hr@2:0.892 | hr@3:0.933 | acc@1:0.726 | acc@2:0.662 | acc@3:0.629 | Best krc: 0.827 | Best epoch: 48
best model saved
[2023-12-18 10:27:18] INFO (nni/MainThread) Intermediate result: 0.8281351122278101  (Index 100)
-----------------ETPA RESULT-------------------
Epoch 50: Validation	rmse: 15.11	mae: 11.9	mape: 81.52%	acc@10: 51.4%	acc@20: 81.92%	acc@30: 94.48%	
[2023-12-18 10:27:19] INFO (nni/MainThread) Intermediate result: 15.113339409334333  (Index 101)
*** Epoch: 51 ***
-----------------G2R RESULT-------------------

val result: krc:0.823 | lsd:0.512 | ed:0.853 | hr@1:0.724 | hr@2:0.885 | hr@3:0.929 | acc@1:0.724 | acc@2:0.651 | acc@3:0.617 | Best krc: 0.828 | Best epoch: 50
[2023-12-18 10:27:44] INFO (nni/MainThread) Intermediate result: 0.8230044470096941  (Index 102)
-----------------ETPA RESULT-------------------
Epoch 51: Validation	rmse: 15.08	mae: 11.88	mape: 81.24%	acc@10: 51.53%	acc@20: 81.99%	acc@30: 94.51%	
[2023-12-18 10:27:44] INFO (nni/MainThread) Intermediate result: 15.078131521371514  (Index 103)
*** Epoch: 52 ***
-----------------G2R RESULT-------------------

val result: krc:0.831 | lsd:0.52 | ed:0.83 | hr@1:0.732 | hr@2:0.89 | hr@3:0.931 | acc@1:0.732 | acc@2:0.665 | acc@3:0.631 | Best krc: 0.828 | Best epoch: 50
best model saved
[2023-12-18 10:28:11] INFO (nni/MainThread) Intermediate result: 0.8309684411039899  (Index 104)
-----------------ETPA RESULT-------------------
Epoch 52: Validation	rmse: 15.04	mae: 11.85	mape: 81.02%	acc@10: 51.6%	acc@20: 82.05%	acc@30: 94.56%	
[2023-12-18 10:28:11] INFO (nni/MainThread) Intermediate result: 15.04408342371248  (Index 105)
*** Epoch: 53 ***
-----------------G2R RESULT-------------------

val result: krc:0.829 | lsd:0.509 | ed:0.839 | hr@1:0.727 | hr@2:0.893 | hr@3:0.931 | acc@1:0.727 | acc@2:0.663 | acc@3:0.628 | Best krc: 0.831 | Best epoch: 52
[2023-12-18 10:28:37] INFO (nni/MainThread) Intermediate result: 0.8287424777848914  (Index 106)
-----------------ETPA RESULT-------------------
Epoch 53: Validation	rmse: 15.01	mae: 11.83	mape: 80.77%	acc@10: 51.69%	acc@20: 82.16%	acc@30: 94.62%	
[2023-12-18 10:28:37] INFO (nni/MainThread) Intermediate result: 15.007279876975375  (Index 107)
*** Epoch: 54 ***
-----------------G2R RESULT-------------------

val result: krc:0.828 | lsd:0.51 | ed:0.842 | hr@1:0.734 | hr@2:0.887 | hr@3:0.93 | acc@1:0.734 | acc@2:0.662 | acc@3:0.624 | Best krc: 0.831 | Best epoch: 52
[2023-12-18 10:29:02] INFO (nni/MainThread) Intermediate result: 0.8279753448708412  (Index 108)
-----------------ETPA RESULT-------------------
Epoch 54: Validation	rmse: 14.98	mae: 11.8	mape: 80.47%	acc@10: 51.82%	acc@20: 82.23%	acc@30: 94.65%	
[2023-12-18 10:29:02] INFO (nni/MainThread) Intermediate result: 14.977164090720247  (Index 109)
*** Epoch: 55 ***
-----------------G2R RESULT-------------------

val result: krc:0.827 | lsd:0.543 | ed:0.838 | hr@1:0.727 | hr@2:0.887 | hr@3:0.93 | acc@1:0.727 | acc@2:0.66 | acc@3:0.627 | Best krc: 0.831 | Best epoch: 52
[2023-12-18 10:29:28] INFO (nni/MainThread) Intermediate result: 0.8265149195975605  (Index 110)
-----------------ETPA RESULT-------------------
Epoch 55: Validation	rmse: 14.94	mae: 11.77	mape: 80.2%	acc@10: 51.88%	acc@20: 82.35%	acc@30: 94.7%	
[2023-12-18 10:29:28] INFO (nni/MainThread) Intermediate result: 14.940362812478401  (Index 111)
*** Epoch: 56 ***
-----------------G2R RESULT-------------------

val result: krc:0.826 | lsd:0.553 | ed:0.836 | hr@1:0.728 | hr@2:0.887 | hr@3:0.929 | acc@1:0.728 | acc@2:0.663 | acc@3:0.63 | Best krc: 0.831 | Best epoch: 52
[2023-12-18 10:29:53] INFO (nni/MainThread) Intermediate result: 0.8259107350405995  (Index 112)
-----------------ETPA RESULT-------------------
Epoch 56: Validation	rmse: 14.92	mae: 11.76	mape: 80.09%	acc@10: 51.93%	acc@20: 82.39%	acc@30: 94.73%	
[2023-12-18 10:29:53] INFO (nni/MainThread) Intermediate result: 14.920790932581106  (Index 113)
*** Epoch: 57 ***
-----------------G2R RESULT-------------------

val result: krc:0.83 | lsd:0.515 | ed:0.823 | hr@1:0.732 | hr@2:0.887 | hr@3:0.931 | acc@1:0.732 | acc@2:0.666 | acc@3:0.634 | Best krc: 0.831 | Best epoch: 52
[2023-12-18 10:30:19] INFO (nni/MainThread) Intermediate result: 0.8295253781830081  (Index 114)
-----------------ETPA RESULT-------------------
Epoch 57: Validation	rmse: 14.89	mae: 11.73	mape: 79.79%	acc@10: 52.04%	acc@20: 82.51%	acc@30: 94.76%	
[2023-12-18 10:30:19] INFO (nni/MainThread) Intermediate result: 14.886251735833572  (Index 115)
*** Epoch: 58 ***
-----------------G2R RESULT-------------------

val result: krc:0.831 | lsd:0.54 | ed:0.826 | hr@1:0.731 | hr@2:0.887 | hr@3:0.93 | acc@1:0.731 | acc@2:0.664 | acc@3:0.635 | Best krc: 0.831 | Best epoch: 52
[2023-12-18 10:30:44] INFO (nni/MainThread) Intermediate result: 0.8308956162301155  (Index 116)
-----------------ETPA RESULT-------------------
Epoch 58: Validation	rmse: 14.86	mae: 11.7	mape: 79.49%	acc@10: 52.13%	acc@20: 82.58%	acc@30: 94.78%	
[2023-12-18 10:30:44] INFO (nni/MainThread) Intermediate result: 14.860955816091641  (Index 117)
*** Epoch: 59 ***
-----------------G2R RESULT-------------------

val result: krc:0.83 | lsd:0.529 | ed:0.827 | hr@1:0.73 | hr@2:0.889 | hr@3:0.932 | acc@1:0.73 | acc@2:0.666 | acc@3:0.635 | Best krc: 0.831 | Best epoch: 52
[2023-12-18 10:31:09] INFO (nni/MainThread) Intermediate result: 0.8295095298068625  (Index 118)
-----------------ETPA RESULT-------------------
Epoch 59: Validation	rmse: 14.84	mae: 11.68	mape: 79.1%	acc@10: 52.26%	acc@20: 82.65%	acc@30: 94.8%	
[2023-12-18 10:31:09] INFO (nni/MainThread) Intermediate result: 14.838389833902061  (Index 119)
*** Epoch: 60 ***
-----------------G2R RESULT-------------------

val result: krc:0.836 | lsd:0.505 | ed:0.816 | hr@1:0.739 | hr@2:0.891 | hr@3:0.933 | acc@1:0.739 | acc@2:0.673 | acc@3:0.641 | Best krc: 0.831 | Best epoch: 52
best model saved
[2023-12-18 10:31:35] INFO (nni/MainThread) Intermediate result: 0.8357436762334007  (Index 120)
-----------------ETPA RESULT-------------------
Epoch 60: Validation	rmse: 14.81	mae: 11.66	mape: 78.84%	acc@10: 52.35%	acc@20: 82.71%	acc@30: 94.82%	
[2023-12-18 10:31:35] INFO (nni/MainThread) Intermediate result: 14.813802829986184  (Index 121)
*** Epoch: 61 ***
-----------------G2R RESULT-------------------

val result: krc:0.832 | lsd:0.509 | ed:0.828 | hr@1:0.735 | hr@2:0.892 | hr@3:0.932 | acc@1:0.735 | acc@2:0.67 | acc@3:0.635 | Best krc: 0.836 | Best epoch: 60
[2023-12-18 10:32:01] INFO (nni/MainThread) Intermediate result: 0.8320103595573642  (Index 122)
-----------------ETPA RESULT-------------------
Epoch 61: Validation	rmse: 14.79	mae: 11.64	mape: 78.61%	acc@10: 52.41%	acc@20: 82.8%	acc@30: 94.85%	
[2023-12-18 10:32:01] INFO (nni/MainThread) Intermediate result: 14.788509600398863  (Index 123)
*** Epoch: 62 ***
-----------------G2R RESULT-------------------

val result: krc:0.826 | lsd:0.545 | ed:0.846 | hr@1:0.722 | hr@2:0.887 | hr@3:0.929 | acc@1:0.722 | acc@2:0.655 | acc@3:0.618 | Best krc: 0.836 | Best epoch: 60
[2023-12-18 10:32:26] INFO (nni/MainThread) Intermediate result: 0.8264733530409087  (Index 124)
-----------------ETPA RESULT-------------------
Epoch 62: Validation	rmse: 14.77	mae: 11.62	mape: 78.48%	acc@10: 52.44%	acc@20: 82.83%	acc@30: 94.88%	
[2023-12-18 10:32:26] INFO (nni/MainThread) Intermediate result: 14.768458452091751  (Index 125)
*** Epoch: 63 ***
-----------------G2R RESULT-------------------

val result: krc:0.835 | lsd:0.505 | ed:0.811 | hr@1:0.734 | hr@2:0.893 | hr@3:0.936 | acc@1:0.734 | acc@2:0.671 | acc@3:0.641 | Best krc: 0.836 | Best epoch: 60
[2023-12-18 10:32:52] INFO (nni/MainThread) Intermediate result: 0.8348923592561547  (Index 126)
-----------------ETPA RESULT-------------------
Epoch 63: Validation	rmse: 14.75	mae: 11.61	mape: 78.38%	acc@10: 52.46%	acc@20: 82.88%	acc@30: 94.91%	
[2023-12-18 10:32:52] INFO (nni/MainThread) Intermediate result: 14.748792186262898  (Index 127)
*** Epoch: 64 ***
-----------------G2R RESULT-------------------

val result: krc:0.826 | lsd:0.511 | ed:0.854 | hr@1:0.738 | hr@2:0.89 | hr@3:0.932 | acc@1:0.738 | acc@2:0.667 | acc@3:0.628 | Best krc: 0.836 | Best epoch: 60
[2023-12-18 10:33:19] INFO (nni/MainThread) Intermediate result: 0.825632226847793  (Index 128)
-----------------ETPA RESULT-------------------
Epoch 64: Validation	rmse: 14.73	mae: 11.6	mape: 78.18%	acc@10: 52.55%	acc@20: 82.91%	acc@30: 94.92%	
[2023-12-18 10:33:19] INFO (nni/MainThread) Intermediate result: 14.734060802791445  (Index 129)
*** Epoch: 65 ***
-----------------G2R RESULT-------------------

val result: krc:0.828 | lsd:0.552 | ed:0.843 | hr@1:0.729 | hr@2:0.887 | hr@3:0.926 | acc@1:0.729 | acc@2:0.666 | acc@3:0.631 | Best krc: 0.836 | Best epoch: 60
[2023-12-18 10:33:45] INFO (nni/MainThread) Intermediate result: 0.8278208934177451  (Index 130)
-----------------ETPA RESULT-------------------
Epoch 65: Validation	rmse: 14.71	mae: 11.58	mape: 78.02%	acc@10: 52.6%	acc@20: 82.94%	acc@30: 94.96%	
[2023-12-18 10:33:45] INFO (nni/MainThread) Intermediate result: 14.713061419592067  (Index 131)
*** Epoch: 66 ***
-----------------G2R RESULT-------------------

val result: krc:0.832 | lsd:0.525 | ed:0.836 | hr@1:0.728 | hr@2:0.889 | hr@3:0.93 | acc@1:0.728 | acc@2:0.663 | acc@3:0.631 | Best krc: 0.836 | Best epoch: 60
[2023-12-18 10:34:12] INFO (nni/MainThread) Intermediate result: 0.8324499313218159  (Index 132)
-----------------ETPA RESULT-------------------
Epoch 66: Validation	rmse: 14.69	mae: 11.57	mape: 77.83%	acc@10: 52.7%	acc@20: 82.99%	acc@30: 94.97%	
[2023-12-18 10:34:12] INFO (nni/MainThread) Intermediate result: 14.69381333566068  (Index 133)
*** Epoch: 67 ***
-----------------G2R RESULT-------------------

val result: krc:0.838 | lsd:0.499 | ed:0.807 | hr@1:0.742 | hr@2:0.891 | hr@3:0.934 | acc@1:0.742 | acc@2:0.675 | acc@3:0.643 | Best krc: 0.836 | Best epoch: 60
best model saved
[2023-12-18 10:34:38] INFO (nni/MainThread) Intermediate result: 0.8383280558531978  (Index 134)
-----------------ETPA RESULT-------------------
Epoch 67: Validation	rmse: 14.68	mae: 11.55	mape: 77.61%	acc@10: 52.79%	acc@20: 83.03%	acc@30: 94.98%	
[2023-12-18 10:34:38] INFO (nni/MainThread) Intermediate result: 14.675043272544976  (Index 135)
*** Epoch: 68 ***
-----------------G2R RESULT-------------------

val result: krc:0.812 | lsd:0.615 | ed:0.893 | hr@1:0.736 | hr@2:0.881 | hr@3:0.918 | acc@1:0.736 | acc@2:0.664 | acc@3:0.612 | Best krc: 0.838 | Best epoch: 67
[2023-12-18 10:35:04] INFO (nni/MainThread) Intermediate result: 0.8119739234999401  (Index 136)
-----------------ETPA RESULT-------------------
Epoch 68: Validation	rmse: 14.66	mae: 11.53	mape: 77.46%	acc@10: 52.82%	acc@20: 83.11%	acc@30: 95.0%	
[2023-12-18 10:35:04] INFO (nni/MainThread) Intermediate result: 14.657562616673967  (Index 137)
*** Epoch: 69 ***
-----------------G2R RESULT-------------------

val result: krc:0.836 | lsd:0.505 | ed:0.82 | hr@1:0.739 | hr@2:0.894 | hr@3:0.933 | acc@1:0.739 | acc@2:0.675 | acc@3:0.639 | Best krc: 0.838 | Best epoch: 67
[2023-12-18 10:35:30] INFO (nni/MainThread) Intermediate result: 0.83563979947889  (Index 138)
-----------------ETPA RESULT-------------------
Epoch 69: Validation	rmse: 14.64	mae: 11.52	mape: 77.21%	acc@10: 52.93%	acc@20: 83.14%	acc@30: 95.02%	
[2023-12-18 10:35:30] INFO (nni/MainThread) Intermediate result: 14.643389267400499  (Index 139)
*** Epoch: 70 ***
-----------------G2R RESULT-------------------

val result: krc:0.833 | lsd:0.507 | ed:0.822 | hr@1:0.737 | hr@2:0.893 | hr@3:0.934 | acc@1:0.737 | acc@2:0.672 | acc@3:0.64 | Best krc: 0.838 | Best epoch: 67
[2023-12-18 10:35:58] INFO (nni/MainThread) Intermediate result: 0.8325977703327944  (Index 140)
-----------------ETPA RESULT-------------------
Epoch 70: Validation	rmse: 14.62	mae: 11.5	mape: 77.02%	acc@10: 52.99%	acc@20: 83.23%	acc@30: 95.04%	
[2023-12-18 10:35:58] INFO (nni/MainThread) Intermediate result: 14.621262021021721  (Index 141)
*** Epoch: 71 ***
-----------------G2R RESULT-------------------

val result: krc:0.832 | lsd:0.523 | ed:0.833 | hr@1:0.737 | hr@2:0.892 | hr@3:0.932 | acc@1:0.737 | acc@2:0.673 | acc@3:0.638 | Best krc: 0.838 | Best epoch: 67
[2023-12-18 10:36:26] INFO (nni/MainThread) Intermediate result: 0.8324500248330594  (Index 142)
-----------------ETPA RESULT-------------------
Epoch 71: Validation	rmse: 14.61	mae: 11.48	mape: 76.74%	acc@10: 53.09%	acc@20: 83.27%	acc@30: 95.05%	
[2023-12-18 10:36:26] INFO (nni/MainThread) Intermediate result: 14.60867514213579  (Index 143)
*** Epoch: 72 ***
-----------------G2R RESULT-------------------

val result: krc:0.836 | lsd:0.502 | ed:0.803 | hr@1:0.742 | hr@2:0.892 | hr@3:0.934 | acc@1:0.742 | acc@2:0.676 | acc@3:0.647 | Best krc: 0.838 | Best epoch: 67
[2023-12-18 10:36:52] INFO (nni/MainThread) Intermediate result: 0.8355986665037823  (Index 144)
-----------------ETPA RESULT-------------------
Epoch 72: Validation	rmse: 14.6	mae: 11.48	mape: 76.66%	acc@10: 53.13%	acc@20: 83.25%	acc@30: 95.05%	
[2023-12-18 10:36:52] INFO (nni/MainThread) Intermediate result: 14.60228889728598  (Index 145)
*** Epoch: 73 ***
-----------------G2R RESULT-------------------

val result: krc:0.836 | lsd:0.504 | ed:0.808 | hr@1:0.742 | hr@2:0.892 | hr@3:0.934 | acc@1:0.742 | acc@2:0.676 | acc@3:0.643 | Best krc: 0.838 | Best epoch: 67
[2023-12-18 10:37:18] INFO (nni/MainThread) Intermediate result: 0.8364567486473914  (Index 146)
-----------------ETPA RESULT-------------------
Epoch 73: Validation	rmse: 14.59	mae: 11.46	mape: 76.41%	acc@10: 53.2%	acc@20: 83.29%	acc@30: 95.07%	
[2023-12-18 10:37:18] INFO (nni/MainThread) Intermediate result: 14.590363017528905  (Index 147)
*** Epoch: 74 ***
-----------------G2R RESULT-------------------

val result: krc:0.828 | lsd:0.525 | ed:0.833 | hr@1:0.731 | hr@2:0.891 | hr@3:0.931 | acc@1:0.731 | acc@2:0.664 | acc@3:0.631 | Best krc: 0.838 | Best epoch: 67
[2023-12-18 10:37:45] INFO (nni/MainThread) Intermediate result: 0.8281877004920295  (Index 148)
-----------------ETPA RESULT-------------------
Epoch 74: Validation	rmse: 14.57	mae: 11.44	mape: 76.16%	acc@10: 53.31%	acc@20: 83.33%	acc@30: 95.08%	
[2023-12-18 10:37:45] INFO (nni/MainThread) Intermediate result: 14.574562065484509  (Index 149)
*** Epoch: 75 ***
-----------------G2R RESULT-------------------

val result: krc:0.829 | lsd:0.525 | ed:0.84 | hr@1:0.745 | hr@2:0.89 | hr@3:0.93 | acc@1:0.745 | acc@2:0.674 | acc@3:0.634 | Best krc: 0.838 | Best epoch: 67
[2023-12-18 10:38:11] INFO (nni/MainThread) Intermediate result: 0.8288199076830473  (Index 150)
-----------------ETPA RESULT-------------------
Epoch 75: Validation	rmse: 14.56	mae: 11.43	mape: 75.97%	acc@10: 53.37%	acc@20: 83.36%	acc@30: 95.09%	
[2023-12-18 10:38:11] INFO (nni/MainThread) Intermediate result: 14.561715453626078  (Index 151)
*** Epoch: 76 ***
-----------------G2R RESULT-------------------

val result: krc:0.833 | lsd:0.51 | ed:0.817 | hr@1:0.737 | hr@2:0.894 | hr@3:0.935 | acc@1:0.737 | acc@2:0.675 | acc@3:0.643 | Best krc: 0.838 | Best epoch: 67
[2023-12-18 10:38:37] INFO (nni/MainThread) Intermediate result: 0.8330830360913438  (Index 152)
-----------------ETPA RESULT-------------------
Epoch 76: Validation	rmse: 14.54	mae: 11.41	mape: 75.74%	acc@10: 53.44%	acc@20: 83.42%	acc@30: 95.11%	
[2023-12-18 10:38:37] INFO (nni/MainThread) Intermediate result: 14.54104623149829  (Index 153)
*** Epoch: 77 ***
-----------------G2R RESULT-------------------

val result: krc:0.834 | lsd:0.501 | ed:0.819 | hr@1:0.742 | hr@2:0.894 | hr@3:0.934 | acc@1:0.742 | acc@2:0.675 | acc@3:0.639 | Best krc: 0.838 | Best epoch: 67
[2023-12-18 10:39:03] INFO (nni/MainThread) Intermediate result: 0.8341915717604392  (Index 154)
-----------------ETPA RESULT-------------------
Epoch 77: Validation	rmse: 14.53	mae: 11.4	mape: 75.61%	acc@10: 53.49%	acc@20: 83.46%	acc@30: 95.13%	
[2023-12-18 10:39:03] INFO (nni/MainThread) Intermediate result: 14.529742594913987  (Index 155)
loaded model path: /home/sentanoe/joint_training/data/dataset/food_pd/sort_model/hidden_size-8.gcnru-pd_1702890368.36109451702890368.361109
best model loaded !!!
krc:0.838 | lsd:0.365 | ed:0.779 | hr@1:0.756 | hr@2:0.921 | hr@3:0.95 | acc@1:0.756 | acc@2:0.698 | acc@3:0.654 |

-------------------------------------------------------------
Best epoch for G2R:  67
Best epoch for ETPA:  77
graph2route_pd Evaluation in test: krc:0.838 | lsd:0.365 | ed:0.779 | hr@1:0.756 | hr@2:0.921 | hr@3:0.95 | acc@1:0.756 | acc@2:0.698 | acc@3:0.654 |
RankPETA Evaluation in test: rmse: 12.57	mae: 9.99	mape: 92.81%	acc@10: 58.23%	acc@20: 88.19%	acc@30: 97.05%	
