Device:  cuda
{'alpha_loss': 0.5,
 'batch_size': 64,
 'dataset': 'food_pd',
 'datatype': 'order',
 'device': device(type='cuda'),
 'early_stop': 20,
 'edge_fea_dim': 5,
 'embedding_dim': 32,
 'eval_end_1': 11,
 'eval_end_2': 25,
 'eval_start': 1,
 'gcn_num_layers': 2,
 'hidden_size': 8,
 'is_eval': False,
 'is_test': False,
 'k_min_nodes': 3,
 'k_nearest_neighbors': 'n-1',
 'lr': 0.001,
 'max_task_num': 25,
 'min_task_num': 0,
 'modelArrivalTime': 'RankPETA',
 'modelRoute': 'graph2route_pd',
 'no_cuda': False,
 'node_fea_dim': 8,
 'node_features_test': '/home/sentanoe/joint_training/data/dataset/food_pd/node_features_test_full.npy',
 'node_features_train': '/home/sentanoe/joint_training/data/dataset/food_pd/node_features_train_full.npy',
 'node_features_val': '/home/sentanoe/joint_training/data/dataset/food_pd/node_features_val_full.npy',
 'num_block': 4,
 'num_epoch': 1000,
 'num_head': 2,
 'num_worker_logistics': 2346,
 'num_worker_pd': 920,
 'pad_value': 26,
 'seed': 1999,
 'sort_mode': 'pnn_idx',
 'spatial_encoder': 'gatv2',
 'temporal_encoder': 'tft',
 'test_path': '/home/sentanoe/joint_training/data/dataset/food_pd/test_full.npy',
 'train_mode': 'sort',
 'train_path': '/home/sentanoe/joint_training/data/dataset/food_pd/train_full.npy',
 'val_path': '/home/sentanoe/joint_training/data/dataset/food_pd/val_full.npy',
 'wd': 1e-05,
 'worker_emb_dim': 10,
 'workers': 2}
last_x_size:13;unpick_x_size:12;input_size:53
#train:2521 | #val:1257 | #test:1261
*** Epoch: 0 ***
-----------------G2R RESULT-------------------

val result: krc:0.693 | lsd:0.954 | ed:1.222 | hr@1:0.603 | hr@2:0.823 | hr@3:0.873 | acc@1:0.603 | acc@2:0.523 | acc@3:0.472 | Best krc: -1 | Best epoch: -1
best model saved
[2023-12-01 05:35:22] INFO (nni/MainThread) Intermediate result: 0.6926503123267442  (Index 0)
-----------------ETPA RESULT-------------------
Epoch 0: Validation	rmse: 24.74	mae: 18.92	mape: 60.55%	acc@10: 35.56%	acc@20: 60.37%	acc@30: 79.63%	
[2023-12-01 05:35:22] INFO (nni/MainThread) Intermediate result: 24.738966823458643  (Index 1)
*** Epoch: 1 ***
-----------------G2R RESULT-------------------

val result: krc:0.756 | lsd:0.734 | ed:1.046 | hr@1:0.623 | hr@2:0.859 | hr@3:0.907 | acc@1:0.623 | acc@2:0.569 | acc@3:0.525 | Best krc: 0.693 | Best epoch: 0
best model saved
[2023-12-01 05:37:06] INFO (nni/MainThread) Intermediate result: 0.7556931503936314  (Index 2)
-----------------ETPA RESULT-------------------
Epoch 1: Validation	rmse: 23.82	mae: 17.98	mape: 81.91%	acc@10: 39.07%	acc@20: 65.93%	acc@30: 80.37%	
[2023-12-01 05:37:06] INFO (nni/MainThread) Intermediate result: 23.821287378219232  (Index 3)
*** Epoch: 2 ***
-----------------G2R RESULT-------------------

val result: krc:0.766 | lsd:0.683 | ed:1.013 | hr@1:0.624 | hr@2:0.857 | hr@3:0.908 | acc@1:0.624 | acc@2:0.569 | acc@3:0.533 | Best krc: 0.756 | Best epoch: 1
best model saved
[2023-12-01 05:38:52] INFO (nni/MainThread) Intermediate result: 0.765600074511312  (Index 4)
-----------------ETPA RESULT-------------------
Epoch 2: Validation	rmse: 24.28	mae: 18.35	mape: 101.47%	acc@10: 38.15%	acc@20: 64.44%	acc@30: 80.25%	
[2023-12-01 05:38:52] INFO (nni/MainThread) Intermediate result: 24.279870264149576  (Index 5)
*** Epoch: 3 ***
-----------------G2R RESULT-------------------

val result: krc:0.761 | lsd:0.699 | ed:1.007 | hr@1:0.625 | hr@2:0.851 | hr@3:0.904 | acc@1:0.625 | acc@2:0.567 | acc@3:0.53 | Best krc: 0.766 | Best epoch: 2
[2023-12-01 05:40:35] INFO (nni/MainThread) Intermediate result: 0.7612340135208522  (Index 6)
-----------------ETPA RESULT-------------------
Epoch 3: Validation	rmse: 23.4	mae: 18.0	mape: 106.63%	acc@10: 36.2%	acc@20: 65.19%	acc@30: 81.85%	
[2023-12-01 05:40:35] INFO (nni/MainThread) Intermediate result: 23.400980661361455  (Index 7)
*** Epoch: 4 ***
-----------------G2R RESULT-------------------

val result: krc:0.76 | lsd:0.715 | ed:1.027 | hr@1:0.631 | hr@2:0.851 | hr@3:0.903 | acc@1:0.631 | acc@2:0.566 | acc@3:0.529 | Best krc: 0.766 | Best epoch: 2
[2023-12-01 05:42:19] INFO (nni/MainThread) Intermediate result: 0.7597928127355326  (Index 8)
-----------------ETPA RESULT-------------------
Epoch 4: Validation	rmse: 23.61	mae: 18.18	mape: 114.54%	acc@10: 35.26%	acc@20: 64.52%	acc@30: 82.07%	
[2023-12-01 05:42:19] INFO (nni/MainThread) Intermediate result: 23.61181985532634  (Index 9)
*** Epoch: 5 ***
-----------------G2R RESULT-------------------

val result: krc:0.763 | lsd:0.685 | ed:1.002 | hr@1:0.628 | hr@2:0.857 | hr@3:0.908 | acc@1:0.628 | acc@2:0.571 | acc@3:0.534 | Best krc: 0.766 | Best epoch: 2
[2023-12-01 05:44:03] INFO (nni/MainThread) Intermediate result: 0.7632485676560884  (Index 10)
-----------------ETPA RESULT-------------------
Epoch 5: Validation	rmse: 23.9	mae: 18.42	mape: 120.61%	acc@10: 34.57%	acc@20: 63.77%	acc@30: 82.04%	
[2023-12-01 05:44:03] INFO (nni/MainThread) Intermediate result: 23.896201209800463  (Index 11)
*** Epoch: 6 ***
-----------------G2R RESULT-------------------

val result: krc:0.773 | lsd:0.677 | ed:0.978 | hr@1:0.641 | hr@2:0.859 | hr@3:0.907 | acc@1:0.641 | acc@2:0.587 | acc@3:0.55 | Best krc: 0.766 | Best epoch: 2
best model saved
[2023-12-01 05:45:50] INFO (nni/MainThread) Intermediate result: 0.7729858863221346  (Index 12)
-----------------ETPA RESULT-------------------
Epoch 6: Validation	rmse: 23.44	mae: 18.13	mape: 121.29%	acc@10: 34.92%	acc@20: 64.39%	acc@30: 82.65%	
[2023-12-01 05:45:50] INFO (nni/MainThread) Intermediate result: 23.440889032132322  (Index 13)
*** Epoch: 7 ***
-----------------G2R RESULT-------------------

val result: krc:0.769 | lsd:0.682 | ed:0.994 | hr@1:0.636 | hr@2:0.859 | hr@3:0.911 | acc@1:0.636 | acc@2:0.575 | acc@3:0.54 | Best krc: 0.773 | Best epoch: 6
[2023-12-01 05:47:35] INFO (nni/MainThread) Intermediate result: 0.7691853813322985  (Index 14)
-----------------ETPA RESULT-------------------
Epoch 7: Validation	rmse: 22.84	mae: 17.75	mape: 120.62%	acc@10: 35.23%	acc@20: 65.19%	acc@30: 83.56%	
[2023-12-01 05:47:35] INFO (nni/MainThread) Intermediate result: 22.839606134915527  (Index 15)
*** Epoch: 8 ***
-----------------G2R RESULT-------------------

val result: krc:0.766 | lsd:0.692 | ed:1.005 | hr@1:0.631 | hr@2:0.858 | hr@3:0.911 | acc@1:0.631 | acc@2:0.574 | acc@3:0.536 | Best krc: 0.773 | Best epoch: 6
[2023-12-01 05:49:20] INFO (nni/MainThread) Intermediate result: 0.7659606380113595  (Index 16)
-----------------ETPA RESULT-------------------
Epoch 8: Validation	rmse: 22.31	mae: 17.41	mape: 119.85%	acc@10: 35.68%	acc@20: 65.72%	acc@30: 84.12%	
[2023-12-01 05:49:20] INFO (nni/MainThread) Intermediate result: 22.312426336458156  (Index 17)
*** Epoch: 9 ***
-----------------G2R RESULT-------------------

val result: krc:0.769 | lsd:0.668 | ed:0.992 | hr@1:0.631 | hr@2:0.866 | hr@3:0.913 | acc@1:0.631 | acc@2:0.58 | acc@3:0.543 | Best krc: 0.773 | Best epoch: 6
[2023-12-01 05:51:04] INFO (nni/MainThread) Intermediate result: 0.769273475395032  (Index 18)
-----------------ETPA RESULT-------------------
Epoch 9: Validation	rmse: 22.1	mae: 17.35	mape: 120.87%	acc@10: 35.52%	acc@20: 65.56%	acc@30: 84.41%	
[2023-12-01 05:51:04] INFO (nni/MainThread) Intermediate result: 22.099330668544265  (Index 19)
*** Epoch: 10 ***
-----------------G2R RESULT-------------------

val result: krc:0.769 | lsd:0.678 | ed:0.989 | hr@1:0.638 | hr@2:0.863 | hr@3:0.911 | acc@1:0.638 | acc@2:0.583 | acc@3:0.542 | Best krc: 0.773 | Best epoch: 6
[2023-12-01 05:52:48] INFO (nni/MainThread) Intermediate result: 0.7692893800720648  (Index 20)
-----------------ETPA RESULT-------------------
Epoch 10: Validation	rmse: 22.14	mae: 17.5	mape: 123.2%	acc@10: 34.92%	acc@20: 64.92%	acc@30: 84.34%	
[2023-12-01 05:52:48] INFO (nni/MainThread) Intermediate result: 22.143821535791787  (Index 21)
*** Epoch: 11 ***
-----------------G2R RESULT-------------------

val result: krc:0.773 | lsd:0.678 | ed:0.984 | hr@1:0.645 | hr@2:0.861 | hr@3:0.911 | acc@1:0.645 | acc@2:0.585 | acc@3:0.548 | Best krc: 0.773 | Best epoch: 6
best model saved
[2023-12-01 05:54:34] INFO (nni/MainThread) Intermediate result: 0.7734102646127131  (Index 22)
-----------------ETPA RESULT-------------------
Epoch 11: Validation	rmse: 21.84	mae: 17.33	mape: 123.1%	acc@10: 35.0%	acc@20: 65.31%	acc@30: 84.88%	
[2023-12-01 05:54:34] INFO (nni/MainThread) Intermediate result: 21.84450792463123  (Index 23)
*** Epoch: 12 ***
-----------------G2R RESULT-------------------

val result: krc:0.775 | lsd:0.66 | ed:0.971 | hr@1:0.644 | hr@2:0.862 | hr@3:0.911 | acc@1:0.644 | acc@2:0.585 | acc@3:0.547 | Best krc: 0.773 | Best epoch: 11
best model saved
[2023-12-01 05:56:20] INFO (nni/MainThread) Intermediate result: 0.7753278336750135  (Index 24)
-----------------ETPA RESULT-------------------
Epoch 12: Validation	rmse: 21.69	mae: 17.25	mape: 123.42%	acc@10: 34.99%	acc@20: 65.44%	acc@30: 85.13%	
[2023-12-01 05:56:20] INFO (nni/MainThread) Intermediate result: 21.685400602550935  (Index 25)
*** Epoch: 13 ***
-----------------G2R RESULT-------------------

val result: krc:0.782 | lsd:0.638 | ed:0.957 | hr@1:0.655 | hr@2:0.868 | hr@3:0.915 | acc@1:0.655 | acc@2:0.598 | acc@3:0.558 | Best krc: 0.775 | Best epoch: 12
best model saved
[2023-12-01 05:58:06] INFO (nni/MainThread) Intermediate result: 0.7817156420479552  (Index 26)
-----------------ETPA RESULT-------------------
Epoch 13: Validation	rmse: 21.43	mae: 17.11	mape: 123.14%	acc@10: 35.05%	acc@20: 65.69%	acc@30: 85.56%	
[2023-12-01 05:58:06] INFO (nni/MainThread) Intermediate result: 21.43303030231491  (Index 27)
*** Epoch: 14 ***
-----------------G2R RESULT-------------------

val result: krc:0.795 | lsd:0.628 | ed:0.927 | hr@1:0.684 | hr@2:0.867 | hr@3:0.909 | acc@1:0.684 | acc@2:0.619 | acc@3:0.577 | Best krc: 0.782 | Best epoch: 13
best model saved
[2023-12-01 05:59:53] INFO (nni/MainThread) Intermediate result: 0.7951147506722496  (Index 28)
-----------------ETPA RESULT-------------------
Epoch 14: Validation	rmse: 21.29	mae: 17.03	mape: 123.28%	acc@10: 35.11%	acc@20: 65.8%	acc@30: 85.8%	
[2023-12-01 05:59:53] INFO (nni/MainThread) Intermediate result: 21.289146010665053  (Index 29)
*** Epoch: 15 ***
-----------------G2R RESULT-------------------

val result: krc:0.791 | lsd:0.642 | ed:0.939 | hr@1:0.682 | hr@2:0.86 | hr@3:0.91 | acc@1:0.682 | acc@2:0.614 | acc@3:0.571 | Best krc: 0.795 | Best epoch: 14
[2023-12-01 06:01:37] INFO (nni/MainThread) Intermediate result: 0.7907426518970025  (Index 30)
-----------------ETPA RESULT-------------------
Epoch 15: Validation	rmse: 21.22	mae: 17.02	mape: 123.68%	acc@10: 34.93%	acc@20: 65.72%	acc@30: 85.9%	
[2023-12-01 06:01:37] INFO (nni/MainThread) Intermediate result: 21.218800622935152  (Index 31)
*** Epoch: 16 ***
-----------------G2R RESULT-------------------

val result: krc:0.798 | lsd:0.651 | ed:0.913 | hr@1:0.7 | hr@2:0.865 | hr@3:0.918 | acc@1:0.7 | acc@2:0.628 | acc@3:0.593 | Best krc: 0.795 | Best epoch: 14
best model saved
[2023-12-01 06:03:23] INFO (nni/MainThread) Intermediate result: 0.7977193714316582  (Index 32)
-----------------ETPA RESULT-------------------
Epoch 16: Validation	rmse: 21.1	mae: 16.95	mape: 123.58%	acc@10: 34.99%	acc@20: 65.9%	acc@30: 86.1%	
[2023-12-01 06:03:23] INFO (nni/MainThread) Intermediate result: 21.100439541007177  (Index 33)
*** Epoch: 17 ***
-----------------G2R RESULT-------------------

val result: krc:0.794 | lsd:0.612 | ed:0.93 | hr@1:0.69 | hr@2:0.867 | hr@3:0.916 | acc@1:0.69 | acc@2:0.617 | acc@3:0.579 | Best krc: 0.798 | Best epoch: 16
[2023-12-01 06:05:08] INFO (nni/MainThread) Intermediate result: 0.794116090390686  (Index 34)
-----------------ETPA RESULT-------------------
Epoch 17: Validation	rmse: 20.84	mae: 16.75	mape: 122.43%	acc@10: 35.23%	acc@20: 66.34%	acc@30: 86.58%	
[2023-12-01 06:05:08] INFO (nni/MainThread) Intermediate result: 20.8365774738838  (Index 35)
*** Epoch: 18 ***
-----------------G2R RESULT-------------------

val result: krc:0.788 | lsd:0.687 | ed:0.962 | hr@1:0.694 | hr@2:0.855 | hr@3:0.911 | acc@1:0.694 | acc@2:0.614 | acc@3:0.572 | Best krc: 0.798 | Best epoch: 16
[2023-12-01 06:06:53] INFO (nni/MainThread) Intermediate result: 0.7877826851766511  (Index 36)
-----------------ETPA RESULT-------------------
Epoch 18: Validation	rmse: 20.66	mae: 16.62	mape: 121.67%	acc@10: 35.5%	acc@20: 66.76%	acc@30: 86.8%	
[2023-12-01 06:06:53] INFO (nni/MainThread) Intermediate result: 20.66209214625881  (Index 37)
*** Epoch: 19 ***
-----------------G2R RESULT-------------------

val result: krc:0.798 | lsd:0.641 | ed:0.924 | hr@1:0.708 | hr@2:0.869 | hr@3:0.918 | acc@1:0.708 | acc@2:0.633 | acc@3:0.591 | Best krc: 0.798 | Best epoch: 16
best model saved
[2023-12-01 06:08:39] INFO (nni/MainThread) Intermediate result: 0.7978471207329975  (Index 38)
-----------------ETPA RESULT-------------------
Epoch 19: Validation	rmse: 20.52	mae: 16.51	mape: 121.15%	acc@10: 35.67%	acc@20: 67.15%	acc@30: 86.98%	
[2023-12-01 06:08:39] INFO (nni/MainThread) Intermediate result: 20.51993299082145  (Index 39)
*** Epoch: 20 ***
-----------------G2R RESULT-------------------

val result: krc:0.804 | lsd:0.648 | ed:0.899 | hr@1:0.718 | hr@2:0.873 | hr@3:0.918 | acc@1:0.718 | acc@2:0.645 | acc@3:0.607 | Best krc: 0.798 | Best epoch: 19
best model saved
[2023-12-01 06:10:24] INFO (nni/MainThread) Intermediate result: 0.8041283855013633  (Index 40)
-----------------ETPA RESULT-------------------
Epoch 20: Validation	rmse: 20.42	mae: 16.43	mape: 120.71%	acc@10: 35.87%	acc@20: 67.41%	acc@30: 87.14%	
[2023-12-01 06:10:24] INFO (nni/MainThread) Intermediate result: 20.421170413186154  (Index 41)
*** Epoch: 21 ***
-----------------G2R RESULT-------------------

val result: krc:0.798 | lsd:0.642 | ed:0.902 | hr@1:0.714 | hr@2:0.87 | hr@3:0.919 | acc@1:0.714 | acc@2:0.641 | acc@3:0.604 | Best krc: 0.804 | Best epoch: 20
[2023-12-01 06:12:09] INFO (nni/MainThread) Intermediate result: 0.7979884527851299  (Index 42)
-----------------ETPA RESULT-------------------
Epoch 21: Validation	rmse: 20.29	mae: 16.33	mape: 120.15%	acc@10: 36.06%	acc@20: 67.73%	acc@30: 87.29%	
[2023-12-01 06:12:09] INFO (nni/MainThread) Intermediate result: 20.28780882351205  (Index 43)
*** Epoch: 22 ***
-----------------G2R RESULT-------------------

val result: krc:0.806 | lsd:0.614 | ed:0.906 | hr@1:0.722 | hr@2:0.876 | hr@3:0.922 | acc@1:0.722 | acc@2:0.646 | acc@3:0.606 | Best krc: 0.804 | Best epoch: 20
best model saved
[2023-12-01 06:13:55] INFO (nni/MainThread) Intermediate result: 0.8058770344297235  (Index 44)
-----------------ETPA RESULT-------------------
Epoch 22: Validation	rmse: 20.26	mae: 16.31	mape: 120.18%	acc@10: 36.15%	acc@20: 67.78%	acc@30: 87.29%	
[2023-12-01 06:13:55] INFO (nni/MainThread) Intermediate result: 20.264580135157445  (Index 45)
*** Epoch: 23 ***
-----------------G2R RESULT-------------------

val result: krc:0.803 | lsd:0.643 | ed:0.903 | hr@1:0.719 | hr@2:0.875 | hr@3:0.921 | acc@1:0.719 | acc@2:0.644 | acc@3:0.603 | Best krc: 0.806 | Best epoch: 22
[2023-12-01 06:15:40] INFO (nni/MainThread) Intermediate result: 0.8028381940493877  (Index 46)
-----------------ETPA RESULT-------------------
Epoch 23: Validation	rmse: 20.25	mae: 16.3	mape: 120.35%	acc@10: 36.14%	acc@20: 67.85%	acc@30: 87.31%	
[2023-12-01 06:15:40] INFO (nni/MainThread) Intermediate result: 20.247566535779967  (Index 47)
*** Epoch: 24 ***
-----------------G2R RESULT-------------------

val result: krc:0.803 | lsd:0.656 | ed:0.9 | hr@1:0.716 | hr@2:0.867 | hr@3:0.918 | acc@1:0.716 | acc@2:0.635 | acc@3:0.598 | Best krc: 0.806 | Best epoch: 22
[2023-12-01 06:17:24] INFO (nni/MainThread) Intermediate result: 0.8026112189645201  (Index 48)
-----------------ETPA RESULT-------------------
Epoch 24: Validation	rmse: 20.14	mae: 16.22	mape: 119.89%	acc@10: 36.27%	acc@20: 68.15%	acc@30: 87.45%	
[2023-12-01 06:17:24] INFO (nni/MainThread) Intermediate result: 20.13624554990423  (Index 49)
*** Epoch: 25 ***
-----------------G2R RESULT-------------------

val result: krc:0.8 | lsd:0.663 | ed:0.913 | hr@1:0.721 | hr@2:0.857 | hr@3:0.912 | acc@1:0.721 | acc@2:0.634 | acc@3:0.596 | Best krc: 0.806 | Best epoch: 22
[2023-12-01 06:19:08] INFO (nni/MainThread) Intermediate result: 0.800361558472621  (Index 50)
-----------------ETPA RESULT-------------------
Epoch 25: Validation	rmse: 20.03	mae: 16.13	mape: 119.36%	acc@10: 36.51%	acc@20: 68.38%	acc@30: 87.61%	
[2023-12-01 06:19:08] INFO (nni/MainThread) Intermediate result: 20.03184301079601  (Index 51)
*** Epoch: 26 ***
-----------------G2R RESULT-------------------

val result: krc:0.799 | lsd:0.642 | ed:0.925 | hr@1:0.714 | hr@2:0.866 | hr@3:0.917 | acc@1:0.714 | acc@2:0.632 | acc@3:0.594 | Best krc: 0.806 | Best epoch: 22
[2023-12-01 06:20:53] INFO (nni/MainThread) Intermediate result: 0.7991376855828102  (Index 52)
-----------------ETPA RESULT-------------------
Epoch 26: Validation	rmse: 19.89	mae: 16.0	mape: 118.56%	acc@10: 36.84%	acc@20: 68.78%	acc@30: 87.79%	
[2023-12-01 06:20:53] INFO (nni/MainThread) Intermediate result: 19.887698860039343  (Index 53)
*** Epoch: 27 ***
-----------------G2R RESULT-------------------

val result: krc:0.809 | lsd:0.621 | ed:0.902 | hr@1:0.725 | hr@2:0.868 | hr@3:0.918 | acc@1:0.725 | acc@2:0.644 | acc@3:0.603 | Best krc: 0.806 | Best epoch: 22
best model saved
[2023-12-01 06:22:39] INFO (nni/MainThread) Intermediate result: 0.8088858007528755  (Index 54)
-----------------ETPA RESULT-------------------
Epoch 27: Validation	rmse: 19.73	mae: 15.88	mape: 117.73%	acc@10: 37.14%	acc@20: 69.13%	acc@30: 88.08%	
[2023-12-01 06:22:39] INFO (nni/MainThread) Intermediate result: 19.728493651603042  (Index 55)
*** Epoch: 28 ***
-----------------G2R RESULT-------------------

val result: krc:0.803 | lsd:0.607 | ed:0.909 | hr@1:0.704 | hr@2:0.872 | hr@3:0.92 | acc@1:0.704 | acc@2:0.636 | acc@3:0.597 | Best krc: 0.809 | Best epoch: 27
[2023-12-01 06:24:24] INFO (nni/MainThread) Intermediate result: 0.8031814450266573  (Index 56)
-----------------ETPA RESULT-------------------
Epoch 28: Validation	rmse: 19.7	mae: 15.86	mape: 117.65%	acc@10: 37.14%	acc@20: 69.21%	acc@30: 88.19%	
[2023-12-01 06:24:24] INFO (nni/MainThread) Intermediate result: 19.69593551897402  (Index 57)
*** Epoch: 29 ***
-----------------G2R RESULT-------------------

val result: krc:0.809 | lsd:0.593 | ed:0.864 | hr@1:0.715 | hr@2:0.871 | hr@3:0.92 | acc@1:0.715 | acc@2:0.642 | acc@3:0.608 | Best krc: 0.809 | Best epoch: 27
best model saved
[2023-12-01 06:26:10] INFO (nni/MainThread) Intermediate result: 0.8091885878943158  (Index 58)
-----------------ETPA RESULT-------------------
Epoch 29: Validation	rmse: 19.57	mae: 15.75	mape: 116.83%	acc@10: 37.48%	acc@20: 69.56%	acc@30: 88.33%	
[2023-12-01 06:26:10] INFO (nni/MainThread) Intermediate result: 19.57005192352613  (Index 59)
*** Epoch: 30 ***
-----------------G2R RESULT-------------------

val result: krc:0.809 | lsd:0.609 | ed:0.892 | hr@1:0.723 | hr@2:0.868 | hr@3:0.92 | acc@1:0.723 | acc@2:0.648 | acc@3:0.606 | Best krc: 0.809 | Best epoch: 29
[2023-12-01 06:27:55] INFO (nni/MainThread) Intermediate result: 0.8087733542915001  (Index 60)
-----------------ETPA RESULT-------------------
Epoch 30: Validation	rmse: 19.52	mae: 15.73	mape: 116.72%	acc@10: 37.49%	acc@20: 69.63%	acc@30: 88.42%	
[2023-12-01 06:27:55] INFO (nni/MainThread) Intermediate result: 19.522650569110212  (Index 61)
*** Epoch: 31 ***
-----------------G2R RESULT-------------------

val result: krc:0.802 | lsd:0.626 | ed:0.903 | hr@1:0.701 | hr@2:0.871 | hr@3:0.919 | acc@1:0.701 | acc@2:0.636 | acc@3:0.595 | Best krc: 0.809 | Best epoch: 29
[2023-12-01 06:29:39] INFO (nni/MainThread) Intermediate result: 0.80195914176675  (Index 62)
-----------------ETPA RESULT-------------------
Epoch 31: Validation	rmse: 19.44	mae: 15.67	mape: 116.38%	acc@10: 37.6%	acc@20: 69.77%	acc@30: 88.55%	
[2023-12-01 06:29:39] INFO (nni/MainThread) Intermediate result: 19.44184273868879  (Index 63)
*** Epoch: 32 ***
-----------------G2R RESULT-------------------

val result: krc:0.796 | lsd:0.626 | ed:0.934 | hr@1:0.716 | hr@2:0.867 | hr@3:0.917 | acc@1:0.716 | acc@2:0.637 | acc@3:0.59 | Best krc: 0.809 | Best epoch: 29
[2023-12-01 06:31:22] INFO (nni/MainThread) Intermediate result: 0.7957668213986535  (Index 64)
-----------------ETPA RESULT-------------------
Epoch 32: Validation	rmse: 19.51	mae: 15.73	mape: 116.83%	acc@10: 37.41%	acc@20: 69.63%	acc@30: 88.44%	
[2023-12-01 06:31:22] INFO (nni/MainThread) Intermediate result: 19.514732284000996  (Index 65)
*** Epoch: 33 ***
-----------------G2R RESULT-------------------

val result: krc:0.807 | lsd:0.609 | ed:0.896 | hr@1:0.712 | hr@2:0.872 | hr@3:0.918 | acc@1:0.712 | acc@2:0.641 | acc@3:0.601 | Best krc: 0.809 | Best epoch: 29
[2023-12-01 06:33:06] INFO (nni/MainThread) Intermediate result: 0.8066663181835897  (Index 66)
-----------------ETPA RESULT-------------------
Epoch 33: Validation	rmse: 19.44	mae: 15.66	mape: 116.35%	acc@10: 37.61%	acc@20: 69.91%	acc@30: 88.55%	
[2023-12-01 06:33:06] INFO (nni/MainThread) Intermediate result: 19.44119671260628  (Index 67)
*** Epoch: 34 ***
-----------------G2R RESULT-------------------

val result: krc:0.806 | lsd:0.609 | ed:0.906 | hr@1:0.715 | hr@2:0.869 | hr@3:0.922 | acc@1:0.715 | acc@2:0.64 | acc@3:0.608 | Best krc: 0.809 | Best epoch: 29
[2023-12-01 06:34:50] INFO (nni/MainThread) Intermediate result: 0.8064756875863127  (Index 68)
-----------------ETPA RESULT-------------------
Epoch 34: Validation	rmse: 19.39	mae: 15.62	mape: 116.07%	acc@10: 37.7%	acc@20: 70.13%	acc@30: 88.6%	
[2023-12-01 06:34:50] INFO (nni/MainThread) Intermediate result: 19.39264037220519  (Index 69)
*** Epoch: 35 ***
-----------------G2R RESULT-------------------

val result: krc:0.804 | lsd:0.631 | ed:0.895 | hr@1:0.719 | hr@2:0.868 | hr@3:0.92 | acc@1:0.719 | acc@2:0.647 | acc@3:0.61 | Best krc: 0.809 | Best epoch: 29
[2023-12-01 06:36:34] INFO (nni/MainThread) Intermediate result: 0.8041100035852988  (Index 70)
-----------------ETPA RESULT-------------------
Epoch 35: Validation	rmse: 19.36	mae: 15.57	mape: 115.74%	acc@10: 37.84%	acc@20: 70.3%	acc@30: 88.63%	
[2023-12-01 06:36:34] INFO (nni/MainThread) Intermediate result: 19.356010596149858  (Index 71)
*** Epoch: 36 ***
-----------------G2R RESULT-------------------

val result: krc:0.813 | lsd:0.613 | ed:0.888 | hr@1:0.742 | hr@2:0.876 | hr@3:0.921 | acc@1:0.742 | acc@2:0.656 | acc@3:0.615 | Best krc: 0.809 | Best epoch: 29
best model saved
[2023-12-01 06:38:20] INFO (nni/MainThread) Intermediate result: 0.8134064853347757  (Index 72)
-----------------ETPA RESULT-------------------
Epoch 36: Validation	rmse: 19.26	mae: 15.49	mape: 115.03%	acc@10: 38.24%	acc@20: 70.59%	acc@30: 88.72%	
[2023-12-01 06:38:20] INFO (nni/MainThread) Intermediate result: 19.26175948126391  (Index 73)
*** Epoch: 37 ***
-----------------G2R RESULT-------------------

val result: krc:0.808 | lsd:0.616 | ed:0.867 | hr@1:0.726 | hr@2:0.867 | hr@3:0.924 | acc@1:0.726 | acc@2:0.648 | acc@3:0.618 | Best krc: 0.813 | Best epoch: 36
[2023-12-01 06:40:03] INFO (nni/MainThread) Intermediate result: 0.8083406444403384  (Index 74)
-----------------ETPA RESULT-------------------
Epoch 37: Validation	rmse: 19.19	mae: 15.42	mape: 114.56%	acc@10: 38.47%	acc@20: 70.83%	acc@30: 88.82%	
[2023-12-01 06:40:03] INFO (nni/MainThread) Intermediate result: 19.193203398729707  (Index 75)
*** Epoch: 38 ***
-----------------G2R RESULT-------------------

val result: krc:0.806 | lsd:0.608 | ed:0.885 | hr@1:0.72 | hr@2:0.868 | hr@3:0.921 | acc@1:0.72 | acc@2:0.649 | acc@3:0.614 | Best krc: 0.813 | Best epoch: 36
[2023-12-01 06:41:47] INFO (nni/MainThread) Intermediate result: 0.8061540509725904  (Index 76)
-----------------ETPA RESULT-------------------
Epoch 38: Validation	rmse: 19.12	mae: 15.37	mape: 114.07%	acc@10: 38.66%	acc@20: 71.0%	acc@30: 88.92%	
[2023-12-01 06:41:47] INFO (nni/MainThread) Intermediate result: 19.124353455145748  (Index 77)
*** Epoch: 39 ***
-----------------G2R RESULT-------------------

val result: krc:0.793 | lsd:0.625 | ed:0.923 | hr@1:0.682 | hr@2:0.872 | hr@3:0.92 | acc@1:0.682 | acc@2:0.626 | acc@3:0.586 | Best krc: 0.813 | Best epoch: 36
[2023-12-01 06:43:32] INFO (nni/MainThread) Intermediate result: 0.7926238331135577  (Index 78)
-----------------ETPA RESULT-------------------
Epoch 39: Validation	rmse: 19.03	mae: 15.29	mape: 113.46%	acc@10: 38.96%	acc@20: 71.26%	acc@30: 89.01%	
[2023-12-01 06:43:32] INFO (nni/MainThread) Intermediate result: 19.031721436110228  (Index 79)
*** Epoch: 40 ***
-----------------G2R RESULT-------------------

val result: krc:0.801 | lsd:0.64 | ed:0.902 | hr@1:0.711 | hr@2:0.868 | hr@3:0.923 | acc@1:0.711 | acc@2:0.632 | acc@3:0.602 | Best krc: 0.813 | Best epoch: 36
[2023-12-01 06:45:17] INFO (nni/MainThread) Intermediate result: 0.8012395659531645  (Index 80)
-----------------ETPA RESULT-------------------
Epoch 40: Validation	rmse: 18.96	mae: 15.24	mape: 113.04%	acc@10: 39.12%	acc@20: 71.44%	acc@30: 89.1%	
[2023-12-01 06:45:17] INFO (nni/MainThread) Intermediate result: 18.960809588807756  (Index 81)
*** Epoch: 41 ***
-----------------G2R RESULT-------------------

val result: krc:0.805 | lsd:0.645 | ed:0.889 | hr@1:0.707 | hr@2:0.866 | hr@3:0.918 | acc@1:0.707 | acc@2:0.635 | acc@3:0.602 | Best krc: 0.813 | Best epoch: 36
[2023-12-01 06:47:02] INFO (nni/MainThread) Intermediate result: 0.804522096957602  (Index 82)
-----------------ETPA RESULT-------------------
Epoch 41: Validation	rmse: 18.91	mae: 15.2	mape: 112.74%	acc@10: 39.23%	acc@20: 71.58%	acc@30: 89.18%	
[2023-12-01 06:47:02] INFO (nni/MainThread) Intermediate result: 18.91465001001168  (Index 83)
*** Epoch: 42 ***
-----------------G2R RESULT-------------------

val result: krc:0.801 | lsd:0.63 | ed:0.905 | hr@1:0.695 | hr@2:0.871 | hr@3:0.918 | acc@1:0.695 | acc@2:0.632 | acc@3:0.597 | Best krc: 0.813 | Best epoch: 36
[2023-12-01 06:48:47] INFO (nni/MainThread) Intermediate result: 0.8009105034465769  (Index 84)
-----------------ETPA RESULT-------------------
Epoch 42: Validation	rmse: 18.89	mae: 15.17	mape: 112.47%	acc@10: 39.35%	acc@20: 71.71%	acc@30: 89.2%	
[2023-12-01 06:48:47] INFO (nni/MainThread) Intermediate result: 18.889418568931205  (Index 85)
*** Epoch: 43 ***
-----------------G2R RESULT-------------------

val result: krc:0.803 | lsd:0.624 | ed:0.895 | hr@1:0.712 | hr@2:0.867 | hr@3:0.919 | acc@1:0.712 | acc@2:0.639 | acc@3:0.605 | Best krc: 0.813 | Best epoch: 36
[2023-12-01 06:50:32] INFO (nni/MainThread) Intermediate result: 0.803001975271324  (Index 86)
-----------------ETPA RESULT-------------------
Epoch 43: Validation	rmse: 18.8	mae: 15.09	mape: 111.91%	acc@10: 39.63%	acc@20: 71.93%	acc@30: 89.33%	
[2023-12-01 06:50:32] INFO (nni/MainThread) Intermediate result: 18.801374410972063  (Index 87)
*** Epoch: 44 ***
-----------------G2R RESULT-------------------

val result: krc:0.805 | lsd:0.61 | ed:0.888 | hr@1:0.702 | hr@2:0.875 | hr@3:0.923 | acc@1:0.702 | acc@2:0.638 | acc@3:0.604 | Best krc: 0.813 | Best epoch: 36
[2023-12-01 06:52:17] INFO (nni/MainThread) Intermediate result: 0.8045557098814641  (Index 88)
-----------------ETPA RESULT-------------------
Epoch 44: Validation	rmse: 18.72	mae: 15.02	mape: 111.32%	acc@10: 39.89%	acc@20: 72.16%	acc@30: 89.45%	
[2023-12-01 06:52:17] INFO (nni/MainThread) Intermediate result: 18.715080303269424  (Index 89)
*** Epoch: 45 ***
-----------------G2R RESULT-------------------

val result: krc:0.806 | lsd:0.602 | ed:0.886 | hr@1:0.704 | hr@2:0.873 | hr@3:0.922 | acc@1:0.704 | acc@2:0.639 | acc@3:0.605 | Best krc: 0.813 | Best epoch: 36
[2023-12-01 06:54:03] INFO (nni/MainThread) Intermediate result: 0.8063556304745635  (Index 90)
-----------------ETPA RESULT-------------------
Epoch 45: Validation	rmse: 18.65	mae: 14.97	mape: 110.87%	acc@10: 40.1%	acc@20: 72.29%	acc@30: 89.51%	
[2023-12-01 06:54:03] INFO (nni/MainThread) Intermediate result: 18.65091796423347  (Index 91)
*** Epoch: 46 ***
-----------------G2R RESULT-------------------

val result: krc:0.811 | lsd:0.623 | ed:0.875 | hr@1:0.728 | hr@2:0.869 | hr@3:0.92 | acc@1:0.728 | acc@2:0.655 | acc@3:0.613 | Best krc: 0.813 | Best epoch: 36
[2023-12-01 06:55:48] INFO (nni/MainThread) Intermediate result: 0.8109986038188924  (Index 92)
-----------------ETPA RESULT-------------------
Epoch 46: Validation	rmse: 18.59	mae: 14.92	mape: 110.5%	acc@10: 40.27%	acc@20: 72.44%	acc@30: 89.59%	
[2023-12-01 06:55:48] INFO (nni/MainThread) Intermediate result: 18.591056999398575  (Index 93)
*** Epoch: 47 ***
-----------------G2R RESULT-------------------

val result: krc:0.807 | lsd:0.616 | ed:0.898 | hr@1:0.718 | hr@2:0.869 | hr@3:0.922 | acc@1:0.718 | acc@2:0.642 | acc@3:0.605 | Best krc: 0.813 | Best epoch: 36
[2023-12-01 06:57:33] INFO (nni/MainThread) Intermediate result: 0.806899211980104  (Index 94)
-----------------ETPA RESULT-------------------
Epoch 47: Validation	rmse: 18.52	mae: 14.86	mape: 109.97%	acc@10: 40.52%	acc@20: 72.65%	acc@30: 89.68%	
[2023-12-01 06:57:33] INFO (nni/MainThread) Intermediate result: 18.51778954641365  (Index 95)
*** Epoch: 48 ***
-----------------G2R RESULT-------------------

val result: krc:0.807 | lsd:0.605 | ed:0.889 | hr@1:0.725 | hr@2:0.87 | hr@3:0.921 | acc@1:0.725 | acc@2:0.653 | acc@3:0.613 | Best krc: 0.813 | Best epoch: 36
[2023-12-01 06:59:19] INFO (nni/MainThread) Intermediate result: 0.8072220684463799  (Index 96)
-----------------ETPA RESULT-------------------
Epoch 48: Validation	rmse: 18.44	mae: 14.8	mape: 109.46%	acc@10: 40.73%	acc@20: 72.86%	acc@30: 89.77%	
[2023-12-01 06:59:19] INFO (nni/MainThread) Intermediate result: 18.444976568768222  (Index 97)
*** Epoch: 49 ***
-----------------G2R RESULT-------------------

val result: krc:0.786 | lsd:0.641 | ed:0.935 | hr@1:0.692 | hr@2:0.866 | hr@3:0.917 | acc@1:0.692 | acc@2:0.62 | acc@3:0.586 | Best krc: 0.813 | Best epoch: 36
[2023-12-01 07:01:05] INFO (nni/MainThread) Intermediate result: 0.7858298639933969  (Index 98)
-----------------ETPA RESULT-------------------
Epoch 49: Validation	rmse: 18.42	mae: 14.77	mape: 109.25%	acc@10: 40.86%	acc@20: 72.94%	acc@30: 89.81%	
[2023-12-01 07:01:05] INFO (nni/MainThread) Intermediate result: 18.42257498491451  (Index 99)
*** Epoch: 50 ***
-----------------G2R RESULT-------------------

val result: krc:0.791 | lsd:0.631 | ed:0.937 | hr@1:0.692 | hr@2:0.866 | hr@3:0.919 | acc@1:0.692 | acc@2:0.627 | acc@3:0.59 | Best krc: 0.813 | Best epoch: 36
[2023-12-01 07:02:51] INFO (nni/MainThread) Intermediate result: 0.7912991851951188  (Index 100)
-----------------ETPA RESULT-------------------
Epoch 50: Validation	rmse: 18.34	mae: 14.7	mape: 108.55%	acc@10: 41.21%	acc@20: 73.17%	acc@30: 89.91%	
[2023-12-01 07:02:51] INFO (nni/MainThread) Intermediate result: 18.340200107086403  (Index 101)
*** Epoch: 51 ***
-----------------G2R RESULT-------------------

val result: krc:0.787 | lsd:0.641 | ed:0.947 | hr@1:0.696 | hr@2:0.866 | hr@3:0.919 | acc@1:0.696 | acc@2:0.62 | acc@3:0.582 | Best krc: 0.813 | Best epoch: 36
[2023-12-01 07:04:37] INFO (nni/MainThread) Intermediate result: 0.7869152117862217  (Index 102)
-----------------ETPA RESULT-------------------
Epoch 51: Validation	rmse: 18.27	mae: 14.63	mape: 107.91%	acc@10: 41.53%	acc@20: 73.34%	acc@30: 89.99%	
[2023-12-01 07:04:37] INFO (nni/MainThread) Intermediate result: 18.269278040184403  (Index 103)
*** Epoch: 52 ***
-----------------G2R RESULT-------------------

val result: krc:0.808 | lsd:0.611 | ed:0.878 | hr@1:0.717 | hr@2:0.87 | hr@3:0.923 | acc@1:0.717 | acc@2:0.649 | acc@3:0.613 | Best krc: 0.813 | Best epoch: 36
[2023-12-01 07:06:22] INFO (nni/MainThread) Intermediate result: 0.8076047116012135  (Index 104)
-----------------ETPA RESULT-------------------
Epoch 52: Validation	rmse: 18.22	mae: 14.59	mape: 107.57%	acc@10: 41.67%	acc@20: 73.47%	acc@30: 90.05%	
[2023-12-01 07:06:22] INFO (nni/MainThread) Intermediate result: 18.222806614808814  (Index 105)
*** Epoch: 53 ***
-----------------G2R RESULT-------------------

val result: krc:0.804 | lsd:0.635 | ed:0.891 | hr@1:0.721 | hr@2:0.87 | hr@3:0.919 | acc@1:0.721 | acc@2:0.647 | acc@3:0.612 | Best krc: 0.813 | Best epoch: 36
[2023-12-01 07:08:09] INFO (nni/MainThread) Intermediate result: 0.8040361384392866  (Index 106)
-----------------ETPA RESULT-------------------
Epoch 53: Validation	rmse: 18.17	mae: 14.53	mape: 107.11%	acc@10: 41.91%	acc@20: 73.63%	acc@30: 90.1%	
[2023-12-01 07:08:09] INFO (nni/MainThread) Intermediate result: 18.16501322616328  (Index 107)
*** Epoch: 54 ***
-----------------G2R RESULT-------------------

val result: krc:0.81 | lsd:0.605 | ed:0.871 | hr@1:0.722 | hr@2:0.873 | hr@3:0.924 | acc@1:0.722 | acc@2:0.65 | acc@3:0.62 | Best krc: 0.813 | Best epoch: 36
[2023-12-01 07:09:55] INFO (nni/MainThread) Intermediate result: 0.8099239907285382  (Index 108)
-----------------ETPA RESULT-------------------
Epoch 54: Validation	rmse: 18.12	mae: 14.5	mape: 106.86%	acc@10: 42.03%	acc@20: 73.7%	acc@30: 90.19%	
[2023-12-01 07:09:55] INFO (nni/MainThread) Intermediate result: 18.12067400967455  (Index 109)
*** Epoch: 55 ***
-----------------G2R RESULT-------------------

val result: krc:0.803 | lsd:0.629 | ed:0.902 | hr@1:0.719 | hr@2:0.87 | hr@3:0.921 | acc@1:0.719 | acc@2:0.641 | acc@3:0.611 | Best krc: 0.813 | Best epoch: 36
[2023-12-01 07:11:42] INFO (nni/MainThread) Intermediate result: 0.8034032750517229  (Index 110)
-----------------ETPA RESULT-------------------
Epoch 55: Validation	rmse: 18.09	mae: 14.47	mape: 106.58%	acc@10: 42.19%	acc@20: 73.8%	acc@30: 90.22%	
[2023-12-01 07:11:42] INFO (nni/MainThread) Intermediate result: 18.085004747719797  (Index 111)
*** Epoch: 56 ***
-----------------G2R RESULT-------------------

val result: krc:0.806 | lsd:0.624 | ed:0.871 | hr@1:0.718 | hr@2:0.872 | hr@3:0.921 | acc@1:0.718 | acc@2:0.649 | acc@3:0.617 | Best krc: 0.813 | Best epoch: 36
[2023-12-01 07:13:29] INFO (nni/MainThread) Intermediate result: 0.8061283829451735  (Index 112)
-----------------ETPA RESULT-------------------
Epoch 56: Validation	rmse: 18.04	mae: 14.42	mape: 106.1%	acc@10: 42.44%	acc@20: 73.92%	acc@30: 90.27%	
[2023-12-01 07:13:29] INFO (nni/MainThread) Intermediate result: 18.037008403083707  (Index 113)
loaded model path: /home/sentanoe/joint_training/data/dataset/food_pd/sort_model/hidden_size-8.gcnru-pd_1701405217.77723741701405217.7772524
best model loaded !!!
krc:0.791 | lsd:0.526 | ed:0.95 | hr@1:0.722 | hr@2:0.891 | hr@3:0.935 | acc@1:0.722 | acc@2:0.648 | acc@3:0.597 |

-------------------------------------------------------------
Best epoch for G2R:  36
Best epoch for ETPA:  56
graph2route_pd Evaluation in test: krc:0.791 | lsd:0.526 | ed:0.95 | hr@1:0.722 | hr@2:0.891 | hr@3:0.935 | acc@1:0.722 | acc@2:0.648 | acc@3:0.597 |
RankPETA Evaluation in test: rmse: 13.94	mae: 11.11	mape: 85.76%	acc@10: 53.16%	acc@20: 86.08%	acc@30: 97.47%	
