Device:  cuda
{'alpha_loss': 0.5,
 'batch_size': 64,
 'dataset': 'food_pd',
 'datatype': 'order',
 'device': device(type='cuda'),
 'early_stop': 20,
 'edge_fea_dim': 5,
 'embedding_dim': 32,
 'eval_end_1': 11,
 'eval_end_2': 25,
 'eval_start': 1,
 'gcn_num_layers': 2,
 'hidden_size': 8,
 'is_eval': False,
 'is_test': False,
 'k_min_nodes': 3,
 'k_nearest_neighbors': 'n-1',
 'lr': 0.001,
 'max_task_num': 25,
 'min_task_num': 0,
 'modelArrivalTime': 'RankPETA',
 'modelRoute': 'graph2route_pd',
 'no_cuda': False,
 'node_fea_dim': 8,
 'node_features_test': '/home/sentanoe/joint_training/data/dataset/food_pd/node_features_test_full.npy',
 'node_features_train': '/home/sentanoe/joint_training/data/dataset/food_pd/node_features_train_full.npy',
 'node_features_val': '/home/sentanoe/joint_training/data/dataset/food_pd/node_features_val_full.npy',
 'num_block': 4,
 'num_epoch': 1000,
 'num_head': 2,
 'num_worker_logistics': 2346,
 'num_worker_pd': 920,
 'pad_value': 26,
 'seed': 1000,
 'sort_mode': 'true_idx',
 'spatial_encoder': 'gatv2',
 'temporal_encoder': 'gru',
 'test_path': '/home/sentanoe/joint_training/data/dataset/food_pd/test_full.npy',
 'train_mode': 'sort',
 'train_path': '/home/sentanoe/joint_training/data/dataset/food_pd/train_full.npy',
 'val_path': '/home/sentanoe/joint_training/data/dataset/food_pd/val_full.npy',
 'wd': 1e-05,
 'worker_emb_dim': 10,
 'workers': 2}
last_x_size:13;unpick_x_size:12;input_size:38
#train:2521 | #val:1257 | #test:1261
*** Epoch: 0 ***
-----------------G2R RESULT-------------------

val result: krc:0.753 | lsd:0.756 | ed:1.056 | hr@1:0.631 | hr@2:0.85 | hr@3:0.901 | acc@1:0.631 | acc@2:0.566 | acc@3:0.53 | Best krc: -1 | Best epoch: -1
best model saved
[2023-11-25 13:26:45] INFO (nni/MainThread) Intermediate result: 0.7526990967218339  (Index 0)
-----------------ETPA RESULT-------------------
Epoch 0: Validation	rmse: 32.13	mae: 24.96	mape: 48.72%	acc@10: 25.0%	acc@20: 40.62%	acc@30: 75.0%	
[2023-11-25 13:26:45] INFO (nni/MainThread) Intermediate result: 32.134893296656514  (Index 1)
*** Epoch: 1 ***
-----------------G2R RESULT-------------------

val result: krc:0.754 | lsd:0.725 | ed:1.042 | hr@1:0.625 | hr@2:0.855 | hr@3:0.904 | acc@1:0.625 | acc@2:0.566 | acc@3:0.522 | Best krc: 0.753 | Best epoch: 0
best model saved
[2023-11-25 13:27:11] INFO (nni/MainThread) Intermediate result: 0.7539153149559795  (Index 2)
-----------------ETPA RESULT-------------------
Epoch 1: Validation	rmse: 29.37	mae: 21.65	mape: 42.16%	acc@10: 29.69%	acc@20: 60.94%	acc@30: 81.25%	
[2023-11-25 13:27:11] INFO (nni/MainThread) Intermediate result: 29.371181062590832  (Index 3)
*** Epoch: 2 ***
-----------------G2R RESULT-------------------

val result: krc:0.762 | lsd:0.682 | ed:1.016 | hr@1:0.63 | hr@2:0.862 | hr@3:0.908 | acc@1:0.63 | acc@2:0.57 | acc@3:0.531 | Best krc: 0.754 | Best epoch: 1
best model saved
[2023-11-25 13:27:36] INFO (nni/MainThread) Intermediate result: 0.762058293453134  (Index 4)
-----------------ETPA RESULT-------------------
Epoch 2: Validation	rmse: 26.76	mae: 19.2	mape: 37.73%	acc@10: 36.46%	acc@20: 66.67%	acc@30: 84.38%	
[2023-11-25 13:27:36] INFO (nni/MainThread) Intermediate result: 26.76157615379573  (Index 5)
*** Epoch: 3 ***
-----------------G2R RESULT-------------------

val result: krc:0.756 | lsd:0.716 | ed:1.029 | hr@1:0.626 | hr@2:0.857 | hr@3:0.901 | acc@1:0.626 | acc@2:0.569 | acc@3:0.526 | Best krc: 0.762 | Best epoch: 2
[2023-11-25 13:28:01] INFO (nni/MainThread) Intermediate result: 0.7555127371130869  (Index 6)
-----------------ETPA RESULT-------------------
Epoch 3: Validation	rmse: 26.33	mae: 18.5	mape: 37.31%	acc@10: 41.41%	acc@20: 65.62%	acc@30: 83.59%	
[2023-11-25 13:28:01] INFO (nni/MainThread) Intermediate result: 26.3320418213147  (Index 7)
*** Epoch: 4 ***
-----------------G2R RESULT-------------------

val result: krc:0.768 | lsd:0.671 | ed:0.99 | hr@1:0.639 | hr@2:0.86 | hr@3:0.908 | acc@1:0.639 | acc@2:0.578 | acc@3:0.539 | Best krc: 0.762 | Best epoch: 2
best model saved
[2023-11-25 13:28:28] INFO (nni/MainThread) Intermediate result: 0.7678809690528099  (Index 8)
-----------------ETPA RESULT-------------------
Epoch 4: Validation	rmse: 25.35	mae: 17.64	mape: 35.55%	acc@10: 42.5%	acc@20: 69.38%	acc@30: 84.38%	
[2023-11-25 13:28:28] INFO (nni/MainThread) Intermediate result: 25.350861564357206  (Index 9)
*** Epoch: 5 ***
-----------------G2R RESULT-------------------

val result: krc:0.775 | lsd:0.658 | ed:0.968 | hr@1:0.645 | hr@2:0.863 | hr@3:0.91 | acc@1:0.645 | acc@2:0.583 | acc@3:0.549 | Best krc: 0.768 | Best epoch: 4
best model saved
[2023-11-25 13:28:54] INFO (nni/MainThread) Intermediate result: 0.7750606455197624  (Index 10)
-----------------ETPA RESULT-------------------
Epoch 5: Validation	rmse: 25.07	mae: 17.62	mape: 36.04%	acc@10: 42.19%	acc@20: 70.31%	acc@30: 84.9%	
[2023-11-25 13:28:54] INFO (nni/MainThread) Intermediate result: 25.069012799529066  (Index 11)
*** Epoch: 6 ***
-----------------G2R RESULT-------------------

val result: krc:0.779 | lsd:0.643 | ed:0.951 | hr@1:0.646 | hr@2:0.869 | hr@3:0.912 | acc@1:0.646 | acc@2:0.593 | acc@3:0.56 | Best krc: 0.775 | Best epoch: 5
best model saved
[2023-11-25 13:29:20] INFO (nni/MainThread) Intermediate result: 0.7788361477386401  (Index 12)
-----------------ETPA RESULT-------------------
Epoch 6: Validation	rmse: 24.55	mae: 17.27	mape: 35.82%	acc@10: 42.86%	acc@20: 70.09%	acc@30: 86.16%	
[2023-11-25 13:29:20] INFO (nni/MainThread) Intermediate result: 24.547945185931724  (Index 13)
*** Epoch: 7 ***
-----------------G2R RESULT-------------------

val result: krc:0.776 | lsd:0.659 | ed:0.975 | hr@1:0.638 | hr@2:0.862 | hr@3:0.911 | acc@1:0.638 | acc@2:0.578 | acc@3:0.544 | Best krc: 0.779 | Best epoch: 6
[2023-11-25 13:29:46] INFO (nni/MainThread) Intermediate result: 0.776184379192687  (Index 14)
-----------------ETPA RESULT-------------------
Epoch 7: Validation	rmse: 24.03	mae: 16.93	mape: 35.45%	acc@10: 42.58%	acc@20: 70.7%	acc@30: 87.11%	
[2023-11-25 13:29:46] INFO (nni/MainThread) Intermediate result: 24.033533967302898  (Index 15)
*** Epoch: 8 ***
-----------------G2R RESULT-------------------

val result: krc:0.783 | lsd:0.657 | ed:0.945 | hr@1:0.648 | hr@2:0.866 | hr@3:0.911 | acc@1:0.648 | acc@2:0.592 | acc@3:0.557 | Best krc: 0.779 | Best epoch: 6
best model saved
[2023-11-25 13:30:13] INFO (nni/MainThread) Intermediate result: 0.7826173897358855  (Index 16)
-----------------ETPA RESULT-------------------
Epoch 8: Validation	rmse: 23.66	mae: 16.8	mape: 35.62%	acc@10: 41.67%	acc@20: 70.49%	acc@30: 87.85%	
[2023-11-25 13:30:13] INFO (nni/MainThread) Intermediate result: 23.660853861259465  (Index 17)
*** Epoch: 9 ***
-----------------G2R RESULT-------------------

val result: krc:0.779 | lsd:0.674 | ed:0.965 | hr@1:0.643 | hr@2:0.868 | hr@3:0.911 | acc@1:0.643 | acc@2:0.591 | acc@3:0.557 | Best krc: 0.783 | Best epoch: 8
[2023-11-25 13:30:39] INFO (nni/MainThread) Intermediate result: 0.7790674295178012  (Index 18)
-----------------ETPA RESULT-------------------
Epoch 9: Validation	rmse: 23.42	mae: 16.78	mape: 35.95%	acc@10: 40.94%	acc@20: 70.0%	acc@30: 88.12%	
[2023-11-25 13:30:39] INFO (nni/MainThread) Intermediate result: 23.417194679543005  (Index 19)
*** Epoch: 10 ***
-----------------G2R RESULT-------------------

val result: krc:0.78 | lsd:0.654 | ed:0.967 | hr@1:0.648 | hr@2:0.869 | hr@3:0.913 | acc@1:0.648 | acc@2:0.592 | acc@3:0.553 | Best krc: 0.783 | Best epoch: 8
[2023-11-25 13:31:05] INFO (nni/MainThread) Intermediate result: 0.7803589055359934  (Index 20)
-----------------ETPA RESULT-------------------
Epoch 10: Validation	rmse: 23.1	mae: 16.67	mape: 35.95%	acc@10: 40.62%	acc@20: 70.17%	acc@30: 88.07%	
[2023-11-25 13:31:05] INFO (nni/MainThread) Intermediate result: 23.09508212839571  (Index 21)
*** Epoch: 11 ***
-----------------G2R RESULT-------------------

val result: krc:0.779 | lsd:0.658 | ed:0.956 | hr@1:0.641 | hr@2:0.868 | hr@3:0.913 | acc@1:0.641 | acc@2:0.588 | acc@3:0.555 | Best krc: 0.783 | Best epoch: 8
[2023-11-25 13:31:31] INFO (nni/MainThread) Intermediate result: 0.7792503582184387  (Index 22)
-----------------ETPA RESULT-------------------
Epoch 11: Validation	rmse: 22.77	mae: 16.47	mape: 35.72%	acc@10: 40.89%	acc@20: 71.09%	acc@30: 88.54%	
[2023-11-25 13:31:31] INFO (nni/MainThread) Intermediate result: 22.768283099444947  (Index 23)
*** Epoch: 12 ***
-----------------G2R RESULT-------------------

val result: krc:0.779 | lsd:0.653 | ed:0.948 | hr@1:0.641 | hr@2:0.865 | hr@3:0.914 | acc@1:0.641 | acc@2:0.586 | acc@3:0.555 | Best krc: 0.783 | Best epoch: 8
[2023-11-25 13:31:57] INFO (nni/MainThread) Intermediate result: 0.7786895512299972  (Index 24)
-----------------ETPA RESULT-------------------
Epoch 12: Validation	rmse: 22.45	mae: 16.34	mape: 35.6%	acc@10: 40.62%	acc@20: 71.63%	acc@30: 88.94%	
[2023-11-25 13:31:57] INFO (nni/MainThread) Intermediate result: 22.453665715952617  (Index 25)
*** Epoch: 13 ***
-----------------G2R RESULT-------------------

val result: krc:0.774 | lsd:0.667 | ed:0.979 | hr@1:0.64 | hr@2:0.867 | hr@3:0.911 | acc@1:0.64 | acc@2:0.588 | acc@3:0.548 | Best krc: 0.783 | Best epoch: 8
[2023-11-25 13:32:22] INFO (nni/MainThread) Intermediate result: 0.7738430450017684  (Index 26)
-----------------ETPA RESULT-------------------
Epoch 13: Validation	rmse: 22.16	mae: 16.21	mape: 35.46%	acc@10: 40.4%	acc@20: 72.54%	acc@30: 89.29%	
[2023-11-25 13:32:22] INFO (nni/MainThread) Intermediate result: 22.159643258974278  (Index 27)
*** Epoch: 14 ***
-----------------G2R RESULT-------------------

val result: krc:0.779 | lsd:0.649 | ed:0.954 | hr@1:0.642 | hr@2:0.867 | hr@3:0.912 | acc@1:0.642 | acc@2:0.593 | acc@3:0.557 | Best krc: 0.783 | Best epoch: 8
[2023-11-25 13:32:48] INFO (nni/MainThread) Intermediate result: 0.7794672014086093  (Index 28)
-----------------ETPA RESULT-------------------
Epoch 14: Validation	rmse: 21.9	mae: 16.06	mape: 35.3%	acc@10: 40.42%	acc@20: 73.33%	acc@30: 89.58%	
[2023-11-25 13:32:48] INFO (nni/MainThread) Intermediate result: 21.902446461447745  (Index 29)
*** Epoch: 15 ***
-----------------G2R RESULT-------------------

val result: krc:0.778 | lsd:0.662 | ed:0.971 | hr@1:0.641 | hr@2:0.867 | hr@3:0.913 | acc@1:0.641 | acc@2:0.585 | acc@3:0.551 | Best krc: 0.783 | Best epoch: 8
[2023-11-25 13:33:14] INFO (nni/MainThread) Intermediate result: 0.7782902248927608  (Index 30)
-----------------ETPA RESULT-------------------
Epoch 15: Validation	rmse: 21.76	mae: 16.02	mape: 35.27%	acc@10: 39.84%	acc@20: 73.63%	acc@30: 89.84%	
[2023-11-25 13:33:14] INFO (nni/MainThread) Intermediate result: 21.763682964331636  (Index 31)
*** Epoch: 16 ***
-----------------G2R RESULT-------------------

val result: krc:0.774 | lsd:0.667 | ed:0.964 | hr@1:0.64 | hr@2:0.861 | hr@3:0.913 | acc@1:0.64 | acc@2:0.584 | acc@3:0.552 | Best krc: 0.783 | Best epoch: 8
[2023-11-25 13:33:40] INFO (nni/MainThread) Intermediate result: 0.7744246156926523  (Index 32)
-----------------ETPA RESULT-------------------
Epoch 16: Validation	rmse: 21.59	mae: 15.99	mape: 35.43%	acc@10: 39.34%	acc@20: 73.53%	acc@30: 90.07%	
[2023-11-25 13:33:40] INFO (nni/MainThread) Intermediate result: 21.585164023364076  (Index 33)
*** Epoch: 17 ***
-----------------G2R RESULT-------------------

val result: krc:0.778 | lsd:0.645 | ed:0.952 | hr@1:0.643 | hr@2:0.868 | hr@3:0.912 | acc@1:0.643 | acc@2:0.592 | acc@3:0.555 | Best krc: 0.783 | Best epoch: 8
[2023-11-25 13:34:06] INFO (nni/MainThread) Intermediate result: 0.7775690574466262  (Index 34)
-----------------ETPA RESULT-------------------
Epoch 17: Validation	rmse: 21.46	mae: 15.99	mape: 35.63%	acc@10: 39.41%	acc@20: 73.44%	acc@30: 90.28%	
[2023-11-25 13:34:06] INFO (nni/MainThread) Intermediate result: 21.463061122146737  (Index 35)
*** Epoch: 18 ***
-----------------G2R RESULT-------------------

val result: krc:0.782 | lsd:0.638 | ed:0.956 | hr@1:0.641 | hr@2:0.869 | hr@3:0.914 | acc@1:0.641 | acc@2:0.587 | acc@3:0.551 | Best krc: 0.783 | Best epoch: 8
[2023-11-25 13:34:32] INFO (nni/MainThread) Intermediate result: 0.7821119679361918  (Index 36)
-----------------ETPA RESULT-------------------
Epoch 18: Validation	rmse: 21.29	mae: 15.92	mape: 35.57%	acc@10: 39.14%	acc@20: 73.68%	acc@30: 90.46%	
[2023-11-25 13:34:32] INFO (nni/MainThread) Intermediate result: 21.293795706814514  (Index 37)
*** Epoch: 19 ***
-----------------G2R RESULT-------------------

val result: krc:0.781 | lsd:0.668 | ed:0.947 | hr@1:0.643 | hr@2:0.866 | hr@3:0.912 | acc@1:0.643 | acc@2:0.591 | acc@3:0.557 | Best krc: 0.783 | Best epoch: 8
[2023-11-25 13:34:57] INFO (nni/MainThread) Intermediate result: 0.7814965636478536  (Index 38)
-----------------ETPA RESULT-------------------
Epoch 19: Validation	rmse: 21.08	mae: 15.81	mape: 35.51%	acc@10: 39.38%	acc@20: 73.59%	acc@30: 90.62%	
[2023-11-25 13:34:57] INFO (nni/MainThread) Intermediate result: 21.08286585325682  (Index 39)
*** Epoch: 20 ***
-----------------G2R RESULT-------------------

val result: krc:0.783 | lsd:0.655 | ed:0.94 | hr@1:0.65 | hr@2:0.873 | hr@3:0.915 | acc@1:0.65 | acc@2:0.593 | acc@3:0.557 | Best krc: 0.783 | Best epoch: 8
[2023-11-25 13:35:23] INFO (nni/MainThread) Intermediate result: 0.7825702063568264  (Index 40)
-----------------ETPA RESULT-------------------
Epoch 20: Validation	rmse: 21.0	mae: 15.8	mape: 35.58%	acc@10: 39.43%	acc@20: 73.51%	acc@30: 90.62%	
[2023-11-25 13:35:23] INFO (nni/MainThread) Intermediate result: 21.000143175376515  (Index 41)
*** Epoch: 21 ***
-----------------G2R RESULT-------------------

val result: krc:0.768 | lsd:0.673 | ed:0.987 | hr@1:0.637 | hr@2:0.866 | hr@3:0.91 | acc@1:0.637 | acc@2:0.579 | acc@3:0.538 | Best krc: 0.783 | Best epoch: 8
[2023-11-25 13:35:50] INFO (nni/MainThread) Intermediate result: 0.7680456685616285  (Index 42)
-----------------ETPA RESULT-------------------
Epoch 21: Validation	rmse: 20.86	mae: 15.76	mape: 35.61%	acc@10: 39.49%	acc@20: 73.58%	acc@30: 90.77%	
[2023-11-25 13:35:50] INFO (nni/MainThread) Intermediate result: 20.862010051610262  (Index 43)
*** Epoch: 22 ***
-----------------G2R RESULT-------------------

val result: krc:0.781 | lsd:0.64 | ed:0.948 | hr@1:0.644 | hr@2:0.87 | hr@3:0.915 | acc@1:0.644 | acc@2:0.588 | acc@3:0.555 | Best krc: 0.783 | Best epoch: 8
[2023-11-25 13:36:16] INFO (nni/MainThread) Intermediate result: 0.7814335632787753  (Index 44)
-----------------ETPA RESULT-------------------
Epoch 22: Validation	rmse: 20.67	mae: 15.66	mape: 35.51%	acc@10: 39.67%	acc@20: 73.64%	acc@30: 91.03%	
[2023-11-25 13:36:16] INFO (nni/MainThread) Intermediate result: 20.667101952844888  (Index 45)
*** Epoch: 23 ***
-----------------G2R RESULT-------------------

val result: krc:0.782 | lsd:0.655 | ed:0.942 | hr@1:0.644 | hr@2:0.87 | hr@3:0.916 | acc@1:0.644 | acc@2:0.592 | acc@3:0.557 | Best krc: 0.783 | Best epoch: 8
[2023-11-25 13:36:42] INFO (nni/MainThread) Intermediate result: 0.7816490856630778  (Index 46)
-----------------ETPA RESULT-------------------
Epoch 23: Validation	rmse: 20.55	mae: 15.64	mape: 35.53%	acc@10: 39.32%	acc@20: 73.83%	acc@30: 91.15%	
[2023-11-25 13:36:42] INFO (nni/MainThread) Intermediate result: 20.550538621003593  (Index 47)
*** Epoch: 24 ***
-----------------G2R RESULT-------------------

val result: krc:0.782 | lsd:0.635 | ed:0.951 | hr@1:0.646 | hr@2:0.871 | hr@3:0.916 | acc@1:0.646 | acc@2:0.589 | acc@3:0.553 | Best krc: 0.783 | Best epoch: 8
[2023-11-25 13:37:09] INFO (nni/MainThread) Intermediate result: 0.7817393045989461  (Index 48)
-----------------ETPA RESULT-------------------
Epoch 24: Validation	rmse: 20.43	mae: 15.61	mape: 35.57%	acc@10: 39.0%	acc@20: 73.75%	acc@30: 91.12%	
[2023-11-25 13:37:09] INFO (nni/MainThread) Intermediate result: 20.434610082774032  (Index 49)
*** Epoch: 25 ***
-----------------G2R RESULT-------------------

val result: krc:0.779 | lsd:0.648 | ed:0.963 | hr@1:0.637 | hr@2:0.872 | hr@3:0.916 | acc@1:0.637 | acc@2:0.584 | acc@3:0.553 | Best krc: 0.783 | Best epoch: 8
[2023-11-25 13:37:35] INFO (nni/MainThread) Intermediate result: 0.7789859123046704  (Index 50)
-----------------ETPA RESULT-------------------
Epoch 25: Validation	rmse: 20.32	mae: 15.6	mape: 35.63%	acc@10: 38.7%	acc@20: 73.8%	acc@30: 91.23%	
[2023-11-25 13:37:35] INFO (nni/MainThread) Intermediate result: 20.3242016505638  (Index 51)
*** Epoch: 26 ***
-----------------G2R RESULT-------------------

val result: krc:0.785 | lsd:0.636 | ed:0.932 | hr@1:0.653 | hr@2:0.868 | hr@3:0.916 | acc@1:0.653 | acc@2:0.598 | acc@3:0.564 | Best krc: 0.783 | Best epoch: 8
best model saved
[2023-11-25 13:38:03] INFO (nni/MainThread) Intermediate result: 0.7852697989471054  (Index 52)
-----------------ETPA RESULT-------------------
Epoch 26: Validation	rmse: 20.25	mae: 15.6	mape: 35.64%	acc@10: 38.54%	acc@20: 73.5%	acc@30: 91.32%	
[2023-11-25 13:38:03] INFO (nni/MainThread) Intermediate result: 20.25080423537561  (Index 53)
*** Epoch: 27 ***
-----------------G2R RESULT-------------------

val result: krc:0.774 | lsd:0.653 | ed:0.969 | hr@1:0.645 | hr@2:0.866 | hr@3:0.911 | acc@1:0.645 | acc@2:0.586 | acc@3:0.55 | Best krc: 0.785 | Best epoch: 26
[2023-11-25 13:38:30] INFO (nni/MainThread) Intermediate result: 0.7744911591347972  (Index 54)
-----------------ETPA RESULT-------------------
Epoch 27: Validation	rmse: 20.21	mae: 15.63	mape: 35.74%	acc@10: 37.95%	acc@20: 73.33%	acc@30: 91.29%	
[2023-11-25 13:38:30] INFO (nni/MainThread) Intermediate result: 20.209813863236054  (Index 55)
*** Epoch: 28 ***
-----------------G2R RESULT-------------------

val result: krc:0.784 | lsd:0.651 | ed:0.957 | hr@1:0.644 | hr@2:0.87 | hr@3:0.915 | acc@1:0.644 | acc@2:0.589 | acc@3:0.557 | Best krc: 0.785 | Best epoch: 26
[2023-11-25 13:38:56] INFO (nni/MainThread) Intermediate result: 0.7836290480802942  (Index 56)
-----------------ETPA RESULT-------------------
Epoch 28: Validation	rmse: 20.09	mae: 15.59	mape: 35.72%	acc@10: 37.72%	acc@20: 73.28%	acc@30: 91.49%	
[2023-11-25 13:38:56] INFO (nni/MainThread) Intermediate result: 20.09338290971933  (Index 57)
*** Epoch: 29 ***
-----------------G2R RESULT-------------------

val result: krc:0.775 | lsd:0.657 | ed:0.971 | hr@1:0.638 | hr@2:0.868 | hr@3:0.915 | acc@1:0.638 | acc@2:0.582 | acc@3:0.546 | Best krc: 0.785 | Best epoch: 26
[2023-11-25 13:39:23] INFO (nni/MainThread) Intermediate result: 0.7745603069783217  (Index 58)
-----------------ETPA RESULT-------------------
Epoch 29: Validation	rmse: 19.97	mae: 15.55	mape: 35.73%	acc@10: 37.6%	acc@20: 73.33%	acc@30: 91.67%	
[2023-11-25 13:39:23] INFO (nni/MainThread) Intermediate result: 19.967795496714984  (Index 59)
*** Epoch: 30 ***
-----------------G2R RESULT-------------------

val result: krc:0.743 | lsd:0.756 | ed:1.079 | hr@1:0.62 | hr@2:0.853 | hr@3:0.9 | acc@1:0.62 | acc@2:0.557 | acc@3:0.508 | Best krc: 0.785 | Best epoch: 26
[2023-11-25 13:39:50] INFO (nni/MainThread) Intermediate result: 0.7427585435018754  (Index 60)
-----------------ETPA RESULT-------------------
Epoch 30: Validation	rmse: 19.85	mae: 15.5	mape: 35.68%	acc@10: 37.5%	acc@20: 73.49%	acc@30: 91.83%	
[2023-11-25 13:39:50] INFO (nni/MainThread) Intermediate result: 19.850519454661285  (Index 61)
*** Epoch: 31 ***
-----------------G2R RESULT-------------------

val result: krc:0.759 | lsd:0.709 | ed:1.02 | hr@1:0.634 | hr@2:0.86 | hr@3:0.906 | acc@1:0.634 | acc@2:0.579 | acc@3:0.537 | Best krc: 0.785 | Best epoch: 26
[2023-11-25 13:40:16] INFO (nni/MainThread) Intermediate result: 0.7585560627974269  (Index 62)
-----------------ETPA RESULT-------------------
Epoch 31: Validation	rmse: 19.81	mae: 15.5	mape: 35.68%	acc@10: 37.4%	acc@20: 73.44%	acc@30: 91.7%	
[2023-11-25 13:40:16] INFO (nni/MainThread) Intermediate result: 19.8052010337325  (Index 63)
*** Epoch: 32 ***
-----------------G2R RESULT-------------------

val result: krc:0.767 | lsd:0.697 | ed:0.983 | hr@1:0.634 | hr@2:0.861 | hr@3:0.907 | acc@1:0.634 | acc@2:0.585 | acc@3:0.548 | Best krc: 0.785 | Best epoch: 26
[2023-11-25 13:40:43] INFO (nni/MainThread) Intermediate result: 0.7669294882674855  (Index 64)
-----------------ETPA RESULT-------------------
Epoch 32: Validation	rmse: 19.74	mae: 15.51	mape: 35.79%	acc@10: 37.03%	acc@20: 73.3%	acc@30: 91.76%	
[2023-11-25 13:40:43] INFO (nni/MainThread) Intermediate result: 19.742631626403863  (Index 65)
*** Epoch: 33 ***
-----------------G2R RESULT-------------------

val result: krc:0.77 | lsd:0.676 | ed:0.987 | hr@1:0.645 | hr@2:0.866 | hr@3:0.909 | acc@1:0.645 | acc@2:0.592 | acc@3:0.547 | Best krc: 0.785 | Best epoch: 26
[2023-11-25 13:41:11] INFO (nni/MainThread) Intermediate result: 0.7699398206612897  (Index 66)
-----------------ETPA RESULT-------------------
Epoch 33: Validation	rmse: 19.65	mae: 15.47	mape: 35.73%	acc@10: 37.04%	acc@20: 73.44%	acc@30: 91.82%	
[2023-11-25 13:41:11] INFO (nni/MainThread) Intermediate result: 19.653917620280417  (Index 67)
*** Epoch: 34 ***
-----------------G2R RESULT-------------------

val result: krc:0.785 | lsd:0.662 | ed:0.938 | hr@1:0.649 | hr@2:0.873 | hr@3:0.915 | acc@1:0.649 | acc@2:0.598 | acc@3:0.564 | Best krc: 0.785 | Best epoch: 26
best model saved
[2023-11-25 13:41:39] INFO (nni/MainThread) Intermediate result: 0.7853348607699284  (Index 68)
-----------------ETPA RESULT-------------------
Epoch 34: Validation	rmse: 19.63	mae: 15.49	mape: 35.83%	acc@10: 36.7%	acc@20: 73.39%	acc@30: 91.79%	
[2023-11-25 13:41:39] INFO (nni/MainThread) Intermediate result: 19.62534840075045  (Index 69)
*** Epoch: 35 ***
-----------------G2R RESULT-------------------

val result: krc:0.77 | lsd:0.662 | ed:0.973 | hr@1:0.643 | hr@2:0.863 | hr@3:0.91 | acc@1:0.643 | acc@2:0.588 | acc@3:0.55 | Best krc: 0.785 | Best epoch: 34
[2023-11-25 13:42:06] INFO (nni/MainThread) Intermediate result: 0.769937139897787  (Index 70)
-----------------ETPA RESULT-------------------
Epoch 35: Validation	rmse: 19.65	mae: 15.56	mape: 36.06%	acc@10: 36.46%	acc@20: 73.0%	acc@30: 91.67%	
[2023-11-25 13:42:06] INFO (nni/MainThread) Intermediate result: 19.64729420706651  (Index 71)
*** Epoch: 36 ***
-----------------G2R RESULT-------------------

val result: krc:0.784 | lsd:0.675 | ed:0.948 | hr@1:0.645 | hr@2:0.867 | hr@3:0.915 | acc@1:0.645 | acc@2:0.593 | acc@3:0.563 | Best krc: 0.785 | Best epoch: 34
[2023-11-25 13:42:33] INFO (nni/MainThread) Intermediate result: 0.7836870852349643  (Index 72)
-----------------ETPA RESULT-------------------
Epoch 36: Validation	rmse: 19.61	mae: 15.57	mape: 36.12%	acc@10: 36.32%	acc@20: 72.97%	acc@30: 91.81%	
[2023-11-25 13:42:33] INFO (nni/MainThread) Intermediate result: 19.606635680760046  (Index 73)
*** Epoch: 37 ***
-----------------G2R RESULT-------------------

val result: krc:0.776 | lsd:0.664 | ed:0.969 | hr@1:0.634 | hr@2:0.872 | hr@3:0.914 | acc@1:0.634 | acc@2:0.584 | acc@3:0.547 | Best krc: 0.785 | Best epoch: 34
[2023-11-25 13:43:00] INFO (nni/MainThread) Intermediate result: 0.7756104977792778  (Index 74)
-----------------ETPA RESULT-------------------
Epoch 37: Validation	rmse: 19.56	mae: 15.57	mape: 36.16%	acc@10: 36.18%	acc@20: 72.94%	acc@30: 91.94%	
[2023-11-25 13:43:00] INFO (nni/MainThread) Intermediate result: 19.56062563682395  (Index 75)
*** Epoch: 38 ***
-----------------G2R RESULT-------------------

val result: krc:0.772 | lsd:0.653 | ed:0.987 | hr@1:0.642 | hr@2:0.866 | hr@3:0.911 | acc@1:0.642 | acc@2:0.584 | acc@3:0.543 | Best krc: 0.785 | Best epoch: 34
[2023-11-25 13:43:27] INFO (nni/MainThread) Intermediate result: 0.7715478626541152  (Index 76)
-----------------ETPA RESULT-------------------
Epoch 38: Validation	rmse: 19.48	mae: 15.55	mape: 36.11%	acc@10: 35.98%	acc@20: 73.08%	acc@30: 92.07%	
[2023-11-25 13:43:27] INFO (nni/MainThread) Intermediate result: 19.482364114050192  (Index 77)
*** Epoch: 39 ***
-----------------G2R RESULT-------------------

val result: krc:0.785 | lsd:0.642 | ed:0.933 | hr@1:0.652 | hr@2:0.869 | hr@3:0.915 | acc@1:0.652 | acc@2:0.596 | acc@3:0.557 | Best krc: 0.785 | Best epoch: 34
[2023-11-25 13:43:54] INFO (nni/MainThread) Intermediate result: 0.7847120108510577  (Index 78)
-----------------ETPA RESULT-------------------
Epoch 39: Validation	rmse: 19.51	mae: 15.58	mape: 36.18%	acc@10: 35.94%	acc@20: 72.97%	acc@30: 91.88%	
[2023-11-25 13:43:54] INFO (nni/MainThread) Intermediate result: 19.50919569356519  (Index 79)
*** Epoch: 40 ***
-----------------G2R RESULT-------------------

val result: krc:0.781 | lsd:0.642 | ed:0.954 | hr@1:0.64 | hr@2:0.87 | hr@3:0.915 | acc@1:0.64 | acc@2:0.583 | acc@3:0.551 | Best krc: 0.785 | Best epoch: 34
[2023-11-25 13:44:21] INFO (nni/MainThread) Intermediate result: 0.7813018628847226  (Index 80)
-----------------ETPA RESULT-------------------
Epoch 40: Validation	rmse: 19.47	mae: 15.57	mape: 36.21%	acc@10: 35.9%	acc@20: 73.09%	acc@30: 91.92%	
[2023-11-25 13:44:21] INFO (nni/MainThread) Intermediate result: 19.46516448715295  (Index 81)
*** Epoch: 41 ***
-----------------G2R RESULT-------------------

val result: krc:0.775 | lsd:0.642 | ed:0.972 | hr@1:0.639 | hr@2:0.866 | hr@3:0.912 | acc@1:0.639 | acc@2:0.58 | acc@3:0.542 | Best krc: 0.785 | Best epoch: 34
[2023-11-25 13:44:48] INFO (nni/MainThread) Intermediate result: 0.7750621766450362  (Index 82)
-----------------ETPA RESULT-------------------
Epoch 41: Validation	rmse: 19.43	mae: 15.56	mape: 36.25%	acc@10: 35.94%	acc@20: 72.99%	acc@30: 91.96%	
[2023-11-25 13:44:48] INFO (nni/MainThread) Intermediate result: 19.42843831096372  (Index 83)
*** Epoch: 42 ***
-----------------G2R RESULT-------------------

val result: krc:0.779 | lsd:0.64 | ed:0.964 | hr@1:0.636 | hr@2:0.87 | hr@3:0.916 | acc@1:0.636 | acc@2:0.585 | acc@3:0.552 | Best krc: 0.785 | Best epoch: 34
[2023-11-25 13:45:15] INFO (nni/MainThread) Intermediate result: 0.7792099209152118  (Index 84)
-----------------ETPA RESULT-------------------
Epoch 42: Validation	rmse: 19.35	mae: 15.52	mape: 36.21%	acc@10: 35.76%	acc@20: 73.26%	acc@30: 92.01%	
[2023-11-25 13:45:15] INFO (nni/MainThread) Intermediate result: 19.3515667591  (Index 85)
*** Epoch: 43 ***
-----------------G2R RESULT-------------------

val result: krc:0.786 | lsd:0.636 | ed:0.928 | hr@1:0.653 | hr@2:0.87 | hr@3:0.918 | acc@1:0.653 | acc@2:0.599 | acc@3:0.566 | Best krc: 0.785 | Best epoch: 34
best model saved
[2023-11-25 13:45:43] INFO (nni/MainThread) Intermediate result: 0.7864613903966767  (Index 86)
-----------------ETPA RESULT-------------------
Epoch 43: Validation	rmse: 19.36	mae: 15.54	mape: 36.26%	acc@10: 35.65%	acc@20: 73.3%	acc@30: 91.97%	
[2023-11-25 13:45:43] INFO (nni/MainThread) Intermediate result: 19.355939969886542  (Index 87)
*** Epoch: 44 ***
-----------------G2R RESULT-------------------

val result: krc:0.786 | lsd:0.635 | ed:0.937 | hr@1:0.651 | hr@2:0.872 | hr@3:0.917 | acc@1:0.651 | acc@2:0.599 | acc@3:0.567 | Best krc: 0.786 | Best epoch: 43
[2023-11-25 13:46:10] INFO (nni/MainThread) Intermediate result: 0.7862370889568092  (Index 88)
-----------------ETPA RESULT-------------------
Epoch 44: Validation	rmse: 19.38	mae: 15.58	mape: 36.32%	acc@10: 35.35%	acc@20: 73.12%	acc@30: 91.88%	
[2023-11-25 13:46:10] INFO (nni/MainThread) Intermediate result: 19.383794558800993  (Index 89)
*** Epoch: 45 ***
-----------------G2R RESULT-------------------

val result: krc:0.768 | lsd:0.654 | ed:0.991 | hr@1:0.641 | hr@2:0.867 | hr@3:0.912 | acc@1:0.641 | acc@2:0.586 | acc@3:0.544 | Best krc: 0.786 | Best epoch: 43
[2023-11-25 13:46:37] INFO (nni/MainThread) Intermediate result: 0.7683821951421428  (Index 90)
-----------------ETPA RESULT-------------------
Epoch 45: Validation	rmse: 19.36	mae: 15.59	mape: 36.36%	acc@10: 35.12%	acc@20: 73.1%	acc@30: 91.98%	
[2023-11-25 13:46:37] INFO (nni/MainThread) Intermediate result: 19.364635564702784  (Index 91)
*** Epoch: 46 ***
-----------------G2R RESULT-------------------

val result: krc:0.787 | lsd:0.64 | ed:0.934 | hr@1:0.654 | hr@2:0.87 | hr@3:0.915 | acc@1:0.654 | acc@2:0.596 | acc@3:0.559 | Best krc: 0.786 | Best epoch: 43
best model saved
[2023-11-25 13:47:06] INFO (nni/MainThread) Intermediate result: 0.787435790496569  (Index 92)
-----------------ETPA RESULT-------------------
Epoch 46: Validation	rmse: 19.36	mae: 15.57	mape: 36.28%	acc@10: 35.11%	acc@20: 73.4%	acc@30: 92.02%	
[2023-11-25 13:47:06] INFO (nni/MainThread) Intermediate result: 19.36429911127837  (Index 93)
*** Epoch: 47 ***
-----------------G2R RESULT-------------------

val result: krc:0.779 | lsd:0.669 | ed:0.955 | hr@1:0.639 | hr@2:0.868 | hr@3:0.912 | acc@1:0.639 | acc@2:0.585 | acc@3:0.547 | Best krc: 0.787 | Best epoch: 46
[2023-11-25 13:47:34] INFO (nni/MainThread) Intermediate result: 0.779365765653479  (Index 94)
-----------------ETPA RESULT-------------------
Epoch 47: Validation	rmse: 19.37	mae: 15.58	mape: 36.31%	acc@10: 35.09%	acc@20: 73.31%	acc@30: 92.06%	
[2023-11-25 13:47:34] INFO (nni/MainThread) Intermediate result: 19.366049465416925  (Index 95)
*** Epoch: 48 ***
-----------------G2R RESULT-------------------

val result: krc:0.77 | lsd:0.66 | ed:0.994 | hr@1:0.644 | hr@2:0.866 | hr@3:0.91 | acc@1:0.644 | acc@2:0.584 | acc@3:0.544 | Best krc: 0.787 | Best epoch: 46
[2023-11-25 13:48:02] INFO (nni/MainThread) Intermediate result: 0.7704139297842839  (Index 96)
-----------------ETPA RESULT-------------------
Epoch 48: Validation	rmse: 19.36	mae: 15.6	mape: 36.41%	acc@10: 34.95%	acc@20: 73.21%	acc@30: 92.09%	
[2023-11-25 13:48:02] INFO (nni/MainThread) Intermediate result: 19.35996141708143  (Index 97)
*** Epoch: 49 ***
-----------------G2R RESULT-------------------

val result: krc:0.773 | lsd:0.663 | ed:0.985 | hr@1:0.648 | hr@2:0.868 | hr@3:0.91 | acc@1:0.648 | acc@2:0.59 | acc@3:0.547 | Best krc: 0.787 | Best epoch: 46
[2023-11-25 13:48:30] INFO (nni/MainThread) Intermediate result: 0.7732726121794772  (Index 98)
-----------------ETPA RESULT-------------------
Epoch 49: Validation	rmse: 19.34	mae: 15.6	mape: 36.38%	acc@10: 34.81%	acc@20: 73.38%	acc@30: 92.12%	
[2023-11-25 13:48:30] INFO (nni/MainThread) Intermediate result: 19.339831950448577  (Index 99)
*** Epoch: 50 ***
-----------------G2R RESULT-------------------

val result: krc:0.778 | lsd:0.65 | ed:0.978 | hr@1:0.653 | hr@2:0.869 | hr@3:0.915 | acc@1:0.653 | acc@2:0.594 | acc@3:0.555 | Best krc: 0.787 | Best epoch: 46
[2023-11-25 13:48:57] INFO (nni/MainThread) Intermediate result: 0.7780653817995314  (Index 100)
-----------------ETPA RESULT-------------------
Epoch 50: Validation	rmse: 19.34	mae: 15.62	mape: 36.46%	acc@10: 34.74%	acc@20: 73.22%	acc@30: 92.03%	
[2023-11-25 13:48:57] INFO (nni/MainThread) Intermediate result: 19.340463715627244  (Index 101)
*** Epoch: 51 ***
-----------------G2R RESULT-------------------

val result: krc:0.782 | lsd:0.649 | ed:0.964 | hr@1:0.65 | hr@2:0.87 | hr@3:0.913 | acc@1:0.65 | acc@2:0.589 | acc@3:0.551 | Best krc: 0.787 | Best epoch: 46
[2023-11-25 13:49:25] INFO (nni/MainThread) Intermediate result: 0.7815223378056785  (Index 102)
-----------------ETPA RESULT-------------------
Epoch 51: Validation	rmse: 19.31	mae: 15.61	mape: 36.46%	acc@10: 34.74%	acc@20: 73.32%	acc@30: 92.01%	
[2023-11-25 13:49:25] INFO (nni/MainThread) Intermediate result: 19.313136807787444  (Index 103)
*** Epoch: 52 ***
-----------------G2R RESULT-------------------

val result: krc:0.784 | lsd:0.62 | ed:0.938 | hr@1:0.648 | hr@2:0.873 | hr@3:0.917 | acc@1:0.648 | acc@2:0.592 | acc@3:0.559 | Best krc: 0.787 | Best epoch: 46
[2023-11-25 13:49:52] INFO (nni/MainThread) Intermediate result: 0.7842082832550694  (Index 104)
-----------------ETPA RESULT-------------------
Epoch 52: Validation	rmse: 19.33	mae: 15.63	mape: 36.53%	acc@10: 34.67%	acc@20: 73.11%	acc@30: 91.92%	
[2023-11-25 13:49:52] INFO (nni/MainThread) Intermediate result: 19.326747479435383  (Index 105)
*** Epoch: 53 ***
-----------------G2R RESULT-------------------

val result: krc:0.785 | lsd:0.649 | ed:0.935 | hr@1:0.652 | hr@2:0.875 | hr@3:0.92 | acc@1:0.652 | acc@2:0.599 | acc@3:0.567 | Best krc: 0.787 | Best epoch: 46
[2023-11-25 13:50:20] INFO (nni/MainThread) Intermediate result: 0.7854248383238326  (Index 106)
-----------------ETPA RESULT-------------------
Epoch 53: Validation	rmse: 19.3	mae: 15.62	mape: 36.53%	acc@10: 34.61%	acc@20: 72.97%	acc@30: 91.9%	
[2023-11-25 13:50:20] INFO (nni/MainThread) Intermediate result: 19.300299110179463  (Index 107)
*** Epoch: 54 ***
-----------------G2R RESULT-------------------

val result: krc:0.792 | lsd:0.629 | ed:0.917 | hr@1:0.657 | hr@2:0.878 | hr@3:0.92 | acc@1:0.657 | acc@2:0.603 | acc@3:0.572 | Best krc: 0.787 | Best epoch: 46
best model saved
[2023-11-25 13:50:49] INFO (nni/MainThread) Intermediate result: 0.792230113568111  (Index 108)
-----------------ETPA RESULT-------------------
Epoch 54: Validation	rmse: 19.3	mae: 15.63	mape: 36.52%	acc@10: 34.49%	acc@20: 72.9%	acc@30: 91.88%	
[2023-11-25 13:50:49] INFO (nni/MainThread) Intermediate result: 19.302546004599105  (Index 109)
*** Epoch: 55 ***
-----------------G2R RESULT-------------------

val result: krc:0.79 | lsd:0.636 | ed:0.924 | hr@1:0.656 | hr@2:0.875 | hr@3:0.92 | acc@1:0.656 | acc@2:0.599 | acc@3:0.566 | Best krc: 0.792 | Best epoch: 54
[2023-11-25 13:51:16] INFO (nni/MainThread) Intermediate result: 0.789936725083205  (Index 110)
-----------------ETPA RESULT-------------------
Epoch 55: Validation	rmse: 19.29	mae: 15.63	mape: 36.54%	acc@10: 34.49%	acc@20: 72.94%	acc@30: 91.85%	
[2023-11-25 13:51:16] INFO (nni/MainThread) Intermediate result: 19.292216261515716  (Index 111)
*** Epoch: 56 ***
-----------------G2R RESULT-------------------

val result: krc:0.786 | lsd:0.604 | ed:0.935 | hr@1:0.654 | hr@2:0.875 | hr@3:0.919 | acc@1:0.654 | acc@2:0.597 | acc@3:0.565 | Best krc: 0.792 | Best epoch: 54
[2023-11-25 13:51:44] INFO (nni/MainThread) Intermediate result: 0.7861609669217889  (Index 112)
-----------------ETPA RESULT-------------------
Epoch 56: Validation	rmse: 19.32	mae: 15.64	mape: 36.54%	acc@10: 34.48%	acc@20: 72.92%	acc@30: 91.89%	
[2023-11-25 13:51:44] INFO (nni/MainThread) Intermediate result: 19.318322140888792  (Index 113)
*** Epoch: 57 ***
-----------------G2R RESULT-------------------

val result: krc:0.786 | lsd:0.625 | ed:0.937 | hr@1:0.651 | hr@2:0.873 | hr@3:0.919 | acc@1:0.651 | acc@2:0.597 | acc@3:0.564 | Best krc: 0.792 | Best epoch: 54
[2023-11-25 13:52:12] INFO (nni/MainThread) Intermediate result: 0.785750927237591  (Index 114)
-----------------ETPA RESULT-------------------
Epoch 57: Validation	rmse: 19.34	mae: 15.68	mape: 36.66%	acc@10: 34.27%	acc@20: 72.79%	acc@30: 91.81%	
[2023-11-25 13:52:12] INFO (nni/MainThread) Intermediate result: 19.33805249166188  (Index 115)
*** Epoch: 58 ***
-----------------G2R RESULT-------------------

val result: krc:0.794 | lsd:0.591 | ed:0.914 | hr@1:0.657 | hr@2:0.876 | hr@3:0.92 | acc@1:0.657 | acc@2:0.602 | acc@3:0.569 | Best krc: 0.792 | Best epoch: 54
best model saved
[2023-11-25 13:52:41] INFO (nni/MainThread) Intermediate result: 0.7940836779052783  (Index 116)
-----------------ETPA RESULT-------------------
Epoch 58: Validation	rmse: 19.34	mae: 15.7	mape: 36.7%	acc@10: 34.16%	acc@20: 72.72%	acc@30: 91.74%	
[2023-11-25 13:52:41] INFO (nni/MainThread) Intermediate result: 19.344318396314872  (Index 117)
*** Epoch: 59 ***
-----------------G2R RESULT-------------------

val result: krc:0.759 | lsd:0.694 | ed:1.035 | hr@1:0.641 | hr@2:0.864 | hr@3:0.905 | acc@1:0.641 | acc@2:0.58 | acc@3:0.528 | Best krc: 0.794 | Best epoch: 58
[2023-11-25 13:53:09] INFO (nni/MainThread) Intermediate result: 0.7586028993112507  (Index 118)
-----------------ETPA RESULT-------------------
Epoch 59: Validation	rmse: 19.36	mae: 15.71	mape: 36.73%	acc@10: 34.11%	acc@20: 72.66%	acc@30: 91.67%	
[2023-11-25 13:53:09] INFO (nni/MainThread) Intermediate result: 19.362160619832263  (Index 119)
*** Epoch: 60 ***
-----------------G2R RESULT-------------------

val result: krc:0.777 | lsd:0.648 | ed:0.967 | hr@1:0.641 | hr@2:0.871 | hr@3:0.915 | acc@1:0.641 | acc@2:0.586 | acc@3:0.548 | Best krc: 0.794 | Best epoch: 58
[2023-11-25 13:53:38] INFO (nni/MainThread) Intermediate result: 0.7765169378549351  (Index 120)
-----------------ETPA RESULT-------------------
Epoch 60: Validation	rmse: 19.39	mae: 15.71	mape: 36.67%	acc@10: 34.17%	acc@20: 72.75%	acc@30: 91.65%	
[2023-11-25 13:53:38] INFO (nni/MainThread) Intermediate result: 19.388746204086097  (Index 121)
*** Epoch: 61 ***
-----------------G2R RESULT-------------------

val result: krc:0.793 | lsd:0.6 | ed:0.909 | hr@1:0.659 | hr@2:0.877 | hr@3:0.921 | acc@1:0.659 | acc@2:0.605 | acc@3:0.572 | Best krc: 0.794 | Best epoch: 58
[2023-11-25 13:54:06] INFO (nni/MainThread) Intermediate result: 0.7928523056725943  (Index 122)
-----------------ETPA RESULT-------------------
Epoch 61: Validation	rmse: 19.39	mae: 15.69	mape: 36.6%	acc@10: 34.27%	acc@20: 72.73%	acc@30: 91.68%	
[2023-11-25 13:54:06] INFO (nni/MainThread) Intermediate result: 19.38770396770855  (Index 123)
*** Epoch: 62 ***
-----------------G2R RESULT-------------------

val result: krc:0.781 | lsd:0.621 | ed:0.964 | hr@1:0.654 | hr@2:0.873 | hr@3:0.917 | acc@1:0.654 | acc@2:0.596 | acc@3:0.555 | Best krc: 0.794 | Best epoch: 58
[2023-11-25 13:54:34] INFO (nni/MainThread) Intermediate result: 0.7812951854053731  (Index 124)
-----------------ETPA RESULT-------------------
Epoch 62: Validation	rmse: 19.43	mae: 15.72	mape: 36.6%	acc@10: 34.18%	acc@20: 72.62%	acc@30: 91.62%	
[2023-11-25 13:54:34] INFO (nni/MainThread) Intermediate result: 19.42679626230532  (Index 125)
*** Epoch: 63 ***
-----------------G2R RESULT-------------------

val result: krc:0.788 | lsd:0.625 | ed:0.93 | hr@1:0.653 | hr@2:0.873 | hr@3:0.919 | acc@1:0.653 | acc@2:0.599 | acc@3:0.567 | Best krc: 0.794 | Best epoch: 58
[2023-11-25 13:55:02] INFO (nni/MainThread) Intermediate result: 0.7879591800448817  (Index 126)
-----------------ETPA RESULT-------------------
Epoch 63: Validation	rmse: 19.41	mae: 15.71	mape: 36.56%	acc@10: 34.18%	acc@20: 72.8%	acc@30: 91.6%	
[2023-11-25 13:55:02] INFO (nni/MainThread) Intermediate result: 19.41043703611777  (Index 127)
*** Epoch: 64 ***
-----------------G2R RESULT-------------------

val result: krc:0.79 | lsd:0.609 | ed:0.922 | hr@1:0.652 | hr@2:0.875 | hr@3:0.919 | acc@1:0.652 | acc@2:0.601 | acc@3:0.567 | Best krc: 0.794 | Best epoch: 58
[2023-11-25 13:55:30] INFO (nni/MainThread) Intermediate result: 0.7903172643968446  (Index 128)
-----------------ETPA RESULT-------------------
Epoch 64: Validation	rmse: 19.44	mae: 15.72	mape: 36.59%	acc@10: 34.09%	acc@20: 72.74%	acc@30: 91.59%	
[2023-11-25 13:55:30] INFO (nni/MainThread) Intermediate result: 19.440063299910992  (Index 129)
*** Epoch: 65 ***
-----------------G2R RESULT-------------------

val result: krc:0.792 | lsd:0.606 | ed:0.924 | hr@1:0.656 | hr@2:0.876 | hr@3:0.92 | acc@1:0.656 | acc@2:0.604 | acc@3:0.571 | Best krc: 0.794 | Best epoch: 58
[2023-11-25 13:56:00] INFO (nni/MainThread) Intermediate result: 0.7920971933215046  (Index 130)
-----------------ETPA RESULT-------------------
Epoch 65: Validation	rmse: 19.43	mae: 15.71	mape: 36.55%	acc@10: 34.14%	acc@20: 72.92%	acc@30: 91.62%	
[2023-11-25 13:56:00] INFO (nni/MainThread) Intermediate result: 19.430209298148693  (Index 131)
*** Epoch: 66 ***
-----------------G2R RESULT-------------------

val result: krc:0.791 | lsd:0.603 | ed:0.915 | hr@1:0.654 | hr@2:0.872 | hr@3:0.92 | acc@1:0.654 | acc@2:0.599 | acc@3:0.569 | Best krc: 0.794 | Best epoch: 58
[2023-11-25 13:56:27] INFO (nni/MainThread) Intermediate result: 0.7911509016012733  (Index 132)
-----------------ETPA RESULT-------------------
Epoch 66: Validation	rmse: 19.44	mae: 15.71	mape: 36.54%	acc@10: 34.1%	acc@20: 73.09%	acc@30: 91.65%	
[2023-11-25 13:56:27] INFO (nni/MainThread) Intermediate result: 19.443520936724934  (Index 133)
*** Epoch: 67 ***
-----------------G2R RESULT-------------------

val result: krc:0.79 | lsd:0.615 | ed:0.928 | hr@1:0.655 | hr@2:0.871 | hr@3:0.917 | acc@1:0.655 | acc@2:0.6 | acc@3:0.569 | Best krc: 0.794 | Best epoch: 58
[2023-11-25 13:56:56] INFO (nni/MainThread) Intermediate result: 0.7899098084056544  (Index 134)
-----------------ETPA RESULT-------------------
Epoch 67: Validation	rmse: 19.45	mae: 15.71	mape: 36.52%	acc@10: 34.05%	acc@20: 73.02%	acc@30: 91.68%	
[2023-11-25 13:56:56] INFO (nni/MainThread) Intermediate result: 19.45308012479926  (Index 135)
*** Epoch: 68 ***
-----------------G2R RESULT-------------------

val result: krc:0.79 | lsd:0.613 | ed:0.927 | hr@1:0.654 | hr@2:0.873 | hr@3:0.918 | acc@1:0.654 | acc@2:0.597 | acc@3:0.564 | Best krc: 0.794 | Best epoch: 58
[2023-11-25 13:57:26] INFO (nni/MainThread) Intermediate result: 0.7903084436009666  (Index 136)
-----------------ETPA RESULT-------------------
Epoch 68: Validation	rmse: 19.49	mae: 15.73	mape: 36.5%	acc@10: 34.01%	acc@20: 72.87%	acc@30: 91.58%	
[2023-11-25 13:57:26] INFO (nni/MainThread) Intermediate result: 19.49253850932496  (Index 137)
*** Epoch: 69 ***
-----------------G2R RESULT-------------------

val result: krc:0.787 | lsd:0.625 | ed:0.939 | hr@1:0.657 | hr@2:0.871 | hr@3:0.915 | acc@1:0.657 | acc@2:0.597 | acc@3:0.563 | Best krc: 0.794 | Best epoch: 58
[2023-11-25 13:57:55] INFO (nni/MainThread) Intermediate result: 0.7866511195326238  (Index 138)
-----------------ETPA RESULT-------------------
Epoch 69: Validation	rmse: 19.49	mae: 15.71	mape: 36.45%	acc@10: 34.11%	acc@20: 72.99%	acc@30: 91.61%	
[2023-11-25 13:57:55] INFO (nni/MainThread) Intermediate result: 19.48672620016831  (Index 139)
*** Epoch: 70 ***
-----------------G2R RESULT-------------------

val result: krc:0.792 | lsd:0.61 | ed:0.923 | hr@1:0.659 | hr@2:0.873 | hr@3:0.919 | acc@1:0.659 | acc@2:0.6 | acc@3:0.571 | Best krc: 0.794 | Best epoch: 58
[2023-11-25 13:58:24] INFO (nni/MainThread) Intermediate result: 0.7924951639074944  (Index 140)
-----------------ETPA RESULT-------------------
Epoch 70: Validation	rmse: 19.5	mae: 15.72	mape: 36.47%	acc@10: 34.02%	acc@20: 73.02%	acc@30: 91.59%	
[2023-11-25 13:58:24] INFO (nni/MainThread) Intermediate result: 19.504175224067698  (Index 141)
*** Epoch: 71 ***
-----------------G2R RESULT-------------------

val result: krc:0.791 | lsd:0.61 | ed:0.922 | hr@1:0.664 | hr@2:0.873 | hr@3:0.918 | acc@1:0.664 | acc@2:0.603 | acc@3:0.571 | Best krc: 0.794 | Best epoch: 58
[2023-11-25 13:58:53] INFO (nni/MainThread) Intermediate result: 0.7910305668679083  (Index 142)
-----------------ETPA RESULT-------------------
Epoch 71: Validation	rmse: 19.53	mae: 15.74	mape: 36.46%	acc@10: 34.03%	acc@20: 73.05%	acc@30: 91.58%	
[2023-11-25 13:58:53] INFO (nni/MainThread) Intermediate result: 19.534226704010567  (Index 143)
*** Epoch: 72 ***
-----------------G2R RESULT-------------------

val result: krc:0.769 | lsd:0.693 | ed:0.994 | hr@1:0.648 | hr@2:0.866 | hr@3:0.908 | acc@1:0.648 | acc@2:0.589 | acc@3:0.546 | Best krc: 0.794 | Best epoch: 58
[2023-11-25 13:59:22] INFO (nni/MainThread) Intermediate result: 0.7687427796741307  (Index 144)
-----------------ETPA RESULT-------------------
Epoch 72: Validation	rmse: 19.53	mae: 15.73	mape: 36.44%	acc@10: 34.03%	acc@20: 73.12%	acc@30: 91.61%	
[2023-11-25 13:59:22] INFO (nni/MainThread) Intermediate result: 19.531743129651645  (Index 145)
*** Epoch: 73 ***
-----------------G2R RESULT-------------------

val result: krc:0.774 | lsd:0.655 | ed:0.989 | hr@1:0.652 | hr@2:0.871 | hr@3:0.912 | acc@1:0.652 | acc@2:0.592 | acc@3:0.55 | Best krc: 0.794 | Best epoch: 58
[2023-11-25 13:59:50] INFO (nni/MainThread) Intermediate result: 0.7740078509645627  (Index 146)
-----------------ETPA RESULT-------------------
Epoch 73: Validation	rmse: 19.55	mae: 15.74	mape: 36.43%	acc@10: 34.08%	acc@20: 73.06%	acc@30: 91.64%	
[2023-11-25 13:59:50] INFO (nni/MainThread) Intermediate result: 19.54966939125707  (Index 147)
*** Epoch: 74 ***
-----------------G2R RESULT-------------------

val result: krc:0.795 | lsd:0.621 | ed:0.917 | hr@1:0.666 | hr@2:0.872 | hr@3:0.916 | acc@1:0.666 | acc@2:0.611 | acc@3:0.573 | Best krc: 0.794 | Best epoch: 58
best model saved
[2023-11-25 14:00:19] INFO (nni/MainThread) Intermediate result: 0.795343220966308  (Index 148)
-----------------ETPA RESULT-------------------
Epoch 74: Validation	rmse: 19.55	mae: 15.74	mape: 36.41%	acc@10: 34.04%	acc@20: 73.17%	acc@30: 91.67%	
[2023-11-25 14:00:19] INFO (nni/MainThread) Intermediate result: 19.55290670645813  (Index 149)
*** Epoch: 75 ***
-----------------G2R RESULT-------------------

val result: krc:0.776 | lsd:0.632 | ed:0.981 | hr@1:0.648 | hr@2:0.872 | hr@3:0.913 | acc@1:0.648 | acc@2:0.592 | acc@3:0.551 | Best krc: 0.795 | Best epoch: 74
[2023-11-25 14:00:48] INFO (nni/MainThread) Intermediate result: 0.7764670973328605  (Index 150)
-----------------ETPA RESULT-------------------
Epoch 75: Validation	rmse: 19.56	mae: 15.74	mape: 36.42%	acc@10: 34.0%	acc@20: 73.11%	acc@30: 91.65%	
[2023-11-25 14:00:48] INFO (nni/MainThread) Intermediate result: 19.555644820195358  (Index 151)
*** Epoch: 76 ***
-----------------G2R RESULT-------------------

val result: krc:0.786 | lsd:0.649 | ed:0.943 | hr@1:0.659 | hr@2:0.872 | hr@3:0.914 | acc@1:0.659 | acc@2:0.603 | acc@3:0.566 | Best krc: 0.795 | Best epoch: 74
[2023-11-25 14:01:16] INFO (nni/MainThread) Intermediate result: 0.7858502863312656  (Index 152)
-----------------ETPA RESULT-------------------
Epoch 76: Validation	rmse: 19.57	mae: 15.75	mape: 36.41%	acc@10: 33.97%	acc@20: 73.13%	acc@30: 91.6%	
[2023-11-25 14:01:16] INFO (nni/MainThread) Intermediate result: 19.574310837817  (Index 153)
*** Epoch: 77 ***
-----------------G2R RESULT-------------------

val result: krc:0.779 | lsd:0.623 | ed:0.972 | hr@1:0.655 | hr@2:0.873 | hr@3:0.915 | acc@1:0.655 | acc@2:0.596 | acc@3:0.554 | Best krc: 0.795 | Best epoch: 74
[2023-11-25 14:01:44] INFO (nni/MainThread) Intermediate result: 0.7787102185090816  (Index 154)
-----------------ETPA RESULT-------------------
Epoch 77: Validation	rmse: 19.57	mae: 15.75	mape: 36.38%	acc@10: 34.01%	acc@20: 73.12%	acc@30: 91.63%	
[2023-11-25 14:01:44] INFO (nni/MainThread) Intermediate result: 19.57498405322868  (Index 155)
*** Epoch: 78 ***
-----------------G2R RESULT-------------------

val result: krc:0.793 | lsd:0.617 | ed:0.927 | hr@1:0.665 | hr@2:0.874 | hr@3:0.918 | acc@1:0.665 | acc@2:0.606 | acc@3:0.571 | Best krc: 0.795 | Best epoch: 74
[2023-11-25 14:02:15] INFO (nni/MainThread) Intermediate result: 0.793403954059835  (Index 156)
-----------------ETPA RESULT-------------------
Epoch 78: Validation	rmse: 19.6	mae: 15.75	mape: 36.35%	acc@10: 34.06%	acc@20: 73.06%	acc@30: 91.65%	
[2023-11-25 14:02:15] INFO (nni/MainThread) Intermediate result: 19.596804391565808  (Index 157)
*** Epoch: 79 ***
-----------------G2R RESULT-------------------

val result: krc:0.797 | lsd:0.604 | ed:0.916 | hr@1:0.668 | hr@2:0.877 | hr@3:0.921 | acc@1:0.668 | acc@2:0.609 | acc@3:0.576 | Best krc: 0.795 | Best epoch: 74
best model saved
[2023-11-25 14:02:45] INFO (nni/MainThread) Intermediate result: 0.7967509770832901  (Index 158)
-----------------ETPA RESULT-------------------
Epoch 79: Validation	rmse: 19.61	mae: 15.75	mape: 36.32%	acc@10: 34.18%	acc@20: 73.16%	acc@30: 91.68%	
[2023-11-25 14:02:45] INFO (nni/MainThread) Intermediate result: 19.61195056235983  (Index 159)
*** Epoch: 80 ***
-----------------G2R RESULT-------------------

val result: krc:0.791 | lsd:0.622 | ed:0.927 | hr@1:0.667 | hr@2:0.873 | hr@3:0.918 | acc@1:0.667 | acc@2:0.606 | acc@3:0.57 | Best krc: 0.797 | Best epoch: 79
[2023-11-25 14:03:14] INFO (nni/MainThread) Intermediate result: 0.7913690044429003  (Index 160)
-----------------ETPA RESULT-------------------
Epoch 80: Validation	rmse: 19.64	mae: 15.76	mape: 36.34%	acc@10: 34.22%	acc@20: 73.03%	acc@30: 91.63%	
[2023-11-25 14:03:14] INFO (nni/MainThread) Intermediate result: 19.64182062849202  (Index 161)
*** Epoch: 81 ***
-----------------G2R RESULT-------------------

val result: krc:0.781 | lsd:0.615 | ed:0.952 | hr@1:0.655 | hr@2:0.87 | hr@3:0.915 | acc@1:0.655 | acc@2:0.598 | acc@3:0.56 | Best krc: 0.797 | Best epoch: 79
[2023-11-25 14:03:43] INFO (nni/MainThread) Intermediate result: 0.7810070746756361  (Index 162)
-----------------ETPA RESULT-------------------
Epoch 81: Validation	rmse: 19.69	mae: 15.8	mape: 36.37%	acc@10: 34.15%	acc@20: 72.9%	acc@30: 91.54%	
[2023-11-25 14:03:43] INFO (nni/MainThread) Intermediate result: 19.69346872507361  (Index 163)
*** Epoch: 82 ***
-----------------G2R RESULT-------------------

val result: krc:0.795 | lsd:0.587 | ed:0.904 | hr@1:0.667 | hr@2:0.877 | hr@3:0.919 | acc@1:0.667 | acc@2:0.617 | acc@3:0.581 | Best krc: 0.797 | Best epoch: 79
[2023-11-25 14:04:12] INFO (nni/MainThread) Intermediate result: 0.7947265023434678  (Index 164)
-----------------ETPA RESULT-------------------
Epoch 82: Validation	rmse: 19.71	mae: 15.79	mape: 36.33%	acc@10: 34.19%	acc@20: 72.97%	acc@30: 91.57%	
[2023-11-25 14:04:12] INFO (nni/MainThread) Intermediate result: 19.7057506048808  (Index 165)
*** Epoch: 83 ***
-----------------G2R RESULT-------------------

val result: krc:0.796 | lsd:0.613 | ed:0.907 | hr@1:0.671 | hr@2:0.872 | hr@3:0.916 | acc@1:0.671 | acc@2:0.617 | acc@3:0.578 | Best krc: 0.797 | Best epoch: 79
[2023-11-25 14:04:41] INFO (nni/MainThread) Intermediate result: 0.7960598675159235  (Index 166)
-----------------ETPA RESULT-------------------
Epoch 83: Validation	rmse: 19.73	mae: 15.8	mape: 36.3%	acc@10: 34.23%	acc@20: 72.99%	acc@30: 91.59%	
[2023-11-25 14:04:41] INFO (nni/MainThread) Intermediate result: 19.72697195593693  (Index 167)
*** Epoch: 84 ***
-----------------G2R RESULT-------------------

val result: krc:0.789 | lsd:0.614 | ed:0.936 | hr@1:0.664 | hr@2:0.876 | hr@3:0.917 | acc@1:0.664 | acc@2:0.608 | acc@3:0.57 | Best krc: 0.797 | Best epoch: 79
[2023-11-25 14:05:10] INFO (nni/MainThread) Intermediate result: 0.7889437324242745  (Index 168)
-----------------ETPA RESULT-------------------
Epoch 84: Validation	rmse: 19.75	mae: 15.8	mape: 36.29%	acc@10: 34.23%	acc@20: 72.94%	acc@30: 91.62%	
[2023-11-25 14:05:10] INFO (nni/MainThread) Intermediate result: 19.74873567614894  (Index 169)
*** Epoch: 85 ***
-----------------G2R RESULT-------------------

val result: krc:0.8 | lsd:0.595 | ed:0.896 | hr@1:0.669 | hr@2:0.877 | hr@3:0.923 | acc@1:0.669 | acc@2:0.615 | acc@3:0.584 | Best krc: 0.797 | Best epoch: 79
best model saved
[2023-11-25 14:05:40] INFO (nni/MainThread) Intermediate result: 0.8000711633505687  (Index 170)
-----------------ETPA RESULT-------------------
Epoch 85: Validation	rmse: 19.78	mae: 15.83	mape: 36.3%	acc@10: 34.23%	acc@20: 72.86%	acc@30: 91.57%	
[2023-11-25 14:05:40] INFO (nni/MainThread) Intermediate result: 19.783153007250394  (Index 171)
*** Epoch: 86 ***
-----------------G2R RESULT-------------------

val result: krc:0.802 | lsd:0.583 | ed:0.882 | hr@1:0.674 | hr@2:0.878 | hr@3:0.923 | acc@1:0.674 | acc@2:0.619 | acc@3:0.589 | Best krc: 0.8 | Best epoch: 85
best model saved
[2023-11-25 14:06:10] INFO (nni/MainThread) Intermediate result: 0.8015558921636753  (Index 172)
-----------------ETPA RESULT-------------------
Epoch 86: Validation	rmse: 19.79	mae: 15.82	mape: 36.26%	acc@10: 34.3%	acc@20: 72.95%	acc@30: 91.59%	
[2023-11-25 14:06:10] INFO (nni/MainThread) Intermediate result: 19.79248431710484  (Index 173)
*** Epoch: 87 ***
-----------------G2R RESULT-------------------

val result: krc:0.789 | lsd:0.595 | ed:0.929 | hr@1:0.657 | hr@2:0.876 | hr@3:0.919 | acc@1:0.657 | acc@2:0.6 | acc@3:0.568 | Best krc: 0.802 | Best epoch: 86
[2023-11-25 14:06:40] INFO (nni/MainThread) Intermediate result: 0.7893192143651261  (Index 174)
-----------------ETPA RESULT-------------------
Epoch 87: Validation	rmse: 19.8	mae: 15.82	mape: 36.25%	acc@10: 34.34%	acc@20: 72.98%	acc@30: 91.62%	
[2023-11-25 14:06:40] INFO (nni/MainThread) Intermediate result: 19.803076361796457  (Index 175)
*** Epoch: 88 ***
-----------------G2R RESULT-------------------

val result: krc:0.796 | lsd:0.589 | ed:0.913 | hr@1:0.67 | hr@2:0.878 | hr@3:0.92 | acc@1:0.67 | acc@2:0.613 | acc@3:0.578 | Best krc: 0.802 | Best epoch: 86
[2023-11-25 14:07:11] INFO (nni/MainThread) Intermediate result: 0.7958583365491978  (Index 176)
-----------------ETPA RESULT-------------------
Epoch 88: Validation	rmse: 19.82	mae: 15.83	mape: 36.26%	acc@10: 34.34%	acc@20: 72.93%	acc@30: 91.61%	
[2023-11-25 14:07:11] INFO (nni/MainThread) Intermediate result: 19.82369506326681  (Index 177)
*** Epoch: 89 ***
-----------------G2R RESULT-------------------

val result: krc:0.77 | lsd:0.683 | ed:0.986 | hr@1:0.644 | hr@2:0.868 | hr@3:0.91 | acc@1:0.644 | acc@2:0.589 | acc@3:0.547 | Best krc: 0.802 | Best epoch: 86
[2023-11-25 14:07:40] INFO (nni/MainThread) Intermediate result: 0.7704682569046365  (Index 178)
-----------------ETPA RESULT-------------------
Epoch 89: Validation	rmse: 19.86	mae: 15.85	mape: 36.27%	acc@10: 34.34%	acc@20: 72.81%	acc@30: 91.6%	
[2023-11-25 14:07:40] INFO (nni/MainThread) Intermediate result: 19.862393140816  (Index 179)
*** Epoch: 90 ***
-----------------G2R RESULT-------------------

val result: krc:0.77 | lsd:0.655 | ed:1.006 | hr@1:0.648 | hr@2:0.869 | hr@3:0.911 | acc@1:0.648 | acc@2:0.584 | acc@3:0.542 | Best krc: 0.802 | Best epoch: 86
[2023-11-25 14:08:09] INFO (nni/MainThread) Intermediate result: 0.7698324137764452  (Index 180)
-----------------ETPA RESULT-------------------
Epoch 90: Validation	rmse: 19.88	mae: 15.86	mape: 36.26%	acc@10: 34.31%	acc@20: 72.84%	acc@30: 91.62%	
[2023-11-25 14:08:09] INFO (nni/MainThread) Intermediate result: 19.879493872257296  (Index 181)
*** Epoch: 91 ***
-----------------G2R RESULT-------------------

val result: krc:0.787 | lsd:0.632 | ed:0.926 | hr@1:0.664 | hr@2:0.875 | hr@3:0.918 | acc@1:0.664 | acc@2:0.61 | acc@3:0.571 | Best krc: 0.802 | Best epoch: 86
[2023-11-25 14:08:39] INFO (nni/MainThread) Intermediate result: 0.7868779742500774  (Index 182)
-----------------ETPA RESULT-------------------
Epoch 91: Validation	rmse: 19.88	mae: 15.85	mape: 36.21%	acc@10: 34.34%	acc@20: 72.96%	acc@30: 91.64%	
[2023-11-25 14:08:39] INFO (nni/MainThread) Intermediate result: 19.880468640616517  (Index 183)
*** Epoch: 92 ***
-----------------G2R RESULT-------------------

val result: krc:0.799 | lsd:0.581 | ed:0.911 | hr@1:0.676 | hr@2:0.876 | hr@3:0.92 | acc@1:0.676 | acc@2:0.613 | acc@3:0.578 | Best krc: 0.802 | Best epoch: 86
[2023-11-25 14:09:08] INFO (nni/MainThread) Intermediate result: 0.7990427684349855  (Index 184)
-----------------ETPA RESULT-------------------
Epoch 92: Validation	rmse: 19.88	mae: 15.85	mape: 36.22%	acc@10: 34.27%	acc@20: 73.02%	acc@30: 91.63%	
[2023-11-25 14:09:08] INFO (nni/MainThread) Intermediate result: 19.883612095413106  (Index 185)
*** Epoch: 93 ***
-----------------G2R RESULT-------------------

val result: krc:0.802 | lsd:0.592 | ed:0.896 | hr@1:0.677 | hr@2:0.876 | hr@3:0.92 | acc@1:0.677 | acc@2:0.62 | acc@3:0.586 | Best krc: 0.802 | Best epoch: 86
best model saved
[2023-11-25 14:09:39] INFO (nni/MainThread) Intermediate result: 0.8021246294879877  (Index 186)
-----------------ETPA RESULT-------------------
Epoch 93: Validation	rmse: 19.9	mae: 15.85	mape: 36.19%	acc@10: 34.28%	acc@20: 73.07%	acc@30: 91.62%	
[2023-11-25 14:09:39] INFO (nni/MainThread) Intermediate result: 19.897743460760207  (Index 187)
*** Epoch: 94 ***
-----------------G2R RESULT-------------------

val result: krc:0.8 | lsd:0.577 | ed:0.897 | hr@1:0.678 | hr@2:0.879 | hr@3:0.925 | acc@1:0.678 | acc@2:0.62 | acc@3:0.589 | Best krc: 0.802 | Best epoch: 93
[2023-11-25 14:10:08] INFO (nni/MainThread) Intermediate result: 0.7998471126761464  (Index 188)
-----------------ETPA RESULT-------------------
Epoch 94: Validation	rmse: 19.9	mae: 15.84	mape: 36.14%	acc@10: 34.31%	acc@20: 73.09%	acc@30: 91.64%	
[2023-11-25 14:10:08] INFO (nni/MainThread) Intermediate result: 19.89767875242429  (Index 189)
*** Epoch: 95 ***
-----------------G2R RESULT-------------------

val result: krc:0.804 | lsd:0.581 | ed:0.874 | hr@1:0.684 | hr@2:0.879 | hr@3:0.922 | acc@1:0.684 | acc@2:0.631 | acc@3:0.595 | Best krc: 0.802 | Best epoch: 93
best model saved
[2023-11-25 14:10:39] INFO (nni/MainThread) Intermediate result: 0.8042994457161488  (Index 190)
-----------------ETPA RESULT-------------------
Epoch 95: Validation	rmse: 19.93	mae: 15.85	mape: 36.12%	acc@10: 34.38%	acc@20: 73.05%	acc@30: 91.63%	
[2023-11-25 14:10:39] INFO (nni/MainThread) Intermediate result: 19.926416170670866  (Index 191)
*** Epoch: 96 ***
-----------------G2R RESULT-------------------

val result: krc:0.804 | lsd:0.59 | ed:0.887 | hr@1:0.674 | hr@2:0.879 | hr@3:0.922 | acc@1:0.674 | acc@2:0.626 | acc@3:0.592 | Best krc: 0.804 | Best epoch: 95
[2023-11-25 14:11:08] INFO (nni/MainThread) Intermediate result: 0.8041967257183696  (Index 192)
-----------------ETPA RESULT-------------------
Epoch 96: Validation	rmse: 19.93	mae: 15.85	mape: 36.09%	acc@10: 34.41%	acc@20: 73.16%	acc@30: 91.66%	
[2023-11-25 14:11:08] INFO (nni/MainThread) Intermediate result: 19.930316618839246  (Index 193)
*** Epoch: 97 ***
-----------------G2R RESULT-------------------

val result: krc:0.806 | lsd:0.58 | ed:0.873 | hr@1:0.68 | hr@2:0.882 | hr@3:0.921 | acc@1:0.68 | acc@2:0.631 | acc@3:0.595 | Best krc: 0.804 | Best epoch: 95
best model saved
[2023-11-25 14:11:41] INFO (nni/MainThread) Intermediate result: 0.8060411175408988  (Index 194)
-----------------ETPA RESULT-------------------
Epoch 97: Validation	rmse: 19.95	mae: 15.85	mape: 36.1%	acc@10: 34.38%	acc@20: 73.15%	acc@30: 91.65%	
[2023-11-25 14:11:41] INFO (nni/MainThread) Intermediate result: 19.945476964548163  (Index 195)
*** Epoch: 98 ***
-----------------G2R RESULT-------------------

val result: krc:0.809 | lsd:0.574 | ed:0.87 | hr@1:0.683 | hr@2:0.882 | hr@3:0.922 | acc@1:0.683 | acc@2:0.629 | acc@3:0.594 | Best krc: 0.806 | Best epoch: 97
best model saved
[2023-11-25 14:12:11] INFO (nni/MainThread) Intermediate result: 0.8089990749020045  (Index 196)
-----------------ETPA RESULT-------------------
Epoch 98: Validation	rmse: 19.97	mae: 15.86	mape: 36.09%	acc@10: 34.31%	acc@20: 73.07%	acc@30: 91.64%	
[2023-11-25 14:12:11] INFO (nni/MainThread) Intermediate result: 19.966345499385362  (Index 197)
*** Epoch: 99 ***
-----------------G2R RESULT-------------------

val result: krc:0.807 | lsd:0.58 | ed:0.879 | hr@1:0.685 | hr@2:0.882 | hr@3:0.924 | acc@1:0.685 | acc@2:0.632 | acc@3:0.596 | Best krc: 0.809 | Best epoch: 98
[2023-11-25 14:12:41] INFO (nni/MainThread) Intermediate result: 0.806913054232687  (Index 198)
-----------------ETPA RESULT-------------------
Epoch 99: Validation	rmse: 19.98	mae: 15.87	mape: 36.07%	acc@10: 34.34%	acc@20: 73.0%	acc@30: 91.66%	
[2023-11-25 14:12:41] INFO (nni/MainThread) Intermediate result: 19.98328348361036  (Index 199)
*** Epoch: 100 ***
-----------------G2R RESULT-------------------

val result: krc:0.802 | lsd:0.574 | ed:0.895 | hr@1:0.68 | hr@2:0.878 | hr@3:0.921 | acc@1:0.68 | acc@2:0.62 | acc@3:0.588 | Best krc: 0.809 | Best epoch: 98
[2023-11-25 14:13:11] INFO (nni/MainThread) Intermediate result: 0.8023683459975544  (Index 200)
-----------------ETPA RESULT-------------------
Epoch 100: Validation	rmse: 20.0	mae: 15.87	mape: 36.06%	acc@10: 34.34%	acc@20: 73.02%	acc@30: 91.68%	
[2023-11-25 14:13:11] INFO (nni/MainThread) Intermediate result: 19.998282763414384  (Index 201)
*** Epoch: 101 ***
-----------------G2R RESULT-------------------

val result: krc:0.806 | lsd:0.59 | ed:0.885 | hr@1:0.682 | hr@2:0.881 | hr@3:0.922 | acc@1:0.682 | acc@2:0.63 | acc@3:0.592 | Best krc: 0.809 | Best epoch: 98
[2023-11-25 14:13:43] INFO (nni/MainThread) Intermediate result: 0.8058477751175608  (Index 202)
-----------------ETPA RESULT-------------------
Epoch 101: Validation	rmse: 20.0	mae: 15.86	mape: 36.01%	acc@10: 34.41%	acc@20: 73.07%	acc@30: 91.7%	
[2023-11-25 14:13:43] INFO (nni/MainThread) Intermediate result: 20.000019248427378  (Index 203)
*** Epoch: 102 ***
-----------------G2R RESULT-------------------

val result: krc:0.807 | lsd:0.567 | ed:0.891 | hr@1:0.689 | hr@2:0.881 | hr@3:0.924 | acc@1:0.689 | acc@2:0.627 | acc@3:0.596 | Best krc: 0.809 | Best epoch: 98
[2023-11-25 14:14:12] INFO (nni/MainThread) Intermediate result: 0.8070952212535071  (Index 204)
-----------------ETPA RESULT-------------------
Epoch 102: Validation	rmse: 20.02	mae: 15.87	mape: 36.02%	acc@10: 34.34%	acc@20: 73.09%	acc@30: 91.69%	
[2023-11-25 14:14:12] INFO (nni/MainThread) Intermediate result: 20.016410992598715  (Index 205)
*** Epoch: 103 ***
-----------------G2R RESULT-------------------

val result: krc:0.807 | lsd:0.568 | ed:0.872 | hr@1:0.69 | hr@2:0.881 | hr@3:0.926 | acc@1:0.69 | acc@2:0.631 | acc@3:0.601 | Best krc: 0.809 | Best epoch: 98
[2023-11-25 14:14:45] INFO (nni/MainThread) Intermediate result: 0.8074207960172105  (Index 206)
-----------------ETPA RESULT-------------------
Epoch 103: Validation	rmse: 20.04	mae: 15.88	mape: 36.02%	acc@10: 34.31%	acc@20: 73.11%	acc@30: 91.68%	
[2023-11-25 14:14:45] INFO (nni/MainThread) Intermediate result: 20.03641591155819  (Index 207)
*** Epoch: 104 ***
-----------------G2R RESULT-------------------

val result: krc:0.811 | lsd:0.583 | ed:0.869 | hr@1:0.69 | hr@2:0.878 | hr@3:0.924 | acc@1:0.69 | acc@2:0.635 | acc@3:0.604 | Best krc: 0.809 | Best epoch: 98
best model saved
[2023-11-25 14:15:16] INFO (nni/MainThread) Intermediate result: 0.8110889670662299  (Index 208)
-----------------ETPA RESULT-------------------
Epoch 104: Validation	rmse: 20.06	mae: 15.88	mape: 36.01%	acc@10: 34.32%	acc@20: 73.1%	acc@30: 91.67%	
[2023-11-25 14:15:16] INFO (nni/MainThread) Intermediate result: 20.061381618494817  (Index 209)
*** Epoch: 105 ***
-----------------G2R RESULT-------------------

val result: krc:0.81 | lsd:0.585 | ed:0.876 | hr@1:0.693 | hr@2:0.88 | hr@3:0.923 | acc@1:0.693 | acc@2:0.634 | acc@3:0.6 | Best krc: 0.811 | Best epoch: 104
[2023-11-25 14:15:45] INFO (nni/MainThread) Intermediate result: 0.8103021045740766  (Index 210)
-----------------ETPA RESULT-------------------
Epoch 105: Validation	rmse: 20.09	mae: 15.89	mape: 36.0%	acc@10: 34.29%	acc@20: 73.08%	acc@30: 91.63%	
[2023-11-25 14:15:45] INFO (nni/MainThread) Intermediate result: 20.089000213011712  (Index 211)
*** Epoch: 106 ***
-----------------G2R RESULT-------------------

val result: krc:0.807 | lsd:0.585 | ed:0.881 | hr@1:0.697 | hr@2:0.878 | hr@3:0.921 | acc@1:0.697 | acc@2:0.638 | acc@3:0.605 | Best krc: 0.811 | Best epoch: 104
[2023-11-25 14:16:15] INFO (nni/MainThread) Intermediate result: 0.8070900253934797  (Index 212)
-----------------ETPA RESULT-------------------
Epoch 106: Validation	rmse: 20.12	mae: 15.91	mape: 35.99%	acc@10: 34.29%	acc@20: 73.04%	acc@30: 91.56%	
[2023-11-25 14:16:15] INFO (nni/MainThread) Intermediate result: 20.119129364382403  (Index 213)
*** Epoch: 107 ***
-----------------G2R RESULT-------------------

val result: krc:0.81 | lsd:0.556 | ed:0.864 | hr@1:0.696 | hr@2:0.879 | hr@3:0.924 | acc@1:0.696 | acc@2:0.638 | acc@3:0.606 | Best krc: 0.811 | Best epoch: 104
[2023-11-25 14:16:44] INFO (nni/MainThread) Intermediate result: 0.809849308896095  (Index 214)
-----------------ETPA RESULT-------------------
Epoch 107: Validation	rmse: 20.14	mae: 15.92	mape: 36.01%	acc@10: 34.29%	acc@20: 73.0%	acc@30: 91.55%	
[2023-11-25 14:16:44] INFO (nni/MainThread) Intermediate result: 20.144760646009587  (Index 215)
*** Epoch: 108 ***
-----------------G2R RESULT-------------------

val result: krc:0.81 | lsd:0.564 | ed:0.867 | hr@1:0.693 | hr@2:0.882 | hr@3:0.924 | acc@1:0.693 | acc@2:0.637 | acc@3:0.602 | Best krc: 0.811 | Best epoch: 104
[2023-11-25 14:17:14] INFO (nni/MainThread) Intermediate result: 0.8096936922734911  (Index 216)
-----------------ETPA RESULT-------------------
Epoch 108: Validation	rmse: 20.17	mae: 15.94	mape: 36.0%	acc@10: 34.29%	acc@20: 72.94%	acc@30: 91.51%	
[2023-11-25 14:17:14] INFO (nni/MainThread) Intermediate result: 20.17188834714983  (Index 217)
*** Epoch: 109 ***
-----------------G2R RESULT-------------------

val result: krc:0.807 | lsd:0.602 | ed:0.887 | hr@1:0.69 | hr@2:0.881 | hr@3:0.921 | acc@1:0.69 | acc@2:0.631 | acc@3:0.597 | Best krc: 0.811 | Best epoch: 104
[2023-11-25 14:17:44] INFO (nni/MainThread) Intermediate result: 0.8072869937233732  (Index 218)
-----------------ETPA RESULT-------------------
Epoch 109: Validation	rmse: 20.2	mae: 15.94	mape: 35.98%	acc@10: 34.29%	acc@20: 72.9%	acc@30: 91.48%	
[2023-11-25 14:17:44] INFO (nni/MainThread) Intermediate result: 20.19652879596659  (Index 219)
*** Epoch: 110 ***
-----------------G2R RESULT-------------------

val result: krc:0.809 | lsd:0.543 | ed:0.883 | hr@1:0.686 | hr@2:0.882 | hr@3:0.923 | acc@1:0.686 | acc@2:0.629 | acc@3:0.597 | Best krc: 0.811 | Best epoch: 104
[2023-11-25 14:18:14] INFO (nni/MainThread) Intermediate result: 0.8088179895700666  (Index 220)
-----------------ETPA RESULT-------------------
Epoch 110: Validation	rmse: 20.23	mae: 15.97	mape: 36.0%	acc@10: 34.29%	acc@20: 72.78%	acc@30: 91.47%	
[2023-11-25 14:18:14] INFO (nni/MainThread) Intermediate result: 20.228133995887212  (Index 221)
*** Epoch: 111 ***
-----------------G2R RESULT-------------------

val result: krc:0.81 | lsd:0.585 | ed:0.876 | hr@1:0.688 | hr@2:0.883 | hr@3:0.927 | acc@1:0.688 | acc@2:0.631 | acc@3:0.599 | Best krc: 0.811 | Best epoch: 104
[2023-11-25 14:18:43] INFO (nni/MainThread) Intermediate result: 0.8098540947950656  (Index 222)
-----------------ETPA RESULT-------------------
Epoch 111: Validation	rmse: 20.23	mae: 15.96	mape: 35.97%	acc@10: 34.32%	acc@20: 72.77%	acc@30: 91.49%	
[2023-11-25 14:18:43] INFO (nni/MainThread) Intermediate result: 20.23248318004185  (Index 223)
*** Epoch: 112 ***
-----------------G2R RESULT-------------------

val result: krc:0.791 | lsd:0.61 | ed:0.924 | hr@1:0.679 | hr@2:0.876 | hr@3:0.919 | acc@1:0.679 | acc@2:0.618 | acc@3:0.581 | Best krc: 0.811 | Best epoch: 104
[2023-11-25 14:19:13] INFO (nni/MainThread) Intermediate result: 0.7914680859149597  (Index 224)
-----------------ETPA RESULT-------------------
Epoch 112: Validation	rmse: 20.26	mae: 15.98	mape: 35.98%	acc@10: 34.24%	acc@20: 72.68%	acc@30: 91.43%	
[2023-11-25 14:19:13] INFO (nni/MainThread) Intermediate result: 20.264391428194713  (Index 225)
*** Epoch: 113 ***
-----------------G2R RESULT-------------------

val result: krc:0.809 | lsd:0.561 | ed:0.87 | hr@1:0.697 | hr@2:0.884 | hr@3:0.927 | acc@1:0.697 | acc@2:0.638 | acc@3:0.603 | Best krc: 0.811 | Best epoch: 104
[2023-11-25 14:19:43] INFO (nni/MainThread) Intermediate result: 0.8089716395444422  (Index 226)
-----------------ETPA RESULT-------------------
Epoch 113: Validation	rmse: 20.28	mae: 15.99	mape: 35.97%	acc@10: 34.27%	acc@20: 72.59%	acc@30: 91.45%	
[2023-11-25 14:19:43] INFO (nni/MainThread) Intermediate result: 20.27734493542114  (Index 227)
*** Epoch: 114 ***
-----------------G2R RESULT-------------------

val result: krc:0.802 | lsd:0.59 | ed:0.907 | hr@1:0.689 | hr@2:0.878 | hr@3:0.92 | acc@1:0.689 | acc@2:0.624 | acc@3:0.588 | Best krc: 0.811 | Best epoch: 104
[2023-11-25 14:20:14] INFO (nni/MainThread) Intermediate result: 0.8018551598525364  (Index 228)
-----------------ETPA RESULT-------------------
Epoch 114: Validation	rmse: 20.28	mae: 15.98	mape: 35.94%	acc@10: 34.27%	acc@20: 72.64%	acc@30: 91.47%	
[2023-11-25 14:20:14] INFO (nni/MainThread) Intermediate result: 20.278727959906245  (Index 229)
*** Epoch: 115 ***
-----------------G2R RESULT-------------------

val result: krc:0.806 | lsd:0.586 | ed:0.887 | hr@1:0.69 | hr@2:0.883 | hr@3:0.923 | acc@1:0.69 | acc@2:0.634 | acc@3:0.597 | Best krc: 0.811 | Best epoch: 104
[2023-11-25 14:20:43] INFO (nni/MainThread) Intermediate result: 0.8057806369568502  (Index 230)
-----------------ETPA RESULT-------------------
Epoch 115: Validation	rmse: 20.28	mae: 15.97	mape: 35.91%	acc@10: 34.32%	acc@20: 72.74%	acc@30: 91.49%	
[2023-11-25 14:20:43] INFO (nni/MainThread) Intermediate result: 20.277744285399383  (Index 231)
*** Epoch: 116 ***
-----------------G2R RESULT-------------------

val result: krc:0.812 | lsd:0.551 | ed:0.867 | hr@1:0.698 | hr@2:0.884 | hr@3:0.929 | acc@1:0.698 | acc@2:0.638 | acc@3:0.606 | Best krc: 0.811 | Best epoch: 104
best model saved
[2023-11-25 14:21:14] INFO (nni/MainThread) Intermediate result: 0.8120600463844887  (Index 232)
-----------------ETPA RESULT-------------------
Epoch 116: Validation	rmse: 20.29	mae: 15.98	mape: 35.91%	acc@10: 34.32%	acc@20: 72.76%	acc@30: 91.48%	
[2023-11-25 14:21:14] INFO (nni/MainThread) Intermediate result: 20.289755344243193  (Index 233)
*** Epoch: 117 ***
-----------------G2R RESULT-------------------

val result: krc:0.814 | lsd:0.568 | ed:0.865 | hr@1:0.703 | hr@2:0.888 | hr@3:0.925 | acc@1:0.703 | acc@2:0.648 | acc@3:0.611 | Best krc: 0.812 | Best epoch: 116
best model saved
[2023-11-25 14:21:46] INFO (nni/MainThread) Intermediate result: 0.8141883444900496  (Index 234)
-----------------ETPA RESULT-------------------
Epoch 117: Validation	rmse: 20.3	mae: 15.99	mape: 35.9%	acc@10: 34.32%	acc@20: 72.75%	acc@30: 91.5%	
[2023-11-25 14:21:46] INFO (nni/MainThread) Intermediate result: 20.30019115345391  (Index 235)
*** Epoch: 118 ***
-----------------G2R RESULT-------------------

val result: krc:0.812 | lsd:0.596 | ed:0.871 | hr@1:0.703 | hr@2:0.888 | hr@3:0.925 | acc@1:0.703 | acc@2:0.645 | acc@3:0.608 | Best krc: 0.814 | Best epoch: 117
[2023-11-25 14:22:16] INFO (nni/MainThread) Intermediate result: 0.811599056015322  (Index 236)
-----------------ETPA RESULT-------------------
Epoch 118: Validation	rmse: 20.32	mae: 15.99	mape: 35.89%	acc@10: 34.35%	acc@20: 72.79%	acc@30: 91.49%	
[2023-11-25 14:22:16] INFO (nni/MainThread) Intermediate result: 20.31549874220755  (Index 237)
*** Epoch: 119 ***
-----------------G2R RESULT-------------------

val result: krc:0.819 | lsd:0.562 | ed:0.851 | hr@1:0.709 | hr@2:0.887 | hr@3:0.928 | acc@1:0.709 | acc@2:0.651 | acc@3:0.616 | Best krc: 0.814 | Best epoch: 117
best model saved
[2023-11-25 14:22:47] INFO (nni/MainThread) Intermediate result: 0.818603886841753  (Index 238)
-----------------ETPA RESULT-------------------
Epoch 119: Validation	rmse: 20.33	mae: 16.0	mape: 35.87%	acc@10: 34.4%	acc@20: 72.79%	acc@30: 91.48%	
[2023-11-25 14:22:47] INFO (nni/MainThread) Intermediate result: 20.33419456851847  (Index 239)
*** Epoch: 120 ***
-----------------G2R RESULT-------------------

val result: krc:0.815 | lsd:0.558 | ed:0.862 | hr@1:0.707 | hr@2:0.886 | hr@3:0.928 | acc@1:0.707 | acc@2:0.65 | acc@3:0.616 | Best krc: 0.819 | Best epoch: 119
[2023-11-25 14:23:18] INFO (nni/MainThread) Intermediate result: 0.814919916598972  (Index 240)
-----------------ETPA RESULT-------------------
Epoch 120: Validation	rmse: 20.36	mae: 16.01	mape: 35.88%	acc@10: 34.38%	acc@20: 72.78%	acc@30: 91.48%	
[2023-11-25 14:23:18] INFO (nni/MainThread) Intermediate result: 20.35568555052468  (Index 241)
*** Epoch: 121 ***
-----------------G2R RESULT-------------------

val result: krc:0.817 | lsd:0.569 | ed:0.851 | hr@1:0.708 | hr@2:0.885 | hr@3:0.926 | acc@1:0.708 | acc@2:0.652 | acc@3:0.62 | Best krc: 0.819 | Best epoch: 119
[2023-11-25 14:23:48] INFO (nni/MainThread) Intermediate result: 0.8174818328119595  (Index 242)
-----------------ETPA RESULT-------------------
Epoch 121: Validation	rmse: 20.38	mae: 16.03	mape: 35.89%	acc@10: 34.3%	acc@20: 72.72%	acc@30: 91.44%	
[2023-11-25 14:23:48] INFO (nni/MainThread) Intermediate result: 20.378511506980455  (Index 243)
*** Epoch: 122 ***
-----------------G2R RESULT-------------------

val result: krc:0.818 | lsd:0.558 | ed:0.861 | hr@1:0.706 | hr@2:0.887 | hr@3:0.926 | acc@1:0.706 | acc@2:0.647 | acc@3:0.615 | Best krc: 0.819 | Best epoch: 119
[2023-11-25 14:24:18] INFO (nni/MainThread) Intermediate result: 0.8179478206937763  (Index 244)
-----------------ETPA RESULT-------------------
Epoch 122: Validation	rmse: 20.4	mae: 16.04	mape: 35.91%	acc@10: 34.25%	acc@20: 72.69%	acc@30: 91.46%	
[2023-11-25 14:24:18] INFO (nni/MainThread) Intermediate result: 20.396813514443583  (Index 245)
*** Epoch: 123 ***
-----------------G2R RESULT-------------------

val result: krc:0.814 | lsd:0.588 | ed:0.863 | hr@1:0.703 | hr@2:0.886 | hr@3:0.927 | acc@1:0.703 | acc@2:0.643 | acc@3:0.61 | Best krc: 0.819 | Best epoch: 119
[2023-11-25 14:24:49] INFO (nni/MainThread) Intermediate result: 0.8137839788998513  (Index 246)
-----------------ETPA RESULT-------------------
Epoch 123: Validation	rmse: 20.41	mae: 16.05	mape: 35.91%	acc@10: 34.22%	acc@20: 72.63%	acc@30: 91.48%	
[2023-11-25 14:24:49] INFO (nni/MainThread) Intermediate result: 20.41299964413019  (Index 247)
*** Epoch: 124 ***
-----------------G2R RESULT-------------------

val result: krc:0.816 | lsd:0.578 | ed:0.857 | hr@1:0.708 | hr@2:0.889 | hr@3:0.926 | acc@1:0.708 | acc@2:0.651 | acc@3:0.614 | Best krc: 0.819 | Best epoch: 119
[2023-11-25 14:25:19] INFO (nni/MainThread) Intermediate result: 0.8162941141515693  (Index 248)
-----------------ETPA RESULT-------------------
Epoch 124: Validation	rmse: 20.43	mae: 16.06	mape: 35.92%	acc@10: 34.25%	acc@20: 72.62%	acc@30: 91.47%	
[2023-11-25 14:25:19] INFO (nni/MainThread) Intermediate result: 20.431956363397333  (Index 249)
*** Epoch: 125 ***
-----------------G2R RESULT-------------------

val result: krc:0.822 | lsd:0.534 | ed:0.845 | hr@1:0.713 | hr@2:0.893 | hr@3:0.93 | acc@1:0.713 | acc@2:0.658 | acc@3:0.622 | Best krc: 0.819 | Best epoch: 119
best model saved
[2023-11-25 14:25:51] INFO (nni/MainThread) Intermediate result: 0.8218509421395298  (Index 250)
-----------------ETPA RESULT-------------------
Epoch 125: Validation	rmse: 20.46	mae: 16.08	mape: 35.95%	acc@10: 34.2%	acc@20: 72.52%	acc@30: 91.42%	
[2023-11-25 14:25:51] INFO (nni/MainThread) Intermediate result: 20.463800013918416  (Index 251)
*** Epoch: 126 ***
-----------------G2R RESULT-------------------

val result: krc:0.815 | lsd:0.576 | ed:0.863 | hr@1:0.701 | hr@2:0.884 | hr@3:0.925 | acc@1:0.701 | acc@2:0.647 | acc@3:0.615 | Best krc: 0.822 | Best epoch: 125
[2023-11-25 14:26:21] INFO (nni/MainThread) Intermediate result: 0.8154811989092707  (Index 252)
-----------------ETPA RESULT-------------------
Epoch 126: Validation	rmse: 20.5	mae: 16.12	mape: 36.01%	acc@10: 34.13%	acc@20: 72.37%	acc@30: 91.36%	
[2023-11-25 14:26:21] INFO (nni/MainThread) Intermediate result: 20.500356719820935  (Index 253)
*** Epoch: 127 ***
-----------------G2R RESULT-------------------

val result: krc:0.814 | lsd:0.554 | ed:0.864 | hr@1:0.708 | hr@2:0.888 | hr@3:0.925 | acc@1:0.708 | acc@2:0.647 | acc@3:0.61 | Best krc: 0.822 | Best epoch: 125
[2023-11-25 14:26:51] INFO (nni/MainThread) Intermediate result: 0.8142159128341899  (Index 254)
-----------------ETPA RESULT-------------------
Epoch 127: Validation	rmse: 20.52	mae: 16.13	mape: 36.02%	acc@10: 34.11%	acc@20: 72.34%	acc@30: 91.33%	
[2023-11-25 14:26:51] INFO (nni/MainThread) Intermediate result: 20.524182003683055  (Index 255)
*** Epoch: 128 ***
-----------------G2R RESULT-------------------

val result: krc:0.821 | lsd:0.542 | ed:0.845 | hr@1:0.714 | hr@2:0.889 | hr@3:0.931 | acc@1:0.714 | acc@2:0.654 | acc@3:0.623 | Best krc: 0.822 | Best epoch: 125
[2023-11-25 14:27:26] INFO (nni/MainThread) Intermediate result: 0.8212338329697314  (Index 256)
-----------------ETPA RESULT-------------------
Epoch 128: Validation	rmse: 20.55	mae: 16.15	mape: 36.04%	acc@10: 34.04%	acc@20: 72.34%	acc@30: 91.3%	
[2023-11-25 14:27:26] INFO (nni/MainThread) Intermediate result: 20.550888117939735  (Index 257)
*** Epoch: 129 ***
-----------------G2R RESULT-------------------

val result: krc:0.794 | lsd:0.617 | ed:0.919 | hr@1:0.672 | hr@2:0.877 | hr@3:0.92 | acc@1:0.672 | acc@2:0.615 | acc@3:0.578 | Best krc: 0.822 | Best epoch: 125
[2023-11-25 14:27:57] INFO (nni/MainThread) Intermediate result: 0.7939030290669995  (Index 258)
-----------------ETPA RESULT-------------------
Epoch 129: Validation	rmse: 20.57	mae: 16.16	mape: 36.05%	acc@10: 34.04%	acc@20: 72.36%	acc@30: 91.3%	
[2023-11-25 14:27:57] INFO (nni/MainThread) Intermediate result: 20.567620449085638  (Index 259)
*** Epoch: 130 ***
-----------------G2R RESULT-------------------

val result: krc:0.818 | lsd:0.547 | ed:0.864 | hr@1:0.708 | hr@2:0.891 | hr@3:0.93 | acc@1:0.708 | acc@2:0.65 | acc@3:0.617 | Best krc: 0.822 | Best epoch: 125
[2023-11-25 14:28:31] INFO (nni/MainThread) Intermediate result: 0.8181590286181453  (Index 260)
-----------------ETPA RESULT-------------------
Epoch 130: Validation	rmse: 20.59	mae: 16.17	mape: 36.05%	acc@10: 34.04%	acc@20: 72.3%	acc@30: 91.29%	
[2023-11-25 14:28:31] INFO (nni/MainThread) Intermediate result: 20.587179538685685  (Index 261)
*** Epoch: 131 ***
-----------------G2R RESULT-------------------

val result: krc:0.821 | lsd:0.55 | ed:0.846 | hr@1:0.712 | hr@2:0.888 | hr@3:0.928 | acc@1:0.712 | acc@2:0.653 | acc@3:0.623 | Best krc: 0.822 | Best epoch: 125
[2023-11-25 14:29:02] INFO (nni/MainThread) Intermediate result: 0.8207058707539687  (Index 262)
-----------------ETPA RESULT-------------------
Epoch 131: Validation	rmse: 20.61	mae: 16.18	mape: 36.06%	acc@10: 34.0%	acc@20: 72.28%	acc@30: 91.26%	
[2023-11-25 14:29:02] INFO (nni/MainThread) Intermediate result: 20.607181204639897  (Index 263)
*** Epoch: 132 ***
-----------------G2R RESULT-------------------

val result: krc:0.824 | lsd:0.533 | ed:0.838 | hr@1:0.714 | hr@2:0.89 | hr@3:0.931 | acc@1:0.714 | acc@2:0.655 | acc@3:0.623 | Best krc: 0.822 | Best epoch: 125
best model saved
[2023-11-25 14:29:33] INFO (nni/MainThread) Intermediate result: 0.8235119017891208  (Index 264)
-----------------ETPA RESULT-------------------
Epoch 132: Validation	rmse: 20.63	mae: 16.2	mape: 36.08%	acc@10: 33.98%	acc@20: 72.25%	acc@30: 91.21%	
[2023-11-25 14:29:33] INFO (nni/MainThread) Intermediate result: 20.62879325228683  (Index 265)
*** Epoch: 133 ***
-----------------G2R RESULT-------------------

val result: krc:0.826 | lsd:0.555 | ed:0.843 | hr@1:0.72 | hr@2:0.886 | hr@3:0.927 | acc@1:0.72 | acc@2:0.658 | acc@3:0.623 | Best krc: 0.824 | Best epoch: 132
best model saved
[2023-11-25 14:30:05] INFO (nni/MainThread) Intermediate result: 0.8257305388743954  (Index 266)
-----------------ETPA RESULT-------------------
Epoch 133: Validation	rmse: 20.64	mae: 16.2	mape: 36.07%	acc@10: 33.96%	acc@20: 72.27%	acc@30: 91.18%	
[2023-11-25 14:30:05] INFO (nni/MainThread) Intermediate result: 20.64266996509421  (Index 267)
*** Epoch: 134 ***
-----------------G2R RESULT-------------------

val result: krc:0.82 | lsd:0.554 | ed:0.857 | hr@1:0.708 | hr@2:0.89 | hr@3:0.929 | acc@1:0.708 | acc@2:0.65 | acc@3:0.616 | Best krc: 0.826 | Best epoch: 133
[2023-11-25 14:30:40] INFO (nni/MainThread) Intermediate result: 0.8198099971252573  (Index 268)
-----------------ETPA RESULT-------------------
Epoch 134: Validation	rmse: 20.68	mae: 16.23	mape: 36.1%	acc@10: 33.87%	acc@20: 72.25%	acc@30: 91.13%	
[2023-11-25 14:30:40] INFO (nni/MainThread) Intermediate result: 20.67522824290291  (Index 269)
*** Epoch: 135 ***
-----------------G2R RESULT-------------------

val result: krc:0.824 | lsd:0.529 | ed:0.831 | hr@1:0.721 | hr@2:0.892 | hr@3:0.931 | acc@1:0.721 | acc@2:0.661 | acc@3:0.626 | Best krc: 0.826 | Best epoch: 133
[2023-11-25 14:31:10] INFO (nni/MainThread) Intermediate result: 0.8241340350041705  (Index 270)
-----------------ETPA RESULT-------------------
Epoch 135: Validation	rmse: 20.7	mae: 16.24	mape: 36.12%	acc@10: 33.85%	acc@20: 72.17%	acc@30: 91.11%	
[2023-11-25 14:31:10] INFO (nni/MainThread) Intermediate result: 20.695534172190182  (Index 271)
*** Epoch: 136 ***
-----------------G2R RESULT-------------------

val result: krc:0.818 | lsd:0.554 | ed:0.87 | hr@1:0.712 | hr@2:0.894 | hr@3:0.929 | acc@1:0.712 | acc@2:0.654 | acc@3:0.616 | Best krc: 0.826 | Best epoch: 133
[2023-11-25 14:31:41] INFO (nni/MainThread) Intermediate result: 0.8176163026272341  (Index 272)
-----------------ETPA RESULT-------------------
Epoch 136: Validation	rmse: 20.73	mae: 16.27	mape: 36.17%	acc@10: 33.74%	acc@20: 72.13%	acc@30: 91.04%	
[2023-11-25 14:31:41] INFO (nni/MainThread) Intermediate result: 20.734515143430503  (Index 273)
*** Epoch: 137 ***
-----------------G2R RESULT-------------------

val result: krc:0.827 | lsd:0.521 | ed:0.823 | hr@1:0.721 | hr@2:0.896 | hr@3:0.931 | acc@1:0.721 | acc@2:0.666 | acc@3:0.633 | Best krc: 0.826 | Best epoch: 133
best model saved
[2023-11-25 14:32:14] INFO (nni/MainThread) Intermediate result: 0.8272366989113819  (Index 274)
-----------------ETPA RESULT-------------------
Epoch 137: Validation	rmse: 20.76	mae: 16.29	mape: 36.19%	acc@10: 33.67%	acc@20: 72.12%	acc@30: 91.01%	
[2023-11-25 14:32:14] INFO (nni/MainThread) Intermediate result: 20.757388420460526  (Index 275)
*** Epoch: 138 ***
-----------------G2R RESULT-------------------

val result: krc:0.825 | lsd:0.505 | ed:0.833 | hr@1:0.714 | hr@2:0.894 | hr@3:0.931 | acc@1:0.714 | acc@2:0.656 | acc@3:0.623 | Best krc: 0.827 | Best epoch: 137
[2023-11-25 14:32:44] INFO (nni/MainThread) Intermediate result: 0.8254590301114131  (Index 276)
-----------------ETPA RESULT-------------------
Epoch 138: Validation	rmse: 20.78	mae: 16.31	mape: 36.21%	acc@10: 33.61%	acc@20: 72.05%	acc@30: 90.96%	
[2023-11-25 14:32:44] INFO (nni/MainThread) Intermediate result: 20.77995323356394  (Index 277)
*** Epoch: 139 ***
-----------------G2R RESULT-------------------

val result: krc:0.815 | lsd:0.567 | ed:0.865 | hr@1:0.704 | hr@2:0.886 | hr@3:0.928 | acc@1:0.704 | acc@2:0.643 | acc@3:0.608 | Best krc: 0.827 | Best epoch: 137
[2023-11-25 14:33:20] INFO (nni/MainThread) Intermediate result: 0.8148954813668414  (Index 278)
-----------------ETPA RESULT-------------------
Epoch 139: Validation	rmse: 20.8	mae: 16.32	mape: 36.22%	acc@10: 33.57%	acc@20: 72.03%	acc@30: 90.96%	
[2023-11-25 14:33:20] INFO (nni/MainThread) Intermediate result: 20.795397958246806  (Index 279)
*** Epoch: 140 ***
-----------------G2R RESULT-------------------

val result: krc:0.829 | lsd:0.504 | ed:0.827 | hr@1:0.724 | hr@2:0.893 | hr@3:0.929 | acc@1:0.724 | acc@2:0.669 | acc@3:0.632 | Best krc: 0.827 | Best epoch: 137
best model saved
[2023-11-25 14:33:58] INFO (nni/MainThread) Intermediate result: 0.8286463048684298  (Index 280)
-----------------ETPA RESULT-------------------
Epoch 140: Validation	rmse: 20.82	mae: 16.34	mape: 36.27%	acc@10: 33.47%	acc@20: 71.94%	acc@30: 90.89%	
[2023-11-25 14:33:58] INFO (nni/MainThread) Intermediate result: 20.824025828825818  (Index 281)
*** Epoch: 141 ***
-----------------G2R RESULT-------------------

val result: krc:0.821 | lsd:0.54 | ed:0.863 | hr@1:0.721 | hr@2:0.891 | hr@3:0.926 | acc@1:0.721 | acc@2:0.661 | acc@3:0.618 | Best krc: 0.829 | Best epoch: 140
[2023-11-25 14:34:29] INFO (nni/MainThread) Intermediate result: 0.8205369224695853  (Index 282)
-----------------ETPA RESULT-------------------
Epoch 141: Validation	rmse: 20.84	mae: 16.36	mape: 36.29%	acc@10: 33.43%	acc@20: 71.94%	acc@30: 90.87%	
[2023-11-25 14:34:29] INFO (nni/MainThread) Intermediate result: 20.841909489130956  (Index 283)
*** Epoch: 142 ***
-----------------G2R RESULT-------------------

val result: krc:0.832 | lsd:0.506 | ed:0.825 | hr@1:0.728 | hr@2:0.889 | hr@3:0.929 | acc@1:0.728 | acc@2:0.666 | acc@3:0.632 | Best krc: 0.829 | Best epoch: 140
best model saved
[2023-11-25 14:35:02] INFO (nni/MainThread) Intermediate result: 0.8315311687939584  (Index 284)
-----------------ETPA RESULT-------------------
Epoch 142: Validation	rmse: 20.86	mae: 16.37	mape: 36.31%	acc@10: 33.37%	acc@20: 71.96%	acc@30: 90.84%	
[2023-11-25 14:35:02] INFO (nni/MainThread) Intermediate result: 20.86399771943388  (Index 285)
*** Epoch: 143 ***
-----------------G2R RESULT-------------------

val result: krc:0.832 | lsd:0.521 | ed:0.812 | hr@1:0.728 | hr@2:0.896 | hr@3:0.933 | acc@1:0.728 | acc@2:0.672 | acc@3:0.638 | Best krc: 0.832 | Best epoch: 142
best model saved
[2023-11-25 14:35:34] INFO (nni/MainThread) Intermediate result: 0.8320866563192755  (Index 286)
-----------------ETPA RESULT-------------------
Epoch 143: Validation	rmse: 20.9	mae: 16.4	mape: 36.35%	acc@10: 33.27%	acc@20: 71.92%	acc@30: 90.78%	
[2023-11-25 14:35:34] INFO (nni/MainThread) Intermediate result: 20.89927702283722  (Index 287)
*** Epoch: 144 ***
-----------------G2R RESULT-------------------

val result: krc:0.82 | lsd:0.589 | ed:0.858 | hr@1:0.724 | hr@2:0.89 | hr@3:0.925 | acc@1:0.724 | acc@2:0.663 | acc@3:0.62 | Best krc: 0.832 | Best epoch: 143
[2023-11-25 14:36:06] INFO (nni/MainThread) Intermediate result: 0.8201928205076433  (Index 288)
-----------------ETPA RESULT-------------------
Epoch 144: Validation	rmse: 20.92	mae: 16.41	mape: 36.37%	acc@10: 33.21%	acc@20: 71.94%	acc@30: 90.75%	
[2023-11-25 14:36:06] INFO (nni/MainThread) Intermediate result: 20.921159785365056  (Index 289)
*** Epoch: 145 ***
-----------------G2R RESULT-------------------

val result: krc:0.831 | lsd:0.517 | ed:0.822 | hr@1:0.727 | hr@2:0.893 | hr@3:0.932 | acc@1:0.727 | acc@2:0.666 | acc@3:0.631 | Best krc: 0.832 | Best epoch: 143
[2023-11-25 14:36:37] INFO (nni/MainThread) Intermediate result: 0.8311258024069568  (Index 290)
-----------------ETPA RESULT-------------------
Epoch 145: Validation	rmse: 20.93	mae: 16.42	mape: 36.37%	acc@10: 33.22%	acc@20: 71.96%	acc@30: 90.75%	
[2023-11-25 14:36:37] INFO (nni/MainThread) Intermediate result: 20.932203478025087  (Index 291)
*** Epoch: 146 ***
-----------------G2R RESULT-------------------

val result: krc:0.817 | lsd:0.547 | ed:0.856 | hr@1:0.71 | hr@2:0.892 | hr@3:0.926 | acc@1:0.71 | acc@2:0.654 | acc@3:0.619 | Best krc: 0.832 | Best epoch: 143
[2023-11-25 14:37:09] INFO (nni/MainThread) Intermediate result: 0.8170242586770788  (Index 292)
-----------------ETPA RESULT-------------------
Epoch 146: Validation	rmse: 20.96	mae: 16.44	mape: 36.39%	acc@10: 33.16%	acc@20: 71.92%	acc@30: 90.73%	
[2023-11-25 14:37:09] INFO (nni/MainThread) Intermediate result: 20.955880112257667  (Index 293)
*** Epoch: 147 ***
-----------------G2R RESULT-------------------

val result: krc:0.828 | lsd:0.535 | ed:0.833 | hr@1:0.73 | hr@2:0.895 | hr@3:0.932 | acc@1:0.73 | acc@2:0.67 | acc@3:0.637 | Best krc: 0.832 | Best epoch: 143
[2023-11-25 14:37:40] INFO (nni/MainThread) Intermediate result: 0.8281817063889649  (Index 294)
-----------------ETPA RESULT-------------------
Epoch 147: Validation	rmse: 20.98	mae: 16.44	mape: 36.39%	acc@10: 33.17%	acc@20: 71.96%	acc@30: 90.71%	
[2023-11-25 14:37:40] INFO (nni/MainThread) Intermediate result: 20.97501720356742  (Index 295)
*** Epoch: 148 ***
-----------------G2R RESULT-------------------

val result: krc:0.824 | lsd:0.547 | ed:0.849 | hr@1:0.731 | hr@2:0.891 | hr@3:0.931 | acc@1:0.731 | acc@2:0.666 | acc@3:0.632 | Best krc: 0.832 | Best epoch: 143
[2023-11-25 14:38:12] INFO (nni/MainThread) Intermediate result: 0.8242997747851267  (Index 296)
-----------------ETPA RESULT-------------------
Epoch 148: Validation	rmse: 21.0	mae: 16.46	mape: 36.43%	acc@10: 33.07%	acc@20: 71.94%	acc@30: 90.67%	
[2023-11-25 14:38:12] INFO (nni/MainThread) Intermediate result: 20.999186051346527  (Index 297)
*** Epoch: 149 ***
-----------------G2R RESULT-------------------

val result: krc:0.827 | lsd:0.558 | ed:0.844 | hr@1:0.742 | hr@2:0.891 | hr@3:0.929 | acc@1:0.742 | acc@2:0.672 | acc@3:0.634 | Best krc: 0.832 | Best epoch: 143
[2023-11-25 14:38:44] INFO (nni/MainThread) Intermediate result: 0.8270794405031395  (Index 298)
-----------------ETPA RESULT-------------------
Epoch 149: Validation	rmse: 21.02	mae: 16.47	mape: 36.44%	acc@10: 33.08%	acc@20: 71.94%	acc@30: 90.65%	
[2023-11-25 14:38:44] INFO (nni/MainThread) Intermediate result: 21.01545493195274  (Index 299)
*** Epoch: 150 ***
-----------------G2R RESULT-------------------

val result: krc:0.824 | lsd:0.546 | ed:0.846 | hr@1:0.727 | hr@2:0.893 | hr@3:0.931 | acc@1:0.727 | acc@2:0.664 | acc@3:0.627 | Best krc: 0.832 | Best epoch: 143
[2023-11-25 14:39:15] INFO (nni/MainThread) Intermediate result: 0.8244259822834376  (Index 300)
-----------------ETPA RESULT-------------------
Epoch 150: Validation	rmse: 21.03	mae: 16.48	mape: 36.46%	acc@10: 33.11%	acc@20: 71.98%	acc@30: 90.62%	
[2023-11-25 14:39:15] INFO (nni/MainThread) Intermediate result: 21.03048273138113  (Index 301)
*** Epoch: 151 ***
-----------------G2R RESULT-------------------

val result: krc:0.825 | lsd:0.539 | ed:0.852 | hr@1:0.719 | hr@2:0.891 | hr@3:0.926 | acc@1:0.719 | acc@2:0.658 | acc@3:0.621 | Best krc: 0.832 | Best epoch: 143
[2023-11-25 14:39:47] INFO (nni/MainThread) Intermediate result: 0.8250753013848773  (Index 302)
-----------------ETPA RESULT-------------------
Epoch 151: Validation	rmse: 21.05	mae: 16.49	mape: 36.47%	acc@10: 33.12%	acc@20: 71.96%	acc@30: 90.58%	
[2023-11-25 14:39:47] INFO (nni/MainThread) Intermediate result: 21.05248146409471  (Index 303)
*** Epoch: 152 ***
-----------------G2R RESULT-------------------

val result: krc:0.828 | lsd:0.514 | ed:0.839 | hr@1:0.717 | hr@2:0.896 | hr@3:0.931 | acc@1:0.717 | acc@2:0.657 | acc@3:0.626 | Best krc: 0.832 | Best epoch: 143
[2023-11-25 14:40:18] INFO (nni/MainThread) Intermediate result: 0.827762426240782  (Index 304)
-----------------ETPA RESULT-------------------
Epoch 152: Validation	rmse: 21.08	mae: 16.51	mape: 36.51%	acc@10: 33.03%	acc@20: 71.92%	acc@30: 90.52%	
[2023-11-25 14:40:18] INFO (nni/MainThread) Intermediate result: 21.082864882568387  (Index 305)
*** Epoch: 153 ***
-----------------G2R RESULT-------------------

val result: krc:0.819 | lsd:0.538 | ed:0.871 | hr@1:0.717 | hr@2:0.892 | hr@3:0.927 | acc@1:0.717 | acc@2:0.657 | acc@3:0.614 | Best krc: 0.832 | Best epoch: 143
[2023-11-25 14:40:50] INFO (nni/MainThread) Intermediate result: 0.8189568364557432  (Index 306)
-----------------ETPA RESULT-------------------
Epoch 153: Validation	rmse: 21.1	mae: 16.52	mape: 36.53%	acc@10: 33.02%	acc@20: 71.9%	acc@30: 90.52%	
[2023-11-25 14:40:50] INFO (nni/MainThread) Intermediate result: 21.102920758177174  (Index 307)
*** Epoch: 154 ***
-----------------G2R RESULT-------------------

val result: krc:0.821 | lsd:0.533 | ed:0.845 | hr@1:0.722 | hr@2:0.89 | hr@3:0.929 | acc@1:0.722 | acc@2:0.66 | acc@3:0.623 | Best krc: 0.832 | Best epoch: 143
[2023-11-25 14:41:22] INFO (nni/MainThread) Intermediate result: 0.8214005910201799  (Index 308)
-----------------ETPA RESULT-------------------
Epoch 154: Validation	rmse: 21.13	mae: 16.54	mape: 36.56%	acc@10: 32.96%	acc@20: 71.88%	acc@30: 90.48%	
[2023-11-25 14:41:22] INFO (nni/MainThread) Intermediate result: 21.125407248849093  (Index 309)
*** Epoch: 155 ***
-----------------G2R RESULT-------------------

val result: krc:0.822 | lsd:0.555 | ed:0.856 | hr@1:0.722 | hr@2:0.888 | hr@3:0.927 | acc@1:0.722 | acc@2:0.66 | acc@3:0.623 | Best krc: 0.832 | Best epoch: 143
[2023-11-25 14:42:00] INFO (nni/MainThread) Intermediate result: 0.8215939797137872  (Index 310)
-----------------ETPA RESULT-------------------
Epoch 155: Validation	rmse: 21.16	mae: 16.57	mape: 36.62%	acc@10: 32.83%	acc@20: 71.83%	acc@30: 90.42%	
[2023-11-25 14:42:00] INFO (nni/MainThread) Intermediate result: 21.160038459442124  (Index 311)
*** Epoch: 156 ***
-----------------G2R RESULT-------------------

val result: krc:0.827 | lsd:0.539 | ed:0.838 | hr@1:0.72 | hr@2:0.894 | hr@3:0.931 | acc@1:0.72 | acc@2:0.662 | acc@3:0.627 | Best krc: 0.832 | Best epoch: 143
[2023-11-25 14:42:32] INFO (nni/MainThread) Intermediate result: 0.8271530467944985  (Index 312)
-----------------ETPA RESULT-------------------
Epoch 156: Validation	rmse: 21.19	mae: 16.59	mape: 36.64%	acc@10: 32.78%	acc@20: 71.82%	acc@30: 90.39%	
[2023-11-25 14:42:32] INFO (nni/MainThread) Intermediate result: 21.189542126504243  (Index 313)
*** Epoch: 157 ***
-----------------G2R RESULT-------------------

val result: krc:0.825 | lsd:0.523 | ed:0.849 | hr@1:0.723 | hr@2:0.895 | hr@3:0.933 | acc@1:0.723 | acc@2:0.661 | acc@3:0.625 | Best krc: 0.832 | Best epoch: 143
[2023-11-25 14:43:04] INFO (nni/MainThread) Intermediate result: 0.8250622784072721  (Index 314)
-----------------ETPA RESULT-------------------
Epoch 157: Validation	rmse: 21.21	mae: 16.61	mape: 36.66%	acc@10: 32.71%	acc@20: 71.82%	acc@30: 90.35%	
[2023-11-25 14:43:04] INFO (nni/MainThread) Intermediate result: 21.21032407439286  (Index 315)
*** Epoch: 158 ***
-----------------G2R RESULT-------------------

val result: krc:0.821 | lsd:0.549 | ed:0.857 | hr@1:0.72 | hr@2:0.892 | hr@3:0.933 | acc@1:0.72 | acc@2:0.655 | acc@3:0.623 | Best krc: 0.832 | Best epoch: 143
[2023-11-25 14:43:36] INFO (nni/MainThread) Intermediate result: 0.821256363678751  (Index 316)
-----------------ETPA RESULT-------------------
Epoch 158: Validation	rmse: 21.24	mae: 16.63	mape: 36.69%	acc@10: 32.63%	acc@20: 71.74%	acc@30: 90.31%	
[2023-11-25 14:43:36] INFO (nni/MainThread) Intermediate result: 21.240489142096475  (Index 317)
*** Epoch: 159 ***
-----------------G2R RESULT-------------------

val result: krc:0.822 | lsd:0.55 | ed:0.856 | hr@1:0.717 | hr@2:0.894 | hr@3:0.931 | acc@1:0.717 | acc@2:0.657 | acc@3:0.62 | Best krc: 0.832 | Best epoch: 143
[2023-11-25 14:44:08] INFO (nni/MainThread) Intermediate result: 0.8218667148006894  (Index 318)
-----------------ETPA RESULT-------------------
Epoch 159: Validation	rmse: 21.25	mae: 16.64	mape: 36.7%	acc@10: 32.6%	acc@20: 71.74%	acc@30: 90.27%	
[2023-11-25 14:44:08] INFO (nni/MainThread) Intermediate result: 21.252157149244404  (Index 319)
*** Epoch: 160 ***
-----------------G2R RESULT-------------------

val result: krc:0.816 | lsd:0.533 | ed:0.88 | hr@1:0.722 | hr@2:0.893 | hr@3:0.929 | acc@1:0.722 | acc@2:0.656 | acc@3:0.61 | Best krc: 0.832 | Best epoch: 143
[2023-11-25 14:44:40] INFO (nni/MainThread) Intermediate result: 0.8157565710779529  (Index 320)
-----------------ETPA RESULT-------------------
Epoch 160: Validation	rmse: 21.26	mae: 16.64	mape: 36.69%	acc@10: 32.63%	acc@20: 71.78%	acc@30: 90.26%	
[2023-11-25 14:44:40] INFO (nni/MainThread) Intermediate result: 21.259682476765548  (Index 321)
*** Epoch: 161 ***
-----------------G2R RESULT-------------------

val result: krc:0.821 | lsd:0.56 | ed:0.857 | hr@1:0.72 | hr@2:0.893 | hr@3:0.928 | acc@1:0.72 | acc@2:0.658 | acc@3:0.621 | Best krc: 0.832 | Best epoch: 143
[2023-11-25 14:45:12] INFO (nni/MainThread) Intermediate result: 0.8209536920511996  (Index 322)
-----------------ETPA RESULT-------------------
Epoch 161: Validation	rmse: 21.29	mae: 16.66	mape: 36.72%	acc@10: 32.56%	acc@20: 71.72%	acc@30: 90.22%	
[2023-11-25 14:45:12] INFO (nni/MainThread) Intermediate result: 21.29021027849387  (Index 323)
*** Epoch: 162 ***
-----------------G2R RESULT-------------------

val result: krc:0.824 | lsd:0.533 | ed:0.844 | hr@1:0.72 | hr@2:0.895 | hr@3:0.933 | acc@1:0.72 | acc@2:0.66 | acc@3:0.625 | Best krc: 0.832 | Best epoch: 143
[2023-11-25 14:45:44] INFO (nni/MainThread) Intermediate result: 0.8244277742047746  (Index 324)
-----------------ETPA RESULT-------------------
Epoch 162: Validation	rmse: 21.32	mae: 16.68	mape: 36.76%	acc@10: 32.48%	acc@20: 71.63%	acc@30: 90.16%	
[2023-11-25 14:45:44] INFO (nni/MainThread) Intermediate result: 21.319572580022328  (Index 325)
*** Epoch: 163 ***
-----------------G2R RESULT-------------------

val result: krc:0.828 | lsd:0.53 | ed:0.836 | hr@1:0.732 | hr@2:0.894 | hr@3:0.931 | acc@1:0.732 | acc@2:0.667 | acc@3:0.634 | Best krc: 0.832 | Best epoch: 143
[2023-11-25 14:46:16] INFO (nni/MainThread) Intermediate result: 0.8275267212827336  (Index 326)
-----------------ETPA RESULT-------------------
Epoch 163: Validation	rmse: 21.35	mae: 16.7	mape: 36.8%	acc@10: 32.39%	acc@20: 71.61%	acc@30: 90.11%	
[2023-11-25 14:46:16] INFO (nni/MainThread) Intermediate result: 21.346545924593418  (Index 327)
loaded model path: /home/sentanoe/joint_training/data/dataset/food_pd/sort_model/hidden_size-8.gcnru-pd_1700915179.26838641700915179.2683969
best model loaded !!!
krc:0.812 | lsd:0.418 | ed:0.875 | hr@1:0.721 | hr@2:0.916 | hr@3:0.944 | acc@1:0.721 | acc@2:0.67 | acc@3:0.617 |

-------------------------------------------------------------
Best epoch for G2R:  143
Best epoch for ETPA:  55
graph2route_pd Evaluation in test: krc:0.812 | lsd:0.418 | ed:0.875 | hr@1:0.721 | hr@2:0.916 | hr@3:0.944 | acc@1:0.721 | acc@2:0.67 | acc@3:0.617 |
RankPETA Evaluation in test: rmse: 13.74	mae: 11.73	mape: 106.55%	acc@10: 40.0%	acc@20: 95.0%	acc@30: 95.0%	
