Device:  cuda
{'alpha_loss': 0.5,
 'batch_size': 64,
 'dataset': 'food_pd',
 'datatype': 'order',
 'device': device(type='cuda'),
 'early_stop': 20,
 'edge_fea_dim': 5,
 'embedding_dim': 32,
 'eval_end_1': 11,
 'eval_end_2': 25,
 'eval_start': 1,
 'gcn_num_layers': 2,
 'hidden_size': 8,
 'is_eval': False,
 'is_test': False,
 'k_min_nodes': 3,
 'k_nearest_neighbors': 'n-1',
 'lr': 0.001,
 'max_task_num': 25,
 'min_task_num': 0,
 'modelArrivalTime': 'RankPETA',
 'modelRoute': 'graph2route_pd',
 'no_cuda': False,
 'node_fea_dim': 8,
 'node_features_test': '/home/sentanoe/joint_training/data/dataset/food_pd/node_features_test_full.npy',
 'node_features_train': '/home/sentanoe/joint_training/data/dataset/food_pd/node_features_train_full.npy',
 'node_features_val': '/home/sentanoe/joint_training/data/dataset/food_pd/node_features_val_full.npy',
 'num_block': 4,
 'num_epoch': 1000,
 'num_head': 2,
 'num_worker_logistics': 2346,
 'num_worker_pd': 920,
 'pad_value': 26,
 'seed': 8888,
 'sort_mode': 'true_idx',
 'spatial_encoder': 'gatv2',
 'temporal_encoder': 'tft',
 'test_path': '/home/sentanoe/joint_training/data/dataset/food_pd/test_full.npy',
 'train_mode': 'sort',
 'train_path': '/home/sentanoe/joint_training/data/dataset/food_pd/train_full.npy',
 'val_path': '/home/sentanoe/joint_training/data/dataset/food_pd/val_full.npy',
 'wd': 1e-05,
 'worker_emb_dim': 10,
 'workers': 2}
last_x_size:13;unpick_x_size:12;input_size:38
#train:2521 | #val:1257 | #test:1261
*** Epoch: 0 ***
-----------------G2R RESULT-------------------

val result: krc:0.743 | lsd:0.784 | ed:1.044 | hr@1:0.633 | hr@2:0.841 | hr@3:0.893 | acc@1:0.633 | acc@2:0.568 | acc@3:0.523 | Best krc: -1 | Best epoch: -1
best model saved
[2023-11-25 01:04:08] INFO (nni/MainThread) Intermediate result: 0.7429612137526436  (Index 0)
-----------------ETPA RESULT-------------------
Epoch 0: Validation	rmse: 41.33	mae: 35.39	mape: 69.43%	acc@10: 9.38%	acc@20: 21.88%	acc@30: 34.38%	
[2023-11-25 01:04:08] INFO (nni/MainThread) Intermediate result: 41.325920014429954  (Index 1)
*** Epoch: 1 ***
-----------------G2R RESULT-------------------

val result: krc:0.747 | lsd:0.769 | ed:1.038 | hr@1:0.621 | hr@2:0.847 | hr@3:0.899 | acc@1:0.621 | acc@2:0.564 | acc@3:0.52 | Best krc: 0.743 | Best epoch: 0
best model saved
[2023-11-25 01:05:52] INFO (nni/MainThread) Intermediate result: 0.7468434550113605  (Index 2)
-----------------ETPA RESULT-------------------
Epoch 1: Validation	rmse: 34.64	mae: 27.58	mape: 54.19%	acc@10: 23.44%	acc@20: 42.19%	acc@30: 59.38%	
[2023-11-25 01:05:52] INFO (nni/MainThread) Intermediate result: 34.63599027810368  (Index 3)
*** Epoch: 2 ***
-----------------G2R RESULT-------------------

val result: krc:0.759 | lsd:0.743 | ed:1.017 | hr@1:0.636 | hr@2:0.857 | hr@3:0.901 | acc@1:0.636 | acc@2:0.579 | acc@3:0.54 | Best krc: 0.747 | Best epoch: 1
best model saved
[2023-11-25 01:07:37] INFO (nni/MainThread) Intermediate result: 0.7587236540362906  (Index 4)
-----------------ETPA RESULT-------------------
Epoch 2: Validation	rmse: 31.61	mae: 24.78	mape: 51.16%	acc@10: 25.0%	acc@20: 50.0%	acc@30: 68.75%	
[2023-11-25 01:07:37] INFO (nni/MainThread) Intermediate result: 31.61266260749305  (Index 5)
*** Epoch: 3 ***
-----------------G2R RESULT-------------------

val result: krc:0.76 | lsd:0.728 | ed:1.007 | hr@1:0.631 | hr@2:0.851 | hr@3:0.902 | acc@1:0.631 | acc@2:0.573 | acc@3:0.536 | Best krc: 0.759 | Best epoch: 2
best model saved
[2023-11-25 01:09:21] INFO (nni/MainThread) Intermediate result: 0.760438711719866  (Index 6)
-----------------ETPA RESULT-------------------
Epoch 3: Validation	rmse: 29.39	mae: 22.46	mape: 47.38%	acc@10: 29.69%	acc@20: 57.81%	acc@30: 74.22%	
[2023-11-25 01:09:21] INFO (nni/MainThread) Intermediate result: 29.39041342126584  (Index 7)
*** Epoch: 4 ***
-----------------G2R RESULT-------------------

val result: krc:0.762 | lsd:0.693 | ed:1.014 | hr@1:0.632 | hr@2:0.859 | hr@3:0.907 | acc@1:0.632 | acc@2:0.57 | acc@3:0.533 | Best krc: 0.76 | Best epoch: 3
best model saved
[2023-11-25 01:11:06] INFO (nni/MainThread) Intermediate result: 0.7615840523142664  (Index 8)
-----------------ETPA RESULT-------------------
Epoch 4: Validation	rmse: 27.85	mae: 21.07	mape: 45.22%	acc@10: 31.87%	acc@20: 61.25%	acc@30: 78.12%	
[2023-11-25 01:11:06] INFO (nni/MainThread) Intermediate result: 27.849910803141494  (Index 9)
*** Epoch: 5 ***
-----------------G2R RESULT-------------------

val result: krc:0.768 | lsd:0.678 | ed:0.983 | hr@1:0.645 | hr@2:0.859 | hr@3:0.907 | acc@1:0.645 | acc@2:0.581 | acc@3:0.539 | Best krc: 0.762 | Best epoch: 4
best model saved
[2023-11-25 01:12:52] INFO (nni/MainThread) Intermediate result: 0.7681803726403639  (Index 10)
-----------------ETPA RESULT-------------------
Epoch 5: Validation	rmse: 26.52	mae: 19.92	mape: 42.56%	acc@10: 34.9%	acc@20: 64.58%	acc@30: 80.73%	
[2023-11-25 01:12:52] INFO (nni/MainThread) Intermediate result: 26.515298445099955  (Index 11)
*** Epoch: 6 ***
-----------------G2R RESULT-------------------

val result: krc:0.764 | lsd:0.694 | ed:0.99 | hr@1:0.641 | hr@2:0.858 | hr@3:0.906 | acc@1:0.641 | acc@2:0.582 | acc@3:0.54 | Best krc: 0.768 | Best epoch: 5
[2023-11-25 01:14:37] INFO (nni/MainThread) Intermediate result: 0.7643218139938734  (Index 12)
-----------------ETPA RESULT-------------------
Epoch 6: Validation	rmse: 25.38	mae: 19.03	mape: 40.9%	acc@10: 36.61%	acc@20: 67.41%	acc@30: 82.59%	
[2023-11-25 01:14:37] INFO (nni/MainThread) Intermediate result: 25.376996899942746  (Index 13)
*** Epoch: 7 ***
-----------------G2R RESULT-------------------

val result: krc:0.769 | lsd:0.711 | ed:0.992 | hr@1:0.648 | hr@2:0.859 | hr@3:0.905 | acc@1:0.648 | acc@2:0.59 | acc@3:0.544 | Best krc: 0.768 | Best epoch: 5
best model saved
[2023-11-25 01:16:24] INFO (nni/MainThread) Intermediate result: 0.7694797443726171  (Index 14)
-----------------ETPA RESULT-------------------
Epoch 7: Validation	rmse: 24.74	mae: 18.63	mape: 40.15%	acc@10: 36.72%	acc@20: 66.8%	acc@30: 83.98%	
[2023-11-25 01:16:24] INFO (nni/MainThread) Intermediate result: 24.739013307295792  (Index 15)
*** Epoch: 8 ***
-----------------G2R RESULT-------------------

val result: krc:0.783 | lsd:0.674 | ed:0.948 | hr@1:0.665 | hr@2:0.861 | hr@3:0.911 | acc@1:0.665 | acc@2:0.605 | acc@3:0.568 | Best krc: 0.769 | Best epoch: 7
best model saved
[2023-11-25 01:18:12] INFO (nni/MainThread) Intermediate result: 0.7830040237823359  (Index 16)
-----------------ETPA RESULT-------------------
Epoch 8: Validation	rmse: 24.07	mae: 18.14	mape: 39.03%	acc@10: 37.15%	acc@20: 67.36%	acc@30: 85.07%	
[2023-11-25 01:18:12] INFO (nni/MainThread) Intermediate result: 24.06606163990634  (Index 17)
*** Epoch: 9 ***
-----------------G2R RESULT-------------------

val result: krc:0.777 | lsd:0.666 | ed:0.953 | hr@1:0.659 | hr@2:0.865 | hr@3:0.911 | acc@1:0.659 | acc@2:0.601 | acc@3:0.56 | Best krc: 0.783 | Best epoch: 8
[2023-11-25 01:19:58] INFO (nni/MainThread) Intermediate result: 0.7773770083258498  (Index 18)
-----------------ETPA RESULT-------------------
Epoch 9: Validation	rmse: 23.5	mae: 17.76	mape: 38.39%	acc@10: 38.12%	acc@20: 67.81%	acc@30: 85.94%	
[2023-11-25 01:19:58] INFO (nni/MainThread) Intermediate result: 23.497562405602046  (Index 19)
*** Epoch: 10 ***
-----------------G2R RESULT-------------------

val result: krc:0.802 | lsd:0.626 | ed:0.911 | hr@1:0.697 | hr@2:0.871 | hr@3:0.914 | acc@1:0.697 | acc@2:0.631 | acc@3:0.593 | Best krc: 0.783 | Best epoch: 8
best model saved
[2023-11-25 01:21:45] INFO (nni/MainThread) Intermediate result: 0.8022055264206556  (Index 20)
-----------------ETPA RESULT-------------------
Epoch 10: Validation	rmse: 23.25	mae: 17.64	mape: 38.41%	acc@10: 37.78%	acc@20: 67.61%	acc@30: 86.65%	
[2023-11-25 01:21:45] INFO (nni/MainThread) Intermediate result: 23.245520937400226  (Index 21)
*** Epoch: 11 ***
-----------------G2R RESULT-------------------

val result: krc:0.797 | lsd:0.638 | ed:0.915 | hr@1:0.696 | hr@2:0.862 | hr@3:0.912 | acc@1:0.696 | acc@2:0.622 | acc@3:0.587 | Best krc: 0.802 | Best epoch: 10
[2023-11-25 01:23:32] INFO (nni/MainThread) Intermediate result: 0.7966661759753145  (Index 22)
-----------------ETPA RESULT-------------------
Epoch 11: Validation	rmse: 23.07	mae: 17.58	mape: 38.45%	acc@10: 37.76%	acc@20: 67.19%	acc@30: 87.24%	
[2023-11-25 01:23:32] INFO (nni/MainThread) Intermediate result: 23.07226150146779  (Index 23)
*** Epoch: 12 ***
-----------------G2R RESULT-------------------

val result: krc:0.768 | lsd:0.732 | ed:0.988 | hr@1:0.649 | hr@2:0.858 | hr@3:0.908 | acc@1:0.649 | acc@2:0.582 | acc@3:0.544 | Best krc: 0.802 | Best epoch: 10
[2023-11-25 01:25:19] INFO (nni/MainThread) Intermediate result: 0.7683462392601004  (Index 24)
-----------------ETPA RESULT-------------------
Epoch 12: Validation	rmse: 22.76	mae: 17.39	mape: 38.16%	acc@10: 37.98%	acc@20: 67.79%	acc@30: 87.74%	
[2023-11-25 01:25:19] INFO (nni/MainThread) Intermediate result: 22.760082169301477  (Index 25)
*** Epoch: 13 ***
-----------------G2R RESULT-------------------

val result: krc:0.792 | lsd:0.642 | ed:0.949 | hr@1:0.695 | hr@2:0.868 | hr@3:0.916 | acc@1:0.695 | acc@2:0.62 | acc@3:0.581 | Best krc: 0.802 | Best epoch: 10
[2023-11-25 01:27:06] INFO (nni/MainThread) Intermediate result: 0.7918127586514119  (Index 26)
-----------------ETPA RESULT-------------------
Epoch 13: Validation	rmse: 22.47	mae: 17.18	mape: 37.82%	acc@10: 38.62%	acc@20: 68.08%	acc@30: 88.17%	
[2023-11-25 01:27:06] INFO (nni/MainThread) Intermediate result: 22.472805992769054  (Index 27)
*** Epoch: 14 ***
-----------------G2R RESULT-------------------

val result: krc:0.754 | lsd:0.734 | ed:1.04 | hr@1:0.628 | hr@2:0.858 | hr@3:0.903 | acc@1:0.628 | acc@2:0.565 | acc@3:0.517 | Best krc: 0.802 | Best epoch: 10
[2023-11-25 01:28:53] INFO (nni/MainThread) Intermediate result: 0.7535877593070424  (Index 28)
-----------------ETPA RESULT-------------------
Epoch 14: Validation	rmse: 22.23	mae: 17.01	mape: 37.5%	acc@10: 39.38%	acc@20: 68.54%	acc@30: 88.54%	
[2023-11-25 01:28:53] INFO (nni/MainThread) Intermediate result: 22.232118564175515  (Index 29)
*** Epoch: 15 ***
-----------------G2R RESULT-------------------

val result: krc:0.793 | lsd:0.657 | ed:0.955 | hr@1:0.725 | hr@2:0.862 | hr@3:0.916 | acc@1:0.725 | acc@2:0.631 | acc@3:0.587 | Best krc: 0.802 | Best epoch: 10
[2023-11-25 01:30:39] INFO (nni/MainThread) Intermediate result: 0.7932863463602421  (Index 30)
-----------------ETPA RESULT-------------------
Epoch 15: Validation	rmse: 22.05	mae: 16.9	mape: 37.26%	acc@10: 39.26%	acc@20: 68.55%	acc@30: 88.87%	
[2023-11-25 01:30:39] INFO (nni/MainThread) Intermediate result: 22.05386707774305  (Index 31)
*** Epoch: 16 ***
-----------------G2R RESULT-------------------

val result: krc:0.805 | lsd:0.622 | ed:0.911 | hr@1:0.721 | hr@2:0.87 | hr@3:0.919 | acc@1:0.721 | acc@2:0.643 | acc@3:0.603 | Best krc: 0.802 | Best epoch: 10
best model saved
[2023-11-25 01:32:26] INFO (nni/MainThread) Intermediate result: 0.8046743698252226  (Index 32)
-----------------ETPA RESULT-------------------
Epoch 16: Validation	rmse: 21.77	mae: 16.72	mape: 37.01%	acc@10: 39.71%	acc@20: 69.12%	acc@30: 89.15%	
[2023-11-25 01:32:26] INFO (nni/MainThread) Intermediate result: 21.773614358594585  (Index 33)
*** Epoch: 17 ***
-----------------G2R RESULT-------------------

val result: krc:0.801 | lsd:0.612 | ed:0.925 | hr@1:0.718 | hr@2:0.869 | hr@3:0.914 | acc@1:0.718 | acc@2:0.638 | acc@3:0.591 | Best krc: 0.805 | Best epoch: 16
[2023-11-25 01:34:12] INFO (nni/MainThread) Intermediate result: 0.8007597529678859  (Index 34)
-----------------ETPA RESULT-------------------
Epoch 17: Validation	rmse: 21.51	mae: 16.54	mape: 36.7%	acc@10: 40.28%	acc@20: 69.62%	acc@30: 89.41%	
[2023-11-25 01:34:12] INFO (nni/MainThread) Intermediate result: 21.51195727377887  (Index 35)
*** Epoch: 18 ***
-----------------G2R RESULT-------------------

val result: krc:0.8 | lsd:0.647 | ed:0.93 | hr@1:0.73 | hr@2:0.868 | hr@3:0.912 | acc@1:0.73 | acc@2:0.646 | acc@3:0.598 | Best krc: 0.805 | Best epoch: 16
[2023-11-25 01:35:58] INFO (nni/MainThread) Intermediate result: 0.8004102668291561  (Index 36)
-----------------ETPA RESULT-------------------
Epoch 18: Validation	rmse: 21.41	mae: 16.47	mape: 36.6%	acc@10: 40.46%	acc@20: 69.9%	acc@30: 89.47%	
[2023-11-25 01:35:58] INFO (nni/MainThread) Intermediate result: 21.412608785078298  (Index 37)
*** Epoch: 19 ***
-----------------G2R RESULT-------------------

val result: krc:0.806 | lsd:0.606 | ed:0.926 | hr@1:0.725 | hr@2:0.868 | hr@3:0.917 | acc@1:0.725 | acc@2:0.644 | acc@3:0.599 | Best krc: 0.805 | Best epoch: 16
best model saved
[2023-11-25 01:37:43] INFO (nni/MainThread) Intermediate result: 0.8059751856428726  (Index 38)
-----------------ETPA RESULT-------------------
Epoch 19: Validation	rmse: 21.25	mae: 16.36	mape: 36.39%	acc@10: 40.78%	acc@20: 70.31%	acc@30: 89.69%	
[2023-11-25 01:37:43] INFO (nni/MainThread) Intermediate result: 21.249818705161857  (Index 39)
*** Epoch: 20 ***
-----------------G2R RESULT-------------------

val result: krc:0.796 | lsd:0.625 | ed:0.937 | hr@1:0.707 | hr@2:0.871 | hr@3:0.912 | acc@1:0.707 | acc@2:0.632 | acc@3:0.588 | Best krc: 0.806 | Best epoch: 19
[2023-11-25 01:39:29] INFO (nni/MainThread) Intermediate result: 0.7963133742320451  (Index 40)
-----------------ETPA RESULT-------------------
Epoch 20: Validation	rmse: 21.2	mae: 16.34	mape: 36.36%	acc@10: 40.77%	acc@20: 69.94%	acc@30: 89.43%	
[2023-11-25 01:39:29] INFO (nni/MainThread) Intermediate result: 21.197255924007873  (Index 41)
*** Epoch: 21 ***
-----------------G2R RESULT-------------------

val result: krc:0.799 | lsd:0.613 | ed:0.943 | hr@1:0.708 | hr@2:0.866 | hr@3:0.916 | acc@1:0.708 | acc@2:0.627 | acc@3:0.589 | Best krc: 0.806 | Best epoch: 19
[2023-11-25 01:41:14] INFO (nni/MainThread) Intermediate result: 0.7988386372732676  (Index 42)
-----------------ETPA RESULT-------------------
Epoch 21: Validation	rmse: 21.09	mae: 16.29	mape: 36.27%	acc@10: 40.77%	acc@20: 70.03%	acc@30: 89.63%	
[2023-11-25 01:41:14] INFO (nni/MainThread) Intermediate result: 21.088271560338427  (Index 43)
*** Epoch: 22 ***
-----------------G2R RESULT-------------------

val result: krc:0.797 | lsd:0.631 | ed:0.935 | hr@1:0.714 | hr@2:0.862 | hr@3:0.913 | acc@1:0.714 | acc@2:0.63 | acc@3:0.591 | Best krc: 0.806 | Best epoch: 19
[2023-11-25 01:43:00] INFO (nni/MainThread) Intermediate result: 0.7967004292408754  (Index 44)
-----------------ETPA RESULT-------------------
Epoch 22: Validation	rmse: 20.86	mae: 16.15	mape: 36.09%	acc@10: 40.76%	acc@20: 70.38%	acc@30: 89.95%	
[2023-11-25 01:43:00] INFO (nni/MainThread) Intermediate result: 20.85871663718012  (Index 45)
*** Epoch: 23 ***
-----------------G2R RESULT-------------------

val result: krc:0.804 | lsd:0.603 | ed:0.909 | hr@1:0.705 | hr@2:0.876 | hr@3:0.916 | acc@1:0.705 | acc@2:0.636 | acc@3:0.594 | Best krc: 0.806 | Best epoch: 19
[2023-11-25 01:44:45] INFO (nni/MainThread) Intermediate result: 0.8036807407074134  (Index 46)
-----------------ETPA RESULT-------------------
Epoch 23: Validation	rmse: 20.77	mae: 16.11	mape: 36.02%	acc@10: 40.76%	acc@20: 70.44%	acc@30: 89.84%	
[2023-11-25 01:44:45] INFO (nni/MainThread) Intermediate result: 20.770758867655918  (Index 47)
*** Epoch: 24 ***
-----------------G2R RESULT-------------------

val result: krc:0.789 | lsd:0.651 | ed:0.96 | hr@1:0.685 | hr@2:0.871 | hr@3:0.913 | acc@1:0.685 | acc@2:0.622 | acc@3:0.575 | Best krc: 0.806 | Best epoch: 19
[2023-11-25 01:46:30] INFO (nni/MainThread) Intermediate result: 0.7888131861984071  (Index 48)
-----------------ETPA RESULT-------------------
Epoch 24: Validation	rmse: 20.74	mae: 16.12	mape: 36.01%	acc@10: 40.62%	acc@20: 70.5%	acc@30: 89.75%	
[2023-11-25 01:46:30] INFO (nni/MainThread) Intermediate result: 20.743897488272268  (Index 49)
*** Epoch: 25 ***
-----------------G2R RESULT-------------------

val result: krc:0.785 | lsd:0.656 | ed:0.971 | hr@1:0.679 | hr@2:0.869 | hr@3:0.911 | acc@1:0.679 | acc@2:0.61 | acc@3:0.569 | Best krc: 0.806 | Best epoch: 19
[2023-11-25 01:48:16] INFO (nni/MainThread) Intermediate result: 0.7848214277422849  (Index 50)
-----------------ETPA RESULT-------------------
Epoch 25: Validation	rmse: 20.53	mae: 16.0	mape: 35.87%	acc@10: 40.38%	acc@20: 70.79%	acc@30: 90.02%	
[2023-11-25 01:48:16] INFO (nni/MainThread) Intermediate result: 20.527906319414303  (Index 51)
*** Epoch: 26 ***
-----------------G2R RESULT-------------------

val result: krc:0.804 | lsd:0.591 | ed:0.923 | hr@1:0.704 | hr@2:0.875 | hr@3:0.921 | acc@1:0.704 | acc@2:0.633 | acc@3:0.595 | Best krc: 0.806 | Best epoch: 19
[2023-11-25 01:50:01] INFO (nni/MainThread) Intermediate result: 0.8037632354204284  (Index 52)
-----------------ETPA RESULT-------------------
Epoch 26: Validation	rmse: 20.48	mae: 15.99	mape: 35.84%	acc@10: 40.39%	acc@20: 70.6%	acc@30: 89.93%	
[2023-11-25 01:50:01] INFO (nni/MainThread) Intermediate result: 20.479585112211627  (Index 53)
*** Epoch: 27 ***
-----------------G2R RESULT-------------------

val result: krc:0.809 | lsd:0.593 | ed:0.893 | hr@1:0.706 | hr@2:0.878 | hr@3:0.919 | acc@1:0.706 | acc@2:0.642 | acc@3:0.602 | Best krc: 0.806 | Best epoch: 19
best model saved
[2023-11-25 01:51:48] INFO (nni/MainThread) Intermediate result: 0.8087566005712047  (Index 54)
-----------------ETPA RESULT-------------------
Epoch 27: Validation	rmse: 20.4	mae: 15.94	mape: 35.79%	acc@10: 40.4%	acc@20: 70.42%	acc@30: 89.96%	
[2023-11-25 01:51:48] INFO (nni/MainThread) Intermediate result: 20.39734380503361  (Index 55)
*** Epoch: 28 ***
-----------------G2R RESULT-------------------

val result: krc:0.812 | lsd:0.581 | ed:0.877 | hr@1:0.708 | hr@2:0.88 | hr@3:0.92 | acc@1:0.708 | acc@2:0.651 | acc@3:0.611 | Best krc: 0.809 | Best epoch: 27
best model saved
[2023-11-25 01:53:34] INFO (nni/MainThread) Intermediate result: 0.811723421115638  (Index 56)
-----------------ETPA RESULT-------------------
Epoch 28: Validation	rmse: 20.3	mae: 15.88	mape: 35.66%	acc@10: 40.3%	acc@20: 70.58%	acc@30: 89.87%	
[2023-11-25 01:53:34] INFO (nni/MainThread) Intermediate result: 20.30290590059393  (Index 57)
*** Epoch: 29 ***
-----------------G2R RESULT-------------------

val result: krc:0.804 | lsd:0.592 | ed:0.907 | hr@1:0.706 | hr@2:0.875 | hr@3:0.919 | acc@1:0.706 | acc@2:0.637 | acc@3:0.593 | Best krc: 0.812 | Best epoch: 28
[2023-11-25 01:55:20] INFO (nni/MainThread) Intermediate result: 0.8037272212960888  (Index 58)
-----------------ETPA RESULT-------------------
Epoch 29: Validation	rmse: 20.22	mae: 15.83	mape: 35.57%	acc@10: 40.42%	acc@20: 70.83%	acc@30: 89.9%	
[2023-11-25 01:55:20] INFO (nni/MainThread) Intermediate result: 20.220648981430195  (Index 59)
*** Epoch: 30 ***
-----------------G2R RESULT-------------------

val result: krc:0.808 | lsd:0.591 | ed:0.9 | hr@1:0.695 | hr@2:0.879 | hr@3:0.922 | acc@1:0.695 | acc@2:0.635 | acc@3:0.598 | Best krc: 0.812 | Best epoch: 28
[2023-11-25 01:57:06] INFO (nni/MainThread) Intermediate result: 0.8079995866091187  (Index 60)
-----------------ETPA RESULT-------------------
Epoch 30: Validation	rmse: 20.11	mae: 15.74	mape: 35.39%	acc@10: 40.42%	acc@20: 71.07%	acc@30: 90.02%	
[2023-11-25 01:57:06] INFO (nni/MainThread) Intermediate result: 20.105853330368014  (Index 61)
*** Epoch: 31 ***
-----------------G2R RESULT-------------------

val result: krc:0.796 | lsd:0.621 | ed:0.92 | hr@1:0.682 | hr@2:0.874 | hr@3:0.917 | acc@1:0.682 | acc@2:0.623 | acc@3:0.586 | Best krc: 0.812 | Best epoch: 28
[2023-11-25 01:58:52] INFO (nni/MainThread) Intermediate result: 0.7958340715140017  (Index 62)
-----------------ETPA RESULT-------------------
Epoch 31: Validation	rmse: 20.01	mae: 15.68	mape: 35.27%	acc@10: 40.43%	acc@20: 71.19%	acc@30: 90.14%	
[2023-11-25 01:58:52] INFO (nni/MainThread) Intermediate result: 20.01287713894401  (Index 63)
*** Epoch: 32 ***
-----------------G2R RESULT-------------------

val result: krc:0.804 | lsd:0.603 | ed:0.895 | hr@1:0.693 | hr@2:0.879 | hr@3:0.922 | acc@1:0.693 | acc@2:0.635 | acc@3:0.599 | Best krc: 0.812 | Best epoch: 28
[2023-11-25 02:00:39] INFO (nni/MainThread) Intermediate result: 0.8040641992544046  (Index 64)
-----------------ETPA RESULT-------------------
Epoch 32: Validation	rmse: 20.02	mae: 15.7	mape: 35.3%	acc@10: 40.25%	acc@20: 71.02%	acc@30: 90.15%	
[2023-11-25 02:00:39] INFO (nni/MainThread) Intermediate result: 20.02097809557784  (Index 65)
*** Epoch: 33 ***
-----------------G2R RESULT-------------------

val result: krc:0.808 | lsd:0.603 | ed:0.896 | hr@1:0.718 | hr@2:0.871 | hr@3:0.916 | acc@1:0.718 | acc@2:0.646 | acc@3:0.604 | Best krc: 0.812 | Best epoch: 28
[2023-11-25 02:02:25] INFO (nni/MainThread) Intermediate result: 0.8081141508251258  (Index 66)
-----------------ETPA RESULT-------------------
Epoch 33: Validation	rmse: 19.95	mae: 15.65	mape: 35.21%	acc@10: 40.26%	acc@20: 71.14%	acc@30: 90.26%	
[2023-11-25 02:02:25] INFO (nni/MainThread) Intermediate result: 19.946425688382426  (Index 67)
*** Epoch: 34 ***
-----------------G2R RESULT-------------------

val result: krc:0.806 | lsd:0.622 | ed:0.893 | hr@1:0.713 | hr@2:0.875 | hr@3:0.915 | acc@1:0.713 | acc@2:0.646 | acc@3:0.604 | Best krc: 0.812 | Best epoch: 28
[2023-11-25 02:04:11] INFO (nni/MainThread) Intermediate result: 0.8064928066152379  (Index 68)
-----------------ETPA RESULT-------------------
Epoch 34: Validation	rmse: 19.97	mae: 15.7	mape: 35.28%	acc@10: 40.0%	acc@20: 70.8%	acc@30: 90.18%	
[2023-11-25 02:04:11] INFO (nni/MainThread) Intermediate result: 19.965451833079417  (Index 69)
*** Epoch: 35 ***
-----------------G2R RESULT-------------------

val result: krc:0.812 | lsd:0.589 | ed:0.886 | hr@1:0.709 | hr@2:0.876 | hr@3:0.92 | acc@1:0.709 | acc@2:0.642 | acc@3:0.606 | Best krc: 0.812 | Best epoch: 28
best model saved
[2023-11-25 02:06:02] INFO (nni/MainThread) Intermediate result: 0.8123706169617844  (Index 70)
-----------------ETPA RESULT-------------------
Epoch 35: Validation	rmse: 20.03	mae: 15.75	mape: 35.36%	acc@10: 39.76%	acc@20: 70.57%	acc@30: 90.1%	
[2023-11-25 02:06:02] INFO (nni/MainThread) Intermediate result: 20.02878865987503  (Index 71)
*** Epoch: 36 ***
-----------------G2R RESULT-------------------

val result: krc:0.812 | lsd:0.592 | ed:0.892 | hr@1:0.715 | hr@2:0.876 | hr@3:0.923 | acc@1:0.715 | acc@2:0.642 | acc@3:0.607 | Best krc: 0.812 | Best epoch: 35
best model saved
[2023-11-25 02:07:50] INFO (nni/MainThread) Intermediate result: 0.8123950421632974  (Index 72)
-----------------ETPA RESULT-------------------
Epoch 36: Validation	rmse: 19.95	mae: 15.71	mape: 35.29%	acc@10: 39.53%	acc@20: 70.86%	acc@30: 90.2%	
[2023-11-25 02:07:50] INFO (nni/MainThread) Intermediate result: 19.949560844961574  (Index 73)
*** Epoch: 37 ***
-----------------G2R RESULT-------------------

val result: krc:0.802 | lsd:0.608 | ed:0.91 | hr@1:0.708 | hr@2:0.868 | hr@3:0.914 | acc@1:0.708 | acc@2:0.634 | acc@3:0.598 | Best krc: 0.812 | Best epoch: 36
[2023-11-25 02:09:38] INFO (nni/MainThread) Intermediate result: 0.8017730676585071  (Index 74)
-----------------ETPA RESULT-------------------
Epoch 37: Validation	rmse: 19.87	mae: 15.66	mape: 35.2%	acc@10: 39.64%	acc@20: 71.05%	acc@30: 90.3%	
[2023-11-25 02:09:38] INFO (nni/MainThread) Intermediate result: 19.873198542614233  (Index 75)
*** Epoch: 38 ***
-----------------G2R RESULT-------------------

val result: krc:0.81 | lsd:0.587 | ed:0.879 | hr@1:0.714 | hr@2:0.875 | hr@3:0.919 | acc@1:0.714 | acc@2:0.646 | acc@3:0.609 | Best krc: 0.812 | Best epoch: 36
[2023-11-25 02:11:24] INFO (nni/MainThread) Intermediate result: 0.8097131626733726  (Index 76)
-----------------ETPA RESULT-------------------
Epoch 38: Validation	rmse: 19.86	mae: 15.66	mape: 35.18%	acc@10: 39.58%	acc@20: 70.99%	acc@30: 90.38%	
[2023-11-25 02:11:24] INFO (nni/MainThread) Intermediate result: 19.856913619249124  (Index 77)
*** Epoch: 39 ***
-----------------G2R RESULT-------------------

val result: krc:0.799 | lsd:0.607 | ed:0.925 | hr@1:0.699 | hr@2:0.876 | hr@3:0.916 | acc@1:0.699 | acc@2:0.632 | acc@3:0.591 | Best krc: 0.812 | Best epoch: 36
[2023-11-25 02:13:10] INFO (nni/MainThread) Intermediate result: 0.7992084794183614  (Index 78)
-----------------ETPA RESULT-------------------
Epoch 39: Validation	rmse: 19.84	mae: 15.65	mape: 35.14%	acc@10: 39.45%	acc@20: 71.09%	acc@30: 90.47%	
[2023-11-25 02:13:10] INFO (nni/MainThread) Intermediate result: 19.84398226681339  (Index 79)
*** Epoch: 40 ***
-----------------G2R RESULT-------------------

val result: krc:0.797 | lsd:0.625 | ed:0.943 | hr@1:0.708 | hr@2:0.872 | hr@3:0.916 | acc@1:0.708 | acc@2:0.635 | acc@3:0.596 | Best krc: 0.812 | Best epoch: 36
[2023-11-25 02:15:00] INFO (nni/MainThread) Intermediate result: 0.7965506475257241  (Index 80)
-----------------ETPA RESULT-------------------
Epoch 40: Validation	rmse: 19.79	mae: 15.62	mape: 35.08%	acc@10: 39.56%	acc@20: 71.27%	acc@30: 90.55%	
[2023-11-25 02:15:00] INFO (nni/MainThread) Intermediate result: 19.790255706226556  (Index 81)
*** Epoch: 41 ***
-----------------G2R RESULT-------------------

val result: krc:0.784 | lsd:0.641 | ed:0.986 | hr@1:0.673 | hr@2:0.871 | hr@3:0.914 | acc@1:0.673 | acc@2:0.603 | acc@3:0.561 | Best krc: 0.812 | Best epoch: 36
[2023-11-25 02:16:46] INFO (nni/MainThread) Intermediate result: 0.7839974762318443  (Index 82)
-----------------ETPA RESULT-------------------
Epoch 41: Validation	rmse: 19.78	mae: 15.6	mape: 35.02%	acc@10: 39.51%	acc@20: 71.43%	acc@30: 90.62%	
[2023-11-25 02:16:46] INFO (nni/MainThread) Intermediate result: 19.775039013917198  (Index 83)
*** Epoch: 42 ***
-----------------G2R RESULT-------------------

val result: krc:0.803 | lsd:0.613 | ed:0.916 | hr@1:0.686 | hr@2:0.875 | hr@3:0.919 | acc@1:0.686 | acc@2:0.63 | acc@3:0.594 | Best krc: 0.812 | Best epoch: 36
[2023-11-25 02:18:35] INFO (nni/MainThread) Intermediate result: 0.8026851517363104  (Index 84)
-----------------ETPA RESULT-------------------
Epoch 42: Validation	rmse: 19.75	mae: 15.56	mape: 34.95%	acc@10: 39.53%	acc@20: 71.66%	acc@30: 90.62%	
[2023-11-25 02:18:35] INFO (nni/MainThread) Intermediate result: 19.74753559010382  (Index 85)
*** Epoch: 43 ***
-----------------G2R RESULT-------------------

val result: krc:0.816 | lsd:0.58 | ed:0.881 | hr@1:0.707 | hr@2:0.882 | hr@3:0.923 | acc@1:0.707 | acc@2:0.645 | acc@3:0.61 | Best krc: 0.812 | Best epoch: 36
best model saved
[2023-11-25 02:20:26] INFO (nni/MainThread) Intermediate result: 0.8156866421405119  (Index 86)
-----------------ETPA RESULT-------------------
Epoch 43: Validation	rmse: 19.72	mae: 15.54	mape: 34.88%	acc@10: 39.63%	acc@20: 71.8%	acc@30: 90.7%	
[2023-11-25 02:20:26] INFO (nni/MainThread) Intermediate result: 19.71865959793682  (Index 87)
*** Epoch: 44 ***
-----------------G2R RESULT-------------------

val result: krc:0.808 | lsd:0.607 | ed:0.893 | hr@1:0.7 | hr@2:0.872 | hr@3:0.918 | acc@1:0.7 | acc@2:0.635 | acc@3:0.599 | Best krc: 0.816 | Best epoch: 43
[2023-11-25 02:22:13] INFO (nni/MainThread) Intermediate result: 0.8082825166865394  (Index 88)
-----------------ETPA RESULT-------------------
Epoch 44: Validation	rmse: 19.72	mae: 15.54	mape: 34.83%	acc@10: 39.65%	acc@20: 71.88%	acc@30: 90.76%	
[2023-11-25 02:22:13] INFO (nni/MainThread) Intermediate result: 19.723231881739334  (Index 89)
*** Epoch: 45 ***
-----------------G2R RESULT-------------------

val result: krc:0.811 | lsd:0.583 | ed:0.889 | hr@1:0.72 | hr@2:0.873 | hr@3:0.92 | acc@1:0.72 | acc@2:0.642 | acc@3:0.606 | Best krc: 0.816 | Best epoch: 43
[2023-11-25 02:24:00] INFO (nni/MainThread) Intermediate result: 0.8112799962996728  (Index 90)
-----------------ETPA RESULT-------------------
Epoch 45: Validation	rmse: 19.71	mae: 15.52	mape: 34.8%	acc@10: 39.61%	acc@20: 71.88%	acc@30: 90.83%	
[2023-11-25 02:24:00] INFO (nni/MainThread) Intermediate result: 19.708879856107725  (Index 91)
*** Epoch: 46 ***
-----------------G2R RESULT-------------------

val result: krc:0.805 | lsd:0.608 | ed:0.923 | hr@1:0.706 | hr@2:0.875 | hr@3:0.92 | acc@1:0.706 | acc@2:0.637 | acc@3:0.591 | Best krc: 0.816 | Best epoch: 43
[2023-11-25 02:25:47] INFO (nni/MainThread) Intermediate result: 0.8045611277093567  (Index 92)
-----------------ETPA RESULT-------------------
Epoch 46: Validation	rmse: 19.72	mae: 15.53	mape: 34.77%	acc@10: 39.56%	acc@20: 71.88%	acc@30: 90.76%	
[2023-11-25 02:25:47] INFO (nni/MainThread) Intermediate result: 19.721549291386797  (Index 93)
*** Epoch: 47 ***
-----------------G2R RESULT-------------------

val result: krc:0.811 | lsd:0.604 | ed:0.884 | hr@1:0.706 | hr@2:0.877 | hr@3:0.921 | acc@1:0.706 | acc@2:0.643 | acc@3:0.605 | Best krc: 0.816 | Best epoch: 43
[2023-11-25 02:27:35] INFO (nni/MainThread) Intermediate result: 0.8108182914916624  (Index 94)
-----------------ETPA RESULT-------------------
Epoch 47: Validation	rmse: 19.77	mae: 15.58	mape: 34.8%	acc@10: 39.52%	acc@20: 71.68%	acc@30: 90.69%	
[2023-11-25 02:27:35] INFO (nni/MainThread) Intermediate result: 19.774658849045753  (Index 95)
*** Epoch: 48 ***
-----------------G2R RESULT-------------------

val result: krc:0.814 | lsd:0.578 | ed:0.884 | hr@1:0.711 | hr@2:0.877 | hr@3:0.923 | acc@1:0.711 | acc@2:0.645 | acc@3:0.608 | Best krc: 0.816 | Best epoch: 43
[2023-11-25 02:29:24] INFO (nni/MainThread) Intermediate result: 0.8142145282853636  (Index 96)
-----------------ETPA RESULT-------------------
Epoch 48: Validation	rmse: 19.72	mae: 15.54	mape: 34.71%	acc@10: 39.48%	acc@20: 71.81%	acc@30: 90.75%	
[2023-11-25 02:29:24] INFO (nni/MainThread) Intermediate result: 19.723482464232085  (Index 97)
*** Epoch: 49 ***
-----------------G2R RESULT-------------------

val result: krc:0.818 | lsd:0.56 | ed:0.866 | hr@1:0.714 | hr@2:0.88 | hr@3:0.923 | acc@1:0.714 | acc@2:0.648 | acc@3:0.609 | Best krc: 0.816 | Best epoch: 43
best model saved
[2023-11-25 02:31:13] INFO (nni/MainThread) Intermediate result: 0.8181520608980164  (Index 98)
-----------------ETPA RESULT-------------------
Epoch 49: Validation	rmse: 19.7	mae: 15.53	mape: 34.7%	acc@10: 39.5%	acc@20: 71.81%	acc@30: 90.81%	
[2023-11-25 02:31:13] INFO (nni/MainThread) Intermediate result: 19.697429772602078  (Index 99)
*** Epoch: 50 ***
-----------------G2R RESULT-------------------

val result: krc:0.817 | lsd:0.6 | ed:0.875 | hr@1:0.718 | hr@2:0.882 | hr@3:0.924 | acc@1:0.718 | acc@2:0.657 | acc@3:0.617 | Best krc: 0.818 | Best epoch: 49
[2023-11-25 02:33:04] INFO (nni/MainThread) Intermediate result: 0.8167672347733563  (Index 100)
-----------------ETPA RESULT-------------------
Epoch 50: Validation	rmse: 19.72	mae: 15.55	mape: 34.75%	acc@10: 39.46%	acc@20: 71.81%	acc@30: 90.75%	
[2023-11-25 02:33:04] INFO (nni/MainThread) Intermediate result: 19.721046254261157  (Index 101)
*** Epoch: 51 ***
-----------------G2R RESULT-------------------

val result: krc:0.819 | lsd:0.582 | ed:0.871 | hr@1:0.72 | hr@2:0.881 | hr@3:0.924 | acc@1:0.72 | acc@2:0.657 | acc@3:0.622 | Best krc: 0.818 | Best epoch: 49
best model saved
[2023-11-25 02:34:54] INFO (nni/MainThread) Intermediate result: 0.8187529686786355  (Index 102)
-----------------ETPA RESULT-------------------
Epoch 51: Validation	rmse: 19.71	mae: 15.54	mape: 34.71%	acc@10: 39.36%	acc@20: 71.88%	acc@30: 90.81%	
[2023-11-25 02:34:54] INFO (nni/MainThread) Intermediate result: 19.708287436640276  (Index 103)
*** Epoch: 52 ***
-----------------G2R RESULT-------------------

val result: krc:0.792 | lsd:0.647 | ed:0.943 | hr@1:0.695 | hr@2:0.875 | hr@3:0.916 | acc@1:0.695 | acc@2:0.631 | acc@3:0.589 | Best krc: 0.819 | Best epoch: 51
[2023-11-25 02:36:43] INFO (nni/MainThread) Intermediate result: 0.7923978364992794  (Index 104)
-----------------ETPA RESULT-------------------
Epoch 52: Validation	rmse: 19.68	mae: 15.52	mape: 34.68%	acc@10: 39.27%	acc@20: 72.05%	acc@30: 90.86%	
[2023-11-25 02:36:43] INFO (nni/MainThread) Intermediate result: 19.681952783644064  (Index 105)
*** Epoch: 53 ***
-----------------G2R RESULT-------------------

val result: krc:0.817 | lsd:0.591 | ed:0.872 | hr@1:0.722 | hr@2:0.879 | hr@3:0.921 | acc@1:0.722 | acc@2:0.655 | acc@3:0.616 | Best krc: 0.819 | Best epoch: 51
[2023-11-25 02:38:31] INFO (nni/MainThread) Intermediate result: 0.8170365180334574  (Index 106)
-----------------ETPA RESULT-------------------
Epoch 53: Validation	rmse: 19.7	mae: 15.53	mape: 34.66%	acc@10: 39.35%	acc@20: 71.93%	acc@30: 90.8%	
[2023-11-25 02:38:31] INFO (nni/MainThread) Intermediate result: 19.695517762506103  (Index 107)
*** Epoch: 54 ***
-----------------G2R RESULT-------------------

val result: krc:0.82 | lsd:0.56 | ed:0.856 | hr@1:0.717 | hr@2:0.885 | hr@3:0.927 | acc@1:0.717 | acc@2:0.653 | acc@3:0.618 | Best krc: 0.819 | Best epoch: 51
best model saved
[2023-11-25 02:40:23] INFO (nni/MainThread) Intermediate result: 0.8197267523808844  (Index 108)
-----------------ETPA RESULT-------------------
Epoch 54: Validation	rmse: 19.7	mae: 15.53	mape: 34.61%	acc@10: 39.38%	acc@20: 71.88%	acc@30: 90.85%	
[2023-11-25 02:40:23] INFO (nni/MainThread) Intermediate result: 19.69834153694223  (Index 109)
*** Epoch: 55 ***
-----------------G2R RESULT-------------------

val result: krc:0.819 | lsd:0.566 | ed:0.86 | hr@1:0.722 | hr@2:0.882 | hr@3:0.927 | acc@1:0.722 | acc@2:0.659 | acc@3:0.623 | Best krc: 0.82 | Best epoch: 54
[2023-11-25 02:42:14] INFO (nni/MainThread) Intermediate result: 0.8190732479232697  (Index 110)
-----------------ETPA RESULT-------------------
Epoch 55: Validation	rmse: 19.68	mae: 15.51	mape: 34.53%	acc@10: 39.45%	acc@20: 71.88%	acc@30: 90.9%	
[2023-11-25 02:42:14] INFO (nni/MainThread) Intermediate result: 19.682389022201384  (Index 111)
*** Epoch: 56 ***
-----------------G2R RESULT-------------------

val result: krc:0.82 | lsd:0.587 | ed:0.859 | hr@1:0.734 | hr@2:0.882 | hr@3:0.925 | acc@1:0.734 | acc@2:0.663 | acc@3:0.625 | Best krc: 0.82 | Best epoch: 54
best model saved
[2023-11-25 02:44:07] INFO (nni/MainThread) Intermediate result: 0.8201867665444406  (Index 112)
-----------------ETPA RESULT-------------------
Epoch 56: Validation	rmse: 19.65	mae: 15.48	mape: 34.45%	acc@10: 39.58%	acc@20: 71.98%	acc@30: 90.95%	
[2023-11-25 02:44:07] INFO (nni/MainThread) Intermediate result: 19.645595440133153  (Index 113)
*** Epoch: 57 ***
-----------------G2R RESULT-------------------

val result: krc:0.8 | lsd:0.62 | ed:0.898 | hr@1:0.689 | hr@2:0.873 | hr@3:0.916 | acc@1:0.689 | acc@2:0.628 | acc@3:0.592 | Best krc: 0.82 | Best epoch: 56
[2023-11-25 02:45:59] INFO (nni/MainThread) Intermediate result: 0.7997697656114797  (Index 114)
-----------------ETPA RESULT-------------------
Epoch 57: Validation	rmse: 19.57	mae: 15.43	mape: 34.35%	acc@10: 39.71%	acc@20: 72.09%	acc@30: 91.06%	
[2023-11-25 02:45:59] INFO (nni/MainThread) Intermediate result: 19.569826217601243  (Index 115)
*** Epoch: 58 ***
-----------------G2R RESULT-------------------

val result: krc:0.81 | lsd:0.624 | ed:0.894 | hr@1:0.721 | hr@2:0.879 | hr@3:0.921 | acc@1:0.721 | acc@2:0.651 | acc@3:0.61 | Best krc: 0.82 | Best epoch: 56
[2023-11-25 02:47:48] INFO (nni/MainThread) Intermediate result: 0.8104910752658894  (Index 116)
-----------------ETPA RESULT-------------------
Epoch 58: Validation	rmse: 19.57	mae: 15.43	mape: 34.33%	acc@10: 39.72%	acc@20: 72.03%	acc@30: 91.1%	
[2023-11-25 02:47:48] INFO (nni/MainThread) Intermediate result: 19.572184395768193  (Index 117)
*** Epoch: 59 ***
-----------------G2R RESULT-------------------

val result: krc:0.822 | lsd:0.571 | ed:0.857 | hr@1:0.73 | hr@2:0.883 | hr@3:0.927 | acc@1:0.73 | acc@2:0.664 | acc@3:0.628 | Best krc: 0.82 | Best epoch: 56
best model saved
[2023-11-25 02:49:42] INFO (nni/MainThread) Intermediate result: 0.8216824782369164  (Index 118)
-----------------ETPA RESULT-------------------
Epoch 59: Validation	rmse: 19.57	mae: 15.42	mape: 34.3%	acc@10: 39.84%	acc@20: 72.14%	acc@30: 91.04%	
[2023-11-25 02:49:42] INFO (nni/MainThread) Intermediate result: 19.56663800158392  (Index 119)
*** Epoch: 60 ***
-----------------G2R RESULT-------------------

val result: krc:0.82 | lsd:0.582 | ed:0.863 | hr@1:0.732 | hr@2:0.885 | hr@3:0.927 | acc@1:0.732 | acc@2:0.667 | acc@3:0.631 | Best krc: 0.822 | Best epoch: 59
[2023-11-25 02:51:31] INFO (nni/MainThread) Intermediate result: 0.8203777993371347  (Index 120)
-----------------ETPA RESULT-------------------
Epoch 60: Validation	rmse: 19.56	mae: 15.41	mape: 34.25%	acc@10: 39.96%	acc@20: 72.03%	acc@30: 91.09%	
[2023-11-25 02:51:31] INFO (nni/MainThread) Intermediate result: 19.557407658656455  (Index 121)
*** Epoch: 61 ***
-----------------G2R RESULT-------------------

val result: krc:0.811 | lsd:0.639 | ed:0.892 | hr@1:0.729 | hr@2:0.867 | hr@3:0.918 | acc@1:0.729 | acc@2:0.647 | acc@3:0.61 | Best krc: 0.822 | Best epoch: 59
[2023-11-25 02:53:21] INFO (nni/MainThread) Intermediate result: 0.8106714180085409  (Index 122)
-----------------ETPA RESULT-------------------
Epoch 61: Validation	rmse: 19.54	mae: 15.4	mape: 34.2%	acc@10: 40.02%	acc@20: 72.03%	acc@30: 91.13%	
[2023-11-25 02:53:21] INFO (nni/MainThread) Intermediate result: 19.53719899904417  (Index 123)
*** Epoch: 62 ***
-----------------G2R RESULT-------------------

val result: krc:0.824 | lsd:0.562 | ed:0.852 | hr@1:0.743 | hr@2:0.883 | hr@3:0.926 | acc@1:0.743 | acc@2:0.673 | acc@3:0.631 | Best krc: 0.822 | Best epoch: 59
best model saved
[2023-11-25 02:55:13] INFO (nni/MainThread) Intermediate result: 0.8236495409560559  (Index 124)
-----------------ETPA RESULT-------------------
Epoch 62: Validation	rmse: 19.58	mae: 15.44	mape: 34.23%	acc@10: 40.03%	acc@20: 71.83%	acc@30: 91.07%	
[2023-11-25 02:55:13] INFO (nni/MainThread) Intermediate result: 19.58120105750333  (Index 125)
*** Epoch: 63 ***
-----------------G2R RESULT-------------------

val result: krc:0.79 | lsd:0.631 | ed:0.946 | hr@1:0.683 | hr@2:0.873 | hr@3:0.917 | acc@1:0.683 | acc@2:0.62 | acc@3:0.58 | Best krc: 0.824 | Best epoch: 62
[2023-11-25 02:57:02] INFO (nni/MainThread) Intermediate result: 0.7904002464037444  (Index 126)
-----------------ETPA RESULT-------------------
Epoch 63: Validation	rmse: 19.58	mae: 15.43	mape: 34.19%	acc@10: 40.09%	acc@20: 71.68%	acc@30: 91.11%	
[2023-11-25 02:57:02] INFO (nni/MainThread) Intermediate result: 19.576060953341948  (Index 127)
*** Epoch: 64 ***
-----------------G2R RESULT-------------------

val result: krc:0.801 | lsd:0.629 | ed:0.913 | hr@1:0.707 | hr@2:0.874 | hr@3:0.918 | acc@1:0.707 | acc@2:0.638 | acc@3:0.596 | Best krc: 0.824 | Best epoch: 62
[2023-11-25 02:58:52] INFO (nni/MainThread) Intermediate result: 0.8009016473817525  (Index 128)
-----------------ETPA RESULT-------------------
Epoch 64: Validation	rmse: 19.55	mae: 15.43	mape: 34.23%	acc@10: 39.95%	acc@20: 71.73%	acc@30: 91.2%	
[2023-11-25 02:58:52] INFO (nni/MainThread) Intermediate result: 19.547665644957526  (Index 129)
*** Epoch: 65 ***
-----------------G2R RESULT-------------------

val result: krc:0.803 | lsd:0.636 | ed:0.904 | hr@1:0.703 | hr@2:0.869 | hr@3:0.917 | acc@1:0.703 | acc@2:0.631 | acc@3:0.596 | Best krc: 0.824 | Best epoch: 62
[2023-11-25 03:00:42] INFO (nni/MainThread) Intermediate result: 0.8034158392094553  (Index 130)
-----------------ETPA RESULT-------------------
Epoch 65: Validation	rmse: 19.55	mae: 15.43	mape: 34.18%	acc@10: 39.91%	acc@20: 71.73%	acc@30: 91.24%	
[2023-11-25 03:00:42] INFO (nni/MainThread) Intermediate result: 19.549374110946694  (Index 131)
*** Epoch: 66 ***
-----------------G2R RESULT-------------------

val result: krc:0.799 | lsd:0.629 | ed:0.921 | hr@1:0.685 | hr@2:0.873 | hr@3:0.92 | acc@1:0.685 | acc@2:0.621 | acc@3:0.585 | Best krc: 0.824 | Best epoch: 62
[2023-11-25 03:02:34] INFO (nni/MainThread) Intermediate result: 0.7985899507543583  (Index 132)
-----------------ETPA RESULT-------------------
Epoch 66: Validation	rmse: 19.58	mae: 15.44	mape: 34.18%	acc@10: 40.02%	acc@20: 71.6%	acc@30: 91.23%	
[2023-11-25 03:02:34] INFO (nni/MainThread) Intermediate result: 19.57636889693487  (Index 133)
*** Epoch: 67 ***
-----------------G2R RESULT-------------------

val result: krc:0.809 | lsd:0.637 | ed:0.887 | hr@1:0.714 | hr@2:0.874 | hr@3:0.92 | acc@1:0.714 | acc@2:0.641 | acc@3:0.602 | Best krc: 0.824 | Best epoch: 62
[2023-11-25 03:04:25] INFO (nni/MainThread) Intermediate result: 0.8091229180866261  (Index 134)
-----------------ETPA RESULT-------------------
Epoch 67: Validation	rmse: 19.59	mae: 15.45	mape: 34.17%	acc@10: 39.94%	acc@20: 71.51%	acc@30: 91.27%	
[2023-11-25 03:04:25] INFO (nni/MainThread) Intermediate result: 19.593460988302  (Index 135)
*** Epoch: 68 ***
-----------------G2R RESULT-------------------

val result: krc:0.812 | lsd:0.627 | ed:0.873 | hr@1:0.721 | hr@2:0.874 | hr@3:0.917 | acc@1:0.721 | acc@2:0.649 | acc@3:0.609 | Best krc: 0.824 | Best epoch: 62
[2023-11-25 03:06:14] INFO (nni/MainThread) Intermediate result: 0.812166374492566  (Index 136)
-----------------ETPA RESULT-------------------
Epoch 68: Validation	rmse: 19.61	mae: 15.47	mape: 34.19%	acc@10: 39.95%	acc@20: 71.47%	acc@30: 91.26%	
[2023-11-25 03:06:14] INFO (nni/MainThread) Intermediate result: 19.605002745548756  (Index 137)
*** Epoch: 69 ***
-----------------G2R RESULT-------------------

val result: krc:0.796 | lsd:0.62 | ed:0.916 | hr@1:0.69 | hr@2:0.87 | hr@3:0.919 | acc@1:0.69 | acc@2:0.624 | acc@3:0.591 | Best krc: 0.824 | Best epoch: 62
[2023-11-25 03:08:06] INFO (nni/MainThread) Intermediate result: 0.7963563868155034  (Index 138)
-----------------ETPA RESULT-------------------
Epoch 69: Validation	rmse: 19.57	mae: 15.44	mape: 34.12%	acc@10: 40.0%	acc@20: 71.52%	acc@30: 91.29%	
[2023-11-25 03:08:06] INFO (nni/MainThread) Intermediate result: 19.571303735943406  (Index 139)
*** Epoch: 70 ***
-----------------G2R RESULT-------------------

val result: krc:0.804 | lsd:0.682 | ed:0.909 | hr@1:0.734 | hr@2:0.864 | hr@3:0.914 | acc@1:0.734 | acc@2:0.643 | acc@3:0.607 | Best krc: 0.824 | Best epoch: 62
[2023-11-25 03:09:57] INFO (nni/MainThread) Intermediate result: 0.8040968735065805  (Index 140)
-----------------ETPA RESULT-------------------
Epoch 70: Validation	rmse: 19.56	mae: 15.45	mape: 34.13%	acc@10: 39.92%	acc@20: 71.39%	acc@30: 91.29%	
[2023-11-25 03:09:57] INFO (nni/MainThread) Intermediate result: 19.564886203620045  (Index 141)
*** Epoch: 71 ***
-----------------G2R RESULT-------------------

val result: krc:0.813 | lsd:0.624 | ed:0.87 | hr@1:0.718 | hr@2:0.869 | hr@3:0.917 | acc@1:0.718 | acc@2:0.641 | acc@3:0.609 | Best krc: 0.824 | Best epoch: 62
[2023-11-25 03:11:48] INFO (nni/MainThread) Intermediate result: 0.8128902809445004  (Index 142)
-----------------ETPA RESULT-------------------
Epoch 71: Validation	rmse: 19.58	mae: 15.46	mape: 34.14%	acc@10: 39.8%	acc@20: 71.31%	acc@30: 91.32%	
[2023-11-25 03:11:48] INFO (nni/MainThread) Intermediate result: 19.578009217634875  (Index 143)
*** Epoch: 72 ***
-----------------G2R RESULT-------------------

val result: krc:0.808 | lsd:0.605 | ed:0.88 | hr@1:0.705 | hr@2:0.878 | hr@3:0.918 | acc@1:0.705 | acc@2:0.642 | acc@3:0.604 | Best krc: 0.824 | Best epoch: 62
[2023-11-25 03:13:39] INFO (nni/MainThread) Intermediate result: 0.8079375676227447  (Index 144)
-----------------ETPA RESULT-------------------
Epoch 72: Validation	rmse: 19.58	mae: 15.47	mape: 34.13%	acc@10: 39.81%	acc@20: 71.23%	acc@30: 91.35%	
[2023-11-25 03:13:39] INFO (nni/MainThread) Intermediate result: 19.57867022353678  (Index 145)
*** Epoch: 73 ***
-----------------G2R RESULT-------------------

val result: krc:0.819 | lsd:0.572 | ed:0.864 | hr@1:0.718 | hr@2:0.883 | hr@3:0.922 | acc@1:0.718 | acc@2:0.655 | acc@3:0.619 | Best krc: 0.824 | Best epoch: 62
[2023-11-25 03:15:29] INFO (nni/MainThread) Intermediate result: 0.8185727663646335  (Index 146)
-----------------ETPA RESULT-------------------
Epoch 73: Validation	rmse: 19.58	mae: 15.47	mape: 34.14%	acc@10: 39.82%	acc@20: 71.28%	acc@30: 91.39%	
[2023-11-25 03:15:29] INFO (nni/MainThread) Intermediate result: 19.578740055618077  (Index 147)
*** Epoch: 74 ***
-----------------G2R RESULT-------------------

val result: krc:0.819 | lsd:0.598 | ed:0.859 | hr@1:0.727 | hr@2:0.883 | hr@3:0.922 | acc@1:0.727 | acc@2:0.665 | acc@3:0.623 | Best krc: 0.824 | Best epoch: 62
[2023-11-25 03:17:20] INFO (nni/MainThread) Intermediate result: 0.8194679996516465  (Index 148)
-----------------ETPA RESULT-------------------
Epoch 74: Validation	rmse: 19.59	mae: 15.48	mape: 34.14%	acc@10: 39.79%	acc@20: 71.33%	acc@30: 91.38%	
[2023-11-25 03:17:20] INFO (nni/MainThread) Intermediate result: 19.593552846362755  (Index 149)
*** Epoch: 75 ***
-----------------G2R RESULT-------------------

val result: krc:0.808 | lsd:0.615 | ed:0.9 | hr@1:0.735 | hr@2:0.875 | hr@3:0.919 | acc@1:0.735 | acc@2:0.659 | acc@3:0.614 | Best krc: 0.824 | Best epoch: 62
[2023-11-25 03:19:11] INFO (nni/MainThread) Intermediate result: 0.8079201227605249  (Index 150)
-----------------ETPA RESULT-------------------
Epoch 75: Validation	rmse: 19.59	mae: 15.48	mape: 34.13%	acc@10: 39.84%	acc@20: 71.26%	acc@30: 91.41%	
[2023-11-25 03:19:11] INFO (nni/MainThread) Intermediate result: 19.58675231537403  (Index 151)
*** Epoch: 76 ***
-----------------G2R RESULT-------------------

val result: krc:0.809 | lsd:0.606 | ed:0.903 | hr@1:0.724 | hr@2:0.873 | hr@3:0.92 | acc@1:0.724 | acc@2:0.646 | acc@3:0.605 | Best krc: 0.824 | Best epoch: 62
[2023-11-25 03:21:03] INFO (nni/MainThread) Intermediate result: 0.8085055827425744  (Index 152)
-----------------ETPA RESULT-------------------
Epoch 76: Validation	rmse: 19.56	mae: 15.46	mape: 34.09%	acc@10: 39.77%	acc@20: 71.31%	acc@30: 91.44%	
[2023-11-25 03:21:03] INFO (nni/MainThread) Intermediate result: 19.563652130661087  (Index 153)
*** Epoch: 77 ***
-----------------G2R RESULT-------------------

val result: krc:0.814 | lsd:0.573 | ed:0.885 | hr@1:0.714 | hr@2:0.881 | hr@3:0.917 | acc@1:0.714 | acc@2:0.651 | acc@3:0.608 | Best krc: 0.824 | Best epoch: 62
[2023-11-25 03:22:53] INFO (nni/MainThread) Intermediate result: 0.8137990180316372  (Index 154)
-----------------ETPA RESULT-------------------
Epoch 77: Validation	rmse: 19.54	mae: 15.46	mape: 34.09%	acc@10: 39.7%	acc@20: 71.31%	acc@30: 91.43%	
[2023-11-25 03:22:53] INFO (nni/MainThread) Intermediate result: 19.543293226930253  (Index 155)
*** Epoch: 78 ***
-----------------G2R RESULT-------------------

val result: krc:0.809 | lsd:0.603 | ed:0.901 | hr@1:0.722 | hr@2:0.873 | hr@3:0.915 | acc@1:0.722 | acc@2:0.649 | acc@3:0.605 | Best krc: 0.824 | Best epoch: 62
[2023-11-25 03:24:44] INFO (nni/MainThread) Intermediate result: 0.8093808874569695  (Index 156)
-----------------ETPA RESULT-------------------
Epoch 78: Validation	rmse: 19.54	mae: 15.46	mape: 34.09%	acc@10: 39.64%	acc@20: 71.32%	acc@30: 91.38%	
[2023-11-25 03:24:44] INFO (nni/MainThread) Intermediate result: 19.535681618844965  (Index 157)
*** Epoch: 79 ***
-----------------G2R RESULT-------------------

val result: krc:0.804 | lsd:0.633 | ed:0.923 | hr@1:0.715 | hr@2:0.871 | hr@3:0.915 | acc@1:0.715 | acc@2:0.641 | acc@3:0.6 | Best krc: 0.824 | Best epoch: 62
[2023-11-25 03:26:37] INFO (nni/MainThread) Intermediate result: 0.8040625755885922  (Index 158)
-----------------ETPA RESULT-------------------
Epoch 79: Validation	rmse: 19.53	mae: 15.46	mape: 34.09%	acc@10: 39.57%	acc@20: 71.29%	acc@30: 91.37%	
[2023-11-25 03:26:37] INFO (nni/MainThread) Intermediate result: 19.528691162397834  (Index 159)
*** Epoch: 80 ***
-----------------G2R RESULT-------------------

val result: krc:0.807 | lsd:0.607 | ed:0.902 | hr@1:0.716 | hr@2:0.884 | hr@3:0.917 | acc@1:0.716 | acc@2:0.653 | acc@3:0.604 | Best krc: 0.824 | Best epoch: 62
[2023-11-25 03:28:27] INFO (nni/MainThread) Intermediate result: 0.8071416138316008  (Index 160)
-----------------ETPA RESULT-------------------
Epoch 80: Validation	rmse: 19.52	mae: 15.47	mape: 34.12%	acc@10: 39.39%	acc@20: 71.26%	acc@30: 91.4%	
[2023-11-25 03:28:27] INFO (nni/MainThread) Intermediate result: 19.523389101116976  (Index 161)
*** Epoch: 81 ***
-----------------G2R RESULT-------------------

val result: krc:0.818 | lsd:0.598 | ed:0.867 | hr@1:0.739 | hr@2:0.878 | hr@3:0.922 | acc@1:0.739 | acc@2:0.665 | acc@3:0.627 | Best krc: 0.824 | Best epoch: 62
[2023-11-25 03:30:17] INFO (nni/MainThread) Intermediate result: 0.8179165969983635  (Index 162)
-----------------ETPA RESULT-------------------
Epoch 81: Validation	rmse: 19.52	mae: 15.47	mape: 34.12%	acc@10: 39.41%	acc@20: 71.23%	acc@30: 91.39%	
[2023-11-25 03:30:17] INFO (nni/MainThread) Intermediate result: 19.5162850245608  (Index 163)
*** Epoch: 82 ***
-----------------G2R RESULT-------------------

val result: krc:0.828 | lsd:0.552 | ed:0.833 | hr@1:0.74 | hr@2:0.885 | hr@3:0.926 | acc@1:0.74 | acc@2:0.676 | acc@3:0.637 | Best krc: 0.824 | Best epoch: 62
best model saved
[2023-11-25 03:32:13] INFO (nni/MainThread) Intermediate result: 0.8280500762092365  (Index 164)
-----------------ETPA RESULT-------------------
Epoch 82: Validation	rmse: 19.49	mae: 15.46	mape: 34.13%	acc@10: 39.38%	acc@20: 71.23%	acc@30: 91.45%	
[2023-11-25 03:32:13] INFO (nni/MainThread) Intermediate result: 19.487944822771546  (Index 165)
*** Epoch: 83 ***
-----------------G2R RESULT-------------------

val result: krc:0.825 | lsd:0.555 | ed:0.845 | hr@1:0.723 | hr@2:0.888 | hr@3:0.927 | acc@1:0.723 | acc@2:0.659 | acc@3:0.622 | Best krc: 0.828 | Best epoch: 82
[2023-11-25 03:34:01] INFO (nni/MainThread) Intermediate result: 0.8250286677483879  (Index 166)
-----------------ETPA RESULT-------------------
Epoch 83: Validation	rmse: 19.49	mae: 15.46	mape: 34.12%	acc@10: 39.43%	acc@20: 71.17%	acc@30: 91.44%	
[2023-11-25 03:34:01] INFO (nni/MainThread) Intermediate result: 19.489738118314524  (Index 167)
*** Epoch: 84 ***
-----------------G2R RESULT-------------------

val result: krc:0.826 | lsd:0.565 | ed:0.848 | hr@1:0.734 | hr@2:0.887 | hr@3:0.925 | acc@1:0.734 | acc@2:0.667 | acc@3:0.629 | Best krc: 0.828 | Best epoch: 82
[2023-11-25 03:35:49] INFO (nni/MainThread) Intermediate result: 0.8257112147273932  (Index 168)
-----------------ETPA RESULT-------------------
Epoch 84: Validation	rmse: 19.48	mae: 15.47	mape: 34.12%	acc@10: 39.34%	acc@20: 71.18%	acc@30: 91.43%	
[2023-11-25 03:35:49] INFO (nni/MainThread) Intermediate result: 19.48159091318746  (Index 169)
*** Epoch: 85 ***
-----------------G2R RESULT-------------------

val result: krc:0.823 | lsd:0.565 | ed:0.845 | hr@1:0.718 | hr@2:0.887 | hr@3:0.925 | acc@1:0.718 | acc@2:0.658 | acc@3:0.622 | Best krc: 0.828 | Best epoch: 82
[2023-11-25 03:37:38] INFO (nni/MainThread) Intermediate result: 0.8226059189154948  (Index 170)
-----------------ETPA RESULT-------------------
Epoch 85: Validation	rmse: 19.47	mae: 15.47	mape: 34.13%	acc@10: 39.21%	acc@20: 71.22%	acc@30: 91.42%	
[2023-11-25 03:37:38] INFO (nni/MainThread) Intermediate result: 19.46934986990859  (Index 171)
*** Epoch: 86 ***
-----------------G2R RESULT-------------------

val result: krc:0.826 | lsd:0.566 | ed:0.853 | hr@1:0.74 | hr@2:0.884 | hr@3:0.925 | acc@1:0.74 | acc@2:0.669 | acc@3:0.629 | Best krc: 0.828 | Best epoch: 82
[2023-11-25 03:39:27] INFO (nni/MainThread) Intermediate result: 0.8259368919797427  (Index 172)
-----------------ETPA RESULT-------------------
Epoch 86: Validation	rmse: 19.48	mae: 15.5	mape: 34.21%	acc@10: 39.04%	acc@20: 71.16%	acc@30: 91.38%	
[2023-11-25 03:39:27] INFO (nni/MainThread) Intermediate result: 19.480588504245407  (Index 173)
*** Epoch: 87 ***
-----------------G2R RESULT-------------------

val result: krc:0.81 | lsd:0.6 | ed:0.882 | hr@1:0.722 | hr@2:0.875 | hr@3:0.923 | acc@1:0.722 | acc@2:0.649 | acc@3:0.615 | Best krc: 0.828 | Best epoch: 82
[2023-11-25 03:41:18] INFO (nni/MainThread) Intermediate result: 0.8099190666658965  (Index 174)
-----------------ETPA RESULT-------------------
Epoch 87: Validation	rmse: 19.49	mae: 15.51	mape: 34.24%	acc@10: 38.99%	acc@20: 71.09%	acc@30: 91.34%	
[2023-11-25 03:41:18] INFO (nni/MainThread) Intermediate result: 19.48773860807772  (Index 175)
*** Epoch: 88 ***
-----------------G2R RESULT-------------------

val result: krc:0.817 | lsd:0.581 | ed:0.873 | hr@1:0.72 | hr@2:0.888 | hr@3:0.925 | acc@1:0.72 | acc@2:0.657 | acc@3:0.615 | Best krc: 0.828 | Best epoch: 82
[2023-11-25 03:43:09] INFO (nni/MainThread) Intermediate result: 0.8169266429694937  (Index 176)
-----------------ETPA RESULT-------------------
Epoch 88: Validation	rmse: 19.48	mae: 15.51	mape: 34.24%	acc@10: 38.97%	acc@20: 71.0%	acc@30: 91.33%	
[2023-11-25 03:43:09] INFO (nni/MainThread) Intermediate result: 19.48126671979468  (Index 177)
*** Epoch: 89 ***
-----------------G2R RESULT-------------------

val result: krc:0.82 | lsd:0.57 | ed:0.854 | hr@1:0.721 | hr@2:0.886 | hr@3:0.927 | acc@1:0.721 | acc@2:0.655 | acc@3:0.616 | Best krc: 0.828 | Best epoch: 82
[2023-11-25 03:44:59] INFO (nni/MainThread) Intermediate result: 0.819913296310323  (Index 178)
-----------------ETPA RESULT-------------------
Epoch 89: Validation	rmse: 19.49	mae: 15.53	mape: 34.31%	acc@10: 38.82%	acc@20: 70.94%	acc@30: 91.28%	
[2023-11-25 03:44:59] INFO (nni/MainThread) Intermediate result: 19.485802273939616  (Index 179)
*** Epoch: 90 ***
-----------------G2R RESULT-------------------

val result: krc:0.814 | lsd:0.594 | ed:0.875 | hr@1:0.716 | hr@2:0.883 | hr@3:0.923 | acc@1:0.716 | acc@2:0.652 | acc@3:0.614 | Best krc: 0.828 | Best epoch: 82
[2023-11-25 03:46:52] INFO (nni/MainThread) Intermediate result: 0.8137642227891463  (Index 180)
-----------------ETPA RESULT-------------------
Epoch 90: Validation	rmse: 19.48	mae: 15.54	mape: 34.33%	acc@10: 38.63%	acc@20: 70.95%	acc@30: 91.28%	
[2023-11-25 03:46:52] INFO (nni/MainThread) Intermediate result: 19.484708302013374  (Index 181)
*** Epoch: 91 ***
-----------------G2R RESULT-------------------

val result: krc:0.821 | lsd:0.557 | ed:0.854 | hr@1:0.721 | hr@2:0.887 | hr@3:0.925 | acc@1:0.721 | acc@2:0.658 | acc@3:0.619 | Best krc: 0.828 | Best epoch: 82
[2023-11-25 03:48:44] INFO (nni/MainThread) Intermediate result: 0.8209090169737304  (Index 182)
-----------------ETPA RESULT-------------------
Epoch 91: Validation	rmse: 19.49	mae: 15.56	mape: 34.36%	acc@10: 38.52%	acc@20: 70.89%	acc@30: 91.24%	
[2023-11-25 03:48:44] INFO (nni/MainThread) Intermediate result: 19.486830405421337  (Index 183)
*** Epoch: 92 ***
-----------------G2R RESULT-------------------

val result: krc:0.819 | lsd:0.572 | ed:0.861 | hr@1:0.728 | hr@2:0.882 | hr@3:0.923 | acc@1:0.728 | acc@2:0.658 | acc@3:0.618 | Best krc: 0.828 | Best epoch: 82
[2023-11-25 03:50:35] INFO (nni/MainThread) Intermediate result: 0.8193240496082645  (Index 184)
-----------------ETPA RESULT-------------------
Epoch 92: Validation	rmse: 19.48	mae: 15.55	mape: 34.36%	acc@10: 38.44%	acc@20: 70.9%	acc@30: 91.23%	
[2023-11-25 03:50:35] INFO (nni/MainThread) Intermediate result: 19.47718331792551  (Index 185)
*** Epoch: 93 ***
-----------------G2R RESULT-------------------

val result: krc:0.815 | lsd:0.597 | ed:0.869 | hr@1:0.728 | hr@2:0.881 | hr@3:0.918 | acc@1:0.728 | acc@2:0.664 | acc@3:0.621 | Best krc: 0.828 | Best epoch: 82
[2023-11-25 03:52:24] INFO (nni/MainThread) Intermediate result: 0.815243238356487  (Index 186)
-----------------ETPA RESULT-------------------
Epoch 93: Validation	rmse: 19.49	mae: 15.58	mape: 34.43%	acc@10: 38.4%	acc@20: 70.71%	acc@30: 91.22%	
[2023-11-25 03:52:24] INFO (nni/MainThread) Intermediate result: 19.489773184437993  (Index 187)
*** Epoch: 94 ***
-----------------G2R RESULT-------------------

val result: krc:0.825 | lsd:0.551 | ed:0.837 | hr@1:0.733 | hr@2:0.884 | hr@3:0.924 | acc@1:0.733 | acc@2:0.67 | acc@3:0.633 | Best krc: 0.828 | Best epoch: 82
[2023-11-25 03:54:13] INFO (nni/MainThread) Intermediate result: 0.8253923863630902  (Index 188)
-----------------ETPA RESULT-------------------
Epoch 94: Validation	rmse: 19.49	mae: 15.58	mape: 34.43%	acc@10: 38.32%	acc@20: 70.76%	acc@30: 91.22%	
[2023-11-25 03:54:13] INFO (nni/MainThread) Intermediate result: 19.487335988475838  (Index 189)
*** Epoch: 95 ***
-----------------G2R RESULT-------------------

val result: krc:0.822 | lsd:0.56 | ed:0.845 | hr@1:0.734 | hr@2:0.881 | hr@3:0.924 | acc@1:0.734 | acc@2:0.662 | acc@3:0.622 | Best krc: 0.828 | Best epoch: 82
[2023-11-25 03:56:04] INFO (nni/MainThread) Intermediate result: 0.8219116600577029  (Index 190)
-----------------ETPA RESULT-------------------
Epoch 95: Validation	rmse: 19.49	mae: 15.59	mape: 34.44%	acc@10: 38.41%	acc@20: 70.64%	acc@30: 91.18%	
[2023-11-25 03:56:04] INFO (nni/MainThread) Intermediate result: 19.492664619339777  (Index 191)
*** Epoch: 96 ***
-----------------G2R RESULT-------------------

val result: krc:0.822 | lsd:0.555 | ed:0.857 | hr@1:0.733 | hr@2:0.883 | hr@3:0.921 | acc@1:0.733 | acc@2:0.666 | acc@3:0.626 | Best krc: 0.828 | Best epoch: 82
[2023-11-25 03:57:56] INFO (nni/MainThread) Intermediate result: 0.8222745778408218  (Index 192)
-----------------ETPA RESULT-------------------
Epoch 96: Validation	rmse: 19.49	mae: 15.6	mape: 34.47%	acc@10: 38.4%	acc@20: 70.59%	acc@30: 91.14%	
[2023-11-25 03:57:56] INFO (nni/MainThread) Intermediate result: 19.493964261113756  (Index 193)
*** Epoch: 97 ***
-----------------G2R RESULT-------------------

val result: krc:0.82 | lsd:0.56 | ed:0.863 | hr@1:0.718 | hr@2:0.885 | hr@3:0.926 | acc@1:0.718 | acc@2:0.653 | acc@3:0.619 | Best krc: 0.828 | Best epoch: 82
[2023-11-25 03:59:47] INFO (nni/MainThread) Intermediate result: 0.8201402775429883  (Index 194)
-----------------ETPA RESULT-------------------
Epoch 97: Validation	rmse: 19.5	mae: 15.62	mape: 34.52%	acc@10: 38.27%	acc@20: 70.54%	acc@30: 91.14%	
[2023-11-25 03:59:47] INFO (nni/MainThread) Intermediate result: 19.50347990407411  (Index 195)
*** Epoch: 98 ***
-----------------G2R RESULT-------------------

val result: krc:0.828 | lsd:0.536 | ed:0.818 | hr@1:0.729 | hr@2:0.887 | hr@3:0.927 | acc@1:0.729 | acc@2:0.666 | acc@3:0.631 | Best krc: 0.828 | Best epoch: 82
[2023-11-25 04:01:36] INFO (nni/MainThread) Intermediate result: 0.8278033534264402  (Index 196)
-----------------ETPA RESULT-------------------
Epoch 98: Validation	rmse: 19.5	mae: 15.63	mape: 34.55%	acc@10: 38.1%	acc@20: 70.55%	acc@30: 91.13%	
[2023-11-25 04:01:36] INFO (nni/MainThread) Intermediate result: 19.50353991914061  (Index 197)
*** Epoch: 99 ***
-----------------G2R RESULT-------------------

val result: krc:0.821 | lsd:0.544 | ed:0.845 | hr@1:0.732 | hr@2:0.888 | hr@3:0.928 | acc@1:0.732 | acc@2:0.665 | acc@3:0.625 | Best krc: 0.828 | Best epoch: 82
[2023-11-25 04:03:24] INFO (nni/MainThread) Intermediate result: 0.8211107291387133  (Index 198)
-----------------ETPA RESULT-------------------
Epoch 99: Validation	rmse: 19.52	mae: 15.65	mape: 34.58%	acc@10: 37.94%	acc@20: 70.5%	acc@30: 91.12%	
[2023-11-25 04:03:24] INFO (nni/MainThread) Intermediate result: 19.51552255460997  (Index 199)
*** Epoch: 100 ***
-----------------G2R RESULT-------------------

val result: krc:0.822 | lsd:0.58 | ed:0.839 | hr@1:0.729 | hr@2:0.881 | hr@3:0.924 | acc@1:0.729 | acc@2:0.664 | acc@3:0.628 | Best krc: 0.828 | Best epoch: 82
[2023-11-25 04:05:13] INFO (nni/MainThread) Intermediate result: 0.8222688720371275  (Index 200)
-----------------ETPA RESULT-------------------
Epoch 100: Validation	rmse: 19.53	mae: 15.68	mape: 34.64%	acc@10: 37.81%	acc@20: 70.39%	acc@30: 91.09%	
[2023-11-25 04:05:13] INFO (nni/MainThread) Intermediate result: 19.534742410008967  (Index 201)
*** Epoch: 101 ***
-----------------G2R RESULT-------------------

val result: krc:0.805 | lsd:0.581 | ed:0.894 | hr@1:0.694 | hr@2:0.881 | hr@3:0.925 | acc@1:0.694 | acc@2:0.635 | acc@3:0.602 | Best krc: 0.828 | Best epoch: 82
[2023-11-25 04:07:01] INFO (nni/MainThread) Intermediate result: 0.8046740889679237  (Index 202)
-----------------ETPA RESULT-------------------
Epoch 101: Validation	rmse: 19.55	mae: 15.69	mape: 34.69%	acc@10: 37.68%	acc@20: 70.37%	acc@30: 91.08%	
[2023-11-25 04:07:01] INFO (nni/MainThread) Intermediate result: 19.54630086235417  (Index 203)
*** Epoch: 102 ***
-----------------G2R RESULT-------------------

val result: krc:0.821 | lsd:0.571 | ed:0.854 | hr@1:0.73 | hr@2:0.885 | hr@3:0.928 | acc@1:0.73 | acc@2:0.669 | acc@3:0.634 | Best krc: 0.828 | Best epoch: 82
[2023-11-25 04:08:50] INFO (nni/MainThread) Intermediate result: 0.8205123746356803  (Index 204)
-----------------ETPA RESULT-------------------
Epoch 102: Validation	rmse: 19.56	mae: 15.71	mape: 34.72%	acc@10: 37.53%	acc@20: 70.33%	acc@30: 91.08%	
[2023-11-25 04:08:50] INFO (nni/MainThread) Intermediate result: 19.560003830202632  (Index 205)
loaded model path: /home/sentanoe/joint_training/data/dataset/food_pd/sort_model/hidden_size-8.gcnru-pd_1700870544.8339521700870544.8339653
best model loaded !!!
krc:0.81 | lsd:0.457 | ed:0.889 | hr@1:0.728 | hr@2:0.903 | hr@3:0.943 | acc@1:0.728 | acc@2:0.659 | acc@3:0.613 |

-------------------------------------------------------------
Best epoch for G2R:  82
Best epoch for ETPA:  85
graph2route_pd Evaluation in test: krc:0.81 | lsd:0.457 | ed:0.889 | hr@1:0.728 | hr@2:0.903 | hr@3:0.943 | acc@1:0.728 | acc@2:0.659 | acc@3:0.613 |
RankPETA Evaluation in test: rmse: 9.95	mae: 8.09	mape: 54.21%	acc@10: 55.0%	acc@20: 100.0%	acc@30: 100.0%	
