Device:  cuda
{'alpha_loss': 0.5,
 'batch_size': 64,
 'dataset': 'food_pd',
 'datatype': 'order',
 'device': device(type='cuda'),
 'early_stop': 10,
 'edge_fea_dim': 5,
 'embedding_dim': 32,
 'eval_end_1': 11,
 'eval_end_2': 25,
 'eval_start': 1,
 'gcn_num_layers': 2,
 'hidden_size': 8,
 'is_eval': False,
 'is_test': False,
 'k_min_nodes': 3,
 'k_nearest_neighbors': 'n-1',
 'lr': 0.001,
 'max_task_num': 25,
 'min_task_num': 0,
 'modelArrivalTime': 'RankPETA',
 'modelRoute': 'graph2route_pd',
 'no_cuda': False,
 'node_fea_dim': 8,
 'node_features_test': '/home/sentanoe/joint_training/data/dataset/food_pd/node_features_test_full.npy',
 'node_features_train': '/home/sentanoe/joint_training/data/dataset/food_pd/node_features_train_full.npy',
 'node_features_val': '/home/sentanoe/joint_training/data/dataset/food_pd/node_features_val_full.npy',
 'num_block': 2,
 'num_epoch': 1000,
 'num_head': 2,
 'num_worker_logistics': 2346,
 'num_worker_pd': 920,
 'pad_value': 26,
 'seed': 8888,
 'sort_mode': 'pnn_idx',
 'spatial_encoder': 'gatv2',
 'temporal_encoder': 'tft',
 'test_path': '/home/sentanoe/joint_training/data/dataset/food_pd/test_full.npy',
 'train_mode': 'sort',
 'train_path': '/home/sentanoe/joint_training/data/dataset/food_pd/train_full.npy',
 'val_path': '/home/sentanoe/joint_training/data/dataset/food_pd/val_full.npy',
 'wd': 1e-05,
 'worker_emb_dim': 10,
 'workers': 2}
last_x_size:13;unpick_x_size:12;input_size:53
#train:2521 | #val:1257 | #test:1261
*** Epoch: 0 ***
-----------------G2R RESULT-------------------

val result: krc:0.742 | lsd:0.786 | ed:1.069 | hr@1:0.615 | hr@2:0.848 | hr@3:0.895 | acc@1:0.615 | acc@2:0.557 | acc@3:0.513 | Best krc: -1 | Best epoch: -1
best model saved
[2023-12-16 10:53:44] INFO (nni/MainThread) Intermediate result: 0.7422917589948637  (Index 0)
-----------------ETPA RESULT-------------------
Epoch 0: Validation	rmse: 24.63	mae: 18.95	mape: 65.03%	acc@10: 35.56%	acc@20: 62.59%	acc@30: 79.26%	
[2023-12-16 10:53:44] INFO (nni/MainThread) Intermediate result: 24.625061964547672  (Index 1)
*** Epoch: 1 ***
-----------------G2R RESULT-------------------

val result: krc:0.754 | lsd:0.72 | ed:1.024 | hr@1:0.624 | hr@2:0.854 | hr@3:0.899 | acc@1:0.624 | acc@2:0.563 | acc@3:0.52 | Best krc: 0.742 | Best epoch: 0
best model saved
[2023-12-16 10:55:20] INFO (nni/MainThread) Intermediate result: 0.7544049213834957  (Index 2)
-----------------ETPA RESULT-------------------
Epoch 1: Validation	rmse: 25.32	mae: 18.55	mape: 89.8%	acc@10: 37.78%	acc@20: 66.48%	acc@30: 80.37%	
[2023-12-16 10:55:20] INFO (nni/MainThread) Intermediate result: 25.31833976188146  (Index 3)
*** Epoch: 2 ***
-----------------G2R RESULT-------------------

val result: krc:0.762 | lsd:0.705 | ed:1.009 | hr@1:0.633 | hr@2:0.857 | hr@3:0.906 | acc@1:0.633 | acc@2:0.573 | acc@3:0.529 | Best krc: 0.754 | Best epoch: 1
best model saved
[2023-12-16 10:56:56] INFO (nni/MainThread) Intermediate result: 0.761757721783957  (Index 4)
-----------------ETPA RESULT-------------------
Epoch 2: Validation	rmse: 24.39	mae: 17.81	mape: 98.48%	acc@10: 39.38%	acc@20: 68.4%	acc@30: 82.1%	
[2023-12-16 10:56:56] INFO (nni/MainThread) Intermediate result: 24.391558126802988  (Index 5)
*** Epoch: 3 ***
-----------------G2R RESULT-------------------

val result: krc:0.761 | lsd:0.717 | ed:1.028 | hr@1:0.634 | hr@2:0.855 | hr@3:0.904 | acc@1:0.634 | acc@2:0.575 | acc@3:0.531 | Best krc: 0.762 | Best epoch: 2
[2023-12-16 10:58:31] INFO (nni/MainThread) Intermediate result: 0.7609078738068682  (Index 6)
-----------------ETPA RESULT-------------------
Epoch 3: Validation	rmse: 23.38	mae: 17.33	mape: 103.2%	acc@10: 39.35%	acc@20: 69.26%	acc@30: 83.24%	
[2023-12-16 10:58:31] INFO (nni/MainThread) Intermediate result: 23.380974561090248  (Index 7)
*** Epoch: 4 ***
-----------------G2R RESULT-------------------

val result: krc:0.756 | lsd:0.718 | ed:1.031 | hr@1:0.625 | hr@2:0.856 | hr@3:0.901 | acc@1:0.625 | acc@2:0.574 | acc@3:0.528 | Best krc: 0.762 | Best epoch: 2
[2023-12-16 11:00:07] INFO (nni/MainThread) Intermediate result: 0.7555648118743877  (Index 8)
-----------------ETPA RESULT-------------------
Epoch 4: Validation	rmse: 22.45	mae: 16.84	mape: 104.72%	acc@10: 39.56%	acc@20: 70.22%	acc@30: 84.44%	
[2023-12-16 11:00:07] INFO (nni/MainThread) Intermediate result: 22.446238835567026  (Index 9)
*** Epoch: 5 ***
-----------------G2R RESULT-------------------

val result: krc:0.772 | lsd:0.682 | ed:0.984 | hr@1:0.648 | hr@2:0.863 | hr@3:0.908 | acc@1:0.648 | acc@2:0.593 | acc@3:0.55 | Best krc: 0.762 | Best epoch: 2
best model saved
[2023-12-16 11:01:43] INFO (nni/MainThread) Intermediate result: 0.7722961680985292  (Index 10)
-----------------ETPA RESULT-------------------
Epoch 5: Validation	rmse: 21.71	mae: 16.45	mape: 105.14%	acc@10: 39.75%	acc@20: 70.62%	acc@30: 85.31%	
[2023-12-16 11:01:43] INFO (nni/MainThread) Intermediate result: 21.71147823162617  (Index 11)
*** Epoch: 6 ***
-----------------G2R RESULT-------------------

val result: krc:0.766 | lsd:0.686 | ed:0.994 | hr@1:0.634 | hr@2:0.861 | hr@3:0.909 | acc@1:0.634 | acc@2:0.575 | acc@3:0.539 | Best krc: 0.772 | Best epoch: 5
[2023-12-16 11:03:18] INFO (nni/MainThread) Intermediate result: 0.7664894288855809  (Index 12)
-----------------ETPA RESULT-------------------
Epoch 6: Validation	rmse: 21.24	mae: 16.23	mape: 106.17%	acc@10: 39.47%	acc@20: 70.9%	acc@30: 86.19%	
[2023-12-16 11:03:18] INFO (nni/MainThread) Intermediate result: 21.24283383572553  (Index 13)
*** Epoch: 7 ***
-----------------G2R RESULT-------------------

val result: krc:0.765 | lsd:0.679 | ed:0.993 | hr@1:0.637 | hr@2:0.862 | hr@3:0.908 | acc@1:0.637 | acc@2:0.585 | acc@3:0.543 | Best krc: 0.772 | Best epoch: 5
[2023-12-16 11:04:53] INFO (nni/MainThread) Intermediate result: 0.7650297701456423  (Index 14)
-----------------ETPA RESULT-------------------
Epoch 7: Validation	rmse: 20.52	mae: 15.73	mape: 104.01%	acc@10: 40.79%	acc@20: 72.04%	acc@30: 87.22%	
[2023-12-16 11:04:53] INFO (nni/MainThread) Intermediate result: 20.51628714685876  (Index 15)
*** Epoch: 8 ***
-----------------G2R RESULT-------------------

val result: krc:0.754 | lsd:0.726 | ed:1.046 | hr@1:0.61 | hr@2:0.858 | hr@3:0.904 | acc@1:0.61 | acc@2:0.558 | acc@3:0.518 | Best krc: 0.772 | Best epoch: 5
[2023-12-16 11:06:29] INFO (nni/MainThread) Intermediate result: 0.7544179708937032  (Index 16)
-----------------ETPA RESULT-------------------
Epoch 8: Validation	rmse: 19.93	mae: 15.32	mape: 102.34%	acc@10: 41.81%	acc@20: 73.21%	acc@30: 87.9%	
[2023-12-16 11:06:29] INFO (nni/MainThread) Intermediate result: 19.932166577836874  (Index 17)
*** Epoch: 9 ***
-----------------G2R RESULT-------------------

val result: krc:0.778 | lsd:0.668 | ed:0.977 | hr@1:0.656 | hr@2:0.863 | hr@3:0.908 | acc@1:0.656 | acc@2:0.6 | acc@3:0.554 | Best krc: 0.772 | Best epoch: 5
best model saved
[2023-12-16 11:08:05] INFO (nni/MainThread) Intermediate result: 0.7783123715261887  (Index 18)
-----------------ETPA RESULT-------------------
Epoch 9: Validation	rmse: 19.56	mae: 15.05	mape: 101.6%	acc@10: 42.41%	acc@20: 73.74%	acc@30: 88.3%	
[2023-12-16 11:08:05] INFO (nni/MainThread) Intermediate result: 19.559451035370945  (Index 19)
*** Epoch: 10 ***
-----------------G2R RESULT-------------------

val result: krc:0.767 | lsd:0.694 | ed:1.002 | hr@1:0.644 | hr@2:0.86 | hr@3:0.908 | acc@1:0.644 | acc@2:0.582 | acc@3:0.544 | Best krc: 0.778 | Best epoch: 9
[2023-12-16 11:09:40] INFO (nni/MainThread) Intermediate result: 0.7671735823812781  (Index 20)
-----------------ETPA RESULT-------------------
Epoch 10: Validation	rmse: 19.04	mae: 14.67	mape: 99.14%	acc@10: 43.43%	acc@20: 74.98%	acc@30: 88.96%	
[2023-12-16 11:09:40] INFO (nni/MainThread) Intermediate result: 19.04318123967619  (Index 21)
*** Epoch: 11 ***
-----------------G2R RESULT-------------------

val result: krc:0.783 | lsd:0.658 | ed:0.965 | hr@1:0.66 | hr@2:0.863 | hr@3:0.911 | acc@1:0.66 | acc@2:0.598 | acc@3:0.564 | Best krc: 0.778 | Best epoch: 9
best model saved
[2023-12-16 11:11:17] INFO (nni/MainThread) Intermediate result: 0.7834926184117263  (Index 22)
-----------------ETPA RESULT-------------------
Epoch 11: Validation	rmse: 18.6	mae: 14.33	mape: 96.62%	acc@10: 44.63%	acc@20: 75.9%	acc@30: 89.54%	
[2023-12-16 11:11:17] INFO (nni/MainThread) Intermediate result: 18.595826543289398  (Index 23)
*** Epoch: 12 ***
-----------------G2R RESULT-------------------

val result: krc:0.758 | lsd:0.733 | ed:1.056 | hr@1:0.642 | hr@2:0.854 | hr@3:0.902 | acc@1:0.642 | acc@2:0.57 | acc@3:0.524 | Best krc: 0.783 | Best epoch: 11
[2023-12-16 11:12:53] INFO (nni/MainThread) Intermediate result: 0.7584906298417449  (Index 24)
-----------------ETPA RESULT-------------------
Epoch 12: Validation	rmse: 18.29	mae: 14.1	mape: 95.47%	acc@10: 45.47%	acc@20: 76.61%	acc@30: 89.94%	
[2023-12-16 11:12:53] INFO (nni/MainThread) Intermediate result: 18.29016978150256  (Index 25)
*** Epoch: 13 ***
-----------------G2R RESULT-------------------

val result: krc:0.796 | lsd:0.636 | ed:0.926 | hr@1:0.702 | hr@2:0.868 | hr@3:0.911 | acc@1:0.702 | acc@2:0.628 | acc@3:0.582 | Best krc: 0.783 | Best epoch: 11
best model saved
[2023-12-16 11:14:28] INFO (nni/MainThread) Intermediate result: 0.7964577119102698  (Index 26)
-----------------ETPA RESULT-------------------
Epoch 13: Validation	rmse: 17.97	mae: 13.85	mape: 93.62%	acc@10: 46.3%	acc@20: 77.2%	acc@30: 90.37%	
[2023-12-16 11:14:28] INFO (nni/MainThread) Intermediate result: 17.967392124197243  (Index 27)
*** Epoch: 14 ***
-----------------G2R RESULT-------------------

val result: krc:0.803 | lsd:0.638 | ed:0.929 | hr@1:0.709 | hr@2:0.866 | hr@3:0.917 | acc@1:0.709 | acc@2:0.627 | acc@3:0.586 | Best krc: 0.796 | Best epoch: 13
best model saved
[2023-12-16 11:16:04] INFO (nni/MainThread) Intermediate result: 0.8025165639070319  (Index 28)
-----------------ETPA RESULT-------------------
Epoch 14: Validation	rmse: 17.69	mae: 13.66	mape: 92.3%	acc@10: 46.84%	acc@20: 77.88%	acc@30: 90.74%	
[2023-12-16 11:16:04] INFO (nni/MainThread) Intermediate result: 17.691469083615313  (Index 29)
*** Epoch: 15 ***
-----------------G2R RESULT-------------------

val result: krc:0.784 | lsd:0.737 | ed:0.983 | hr@1:0.727 | hr@2:0.846 | hr@3:0.91 | acc@1:0.727 | acc@2:0.617 | acc@3:0.582 | Best krc: 0.803 | Best epoch: 14
[2023-12-16 11:17:39] INFO (nni/MainThread) Intermediate result: 0.7841023977884493  (Index 30)
-----------------ETPA RESULT-------------------
Epoch 15: Validation	rmse: 17.42	mae: 13.45	mape: 90.92%	acc@10: 47.41%	acc@20: 78.54%	acc@30: 91.18%	
[2023-12-16 11:17:39] INFO (nni/MainThread) Intermediate result: 17.4166678016654  (Index 31)
*** Epoch: 16 ***
-----------------G2R RESULT-------------------

val result: krc:0.804 | lsd:0.619 | ed:0.903 | hr@1:0.692 | hr@2:0.873 | hr@3:0.918 | acc@1:0.692 | acc@2:0.631 | acc@3:0.595 | Best krc: 0.803 | Best epoch: 14
best model saved
[2023-12-16 11:19:14] INFO (nni/MainThread) Intermediate result: 0.8041739578337741  (Index 32)
-----------------ETPA RESULT-------------------
Epoch 16: Validation	rmse: 17.25	mae: 13.33	mape: 90.33%	acc@10: 47.82%	acc@20: 78.85%	acc@30: 91.39%	
[2023-12-16 11:19:14] INFO (nni/MainThread) Intermediate result: 17.245577721542226  (Index 33)
*** Epoch: 17 ***
-----------------G2R RESULT-------------------

val result: krc:0.801 | lsd:0.644 | ed:0.925 | hr@1:0.706 | hr@2:0.869 | hr@3:0.915 | acc@1:0.706 | acc@2:0.627 | acc@3:0.585 | Best krc: 0.804 | Best epoch: 16
[2023-12-16 11:20:49] INFO (nni/MainThread) Intermediate result: 0.801319811542811  (Index 34)
-----------------ETPA RESULT-------------------
Epoch 17: Validation	rmse: 17.08	mae: 13.21	mape: 89.65%	acc@10: 48.15%	acc@20: 79.22%	acc@30: 91.67%	
[2023-12-16 11:20:49] INFO (nni/MainThread) Intermediate result: 17.075663601830417  (Index 35)
*** Epoch: 18 ***
-----------------G2R RESULT-------------------

val result: krc:0.803 | lsd:0.6 | ed:0.891 | hr@1:0.696 | hr@2:0.872 | hr@3:0.918 | acc@1:0.696 | acc@2:0.636 | acc@3:0.596 | Best krc: 0.804 | Best epoch: 16
[2023-12-16 11:22:23] INFO (nni/MainThread) Intermediate result: 0.8033835043804436  (Index 36)
-----------------ETPA RESULT-------------------
Epoch 18: Validation	rmse: 16.92	mae: 13.11	mape: 89.0%	acc@10: 48.38%	acc@20: 79.59%	acc@30: 91.87%	
[2023-12-16 11:22:23] INFO (nni/MainThread) Intermediate result: 16.922699072298133  (Index 37)
*** Epoch: 19 ***
-----------------G2R RESULT-------------------

val result: krc:0.81 | lsd:0.583 | ed:0.886 | hr@1:0.709 | hr@2:0.879 | hr@3:0.919 | acc@1:0.709 | acc@2:0.65 | acc@3:0.603 | Best krc: 0.804 | Best epoch: 16
best model saved
[2023-12-16 11:23:58] INFO (nni/MainThread) Intermediate result: 0.810470219993613  (Index 38)
-----------------ETPA RESULT-------------------
Epoch 19: Validation	rmse: 16.77	mae: 13.0	mape: 88.31%	acc@10: 48.63%	acc@20: 79.98%	acc@30: 92.09%	
[2023-12-16 11:23:58] INFO (nni/MainThread) Intermediate result: 16.769235735108126  (Index 39)
*** Epoch: 20 ***
-----------------G2R RESULT-------------------

val result: krc:0.811 | lsd:0.595 | ed:0.884 | hr@1:0.702 | hr@2:0.881 | hr@3:0.923 | acc@1:0.702 | acc@2:0.643 | acc@3:0.604 | Best krc: 0.81 | Best epoch: 19
best model saved
[2023-12-16 11:25:36] INFO (nni/MainThread) Intermediate result: 0.8108302751678353  (Index 40)
-----------------ETPA RESULT-------------------
Epoch 20: Validation	rmse: 16.61	mae: 12.88	mape: 87.3%	acc@10: 48.99%	acc@20: 80.35%	acc@30: 92.29%	
[2023-12-16 11:25:36] INFO (nni/MainThread) Intermediate result: 16.61120856778742  (Index 41)
*** Epoch: 21 ***
-----------------G2R RESULT-------------------

val result: krc:0.799 | lsd:0.645 | ed:0.927 | hr@1:0.683 | hr@2:0.864 | hr@3:0.913 | acc@1:0.683 | acc@2:0.616 | acc@3:0.582 | Best krc: 0.811 | Best epoch: 20
[2023-12-16 11:27:12] INFO (nni/MainThread) Intermediate result: 0.7985574900572715  (Index 42)
-----------------ETPA RESULT-------------------
Epoch 21: Validation	rmse: 16.48	mae: 12.78	mape: 86.68%	acc@10: 49.33%	acc@20: 80.62%	acc@30: 92.49%	
[2023-12-16 11:27:12] INFO (nni/MainThread) Intermediate result: 16.47560346662781  (Index 43)
*** Epoch: 22 ***
-----------------G2R RESULT-------------------

val result: krc:0.802 | lsd:0.649 | ed:0.917 | hr@1:0.704 | hr@2:0.864 | hr@3:0.914 | acc@1:0.704 | acc@2:0.633 | acc@3:0.593 | Best krc: 0.811 | Best epoch: 20
[2023-12-16 11:28:49] INFO (nni/MainThread) Intermediate result: 0.8021524955149791  (Index 44)
-----------------ETPA RESULT-------------------
Epoch 22: Validation	rmse: 16.4	mae: 12.73	mape: 86.36%	acc@10: 49.47%	acc@20: 80.77%	acc@30: 92.58%	
[2023-12-16 11:28:49] INFO (nni/MainThread) Intermediate result: 16.400432653335503  (Index 45)
*** Epoch: 23 ***
-----------------G2R RESULT-------------------

val result: krc:0.806 | lsd:0.627 | ed:0.893 | hr@1:0.714 | hr@2:0.869 | hr@3:0.914 | acc@1:0.714 | acc@2:0.645 | acc@3:0.601 | Best krc: 0.811 | Best epoch: 20
[2023-12-16 11:30:28] INFO (nni/MainThread) Intermediate result: 0.8064089872135345  (Index 46)
-----------------ETPA RESULT-------------------
Epoch 23: Validation	rmse: 16.26	mae: 12.63	mape: 85.54%	acc@10: 49.74%	acc@20: 81.06%	acc@30: 92.78%	
[2023-12-16 11:30:28] INFO (nni/MainThread) Intermediate result: 16.26228537318775  (Index 47)
*** Epoch: 24 ***
-----------------G2R RESULT-------------------

val result: krc:0.801 | lsd:0.633 | ed:0.917 | hr@1:0.707 | hr@2:0.871 | hr@3:0.915 | acc@1:0.707 | acc@2:0.635 | acc@3:0.596 | Best krc: 0.811 | Best epoch: 20
[2023-12-16 11:32:06] INFO (nni/MainThread) Intermediate result: 0.8007934979076213  (Index 48)
-----------------ETPA RESULT-------------------
Epoch 24: Validation	rmse: 16.17	mae: 12.56	mape: 85.1%	acc@10: 49.93%	acc@20: 81.21%	acc@30: 92.92%	
[2023-12-16 11:32:06] INFO (nni/MainThread) Intermediate result: 16.17166374205348  (Index 49)
*** Epoch: 25 ***
-----------------G2R RESULT-------------------

val result: krc:0.808 | lsd:0.614 | ed:0.889 | hr@1:0.723 | hr@2:0.87 | hr@3:0.919 | acc@1:0.723 | acc@2:0.644 | acc@3:0.602 | Best krc: 0.811 | Best epoch: 20
[2023-12-16 11:33:44] INFO (nni/MainThread) Intermediate result: 0.8084405756027967  (Index 50)
-----------------ETPA RESULT-------------------
Epoch 25: Validation	rmse: 16.08	mae: 12.5	mape: 84.38%	acc@10: 50.11%	acc@20: 81.34%	acc@30: 93.02%	
[2023-12-16 11:33:44] INFO (nni/MainThread) Intermediate result: 16.084352927539282  (Index 51)
*** Epoch: 26 ***
-----------------G2R RESULT-------------------

val result: krc:0.797 | lsd:0.667 | ed:0.931 | hr@1:0.719 | hr@2:0.863 | hr@3:0.91 | acc@1:0.719 | acc@2:0.639 | acc@3:0.592 | Best krc: 0.811 | Best epoch: 20
[2023-12-16 11:35:21] INFO (nni/MainThread) Intermediate result: 0.7972016271797645  (Index 52)
-----------------ETPA RESULT-------------------
Epoch 26: Validation	rmse: 15.98	mae: 12.42	mape: 83.62%	acc@10: 50.37%	acc@20: 81.51%	acc@30: 93.16%	
[2023-12-16 11:35:21] INFO (nni/MainThread) Intermediate result: 15.983422552372533  (Index 53)
*** Epoch: 27 ***
-----------------G2R RESULT-------------------

val result: krc:0.785 | lsd:0.739 | ed:0.986 | hr@1:0.722 | hr@2:0.847 | hr@3:0.905 | acc@1:0.722 | acc@2:0.624 | acc@3:0.582 | Best krc: 0.811 | Best epoch: 20
[2023-12-16 11:36:57] INFO (nni/MainThread) Intermediate result: 0.7847028852538253  (Index 54)
-----------------ETPA RESULT-------------------
Epoch 27: Validation	rmse: 15.91	mae: 12.36	mape: 83.08%	acc@10: 50.49%	acc@20: 81.65%	acc@30: 93.24%	
[2023-12-16 11:36:57] INFO (nni/MainThread) Intermediate result: 15.905458658348994  (Index 55)
*** Epoch: 28 ***
-----------------G2R RESULT-------------------

val result: krc:0.788 | lsd:0.727 | ed:0.962 | hr@1:0.727 | hr@2:0.851 | hr@3:0.909 | acc@1:0.727 | acc@2:0.626 | acc@3:0.589 | Best krc: 0.811 | Best epoch: 20
[2023-12-16 11:38:34] INFO (nni/MainThread) Intermediate result: 0.7881538325963335  (Index 56)
-----------------ETPA RESULT-------------------
Epoch 28: Validation	rmse: 15.86	mae: 12.33	mape: 83.08%	acc@10: 50.59%	acc@20: 81.75%	acc@30: 93.31%	
[2023-12-16 11:38:34] INFO (nni/MainThread) Intermediate result: 15.863506312697659  (Index 57)
*** Epoch: 29 ***
-----------------G2R RESULT-------------------

val result: krc:0.814 | lsd:0.611 | ed:0.872 | hr@1:0.724 | hr@2:0.876 | hr@3:0.92 | acc@1:0.724 | acc@2:0.65 | acc@3:0.613 | Best krc: 0.811 | Best epoch: 20
best model saved
[2023-12-16 11:40:11] INFO (nni/MainThread) Intermediate result: 0.813603624185172  (Index 58)
-----------------ETPA RESULT-------------------
Epoch 29: Validation	rmse: 15.8	mae: 12.29	mape: 82.89%	acc@10: 50.79%	acc@20: 81.88%	acc@30: 93.41%	
[2023-12-16 11:40:11] INFO (nni/MainThread) Intermediate result: 15.799131685980223  (Index 59)
*** Epoch: 30 ***
-----------------G2R RESULT-------------------

val result: krc:0.806 | lsd:0.627 | ed:0.916 | hr@1:0.714 | hr@2:0.873 | hr@3:0.914 | acc@1:0.714 | acc@2:0.644 | acc@3:0.599 | Best krc: 0.814 | Best epoch: 29
[2023-12-16 11:41:46] INFO (nni/MainThread) Intermediate result: 0.8055822539862767  (Index 60)
-----------------ETPA RESULT-------------------
Epoch 30: Validation	rmse: 15.75	mae: 12.26	mape: 82.71%	acc@10: 50.94%	acc@20: 82.0%	acc@30: 93.48%	
[2023-12-16 11:41:46] INFO (nni/MainThread) Intermediate result: 15.750242838908827  (Index 61)
*** Epoch: 31 ***
-----------------G2R RESULT-------------------

val result: krc:0.811 | lsd:0.581 | ed:0.877 | hr@1:0.702 | hr@2:0.878 | hr@3:0.923 | acc@1:0.702 | acc@2:0.646 | acc@3:0.605 | Best krc: 0.814 | Best epoch: 29
[2023-12-16 11:43:22] INFO (nni/MainThread) Intermediate result: 0.8107799444397608  (Index 62)
-----------------ETPA RESULT-------------------
Epoch 31: Validation	rmse: 15.73	mae: 12.25	mape: 82.78%	acc@10: 50.89%	acc@20: 82.01%	acc@30: 93.51%	
[2023-12-16 11:43:23] INFO (nni/MainThread) Intermediate result: 15.730081305698901  (Index 63)
*** Epoch: 32 ***
-----------------G2R RESULT-------------------

val result: krc:0.809 | lsd:0.595 | ed:0.9 | hr@1:0.719 | hr@2:0.873 | hr@3:0.923 | acc@1:0.719 | acc@2:0.643 | acc@3:0.603 | Best krc: 0.814 | Best epoch: 29
[2023-12-16 11:44:59] INFO (nni/MainThread) Intermediate result: 0.8086800151863553  (Index 64)
-----------------ETPA RESULT-------------------
Epoch 32: Validation	rmse: 15.67	mae: 12.2	mape: 82.37%	acc@10: 51.0%	acc@20: 82.11%	acc@30: 93.58%	
[2023-12-16 11:44:59] INFO (nni/MainThread) Intermediate result: 15.672508489994197  (Index 65)
*** Epoch: 33 ***
-----------------G2R RESULT-------------------

val result: krc:0.803 | lsd:0.595 | ed:0.907 | hr@1:0.7 | hr@2:0.873 | hr@3:0.92 | acc@1:0.7 | acc@2:0.632 | acc@3:0.592 | Best krc: 0.814 | Best epoch: 29
[2023-12-16 11:46:34] INFO (nni/MainThread) Intermediate result: 0.8026478168061026  (Index 66)
-----------------ETPA RESULT-------------------
Epoch 33: Validation	rmse: 15.61	mae: 12.16	mape: 82.06%	acc@10: 51.12%	acc@20: 82.2%	acc@30: 93.66%	
[2023-12-16 11:46:34] INFO (nni/MainThread) Intermediate result: 15.612062190045428  (Index 67)
*** Epoch: 34 ***
-----------------G2R RESULT-------------------

val result: krc:0.809 | lsd:0.628 | ed:0.907 | hr@1:0.711 | hr@2:0.881 | hr@3:0.919 | acc@1:0.711 | acc@2:0.648 | acc@3:0.604 | Best krc: 0.814 | Best epoch: 29
[2023-12-16 11:48:10] INFO (nni/MainThread) Intermediate result: 0.8087926926755086  (Index 68)
-----------------ETPA RESULT-------------------
Epoch 34: Validation	rmse: 15.56	mae: 12.12	mape: 81.8%	acc@10: 51.22%	acc@20: 82.26%	acc@30: 93.7%	
[2023-12-16 11:48:10] INFO (nni/MainThread) Intermediate result: 15.562236999822018  (Index 69)
*** Epoch: 35 ***
-----------------G2R RESULT-------------------

val result: krc:0.813 | lsd:0.571 | ed:0.873 | hr@1:0.705 | hr@2:0.877 | hr@3:0.923 | acc@1:0.705 | acc@2:0.643 | acc@3:0.609 | Best krc: 0.814 | Best epoch: 29
[2023-12-16 11:49:46] INFO (nni/MainThread) Intermediate result: 0.8132732583454051  (Index 70)
-----------------ETPA RESULT-------------------
Epoch 35: Validation	rmse: 15.52	mae: 12.08	mape: 81.36%	acc@10: 51.36%	acc@20: 82.29%	acc@30: 93.76%	
[2023-12-16 11:49:46] INFO (nni/MainThread) Intermediate result: 15.520038590084331  (Index 71)
*** Epoch: 36 ***
-----------------G2R RESULT-------------------

val result: krc:0.807 | lsd:0.595 | ed:0.89 | hr@1:0.705 | hr@2:0.873 | hr@3:0.922 | acc@1:0.705 | acc@2:0.644 | acc@3:0.605 | Best krc: 0.814 | Best epoch: 29
[2023-12-16 11:51:22] INFO (nni/MainThread) Intermediate result: 0.8067830904297891  (Index 72)
-----------------ETPA RESULT-------------------
Epoch 36: Validation	rmse: 15.47	mae: 12.04	mape: 80.76%	acc@10: 51.56%	acc@20: 82.41%	acc@30: 93.78%	
[2023-12-16 11:51:22] INFO (nni/MainThread) Intermediate result: 15.4726866966747  (Index 73)
*** Epoch: 37 ***
-----------------G2R RESULT-------------------

val result: krc:0.791 | lsd:0.639 | ed:0.938 | hr@1:0.668 | hr@2:0.866 | hr@3:0.914 | acc@1:0.668 | acc@2:0.611 | acc@3:0.573 | Best krc: 0.814 | Best epoch: 29
[2023-12-16 11:52:58] INFO (nni/MainThread) Intermediate result: 0.790849899262667  (Index 74)
-----------------ETPA RESULT-------------------
Epoch 37: Validation	rmse: 15.41	mae: 11.99	mape: 80.24%	acc@10: 51.7%	acc@20: 82.54%	acc@30: 93.85%	
[2023-12-16 11:52:58] INFO (nni/MainThread) Intermediate result: 15.413096138095243  (Index 75)
*** Epoch: 38 ***
-----------------G2R RESULT-------------------

val result: krc:0.799 | lsd:0.632 | ed:0.925 | hr@1:0.681 | hr@2:0.871 | hr@3:0.917 | acc@1:0.681 | acc@2:0.62 | acc@3:0.583 | Best krc: 0.814 | Best epoch: 29
[2023-12-16 11:54:35] INFO (nni/MainThread) Intermediate result: 0.7990634292427035  (Index 76)
-----------------ETPA RESULT-------------------
Epoch 38: Validation	rmse: 15.38	mae: 11.97	mape: 80.16%	acc@10: 51.7%	acc@20: 82.59%	acc@30: 93.91%	
[2023-12-16 11:54:35] INFO (nni/MainThread) Intermediate result: 15.382407153463866  (Index 77)
*** Epoch: 39 ***
-----------------G2R RESULT-------------------

val result: krc:0.774 | lsd:0.668 | ed:0.986 | hr@1:0.647 | hr@2:0.865 | hr@3:0.909 | acc@1:0.647 | acc@2:0.591 | acc@3:0.55 | Best krc: 0.814 | Best epoch: 29
[2023-12-16 11:56:11] INFO (nni/MainThread) Intermediate result: 0.7740080531947605  (Index 78)
-----------------ETPA RESULT-------------------
Epoch 39: Validation	rmse: 15.37	mae: 11.96	mape: 80.15%	acc@10: 51.76%	acc@20: 82.61%	acc@30: 93.94%	
[2023-12-16 11:56:11] INFO (nni/MainThread) Intermediate result: 15.369128202968804  (Index 79)
loaded model path: /home/sentanoe/joint_training/data/dataset/food_pd/sort_model/hidden_size-8.gcnru-pd_1702720328.50386241702720328.5038745
best model loaded !!!
krc:0.803 | lsd:0.459 | ed:0.902 | hr@1:0.72 | hr@2:0.903 | hr@3:0.942 | acc@1:0.72 | acc@2:0.651 | acc@3:0.606 |

-------------------------------------------------------------
Best epoch for G2R:  29
Best epoch for ETPA:  39
graph2route_pd Evaluation in test: krc:0.803 | lsd:0.459 | ed:0.902 | hr@1:0.72 | hr@2:0.903 | hr@3:0.942 | acc@1:0.72 | acc@2:0.651 | acc@3:0.606 |
RankPETA Evaluation in test: rmse: 15.98	mae: 12.68	mape: 117.53%	acc@10: 45.57%	acc@20: 80.17%	acc@30: 94.51%	
