Device:  cuda
{'alpha_loss': 0.5,
 'batch_size': 64,
 'dataset': 'food_pd',
 'datatype': 'order',
 'device': device(type='cuda'),
 'early_stop': 10,
 'edge_fea_dim': 5,
 'embedding_dim': 32,
 'eval_end_1': 11,
 'eval_end_2': 25,
 'eval_start': 1,
 'gcn_num_layers': 2,
 'hidden_size': 8,
 'is_eval': False,
 'is_test': False,
 'k_min_nodes': 3,
 'k_nearest_neighbors': 'n-1',
 'lr': 0.001,
 'max_task_num': 25,
 'min_task_num': 0,
 'modelArrivalTime': 'RankPETA',
 'modelRoute': 'graph2route_pd',
 'no_cuda': False,
 'node_fea_dim': 8,
 'node_features_test': '/home/sentanoe/joint_training/data/dataset/food_pd/node_features_test_full.npy',
 'node_features_train': '/home/sentanoe/joint_training/data/dataset/food_pd/node_features_train_full.npy',
 'node_features_val': '/home/sentanoe/joint_training/data/dataset/food_pd/node_features_val_full.npy',
 'num_block': 2,
 'num_epoch': 1000,
 'num_head': 2,
 'num_worker_logistics': 2346,
 'num_worker_pd': 920,
 'pad_value': 26,
 'seed': 1000,
 'sort_mode': 'pnn_idx',
 'spatial_encoder': 'gatv2',
 'temporal_encoder': 'tft',
 'test_path': '/home/sentanoe/joint_training/data/dataset/food_pd/test_full.npy',
 'train_mode': 'sort',
 'train_path': '/home/sentanoe/joint_training/data/dataset/food_pd/train_full.npy',
 'val_path': '/home/sentanoe/joint_training/data/dataset/food_pd/val_full.npy',
 'wd': 1e-05,
 'worker_emb_dim': 10,
 'workers': 2}
last_x_size:13;unpick_x_size:12;input_size:53
#train:2521 | #val:1257 | #test:1261
*** Epoch: 0 ***
-----------------G2R RESULT-------------------

val result: krc:0.751 | lsd:0.721 | ed:1.052 | hr@1:0.622 | hr@2:0.85 | hr@3:0.899 | acc@1:0.622 | acc@2:0.56 | acc@3:0.516 | Best krc: -1 | Best epoch: -1
best model saved
[2023-12-16 11:19:34] INFO (nni/MainThread) Intermediate result: 0.7512226011045423  (Index 0)
-----------------ETPA RESULT-------------------
Epoch 0: Validation	rmse: 24.52	mae: 19.3	mape: 72.17%	acc@10: 31.48%	acc@20: 59.26%	acc@30: 79.26%	
[2023-12-16 11:19:34] INFO (nni/MainThread) Intermediate result: 24.515812967332305  (Index 1)
*** Epoch: 1 ***
-----------------G2R RESULT-------------------

val result: krc:0.759 | lsd:0.71 | ed:1.022 | hr@1:0.627 | hr@2:0.86 | hr@3:0.905 | acc@1:0.627 | acc@2:0.57 | acc@3:0.532 | Best krc: 0.751 | Best epoch: 0
best model saved
[2023-12-16 11:21:12] INFO (nni/MainThread) Intermediate result: 0.7587547191832282  (Index 2)
-----------------ETPA RESULT-------------------
Epoch 1: Validation	rmse: 24.16	mae: 18.5	mape: 98.78%	acc@10: 35.19%	acc@20: 64.07%	acc@30: 80.93%	
[2023-12-16 11:21:12] INFO (nni/MainThread) Intermediate result: 24.155117286116013  (Index 3)
*** Epoch: 2 ***
-----------------G2R RESULT-------------------

val result: krc:0.756 | lsd:0.708 | ed:1.044 | hr@1:0.624 | hr@2:0.857 | hr@3:0.904 | acc@1:0.624 | acc@2:0.561 | acc@3:0.524 | Best krc: 0.759 | Best epoch: 1
[2023-12-16 11:22:49] INFO (nni/MainThread) Intermediate result: 0.7562484340709089  (Index 4)
-----------------ETPA RESULT-------------------
Epoch 2: Validation	rmse: 23.3	mae: 18.01	mape: 107.02%	acc@10: 35.93%	acc@20: 65.56%	acc@30: 82.35%	
[2023-12-16 11:22:49] INFO (nni/MainThread) Intermediate result: 23.302465303951532  (Index 5)
*** Epoch: 3 ***
-----------------G2R RESULT-------------------

val result: krc:0.763 | lsd:0.711 | ed:1.015 | hr@1:0.631 | hr@2:0.857 | hr@3:0.905 | acc@1:0.631 | acc@2:0.574 | acc@3:0.539 | Best krc: 0.759 | Best epoch: 1
best model saved
[2023-12-16 11:24:26] INFO (nni/MainThread) Intermediate result: 0.7628092065346109  (Index 6)
-----------------ETPA RESULT-------------------
Epoch 3: Validation	rmse: 22.31	mae: 17.25	mape: 106.07%	acc@10: 37.59%	acc@20: 67.59%	acc@30: 83.52%	
[2023-12-16 11:24:26] INFO (nni/MainThread) Intermediate result: 22.313586080868077  (Index 7)
*** Epoch: 4 ***
-----------------G2R RESULT-------------------

val result: krc:0.777 | lsd:0.686 | ed:0.991 | hr@1:0.659 | hr@2:0.864 | hr@3:0.906 | acc@1:0.659 | acc@2:0.596 | acc@3:0.549 | Best krc: 0.763 | Best epoch: 3
best model saved
[2023-12-16 11:26:04] INFO (nni/MainThread) Intermediate result: 0.7767552507736155  (Index 8)
-----------------ETPA RESULT-------------------
Epoch 4: Validation	rmse: 21.84	mae: 16.88	mape: 107.62%	acc@10: 38.3%	acc@20: 68.37%	acc@30: 84.15%	
[2023-12-16 11:26:04] INFO (nni/MainThread) Intermediate result: 21.83731976386334  (Index 9)
*** Epoch: 5 ***
-----------------G2R RESULT-------------------

val result: krc:0.775 | lsd:0.682 | ed:0.978 | hr@1:0.634 | hr@2:0.862 | hr@3:0.914 | acc@1:0.634 | acc@2:0.577 | acc@3:0.547 | Best krc: 0.777 | Best epoch: 4
[2023-12-16 11:27:43] INFO (nni/MainThread) Intermediate result: 0.774874116150898  (Index 10)
-----------------ETPA RESULT-------------------
Epoch 5: Validation	rmse: 21.08	mae: 16.3	mape: 105.29%	acc@10: 39.81%	acc@20: 70.0%	acc@30: 85.31%	
[2023-12-16 11:27:43] INFO (nni/MainThread) Intermediate result: 21.078075018332907  (Index 11)
*** Epoch: 6 ***
-----------------G2R RESULT-------------------

val result: krc:0.78 | lsd:0.676 | ed:0.963 | hr@1:0.652 | hr@2:0.865 | hr@3:0.913 | acc@1:0.652 | acc@2:0.59 | acc@3:0.556 | Best krc: 0.777 | Best epoch: 4
best model saved
[2023-12-16 11:29:23] INFO (nni/MainThread) Intermediate result: 0.779843914203337  (Index 12)
-----------------ETPA RESULT-------------------
Epoch 6: Validation	rmse: 20.34	mae: 15.77	mape: 103.18%	acc@10: 40.74%	acc@20: 71.38%	acc@30: 86.77%	
[2023-12-16 11:29:23] INFO (nni/MainThread) Intermediate result: 20.340331001235445  (Index 13)
*** Epoch: 7 ***
-----------------G2R RESULT-------------------

val result: krc:0.786 | lsd:0.663 | ed:0.955 | hr@1:0.657 | hr@2:0.862 | hr@3:0.916 | acc@1:0.657 | acc@2:0.595 | acc@3:0.561 | Best krc: 0.78 | Best epoch: 6
best model saved
[2023-12-16 11:31:04] INFO (nni/MainThread) Intermediate result: 0.7858124650778784  (Index 14)
-----------------ETPA RESULT-------------------
Epoch 7: Validation	rmse: 19.78	mae: 15.41	mape: 101.4%	acc@10: 41.53%	acc@20: 72.18%	acc@30: 87.64%	
[2023-12-16 11:31:04] INFO (nni/MainThread) Intermediate result: 19.778717892217372  (Index 15)
*** Epoch: 8 ***
-----------------G2R RESULT-------------------

val result: krc:0.782 | lsd:0.664 | ed:0.959 | hr@1:0.659 | hr@2:0.866 | hr@3:0.914 | acc@1:0.659 | acc@2:0.597 | acc@3:0.561 | Best krc: 0.786 | Best epoch: 7
[2023-12-16 11:32:43] INFO (nni/MainThread) Intermediate result: 0.7815166475332631  (Index 16)
-----------------ETPA RESULT-------------------
Epoch 8: Validation	rmse: 19.25	mae: 15.02	mape: 99.65%	acc@10: 42.47%	acc@20: 73.29%	acc@30: 88.48%	
[2023-12-16 11:32:43] INFO (nni/MainThread) Intermediate result: 19.249339574875673  (Index 17)
*** Epoch: 9 ***
-----------------G2R RESULT-------------------

val result: krc:0.771 | lsd:0.696 | ed:1.019 | hr@1:0.649 | hr@2:0.862 | hr@3:0.905 | acc@1:0.649 | acc@2:0.586 | acc@3:0.537 | Best krc: 0.786 | Best epoch: 7
[2023-12-16 11:34:22] INFO (nni/MainThread) Intermediate result: 0.771169049577445  (Index 18)
-----------------ETPA RESULT-------------------
Epoch 9: Validation	rmse: 18.76	mae: 14.65	mape: 96.85%	acc@10: 43.56%	acc@20: 74.37%	acc@30: 89.22%	
[2023-12-16 11:34:22] INFO (nni/MainThread) Intermediate result: 18.760745534391646  (Index 19)
*** Epoch: 10 ***
-----------------G2R RESULT-------------------

val result: krc:0.799 | lsd:0.648 | ed:0.913 | hr@1:0.687 | hr@2:0.871 | hr@3:0.915 | acc@1:0.687 | acc@2:0.625 | acc@3:0.583 | Best krc: 0.786 | Best epoch: 7
best model saved
[2023-12-16 11:36:02] INFO (nni/MainThread) Intermediate result: 0.7985704450855305  (Index 20)
-----------------ETPA RESULT-------------------
Epoch 10: Validation	rmse: 18.33	mae: 14.34	mape: 94.77%	acc@10: 44.41%	acc@20: 75.39%	acc@30: 89.87%	
[2023-12-16 11:36:02] INFO (nni/MainThread) Intermediate result: 18.332733106364977  (Index 21)
*** Epoch: 11 ***
-----------------G2R RESULT-------------------

val result: krc:0.79 | lsd:0.63 | ed:0.939 | hr@1:0.672 | hr@2:0.868 | hr@3:0.916 | acc@1:0.672 | acc@2:0.606 | acc@3:0.568 | Best krc: 0.799 | Best epoch: 10
[2023-12-16 11:37:39] INFO (nni/MainThread) Intermediate result: 0.7898741340280473  (Index 22)
-----------------ETPA RESULT-------------------
Epoch 11: Validation	rmse: 18.01	mae: 14.1	mape: 93.18%	acc@10: 45.15%	acc@20: 76.14%	acc@30: 90.31%	
[2023-12-16 11:37:39] INFO (nni/MainThread) Intermediate result: 18.009453413548748  (Index 23)
*** Epoch: 12 ***
-----------------G2R RESULT-------------------

val result: krc:0.796 | lsd:0.658 | ed:0.939 | hr@1:0.697 | hr@2:0.869 | hr@3:0.915 | acc@1:0.697 | acc@2:0.622 | acc@3:0.582 | Best krc: 0.799 | Best epoch: 10
[2023-12-16 11:39:16] INFO (nni/MainThread) Intermediate result: 0.7957895145389678  (Index 24)
-----------------ETPA RESULT-------------------
Epoch 12: Validation	rmse: 17.77	mae: 13.91	mape: 92.08%	acc@10: 45.78%	acc@20: 76.64%	acc@30: 90.51%	
[2023-12-16 11:39:16] INFO (nni/MainThread) Intermediate result: 17.774523787301455  (Index 25)
*** Epoch: 13 ***
-----------------G2R RESULT-------------------

val result: krc:0.798 | lsd:0.642 | ed:0.923 | hr@1:0.691 | hr@2:0.868 | hr@3:0.912 | acc@1:0.691 | acc@2:0.62 | acc@3:0.581 | Best krc: 0.799 | Best epoch: 10
[2023-12-16 11:40:53] INFO (nni/MainThread) Intermediate result: 0.7982288831348735  (Index 26)
-----------------ETPA RESULT-------------------
Epoch 13: Validation	rmse: 17.58	mae: 13.78	mape: 91.48%	acc@10: 46.06%	acc@20: 76.98%	acc@30: 90.79%	
[2023-12-16 11:40:53] INFO (nni/MainThread) Intermediate result: 17.58182408065911  (Index 27)
*** Epoch: 14 ***
-----------------G2R RESULT-------------------

val result: krc:0.8 | lsd:0.641 | ed:0.899 | hr@1:0.687 | hr@2:0.871 | hr@3:0.917 | acc@1:0.687 | acc@2:0.623 | acc@3:0.585 | Best krc: 0.799 | Best epoch: 10
best model saved
[2023-12-16 11:42:32] INFO (nni/MainThread) Intermediate result: 0.8002019525762422  (Index 28)
-----------------ETPA RESULT-------------------
Epoch 14: Validation	rmse: 17.39	mae: 13.63	mape: 90.6%	acc@10: 46.44%	acc@20: 77.43%	acc@30: 91.09%	
[2023-12-16 11:42:32] INFO (nni/MainThread) Intermediate result: 17.385001484309093  (Index 29)
*** Epoch: 15 ***
-----------------G2R RESULT-------------------

val result: krc:0.801 | lsd:0.641 | ed:0.925 | hr@1:0.692 | hr@2:0.872 | hr@3:0.918 | acc@1:0.692 | acc@2:0.62 | acc@3:0.582 | Best krc: 0.8 | Best epoch: 14
best model saved
[2023-12-16 11:44:12] INFO (nni/MainThread) Intermediate result: 0.8008666880901251  (Index 30)
-----------------ETPA RESULT-------------------
Epoch 15: Validation	rmse: 17.17	mae: 13.47	mape: 89.12%	acc@10: 46.85%	acc@20: 77.89%	acc@30: 91.34%	
[2023-12-16 11:44:12] INFO (nni/MainThread) Intermediate result: 17.174685783780397  (Index 31)
*** Epoch: 16 ***
-----------------G2R RESULT-------------------

val result: krc:0.802 | lsd:0.615 | ed:0.905 | hr@1:0.694 | hr@2:0.875 | hr@3:0.921 | acc@1:0.694 | acc@2:0.628 | acc@3:0.592 | Best krc: 0.801 | Best epoch: 15
best model saved
[2023-12-16 11:45:50] INFO (nni/MainThread) Intermediate result: 0.8023999165582025  (Index 32)
-----------------ETPA RESULT-------------------
Epoch 16: Validation	rmse: 17.01	mae: 13.34	mape: 88.22%	acc@10: 47.25%	acc@20: 78.28%	acc@30: 91.59%	
[2023-12-16 11:45:50] INFO (nni/MainThread) Intermediate result: 17.014393451260172  (Index 33)
*** Epoch: 17 ***
-----------------G2R RESULT-------------------

val result: krc:0.804 | lsd:0.635 | ed:0.901 | hr@1:0.702 | hr@2:0.871 | hr@3:0.919 | acc@1:0.702 | acc@2:0.628 | acc@3:0.592 | Best krc: 0.802 | Best epoch: 16
best model saved
[2023-12-16 11:47:27] INFO (nni/MainThread) Intermediate result: 0.8037606183998837  (Index 34)
-----------------ETPA RESULT-------------------
Epoch 17: Validation	rmse: 16.87	mae: 13.24	mape: 87.78%	acc@10: 47.45%	acc@20: 78.68%	acc@30: 91.89%	
[2023-12-16 11:47:27] INFO (nni/MainThread) Intermediate result: 16.867666240262754  (Index 35)
*** Epoch: 18 ***
-----------------G2R RESULT-------------------

val result: krc:0.802 | lsd:0.63 | ed:0.907 | hr@1:0.698 | hr@2:0.871 | hr@3:0.918 | acc@1:0.698 | acc@2:0.629 | acc@3:0.591 | Best krc: 0.804 | Best epoch: 17
[2023-12-16 11:49:05] INFO (nni/MainThread) Intermediate result: 0.8021589843539996  (Index 36)
-----------------ETPA RESULT-------------------
Epoch 18: Validation	rmse: 16.74	mae: 13.14	mape: 87.22%	acc@10: 47.64%	acc@20: 78.89%	acc@30: 92.07%	
[2023-12-16 11:49:05] INFO (nni/MainThread) Intermediate result: 16.741352427399917  (Index 37)
*** Epoch: 19 ***
-----------------G2R RESULT-------------------

val result: krc:0.796 | lsd:0.611 | ed:0.915 | hr@1:0.675 | hr@2:0.868 | hr@3:0.916 | acc@1:0.675 | acc@2:0.615 | acc@3:0.577 | Best krc: 0.804 | Best epoch: 17
[2023-12-16 11:50:43] INFO (nni/MainThread) Intermediate result: 0.7958114337038692  (Index 38)
-----------------ETPA RESULT-------------------
Epoch 19: Validation	rmse: 16.61	mae: 13.04	mape: 86.44%	acc@10: 47.98%	acc@20: 79.24%	acc@30: 92.26%	
[2023-12-16 11:50:43] INFO (nni/MainThread) Intermediate result: 16.61397152770359  (Index 39)
*** Epoch: 20 ***
-----------------G2R RESULT-------------------

val result: krc:0.809 | lsd:0.604 | ed:0.891 | hr@1:0.718 | hr@2:0.871 | hr@3:0.923 | acc@1:0.718 | acc@2:0.641 | acc@3:0.605 | Best krc: 0.804 | Best epoch: 17
best model saved
[2023-12-16 11:52:23] INFO (nni/MainThread) Intermediate result: 0.8085151716896362  (Index 40)
-----------------ETPA RESULT-------------------
Epoch 20: Validation	rmse: 16.49	mae: 12.96	mape: 86.02%	acc@10: 48.25%	acc@20: 79.56%	acc@30: 92.5%	
[2023-12-16 11:52:23] INFO (nni/MainThread) Intermediate result: 16.489516726398264  (Index 41)
*** Epoch: 21 ***
-----------------G2R RESULT-------------------

val result: krc:0.81 | lsd:0.639 | ed:0.88 | hr@1:0.729 | hr@2:0.872 | hr@3:0.923 | acc@1:0.729 | acc@2:0.651 | acc@3:0.613 | Best krc: 0.809 | Best epoch: 20
best model saved
[2023-12-16 11:54:03] INFO (nni/MainThread) Intermediate result: 0.8101773599281251  (Index 42)
-----------------ETPA RESULT-------------------
Epoch 21: Validation	rmse: 16.43	mae: 12.92	mape: 86.04%	acc@10: 48.18%	acc@20: 79.61%	acc@30: 92.64%	
[2023-12-16 11:54:03] INFO (nni/MainThread) Intermediate result: 16.425321616527366  (Index 43)
*** Epoch: 22 ***
-----------------G2R RESULT-------------------

val result: krc:0.793 | lsd:0.629 | ed:0.941 | hr@1:0.698 | hr@2:0.869 | hr@3:0.917 | acc@1:0.698 | acc@2:0.621 | acc@3:0.584 | Best krc: 0.81 | Best epoch: 21
[2023-12-16 11:55:41] INFO (nni/MainThread) Intermediate result: 0.7925811224193384  (Index 44)
-----------------ETPA RESULT-------------------
Epoch 22: Validation	rmse: 16.31	mae: 12.85	mape: 85.49%	acc@10: 48.31%	acc@20: 79.94%	acc@30: 92.83%	
[2023-12-16 11:55:41] INFO (nni/MainThread) Intermediate result: 16.313621705320795  (Index 45)
*** Epoch: 23 ***
-----------------G2R RESULT-------------------

val result: krc:0.804 | lsd:0.623 | ed:0.886 | hr@1:0.708 | hr@2:0.87 | hr@3:0.922 | acc@1:0.708 | acc@2:0.635 | acc@3:0.602 | Best krc: 0.81 | Best epoch: 21
[2023-12-16 11:57:20] INFO (nni/MainThread) Intermediate result: 0.8044400875970619  (Index 46)
-----------------ETPA RESULT-------------------
Epoch 23: Validation	rmse: 16.2	mae: 12.77	mape: 84.96%	acc@10: 48.53%	acc@20: 80.25%	acc@30: 93.04%	
[2023-12-16 11:57:20] INFO (nni/MainThread) Intermediate result: 16.20310474234356  (Index 47)
*** Epoch: 24 ***
-----------------G2R RESULT-------------------

val result: krc:0.809 | lsd:0.607 | ed:0.871 | hr@1:0.704 | hr@2:0.871 | hr@3:0.92 | acc@1:0.704 | acc@2:0.635 | acc@3:0.604 | Best krc: 0.81 | Best epoch: 21
[2023-12-16 11:59:00] INFO (nni/MainThread) Intermediate result: 0.8089084075004493  (Index 48)
-----------------ETPA RESULT-------------------
Epoch 24: Validation	rmse: 16.12	mae: 12.71	mape: 84.61%	acc@10: 48.7%	acc@20: 80.37%	acc@30: 93.16%	
[2023-12-16 11:59:00] INFO (nni/MainThread) Intermediate result: 16.120611919154044  (Index 49)
*** Epoch: 25 ***
-----------------G2R RESULT-------------------

val result: krc:0.799 | lsd:0.641 | ed:0.897 | hr@1:0.683 | hr@2:0.87 | hr@3:0.917 | acc@1:0.683 | acc@2:0.626 | acc@3:0.593 | Best krc: 0.81 | Best epoch: 21
[2023-12-16 12:00:41] INFO (nni/MainThread) Intermediate result: 0.7990226496041973  (Index 50)
-----------------ETPA RESULT-------------------
Epoch 25: Validation	rmse: 16.05	mae: 12.66	mape: 84.45%	acc@10: 48.9%	acc@20: 80.51%	acc@30: 93.26%	
[2023-12-16 12:00:41] INFO (nni/MainThread) Intermediate result: 16.053050817656874  (Index 51)
*** Epoch: 26 ***
-----------------G2R RESULT-------------------

val result: krc:0.803 | lsd:0.604 | ed:0.905 | hr@1:0.69 | hr@2:0.871 | hr@3:0.918 | acc@1:0.69 | acc@2:0.627 | acc@3:0.59 | Best krc: 0.81 | Best epoch: 21
[2023-12-16 12:02:23] INFO (nni/MainThread) Intermediate result: 0.8031489817410237  (Index 52)
-----------------ETPA RESULT-------------------
Epoch 26: Validation	rmse: 15.97	mae: 12.6	mape: 84.01%	acc@10: 49.09%	acc@20: 80.71%	acc@30: 93.4%	
[2023-12-16 12:02:23] INFO (nni/MainThread) Intermediate result: 15.972347218775942  (Index 53)
*** Epoch: 27 ***
-----------------G2R RESULT-------------------

val result: krc:0.806 | lsd:0.631 | ed:0.891 | hr@1:0.72 | hr@2:0.869 | hr@3:0.917 | acc@1:0.72 | acc@2:0.641 | acc@3:0.61 | Best krc: 0.81 | Best epoch: 21
[2023-12-16 12:04:05] INFO (nni/MainThread) Intermediate result: 0.806399741896025  (Index 54)
-----------------ETPA RESULT-------------------
Epoch 27: Validation	rmse: 15.91	mae: 12.55	mape: 83.77%	acc@10: 49.23%	acc@20: 80.78%	acc@30: 93.49%	
[2023-12-16 12:04:05] INFO (nni/MainThread) Intermediate result: 15.908964013581368  (Index 55)
*** Epoch: 28 ***
-----------------G2R RESULT-------------------

val result: krc:0.805 | lsd:0.638 | ed:0.9 | hr@1:0.721 | hr@2:0.868 | hr@3:0.917 | acc@1:0.721 | acc@2:0.638 | acc@3:0.602 | Best krc: 0.81 | Best epoch: 21
[2023-12-16 12:05:44] INFO (nni/MainThread) Intermediate result: 0.8053013924811039  (Index 56)
-----------------ETPA RESULT-------------------
Epoch 28: Validation	rmse: 15.84	mae: 12.5	mape: 83.35%	acc@10: 49.37%	acc@20: 80.95%	acc@30: 93.61%	
[2023-12-16 12:05:44] INFO (nni/MainThread) Intermediate result: 15.83884931760324  (Index 57)
*** Epoch: 29 ***
-----------------G2R RESULT-------------------

val result: krc:0.808 | lsd:0.632 | ed:0.896 | hr@1:0.722 | hr@2:0.868 | hr@3:0.921 | acc@1:0.722 | acc@2:0.641 | acc@3:0.61 | Best krc: 0.81 | Best epoch: 21
[2023-12-16 12:07:23] INFO (nni/MainThread) Intermediate result: 0.8077042674244249  (Index 58)
-----------------ETPA RESULT-------------------
Epoch 29: Validation	rmse: 15.81	mae: 12.5	mape: 83.62%	acc@10: 49.14%	acc@20: 80.77%	acc@30: 93.74%	
[2023-12-16 12:07:23] INFO (nni/MainThread) Intermediate result: 15.807395371579242  (Index 59)
*** Epoch: 30 ***
-----------------G2R RESULT-------------------

val result: krc:0.801 | lsd:0.634 | ed:0.921 | hr@1:0.721 | hr@2:0.871 | hr@3:0.916 | acc@1:0.721 | acc@2:0.645 | acc@3:0.596 | Best krc: 0.81 | Best epoch: 21
[2023-12-16 12:09:02] INFO (nni/MainThread) Intermediate result: 0.8005995193489728  (Index 60)
-----------------ETPA RESULT-------------------
Epoch 30: Validation	rmse: 15.74	mae: 12.45	mape: 83.19%	acc@10: 49.25%	acc@20: 80.91%	acc@30: 93.85%	
[2023-12-16 12:09:02] INFO (nni/MainThread) Intermediate result: 15.73975441520164  (Index 61)
*** Epoch: 31 ***
-----------------G2R RESULT-------------------

val result: krc:0.806 | lsd:0.614 | ed:0.922 | hr@1:0.706 | hr@2:0.871 | hr@3:0.919 | acc@1:0.706 | acc@2:0.637 | acc@3:0.594 | Best krc: 0.81 | Best epoch: 21
[2023-12-16 12:10:40] INFO (nni/MainThread) Intermediate result: 0.8060608623267128  (Index 62)
-----------------ETPA RESULT-------------------
Epoch 31: Validation	rmse: 15.67	mae: 12.39	mape: 82.7%	acc@10: 49.42%	acc@20: 81.12%	acc@30: 93.97%	
[2023-12-16 12:10:40] INFO (nni/MainThread) Intermediate result: 15.66715152371821  (Index 63)
loaded model path: /home/sentanoe/joint_training/data/dataset/food_pd/sort_model/hidden_size-8.gcnru-pd_1702721877.75950981702721877.7595236
best model loaded !!!
krc:0.808 | lsd:0.464 | ed:0.882 | hr@1:0.722 | hr@2:0.899 | hr@3:0.944 | acc@1:0.722 | acc@2:0.658 | acc@3:0.612 |

-------------------------------------------------------------
Best epoch for G2R:  21
Best epoch for ETPA:  31
graph2route_pd Evaluation in test: krc:0.808 | lsd:0.464 | ed:0.882 | hr@1:0.722 | hr@2:0.899 | hr@3:0.944 | acc@1:0.722 | acc@2:0.658 | acc@3:0.612 |
RankPETA Evaluation in test: rmse: 14.63	mae: 11.4	mape: 99.31%	acc@10: 51.05%	acc@20: 84.39%	acc@30: 96.62%	
