Device:  cuda
{'alpha_loss': 0.5,
 'batch_size': 64,
 'dataset': 'food_pd',
 'datatype': 'order',
 'device': device(type='cuda'),
 'early_stop': 20,
 'edge_fea_dim': 5,
 'embedding_dim': 32,
 'eval_end_1': 11,
 'eval_end_2': 25,
 'eval_start': 1,
 'gcn_num_layers': 2,
 'hidden_size': 8,
 'is_eval': False,
 'is_test': False,
 'k_min_nodes': 3,
 'k_nearest_neighbors': 'n-1',
 'lr': 0.001,
 'max_task_num': 25,
 'min_task_num': 0,
 'modelArrivalTime': 'RankPETA',
 'modelRoute': 'graph2route_pd',
 'no_cuda': False,
 'node_fea_dim': 8,
 'node_features_test': '/home/sentanoe/joint_training/data/dataset/food_pd/node_features_test_full.npy',
 'node_features_train': '/home/sentanoe/joint_training/data/dataset/food_pd/node_features_train_full.npy',
 'node_features_val': '/home/sentanoe/joint_training/data/dataset/food_pd/node_features_val_full.npy',
 'num_block': 4,
 'num_epoch': 1000,
 'num_head': 2,
 'num_worker_logistics': 2346,
 'num_worker_pd': 920,
 'pad_value': 26,
 'seed': 2022,
 'sort_mode': 'true_idx',
 'spatial_encoder': 'gatv2',
 'temporal_encoder': 'tft',
 'test_path': '/home/sentanoe/joint_training/data/dataset/food_pd/test_full.npy',
 'train_mode': 'sort',
 'train_path': '/home/sentanoe/joint_training/data/dataset/food_pd/train_full.npy',
 'val_path': '/home/sentanoe/joint_training/data/dataset/food_pd/val_full.npy',
 'wd': 1e-05,
 'worker_emb_dim': 10,
 'workers': 2}
last_x_size:13;unpick_x_size:12;input_size:38
#train:2521 | #val:1257 | #test:1261
*** Epoch: 0 ***
-----------------G2R RESULT-------------------

val result: krc:0.761 | lsd:0.708 | ed:1.018 | hr@1:0.629 | hr@2:0.859 | hr@3:0.906 | acc@1:0.629 | acc@2:0.567 | acc@3:0.528 | Best krc: -1 | Best epoch: -1
best model saved
[2023-11-29 01:50:52] INFO (nni/MainThread) Intermediate result: 0.7612547849889346  (Index 0)
-----------------ETPA RESULT-------------------
Epoch 0: Validation	rmse: 42.78	mae: 35.79	mape: 72.5%	acc@10: 15.62%	acc@20: 25.0%	acc@30: 37.5%	
[2023-11-29 01:50:52] INFO (nni/MainThread) Intermediate result: 42.77889163285951  (Index 1)
*** Epoch: 1 ***
-----------------G2R RESULT-------------------

val result: krc:0.762 | lsd:0.693 | ed:1.022 | hr@1:0.624 | hr@2:0.861 | hr@3:0.907 | acc@1:0.624 | acc@2:0.565 | acc@3:0.529 | Best krc: 0.761 | Best epoch: 0
best model saved
[2023-11-29 01:52:34] INFO (nni/MainThread) Intermediate result: 0.7619967675848743  (Index 2)
-----------------ETPA RESULT-------------------
Epoch 1: Validation	rmse: 37.86	mae: 31.42	mape: 63.41%	acc@10: 14.06%	acc@20: 31.25%	acc@30: 51.56%	
[2023-11-29 01:52:34] INFO (nni/MainThread) Intermediate result: 37.85721737180421  (Index 3)
*** Epoch: 2 ***
-----------------G2R RESULT-------------------

val result: krc:0.765 | lsd:0.666 | ed:1.016 | hr@1:0.631 | hr@2:0.864 | hr@3:0.909 | acc@1:0.631 | acc@2:0.569 | acc@3:0.53 | Best krc: 0.762 | Best epoch: 1
best model saved
[2023-11-29 01:54:16] INFO (nni/MainThread) Intermediate result: 0.7645359634778085  (Index 4)
-----------------ETPA RESULT-------------------
Epoch 2: Validation	rmse: 35.15	mae: 28.18	mape: 58.31%	acc@10: 19.79%	acc@20: 41.67%	acc@30: 62.5%	
[2023-11-29 01:54:16] INFO (nni/MainThread) Intermediate result: 35.14780767447025  (Index 5)
*** Epoch: 3 ***
-----------------G2R RESULT-------------------

val result: krc:0.77 | lsd:0.652 | ed:0.989 | hr@1:0.63 | hr@2:0.868 | hr@3:0.913 | acc@1:0.63 | acc@2:0.575 | acc@3:0.536 | Best krc: 0.765 | Best epoch: 2
best model saved
[2023-11-29 01:55:57] INFO (nni/MainThread) Intermediate result: 0.7699957290600054  (Index 6)
-----------------ETPA RESULT-------------------
Epoch 3: Validation	rmse: 31.76	mae: 25.09	mape: 52.61%	acc@10: 25.0%	acc@20: 50.0%	acc@30: 68.75%	
[2023-11-29 01:55:57] INFO (nni/MainThread) Intermediate result: 31.760680898601816  (Index 7)
*** Epoch: 4 ***
-----------------G2R RESULT-------------------

val result: krc:0.792 | lsd:0.628 | ed:0.935 | hr@1:0.659 | hr@2:0.867 | hr@3:0.916 | acc@1:0.659 | acc@2:0.599 | acc@3:0.568 | Best krc: 0.77 | Best epoch: 3
best model saved
[2023-11-29 01:57:40] INFO (nni/MainThread) Intermediate result: 0.7922683664616327  (Index 8)
-----------------ETPA RESULT-------------------
Epoch 4: Validation	rmse: 29.61	mae: 22.97	mape: 48.79%	acc@10: 30.63%	acc@20: 55.62%	acc@30: 73.12%	
[2023-11-29 01:57:40] INFO (nni/MainThread) Intermediate result: 29.611317996451426  (Index 9)
*** Epoch: 5 ***
-----------------G2R RESULT-------------------

val result: krc:0.801 | lsd:0.624 | ed:0.914 | hr@1:0.679 | hr@2:0.869 | hr@3:0.918 | acc@1:0.679 | acc@2:0.619 | acc@3:0.581 | Best krc: 0.792 | Best epoch: 4
best model saved
[2023-11-29 01:59:22] INFO (nni/MainThread) Intermediate result: 0.8007586495999264  (Index 10)
-----------------ETPA RESULT-------------------
Epoch 5: Validation	rmse: 27.76	mae: 21.32	mape: 45.49%	acc@10: 33.85%	acc@20: 60.42%	acc@30: 76.56%	
[2023-11-29 01:59:22] INFO (nni/MainThread) Intermediate result: 27.758166299237516  (Index 11)
*** Epoch: 6 ***
-----------------G2R RESULT-------------------

val result: krc:0.792 | lsd:0.617 | ed:0.936 | hr@1:0.661 | hr@2:0.871 | hr@3:0.918 | acc@1:0.661 | acc@2:0.607 | acc@3:0.574 | Best krc: 0.801 | Best epoch: 5
[2023-11-29 02:01:03] INFO (nni/MainThread) Intermediate result: 0.7923745230785021  (Index 12)
-----------------ETPA RESULT-------------------
Epoch 6: Validation	rmse: 27.04	mae: 20.64	mape: 44.57%	acc@10: 35.27%	acc@20: 62.05%	acc@30: 78.12%	
[2023-11-29 02:01:03] INFO (nni/MainThread) Intermediate result: 27.042813235227506  (Index 13)
*** Epoch: 7 ***
-----------------G2R RESULT-------------------

val result: krc:0.761 | lsd:0.717 | ed:1.021 | hr@1:0.643 | hr@2:0.862 | hr@3:0.903 | acc@1:0.643 | acc@2:0.587 | acc@3:0.538 | Best krc: 0.801 | Best epoch: 5
[2023-11-29 02:02:46] INFO (nni/MainThread) Intermediate result: 0.7606777442544821  (Index 14)
-----------------ETPA RESULT-------------------
Epoch 7: Validation	rmse: 26.25	mae: 19.9	mape: 42.89%	acc@10: 37.11%	acc@20: 64.06%	acc@30: 80.08%	
[2023-11-29 02:02:46] INFO (nni/MainThread) Intermediate result: 26.25453634176649  (Index 15)
*** Epoch: 8 ***
-----------------G2R RESULT-------------------

val result: krc:0.796 | lsd:0.636 | ed:0.93 | hr@1:0.702 | hr@2:0.863 | hr@3:0.915 | acc@1:0.702 | acc@2:0.619 | acc@3:0.583 | Best krc: 0.801 | Best epoch: 5
[2023-11-29 02:04:27] INFO (nni/MainThread) Intermediate result: 0.7958566850565102  (Index 16)
-----------------ETPA RESULT-------------------
Epoch 8: Validation	rmse: 25.51	mae: 19.31	mape: 42.01%	acc@10: 37.15%	acc@20: 64.93%	acc@30: 81.6%	
[2023-11-29 02:04:27] INFO (nni/MainThread) Intermediate result: 25.509494152144864  (Index 17)
*** Epoch: 9 ***
-----------------G2R RESULT-------------------

val result: krc:0.787 | lsd:0.646 | ed:0.952 | hr@1:0.675 | hr@2:0.867 | hr@3:0.914 | acc@1:0.675 | acc@2:0.61 | acc@3:0.573 | Best krc: 0.801 | Best epoch: 5
[2023-11-29 02:06:09] INFO (nni/MainThread) Intermediate result: 0.7867179897787681  (Index 18)
-----------------ETPA RESULT-------------------
Epoch 9: Validation	rmse: 24.75	mae: 18.69	mape: 40.94%	acc@10: 38.12%	acc@20: 66.56%	acc@30: 82.81%	
[2023-11-29 02:06:09] INFO (nni/MainThread) Intermediate result: 24.752619150919298  (Index 19)
*** Epoch: 10 ***
-----------------G2R RESULT-------------------

val result: krc:0.81 | lsd:0.616 | ed:0.883 | hr@1:0.723 | hr@2:0.873 | hr@3:0.919 | acc@1:0.723 | acc@2:0.651 | acc@3:0.611 | Best krc: 0.801 | Best epoch: 5
best model saved
[2023-11-29 02:07:52] INFO (nni/MainThread) Intermediate result: 0.809648999723333  (Index 20)
-----------------ETPA RESULT-------------------
Epoch 10: Validation	rmse: 24.19	mae: 18.22	mape: 40.18%	acc@10: 38.64%	acc@20: 67.61%	acc@30: 83.81%	
[2023-11-29 02:07:52] INFO (nni/MainThread) Intermediate result: 24.19269658993112  (Index 21)
*** Epoch: 11 ***
-----------------G2R RESULT-------------------

val result: krc:0.78 | lsd:0.674 | ed:0.963 | hr@1:0.647 | hr@2:0.872 | hr@3:0.917 | acc@1:0.647 | acc@2:0.592 | acc@3:0.558 | Best krc: 0.81 | Best epoch: 10
[2023-11-29 02:09:35] INFO (nni/MainThread) Intermediate result: 0.7800305687931398  (Index 22)
-----------------ETPA RESULT-------------------
Epoch 11: Validation	rmse: 23.63	mae: 17.76	mape: 39.32%	acc@10: 39.58%	acc@20: 69.01%	acc@30: 84.64%	
[2023-11-29 02:09:35] INFO (nni/MainThread) Intermediate result: 23.632302485343683  (Index 23)
*** Epoch: 12 ***
-----------------G2R RESULT-------------------

val result: krc:0.799 | lsd:0.606 | ed:0.899 | hr@1:0.69 | hr@2:0.874 | hr@3:0.919 | acc@1:0.69 | acc@2:0.63 | acc@3:0.596 | Best krc: 0.81 | Best epoch: 10
[2023-11-29 02:11:16] INFO (nni/MainThread) Intermediate result: 0.7991479773202552  (Index 24)
-----------------ETPA RESULT-------------------
Epoch 12: Validation	rmse: 23.13	mae: 17.33	mape: 38.47%	acc@10: 40.62%	acc@20: 69.95%	acc@30: 85.34%	
[2023-11-29 02:11:16] INFO (nni/MainThread) Intermediate result: 23.132550790330075  (Index 25)
*** Epoch: 13 ***
-----------------G2R RESULT-------------------

val result: krc:0.796 | lsd:0.614 | ed:0.907 | hr@1:0.673 | hr@2:0.876 | hr@3:0.92 | acc@1:0.673 | acc@2:0.617 | acc@3:0.583 | Best krc: 0.81 | Best epoch: 10
[2023-11-29 02:12:59] INFO (nni/MainThread) Intermediate result: 0.7957181305148073  (Index 26)
-----------------ETPA RESULT-------------------
Epoch 13: Validation	rmse: 22.79	mae: 17.03	mape: 37.84%	acc@10: 41.29%	acc@20: 70.76%	acc@30: 85.94%	
[2023-11-29 02:12:59] INFO (nni/MainThread) Intermediate result: 22.78703058360426  (Index 27)
*** Epoch: 14 ***
-----------------G2R RESULT-------------------

val result: krc:0.808 | lsd:0.595 | ed:0.87 | hr@1:0.699 | hr@2:0.876 | hr@3:0.922 | acc@1:0.699 | acc@2:0.637 | acc@3:0.604 | Best krc: 0.81 | Best epoch: 10
[2023-11-29 02:14:40] INFO (nni/MainThread) Intermediate result: 0.8075593906813847  (Index 28)
-----------------ETPA RESULT-------------------
Epoch 14: Validation	rmse: 22.44	mae: 16.76	mape: 37.31%	acc@10: 41.88%	acc@20: 71.46%	acc@30: 86.46%	
[2023-11-29 02:14:40] INFO (nni/MainThread) Intermediate result: 22.441019429789986  (Index 29)
*** Epoch: 15 ***
-----------------G2R RESULT-------------------

val result: krc:0.813 | lsd:0.583 | ed:0.87 | hr@1:0.714 | hr@2:0.874 | hr@3:0.921 | acc@1:0.714 | acc@2:0.643 | acc@3:0.606 | Best krc: 0.81 | Best epoch: 10
best model saved
[2023-11-29 02:16:23] INFO (nni/MainThread) Intermediate result: 0.8131115269287545  (Index 30)
-----------------ETPA RESULT-------------------
Epoch 15: Validation	rmse: 22.14	mae: 16.53	mape: 36.82%	acc@10: 42.38%	acc@20: 71.68%	acc@30: 86.91%	
[2023-11-29 02:16:23] INFO (nni/MainThread) Intermediate result: 22.13909104317969  (Index 31)
*** Epoch: 16 ***
-----------------G2R RESULT-------------------

val result: krc:0.805 | lsd:0.59 | ed:0.9 | hr@1:0.69 | hr@2:0.88 | hr@3:0.925 | acc@1:0.69 | acc@2:0.635 | acc@3:0.599 | Best krc: 0.813 | Best epoch: 15
[2023-11-29 02:18:05] INFO (nni/MainThread) Intermediate result: 0.8052010808023051  (Index 32)
-----------------ETPA RESULT-------------------
Epoch 16: Validation	rmse: 21.91	mae: 16.37	mape: 36.56%	acc@10: 42.83%	acc@20: 72.24%	acc@30: 87.32%	
[2023-11-29 02:18:05] INFO (nni/MainThread) Intermediate result: 21.906816535849117  (Index 33)
*** Epoch: 17 ***
-----------------G2R RESULT-------------------

val result: krc:0.798 | lsd:0.623 | ed:0.928 | hr@1:0.698 | hr@2:0.872 | hr@3:0.917 | acc@1:0.698 | acc@2:0.631 | acc@3:0.589 | Best krc: 0.813 | Best epoch: 15
[2023-11-29 02:19:48] INFO (nni/MainThread) Intermediate result: 0.7975503095747957  (Index 34)
-----------------ETPA RESULT-------------------
Epoch 17: Validation	rmse: 21.62	mae: 16.14	mape: 36.1%	acc@10: 43.23%	acc@20: 72.74%	acc@30: 87.67%	
[2023-11-29 02:19:48] INFO (nni/MainThread) Intermediate result: 21.61513152564077  (Index 35)
*** Epoch: 18 ***
-----------------G2R RESULT-------------------

val result: krc:0.795 | lsd:0.639 | ed:0.902 | hr@1:0.672 | hr@2:0.873 | hr@3:0.922 | acc@1:0.672 | acc@2:0.616 | acc@3:0.589 | Best krc: 0.813 | Best epoch: 15
[2023-11-29 02:21:30] INFO (nni/MainThread) Intermediate result: 0.7953694057323266  (Index 36)
-----------------ETPA RESULT-------------------
Epoch 18: Validation	rmse: 21.38	mae: 15.97	mape: 35.78%	acc@10: 43.59%	acc@20: 73.03%	acc@30: 87.99%	
[2023-11-29 02:21:30] INFO (nni/MainThread) Intermediate result: 21.37908344185291  (Index 37)
*** Epoch: 19 ***
-----------------G2R RESULT-------------------

val result: krc:0.809 | lsd:0.595 | ed:0.88 | hr@1:0.712 | hr@2:0.877 | hr@3:0.922 | acc@1:0.712 | acc@2:0.645 | acc@3:0.608 | Best krc: 0.813 | Best epoch: 15
[2023-11-29 02:23:14] INFO (nni/MainThread) Intermediate result: 0.808860053451221  (Index 38)
-----------------ETPA RESULT-------------------
Epoch 19: Validation	rmse: 21.13	mae: 15.79	mape: 35.42%	acc@10: 44.06%	acc@20: 73.44%	acc@30: 88.28%	
[2023-11-29 02:23:14] INFO (nni/MainThread) Intermediate result: 21.12902993352794  (Index 39)
*** Epoch: 20 ***
-----------------G2R RESULT-------------------

val result: krc:0.812 | lsd:0.627 | ed:0.868 | hr@1:0.721 | hr@2:0.87 | hr@3:0.921 | acc@1:0.721 | acc@2:0.649 | acc@3:0.612 | Best krc: 0.813 | Best epoch: 15
[2023-11-29 02:24:57] INFO (nni/MainThread) Intermediate result: 0.8117953723550576  (Index 40)
-----------------ETPA RESULT-------------------
Epoch 20: Validation	rmse: 20.98	mae: 15.69	mape: 35.2%	acc@10: 44.35%	acc@20: 73.21%	acc@30: 88.54%	
[2023-11-29 02:24:57] INFO (nni/MainThread) Intermediate result: 20.984322667707662  (Index 41)
*** Epoch: 21 ***
-----------------G2R RESULT-------------------

val result: krc:0.807 | lsd:0.61 | ed:0.885 | hr@1:0.7 | hr@2:0.87 | hr@3:0.921 | acc@1:0.7 | acc@2:0.632 | acc@3:0.602 | Best krc: 0.813 | Best epoch: 15
[2023-11-29 02:26:42] INFO (nni/MainThread) Intermediate result: 0.8067401729754157  (Index 42)
-----------------ETPA RESULT-------------------
Epoch 21: Validation	rmse: 20.86	mae: 15.61	mape: 35.05%	acc@10: 44.6%	acc@20: 73.15%	acc@30: 88.78%	
[2023-11-29 02:26:42] INFO (nni/MainThread) Intermediate result: 20.859165846222258  (Index 43)
*** Epoch: 22 ***
-----------------G2R RESULT-------------------

val result: krc:0.81 | lsd:0.602 | ed:0.884 | hr@1:0.709 | hr@2:0.877 | hr@3:0.927 | acc@1:0.709 | acc@2:0.641 | acc@3:0.612 | Best krc: 0.813 | Best epoch: 15
[2023-11-29 02:28:26] INFO (nni/MainThread) Intermediate result: 0.8104568786247842  (Index 44)
-----------------ETPA RESULT-------------------
Epoch 22: Validation	rmse: 20.76	mae: 15.57	mape: 34.94%	acc@10: 44.7%	acc@20: 73.1%	acc@30: 88.99%	
[2023-11-29 02:28:26] INFO (nni/MainThread) Intermediate result: 20.75979708569818  (Index 45)
*** Epoch: 23 ***
-----------------G2R RESULT-------------------

val result: krc:0.814 | lsd:0.597 | ed:0.867 | hr@1:0.721 | hr@2:0.873 | hr@3:0.924 | acc@1:0.721 | acc@2:0.644 | acc@3:0.616 | Best krc: 0.813 | Best epoch: 15
best model saved
[2023-11-29 02:30:11] INFO (nni/MainThread) Intermediate result: 0.8137018514368755  (Index 46)
-----------------ETPA RESULT-------------------
Epoch 23: Validation	rmse: 20.68	mae: 15.55	mape: 34.88%	acc@10: 44.4%	acc@20: 73.05%	acc@30: 88.8%	
[2023-11-29 02:30:11] INFO (nni/MainThread) Intermediate result: 20.68405441404307  (Index 47)
*** Epoch: 24 ***
-----------------G2R RESULT-------------------

val result: krc:0.814 | lsd:0.573 | ed:0.877 | hr@1:0.712 | hr@2:0.881 | hr@3:0.925 | acc@1:0.712 | acc@2:0.641 | acc@3:0.606 | Best krc: 0.814 | Best epoch: 23
[2023-11-29 02:31:54] INFO (nni/MainThread) Intermediate result: 0.8135486677244439  (Index 48)
-----------------ETPA RESULT-------------------
Epoch 24: Validation	rmse: 20.47	mae: 15.39	mape: 34.53%	acc@10: 44.75%	acc@20: 73.5%	acc@30: 89.0%	
[2023-11-29 02:31:54] INFO (nni/MainThread) Intermediate result: 20.46709489659253  (Index 49)
*** Epoch: 25 ***
-----------------G2R RESULT-------------------

val result: krc:0.814 | lsd:0.568 | ed:0.877 | hr@1:0.715 | hr@2:0.881 | hr@3:0.927 | acc@1:0.715 | acc@2:0.646 | acc@3:0.614 | Best krc: 0.814 | Best epoch: 23
best model saved
[2023-11-29 02:33:38] INFO (nni/MainThread) Intermediate result: 0.8137309344043057  (Index 50)
-----------------ETPA RESULT-------------------
Epoch 25: Validation	rmse: 20.44	mae: 15.4	mape: 34.54%	acc@10: 44.35%	acc@20: 73.44%	acc@30: 88.82%	
[2023-11-29 02:33:38] INFO (nni/MainThread) Intermediate result: 20.43953803605878  (Index 51)
*** Epoch: 26 ***
-----------------G2R RESULT-------------------

val result: krc:0.808 | lsd:0.58 | ed:0.888 | hr@1:0.682 | hr@2:0.878 | hr@3:0.924 | acc@1:0.682 | acc@2:0.621 | acc@3:0.596 | Best krc: 0.814 | Best epoch: 25
[2023-11-29 02:35:22] INFO (nni/MainThread) Intermediate result: 0.8079833273012108  (Index 52)
-----------------ETPA RESULT-------------------
Epoch 26: Validation	rmse: 20.37	mae: 15.38	mape: 34.46%	acc@10: 44.44%	acc@20: 73.38%	acc@30: 88.89%	
[2023-11-29 02:35:22] INFO (nni/MainThread) Intermediate result: 20.373126818925183  (Index 53)
*** Epoch: 27 ***
-----------------G2R RESULT-------------------

val result: krc:0.797 | lsd:0.593 | ed:0.917 | hr@1:0.694 | hr@2:0.876 | hr@3:0.92 | acc@1:0.694 | acc@2:0.627 | acc@3:0.584 | Best krc: 0.814 | Best epoch: 25
[2023-11-29 02:37:06] INFO (nni/MainThread) Intermediate result: 0.7967861308394759  (Index 54)
-----------------ETPA RESULT-------------------
Epoch 27: Validation	rmse: 20.31	mae: 15.36	mape: 34.39%	acc@10: 44.31%	acc@20: 73.33%	acc@30: 88.73%	
[2023-11-29 02:37:06] INFO (nni/MainThread) Intermediate result: 20.306686743372694  (Index 55)
*** Epoch: 28 ***
-----------------G2R RESULT-------------------

val result: krc:0.813 | lsd:0.577 | ed:0.868 | hr@1:0.697 | hr@2:0.88 | hr@3:0.926 | acc@1:0.697 | acc@2:0.635 | acc@3:0.604 | Best krc: 0.814 | Best epoch: 25
[2023-11-29 02:38:51] INFO (nni/MainThread) Intermediate result: 0.8126633475999457  (Index 56)
-----------------ETPA RESULT-------------------
Epoch 28: Validation	rmse: 20.13	mae: 15.24	mape: 34.14%	acc@10: 44.29%	acc@20: 73.71%	acc@30: 88.9%	
[2023-11-29 02:38:51] INFO (nni/MainThread) Intermediate result: 20.128244688981894  (Index 57)
*** Epoch: 29 ***
-----------------G2R RESULT-------------------

val result: krc:0.814 | lsd:0.608 | ed:0.885 | hr@1:0.715 | hr@2:0.876 | hr@3:0.925 | acc@1:0.715 | acc@2:0.641 | acc@3:0.61 | Best krc: 0.814 | Best epoch: 25
best model saved
[2023-11-29 02:40:36] INFO (nni/MainThread) Intermediate result: 0.8141657759235372  (Index 58)
-----------------ETPA RESULT-------------------
Epoch 29: Validation	rmse: 20.03	mae: 15.17	mape: 34.03%	acc@10: 44.48%	acc@20: 73.96%	acc@30: 89.06%	
[2023-11-29 02:40:36] INFO (nni/MainThread) Intermediate result: 20.025301261885595  (Index 59)
*** Epoch: 30 ***
-----------------G2R RESULT-------------------

val result: krc:0.815 | lsd:0.588 | ed:0.87 | hr@1:0.73 | hr@2:0.872 | hr@3:0.922 | acc@1:0.73 | acc@2:0.643 | acc@3:0.611 | Best krc: 0.814 | Best epoch: 29
best model saved
[2023-11-29 02:42:20] INFO (nni/MainThread) Intermediate result: 0.8150805685917186  (Index 60)
-----------------ETPA RESULT-------------------
Epoch 30: Validation	rmse: 19.87	mae: 15.08	mape: 33.84%	acc@10: 44.46%	acc@20: 74.29%	acc@30: 89.31%	
[2023-11-29 02:42:20] INFO (nni/MainThread) Intermediate result: 19.8724045806916  (Index 61)
*** Epoch: 31 ***
-----------------G2R RESULT-------------------

val result: krc:0.816 | lsd:0.598 | ed:0.872 | hr@1:0.728 | hr@2:0.872 | hr@3:0.923 | acc@1:0.728 | acc@2:0.644 | acc@3:0.614 | Best krc: 0.815 | Best epoch: 30
best model saved
[2023-11-29 02:44:06] INFO (nni/MainThread) Intermediate result: 0.8157230183377976  (Index 62)
-----------------ETPA RESULT-------------------
Epoch 31: Validation	rmse: 19.81	mae: 15.06	mape: 33.82%	acc@10: 44.24%	acc@20: 74.32%	acc@30: 89.45%	
[2023-11-29 02:44:06] INFO (nni/MainThread) Intermediate result: 19.808672341233873  (Index 63)
*** Epoch: 32 ***
-----------------G2R RESULT-------------------

val result: krc:0.812 | lsd:0.63 | ed:0.898 | hr@1:0.742 | hr@2:0.863 | hr@3:0.919 | acc@1:0.742 | acc@2:0.649 | acc@3:0.613 | Best krc: 0.816 | Best epoch: 31
[2023-11-29 02:45:50] INFO (nni/MainThread) Intermediate result: 0.8115472038690228  (Index 64)
-----------------ETPA RESULT-------------------
Epoch 32: Validation	rmse: 19.71	mae: 15.0	mape: 33.71%	acc@10: 44.13%	acc@20: 74.53%	acc@30: 89.58%	
[2023-11-29 02:45:50] INFO (nni/MainThread) Intermediate result: 19.71334372878922  (Index 65)
*** Epoch: 33 ***
-----------------G2R RESULT-------------------

val result: krc:0.818 | lsd:0.585 | ed:0.867 | hr@1:0.739 | hr@2:0.871 | hr@3:0.924 | acc@1:0.739 | acc@2:0.653 | acc@3:0.619 | Best krc: 0.816 | Best epoch: 31
best model saved
[2023-11-29 02:47:33] INFO (nni/MainThread) Intermediate result: 0.818259114122691  (Index 66)
-----------------ETPA RESULT-------------------
Epoch 33: Validation	rmse: 19.63	mae: 14.98	mape: 33.7%	acc@10: 44.12%	acc@20: 74.54%	acc@30: 89.71%	
[2023-11-29 02:47:33] INFO (nni/MainThread) Intermediate result: 19.62828853913862  (Index 67)
*** Epoch: 34 ***
-----------------G2R RESULT-------------------

val result: krc:0.812 | lsd:0.609 | ed:0.89 | hr@1:0.712 | hr@2:0.87 | hr@3:0.925 | acc@1:0.712 | acc@2:0.637 | acc@3:0.606 | Best krc: 0.818 | Best epoch: 33
[2023-11-29 02:49:16] INFO (nni/MainThread) Intermediate result: 0.8119799360463986  (Index 68)
-----------------ETPA RESULT-------------------
Epoch 34: Validation	rmse: 19.55	mae: 14.95	mape: 33.69%	acc@10: 43.93%	acc@20: 74.38%	acc@30: 89.91%	
[2023-11-29 02:49:16] INFO (nni/MainThread) Intermediate result: 19.54853478765332  (Index 69)
*** Epoch: 35 ***
-----------------G2R RESULT-------------------

val result: krc:0.816 | lsd:0.579 | ed:0.87 | hr@1:0.73 | hr@2:0.877 | hr@3:0.926 | acc@1:0.73 | acc@2:0.654 | acc@3:0.62 | Best krc: 0.818 | Best epoch: 33
[2023-11-29 02:50:59] INFO (nni/MainThread) Intermediate result: 0.8162926179716735  (Index 70)
-----------------ETPA RESULT-------------------
Epoch 35: Validation	rmse: 19.46	mae: 14.91	mape: 33.58%	acc@10: 43.84%	acc@20: 74.39%	acc@30: 90.1%	
[2023-11-29 02:50:59] INFO (nni/MainThread) Intermediate result: 19.462974091724757  (Index 71)
*** Epoch: 36 ***
-----------------G2R RESULT-------------------

val result: krc:0.819 | lsd:0.575 | ed:0.848 | hr@1:0.742 | hr@2:0.88 | hr@3:0.927 | acc@1:0.742 | acc@2:0.662 | acc@3:0.625 | Best krc: 0.818 | Best epoch: 33
best model saved
[2023-11-29 02:52:43] INFO (nni/MainThread) Intermediate result: 0.8193955290850787  (Index 72)
-----------------ETPA RESULT-------------------
Epoch 36: Validation	rmse: 19.35	mae: 14.84	mape: 33.46%	acc@10: 43.92%	acc@20: 74.66%	acc@30: 90.29%	
[2023-11-29 02:52:43] INFO (nni/MainThread) Intermediate result: 19.352414308331344  (Index 73)
*** Epoch: 37 ***
-----------------G2R RESULT-------------------

val result: krc:0.82 | lsd:0.57 | ed:0.838 | hr@1:0.734 | hr@2:0.882 | hr@3:0.929 | acc@1:0.734 | acc@2:0.663 | acc@3:0.632 | Best krc: 0.819 | Best epoch: 36
best model saved
[2023-11-29 02:54:26] INFO (nni/MainThread) Intermediate result: 0.8203340626077837  (Index 74)
-----------------ETPA RESULT-------------------
Epoch 37: Validation	rmse: 19.32	mae: 14.85	mape: 33.5%	acc@10: 43.59%	acc@20: 74.67%	acc@30: 90.3%	
[2023-11-29 02:54:26] INFO (nni/MainThread) Intermediate result: 19.319774960997936  (Index 75)
*** Epoch: 38 ***
-----------------G2R RESULT-------------------

val result: krc:0.797 | lsd:0.634 | ed:0.925 | hr@1:0.704 | hr@2:0.871 | hr@3:0.919 | acc@1:0.704 | acc@2:0.631 | acc@3:0.595 | Best krc: 0.82 | Best epoch: 37
[2023-11-29 02:56:10] INFO (nni/MainThread) Intermediate result: 0.797355231854576  (Index 76)
-----------------ETPA RESULT-------------------
Epoch 38: Validation	rmse: 19.25	mae: 14.82	mape: 33.49%	acc@10: 43.43%	acc@20: 74.68%	acc@30: 90.46%	
[2023-11-29 02:56:10] INFO (nni/MainThread) Intermediate result: 19.249543287604933  (Index 77)
*** Epoch: 39 ***
-----------------G2R RESULT-------------------

val result: krc:0.811 | lsd:0.625 | ed:0.897 | hr@1:0.715 | hr@2:0.871 | hr@3:0.92 | acc@1:0.715 | acc@2:0.638 | acc@3:0.604 | Best krc: 0.82 | Best epoch: 37
[2023-11-29 02:57:53] INFO (nni/MainThread) Intermediate result: 0.8110601992543398  (Index 78)
-----------------ETPA RESULT-------------------
Epoch 39: Validation	rmse: 19.17	mae: 14.77	mape: 33.34%	acc@10: 43.44%	acc@20: 74.84%	acc@30: 90.55%	
[2023-11-29 02:57:53] INFO (nni/MainThread) Intermediate result: 19.16726930821526  (Index 79)
*** Epoch: 40 ***
-----------------G2R RESULT-------------------

val result: krc:0.779 | lsd:0.652 | ed:0.977 | hr@1:0.665 | hr@2:0.868 | hr@3:0.917 | acc@1:0.665 | acc@2:0.602 | acc@3:0.565 | Best krc: 0.82 | Best epoch: 37
[2023-11-29 02:59:36] INFO (nni/MainThread) Intermediate result: 0.7788158664765573  (Index 80)
-----------------ETPA RESULT-------------------
Epoch 40: Validation	rmse: 19.09	mae: 14.73	mape: 33.27%	acc@10: 43.37%	acc@20: 74.92%	acc@30: 90.7%	
[2023-11-29 02:59:36] INFO (nni/MainThread) Intermediate result: 19.088097805136403  (Index 81)
*** Epoch: 41 ***
-----------------G2R RESULT-------------------

val result: krc:0.803 | lsd:0.595 | ed:0.914 | hr@1:0.707 | hr@2:0.877 | hr@3:0.92 | acc@1:0.707 | acc@2:0.635 | acc@3:0.592 | Best krc: 0.82 | Best epoch: 37
[2023-11-29 03:01:19] INFO (nni/MainThread) Intermediate result: 0.8028164554356073  (Index 82)
-----------------ETPA RESULT-------------------
Epoch 41: Validation	rmse: 18.98	mae: 14.67	mape: 33.13%	acc@10: 43.3%	acc@20: 75.07%	acc@30: 90.85%	
[2023-11-29 03:01:20] INFO (nni/MainThread) Intermediate result: 18.978667684138635  (Index 83)
*** Epoch: 42 ***
-----------------G2R RESULT-------------------

val result: krc:0.816 | lsd:0.588 | ed:0.854 | hr@1:0.717 | hr@2:0.877 | hr@3:0.924 | acc@1:0.717 | acc@2:0.649 | acc@3:0.619 | Best krc: 0.82 | Best epoch: 37
[2023-11-29 03:03:03] INFO (nni/MainThread) Intermediate result: 0.8156637629484152  (Index 84)
-----------------ETPA RESULT-------------------
Epoch 42: Validation	rmse: 18.9	mae: 14.65	mape: 33.1%	acc@10: 43.17%	acc@20: 75.15%	acc@30: 90.99%	
[2023-11-29 03:03:03] INFO (nni/MainThread) Intermediate result: 18.898731052512556  (Index 85)
*** Epoch: 43 ***
-----------------G2R RESULT-------------------

val result: krc:0.802 | lsd:0.638 | ed:0.902 | hr@1:0.715 | hr@2:0.868 | hr@3:0.917 | acc@1:0.715 | acc@2:0.64 | acc@3:0.603 | Best krc: 0.82 | Best epoch: 37
[2023-11-29 03:04:46] INFO (nni/MainThread) Intermediate result: 0.8021360511259944  (Index 86)
-----------------ETPA RESULT-------------------
Epoch 43: Validation	rmse: 18.79	mae: 14.58	mape: 32.93%	acc@10: 43.25%	acc@20: 75.36%	acc@30: 91.12%	
[2023-11-29 03:04:46] INFO (nni/MainThread) Intermediate result: 18.788161841260038  (Index 87)
*** Epoch: 44 ***
-----------------G2R RESULT-------------------

val result: krc:0.817 | lsd:0.589 | ed:0.851 | hr@1:0.729 | hr@2:0.88 | hr@3:0.92 | acc@1:0.729 | acc@2:0.662 | acc@3:0.622 | Best krc: 0.82 | Best epoch: 37
[2023-11-29 03:06:29] INFO (nni/MainThread) Intermediate result: 0.8168885903647599  (Index 88)
-----------------ETPA RESULT-------------------
Epoch 44: Validation	rmse: 18.75	mae: 14.59	mape: 32.97%	acc@10: 42.99%	acc@20: 75.14%	acc@30: 91.25%	
[2023-11-29 03:06:29] INFO (nni/MainThread) Intermediate result: 18.74832145666111  (Index 89)
*** Epoch: 45 ***
-----------------G2R RESULT-------------------

val result: krc:0.818 | lsd:0.589 | ed:0.852 | hr@1:0.723 | hr@2:0.877 | hr@3:0.923 | acc@1:0.723 | acc@2:0.655 | acc@3:0.621 | Best krc: 0.82 | Best epoch: 37
[2023-11-29 03:08:12] INFO (nni/MainThread) Intermediate result: 0.81831511409124  (Index 90)
-----------------ETPA RESULT-------------------
Epoch 45: Validation	rmse: 18.71	mae: 14.58	mape: 32.98%	acc@10: 42.66%	acc@20: 75.07%	acc@30: 91.37%	
[2023-11-29 03:08:12] INFO (nni/MainThread) Intermediate result: 18.710482023506376  (Index 91)
*** Epoch: 46 ***
-----------------G2R RESULT-------------------

val result: krc:0.819 | lsd:0.585 | ed:0.843 | hr@1:0.743 | hr@2:0.881 | hr@3:0.926 | acc@1:0.743 | acc@2:0.672 | acc@3:0.631 | Best krc: 0.82 | Best epoch: 37
[2023-11-29 03:09:56] INFO (nni/MainThread) Intermediate result: 0.8194548430403263  (Index 92)
-----------------ETPA RESULT-------------------
Epoch 46: Validation	rmse: 18.69	mae: 14.6	mape: 33.02%	acc@10: 42.35%	acc@20: 74.93%	acc@30: 91.29%	
[2023-11-29 03:09:56] INFO (nni/MainThread) Intermediate result: 18.691818407533034  (Index 93)
*** Epoch: 47 ***
-----------------G2R RESULT-------------------

val result: krc:0.802 | lsd:0.619 | ed:0.908 | hr@1:0.691 | hr@2:0.878 | hr@3:0.92 | acc@1:0.691 | acc@2:0.626 | acc@3:0.589 | Best krc: 0.82 | Best epoch: 37
[2023-11-29 03:11:38] INFO (nni/MainThread) Intermediate result: 0.8017042388533426  (Index 94)
-----------------ETPA RESULT-------------------
Epoch 47: Validation	rmse: 18.61	mae: 14.57	mape: 32.99%	acc@10: 42.19%	acc@20: 75.07%	acc@30: 91.47%	
[2023-11-29 03:11:38] INFO (nni/MainThread) Intermediate result: 18.614988503884007  (Index 95)
*** Epoch: 48 ***
-----------------G2R RESULT-------------------

val result: krc:0.811 | lsd:0.581 | ed:0.863 | hr@1:0.713 | hr@2:0.881 | hr@3:0.923 | acc@1:0.713 | acc@2:0.648 | acc@3:0.611 | Best krc: 0.82 | Best epoch: 37
[2023-11-29 03:13:22] INFO (nni/MainThread) Intermediate result: 0.8108403747057004  (Index 96)
-----------------ETPA RESULT-------------------
Epoch 48: Validation	rmse: 18.56	mae: 14.55	mape: 32.95%	acc@10: 42.03%	acc@20: 74.94%	acc@30: 91.65%	
[2023-11-29 03:13:22] INFO (nni/MainThread) Intermediate result: 18.563388033341703  (Index 97)
*** Epoch: 49 ***
-----------------G2R RESULT-------------------

val result: krc:0.801 | lsd:0.625 | ed:0.907 | hr@1:0.704 | hr@2:0.873 | hr@3:0.918 | acc@1:0.704 | acc@2:0.634 | acc@3:0.597 | Best krc: 0.82 | Best epoch: 37
[2023-11-29 03:15:05] INFO (nni/MainThread) Intermediate result: 0.8013857198203503  (Index 98)
-----------------ETPA RESULT-------------------
Epoch 49: Validation	rmse: 18.5	mae: 14.52	mape: 32.92%	acc@10: 41.81%	acc@20: 75.12%	acc@30: 91.81%	
[2023-11-29 03:15:05] INFO (nni/MainThread) Intermediate result: 18.499261047112693  (Index 99)
*** Epoch: 50 ***
-----------------G2R RESULT-------------------

val result: krc:0.775 | lsd:0.722 | ed:0.976 | hr@1:0.67 | hr@2:0.866 | hr@3:0.91 | acc@1:0.67 | acc@2:0.606 | acc@3:0.565 | Best krc: 0.82 | Best epoch: 37
[2023-11-29 03:16:48] INFO (nni/MainThread) Intermediate result: 0.7752583066094216  (Index 100)
-----------------ETPA RESULT-------------------
Epoch 50: Validation	rmse: 18.42	mae: 14.49	mape: 32.86%	acc@10: 41.61%	acc@20: 75.31%	acc@30: 91.97%	
[2023-11-29 03:16:48] INFO (nni/MainThread) Intermediate result: 18.418142468768504  (Index 101)
*** Epoch: 51 ***
-----------------G2R RESULT-------------------

val result: krc:0.798 | lsd:0.667 | ed:0.917 | hr@1:0.696 | hr@2:0.874 | hr@3:0.918 | acc@1:0.696 | acc@2:0.631 | acc@3:0.595 | Best krc: 0.82 | Best epoch: 37
[2023-11-29 03:18:31] INFO (nni/MainThread) Intermediate result: 0.7984980078464993  (Index 102)
-----------------ETPA RESULT-------------------
Epoch 51: Validation	rmse: 18.38	mae: 14.49	mape: 32.87%	acc@10: 41.53%	acc@20: 75.18%	acc@30: 92.07%	
[2023-11-29 03:18:31] INFO (nni/MainThread) Intermediate result: 18.38407111383084  (Index 103)
*** Epoch: 52 ***
-----------------G2R RESULT-------------------

val result: krc:0.809 | lsd:0.585 | ed:0.889 | hr@1:0.727 | hr@2:0.876 | hr@3:0.922 | acc@1:0.727 | acc@2:0.651 | acc@3:0.608 | Best krc: 0.82 | Best epoch: 37
[2023-11-29 03:20:14] INFO (nni/MainThread) Intermediate result: 0.8085623971325764  (Index 104)
-----------------ETPA RESULT-------------------
Epoch 52: Validation	rmse: 18.32	mae: 14.46	mape: 32.82%	acc@10: 41.45%	acc@20: 75.35%	acc@30: 92.22%	
[2023-11-29 03:20:14] INFO (nni/MainThread) Intermediate result: 18.32104433615744  (Index 105)
*** Epoch: 53 ***
-----------------G2R RESULT-------------------

val result: krc:0.814 | lsd:0.576 | ed:0.869 | hr@1:0.72 | hr@2:0.88 | hr@3:0.927 | acc@1:0.72 | acc@2:0.65 | acc@3:0.616 | Best krc: 0.82 | Best epoch: 37
[2023-11-29 03:21:58] INFO (nni/MainThread) Intermediate result: 0.8142463787326053  (Index 106)
-----------------ETPA RESULT-------------------
Epoch 53: Validation	rmse: 18.29	mae: 14.47	mape: 32.87%	acc@10: 41.26%	acc@20: 75.29%	acc@30: 92.3%	
[2023-11-29 03:21:58] INFO (nni/MainThread) Intermediate result: 18.294173526322133  (Index 107)
*** Epoch: 54 ***
-----------------G2R RESULT-------------------

val result: krc:0.815 | lsd:0.581 | ed:0.868 | hr@1:0.719 | hr@2:0.879 | hr@3:0.926 | acc@1:0.719 | acc@2:0.65 | acc@3:0.615 | Best krc: 0.82 | Best epoch: 37
[2023-11-29 03:23:43] INFO (nni/MainThread) Intermediate result: 0.8153386402096502  (Index 108)
-----------------ETPA RESULT-------------------
Epoch 54: Validation	rmse: 18.28	mae: 14.48	mape: 32.93%	acc@10: 41.02%	acc@20: 75.28%	acc@30: 92.33%	
[2023-11-29 03:23:43] INFO (nni/MainThread) Intermediate result: 18.27813832056109  (Index 109)
*** Epoch: 55 ***
-----------------G2R RESULT-------------------

val result: krc:0.81 | lsd:0.6 | ed:0.878 | hr@1:0.709 | hr@2:0.877 | hr@3:0.923 | acc@1:0.709 | acc@2:0.644 | acc@3:0.609 | Best krc: 0.82 | Best epoch: 37
[2023-11-29 03:25:26] INFO (nni/MainThread) Intermediate result: 0.8095895841676339  (Index 110)
-----------------ETPA RESULT-------------------
Epoch 55: Validation	rmse: 18.25	mae: 14.48	mape: 32.95%	acc@10: 40.85%	acc@20: 75.28%	acc@30: 92.47%	
[2023-11-29 03:25:26] INFO (nni/MainThread) Intermediate result: 18.246117758486637  (Index 111)
*** Epoch: 56 ***
-----------------G2R RESULT-------------------

val result: krc:0.81 | lsd:0.616 | ed:0.892 | hr@1:0.703 | hr@2:0.874 | hr@3:0.924 | acc@1:0.703 | acc@2:0.638 | acc@3:0.606 | Best krc: 0.82 | Best epoch: 37
[2023-11-29 03:27:10] INFO (nni/MainThread) Intermediate result: 0.8101346239955772  (Index 112)
-----------------ETPA RESULT-------------------
Epoch 56: Validation	rmse: 18.18	mae: 14.45	mape: 32.86%	acc@10: 40.84%	acc@20: 75.44%	acc@30: 92.54%	
[2023-11-29 03:27:10] INFO (nni/MainThread) Intermediate result: 18.178693228655156  (Index 113)
*** Epoch: 57 ***
-----------------G2R RESULT-------------------

val result: krc:0.819 | lsd:0.591 | ed:0.837 | hr@1:0.72 | hr@2:0.882 | hr@3:0.924 | acc@1:0.72 | acc@2:0.656 | acc@3:0.623 | Best krc: 0.82 | Best epoch: 37
[2023-11-29 03:28:54] INFO (nni/MainThread) Intermediate result: 0.819402955948649  (Index 114)
-----------------ETPA RESULT-------------------
Epoch 57: Validation	rmse: 18.13	mae: 14.42	mape: 32.81%	acc@10: 40.84%	acc@20: 75.54%	acc@30: 92.62%	
[2023-11-29 03:28:54] INFO (nni/MainThread) Intermediate result: 18.133246300984005  (Index 115)
loaded model path: /home/sentanoe/joint_training/data/dataset/food_pd/sort_model/hidden_size-8.gcnru-pd_1701218951.65288571701218951.6528978
best model loaded !!!
krc:0.807 | lsd:0.455 | ed:0.891 | hr@1:0.716 | hr@2:0.908 | hr@3:0.949 | acc@1:0.716 | acc@2:0.658 | acc@3:0.616 |

-------------------------------------------------------------
Best epoch for G2R:  37
Best epoch for ETPA:  57
graph2route_pd Evaluation in test: krc:0.807 | lsd:0.455 | ed:0.891 | hr@1:0.716 | hr@2:0.908 | hr@3:0.949 | acc@1:0.716 | acc@2:0.658 | acc@3:0.616 |
RankPETA Evaluation in test: rmse: 13.14	mae: 9.56	mape: 88.91%	acc@10: 60.0%	acc@20: 90.0%	acc@30: 95.0%	
