Device:  cuda
{'alpha_loss': 0.5,
 'batch_size': 64,
 'dataset': 'food_pd',
 'datatype': 'order',
 'device': device(type='cuda'),
 'early_stop': 20,
 'edge_fea_dim': 5,
 'embedding_dim': 32,
 'eval_end_1': 11,
 'eval_end_2': 25,
 'eval_start': 1,
 'gcn_num_layers': 2,
 'hidden_size': 8,
 'is_eval': False,
 'is_test': False,
 'k_min_nodes': 3,
 'k_nearest_neighbors': 'n-1',
 'lr': 0.001,
 'max_task_num': 25,
 'min_task_num': 0,
 'modelArrivalTime': 'RankPETA',
 'modelRoute': 'graph2route_pd',
 'no_cuda': False,
 'node_fea_dim': 8,
 'node_features_test': '/home/sentanoe/joint_training/data/dataset/food_pd/node_features_test_full.npy',
 'node_features_train': '/home/sentanoe/joint_training/data/dataset/food_pd/node_features_train_full.npy',
 'node_features_val': '/home/sentanoe/joint_training/data/dataset/food_pd/node_features_val_full.npy',
 'num_block': 4,
 'num_epoch': 1000,
 'num_head': 2,
 'num_worker_logistics': 2346,
 'num_worker_pd': 920,
 'pad_value': 26,
 'seed': 8888,
 'sort_mode': 'true_idx',
 'spatial_encoder': 'gatv2',
 'temporal_encoder': 'gru',
 'test_path': '/home/sentanoe/joint_training/data/dataset/food_pd/test_full.npy',
 'train_mode': 'sort',
 'train_path': '/home/sentanoe/joint_training/data/dataset/food_pd/train_full.npy',
 'val_path': '/home/sentanoe/joint_training/data/dataset/food_pd/val_full.npy',
 'wd': 1e-05,
 'worker_emb_dim': 10,
 'workers': 2}
last_x_size:13;unpick_x_size:12;input_size:38
#train:2521 | #val:1257 | #test:1261
*** Epoch: 0 ***
-----------------G2R RESULT-------------------

val result: krc:0.754 | lsd:0.729 | ed:1.036 | hr@1:0.627 | hr@2:0.854 | hr@3:0.902 | acc@1:0.627 | acc@2:0.571 | acc@3:0.529 | Best krc: -1 | Best epoch: -1
best model saved
[2023-11-29 04:03:53] INFO (nni/MainThread) Intermediate result: 0.7542868043873727  (Index 0)
-----------------ETPA RESULT-------------------
Epoch 0: Validation	rmse: 40.84	mae: 34.72	mape: 67.72%	acc@10: 9.38%	acc@20: 25.0%	acc@30: 34.38%	
[2023-11-29 04:03:53] INFO (nni/MainThread) Intermediate result: 40.839422111943506  (Index 1)
*** Epoch: 1 ***
-----------------G2R RESULT-------------------

val result: krc:0.761 | lsd:0.708 | ed:1.023 | hr@1:0.626 | hr@2:0.852 | hr@3:0.903 | acc@1:0.626 | acc@2:0.567 | acc@3:0.529 | Best krc: 0.754 | Best epoch: 0
best model saved
[2023-11-29 04:04:21] INFO (nni/MainThread) Intermediate result: 0.760649264094826  (Index 2)
-----------------ETPA RESULT-------------------
Epoch 1: Validation	rmse: 34.92	mae: 27.79	mape: 54.11%	acc@10: 20.31%	acc@20: 42.19%	acc@30: 57.81%	
[2023-11-29 04:04:21] INFO (nni/MainThread) Intermediate result: 34.9154927026052  (Index 3)
*** Epoch: 2 ***
-----------------G2R RESULT-------------------

val result: krc:0.762 | lsd:0.702 | ed:1.009 | hr@1:0.634 | hr@2:0.855 | hr@3:0.903 | acc@1:0.634 | acc@2:0.572 | acc@3:0.531 | Best krc: 0.761 | Best epoch: 1
best model saved
[2023-11-29 04:04:51] INFO (nni/MainThread) Intermediate result: 0.761567943465626  (Index 4)
-----------------ETPA RESULT-------------------
Epoch 2: Validation	rmse: 30.71	mae: 23.66	mape: 47.94%	acc@10: 31.25%	acc@20: 53.12%	acc@30: 66.67%	
[2023-11-29 04:04:51] INFO (nni/MainThread) Intermediate result: 30.712832011811628  (Index 5)
*** Epoch: 3 ***
-----------------G2R RESULT-------------------

val result: krc:0.765 | lsd:0.697 | ed:1.012 | hr@1:0.628 | hr@2:0.861 | hr@3:0.909 | acc@1:0.628 | acc@2:0.568 | acc@3:0.528 | Best krc: 0.762 | Best epoch: 2
best model saved
[2023-11-29 04:05:20] INFO (nni/MainThread) Intermediate result: 0.7650345023322723  (Index 6)
-----------------ETPA RESULT-------------------
Epoch 3: Validation	rmse: 28.99	mae: 22.07	mape: 46.42%	acc@10: 31.25%	acc@20: 57.03%	acc@30: 72.66%	
[2023-11-29 04:05:20] INFO (nni/MainThread) Intermediate result: 28.993679121004426  (Index 7)
*** Epoch: 4 ***
-----------------G2R RESULT-------------------

val result: krc:0.767 | lsd:0.677 | ed:1.001 | hr@1:0.622 | hr@2:0.864 | hr@3:0.909 | acc@1:0.622 | acc@2:0.569 | acc@3:0.535 | Best krc: 0.765 | Best epoch: 3
best model saved
[2023-11-29 04:05:51] INFO (nni/MainThread) Intermediate result: 0.7666937807208903  (Index 8)
-----------------ETPA RESULT-------------------
Epoch 4: Validation	rmse: 27.92	mae: 21.16	mape: 44.45%	acc@10: 31.87%	acc@20: 58.13%	acc@30: 76.25%	
[2023-11-29 04:05:51] INFO (nni/MainThread) Intermediate result: 27.92468215719531  (Index 9)
*** Epoch: 5 ***
-----------------G2R RESULT-------------------

val result: krc:0.756 | lsd:0.721 | ed:1.033 | hr@1:0.631 | hr@2:0.853 | hr@3:0.902 | acc@1:0.631 | acc@2:0.566 | acc@3:0.523 | Best krc: 0.767 | Best epoch: 4
[2023-11-29 04:06:20] INFO (nni/MainThread) Intermediate result: 0.7560916758992842  (Index 10)
-----------------ETPA RESULT-------------------
Epoch 5: Validation	rmse: 26.7	mae: 19.95	mape: 41.86%	acc@10: 34.9%	acc@20: 61.98%	acc@30: 78.65%	
[2023-11-29 04:06:20] INFO (nni/MainThread) Intermediate result: 26.697600594535192  (Index 11)
*** Epoch: 6 ***
-----------------G2R RESULT-------------------

val result: krc:0.756 | lsd:0.727 | ed:1.04 | hr@1:0.629 | hr@2:0.855 | hr@3:0.901 | acc@1:0.629 | acc@2:0.564 | acc@3:0.525 | Best krc: 0.767 | Best epoch: 4
[2023-11-29 04:06:52] INFO (nni/MainThread) Intermediate result: 0.7561430203668944  (Index 12)
-----------------ETPA RESULT-------------------
Epoch 6: Validation	rmse: 25.48	mae: 19.01	mape: 40.04%	acc@10: 36.61%	acc@20: 64.73%	acc@30: 80.8%	
[2023-11-29 04:06:52] INFO (nni/MainThread) Intermediate result: 25.48037082473389  (Index 13)
*** Epoch: 7 ***
-----------------G2R RESULT-------------------

val result: krc:0.763 | lsd:0.712 | ed:0.997 | hr@1:0.627 | hr@2:0.858 | hr@3:0.906 | acc@1:0.627 | acc@2:0.573 | acc@3:0.535 | Best krc: 0.767 | Best epoch: 4
[2023-11-29 04:07:21] INFO (nni/MainThread) Intermediate result: 0.7632012742638016  (Index 14)
-----------------ETPA RESULT-------------------
Epoch 7: Validation	rmse: 24.56	mae: 18.29	mape: 38.51%	acc@10: 38.67%	acc@20: 66.8%	acc@30: 82.42%	
[2023-11-29 04:07:21] INFO (nni/MainThread) Intermediate result: 24.562588199106493  (Index 15)
*** Epoch: 8 ***
-----------------G2R RESULT-------------------

val result: krc:0.762 | lsd:0.751 | ed:1.016 | hr@1:0.63 | hr@2:0.856 | hr@3:0.903 | acc@1:0.63 | acc@2:0.572 | acc@3:0.527 | Best krc: 0.767 | Best epoch: 4
[2023-11-29 04:07:50] INFO (nni/MainThread) Intermediate result: 0.7619378393230599  (Index 16)
-----------------ETPA RESULT-------------------
Epoch 8: Validation	rmse: 23.83	mae: 17.7	mape: 37.32%	acc@10: 40.28%	acc@20: 67.71%	acc@30: 83.68%	
[2023-11-29 04:07:50] INFO (nni/MainThread) Intermediate result: 23.832681155219475  (Index 17)
*** Epoch: 9 ***
-----------------G2R RESULT-------------------

val result: krc:0.76 | lsd:0.718 | ed:1.003 | hr@1:0.625 | hr@2:0.856 | hr@3:0.907 | acc@1:0.625 | acc@2:0.564 | acc@3:0.533 | Best krc: 0.767 | Best epoch: 4
[2023-11-29 04:08:17] INFO (nni/MainThread) Intermediate result: 0.7602356509221397  (Index 18)
-----------------ETPA RESULT-------------------
Epoch 9: Validation	rmse: 23.16	mae: 17.19	mape: 36.35%	acc@10: 40.62%	acc@20: 69.06%	acc@30: 84.69%	
[2023-11-29 04:08:17] INFO (nni/MainThread) Intermediate result: 23.160671749557117  (Index 19)
*** Epoch: 10 ***
-----------------G2R RESULT-------------------

val result: krc:0.765 | lsd:0.679 | ed:0.995 | hr@1:0.635 | hr@2:0.861 | hr@3:0.91 | acc@1:0.635 | acc@2:0.578 | acc@3:0.542 | Best krc: 0.767 | Best epoch: 4
[2023-11-29 04:08:45] INFO (nni/MainThread) Intermediate result: 0.7647072378948196  (Index 20)
-----------------ETPA RESULT-------------------
Epoch 10: Validation	rmse: 22.66	mae: 16.85	mape: 35.83%	acc@10: 40.91%	acc@20: 69.89%	acc@30: 85.51%	
[2023-11-29 04:08:45] INFO (nni/MainThread) Intermediate result: 22.662862208153978  (Index 21)
*** Epoch: 11 ***
-----------------G2R RESULT-------------------

val result: krc:0.769 | lsd:0.667 | ed:0.977 | hr@1:0.641 | hr@2:0.863 | hr@3:0.908 | acc@1:0.641 | acc@2:0.584 | acc@3:0.54 | Best krc: 0.767 | Best epoch: 4
best model saved
[2023-11-29 04:09:15] INFO (nni/MainThread) Intermediate result: 0.7691965826202818  (Index 22)
-----------------ETPA RESULT-------------------
Epoch 11: Validation	rmse: 22.22	mae: 16.55	mape: 35.35%	acc@10: 41.41%	acc@20: 70.57%	acc@30: 86.2%	
[2023-11-29 04:09:15] INFO (nni/MainThread) Intermediate result: 22.220167496500583  (Index 23)
*** Epoch: 12 ***
-----------------G2R RESULT-------------------

val result: krc:0.769 | lsd:0.673 | ed:0.992 | hr@1:0.637 | hr@2:0.862 | hr@3:0.907 | acc@1:0.637 | acc@2:0.582 | acc@3:0.538 | Best krc: 0.769 | Best epoch: 11
[2023-11-29 04:09:42] INFO (nni/MainThread) Intermediate result: 0.7689086204084017  (Index 24)
-----------------ETPA RESULT-------------------
Epoch 12: Validation	rmse: 21.93	mae: 16.36	mape: 35.03%	acc@10: 41.83%	acc@20: 71.15%	acc@30: 86.78%	
[2023-11-29 04:09:42] INFO (nni/MainThread) Intermediate result: 21.931874113006636  (Index 25)
*** Epoch: 13 ***
-----------------G2R RESULT-------------------

val result: krc:0.773 | lsd:0.653 | ed:0.968 | hr@1:0.645 | hr@2:0.862 | hr@3:0.908 | acc@1:0.645 | acc@2:0.587 | acc@3:0.547 | Best krc: 0.769 | Best epoch: 11
best model saved
[2023-11-29 04:10:11] INFO (nni/MainThread) Intermediate result: 0.7728261558519539  (Index 26)
-----------------ETPA RESULT-------------------
Epoch 13: Validation	rmse: 21.7	mae: 16.22	mape: 34.73%	acc@10: 41.52%	acc@20: 71.65%	acc@30: 87.05%	
[2023-11-29 04:10:11] INFO (nni/MainThread) Intermediate result: 21.696087163192267  (Index 27)
*** Epoch: 14 ***
-----------------G2R RESULT-------------------

val result: krc:0.768 | lsd:0.662 | ed:1.0 | hr@1:0.635 | hr@2:0.862 | hr@3:0.907 | acc@1:0.635 | acc@2:0.577 | acc@3:0.539 | Best krc: 0.773 | Best epoch: 13
[2023-11-29 04:10:39] INFO (nni/MainThread) Intermediate result: 0.7684174488809381  (Index 28)
-----------------ETPA RESULT-------------------
Epoch 14: Validation	rmse: 21.44	mae: 16.08	mape: 34.56%	acc@10: 41.67%	acc@20: 72.08%	acc@30: 87.5%	
[2023-11-29 04:10:39] INFO (nni/MainThread) Intermediate result: 21.4418293739032  (Index 29)
*** Epoch: 15 ***
-----------------G2R RESULT-------------------

val result: krc:0.768 | lsd:0.694 | ed:0.991 | hr@1:0.638 | hr@2:0.865 | hr@3:0.909 | acc@1:0.638 | acc@2:0.582 | acc@3:0.54 | Best krc: 0.773 | Best epoch: 13
[2023-11-29 04:11:07] INFO (nni/MainThread) Intermediate result: 0.7677542266960719  (Index 30)
-----------------ETPA RESULT-------------------
Epoch 15: Validation	rmse: 21.15	mae: 15.91	mape: 34.31%	acc@10: 41.6%	acc@20: 72.66%	acc@30: 87.89%	
[2023-11-29 04:11:07] INFO (nni/MainThread) Intermediate result: 21.14679616272742  (Index 31)
*** Epoch: 16 ***
-----------------G2R RESULT-------------------

val result: krc:0.764 | lsd:0.687 | ed:1.013 | hr@1:0.629 | hr@2:0.862 | hr@3:0.908 | acc@1:0.629 | acc@2:0.577 | acc@3:0.536 | Best krc: 0.773 | Best epoch: 13
[2023-11-29 04:11:35] INFO (nni/MainThread) Intermediate result: 0.7638800377584811  (Index 32)
-----------------ETPA RESULT-------------------
Epoch 16: Validation	rmse: 20.92	mae: 15.79	mape: 34.18%	acc@10: 41.54%	acc@20: 72.98%	acc@30: 88.24%	
[2023-11-29 04:11:35] INFO (nni/MainThread) Intermediate result: 20.917846049547002  (Index 33)
*** Epoch: 17 ***
-----------------G2R RESULT-------------------

val result: krc:0.762 | lsd:0.712 | ed:1.015 | hr@1:0.631 | hr@2:0.856 | hr@3:0.902 | acc@1:0.631 | acc@2:0.575 | acc@3:0.533 | Best krc: 0.773 | Best epoch: 13
[2023-11-29 04:12:03] INFO (nni/MainThread) Intermediate result: 0.7622662624586543  (Index 34)
-----------------ETPA RESULT-------------------
Epoch 17: Validation	rmse: 20.76	mae: 15.71	mape: 34.1%	acc@10: 41.49%	acc@20: 73.26%	acc@30: 88.37%	
[2023-11-29 04:12:03] INFO (nni/MainThread) Intermediate result: 20.764759596798093  (Index 35)
*** Epoch: 18 ***
-----------------G2R RESULT-------------------

val result: krc:0.76 | lsd:0.71 | ed:1.011 | hr@1:0.633 | hr@2:0.858 | hr@3:0.906 | acc@1:0.633 | acc@2:0.578 | acc@3:0.537 | Best krc: 0.773 | Best epoch: 13
[2023-11-29 04:12:32] INFO (nni/MainThread) Intermediate result: 0.7601540712603239  (Index 36)
-----------------ETPA RESULT-------------------
Epoch 18: Validation	rmse: 20.59	mae: 15.63	mape: 34.03%	acc@10: 41.61%	acc@20: 73.52%	acc@30: 88.65%	
[2023-11-29 04:12:32] INFO (nni/MainThread) Intermediate result: 20.58899073446193  (Index 37)
*** Epoch: 19 ***
-----------------G2R RESULT-------------------

val result: krc:0.775 | lsd:0.665 | ed:0.969 | hr@1:0.637 | hr@2:0.866 | hr@3:0.908 | acc@1:0.637 | acc@2:0.581 | acc@3:0.547 | Best krc: 0.773 | Best epoch: 13
best model saved
[2023-11-29 04:13:01] INFO (nni/MainThread) Intermediate result: 0.7748701022859309  (Index 38)
-----------------ETPA RESULT-------------------
Epoch 19: Validation	rmse: 20.5	mae: 15.62	mape: 34.02%	acc@10: 41.41%	acc@20: 73.12%	acc@30: 88.59%	
[2023-11-29 04:13:01] INFO (nni/MainThread) Intermediate result: 20.503237558034122  (Index 39)
*** Epoch: 20 ***
-----------------G2R RESULT-------------------

val result: krc:0.771 | lsd:0.676 | ed:1.003 | hr@1:0.632 | hr@2:0.859 | hr@3:0.906 | acc@1:0.632 | acc@2:0.57 | acc@3:0.533 | Best krc: 0.775 | Best epoch: 19
[2023-11-29 04:13:29] INFO (nni/MainThread) Intermediate result: 0.77094835721858  (Index 40)
-----------------ETPA RESULT-------------------
Epoch 20: Validation	rmse: 20.24	mae: 15.49	mape: 33.89%	acc@10: 41.22%	acc@20: 73.51%	acc@30: 88.99%	
[2023-11-29 04:13:29] INFO (nni/MainThread) Intermediate result: 20.243293150350546  (Index 41)
*** Epoch: 21 ***
-----------------G2R RESULT-------------------

val result: krc:0.765 | lsd:0.683 | ed:1.001 | hr@1:0.636 | hr@2:0.861 | hr@3:0.908 | acc@1:0.636 | acc@2:0.579 | acc@3:0.537 | Best krc: 0.775 | Best epoch: 19
[2023-11-29 04:13:58] INFO (nni/MainThread) Intermediate result: 0.7647823558973535  (Index 42)
-----------------ETPA RESULT-------------------
Epoch 21: Validation	rmse: 20.05	mae: 15.37	mape: 33.75%	acc@10: 41.34%	acc@20: 73.72%	acc@30: 89.2%	
[2023-11-29 04:13:58] INFO (nni/MainThread) Intermediate result: 20.04737809099267  (Index 43)
*** Epoch: 22 ***
-----------------G2R RESULT-------------------

val result: krc:0.776 | lsd:0.671 | ed:0.981 | hr@1:0.644 | hr@2:0.863 | hr@3:0.906 | acc@1:0.644 | acc@2:0.586 | acc@3:0.544 | Best krc: 0.775 | Best epoch: 19
best model saved
[2023-11-29 04:14:28] INFO (nni/MainThread) Intermediate result: 0.775813884733867  (Index 44)
-----------------ETPA RESULT-------------------
Epoch 22: Validation	rmse: 20.06	mae: 15.43	mape: 33.88%	acc@10: 40.9%	acc@20: 73.51%	acc@30: 89.13%	
[2023-11-29 04:14:28] INFO (nni/MainThread) Intermediate result: 20.05569912580735  (Index 45)
*** Epoch: 23 ***
-----------------G2R RESULT-------------------

val result: krc:0.769 | lsd:0.68 | ed:0.988 | hr@1:0.638 | hr@2:0.861 | hr@3:0.906 | acc@1:0.638 | acc@2:0.58 | acc@3:0.537 | Best krc: 0.776 | Best epoch: 22
[2023-11-29 04:14:56] INFO (nni/MainThread) Intermediate result: 0.7693001299822464  (Index 46)
-----------------ETPA RESULT-------------------
Epoch 23: Validation	rmse: 19.89	mae: 15.35	mape: 33.8%	acc@10: 40.76%	acc@20: 73.7%	acc@30: 89.45%	
[2023-11-29 04:14:56] INFO (nni/MainThread) Intermediate result: 19.885729747320298  (Index 47)
*** Epoch: 24 ***
-----------------G2R RESULT-------------------

val result: krc:0.766 | lsd:0.681 | ed:1.003 | hr@1:0.632 | hr@2:0.865 | hr@3:0.912 | acc@1:0.632 | acc@2:0.578 | acc@3:0.539 | Best krc: 0.776 | Best epoch: 22
[2023-11-29 04:15:24] INFO (nni/MainThread) Intermediate result: 0.7662818572219534  (Index 48)
-----------------ETPA RESULT-------------------
Epoch 24: Validation	rmse: 19.73	mae: 15.26	mape: 33.69%	acc@10: 40.75%	acc@20: 73.88%	acc@30: 89.75%	
[2023-11-29 04:15:25] INFO (nni/MainThread) Intermediate result: 19.734310630803186  (Index 49)
*** Epoch: 25 ***
-----------------G2R RESULT-------------------

val result: krc:0.774 | lsd:0.652 | ed:0.993 | hr@1:0.642 | hr@2:0.863 | hr@3:0.908 | acc@1:0.642 | acc@2:0.578 | acc@3:0.537 | Best krc: 0.776 | Best epoch: 22
[2023-11-29 04:15:53] INFO (nni/MainThread) Intermediate result: 0.7736627562950256  (Index 50)
-----------------ETPA RESULT-------------------
Epoch 25: Validation	rmse: 19.65	mae: 15.24	mape: 33.67%	acc@10: 40.75%	acc@20: 74.04%	acc@30: 89.78%	
[2023-11-29 04:15:53] INFO (nni/MainThread) Intermediate result: 19.650092562367682  (Index 51)
*** Epoch: 26 ***
-----------------G2R RESULT-------------------

val result: krc:0.764 | lsd:0.704 | ed:1.014 | hr@1:0.633 | hr@2:0.859 | hr@3:0.905 | acc@1:0.633 | acc@2:0.572 | acc@3:0.531 | Best krc: 0.776 | Best epoch: 22
[2023-11-29 04:16:23] INFO (nni/MainThread) Intermediate result: 0.7640608228190214  (Index 52)
-----------------ETPA RESULT-------------------
Epoch 26: Validation	rmse: 19.55	mae: 15.19	mape: 33.64%	acc@10: 40.62%	acc@20: 74.19%	acc@30: 89.93%	
[2023-11-29 04:16:23] INFO (nni/MainThread) Intermediate result: 19.551009510837925  (Index 53)
*** Epoch: 27 ***
-----------------G2R RESULT-------------------

val result: krc:0.774 | lsd:0.663 | ed:0.984 | hr@1:0.642 | hr@2:0.864 | hr@3:0.909 | acc@1:0.642 | acc@2:0.582 | acc@3:0.54 | Best krc: 0.776 | Best epoch: 22
[2023-11-29 04:16:53] INFO (nni/MainThread) Intermediate result: 0.7740907896133082  (Index 54)
-----------------ETPA RESULT-------------------
Epoch 27: Validation	rmse: 19.51	mae: 15.18	mape: 33.64%	acc@10: 40.62%	acc@20: 74.33%	acc@30: 89.84%	
[2023-11-29 04:16:53] INFO (nni/MainThread) Intermediate result: 19.50892523504309  (Index 55)
*** Epoch: 28 ***
-----------------G2R RESULT-------------------

val result: krc:0.766 | lsd:0.701 | ed:1.0 | hr@1:0.636 | hr@2:0.86 | hr@3:0.906 | acc@1:0.636 | acc@2:0.578 | acc@3:0.534 | Best krc: 0.776 | Best epoch: 22
[2023-11-29 04:17:23] INFO (nni/MainThread) Intermediate result: 0.7658369647001042  (Index 56)
-----------------ETPA RESULT-------------------
Epoch 28: Validation	rmse: 19.41	mae: 15.14	mape: 33.62%	acc@10: 40.62%	acc@20: 74.46%	acc@30: 89.87%	
[2023-11-29 04:17:23] INFO (nni/MainThread) Intermediate result: 19.41495014382516  (Index 57)
*** Epoch: 29 ***
-----------------G2R RESULT-------------------

val result: krc:0.774 | lsd:0.662 | ed:0.969 | hr@1:0.646 | hr@2:0.863 | hr@3:0.911 | acc@1:0.646 | acc@2:0.589 | acc@3:0.553 | Best krc: 0.776 | Best epoch: 22
[2023-11-29 04:17:53] INFO (nni/MainThread) Intermediate result: 0.7737033139656664  (Index 58)
-----------------ETPA RESULT-------------------
Epoch 29: Validation	rmse: 19.37	mae: 15.13	mape: 33.61%	acc@10: 40.62%	acc@20: 74.48%	acc@30: 89.79%	
[2023-11-29 04:17:53] INFO (nni/MainThread) Intermediate result: 19.37129058044543  (Index 59)
*** Epoch: 30 ***
-----------------G2R RESULT-------------------

val result: krc:0.766 | lsd:0.681 | ed:0.997 | hr@1:0.643 | hr@2:0.859 | hr@3:0.907 | acc@1:0.643 | acc@2:0.579 | acc@3:0.539 | Best krc: 0.776 | Best epoch: 22
[2023-11-29 04:18:22] INFO (nni/MainThread) Intermediate result: 0.7661025065397605  (Index 60)
-----------------ETPA RESULT-------------------
Epoch 30: Validation	rmse: 19.34	mae: 15.13	mape: 33.64%	acc@10: 40.52%	acc@20: 74.4%	acc@30: 89.82%	
[2023-11-29 04:18:22] INFO (nni/MainThread) Intermediate result: 19.33674211216199  (Index 61)
*** Epoch: 31 ***
-----------------G2R RESULT-------------------

val result: krc:0.773 | lsd:0.658 | ed:0.977 | hr@1:0.639 | hr@2:0.864 | hr@3:0.91 | acc@1:0.639 | acc@2:0.581 | acc@3:0.547 | Best krc: 0.776 | Best epoch: 22
[2023-11-29 04:18:52] INFO (nni/MainThread) Intermediate result: 0.7726096151981591  (Index 62)
-----------------ETPA RESULT-------------------
Epoch 31: Validation	rmse: 19.25	mae: 15.08	mape: 33.57%	acc@10: 40.53%	acc@20: 74.41%	acc@30: 90.14%	
[2023-11-29 04:18:52] INFO (nni/MainThread) Intermediate result: 19.24854663102382  (Index 63)
*** Epoch: 32 ***
-----------------G2R RESULT-------------------

val result: krc:0.77 | lsd:0.669 | ed:0.99 | hr@1:0.643 | hr@2:0.864 | hr@3:0.912 | acc@1:0.643 | acc@2:0.582 | acc@3:0.546 | Best krc: 0.776 | Best epoch: 22
[2023-11-29 04:19:23] INFO (nni/MainThread) Intermediate result: 0.7703027898917711  (Index 64)
-----------------ETPA RESULT-------------------
Epoch 32: Validation	rmse: 19.17	mae: 15.04	mape: 33.54%	acc@10: 40.53%	acc@20: 74.43%	acc@30: 90.15%	
[2023-11-29 04:19:23] INFO (nni/MainThread) Intermediate result: 19.174369624433425  (Index 65)
*** Epoch: 33 ***
-----------------G2R RESULT-------------------

val result: krc:0.766 | lsd:0.712 | ed:1.0 | hr@1:0.638 | hr@2:0.859 | hr@3:0.906 | acc@1:0.638 | acc@2:0.577 | acc@3:0.536 | Best krc: 0.776 | Best epoch: 22
[2023-11-29 04:19:53] INFO (nni/MainThread) Intermediate result: 0.7655768581610295  (Index 66)
-----------------ETPA RESULT-------------------
Epoch 33: Validation	rmse: 19.06	mae: 14.98	mape: 33.47%	acc@10: 40.53%	acc@20: 74.63%	acc@30: 90.44%	
[2023-11-29 04:19:53] INFO (nni/MainThread) Intermediate result: 19.057263596902896  (Index 67)
*** Epoch: 34 ***
-----------------G2R RESULT-------------------

val result: krc:0.749 | lsd:0.743 | ed:1.054 | hr@1:0.62 | hr@2:0.851 | hr@3:0.898 | acc@1:0.62 | acc@2:0.558 | acc@3:0.514 | Best krc: 0.776 | Best epoch: 22
[2023-11-29 04:20:24] INFO (nni/MainThread) Intermediate result: 0.7493600836320555  (Index 68)
-----------------ETPA RESULT-------------------
Epoch 34: Validation	rmse: 18.99	mae: 14.94	mape: 33.42%	acc@10: 40.54%	acc@20: 74.64%	acc@30: 90.54%	
[2023-11-29 04:20:24] INFO (nni/MainThread) Intermediate result: 18.985161133638023  (Index 69)
*** Epoch: 35 ***
-----------------G2R RESULT-------------------

val result: krc:0.754 | lsd:0.707 | ed:1.042 | hr@1:0.626 | hr@2:0.86 | hr@3:0.905 | acc@1:0.626 | acc@2:0.571 | acc@3:0.524 | Best krc: 0.776 | Best epoch: 22
[2023-11-29 04:20:54] INFO (nni/MainThread) Intermediate result: 0.7536112739873126  (Index 70)
-----------------ETPA RESULT-------------------
Epoch 35: Validation	rmse: 18.91	mae: 14.92	mape: 33.42%	acc@10: 40.36%	acc@20: 74.74%	acc@30: 90.8%	
[2023-11-29 04:20:54] INFO (nni/MainThread) Intermediate result: 18.90581479419787  (Index 71)
*** Epoch: 36 ***
-----------------G2R RESULT-------------------

val result: krc:0.776 | lsd:0.67 | ed:0.968 | hr@1:0.641 | hr@2:0.863 | hr@3:0.907 | acc@1:0.641 | acc@2:0.586 | acc@3:0.549 | Best krc: 0.776 | Best epoch: 22
best model saved
[2023-11-29 04:21:25] INFO (nni/MainThread) Intermediate result: 0.7759034232055657  (Index 72)
-----------------ETPA RESULT-------------------
Epoch 36: Validation	rmse: 18.87	mae: 14.91	mape: 33.42%	acc@10: 40.37%	acc@20: 74.66%	acc@30: 90.88%	
[2023-11-29 04:21:25] INFO (nni/MainThread) Intermediate result: 18.873854115573064  (Index 73)
*** Epoch: 37 ***
-----------------G2R RESULT-------------------

val result: krc:0.759 | lsd:0.701 | ed:1.025 | hr@1:0.631 | hr@2:0.863 | hr@3:0.909 | acc@1:0.631 | acc@2:0.574 | acc@3:0.537 | Best krc: 0.776 | Best epoch: 36
[2023-11-29 04:21:55] INFO (nni/MainThread) Intermediate result: 0.7590568808671125  (Index 74)
-----------------ETPA RESULT-------------------
Epoch 37: Validation	rmse: 18.79	mae: 14.86	mape: 33.34%	acc@10: 40.38%	acc@20: 74.75%	acc@30: 91.04%	
[2023-11-29 04:21:55] INFO (nni/MainThread) Intermediate result: 18.785134394114024  (Index 75)
*** Epoch: 38 ***
-----------------G2R RESULT-------------------

val result: krc:0.764 | lsd:0.685 | ed:1.003 | hr@1:0.637 | hr@2:0.863 | hr@3:0.909 | acc@1:0.637 | acc@2:0.582 | acc@3:0.542 | Best krc: 0.776 | Best epoch: 36
[2023-11-29 04:22:25] INFO (nni/MainThread) Intermediate result: 0.7637040017101232  (Index 76)
-----------------ETPA RESULT-------------------
Epoch 38: Validation	rmse: 18.74	mae: 14.84	mape: 33.3%	acc@10: 40.38%	acc@20: 74.68%	acc@30: 91.11%	
[2023-11-29 04:22:25] INFO (nni/MainThread) Intermediate result: 18.739453996780945  (Index 77)
*** Epoch: 39 ***
-----------------G2R RESULT-------------------

val result: krc:0.764 | lsd:0.709 | ed:1.0 | hr@1:0.634 | hr@2:0.861 | hr@3:0.906 | acc@1:0.634 | acc@2:0.579 | acc@3:0.538 | Best krc: 0.776 | Best epoch: 36
[2023-11-29 04:22:55] INFO (nni/MainThread) Intermediate result: 0.7635927666885253  (Index 78)
-----------------ETPA RESULT-------------------
Epoch 39: Validation	rmse: 18.67	mae: 14.81	mape: 33.29%	acc@10: 40.31%	acc@20: 74.77%	acc@30: 91.33%	
[2023-11-29 04:22:55] INFO (nni/MainThread) Intermediate result: 18.6730155698117  (Index 79)
*** Epoch: 40 ***
-----------------G2R RESULT-------------------

val result: krc:0.77 | lsd:0.694 | ed:0.98 | hr@1:0.641 | hr@2:0.863 | hr@3:0.909 | acc@1:0.641 | acc@2:0.586 | acc@3:0.545 | Best krc: 0.776 | Best epoch: 36
[2023-11-29 04:23:26] INFO (nni/MainThread) Intermediate result: 0.7696800719887734  (Index 80)
-----------------ETPA RESULT-------------------
Epoch 40: Validation	rmse: 18.63	mae: 14.79	mape: 33.27%	acc@10: 40.4%	acc@20: 74.77%	acc@30: 91.46%	
[2023-11-29 04:23:26] INFO (nni/MainThread) Intermediate result: 18.63002959794723  (Index 81)
*** Epoch: 41 ***
-----------------G2R RESULT-------------------

val result: krc:0.758 | lsd:0.718 | ed:1.026 | hr@1:0.621 | hr@2:0.857 | hr@3:0.904 | acc@1:0.621 | acc@2:0.565 | acc@3:0.526 | Best krc: 0.776 | Best epoch: 36
[2023-11-29 04:23:56] INFO (nni/MainThread) Intermediate result: 0.7582788883532215  (Index 82)
-----------------ETPA RESULT-------------------
Epoch 41: Validation	rmse: 18.59	mae: 14.77	mape: 33.26%	acc@10: 40.48%	acc@20: 74.7%	acc@30: 91.59%	
[2023-11-29 04:23:56] INFO (nni/MainThread) Intermediate result: 18.585656780963934  (Index 83)
*** Epoch: 42 ***
-----------------G2R RESULT-------------------

val result: krc:0.762 | lsd:0.723 | ed:1.036 | hr@1:0.631 | hr@2:0.861 | hr@3:0.907 | acc@1:0.631 | acc@2:0.566 | acc@3:0.527 | Best krc: 0.776 | Best epoch: 36
[2023-11-29 04:24:26] INFO (nni/MainThread) Intermediate result: 0.761747807650737  (Index 84)
-----------------ETPA RESULT-------------------
Epoch 42: Validation	rmse: 18.59	mae: 14.78	mape: 33.26%	acc@10: 40.48%	acc@20: 74.64%	acc@30: 91.5%	
[2023-11-29 04:24:26] INFO (nni/MainThread) Intermediate result: 18.588640072178993  (Index 85)
*** Epoch: 43 ***
-----------------G2R RESULT-------------------

val result: krc:0.75 | lsd:0.803 | ed:1.06 | hr@1:0.625 | hr@2:0.852 | hr@3:0.9 | acc@1:0.625 | acc@2:0.563 | acc@3:0.518 | Best krc: 0.776 | Best epoch: 36
[2023-11-29 04:24:56] INFO (nni/MainThread) Intermediate result: 0.7496091988789848  (Index 86)
-----------------ETPA RESULT-------------------
Epoch 43: Validation	rmse: 18.53	mae: 14.74	mape: 33.21%	acc@10: 40.48%	acc@20: 74.72%	acc@30: 91.62%	
[2023-11-29 04:24:56] INFO (nni/MainThread) Intermediate result: 18.5264825688499  (Index 87)
*** Epoch: 44 ***
-----------------G2R RESULT-------------------

val result: krc:0.776 | lsd:0.681 | ed:0.965 | hr@1:0.651 | hr@2:0.866 | hr@3:0.912 | acc@1:0.651 | acc@2:0.592 | acc@3:0.553 | Best krc: 0.776 | Best epoch: 36
best model saved
[2023-11-29 04:25:31] INFO (nni/MainThread) Intermediate result: 0.7761345995014555  (Index 88)
-----------------ETPA RESULT-------------------
Epoch 44: Validation	rmse: 18.51	mae: 14.75	mape: 33.23%	acc@10: 40.42%	acc@20: 74.72%	acc@30: 91.6%	
[2023-11-29 04:25:31] INFO (nni/MainThread) Intermediate result: 18.51246303391362  (Index 89)
*** Epoch: 45 ***
-----------------G2R RESULT-------------------

val result: krc:0.767 | lsd:0.718 | ed:0.988 | hr@1:0.648 | hr@2:0.86 | hr@3:0.909 | acc@1:0.648 | acc@2:0.583 | acc@3:0.543 | Best krc: 0.776 | Best epoch: 44
[2023-11-29 04:26:02] INFO (nni/MainThread) Intermediate result: 0.7674953668657211  (Index 90)
-----------------ETPA RESULT-------------------
Epoch 45: Validation	rmse: 18.46	mae: 14.71	mape: 33.16%	acc@10: 40.49%	acc@20: 74.73%	acc@30: 91.71%	
[2023-11-29 04:26:02] INFO (nni/MainThread) Intermediate result: 18.460358730347657  (Index 91)
*** Epoch: 46 ***
-----------------G2R RESULT-------------------

val result: krc:0.779 | lsd:0.667 | ed:0.969 | hr@1:0.658 | hr@2:0.87 | hr@3:0.914 | acc@1:0.658 | acc@2:0.594 | acc@3:0.558 | Best krc: 0.776 | Best epoch: 44
best model saved
[2023-11-29 04:26:32] INFO (nni/MainThread) Intermediate result: 0.7787623003888854  (Index 92)
-----------------ETPA RESULT-------------------
Epoch 46: Validation	rmse: 18.42	mae: 14.68	mape: 33.11%	acc@10: 40.56%	acc@20: 74.73%	acc@30: 91.69%	
[2023-11-29 04:26:32] INFO (nni/MainThread) Intermediate result: 18.422113281534514  (Index 93)
*** Epoch: 47 ***
-----------------G2R RESULT-------------------

val result: krc:0.767 | lsd:0.703 | ed:1.003 | hr@1:0.645 | hr@2:0.866 | hr@3:0.912 | acc@1:0.645 | acc@2:0.579 | acc@3:0.541 | Best krc: 0.779 | Best epoch: 46
[2023-11-29 04:27:03] INFO (nni/MainThread) Intermediate result: 0.7674885356914217  (Index 94)
-----------------ETPA RESULT-------------------
Epoch 47: Validation	rmse: 18.39	mae: 14.66	mape: 33.06%	acc@10: 40.62%	acc@20: 74.74%	acc@30: 91.67%	
[2023-11-29 04:27:03] INFO (nni/MainThread) Intermediate result: 18.39368820318928  (Index 95)
*** Epoch: 48 ***
-----------------G2R RESULT-------------------

val result: krc:0.778 | lsd:0.679 | ed:0.965 | hr@1:0.648 | hr@2:0.87 | hr@3:0.913 | acc@1:0.648 | acc@2:0.592 | acc@3:0.555 | Best krc: 0.779 | Best epoch: 46
[2023-11-29 04:27:34] INFO (nni/MainThread) Intermediate result: 0.7777493642731945  (Index 96)
-----------------ETPA RESULT-------------------
Epoch 48: Validation	rmse: 18.36	mae: 14.65	mape: 33.07%	acc@10: 40.56%	acc@20: 74.74%	acc@30: 91.77%	
[2023-11-29 04:27:34] INFO (nni/MainThread) Intermediate result: 18.361246849469268  (Index 97)
*** Epoch: 49 ***
-----------------G2R RESULT-------------------

val result: krc:0.776 | lsd:0.676 | ed:0.961 | hr@1:0.646 | hr@2:0.869 | hr@3:0.912 | acc@1:0.646 | acc@2:0.592 | acc@3:0.557 | Best krc: 0.779 | Best epoch: 46
[2023-11-29 04:28:03] INFO (nni/MainThread) Intermediate result: 0.7756075740159694  (Index 98)
-----------------ETPA RESULT-------------------
Epoch 49: Validation	rmse: 18.32	mae: 14.61	mape: 33.02%	acc@10: 40.69%	acc@20: 74.81%	acc@30: 91.88%	
[2023-11-29 04:28:03] INFO (nni/MainThread) Intermediate result: 18.31681119346963  (Index 99)
*** Epoch: 50 ***
-----------------G2R RESULT-------------------

val result: krc:0.776 | lsd:0.679 | ed:0.982 | hr@1:0.649 | hr@2:0.867 | hr@3:0.912 | acc@1:0.649 | acc@2:0.589 | acc@3:0.547 | Best krc: 0.779 | Best epoch: 46
[2023-11-29 04:28:36] INFO (nni/MainThread) Intermediate result: 0.7762878314255665  (Index 100)
-----------------ETPA RESULT-------------------
Epoch 50: Validation	rmse: 18.28	mae: 14.58	mape: 32.95%	acc@10: 40.81%	acc@20: 74.94%	acc@30: 91.91%	
[2023-11-29 04:28:36] INFO (nni/MainThread) Intermediate result: 18.277215689996  (Index 101)
*** Epoch: 51 ***
-----------------G2R RESULT-------------------

val result: krc:0.775 | lsd:0.662 | ed:0.96 | hr@1:0.642 | hr@2:0.866 | hr@3:0.91 | acc@1:0.642 | acc@2:0.586 | acc@3:0.551 | Best krc: 0.779 | Best epoch: 46
[2023-11-29 04:29:06] INFO (nni/MainThread) Intermediate result: 0.7752781801754255  (Index 102)
-----------------ETPA RESULT-------------------
Epoch 51: Validation	rmse: 18.31	mae: 14.6	mape: 32.97%	acc@10: 40.69%	acc@20: 74.82%	acc@30: 91.77%	
[2023-11-29 04:29:06] INFO (nni/MainThread) Intermediate result: 18.30617653998775  (Index 103)
*** Epoch: 52 ***
-----------------G2R RESULT-------------------

val result: krc:0.776 | lsd:0.664 | ed:0.977 | hr@1:0.645 | hr@2:0.867 | hr@3:0.91 | acc@1:0.645 | acc@2:0.585 | acc@3:0.552 | Best krc: 0.779 | Best epoch: 46
[2023-11-29 04:29:36] INFO (nni/MainThread) Intermediate result: 0.7764320328815302  (Index 104)
-----------------ETPA RESULT-------------------
Epoch 52: Validation	rmse: 18.29	mae: 14.6	mape: 32.96%	acc@10: 40.68%	acc@20: 74.76%	acc@30: 91.8%	
[2023-11-29 04:29:36] INFO (nni/MainThread) Intermediate result: 18.28989002011884  (Index 105)
*** Epoch: 53 ***
-----------------G2R RESULT-------------------

val result: krc:0.765 | lsd:0.697 | ed:1.017 | hr@1:0.643 | hr@2:0.86 | hr@3:0.909 | acc@1:0.643 | acc@2:0.578 | acc@3:0.536 | Best krc: 0.779 | Best epoch: 46
[2023-11-29 04:30:05] INFO (nni/MainThread) Intermediate result: 0.7646883851868548  (Index 106)
-----------------ETPA RESULT-------------------
Epoch 53: Validation	rmse: 18.29	mae: 14.61	mape: 33.02%	acc@10: 40.57%	acc@20: 74.71%	acc@30: 91.84%	
[2023-11-29 04:30:05] INFO (nni/MainThread) Intermediate result: 18.291282683758162  (Index 107)
*** Epoch: 54 ***
-----------------G2R RESULT-------------------

val result: krc:0.782 | lsd:0.631 | ed:0.953 | hr@1:0.655 | hr@2:0.868 | hr@3:0.914 | acc@1:0.655 | acc@2:0.595 | acc@3:0.558 | Best krc: 0.779 | Best epoch: 46
best model saved
[2023-11-29 04:30:36] INFO (nni/MainThread) Intermediate result: 0.7819184585516024  (Index 108)
-----------------ETPA RESULT-------------------
Epoch 54: Validation	rmse: 18.32	mae: 14.63	mape: 33.02%	acc@10: 40.45%	acc@20: 74.6%	acc@30: 91.88%	
[2023-11-29 04:30:36] INFO (nni/MainThread) Intermediate result: 18.324392501915582  (Index 109)
*** Epoch: 55 ***
-----------------G2R RESULT-------------------

val result: krc:0.779 | lsd:0.68 | ed:0.952 | hr@1:0.645 | hr@2:0.866 | hr@3:0.912 | acc@1:0.645 | acc@2:0.589 | acc@3:0.554 | Best krc: 0.782 | Best epoch: 54
[2023-11-29 04:31:07] INFO (nni/MainThread) Intermediate result: 0.7786059072023217  (Index 110)
-----------------ETPA RESULT-------------------
Epoch 55: Validation	rmse: 18.3	mae: 14.61	mape: 32.97%	acc@10: 40.4%	acc@20: 74.72%	acc@30: 91.91%	
[2023-11-29 04:31:07] INFO (nni/MainThread) Intermediate result: 18.298256945064544  (Index 111)
*** Epoch: 56 ***
-----------------G2R RESULT-------------------

val result: krc:0.782 | lsd:0.649 | ed:0.943 | hr@1:0.652 | hr@2:0.869 | hr@3:0.914 | acc@1:0.652 | acc@2:0.593 | acc@3:0.561 | Best krc: 0.782 | Best epoch: 54
[2023-11-29 04:31:38] INFO (nni/MainThread) Intermediate result: 0.7815189442211743  (Index 112)
-----------------ETPA RESULT-------------------
Epoch 56: Validation	rmse: 18.31	mae: 14.61	mape: 32.96%	acc@10: 40.41%	acc@20: 74.73%	acc@30: 91.94%	
[2023-11-29 04:31:38] INFO (nni/MainThread) Intermediate result: 18.31179779270962  (Index 113)
*** Epoch: 57 ***
-----------------G2R RESULT-------------------

val result: krc:0.782 | lsd:0.658 | ed:0.95 | hr@1:0.648 | hr@2:0.867 | hr@3:0.914 | acc@1:0.648 | acc@2:0.592 | acc@3:0.561 | Best krc: 0.782 | Best epoch: 54
[2023-11-29 04:32:10] INFO (nni/MainThread) Intermediate result: 0.7816095779716242  (Index 114)
-----------------ETPA RESULT-------------------
Epoch 57: Validation	rmse: 18.3	mae: 14.61	mape: 32.95%	acc@10: 40.3%	acc@20: 74.84%	acc@30: 91.97%	
[2023-11-29 04:32:10] INFO (nni/MainThread) Intermediate result: 18.304334932656456  (Index 115)
*** Epoch: 58 ***
-----------------G2R RESULT-------------------

val result: krc:0.78 | lsd:0.658 | ed:0.946 | hr@1:0.65 | hr@2:0.866 | hr@3:0.913 | acc@1:0.65 | acc@2:0.589 | acc@3:0.554 | Best krc: 0.782 | Best epoch: 54
[2023-11-29 04:32:43] INFO (nni/MainThread) Intermediate result: 0.7802061757899099  (Index 116)
-----------------ETPA RESULT-------------------
Epoch 58: Validation	rmse: 18.33	mae: 14.63	mape: 32.95%	acc@10: 40.2%	acc@20: 74.84%	acc@30: 92.0%	
[2023-11-29 04:32:43] INFO (nni/MainThread) Intermediate result: 18.32708720210552  (Index 117)
*** Epoch: 59 ***
-----------------G2R RESULT-------------------

val result: krc:0.781 | lsd:0.655 | ed:0.95 | hr@1:0.651 | hr@2:0.869 | hr@3:0.916 | acc@1:0.651 | acc@2:0.593 | acc@3:0.56 | Best krc: 0.782 | Best epoch: 54
[2023-11-29 04:33:14] INFO (nni/MainThread) Intermediate result: 0.781296209175527  (Index 118)
-----------------ETPA RESULT-------------------
Epoch 59: Validation	rmse: 18.35	mae: 14.65	mape: 32.98%	acc@10: 40.1%	acc@20: 74.69%	acc@30: 91.93%	
[2023-11-29 04:33:14] INFO (nni/MainThread) Intermediate result: 18.35235317594016  (Index 119)
*** Epoch: 60 ***
-----------------G2R RESULT-------------------

val result: krc:0.775 | lsd:0.657 | ed:0.972 | hr@1:0.643 | hr@2:0.869 | hr@3:0.913 | acc@1:0.643 | acc@2:0.585 | acc@3:0.546 | Best krc: 0.782 | Best epoch: 54
[2023-11-29 04:33:45] INFO (nni/MainThread) Intermediate result: 0.7745861646167723  (Index 120)
-----------------ETPA RESULT-------------------
Epoch 60: Validation	rmse: 18.34	mae: 14.64	mape: 32.96%	acc@10: 40.06%	acc@20: 74.85%	acc@30: 91.96%	
[2023-11-29 04:33:45] INFO (nni/MainThread) Intermediate result: 18.340448399187775  (Index 121)
*** Epoch: 61 ***
-----------------G2R RESULT-------------------

val result: krc:0.772 | lsd:0.657 | ed:0.974 | hr@1:0.645 | hr@2:0.869 | hr@3:0.913 | acc@1:0.645 | acc@2:0.589 | acc@3:0.547 | Best krc: 0.782 | Best epoch: 54
[2023-11-29 04:34:16] INFO (nni/MainThread) Intermediate result: 0.7720234608385024  (Index 122)
-----------------ETPA RESULT-------------------
Epoch 61: Validation	rmse: 18.31	mae: 14.63	mape: 32.95%	acc@10: 39.97%	acc@20: 74.9%	acc@30: 91.99%	
[2023-11-29 04:34:16] INFO (nni/MainThread) Intermediate result: 18.310053287946523  (Index 123)
*** Epoch: 62 ***
-----------------G2R RESULT-------------------

val result: krc:0.782 | lsd:0.656 | ed:0.937 | hr@1:0.654 | hr@2:0.869 | hr@3:0.913 | acc@1:0.654 | acc@2:0.599 | acc@3:0.563 | Best krc: 0.782 | Best epoch: 54
best model saved
[2023-11-29 04:34:48] INFO (nni/MainThread) Intermediate result: 0.7819246099088687  (Index 124)
-----------------ETPA RESULT-------------------
Epoch 62: Validation	rmse: 18.29	mae: 14.62	mape: 32.96%	acc@10: 39.88%	acc@20: 74.95%	acc@30: 92.01%	
[2023-11-29 04:34:48] INFO (nni/MainThread) Intermediate result: 18.287509286780228  (Index 125)
*** Epoch: 63 ***
-----------------G2R RESULT-------------------

val result: krc:0.773 | lsd:0.655 | ed:0.971 | hr@1:0.644 | hr@2:0.869 | hr@3:0.912 | acc@1:0.644 | acc@2:0.588 | acc@3:0.548 | Best krc: 0.782 | Best epoch: 62
[2023-11-29 04:35:18] INFO (nni/MainThread) Intermediate result: 0.7728590905766246  (Index 126)
-----------------ETPA RESULT-------------------
Epoch 63: Validation	rmse: 18.32	mae: 14.64	mape: 32.96%	acc@10: 39.79%	acc@20: 74.85%	acc@30: 92.04%	
[2023-11-29 04:35:18] INFO (nni/MainThread) Intermediate result: 18.32075169975  (Index 127)
*** Epoch: 64 ***
-----------------G2R RESULT-------------------

val result: krc:0.786 | lsd:0.647 | ed:0.929 | hr@1:0.651 | hr@2:0.869 | hr@3:0.916 | acc@1:0.651 | acc@2:0.596 | acc@3:0.561 | Best krc: 0.782 | Best epoch: 62
best model saved
[2023-11-29 04:35:51] INFO (nni/MainThread) Intermediate result: 0.7863880811410326  (Index 128)
-----------------ETPA RESULT-------------------
Epoch 64: Validation	rmse: 18.35	mae: 14.66	mape: 32.97%	acc@10: 39.76%	acc@20: 74.81%	acc@30: 91.97%	
[2023-11-29 04:35:51] INFO (nni/MainThread) Intermediate result: 18.353237310430067  (Index 129)
*** Epoch: 65 ***
-----------------G2R RESULT-------------------

val result: krc:0.783 | lsd:0.685 | ed:0.937 | hr@1:0.654 | hr@2:0.866 | hr@3:0.911 | acc@1:0.654 | acc@2:0.599 | acc@3:0.559 | Best krc: 0.786 | Best epoch: 64
[2023-11-29 04:36:20] INFO (nni/MainThread) Intermediate result: 0.7833100430476907  (Index 130)
-----------------ETPA RESULT-------------------
Epoch 65: Validation	rmse: 18.38	mae: 14.68	mape: 32.98%	acc@10: 39.58%	acc@20: 74.76%	acc@30: 91.95%	
[2023-11-29 04:36:20] INFO (nni/MainThread) Intermediate result: 18.37698125597541  (Index 131)
*** Epoch: 66 ***
-----------------G2R RESULT-------------------

val result: krc:0.782 | lsd:0.65 | ed:0.94 | hr@1:0.648 | hr@2:0.871 | hr@3:0.914 | acc@1:0.648 | acc@2:0.595 | acc@3:0.557 | Best krc: 0.786 | Best epoch: 64
[2023-11-29 04:36:52] INFO (nni/MainThread) Intermediate result: 0.7816262873630605  (Index 132)
-----------------ETPA RESULT-------------------
Epoch 66: Validation	rmse: 18.41	mae: 14.69	mape: 32.99%	acc@10: 39.6%	acc@20: 74.77%	acc@30: 91.98%	
[2023-11-29 04:36:52] INFO (nni/MainThread) Intermediate result: 18.412152781729276  (Index 133)
*** Epoch: 67 ***
-----------------G2R RESULT-------------------

val result: krc:0.783 | lsd:0.631 | ed:0.933 | hr@1:0.652 | hr@2:0.871 | hr@3:0.915 | acc@1:0.652 | acc@2:0.596 | acc@3:0.562 | Best krc: 0.786 | Best epoch: 64
[2023-11-29 04:37:22] INFO (nni/MainThread) Intermediate result: 0.7830228444570376  (Index 134)
-----------------ETPA RESULT-------------------
Epoch 67: Validation	rmse: 18.43	mae: 14.7	mape: 32.99%	acc@10: 39.57%	acc@20: 74.82%	acc@30: 92.0%	
[2023-11-29 04:37:22] INFO (nni/MainThread) Intermediate result: 18.426879894008096  (Index 135)
*** Epoch: 68 ***
-----------------G2R RESULT-------------------

val result: krc:0.784 | lsd:0.65 | ed:0.921 | hr@1:0.654 | hr@2:0.871 | hr@3:0.915 | acc@1:0.654 | acc@2:0.602 | acc@3:0.566 | Best krc: 0.786 | Best epoch: 64
[2023-11-29 04:37:52] INFO (nni/MainThread) Intermediate result: 0.7843797217212173  (Index 136)
-----------------ETPA RESULT-------------------
Epoch 68: Validation	rmse: 18.45	mae: 14.71	mape: 32.97%	acc@10: 39.54%	acc@20: 74.82%	acc@30: 91.98%	
[2023-11-29 04:37:52] INFO (nni/MainThread) Intermediate result: 18.449243223854655  (Index 137)
*** Epoch: 69 ***
-----------------G2R RESULT-------------------

val result: krc:0.78 | lsd:0.647 | ed:0.955 | hr@1:0.645 | hr@2:0.87 | hr@3:0.913 | acc@1:0.645 | acc@2:0.592 | acc@3:0.552 | Best krc: 0.786 | Best epoch: 64
[2023-11-29 04:38:22] INFO (nni/MainThread) Intermediate result: 0.7796637144778815  (Index 138)
-----------------ETPA RESULT-------------------
Epoch 69: Validation	rmse: 18.47	mae: 14.74	mape: 33.03%	acc@10: 39.38%	acc@20: 74.78%	acc@30: 92.01%	
[2023-11-29 04:38:22] INFO (nni/MainThread) Intermediate result: 18.473552738324116  (Index 139)
*** Epoch: 70 ***
-----------------G2R RESULT-------------------

val result: krc:0.776 | lsd:0.638 | ed:0.968 | hr@1:0.649 | hr@2:0.867 | hr@3:0.913 | acc@1:0.649 | acc@2:0.589 | acc@3:0.554 | Best krc: 0.786 | Best epoch: 64
[2023-11-29 04:38:55] INFO (nni/MainThread) Intermediate result: 0.7763200911867285  (Index 140)
-----------------ETPA RESULT-------------------
Epoch 70: Validation	rmse: 18.49	mae: 14.74	mape: 33.0%	acc@10: 39.48%	acc@20: 74.74%	acc@30: 92.03%	
[2023-11-29 04:38:55] INFO (nni/MainThread) Intermediate result: 18.493290523839537  (Index 141)
*** Epoch: 71 ***
-----------------G2R RESULT-------------------

val result: krc:0.773 | lsd:0.666 | ed:0.987 | hr@1:0.642 | hr@2:0.868 | hr@3:0.912 | acc@1:0.642 | acc@2:0.585 | acc@3:0.545 | Best krc: 0.786 | Best epoch: 64
[2023-11-29 04:39:29] INFO (nni/MainThread) Intermediate result: 0.7728147872791511  (Index 142)
-----------------ETPA RESULT-------------------
Epoch 71: Validation	rmse: 18.51	mae: 14.74	mape: 32.97%	acc@10: 39.5%	acc@20: 74.74%	acc@30: 92.06%	
[2023-11-29 04:39:29] INFO (nni/MainThread) Intermediate result: 18.50991936944414  (Index 143)
*** Epoch: 72 ***
-----------------G2R RESULT-------------------

val result: krc:0.778 | lsd:0.663 | ed:0.973 | hr@1:0.652 | hr@2:0.869 | hr@3:0.911 | acc@1:0.652 | acc@2:0.596 | acc@3:0.552 | Best krc: 0.786 | Best epoch: 64
[2023-11-29 04:40:00] INFO (nni/MainThread) Intermediate result: 0.7783351500885388  (Index 144)
-----------------ETPA RESULT-------------------
Epoch 72: Validation	rmse: 18.5	mae: 14.73	mape: 32.94%	acc@10: 39.51%	acc@20: 74.79%	acc@30: 92.08%	
[2023-11-29 04:40:00] INFO (nni/MainThread) Intermediate result: 18.502768395277613  (Index 145)
*** Epoch: 73 ***
-----------------G2R RESULT-------------------

val result: krc:0.756 | lsd:0.746 | ed:1.032 | hr@1:0.634 | hr@2:0.855 | hr@3:0.901 | acc@1:0.634 | acc@2:0.57 | acc@3:0.525 | Best krc: 0.786 | Best epoch: 64
[2023-11-29 04:40:31] INFO (nni/MainThread) Intermediate result: 0.7563796539660118  (Index 146)
-----------------ETPA RESULT-------------------
Epoch 73: Validation	rmse: 18.52	mae: 14.75	mape: 33.0%	acc@10: 39.4%	acc@20: 74.7%	acc@30: 92.1%	
[2023-11-29 04:40:31] INFO (nni/MainThread) Intermediate result: 18.518749875790856  (Index 147)
*** Epoch: 74 ***
-----------------G2R RESULT-------------------

val result: krc:0.784 | lsd:0.674 | ed:0.951 | hr@1:0.652 | hr@2:0.865 | hr@3:0.909 | acc@1:0.652 | acc@2:0.596 | acc@3:0.557 | Best krc: 0.786 | Best epoch: 64
[2023-11-29 04:41:05] INFO (nni/MainThread) Intermediate result: 0.7837088002282581  (Index 148)
-----------------ETPA RESULT-------------------
Epoch 74: Validation	rmse: 18.53	mae: 14.77	mape: 33.02%	acc@10: 39.33%	acc@20: 74.67%	acc@30: 92.12%	
[2023-11-29 04:41:05] INFO (nni/MainThread) Intermediate result: 18.533127056366695  (Index 149)
*** Epoch: 75 ***
-----------------G2R RESULT-------------------

val result: krc:0.781 | lsd:0.681 | ed:0.958 | hr@1:0.65 | hr@2:0.865 | hr@3:0.91 | acc@1:0.65 | acc@2:0.594 | acc@3:0.555 | Best krc: 0.786 | Best epoch: 64
[2023-11-29 04:41:37] INFO (nni/MainThread) Intermediate result: 0.7812120493799549  (Index 150)
-----------------ETPA RESULT-------------------
Epoch 75: Validation	rmse: 18.59	mae: 14.8	mape: 33.04%	acc@10: 39.31%	acc@20: 74.51%	acc@30: 92.06%	
[2023-11-29 04:41:37] INFO (nni/MainThread) Intermediate result: 18.592393039550235  (Index 151)
*** Epoch: 76 ***
-----------------G2R RESULT-------------------

val result: krc:0.783 | lsd:0.672 | ed:0.947 | hr@1:0.659 | hr@2:0.865 | hr@3:0.91 | acc@1:0.659 | acc@2:0.597 | acc@3:0.556 | Best krc: 0.786 | Best epoch: 64
[2023-11-29 04:42:08] INFO (nni/MainThread) Intermediate result: 0.7831929384968301  (Index 152)
-----------------ETPA RESULT-------------------
Epoch 76: Validation	rmse: 18.64	mae: 14.83	mape: 33.08%	acc@10: 39.25%	acc@20: 74.39%	acc@30: 92.05%	
[2023-11-29 04:42:08] INFO (nni/MainThread) Intermediate result: 18.638428108908332  (Index 153)
*** Epoch: 77 ***
-----------------G2R RESULT-------------------

val result: krc:0.778 | lsd:0.665 | ed:0.954 | hr@1:0.653 | hr@2:0.865 | hr@3:0.91 | acc@1:0.653 | acc@2:0.591 | acc@3:0.554 | Best krc: 0.786 | Best epoch: 64
[2023-11-29 04:42:38] INFO (nni/MainThread) Intermediate result: 0.7779967532831549  (Index 154)
-----------------ETPA RESULT-------------------
Epoch 77: Validation	rmse: 18.68	mae: 14.85	mape: 33.09%	acc@10: 39.22%	acc@20: 74.24%	acc@30: 91.99%	
[2023-11-29 04:42:38] INFO (nni/MainThread) Intermediate result: 18.68315133756076  (Index 155)
*** Epoch: 78 ***
-----------------G2R RESULT-------------------

val result: krc:0.771 | lsd:0.706 | ed:0.985 | hr@1:0.64 | hr@2:0.862 | hr@3:0.908 | acc@1:0.64 | acc@2:0.584 | acc@3:0.544 | Best krc: 0.786 | Best epoch: 64
[2023-11-29 04:43:10] INFO (nni/MainThread) Intermediate result: 0.7712242470965688  (Index 156)
-----------------ETPA RESULT-------------------
Epoch 78: Validation	rmse: 18.72	mae: 14.87	mape: 33.11%	acc@10: 39.16%	acc@20: 74.25%	acc@30: 91.97%	
[2023-11-29 04:43:10] INFO (nni/MainThread) Intermediate result: 18.718331259191157  (Index 157)
*** Epoch: 79 ***
-----------------G2R RESULT-------------------

val result: krc:0.77 | lsd:0.684 | ed:0.993 | hr@1:0.645 | hr@2:0.864 | hr@3:0.908 | acc@1:0.645 | acc@2:0.583 | acc@3:0.544 | Best krc: 0.786 | Best epoch: 64
[2023-11-29 04:43:42] INFO (nni/MainThread) Intermediate result: 0.7701165944454096  (Index 158)
-----------------ETPA RESULT-------------------
Epoch 79: Validation	rmse: 18.72	mae: 14.87	mape: 33.12%	acc@10: 39.14%	acc@20: 74.3%	acc@30: 91.99%	
[2023-11-29 04:43:42] INFO (nni/MainThread) Intermediate result: 18.71826544140973  (Index 159)
*** Epoch: 80 ***
-----------------G2R RESULT-------------------

val result: krc:0.78 | lsd:0.665 | ed:0.972 | hr@1:0.65 | hr@2:0.865 | hr@3:0.912 | acc@1:0.65 | acc@2:0.592 | acc@3:0.552 | Best krc: 0.786 | Best epoch: 64
[2023-11-29 04:44:13] INFO (nni/MainThread) Intermediate result: 0.7796805746521531  (Index 160)
-----------------ETPA RESULT-------------------
Epoch 80: Validation	rmse: 18.75	mae: 14.89	mape: 33.14%	acc@10: 39.12%	acc@20: 74.27%	acc@30: 91.98%	
[2023-11-29 04:44:13] INFO (nni/MainThread) Intermediate result: 18.747629595685453  (Index 161)
*** Epoch: 81 ***
-----------------G2R RESULT-------------------

val result: krc:0.783 | lsd:0.654 | ed:0.943 | hr@1:0.655 | hr@2:0.869 | hr@3:0.916 | acc@1:0.655 | acc@2:0.598 | acc@3:0.564 | Best krc: 0.786 | Best epoch: 64
[2023-11-29 04:44:47] INFO (nni/MainThread) Intermediate result: 0.7832169482366248  (Index 162)
-----------------ETPA RESULT-------------------
Epoch 81: Validation	rmse: 18.75	mae: 14.88	mape: 33.12%	acc@10: 39.14%	acc@20: 74.31%	acc@30: 92.0%	
[2023-11-29 04:44:47] INFO (nni/MainThread) Intermediate result: 18.746432957506883  (Index 163)
*** Epoch: 82 ***
-----------------G2R RESULT-------------------

val result: krc:0.779 | lsd:0.679 | ed:0.958 | hr@1:0.643 | hr@2:0.868 | hr@3:0.914 | acc@1:0.643 | acc@2:0.589 | acc@3:0.555 | Best krc: 0.786 | Best epoch: 64
[2023-11-29 04:45:20] INFO (nni/MainThread) Intermediate result: 0.7790793798664372  (Index 164)
-----------------ETPA RESULT-------------------
Epoch 82: Validation	rmse: 18.77	mae: 14.89	mape: 33.11%	acc@10: 39.16%	acc@20: 74.28%	acc@30: 91.98%	
[2023-11-29 04:45:20] INFO (nni/MainThread) Intermediate result: 18.765307624785525  (Index 165)
*** Epoch: 83 ***
-----------------G2R RESULT-------------------

val result: krc:0.786 | lsd:0.665 | ed:0.935 | hr@1:0.659 | hr@2:0.87 | hr@3:0.914 | acc@1:0.659 | acc@2:0.606 | acc@3:0.57 | Best krc: 0.786 | Best epoch: 64
[2023-11-29 04:45:54] INFO (nni/MainThread) Intermediate result: 0.7860835334643816  (Index 166)
-----------------ETPA RESULT-------------------
Epoch 83: Validation	rmse: 18.76	mae: 14.89	mape: 33.1%	acc@10: 39.1%	acc@20: 74.33%	acc@30: 92.0%	
[2023-11-29 04:45:54] INFO (nni/MainThread) Intermediate result: 18.761869396302707  (Index 167)
*** Epoch: 84 ***
-----------------G2R RESULT-------------------

val result: krc:0.778 | lsd:0.675 | ed:0.962 | hr@1:0.648 | hr@2:0.872 | hr@3:0.915 | acc@1:0.648 | acc@2:0.593 | acc@3:0.554 | Best krc: 0.786 | Best epoch: 64
[2023-11-29 04:46:27] INFO (nni/MainThread) Intermediate result: 0.7783782688024052  (Index 168)
-----------------ETPA RESULT-------------------
Epoch 84: Validation	rmse: 18.76	mae: 14.9	mape: 33.13%	acc@10: 39.01%	acc@20: 74.34%	acc@30: 92.02%	
[2023-11-29 04:46:27] INFO (nni/MainThread) Intermediate result: 18.762081765617147  (Index 169)
loaded model path: /home/sentanoe/joint_training/data/dataset/food_pd/sort_model/hidden_size-8.gcnru-pd_1701227004.78643851701227004.7864492
best model loaded !!!
krc:0.771 | lsd:0.495 | ed:0.99 | hr@1:0.655 | hr@2:0.9 | hr@3:0.936 | acc@1:0.655 | acc@2:0.604 | acc@3:0.551 |

-------------------------------------------------------------
Best epoch for G2R:  64
Best epoch for ETPA:  50
graph2route_pd Evaluation in test: krc:0.771 | lsd:0.495 | ed:0.99 | hr@1:0.655 | hr@2:0.9 | hr@3:0.936 | acc@1:0.655 | acc@2:0.604 | acc@3:0.551 |
RankPETA Evaluation in test: rmse: 12.46	mae: 9.62	mape: 89.11%	acc@10: 55.0%	acc@20: 90.0%	acc@30: 95.0%	
