Device:  cuda
{'alpha_loss': 0.5,
 'batch_size': 64,
 'dataset': 'food_pd',
 'datatype': 'order',
 'device': device(type='cuda'),
 'early_stop': 20,
 'edge_fea_dim': 5,
 'embedding_dim': 32,
 'eval_end_1': 11,
 'eval_end_2': 25,
 'eval_start': 1,
 'gcn_num_layers': 2,
 'hidden_size': 8,
 'is_eval': False,
 'is_test': False,
 'k_min_nodes': 3,
 'k_nearest_neighbors': 'n-1',
 'lr': 0.001,
 'max_task_num': 25,
 'min_task_num': 0,
 'modelArrivalTime': 'RankPETA',
 'modelRoute': 'graph2route_pd',
 'no_cuda': False,
 'node_fea_dim': 8,
 'node_features_test': '/home/sentanoe/joint_training/data/dataset/food_pd/node_features_test_full.npy',
 'node_features_train': '/home/sentanoe/joint_training/data/dataset/food_pd/node_features_train_full.npy',
 'node_features_val': '/home/sentanoe/joint_training/data/dataset/food_pd/node_features_val_full.npy',
 'num_block': 4,
 'num_epoch': 1000,
 'num_head': 2,
 'num_worker_logistics': 2346,
 'num_worker_pd': 920,
 'pad_value': 26,
 'seed': 9999,
 'sort_mode': 'true_idx',
 'spatial_encoder': 'gcn',
 'temporal_encoder': 'gru',
 'test_path': '/home/sentanoe/joint_training/data/dataset/food_pd/test_full.npy',
 'train_mode': 'sort',
 'train_path': '/home/sentanoe/joint_training/data/dataset/food_pd/train_full.npy',
 'val_path': '/home/sentanoe/joint_training/data/dataset/food_pd/val_full.npy',
 'wd': 1e-05,
 'worker_emb_dim': 10,
 'workers': 2}
last_x_size:13;unpick_x_size:12;input_size:38
#train:2521 | #val:1257 | #test:1261
*** Epoch: 0 ***
-----------------G2R RESULT-------------------

val result: krc:0.609 | lsd:1.293 | ed:1.451 | hr@1:0.567 | hr@2:0.742 | hr@3:0.837 | acc@1:0.567 | acc@2:0.434 | acc@3:0.408 | Best krc: -1 | Best epoch: -1
best model saved
[2023-11-24 23:17:33] INFO (nni/MainThread) Intermediate result: 0.608928931762338  (Index 0)
-----------------ETPA RESULT-------------------
Epoch 0: Validation	rmse: 43.44	mae: 38.83	mape: 79.32%	acc@10: 3.12%	acc@20: 15.62%	acc@30: 25.0%	
[2023-11-24 23:17:33] INFO (nni/MainThread) Intermediate result: 43.440179492446134  (Index 1)
*** Epoch: 1 ***
-----------------G2R RESULT-------------------

val result: krc:0.744 | lsd:0.798 | ed:1.072 | hr@1:0.645 | hr@2:0.841 | hr@3:0.896 | acc@1:0.645 | acc@2:0.573 | acc@3:0.529 | Best krc: 0.609 | Best epoch: 0
best model saved
[2023-11-24 23:18:02] INFO (nni/MainThread) Intermediate result: 0.7439560568987766  (Index 2)
-----------------ETPA RESULT-------------------
Epoch 1: Validation	rmse: 33.75	mae: 28.03	mape: 56.41%	acc@10: 21.88%	acc@20: 39.06%	acc@30: 54.69%	
[2023-11-24 23:18:02] INFO (nni/MainThread) Intermediate result: 33.75445229510815  (Index 3)
*** Epoch: 2 ***
-----------------G2R RESULT-------------------

val result: krc:0.723 | lsd:0.879 | ed:1.124 | hr@1:0.64 | hr@2:0.824 | hr@3:0.89 | acc@1:0.64 | acc@2:0.552 | acc@3:0.511 | Best krc: 0.744 | Best epoch: 1
[2023-11-24 23:18:30] INFO (nni/MainThread) Intermediate result: 0.7231548664779972  (Index 4)
-----------------ETPA RESULT-------------------
Epoch 2: Validation	rmse: 28.5	mae: 23.47	mape: 50.0%	acc@10: 28.12%	acc@20: 52.08%	acc@30: 66.67%	
[2023-11-24 23:18:30] INFO (nni/MainThread) Intermediate result: 28.504732870500874  (Index 5)
*** Epoch: 3 ***
-----------------G2R RESULT-------------------

val result: krc:0.755 | lsd:0.74 | ed:1.022 | hr@1:0.645 | hr@2:0.854 | hr@3:0.907 | acc@1:0.645 | acc@2:0.576 | acc@3:0.539 | Best krc: 0.744 | Best epoch: 1
best model saved
[2023-11-24 23:18:58] INFO (nni/MainThread) Intermediate result: 0.7551236093256206  (Index 6)
-----------------ETPA RESULT-------------------
Epoch 3: Validation	rmse: 25.8	mae: 21.0	mape: 45.96%	acc@10: 32.81%	acc@20: 60.16%	acc@30: 72.66%	
[2023-11-24 23:18:58] INFO (nni/MainThread) Intermediate result: 25.801369841927276  (Index 7)
*** Epoch: 4 ***
-----------------G2R RESULT-------------------

val result: krc:0.763 | lsd:0.737 | ed:1.008 | hr@1:0.649 | hr@2:0.857 | hr@3:0.905 | acc@1:0.649 | acc@2:0.583 | acc@3:0.55 | Best krc: 0.755 | Best epoch: 3
best model saved
[2023-11-24 23:19:31] INFO (nni/MainThread) Intermediate result: 0.7626953337840963  (Index 8)
-----------------ETPA RESULT-------------------
Epoch 4: Validation	rmse: 24.36	mae: 19.73	mape: 44.4%	acc@10: 33.75%	acc@20: 64.38%	acc@30: 76.88%	
[2023-11-24 23:19:32] INFO (nni/MainThread) Intermediate result: 24.356282256925734  (Index 9)
*** Epoch: 5 ***
-----------------G2R RESULT-------------------

val result: krc:0.774 | lsd:0.69 | ed:0.972 | hr@1:0.653 | hr@2:0.863 | hr@3:0.912 | acc@1:0.653 | acc@2:0.59 | acc@3:0.556 | Best krc: 0.763 | Best epoch: 4
best model saved
[2023-11-24 23:20:03] INFO (nni/MainThread) Intermediate result: 0.7737258252605869  (Index 10)
-----------------ETPA RESULT-------------------
Epoch 5: Validation	rmse: 23.57	mae: 18.73	mape: 42.09%	acc@10: 35.94%	acc@20: 67.19%	acc@30: 79.17%	
[2023-11-24 23:20:03] INFO (nni/MainThread) Intermediate result: 23.571105961200356  (Index 11)
*** Epoch: 6 ***
-----------------G2R RESULT-------------------

val result: krc:0.78 | lsd:0.664 | ed:0.972 | hr@1:0.653 | hr@2:0.864 | hr@3:0.914 | acc@1:0.653 | acc@2:0.59 | acc@3:0.556 | Best krc: 0.774 | Best epoch: 5
best model saved
[2023-11-24 23:20:36] INFO (nni/MainThread) Intermediate result: 0.7795308495614574  (Index 12)
-----------------ETPA RESULT-------------------
Epoch 6: Validation	rmse: 22.83	mae: 17.94	mape: 40.73%	acc@10: 37.5%	acc@20: 68.75%	acc@30: 81.25%	
[2023-11-24 23:20:36] INFO (nni/MainThread) Intermediate result: 22.83076011645135  (Index 13)
*** Epoch: 7 ***
-----------------G2R RESULT-------------------

val result: krc:0.752 | lsd:0.747 | ed:1.051 | hr@1:0.636 | hr@2:0.857 | hr@3:0.905 | acc@1:0.636 | acc@2:0.571 | acc@3:0.528 | Best krc: 0.78 | Best epoch: 6
[2023-11-24 23:21:09] INFO (nni/MainThread) Intermediate result: 0.7518056572975682  (Index 14)
-----------------ETPA RESULT-------------------
Epoch 7: Validation	rmse: 22.27	mae: 17.46	mape: 40.17%	acc@10: 37.89%	acc@20: 69.53%	acc@30: 82.42%	
[2023-11-24 23:21:09] INFO (nni/MainThread) Intermediate result: 22.269299004363894  (Index 15)
*** Epoch: 8 ***
-----------------G2R RESULT-------------------

val result: krc:0.779 | lsd:0.682 | ed:0.965 | hr@1:0.659 | hr@2:0.865 | hr@3:0.911 | acc@1:0.659 | acc@2:0.596 | acc@3:0.558 | Best krc: 0.78 | Best epoch: 6
[2023-11-24 23:21:40] INFO (nni/MainThread) Intermediate result: 0.7791377667984578  (Index 16)
-----------------ETPA RESULT-------------------
Epoch 8: Validation	rmse: 21.88	mae: 17.05	mape: 39.17%	acc@10: 39.93%	acc@20: 70.14%	acc@30: 83.68%	
[2023-11-24 23:21:40] INFO (nni/MainThread) Intermediate result: 21.875702898824766  (Index 17)
*** Epoch: 9 ***
-----------------G2R RESULT-------------------

val result: krc:0.776 | lsd:0.677 | ed:0.989 | hr@1:0.652 | hr@2:0.866 | hr@3:0.91 | acc@1:0.652 | acc@2:0.59 | acc@3:0.549 | Best krc: 0.78 | Best epoch: 6
[2023-11-24 23:22:08] INFO (nni/MainThread) Intermediate result: 0.7755932512644362  (Index 18)
-----------------ETPA RESULT-------------------
Epoch 9: Validation	rmse: 21.43	mae: 16.69	mape: 38.38%	acc@10: 40.94%	acc@20: 70.94%	acc@30: 84.69%	
[2023-11-24 23:22:08] INFO (nni/MainThread) Intermediate result: 21.42782594339788  (Index 19)
*** Epoch: 10 ***
-----------------G2R RESULT-------------------

val result: krc:0.777 | lsd:0.665 | ed:0.988 | hr@1:0.655 | hr@2:0.868 | hr@3:0.91 | acc@1:0.655 | acc@2:0.59 | acc@3:0.552 | Best krc: 0.78 | Best epoch: 6
[2023-11-24 23:22:37] INFO (nni/MainThread) Intermediate result: 0.7766610438582455  (Index 20)
-----------------ETPA RESULT-------------------
Epoch 10: Validation	rmse: 20.94	mae: 16.28	mape: 37.45%	acc@10: 41.76%	acc@20: 71.88%	acc@30: 85.51%	
[2023-11-24 23:22:37] INFO (nni/MainThread) Intermediate result: 20.939429314790267  (Index 21)
*** Epoch: 11 ***
-----------------G2R RESULT-------------------

val result: krc:0.779 | lsd:0.638 | ed:0.976 | hr@1:0.654 | hr@2:0.872 | hr@3:0.919 | acc@1:0.654 | acc@2:0.593 | acc@3:0.556 | Best krc: 0.78 | Best epoch: 6
[2023-11-24 23:23:05] INFO (nni/MainThread) Intermediate result: 0.7785883888900944  (Index 22)
-----------------ETPA RESULT-------------------
Epoch 11: Validation	rmse: 20.59	mae: 16.0	mape: 36.8%	acc@10: 42.19%	acc@20: 72.4%	acc@30: 86.2%	
[2023-11-24 23:23:05] INFO (nni/MainThread) Intermediate result: 20.585097680956434  (Index 23)
*** Epoch: 12 ***
-----------------G2R RESULT-------------------

val result: krc:0.792 | lsd:0.615 | ed:0.93 | hr@1:0.667 | hr@2:0.873 | hr@3:0.919 | acc@1:0.667 | acc@2:0.606 | acc@3:0.576 | Best krc: 0.78 | Best epoch: 6
best model saved
[2023-11-24 23:23:33] INFO (nni/MainThread) Intermediate result: 0.7922858365621811  (Index 24)
-----------------ETPA RESULT-------------------
Epoch 12: Validation	rmse: 20.33	mae: 15.82	mape: 36.51%	acc@10: 42.07%	acc@20: 72.6%	acc@30: 86.78%	
[2023-11-24 23:23:34] INFO (nni/MainThread) Intermediate result: 20.334861293739944  (Index 25)
*** Epoch: 13 ***
-----------------G2R RESULT-------------------

val result: krc:0.785 | lsd:0.646 | ed:0.97 | hr@1:0.661 | hr@2:0.868 | hr@3:0.912 | acc@1:0.661 | acc@2:0.596 | acc@3:0.558 | Best krc: 0.792 | Best epoch: 12
[2023-11-24 23:24:02] INFO (nni/MainThread) Intermediate result: 0.784634673169872  (Index 26)
-----------------ETPA RESULT-------------------
Epoch 13: Validation	rmse: 20.09	mae: 15.63	mape: 36.01%	acc@10: 42.19%	acc@20: 72.99%	acc@30: 87.28%	
[2023-11-24 23:24:02] INFO (nni/MainThread) Intermediate result: 20.09154935360946  (Index 27)
*** Epoch: 14 ***
-----------------G2R RESULT-------------------

val result: krc:0.787 | lsd:0.666 | ed:0.952 | hr@1:0.659 | hr@2:0.873 | hr@3:0.916 | acc@1:0.659 | acc@2:0.602 | acc@3:0.568 | Best krc: 0.792 | Best epoch: 12
[2023-11-24 23:24:34] INFO (nni/MainThread) Intermediate result: 0.7873958466350248  (Index 28)
-----------------ETPA RESULT-------------------
Epoch 14: Validation	rmse: 19.8	mae: 15.41	mape: 35.46%	acc@10: 42.5%	acc@20: 73.96%	acc@30: 87.71%	
[2023-11-24 23:24:34] INFO (nni/MainThread) Intermediate result: 19.80347886733772  (Index 29)
*** Epoch: 15 ***
-----------------G2R RESULT-------------------

val result: krc:0.791 | lsd:0.633 | ed:0.937 | hr@1:0.661 | hr@2:0.872 | hr@3:0.918 | acc@1:0.661 | acc@2:0.602 | acc@3:0.571 | Best krc: 0.792 | Best epoch: 12
[2023-11-24 23:25:04] INFO (nni/MainThread) Intermediate result: 0.7907520871491138  (Index 30)
-----------------ETPA RESULT-------------------
Epoch 15: Validation	rmse: 19.59	mae: 15.22	mape: 34.94%	acc@10: 42.77%	acc@20: 74.22%	acc@30: 88.09%	
[2023-11-24 23:25:04] INFO (nni/MainThread) Intermediate result: 19.588870705050116  (Index 31)
*** Epoch: 16 ***
-----------------G2R RESULT-------------------

val result: krc:0.763 | lsd:0.717 | ed:1.025 | hr@1:0.64 | hr@2:0.867 | hr@3:0.906 | acc@1:0.64 | acc@2:0.582 | acc@3:0.535 | Best krc: 0.792 | Best epoch: 12
[2023-11-24 23:25:35] INFO (nni/MainThread) Intermediate result: 0.7630247460680343  (Index 32)
-----------------ETPA RESULT-------------------
Epoch 16: Validation	rmse: 19.44	mae: 15.1	mape: 34.72%	acc@10: 43.2%	acc@20: 74.45%	acc@30: 88.42%	
[2023-11-24 23:25:35] INFO (nni/MainThread) Intermediate result: 19.44458213400261  (Index 33)
*** Epoch: 17 ***
-----------------G2R RESULT-------------------

val result: krc:0.793 | lsd:0.649 | ed:0.926 | hr@1:0.659 | hr@2:0.873 | hr@3:0.916 | acc@1:0.659 | acc@2:0.607 | acc@3:0.578 | Best krc: 0.792 | Best epoch: 12
best model saved
[2023-11-24 23:26:08] INFO (nni/MainThread) Intermediate result: 0.7933094785827622  (Index 34)
-----------------ETPA RESULT-------------------
Epoch 17: Validation	rmse: 19.3	mae: 15.01	mape: 34.55%	acc@10: 43.06%	acc@20: 74.65%	acc@30: 88.72%	
[2023-11-24 23:26:08] INFO (nni/MainThread) Intermediate result: 19.30104167141154  (Index 35)
*** Epoch: 18 ***
-----------------G2R RESULT-------------------

val result: krc:0.778 | lsd:0.629 | ed:0.989 | hr@1:0.662 | hr@2:0.873 | hr@3:0.916 | acc@1:0.662 | acc@2:0.599 | acc@3:0.556 | Best krc: 0.793 | Best epoch: 17
[2023-11-24 23:26:37] INFO (nni/MainThread) Intermediate result: 0.778189153475555  (Index 36)
-----------------ETPA RESULT-------------------
Epoch 18: Validation	rmse: 19.19	mae: 14.94	mape: 34.33%	acc@10: 43.26%	acc@20: 74.67%	acc@30: 88.98%	
[2023-11-24 23:26:37] INFO (nni/MainThread) Intermediate result: 19.18762063470095  (Index 37)
*** Epoch: 19 ***
-----------------G2R RESULT-------------------

val result: krc:0.798 | lsd:0.604 | ed:0.918 | hr@1:0.668 | hr@2:0.875 | hr@3:0.92 | acc@1:0.668 | acc@2:0.609 | acc@3:0.579 | Best krc: 0.793 | Best epoch: 17
best model saved
[2023-11-24 23:27:06] INFO (nni/MainThread) Intermediate result: 0.7979486800912248  (Index 38)
-----------------ETPA RESULT-------------------
Epoch 19: Validation	rmse: 19.12	mae: 14.88	mape: 34.13%	acc@10: 43.59%	acc@20: 74.84%	acc@30: 89.06%	
[2023-11-24 23:27:06] INFO (nni/MainThread) Intermediate result: 19.121239537488094  (Index 39)
*** Epoch: 20 ***
-----------------G2R RESULT-------------------

val result: krc:0.796 | lsd:0.626 | ed:0.932 | hr@1:0.669 | hr@2:0.872 | hr@3:0.918 | acc@1:0.669 | acc@2:0.606 | acc@3:0.577 | Best krc: 0.798 | Best epoch: 19
[2023-11-24 23:27:35] INFO (nni/MainThread) Intermediate result: 0.7956606686646039  (Index 40)
-----------------ETPA RESULT-------------------
Epoch 20: Validation	rmse: 19.07	mae: 14.87	mape: 34.1%	acc@10: 43.3%	acc@20: 75.0%	acc@30: 89.29%	
[2023-11-24 23:27:35] INFO (nni/MainThread) Intermediate result: 19.07287670365585  (Index 41)
*** Epoch: 21 ***
-----------------G2R RESULT-------------------

val result: krc:0.801 | lsd:0.579 | ed:0.923 | hr@1:0.676 | hr@2:0.882 | hr@3:0.923 | acc@1:0.676 | acc@2:0.614 | acc@3:0.578 | Best krc: 0.798 | Best epoch: 19
best model saved
[2023-11-24 23:28:04] INFO (nni/MainThread) Intermediate result: 0.8012107631958966  (Index 42)
-----------------ETPA RESULT-------------------
Epoch 21: Validation	rmse: 18.98	mae: 14.8	mape: 33.93%	acc@10: 43.61%	acc@20: 75.14%	acc@30: 89.49%	
[2023-11-24 23:28:04] INFO (nni/MainThread) Intermediate result: 18.977661637100535  (Index 43)
*** Epoch: 22 ***
-----------------G2R RESULT-------------------

val result: krc:0.8 | lsd:0.582 | ed:0.915 | hr@1:0.678 | hr@2:0.883 | hr@3:0.924 | acc@1:0.678 | acc@2:0.613 | acc@3:0.578 | Best krc: 0.801 | Best epoch: 21
[2023-11-24 23:28:32] INFO (nni/MainThread) Intermediate result: 0.7999822778397329  (Index 44)
-----------------ETPA RESULT-------------------
Epoch 22: Validation	rmse: 18.86	mae: 14.73	mape: 33.78%	acc@10: 43.89%	acc@20: 75.27%	acc@30: 89.67%	
[2023-11-24 23:28:32] INFO (nni/MainThread) Intermediate result: 18.86415023649533  (Index 45)
*** Epoch: 23 ***
-----------------G2R RESULT-------------------

val result: krc:0.8 | lsd:0.57 | ed:0.919 | hr@1:0.679 | hr@2:0.88 | hr@3:0.922 | acc@1:0.679 | acc@2:0.614 | acc@3:0.578 | Best krc: 0.801 | Best epoch: 21
[2023-11-24 23:29:02] INFO (nni/MainThread) Intermediate result: 0.800401201739199  (Index 46)
-----------------ETPA RESULT-------------------
Epoch 23: Validation	rmse: 18.78	mae: 14.66	mape: 33.59%	acc@10: 43.88%	acc@20: 75.39%	acc@30: 89.58%	
[2023-11-24 23:29:02] INFO (nni/MainThread) Intermediate result: 18.782275411778773  (Index 47)
*** Epoch: 24 ***
-----------------G2R RESULT-------------------

val result: krc:0.801 | lsd:0.577 | ed:0.923 | hr@1:0.683 | hr@2:0.881 | hr@3:0.924 | acc@1:0.683 | acc@2:0.618 | acc@3:0.579 | Best krc: 0.801 | Best epoch: 21
best model saved
[2023-11-24 23:29:37] INFO (nni/MainThread) Intermediate result: 0.801389079106613  (Index 48)
-----------------ETPA RESULT-------------------
Epoch 24: Validation	rmse: 18.65	mae: 14.56	mape: 33.35%	acc@10: 44.25%	acc@20: 75.5%	acc@30: 89.75%	
[2023-11-24 23:29:37] INFO (nni/MainThread) Intermediate result: 18.650556529046906  (Index 49)
*** Epoch: 25 ***
-----------------G2R RESULT-------------------

val result: krc:0.783 | lsd:0.649 | ed:0.996 | hr@1:0.673 | hr@2:0.88 | hr@3:0.913 | acc@1:0.673 | acc@2:0.613 | acc@3:0.561 | Best krc: 0.801 | Best epoch: 24
[2023-11-24 23:30:06] INFO (nni/MainThread) Intermediate result: 0.7826049847737648  (Index 50)
-----------------ETPA RESULT-------------------
Epoch 25: Validation	rmse: 18.54	mae: 14.5	mape: 33.24%	acc@10: 44.23%	acc@20: 75.6%	acc@30: 90.02%	
[2023-11-24 23:30:06] INFO (nni/MainThread) Intermediate result: 18.54318329925704  (Index 51)
*** Epoch: 26 ***
-----------------G2R RESULT-------------------

val result: krc:0.814 | lsd:0.549 | ed:0.871 | hr@1:0.69 | hr@2:0.886 | hr@3:0.928 | acc@1:0.69 | acc@2:0.634 | acc@3:0.604 | Best krc: 0.801 | Best epoch: 24
best model saved
[2023-11-24 23:30:39] INFO (nni/MainThread) Intermediate result: 0.8142583206684649  (Index 52)
-----------------ETPA RESULT-------------------
Epoch 26: Validation	rmse: 18.45	mae: 14.44	mape: 33.1%	acc@10: 44.33%	acc@20: 75.69%	acc@30: 90.28%	
[2023-11-24 23:30:39] INFO (nni/MainThread) Intermediate result: 18.449590706625145  (Index 53)
*** Epoch: 27 ***
-----------------G2R RESULT-------------------

val result: krc:0.815 | lsd:0.56 | ed:0.87 | hr@1:0.697 | hr@2:0.887 | hr@3:0.926 | acc@1:0.697 | acc@2:0.638 | acc@3:0.606 | Best krc: 0.814 | Best epoch: 26
best model saved
[2023-11-24 23:31:11] INFO (nni/MainThread) Intermediate result: 0.8149754014467612  (Index 54)
-----------------ETPA RESULT-------------------
Epoch 27: Validation	rmse: 18.43	mae: 14.45	mape: 33.09%	acc@10: 44.31%	acc@20: 75.45%	acc@30: 90.4%	
[2023-11-24 23:31:11] INFO (nni/MainThread) Intermediate result: 18.43426215090387  (Index 55)
*** Epoch: 28 ***
-----------------G2R RESULT-------------------

val result: krc:0.817 | lsd:0.545 | ed:0.895 | hr@1:0.707 | hr@2:0.889 | hr@3:0.929 | acc@1:0.707 | acc@2:0.642 | acc@3:0.605 | Best krc: 0.815 | Best epoch: 27
best model saved
[2023-11-24 23:31:44] INFO (nni/MainThread) Intermediate result: 0.8167997119724273  (Index 56)
-----------------ETPA RESULT-------------------
Epoch 28: Validation	rmse: 18.36	mae: 14.42	mape: 33.05%	acc@10: 44.18%	acc@20: 75.54%	acc@30: 90.62%	
[2023-11-24 23:31:44] INFO (nni/MainThread) Intermediate result: 18.357497558861077  (Index 57)
*** Epoch: 29 ***
-----------------G2R RESULT-------------------

val result: krc:0.826 | lsd:0.522 | ed:0.854 | hr@1:0.714 | hr@2:0.895 | hr@3:0.933 | acc@1:0.714 | acc@2:0.654 | acc@3:0.623 | Best krc: 0.817 | Best epoch: 28
best model saved
[2023-11-24 23:32:17] INFO (nni/MainThread) Intermediate result: 0.8257715958109487  (Index 58)
-----------------ETPA RESULT-------------------
Epoch 29: Validation	rmse: 18.33	mae: 14.4	mape: 32.98%	acc@10: 44.17%	acc@20: 75.42%	acc@30: 90.73%	
[2023-11-24 23:32:17] INFO (nni/MainThread) Intermediate result: 18.327775325246776  (Index 59)
*** Epoch: 30 ***
-----------------G2R RESULT-------------------

val result: krc:0.824 | lsd:0.53 | ed:0.856 | hr@1:0.714 | hr@2:0.893 | hr@3:0.933 | acc@1:0.714 | acc@2:0.653 | acc@3:0.621 | Best krc: 0.826 | Best epoch: 29
[2023-11-24 23:32:45] INFO (nni/MainThread) Intermediate result: 0.8239711872768278  (Index 60)
-----------------ETPA RESULT-------------------
Epoch 30: Validation	rmse: 18.19	mae: 14.33	mape: 32.86%	acc@10: 43.95%	acc@20: 75.6%	acc@30: 90.93%	
[2023-11-24 23:32:45] INFO (nni/MainThread) Intermediate result: 18.193559492560468  (Index 61)
*** Epoch: 31 ***
-----------------G2R RESULT-------------------

val result: krc:0.833 | lsd:0.529 | ed:0.829 | hr@1:0.735 | hr@2:0.894 | hr@3:0.932 | acc@1:0.735 | acc@2:0.673 | acc@3:0.639 | Best krc: 0.826 | Best epoch: 29
best model saved
[2023-11-24 23:33:17] INFO (nni/MainThread) Intermediate result: 0.8330593919837469  (Index 62)
-----------------ETPA RESULT-------------------
Epoch 31: Validation	rmse: 18.12	mae: 14.3	mape: 32.85%	acc@10: 43.85%	acc@20: 75.68%	acc@30: 91.11%	
[2023-11-24 23:33:17] INFO (nni/MainThread) Intermediate result: 18.116132319213115  (Index 63)
*** Epoch: 32 ***
-----------------G2R RESULT-------------------

val result: krc:0.836 | lsd:0.51 | ed:0.818 | hr@1:0.74 | hr@2:0.897 | hr@3:0.933 | acc@1:0.74 | acc@2:0.676 | acc@3:0.642 | Best krc: 0.833 | Best epoch: 31
best model saved
[2023-11-24 23:33:48] INFO (nni/MainThread) Intermediate result: 0.8364252214448978  (Index 64)
-----------------ETPA RESULT-------------------
Epoch 32: Validation	rmse: 18.09	mae: 14.28	mape: 32.8%	acc@10: 43.84%	acc@20: 75.66%	acc@30: 91.19%	
[2023-11-24 23:33:48] INFO (nni/MainThread) Intermediate result: 18.093218764425497  (Index 65)
*** Epoch: 33 ***
-----------------G2R RESULT-------------------

val result: krc:0.839 | lsd:0.509 | ed:0.808 | hr@1:0.743 | hr@2:0.896 | hr@3:0.934 | acc@1:0.743 | acc@2:0.678 | acc@3:0.65 | Best krc: 0.836 | Best epoch: 32
best model saved
[2023-11-24 23:34:24] INFO (nni/MainThread) Intermediate result: 0.8390019654995605  (Index 66)
-----------------ETPA RESULT-------------------
Epoch 33: Validation	rmse: 18.09	mae: 14.3	mape: 32.84%	acc@10: 43.75%	acc@20: 75.46%	acc@30: 91.36%	
[2023-11-24 23:34:24] INFO (nni/MainThread) Intermediate result: 18.091239326977714  (Index 67)
*** Epoch: 34 ***
-----------------G2R RESULT-------------------

val result: krc:0.836 | lsd:0.508 | ed:0.822 | hr@1:0.739 | hr@2:0.895 | hr@3:0.935 | acc@1:0.739 | acc@2:0.672 | acc@3:0.642 | Best krc: 0.839 | Best epoch: 33
[2023-11-24 23:34:53] INFO (nni/MainThread) Intermediate result: 0.8356427154765588  (Index 68)
-----------------ETPA RESULT-------------------
Epoch 34: Validation	rmse: 18.0	mae: 14.25	mape: 32.75%	acc@10: 43.84%	acc@20: 75.54%	acc@30: 91.52%	
[2023-11-24 23:34:54] INFO (nni/MainThread) Intermediate result: 18.002598143362125  (Index 69)
*** Epoch: 35 ***
-----------------G2R RESULT-------------------

val result: krc:0.838 | lsd:0.493 | ed:0.81 | hr@1:0.737 | hr@2:0.897 | hr@3:0.936 | acc@1:0.737 | acc@2:0.675 | acc@3:0.644 | Best krc: 0.839 | Best epoch: 33
[2023-11-24 23:35:22] INFO (nni/MainThread) Intermediate result: 0.8376942761201616  (Index 70)
-----------------ETPA RESULT-------------------
Epoch 35: Validation	rmse: 17.95	mae: 14.22	mape: 32.69%	acc@10: 44.01%	acc@20: 75.61%	acc@30: 91.67%	
[2023-11-24 23:35:22] INFO (nni/MainThread) Intermediate result: 17.945015110305885  (Index 71)
*** Epoch: 36 ***
-----------------G2R RESULT-------------------

val result: krc:0.838 | lsd:0.508 | ed:0.812 | hr@1:0.739 | hr@2:0.896 | hr@3:0.936 | acc@1:0.739 | acc@2:0.678 | acc@3:0.648 | Best krc: 0.839 | Best epoch: 33
[2023-11-24 23:35:52] INFO (nni/MainThread) Intermediate result: 0.8376557488407074  (Index 72)
-----------------ETPA RESULT-------------------
Epoch 36: Validation	rmse: 17.92	mae: 14.21	mape: 32.68%	acc@10: 44.0%	acc@20: 75.68%	acc@30: 91.81%	
[2023-11-24 23:35:52] INFO (nni/MainThread) Intermediate result: 17.917577696694188  (Index 73)
*** Epoch: 37 ***
-----------------G2R RESULT-------------------

val result: krc:0.832 | lsd:0.521 | ed:0.831 | hr@1:0.739 | hr@2:0.893 | hr@3:0.932 | acc@1:0.739 | acc@2:0.674 | acc@3:0.638 | Best krc: 0.839 | Best epoch: 33
[2023-11-24 23:36:22] INFO (nni/MainThread) Intermediate result: 0.8322185472950667  (Index 74)
-----------------ETPA RESULT-------------------
Epoch 37: Validation	rmse: 17.94	mae: 14.23	mape: 32.71%	acc@10: 43.75%	acc@20: 75.33%	acc@30: 91.78%	
[2023-11-24 23:36:22] INFO (nni/MainThread) Intermediate result: 17.935697994947358  (Index 75)
*** Epoch: 38 ***
-----------------G2R RESULT-------------------

val result: krc:0.838 | lsd:0.489 | ed:0.823 | hr@1:0.74 | hr@2:0.897 | hr@3:0.934 | acc@1:0.74 | acc@2:0.676 | acc@3:0.641 | Best krc: 0.839 | Best epoch: 33
[2023-11-24 23:36:54] INFO (nni/MainThread) Intermediate result: 0.8377374035703724  (Index 76)
-----------------ETPA RESULT-------------------
Epoch 38: Validation	rmse: 17.91	mae: 14.22	mape: 32.65%	acc@10: 43.75%	acc@20: 75.32%	acc@30: 91.83%	
[2023-11-24 23:36:54] INFO (nni/MainThread) Intermediate result: 17.913956571101917  (Index 77)
*** Epoch: 39 ***
-----------------G2R RESULT-------------------

val result: krc:0.837 | lsd:0.503 | ed:0.816 | hr@1:0.74 | hr@2:0.894 | hr@3:0.933 | acc@1:0.74 | acc@2:0.675 | acc@3:0.64 | Best krc: 0.839 | Best epoch: 33
[2023-11-24 23:37:29] INFO (nni/MainThread) Intermediate result: 0.8366455934711289  (Index 78)
-----------------ETPA RESULT-------------------
Epoch 39: Validation	rmse: 17.88	mae: 14.2	mape: 32.61%	acc@10: 43.75%	acc@20: 75.39%	acc@30: 91.95%	
[2023-11-24 23:37:29] INFO (nni/MainThread) Intermediate result: 17.87895529513036  (Index 79)
*** Epoch: 40 ***
-----------------G2R RESULT-------------------

val result: krc:0.833 | lsd:0.522 | ed:0.821 | hr@1:0.729 | hr@2:0.895 | hr@3:0.935 | acc@1:0.729 | acc@2:0.667 | acc@3:0.634 | Best krc: 0.839 | Best epoch: 33
[2023-11-24 23:37:57] INFO (nni/MainThread) Intermediate result: 0.8330777431608214  (Index 80)
-----------------ETPA RESULT-------------------
Epoch 40: Validation	rmse: 17.89	mae: 14.22	mape: 32.63%	acc@10: 43.6%	acc@20: 75.3%	acc@30: 91.92%	
[2023-11-24 23:37:57] INFO (nni/MainThread) Intermediate result: 17.887656356040765  (Index 81)
*** Epoch: 41 ***
-----------------G2R RESULT-------------------

val result: krc:0.837 | lsd:0.494 | ed:0.806 | hr@1:0.735 | hr@2:0.895 | hr@3:0.935 | acc@1:0.735 | acc@2:0.672 | acc@3:0.641 | Best krc: 0.839 | Best epoch: 33
[2023-11-24 23:38:26] INFO (nni/MainThread) Intermediate result: 0.8369199389575428  (Index 82)
-----------------ETPA RESULT-------------------
Epoch 41: Validation	rmse: 17.9	mae: 14.24	mape: 32.66%	acc@10: 43.53%	acc@20: 75.15%	acc@30: 91.89%	
[2023-11-24 23:38:26] INFO (nni/MainThread) Intermediate result: 17.898914881517854  (Index 83)
*** Epoch: 42 ***
-----------------G2R RESULT-------------------

val result: krc:0.835 | lsd:0.496 | ed:0.805 | hr@1:0.737 | hr@2:0.898 | hr@3:0.935 | acc@1:0.737 | acc@2:0.675 | acc@3:0.642 | Best krc: 0.839 | Best epoch: 33
[2023-11-24 23:38:55] INFO (nni/MainThread) Intermediate result: 0.8354526763621648  (Index 84)
-----------------ETPA RESULT-------------------
Epoch 42: Validation	rmse: 17.88	mae: 14.24	mape: 32.66%	acc@10: 43.39%	acc@20: 75.07%	acc@30: 92.01%	
[2023-11-24 23:38:55] INFO (nni/MainThread) Intermediate result: 17.876095248463546  (Index 85)
*** Epoch: 43 ***
-----------------G2R RESULT-------------------

val result: krc:0.838 | lsd:0.503 | ed:0.81 | hr@1:0.747 | hr@2:0.898 | hr@3:0.934 | acc@1:0.747 | acc@2:0.683 | acc@3:0.645 | Best krc: 0.839 | Best epoch: 33
[2023-11-24 23:39:27] INFO (nni/MainThread) Intermediate result: 0.8383248467026342  (Index 86)
-----------------ETPA RESULT-------------------
Epoch 43: Validation	rmse: 17.83	mae: 14.21	mape: 32.62%	acc@10: 43.39%	acc@20: 75.14%	acc@30: 92.12%	
[2023-11-24 23:39:27] INFO (nni/MainThread) Intermediate result: 17.82896098661465  (Index 87)
*** Epoch: 44 ***
-----------------G2R RESULT-------------------

val result: krc:0.838 | lsd:0.503 | ed:0.813 | hr@1:0.744 | hr@2:0.898 | hr@3:0.933 | acc@1:0.744 | acc@2:0.681 | acc@3:0.645 | Best krc: 0.839 | Best epoch: 33
[2023-11-24 23:40:00] INFO (nni/MainThread) Intermediate result: 0.8384005374210882  (Index 88)
-----------------ETPA RESULT-------------------
Epoch 44: Validation	rmse: 17.8	mae: 14.2	mape: 32.58%	acc@10: 43.4%	acc@20: 75.14%	acc@30: 92.22%	
[2023-11-24 23:40:00] INFO (nni/MainThread) Intermediate result: 17.795997001406825  (Index 89)
*** Epoch: 45 ***
-----------------G2R RESULT-------------------

val result: krc:0.836 | lsd:0.517 | ed:0.816 | hr@1:0.738 | hr@2:0.895 | hr@3:0.933 | acc@1:0.738 | acc@2:0.674 | acc@3:0.641 | Best krc: 0.839 | Best epoch: 33
[2023-11-24 23:40:30] INFO (nni/MainThread) Intermediate result: 0.8356077480957237  (Index 90)
-----------------ETPA RESULT-------------------
Epoch 45: Validation	rmse: 17.76	mae: 14.19	mape: 32.58%	acc@10: 43.21%	acc@20: 75.2%	acc@30: 92.32%	
[2023-11-24 23:40:30] INFO (nni/MainThread) Intermediate result: 17.763903021200854  (Index 91)
*** Epoch: 46 ***
-----------------G2R RESULT-------------------

val result: krc:0.836 | lsd:0.508 | ed:0.821 | hr@1:0.746 | hr@2:0.895 | hr@3:0.931 | acc@1:0.746 | acc@2:0.678 | acc@3:0.641 | Best krc: 0.839 | Best epoch: 33
[2023-11-24 23:40:59] INFO (nni/MainThread) Intermediate result: 0.8360011780475269  (Index 92)
-----------------ETPA RESULT-------------------
Epoch 46: Validation	rmse: 17.73	mae: 14.18	mape: 32.57%	acc@10: 43.22%	acc@20: 75.2%	acc@30: 92.42%	
[2023-11-24 23:40:59] INFO (nni/MainThread) Intermediate result: 17.72604997431082  (Index 93)
*** Epoch: 47 ***
-----------------G2R RESULT-------------------

val result: krc:0.842 | lsd:0.488 | ed:0.793 | hr@1:0.746 | hr@2:0.896 | hr@3:0.935 | acc@1:0.746 | acc@2:0.683 | acc@3:0.649 | Best krc: 0.839 | Best epoch: 33
best model saved
[2023-11-24 23:41:30] INFO (nni/MainThread) Intermediate result: 0.8418767046488954  (Index 94)
-----------------ETPA RESULT-------------------
Epoch 47: Validation	rmse: 17.71	mae: 14.19	mape: 32.6%	acc@10: 43.1%	acc@20: 75.07%	acc@30: 92.51%	
[2023-11-24 23:41:30] INFO (nni/MainThread) Intermediate result: 17.713282891115785  (Index 95)
*** Epoch: 48 ***
-----------------G2R RESULT-------------------

val result: krc:0.804 | lsd:0.562 | ed:0.927 | hr@1:0.713 | hr@2:0.888 | hr@3:0.926 | acc@1:0.713 | acc@2:0.638 | acc@3:0.596 | Best krc: 0.842 | Best epoch: 47
[2023-11-24 23:42:08] INFO (nni/MainThread) Intermediate result: 0.803937380535544  (Index 96)
-----------------ETPA RESULT-------------------
Epoch 48: Validation	rmse: 17.7	mae: 14.2	mape: 32.66%	acc@10: 42.92%	acc@20: 75.06%	acc@30: 92.6%	
[2023-11-24 23:42:08] INFO (nni/MainThread) Intermediate result: 17.69738658147665  (Index 97)
*** Epoch: 49 ***
-----------------G2R RESULT-------------------

val result: krc:0.834 | lsd:0.495 | ed:0.83 | hr@1:0.741 | hr@2:0.897 | hr@3:0.936 | acc@1:0.741 | acc@2:0.672 | acc@3:0.636 | Best krc: 0.842 | Best epoch: 47
[2023-11-24 23:42:39] INFO (nni/MainThread) Intermediate result: 0.8339299541573263  (Index 98)
-----------------ETPA RESULT-------------------
Epoch 49: Validation	rmse: 17.69	mae: 14.2	mape: 32.64%	acc@10: 42.81%	acc@20: 74.94%	acc@30: 92.69%	
[2023-11-24 23:42:39] INFO (nni/MainThread) Intermediate result: 17.68745928679114  (Index 99)
*** Epoch: 50 ***
-----------------G2R RESULT-------------------

val result: krc:0.839 | lsd:0.49 | ed:0.807 | hr@1:0.741 | hr@2:0.896 | hr@3:0.935 | acc@1:0.741 | acc@2:0.677 | acc@3:0.645 | Best krc: 0.842 | Best epoch: 47
[2023-11-24 23:43:12] INFO (nni/MainThread) Intermediate result: 0.8389254396512812  (Index 100)
-----------------ETPA RESULT-------------------
Epoch 50: Validation	rmse: 17.65	mae: 14.18	mape: 32.62%	acc@10: 42.77%	acc@20: 75.0%	acc@30: 92.77%	
[2023-11-24 23:43:12] INFO (nni/MainThread) Intermediate result: 17.647792671109997  (Index 101)
*** Epoch: 51 ***
-----------------G2R RESULT-------------------

val result: krc:0.836 | lsd:0.509 | ed:0.821 | hr@1:0.732 | hr@2:0.895 | hr@3:0.933 | acc@1:0.732 | acc@2:0.672 | acc@3:0.638 | Best krc: 0.842 | Best epoch: 47
[2023-11-24 23:43:48] INFO (nni/MainThread) Intermediate result: 0.8357858928388007  (Index 102)
-----------------ETPA RESULT-------------------
Epoch 51: Validation	rmse: 17.64	mae: 14.19	mape: 32.62%	acc@10: 42.85%	acc@20: 74.82%	acc@30: 92.85%	
[2023-11-24 23:43:48] INFO (nni/MainThread) Intermediate result: 17.64344291279909  (Index 103)
*** Epoch: 52 ***
-----------------G2R RESULT-------------------

val result: krc:0.837 | lsd:0.512 | ed:0.825 | hr@1:0.744 | hr@2:0.896 | hr@3:0.934 | acc@1:0.744 | acc@2:0.677 | acc@3:0.641 | Best krc: 0.842 | Best epoch: 47
[2023-11-24 23:44:20] INFO (nni/MainThread) Intermediate result: 0.837009094000786  (Index 104)
-----------------ETPA RESULT-------------------
Epoch 52: Validation	rmse: 17.6	mae: 14.15	mape: 32.54%	acc@10: 42.87%	acc@20: 74.88%	acc@30: 92.92%	
[2023-11-24 23:44:20] INFO (nni/MainThread) Intermediate result: 17.595909227472685  (Index 105)
*** Epoch: 53 ***
-----------------G2R RESULT-------------------

val result: krc:0.823 | lsd:0.506 | ed:0.873 | hr@1:0.728 | hr@2:0.894 | hr@3:0.929 | acc@1:0.728 | acc@2:0.661 | acc@3:0.619 | Best krc: 0.842 | Best epoch: 47
[2023-11-24 23:44:54] INFO (nni/MainThread) Intermediate result: 0.8234374765463528  (Index 106)
-----------------ETPA RESULT-------------------
Epoch 53: Validation	rmse: 17.6	mae: 14.16	mape: 32.53%	acc@10: 42.82%	acc@20: 74.77%	acc@30: 92.88%	
[2023-11-24 23:44:54] INFO (nni/MainThread) Intermediate result: 17.603620408856752  (Index 107)
*** Epoch: 54 ***
-----------------G2R RESULT-------------------

val result: krc:0.832 | lsd:0.515 | ed:0.845 | hr@1:0.731 | hr@2:0.895 | hr@3:0.931 | acc@1:0.731 | acc@2:0.664 | acc@3:0.628 | Best krc: 0.842 | Best epoch: 47
[2023-11-24 23:45:25] INFO (nni/MainThread) Intermediate result: 0.8323085193483095  (Index 108)
-----------------ETPA RESULT-------------------
Epoch 54: Validation	rmse: 17.6	mae: 14.14	mape: 32.46%	acc@10: 42.95%	acc@20: 74.83%	acc@30: 92.84%	
[2023-11-24 23:45:25] INFO (nni/MainThread) Intermediate result: 17.596600271572694  (Index 109)
*** Epoch: 55 ***
-----------------G2R RESULT-------------------

val result: krc:0.84 | lsd:0.495 | ed:0.812 | hr@1:0.744 | hr@2:0.899 | hr@3:0.935 | acc@1:0.744 | acc@2:0.681 | acc@3:0.647 | Best krc: 0.842 | Best epoch: 47
[2023-11-24 23:45:56] INFO (nni/MainThread) Intermediate result: 0.8400289985160996  (Index 110)
-----------------ETPA RESULT-------------------
Epoch 55: Validation	rmse: 17.59	mae: 14.14	mape: 32.44%	acc@10: 42.86%	acc@20: 74.72%	acc@30: 92.86%	
[2023-11-24 23:45:56] INFO (nni/MainThread) Intermediate result: 17.585097137093218  (Index 111)
*** Epoch: 56 ***
-----------------G2R RESULT-------------------

val result: krc:0.839 | lsd:0.495 | ed:0.814 | hr@1:0.743 | hr@2:0.897 | hr@3:0.933 | acc@1:0.743 | acc@2:0.678 | acc@3:0.644 | Best krc: 0.842 | Best epoch: 47
[2023-11-24 23:46:32] INFO (nni/MainThread) Intermediate result: 0.8394114052880997  (Index 112)
-----------------ETPA RESULT-------------------
Epoch 56: Validation	rmse: 17.56	mae: 14.11	mape: 32.37%	acc@10: 42.98%	acc@20: 74.78%	acc@30: 92.87%	
[2023-11-24 23:46:32] INFO (nni/MainThread) Intermediate result: 17.562656039873858  (Index 113)
*** Epoch: 57 ***
-----------------G2R RESULT-------------------

val result: krc:0.843 | lsd:0.483 | ed:0.801 | hr@1:0.746 | hr@2:0.899 | hr@3:0.936 | acc@1:0.746 | acc@2:0.683 | acc@3:0.648 | Best krc: 0.842 | Best epoch: 47
best model saved
[2023-11-24 23:47:06] INFO (nni/MainThread) Intermediate result: 0.8433625497726942  (Index 114)
-----------------ETPA RESULT-------------------
Epoch 57: Validation	rmse: 17.52	mae: 14.09	mape: 32.29%	acc@10: 43.0%	acc@20: 74.84%	acc@30: 92.94%	
[2023-11-24 23:47:06] INFO (nni/MainThread) Intermediate result: 17.52118591175484  (Index 115)
*** Epoch: 58 ***
-----------------G2R RESULT-------------------

val result: krc:0.842 | lsd:0.49 | ed:0.801 | hr@1:0.744 | hr@2:0.898 | hr@3:0.938 | acc@1:0.744 | acc@2:0.682 | acc@3:0.65 | Best krc: 0.843 | Best epoch: 57
[2023-11-24 23:47:37] INFO (nni/MainThread) Intermediate result: 0.8417519981840053  (Index 116)
-----------------ETPA RESULT-------------------
Epoch 58: Validation	rmse: 17.52	mae: 14.08	mape: 32.26%	acc@10: 43.01%	acc@20: 74.84%	acc@30: 92.96%	
[2023-11-24 23:47:37] INFO (nni/MainThread) Intermediate result: 17.517718408022628  (Index 117)
*** Epoch: 59 ***
-----------------G2R RESULT-------------------

val result: krc:0.839 | lsd:0.479 | ed:0.817 | hr@1:0.738 | hr@2:0.897 | hr@3:0.938 | acc@1:0.738 | acc@2:0.671 | acc@3:0.643 | Best krc: 0.843 | Best epoch: 57
[2023-11-24 23:48:10] INFO (nni/MainThread) Intermediate result: 0.8388198690166332  (Index 118)
-----------------ETPA RESULT-------------------
Epoch 59: Validation	rmse: 17.52	mae: 14.08	mape: 32.26%	acc@10: 42.92%	acc@20: 74.74%	acc@30: 92.97%	
[2023-11-24 23:48:10] INFO (nni/MainThread) Intermediate result: 17.51805588705253  (Index 119)
*** Epoch: 60 ***
-----------------G2R RESULT-------------------

val result: krc:0.818 | lsd:0.577 | ed:0.885 | hr@1:0.726 | hr@2:0.892 | hr@3:0.924 | acc@1:0.726 | acc@2:0.66 | acc@3:0.612 | Best krc: 0.843 | Best epoch: 57
[2023-11-24 23:48:47] INFO (nni/MainThread) Intermediate result: 0.8181607098791183  (Index 120)
-----------------ETPA RESULT-------------------
Epoch 60: Validation	rmse: 17.49	mae: 14.05	mape: 32.15%	acc@10: 42.98%	acc@20: 74.8%	acc@30: 93.03%	
[2023-11-24 23:48:47] INFO (nni/MainThread) Intermediate result: 17.486967298495202  (Index 121)
*** Epoch: 61 ***
-----------------G2R RESULT-------------------

val result: krc:0.835 | lsd:0.53 | ed:0.833 | hr@1:0.736 | hr@2:0.896 | hr@3:0.932 | acc@1:0.736 | acc@2:0.671 | acc@3:0.636 | Best krc: 0.843 | Best epoch: 57
[2023-11-24 23:49:21] INFO (nni/MainThread) Intermediate result: 0.8350217509902684  (Index 122)
-----------------ETPA RESULT-------------------
Epoch 61: Validation	rmse: 17.49	mae: 14.06	mape: 32.18%	acc@10: 42.89%	acc@20: 74.8%	acc@30: 93.04%	
[2023-11-24 23:49:21] INFO (nni/MainThread) Intermediate result: 17.488625609692832  (Index 123)
*** Epoch: 62 ***
-----------------G2R RESULT-------------------

val result: krc:0.838 | lsd:0.481 | ed:0.815 | hr@1:0.727 | hr@2:0.899 | hr@3:0.938 | acc@1:0.727 | acc@2:0.666 | acc@3:0.638 | Best krc: 0.843 | Best epoch: 57
[2023-11-24 23:49:51] INFO (nni/MainThread) Intermediate result: 0.8380873420576086  (Index 124)
-----------------ETPA RESULT-------------------
Epoch 62: Validation	rmse: 17.49	mae: 14.06	mape: 32.16%	acc@10: 42.96%	acc@20: 74.65%	acc@30: 93.01%	
[2023-11-24 23:49:51] INFO (nni/MainThread) Intermediate result: 17.493993661651363  (Index 125)
*** Epoch: 63 ***
-----------------G2R RESULT-------------------

val result: krc:0.839 | lsd:0.484 | ed:0.809 | hr@1:0.733 | hr@2:0.899 | hr@3:0.937 | acc@1:0.733 | acc@2:0.67 | acc@3:0.638 | Best krc: 0.843 | Best epoch: 57
[2023-11-24 23:50:25] INFO (nni/MainThread) Intermediate result: 0.838982046310424  (Index 126)
-----------------ETPA RESULT-------------------
Epoch 63: Validation	rmse: 17.48	mae: 14.05	mape: 32.11%	acc@10: 42.97%	acc@20: 74.66%	acc@30: 92.97%	
[2023-11-24 23:50:25] INFO (nni/MainThread) Intermediate result: 17.482578456562884  (Index 127)
*** Epoch: 64 ***
-----------------G2R RESULT-------------------

val result: krc:0.838 | lsd:0.481 | ed:0.814 | hr@1:0.734 | hr@2:0.897 | hr@3:0.935 | acc@1:0.734 | acc@2:0.669 | acc@3:0.639 | Best krc: 0.843 | Best epoch: 57
[2023-11-24 23:50:58] INFO (nni/MainThread) Intermediate result: 0.8379476941785643  (Index 128)
-----------------ETPA RESULT-------------------
Epoch 64: Validation	rmse: 17.48	mae: 14.04	mape: 32.06%	acc@10: 43.08%	acc@20: 74.62%	acc@30: 92.93%	
[2023-11-24 23:50:58] INFO (nni/MainThread) Intermediate result: 17.479957037661578  (Index 129)
*** Epoch: 65 ***
-----------------G2R RESULT-------------------

val result: krc:0.842 | lsd:0.483 | ed:0.811 | hr@1:0.744 | hr@2:0.9 | hr@3:0.937 | acc@1:0.744 | acc@2:0.678 | acc@3:0.646 | Best krc: 0.843 | Best epoch: 57
[2023-11-24 23:51:34] INFO (nni/MainThread) Intermediate result: 0.8417090551677345  (Index 130)
-----------------ETPA RESULT-------------------
Epoch 65: Validation	rmse: 17.46	mae: 14.03	mape: 32.02%	acc@10: 43.23%	acc@20: 74.62%	acc@30: 92.95%	
[2023-11-24 23:51:34] INFO (nni/MainThread) Intermediate result: 17.46064234365395  (Index 131)
*** Epoch: 66 ***
-----------------G2R RESULT-------------------

val result: krc:0.839 | lsd:0.481 | ed:0.818 | hr@1:0.737 | hr@2:0.899 | hr@3:0.936 | acc@1:0.737 | acc@2:0.672 | acc@3:0.639 | Best krc: 0.843 | Best epoch: 57
[2023-11-24 23:52:06] INFO (nni/MainThread) Intermediate result: 0.8388914491231937  (Index 132)
-----------------ETPA RESULT-------------------
Epoch 66: Validation	rmse: 17.45	mae: 14.02	mape: 31.98%	acc@10: 43.28%	acc@20: 74.63%	acc@30: 92.96%	
[2023-11-24 23:52:06] INFO (nni/MainThread) Intermediate result: 17.447427729216567  (Index 133)
*** Epoch: 67 ***
-----------------G2R RESULT-------------------

val result: krc:0.841 | lsd:0.485 | ed:0.811 | hr@1:0.74 | hr@2:0.901 | hr@3:0.939 | acc@1:0.74 | acc@2:0.676 | acc@3:0.642 | Best krc: 0.843 | Best epoch: 57
[2023-11-24 23:52:37] INFO (nni/MainThread) Intermediate result: 0.8410894655232216  (Index 134)
-----------------ETPA RESULT-------------------
Epoch 67: Validation	rmse: 17.44	mae: 14.0	mape: 31.93%	acc@10: 43.43%	acc@20: 74.59%	acc@30: 92.92%	
[2023-11-24 23:52:37] INFO (nni/MainThread) Intermediate result: 17.435237650652482  (Index 135)
*** Epoch: 68 ***
-----------------G2R RESULT-------------------

val result: krc:0.843 | lsd:0.466 | ed:0.799 | hr@1:0.741 | hr@2:0.901 | hr@3:0.94 | acc@1:0.741 | acc@2:0.677 | acc@3:0.646 | Best krc: 0.843 | Best epoch: 57
[2023-11-24 23:53:07] INFO (nni/MainThread) Intermediate result: 0.8427549816618465  (Index 136)
-----------------ETPA RESULT-------------------
Epoch 68: Validation	rmse: 17.44	mae: 14.0	mape: 31.91%	acc@10: 43.48%	acc@20: 74.59%	acc@30: 92.93%	
[2023-11-24 23:53:07] INFO (nni/MainThread) Intermediate result: 17.44457535959381  (Index 137)
*** Epoch: 69 ***
-----------------G2R RESULT-------------------

val result: krc:0.803 | lsd:0.602 | ed:0.935 | hr@1:0.727 | hr@2:0.885 | hr@3:0.916 | acc@1:0.727 | acc@2:0.648 | acc@3:0.589 | Best krc: 0.843 | Best epoch: 57
[2023-11-24 23:53:41] INFO (nni/MainThread) Intermediate result: 0.8028500631823762  (Index 138)
-----------------ETPA RESULT-------------------
Epoch 69: Validation	rmse: 17.43	mae: 13.99	mape: 31.87%	acc@10: 43.57%	acc@20: 74.6%	acc@30: 92.99%	
[2023-11-24 23:53:41] INFO (nni/MainThread) Intermediate result: 17.42820858346506  (Index 139)
*** Epoch: 70 ***
-----------------G2R RESULT-------------------

val result: krc:0.822 | lsd:0.549 | ed:0.856 | hr@1:0.724 | hr@2:0.891 | hr@3:0.926 | acc@1:0.724 | acc@2:0.659 | acc@3:0.616 | Best krc: 0.843 | Best epoch: 57
[2023-11-24 23:54:23] INFO (nni/MainThread) Intermediate result: 0.8224285326165519  (Index 140)
-----------------ETPA RESULT-------------------
Epoch 70: Validation	rmse: 17.43	mae: 13.99	mape: 31.84%	acc@10: 43.66%	acc@20: 74.47%	acc@30: 93.0%	
[2023-11-24 23:54:23] INFO (nni/MainThread) Intermediate result: 17.427172382758528  (Index 141)
*** Epoch: 71 ***
-----------------G2R RESULT-------------------

val result: krc:0.838 | lsd:0.489 | ed:0.814 | hr@1:0.734 | hr@2:0.897 | hr@3:0.936 | acc@1:0.734 | acc@2:0.667 | acc@3:0.638 | Best krc: 0.843 | Best epoch: 57
[2023-11-24 23:54:58] INFO (nni/MainThread) Intermediate result: 0.8381128301810418  (Index 142)
-----------------ETPA RESULT-------------------
Epoch 71: Validation	rmse: 17.43	mae: 13.99	mape: 31.81%	acc@10: 43.71%	acc@20: 74.44%	acc@30: 92.97%	
[2023-11-24 23:54:58] INFO (nni/MainThread) Intermediate result: 17.426212292858636  (Index 143)
*** Epoch: 72 ***
-----------------G2R RESULT-------------------

val result: krc:0.845 | lsd:0.464 | ed:0.792 | hr@1:0.751 | hr@2:0.9 | hr@3:0.938 | acc@1:0.751 | acc@2:0.683 | acc@3:0.652 | Best krc: 0.843 | Best epoch: 57
best model saved
[2023-11-24 23:55:35] INFO (nni/MainThread) Intermediate result: 0.8449613422416222  (Index 144)
-----------------ETPA RESULT-------------------
Epoch 72: Validation	rmse: 17.45	mae: 14.0	mape: 31.82%	acc@10: 43.71%	acc@20: 74.32%	acc@30: 92.94%	
[2023-11-24 23:55:35] INFO (nni/MainThread) Intermediate result: 17.449602700911672  (Index 145)
*** Epoch: 73 ***
-----------------G2R RESULT-------------------

val result: krc:0.836 | lsd:0.517 | ed:0.831 | hr@1:0.744 | hr@2:0.899 | hr@3:0.93 | acc@1:0.744 | acc@2:0.676 | acc@3:0.64 | Best krc: 0.845 | Best epoch: 72
[2023-11-24 23:56:08] INFO (nni/MainThread) Intermediate result: 0.8357109307961954  (Index 146)
-----------------ETPA RESULT-------------------
Epoch 73: Validation	rmse: 17.47	mae: 14.01	mape: 31.81%	acc@10: 43.75%	acc@20: 74.2%	acc@30: 92.91%	
[2023-11-24 23:56:08] INFO (nni/MainThread) Intermediate result: 17.46628942974972  (Index 147)
*** Epoch: 74 ***
-----------------G2R RESULT-------------------

val result: krc:0.832 | lsd:0.505 | ed:0.824 | hr@1:0.728 | hr@2:0.898 | hr@3:0.935 | acc@1:0.728 | acc@2:0.668 | acc@3:0.633 | Best krc: 0.845 | Best epoch: 72
[2023-11-24 23:56:39] INFO (nni/MainThread) Intermediate result: 0.8320288100699119  (Index 148)
-----------------ETPA RESULT-------------------
Epoch 74: Validation	rmse: 17.48	mae: 14.02	mape: 31.79%	acc@10: 43.83%	acc@20: 74.08%	acc@30: 92.88%	
[2023-11-24 23:56:39] INFO (nni/MainThread) Intermediate result: 17.47930177115775  (Index 149)
*** Epoch: 75 ***
-----------------G2R RESULT-------------------

val result: krc:0.804 | lsd:0.609 | ed:0.922 | hr@1:0.713 | hr@2:0.886 | hr@3:0.921 | acc@1:0.713 | acc@2:0.649 | acc@3:0.594 | Best krc: 0.845 | Best epoch: 72
[2023-11-24 23:57:13] INFO (nni/MainThread) Intermediate result: 0.8040153465864003  (Index 150)
-----------------ETPA RESULT-------------------
Epoch 75: Validation	rmse: 17.48	mae: 14.02	mape: 31.77%	acc@10: 43.96%	acc@20: 74.05%	acc@30: 92.89%	
[2023-11-24 23:57:13] INFO (nni/MainThread) Intermediate result: 17.481959422095755  (Index 151)
*** Epoch: 76 ***
-----------------G2R RESULT-------------------

val result: krc:0.83 | lsd:0.504 | ed:0.829 | hr@1:0.726 | hr@2:0.894 | hr@3:0.933 | acc@1:0.726 | acc@2:0.661 | acc@3:0.625 | Best krc: 0.845 | Best epoch: 72
[2023-11-24 23:57:49] INFO (nni/MainThread) Intermediate result: 0.8302709222954086  (Index 152)
-----------------ETPA RESULT-------------------
Epoch 76: Validation	rmse: 17.47	mae: 14.01	mape: 31.72%	acc@10: 44.03%	acc@20: 73.94%	acc@30: 92.94%	
[2023-11-24 23:57:49] INFO (nni/MainThread) Intermediate result: 17.471963415620618  (Index 153)
*** Epoch: 77 ***
-----------------G2R RESULT-------------------

val result: krc:0.834 | lsd:0.489 | ed:0.815 | hr@1:0.723 | hr@2:0.896 | hr@3:0.936 | acc@1:0.723 | acc@2:0.662 | acc@3:0.634 | Best krc: 0.845 | Best epoch: 72
[2023-11-24 23:58:25] INFO (nni/MainThread) Intermediate result: 0.8341032502291793  (Index 154)
-----------------ETPA RESULT-------------------
Epoch 77: Validation	rmse: 17.49	mae: 14.01	mape: 31.69%	acc@10: 44.15%	acc@20: 73.8%	acc@30: 92.91%	
[2023-11-24 23:58:25] INFO (nni/MainThread) Intermediate result: 17.487048137086042  (Index 155)
*** Epoch: 78 ***
-----------------G2R RESULT-------------------

val result: krc:0.831 | lsd:0.493 | ed:0.817 | hr@1:0.724 | hr@2:0.897 | hr@3:0.933 | acc@1:0.724 | acc@2:0.664 | acc@3:0.634 | Best krc: 0.845 | Best epoch: 72
[2023-11-24 23:58:56] INFO (nni/MainThread) Intermediate result: 0.8314650110452471  (Index 156)
-----------------ETPA RESULT-------------------
Epoch 78: Validation	rmse: 17.48	mae: 14.01	mape: 31.66%	acc@10: 44.22%	acc@20: 73.77%	acc@30: 92.88%	
[2023-11-24 23:58:56] INFO (nni/MainThread) Intermediate result: 17.482212231206343  (Index 157)
*** Epoch: 79 ***
-----------------G2R RESULT-------------------

val result: krc:0.84 | lsd:0.481 | ed:0.811 | hr@1:0.741 | hr@2:0.9 | hr@3:0.936 | acc@1:0.741 | acc@2:0.677 | acc@3:0.643 | Best krc: 0.845 | Best epoch: 72
[2023-11-24 23:59:27] INFO (nni/MainThread) Intermediate result: 0.8402888102844379  (Index 158)
-----------------ETPA RESULT-------------------
Epoch 79: Validation	rmse: 17.52	mae: 14.04	mape: 31.71%	acc@10: 44.14%	acc@20: 73.63%	acc@30: 92.77%	
[2023-11-24 23:59:27] INFO (nni/MainThread) Intermediate result: 17.518875121565124  (Index 159)
*** Epoch: 80 ***
-----------------G2R RESULT-------------------

val result: krc:0.844 | lsd:0.471 | ed:0.794 | hr@1:0.745 | hr@2:0.901 | hr@3:0.937 | acc@1:0.745 | acc@2:0.683 | acc@3:0.652 | Best krc: 0.845 | Best epoch: 72
[2023-11-25 00:00:03] INFO (nni/MainThread) Intermediate result: 0.843986935993932  (Index 160)
-----------------ETPA RESULT-------------------
Epoch 80: Validation	rmse: 17.54	mae: 14.05	mape: 31.72%	acc@10: 44.14%	acc@20: 73.53%	acc@30: 92.75%	
[2023-11-25 00:00:03] INFO (nni/MainThread) Intermediate result: 17.53868625082024  (Index 161)
*** Epoch: 81 ***
-----------------G2R RESULT-------------------

val result: krc:0.818 | lsd:0.553 | ed:0.881 | hr@1:0.724 | hr@2:0.889 | hr@3:0.927 | acc@1:0.724 | acc@2:0.654 | acc@3:0.611 | Best krc: 0.845 | Best epoch: 72
[2023-11-25 00:00:42] INFO (nni/MainThread) Intermediate result: 0.8180040057434026  (Index 162)
-----------------ETPA RESULT-------------------
Epoch 81: Validation	rmse: 17.56	mae: 14.07	mape: 31.71%	acc@10: 44.17%	acc@20: 73.44%	acc@30: 92.72%	
[2023-11-25 00:00:42] INFO (nni/MainThread) Intermediate result: 17.559671766440363  (Index 163)
*** Epoch: 82 ***
-----------------G2R RESULT-------------------

val result: krc:0.836 | lsd:0.478 | ed:0.816 | hr@1:0.73 | hr@2:0.896 | hr@3:0.938 | acc@1:0.73 | acc@2:0.668 | acc@3:0.639 | Best krc: 0.845 | Best epoch: 72
[2023-11-25 00:01:21] INFO (nni/MainThread) Intermediate result: 0.8360037552691684  (Index 164)
-----------------ETPA RESULT-------------------
Epoch 82: Validation	rmse: 17.54	mae: 14.05	mape: 31.65%	acc@10: 44.24%	acc@20: 73.46%	acc@30: 92.73%	
[2023-11-25 00:01:21] INFO (nni/MainThread) Intermediate result: 17.542642712447268  (Index 165)
*** Epoch: 83 ***
-----------------G2R RESULT-------------------

val result: krc:0.828 | lsd:0.542 | ed:0.859 | hr@1:0.735 | hr@2:0.894 | hr@3:0.928 | acc@1:0.735 | acc@2:0.669 | acc@3:0.627 | Best krc: 0.845 | Best epoch: 72
[2023-11-25 00:01:57] INFO (nni/MainThread) Intermediate result: 0.8276994310487971  (Index 166)
-----------------ETPA RESULT-------------------
Epoch 83: Validation	rmse: 17.54	mae: 14.05	mape: 31.62%	acc@10: 44.31%	acc@20: 73.47%	acc@30: 92.75%	
[2023-11-25 00:01:57] INFO (nni/MainThread) Intermediate result: 17.53899992395131  (Index 167)
*** Epoch: 84 ***
-----------------G2R RESULT-------------------

val result: krc:0.837 | lsd:0.481 | ed:0.823 | hr@1:0.734 | hr@2:0.898 | hr@3:0.937 | acc@1:0.734 | acc@2:0.672 | acc@3:0.639 | Best krc: 0.845 | Best epoch: 72
[2023-11-25 00:02:37] INFO (nni/MainThread) Intermediate result: 0.8373311525475933  (Index 168)
-----------------ETPA RESULT-------------------
Epoch 84: Validation	rmse: 17.52	mae: 14.04	mape: 31.6%	acc@10: 44.34%	acc@20: 73.46%	acc@30: 92.79%	
[2023-11-25 00:02:37] INFO (nni/MainThread) Intermediate result: 17.519854375886908  (Index 169)
*** Epoch: 85 ***
-----------------G2R RESULT-------------------

val result: krc:0.827 | lsd:0.506 | ed:0.85 | hr@1:0.73 | hr@2:0.899 | hr@3:0.936 | acc@1:0.73 | acc@2:0.667 | acc@3:0.631 | Best krc: 0.845 | Best epoch: 72
[2023-11-25 00:03:12] INFO (nni/MainThread) Intermediate result: 0.8266103677209931  (Index 170)
-----------------ETPA RESULT-------------------
Epoch 85: Validation	rmse: 17.53	mae: 14.04	mape: 31.58%	acc@10: 44.37%	acc@20: 73.33%	acc@30: 92.77%	
[2023-11-25 00:03:12] INFO (nni/MainThread) Intermediate result: 17.53164033341984  (Index 171)
*** Epoch: 86 ***
-----------------G2R RESULT-------------------

val result: krc:0.839 | lsd:0.484 | ed:0.817 | hr@1:0.739 | hr@2:0.899 | hr@3:0.936 | acc@1:0.739 | acc@2:0.677 | acc@3:0.643 | Best krc: 0.845 | Best epoch: 72
[2023-11-25 00:03:47] INFO (nni/MainThread) Intermediate result: 0.8394263166104003  (Index 172)
-----------------ETPA RESULT-------------------
Epoch 86: Validation	rmse: 17.55	mae: 14.05	mape: 31.55%	acc@10: 44.36%	acc@20: 73.31%	acc@30: 92.74%	
[2023-11-25 00:03:47] INFO (nni/MainThread) Intermediate result: 17.554306230268363  (Index 173)
*** Epoch: 87 ***
-----------------G2R RESULT-------------------

val result: krc:0.843 | lsd:0.485 | ed:0.79 | hr@1:0.748 | hr@2:0.899 | hr@3:0.936 | acc@1:0.748 | acc@2:0.684 | acc@3:0.652 | Best krc: 0.845 | Best epoch: 72
[2023-11-25 00:04:24] INFO (nni/MainThread) Intermediate result: 0.8432281922356256  (Index 174)
-----------------ETPA RESULT-------------------
Epoch 87: Validation	rmse: 17.55	mae: 14.04	mape: 31.51%	acc@10: 44.42%	acc@20: 73.33%	acc@30: 92.76%	
[2023-11-25 00:04:24] INFO (nni/MainThread) Intermediate result: 17.554247623795156  (Index 175)
*** Epoch: 88 ***
-----------------G2R RESULT-------------------

val result: krc:0.836 | lsd:0.485 | ed:0.814 | hr@1:0.73 | hr@2:0.898 | hr@3:0.937 | acc@1:0.73 | acc@2:0.669 | acc@3:0.64 | Best krc: 0.845 | Best epoch: 72
[2023-11-25 00:04:58] INFO (nni/MainThread) Intermediate result: 0.8356440039255955  (Index 176)
-----------------ETPA RESULT-------------------
Epoch 88: Validation	rmse: 17.55	mae: 14.04	mape: 31.47%	acc@10: 44.49%	acc@20: 73.28%	acc@30: 92.77%	
[2023-11-25 00:04:58] INFO (nni/MainThread) Intermediate result: 17.551666053028466  (Index 177)
*** Epoch: 89 ***
-----------------G2R RESULT-------------------

val result: krc:0.842 | lsd:0.475 | ed:0.811 | hr@1:0.743 | hr@2:0.901 | hr@3:0.935 | acc@1:0.743 | acc@2:0.681 | acc@3:0.647 | Best krc: 0.845 | Best epoch: 72
[2023-11-25 00:05:33] INFO (nni/MainThread) Intermediate result: 0.8417241810158296  (Index 178)
-----------------ETPA RESULT-------------------
Epoch 89: Validation	rmse: 17.55	mae: 14.04	mape: 31.46%	acc@10: 44.55%	acc@20: 73.26%	acc@30: 92.78%	
[2023-11-25 00:05:33] INFO (nni/MainThread) Intermediate result: 17.552431722927718  (Index 179)
*** Epoch: 90 ***
-----------------G2R RESULT-------------------

val result: krc:0.836 | lsd:0.505 | ed:0.822 | hr@1:0.735 | hr@2:0.897 | hr@3:0.932 | acc@1:0.735 | acc@2:0.673 | acc@3:0.64 | Best krc: 0.845 | Best epoch: 72
[2023-11-25 00:06:05] INFO (nni/MainThread) Intermediate result: 0.836298996473898  (Index 180)
-----------------ETPA RESULT-------------------
Epoch 90: Validation	rmse: 17.54	mae: 14.03	mape: 31.42%	acc@10: 44.61%	acc@20: 73.28%	acc@30: 92.79%	
[2023-11-25 00:06:05] INFO (nni/MainThread) Intermediate result: 17.541764902309403  (Index 181)
*** Epoch: 91 ***
-----------------G2R RESULT-------------------

val result: krc:0.837 | lsd:0.477 | ed:0.821 | hr@1:0.734 | hr@2:0.899 | hr@3:0.936 | acc@1:0.734 | acc@2:0.672 | acc@3:0.641 | Best krc: 0.845 | Best epoch: 72
[2023-11-25 00:06:42] INFO (nni/MainThread) Intermediate result: 0.8370408768222499  (Index 182)
-----------------ETPA RESULT-------------------
Epoch 91: Validation	rmse: 17.56	mae: 14.05	mape: 31.43%	acc@10: 44.63%	acc@20: 73.17%	acc@30: 92.8%	
[2023-11-25 00:06:42] INFO (nni/MainThread) Intermediate result: 17.558918764707922  (Index 183)
*** Epoch: 92 ***
-----------------G2R RESULT-------------------

val result: krc:0.835 | lsd:0.485 | ed:0.811 | hr@1:0.732 | hr@2:0.898 | hr@3:0.934 | acc@1:0.732 | acc@2:0.672 | acc@3:0.64 | Best krc: 0.845 | Best epoch: 72
[2023-11-25 00:07:13] INFO (nni/MainThread) Intermediate result: 0.8351623601907817  (Index 184)
-----------------ETPA RESULT-------------------
Epoch 92: Validation	rmse: 17.57	mae: 14.05	mape: 31.42%	acc@10: 44.69%	acc@20: 73.08%	acc@30: 92.81%	
[2023-11-25 00:07:13] INFO (nni/MainThread) Intermediate result: 17.568830163819683  (Index 185)
loaded model path: /home/sentanoe/joint_training/data/dataset/food_pd/sort_model/hidden_size-8.gcnru-pd_1700864226.06031731700864226.0603335
best model loaded !!!
krc:0.838 | lsd:0.36 | ed:0.805 | hr@1:0.746 | hr@2:0.925 | hr@3:0.952 | acc@1:0.746 | acc@2:0.688 | acc@3:0.649 |

-------------------------------------------------------------
Best epoch for G2R:  72
Best epoch for ETPA:  71
graph2route_pd Evaluation in test: krc:0.838 | lsd:0.36 | ed:0.805 | hr@1:0.746 | hr@2:0.925 | hr@3:0.952 | acc@1:0.746 | acc@2:0.688 | acc@3:0.649 |
RankPETA Evaluation in test: rmse: 24.07	mae: 21.58	mape: 185.99%	acc@10: 20.0%	acc@20: 35.0%	acc@30: 75.0%	
