Device:  cuda
{'alpha_loss': 0.5,
 'batch_size': 64,
 'dataset': 'food_pd',
 'datatype': 'order',
 'device': device(type='cuda'),
 'early_stop': 10,
 'edge_fea_dim': 5,
 'embedding_dim': 32,
 'eval_end_1': 11,
 'eval_end_2': 25,
 'eval_start': 1,
 'gcn_num_layers': 2,
 'hidden_size': 8,
 'is_eval': False,
 'is_test': False,
 'k_min_nodes': 3,
 'k_nearest_neighbors': 'n-1',
 'lr': 0.001,
 'max_task_num': 25,
 'min_task_num': 0,
 'modelArrivalTime': 'RankPETA',
 'modelRoute': 'graph2route_pd',
 'no_cuda': False,
 'node_fea_dim': 8,
 'node_features_test': '/home/sentanoe/joint_training/data/dataset/food_pd/node_features_test_full.npy',
 'node_features_train': '/home/sentanoe/joint_training/data/dataset/food_pd/node_features_train_full.npy',
 'node_features_val': '/home/sentanoe/joint_training/data/dataset/food_pd/node_features_val_full.npy',
 'num_block': 4,
 'num_epoch': 1000,
 'num_head': 2,
 'num_worker_logistics': 2346,
 'num_worker_pd': 920,
 'pad_value': 26,
 'seed': 2022,
 'sort_mode': 'pnn_idx',
 'spatial_encoder': 'gcn',
 'temporal_encoder': 'gru',
 'test_path': '/home/sentanoe/joint_training/data/dataset/food_pd/test_full.npy',
 'train_mode': 'sort',
 'train_path': '/home/sentanoe/joint_training/data/dataset/food_pd/train_full.npy',
 'val_path': '/home/sentanoe/joint_training/data/dataset/food_pd/val_full.npy',
 'wd': 1e-05,
 'worker_emb_dim': 10,
 'workers': 2}
last_x_size:13;unpick_x_size:12;input_size:53
#train:2521 | #val:1257 | #test:1261
*** Epoch: 0 ***
-----------------G2R RESULT-------------------

val result: krc:0.758 | lsd:0.713 | ed:1.056 | hr@1:0.625 | hr@2:0.857 | hr@3:0.902 | acc@1:0.625 | acc@2:0.564 | acc@3:0.523 | Best krc: -1 | Best epoch: -1
best model saved
[2023-12-01 16:33:32] INFO (nni/MainThread) Intermediate result: 0.7577021255639533  (Index 0)
-----------------ETPA RESULT-------------------
Epoch 0: Validation	rmse: 21.69	mae: 16.47	mape: 63.37%	acc@10: 39.63%	acc@20: 70.37%	acc@30: 85.56%	
[2023-12-01 16:33:32] INFO (nni/MainThread) Intermediate result: 21.690981011161355  (Index 1)
*** Epoch: 1 ***
-----------------G2R RESULT-------------------

val result: krc:0.772 | lsd:0.659 | ed:1.003 | hr@1:0.631 | hr@2:0.864 | hr@3:0.914 | acc@1:0.631 | acc@2:0.573 | acc@3:0.538 | Best krc: 0.758 | Best epoch: 0
best model saved
[2023-12-01 16:34:05] INFO (nni/MainThread) Intermediate result: 0.7719431932462103  (Index 2)
-----------------ETPA RESULT-------------------
Epoch 1: Validation	rmse: 21.05	mae: 15.93	mape: 80.76%	acc@10: 42.78%	acc@20: 71.3%	acc@30: 84.26%	
[2023-12-01 16:34:05] INFO (nni/MainThread) Intermediate result: 21.050456675720167  (Index 3)
*** Epoch: 2 ***
-----------------G2R RESULT-------------------

val result: krc:0.765 | lsd:0.692 | ed:1.019 | hr@1:0.639 | hr@2:0.861 | hr@3:0.903 | acc@1:0.639 | acc@2:0.578 | acc@3:0.531 | Best krc: 0.772 | Best epoch: 1
[2023-12-01 16:34:36] INFO (nni/MainThread) Intermediate result: 0.7650345065386605  (Index 4)
-----------------ETPA RESULT-------------------
Epoch 2: Validation	rmse: 20.72	mae: 15.97	mape: 93.64%	acc@10: 41.73%	acc@20: 70.12%	acc@30: 84.69%	
[2023-12-01 16:34:36] INFO (nni/MainThread) Intermediate result: 20.718557457352286  (Index 5)
*** Epoch: 3 ***
-----------------G2R RESULT-------------------

val result: krc:0.776 | lsd:0.651 | ed:0.97 | hr@1:0.631 | hr@2:0.867 | hr@3:0.916 | acc@1:0.631 | acc@2:0.575 | acc@3:0.546 | Best krc: 0.772 | Best epoch: 1
best model saved
[2023-12-01 16:35:13] INFO (nni/MainThread) Intermediate result: 0.7757100516610791  (Index 6)
-----------------ETPA RESULT-------------------
Epoch 3: Validation	rmse: 21.6	mae: 16.9	mape: 108.12%	acc@10: 38.61%	acc@20: 66.85%	acc@30: 83.61%	
[2023-12-01 16:35:13] INFO (nni/MainThread) Intermediate result: 21.598900971420083  (Index 7)
*** Epoch: 4 ***
-----------------G2R RESULT-------------------

val result: krc:0.775 | lsd:0.639 | ed:0.977 | hr@1:0.634 | hr@2:0.869 | hr@3:0.914 | acc@1:0.634 | acc@2:0.577 | acc@3:0.54 | Best krc: 0.776 | Best epoch: 3
[2023-12-01 16:35:41] INFO (nni/MainThread) Intermediate result: 0.774963420359135  (Index 8)
-----------------ETPA RESULT-------------------
Epoch 4: Validation	rmse: 21.74	mae: 17.2	mape: 115.6%	acc@10: 36.96%	acc@20: 65.63%	acc@30: 83.33%	
[2023-12-01 16:35:41] INFO (nni/MainThread) Intermediate result: 21.738245846779073  (Index 9)
*** Epoch: 5 ***
-----------------G2R RESULT-------------------

val result: krc:0.776 | lsd:0.658 | ed:0.979 | hr@1:0.632 | hr@2:0.871 | hr@3:0.914 | acc@1:0.632 | acc@2:0.579 | acc@3:0.544 | Best krc: 0.776 | Best epoch: 3
best model saved
[2023-12-01 16:36:11] INFO (nni/MainThread) Intermediate result: 0.7758236817353563  (Index 10)
-----------------ETPA RESULT-------------------
Epoch 5: Validation	rmse: 21.54	mae: 17.16	mape: 118.17%	acc@10: 35.93%	acc@20: 65.56%	acc@30: 83.4%	
[2023-12-01 16:36:11] INFO (nni/MainThread) Intermediate result: 21.536574831835377  (Index 11)
*** Epoch: 6 ***
-----------------G2R RESULT-------------------

val result: krc:0.782 | lsd:0.663 | ed:0.954 | hr@1:0.641 | hr@2:0.871 | hr@3:0.918 | acc@1:0.641 | acc@2:0.586 | acc@3:0.554 | Best krc: 0.776 | Best epoch: 5
best model saved
[2023-12-01 16:36:41] INFO (nni/MainThread) Intermediate result: 0.781783689112067  (Index 12)
-----------------ETPA RESULT-------------------
Epoch 6: Validation	rmse: 21.42	mae: 17.11	mape: 119.72%	acc@10: 35.24%	acc@20: 66.08%	acc@30: 83.81%	
[2023-12-01 16:36:41] INFO (nni/MainThread) Intermediate result: 21.421955406547273  (Index 13)
*** Epoch: 7 ***
-----------------G2R RESULT-------------------

val result: krc:0.779 | lsd:0.638 | ed:0.965 | hr@1:0.639 | hr@2:0.866 | hr@3:0.916 | acc@1:0.639 | acc@2:0.58 | acc@3:0.548 | Best krc: 0.782 | Best epoch: 6
[2023-12-01 16:37:09] INFO (nni/MainThread) Intermediate result: 0.7790671010959599  (Index 14)
-----------------ETPA RESULT-------------------
Epoch 7: Validation	rmse: 21.06	mae: 16.91	mape: 119.33%	acc@10: 35.19%	acc@20: 66.3%	acc@30: 85.05%	
[2023-12-01 16:37:09] INFO (nni/MainThread) Intermediate result: 21.05642743854914  (Index 15)
*** Epoch: 8 ***
-----------------G2R RESULT-------------------

val result: krc:0.781 | lsd:0.649 | ed:0.965 | hr@1:0.638 | hr@2:0.869 | hr@3:0.916 | acc@1:0.638 | acc@2:0.585 | acc@3:0.55 | Best krc: 0.782 | Best epoch: 6
[2023-12-01 16:37:38] INFO (nni/MainThread) Intermediate result: 0.7810630591129062  (Index 16)
-----------------ETPA RESULT-------------------
Epoch 8: Validation	rmse: 20.7	mae: 16.68	mape: 119.19%	acc@10: 35.43%	acc@20: 66.71%	acc@30: 85.97%	
[2023-12-01 16:37:38] INFO (nni/MainThread) Intermediate result: 20.697091810326313  (Index 17)
*** Epoch: 9 ***
-----------------G2R RESULT-------------------

val result: krc:0.781 | lsd:0.654 | ed:0.951 | hr@1:0.64 | hr@2:0.868 | hr@3:0.916 | acc@1:0.64 | acc@2:0.587 | acc@3:0.553 | Best krc: 0.782 | Best epoch: 6
[2023-12-01 16:38:05] INFO (nni/MainThread) Intermediate result: 0.7811444905804328  (Index 18)
-----------------ETPA RESULT-------------------
Epoch 9: Validation	rmse: 20.34	mae: 16.44	mape: 118.16%	acc@10: 35.81%	acc@20: 67.3%	acc@30: 86.74%	
[2023-12-01 16:38:05] INFO (nni/MainThread) Intermediate result: 20.33973284157846  (Index 19)
*** Epoch: 10 ***
-----------------G2R RESULT-------------------

val result: krc:0.77 | lsd:0.632 | ed:1.008 | hr@1:0.633 | hr@2:0.868 | hr@3:0.914 | acc@1:0.633 | acc@2:0.573 | acc@3:0.531 | Best krc: 0.782 | Best epoch: 6
[2023-12-01 16:38:36] INFO (nni/MainThread) Intermediate result: 0.7700722264342728  (Index 20)
-----------------ETPA RESULT-------------------
Epoch 10: Validation	rmse: 20.29	mae: 16.4	mape: 118.86%	acc@10: 35.62%	acc@20: 67.47%	acc@30: 86.77%	
[2023-12-01 16:38:36] INFO (nni/MainThread) Intermediate result: 20.28724159382277  (Index 21)
*** Epoch: 11 ***
-----------------G2R RESULT-------------------

val result: krc:0.778 | lsd:0.631 | ed:0.971 | hr@1:0.646 | hr@2:0.87 | hr@3:0.915 | acc@1:0.646 | acc@2:0.586 | acc@3:0.548 | Best krc: 0.782 | Best epoch: 6
[2023-12-01 16:39:04] INFO (nni/MainThread) Intermediate result: 0.7777680885245379  (Index 22)
-----------------ETPA RESULT-------------------
Epoch 11: Validation	rmse: 20.0	mae: 16.2	mape: 118.17%	acc@10: 35.9%	acc@20: 68.02%	acc@30: 87.44%	
[2023-12-01 16:39:04] INFO (nni/MainThread) Intermediate result: 20.000927456966007  (Index 23)
*** Epoch: 12 ***
-----------------G2R RESULT-------------------

val result: krc:0.787 | lsd:0.63 | ed:0.951 | hr@1:0.649 | hr@2:0.872 | hr@3:0.916 | acc@1:0.649 | acc@2:0.594 | acc@3:0.558 | Best krc: 0.782 | Best epoch: 6
best model saved
[2023-12-01 16:39:33] INFO (nni/MainThread) Intermediate result: 0.786789774704073  (Index 24)
-----------------ETPA RESULT-------------------
Epoch 12: Validation	rmse: 19.74	mae: 16.0	mape: 117.24%	acc@10: 36.3%	acc@20: 68.49%	acc@30: 87.92%	
[2023-12-01 16:39:33] INFO (nni/MainThread) Intermediate result: 19.738052831958335  (Index 25)
*** Epoch: 13 ***
-----------------G2R RESULT-------------------

val result: krc:0.755 | lsd:0.732 | ed:1.068 | hr@1:0.62 | hr@2:0.856 | hr@3:0.901 | acc@1:0.62 | acc@2:0.559 | acc@3:0.514 | Best krc: 0.787 | Best epoch: 12
[2023-12-01 16:40:02] INFO (nni/MainThread) Intermediate result: 0.7547747764713222  (Index 26)
-----------------ETPA RESULT-------------------
Epoch 13: Validation	rmse: 19.74	mae: 16.04	mape: 117.99%	acc@10: 36.11%	acc@20: 68.28%	acc@30: 87.88%	
[2023-12-01 16:40:02] INFO (nni/MainThread) Intermediate result: 19.74164554309579  (Index 27)
*** Epoch: 14 ***
-----------------G2R RESULT-------------------

val result: krc:0.765 | lsd:0.707 | ed:1.024 | hr@1:0.634 | hr@2:0.862 | hr@3:0.905 | acc@1:0.634 | acc@2:0.579 | acc@3:0.543 | Best krc: 0.787 | Best epoch: 12
[2023-12-01 16:40:31] INFO (nni/MainThread) Intermediate result: 0.7650584997764711  (Index 28)
-----------------ETPA RESULT-------------------
Epoch 14: Validation	rmse: 19.62	mae: 15.96	mape: 117.76%	acc@10: 36.2%	acc@20: 68.35%	acc@30: 88.22%	
[2023-12-01 16:40:31] INFO (nni/MainThread) Intermediate result: 19.61754271865108  (Index 29)
*** Epoch: 15 ***
-----------------G2R RESULT-------------------

val result: krc:0.782 | lsd:0.655 | ed:0.954 | hr@1:0.637 | hr@2:0.866 | hr@3:0.913 | acc@1:0.637 | acc@2:0.582 | acc@3:0.551 | Best krc: 0.787 | Best epoch: 12
[2023-12-01 16:40:59] INFO (nni/MainThread) Intermediate result: 0.7817954712051782  (Index 30)
-----------------ETPA RESULT-------------------
Epoch 15: Validation	rmse: 19.5	mae: 15.89	mape: 117.49%	acc@10: 36.18%	acc@20: 68.54%	acc@30: 88.47%	
[2023-12-01 16:40:59] INFO (nni/MainThread) Intermediate result: 19.498214624837406  (Index 31)
*** Epoch: 16 ***
-----------------G2R RESULT-------------------

val result: krc:0.764 | lsd:0.674 | ed:1.002 | hr@1:0.637 | hr@2:0.862 | hr@3:0.908 | acc@1:0.637 | acc@2:0.578 | acc@3:0.537 | Best krc: 0.787 | Best epoch: 12
[2023-12-01 16:41:27] INFO (nni/MainThread) Intermediate result: 0.7640524546952182  (Index 32)
-----------------ETPA RESULT-------------------
Epoch 16: Validation	rmse: 19.42	mae: 15.84	mape: 117.48%	acc@10: 36.19%	acc@20: 68.67%	acc@30: 88.69%	
[2023-12-01 16:41:27] INFO (nni/MainThread) Intermediate result: 19.42004714719278  (Index 33)
*** Epoch: 17 ***
-----------------G2R RESULT-------------------

val result: krc:0.786 | lsd:0.632 | ed:0.944 | hr@1:0.646 | hr@2:0.87 | hr@3:0.917 | acc@1:0.646 | acc@2:0.59 | acc@3:0.561 | Best krc: 0.787 | Best epoch: 12
[2023-12-01 16:41:55] INFO (nni/MainThread) Intermediate result: 0.7862840574865061  (Index 34)
-----------------ETPA RESULT-------------------
Epoch 17: Validation	rmse: 19.25	mae: 15.72	mape: 116.85%	acc@10: 36.23%	acc@20: 69.03%	acc@30: 89.01%	
[2023-12-01 16:41:55] INFO (nni/MainThread) Intermediate result: 19.252813861557826  (Index 35)
*** Epoch: 18 ***
-----------------G2R RESULT-------------------

val result: krc:0.78 | lsd:0.66 | ed:0.961 | hr@1:0.646 | hr@2:0.87 | hr@3:0.913 | acc@1:0.646 | acc@2:0.591 | acc@3:0.55 | Best krc: 0.787 | Best epoch: 12
[2023-12-01 16:42:27] INFO (nni/MainThread) Intermediate result: 0.7803886699382983  (Index 36)
-----------------ETPA RESULT-------------------
Epoch 18: Validation	rmse: 19.09	mae: 15.59	mape: 116.01%	acc@10: 36.47%	acc@20: 69.42%	acc@30: 89.26%	
[2023-12-01 16:42:27] INFO (nni/MainThread) Intermediate result: 19.091132560418718  (Index 37)
*** Epoch: 19 ***
-----------------G2R RESULT-------------------

val result: krc:0.764 | lsd:0.675 | ed:1.008 | hr@1:0.638 | hr@2:0.863 | hr@3:0.907 | acc@1:0.638 | acc@2:0.578 | acc@3:0.533 | Best krc: 0.787 | Best epoch: 12
[2023-12-01 16:43:00] INFO (nni/MainThread) Intermediate result: 0.7643566189434138  (Index 38)
-----------------ETPA RESULT-------------------
Epoch 19: Validation	rmse: 18.95	mae: 15.48	mape: 115.29%	acc@10: 36.65%	acc@20: 69.76%	acc@30: 89.48%	
[2023-12-01 16:43:00] INFO (nni/MainThread) Intermediate result: 18.953699010343644  (Index 39)
*** Epoch: 20 ***
-----------------G2R RESULT-------------------

val result: krc:0.785 | lsd:0.653 | ed:0.949 | hr@1:0.647 | hr@2:0.871 | hr@3:0.915 | acc@1:0.647 | acc@2:0.592 | acc@3:0.557 | Best krc: 0.787 | Best epoch: 12
[2023-12-01 16:43:28] INFO (nni/MainThread) Intermediate result: 0.785307182736129  (Index 40)
-----------------ETPA RESULT-------------------
Epoch 20: Validation	rmse: 18.85	mae: 15.4	mape: 114.77%	acc@10: 36.83%	acc@20: 70.02%	acc@30: 89.63%	
[2023-12-01 16:43:28] INFO (nni/MainThread) Intermediate result: 18.84940822752086  (Index 41)
*** Epoch: 21 ***
-----------------G2R RESULT-------------------

val result: krc:0.77 | lsd:0.654 | ed:1.007 | hr@1:0.645 | hr@2:0.869 | hr@3:0.91 | acc@1:0.645 | acc@2:0.585 | acc@3:0.539 | Best krc: 0.787 | Best epoch: 12
[2023-12-01 16:43:55] INFO (nni/MainThread) Intermediate result: 0.7702850056063872  (Index 42)
-----------------ETPA RESULT-------------------
Epoch 21: Validation	rmse: 18.78	mae: 15.35	mape: 114.36%	acc@10: 36.97%	acc@20: 70.15%	acc@30: 89.71%	
[2023-12-01 16:43:55] INFO (nni/MainThread) Intermediate result: 18.784476639917663  (Index 43)
*** Epoch: 22 ***
-----------------G2R RESULT-------------------

val result: krc:0.788 | lsd:0.639 | ed:0.925 | hr@1:0.659 | hr@2:0.87 | hr@3:0.919 | acc@1:0.659 | acc@2:0.601 | acc@3:0.571 | Best krc: 0.787 | Best epoch: 12
best model saved
[2023-12-01 16:44:25] INFO (nni/MainThread) Intermediate result: 0.7883558592697203  (Index 44)
-----------------ETPA RESULT-------------------
Epoch 22: Validation	rmse: 18.72	mae: 15.3	mape: 114.08%	acc@10: 36.99%	acc@20: 70.34%	acc@30: 89.82%	
[2023-12-01 16:44:25] INFO (nni/MainThread) Intermediate result: 18.7165439206806  (Index 45)
*** Epoch: 23 ***
-----------------G2R RESULT-------------------

val result: krc:0.776 | lsd:0.628 | ed:0.972 | hr@1:0.645 | hr@2:0.872 | hr@3:0.915 | acc@1:0.645 | acc@2:0.589 | acc@3:0.55 | Best krc: 0.788 | Best epoch: 22
[2023-12-01 16:44:53] INFO (nni/MainThread) Intermediate result: 0.7756412798039382  (Index 46)
-----------------ETPA RESULT-------------------
Epoch 23: Validation	rmse: 18.55	mae: 15.16	mape: 112.97%	acc@10: 37.53%	acc@20: 70.8%	acc@30: 90.06%	
[2023-12-01 16:44:53] INFO (nni/MainThread) Intermediate result: 18.554553155897494  (Index 47)
*** Epoch: 24 ***
-----------------G2R RESULT-------------------

val result: krc:0.787 | lsd:0.632 | ed:0.937 | hr@1:0.649 | hr@2:0.872 | hr@3:0.917 | acc@1:0.649 | acc@2:0.591 | acc@3:0.56 | Best krc: 0.788 | Best epoch: 22
[2023-12-01 16:45:21] INFO (nni/MainThread) Intermediate result: 0.7868799794029352  (Index 48)
-----------------ETPA RESULT-------------------
Epoch 24: Validation	rmse: 18.4	mae: 15.03	mape: 112.02%	acc@10: 37.96%	acc@20: 71.2%	acc@30: 90.31%	
[2023-12-01 16:45:21] INFO (nni/MainThread) Intermediate result: 18.402164798239326  (Index 49)
*** Epoch: 25 ***
-----------------G2R RESULT-------------------

val result: krc:0.788 | lsd:0.63 | ed:0.931 | hr@1:0.653 | hr@2:0.873 | hr@3:0.919 | acc@1:0.653 | acc@2:0.595 | acc@3:0.568 | Best krc: 0.788 | Best epoch: 22
[2023-12-01 16:45:48] INFO (nni/MainThread) Intermediate result: 0.7877218135635276  (Index 50)
-----------------ETPA RESULT-------------------
Epoch 25: Validation	rmse: 18.31	mae: 14.95	mape: 111.43%	acc@10: 38.15%	acc@20: 71.51%	acc@30: 90.44%	
[2023-12-01 16:45:48] INFO (nni/MainThread) Intermediate result: 18.311129539750834  (Index 51)
*** Epoch: 26 ***
-----------------G2R RESULT-------------------

val result: krc:0.79 | lsd:0.617 | ed:0.926 | hr@1:0.657 | hr@2:0.874 | hr@3:0.919 | acc@1:0.657 | acc@2:0.601 | acc@3:0.572 | Best krc: 0.788 | Best epoch: 22
best model saved
[2023-12-01 16:46:18] INFO (nni/MainThread) Intermediate result: 0.790272167709859  (Index 52)
-----------------ETPA RESULT-------------------
Epoch 26: Validation	rmse: 18.26	mae: 14.91	mape: 111.16%	acc@10: 38.18%	acc@20: 71.7%	acc@30: 90.49%	
[2023-12-01 16:46:18] INFO (nni/MainThread) Intermediate result: 18.258602671401913  (Index 53)
*** Epoch: 27 ***
-----------------G2R RESULT-------------------

val result: krc:0.785 | lsd:0.628 | ed:0.947 | hr@1:0.655 | hr@2:0.872 | hr@3:0.917 | acc@1:0.655 | acc@2:0.597 | acc@3:0.563 | Best krc: 0.79 | Best epoch: 26
[2023-12-01 16:47:02] INFO (nni/MainThread) Intermediate result: 0.7850210305654118  (Index 54)
-----------------ETPA RESULT-------------------
Epoch 27: Validation	rmse: 18.16	mae: 14.83	mape: 110.5%	acc@10: 38.39%	acc@20: 72.04%	acc@30: 90.66%	
[2023-12-01 16:47:02] INFO (nni/MainThread) Intermediate result: 18.162094231400296  (Index 55)
*** Epoch: 28 ***
-----------------G2R RESULT-------------------

val result: krc:0.787 | lsd:0.64 | ed:0.943 | hr@1:0.652 | hr@2:0.872 | hr@3:0.916 | acc@1:0.652 | acc@2:0.6 | acc@3:0.565 | Best krc: 0.79 | Best epoch: 26
[2023-12-01 16:47:41] INFO (nni/MainThread) Intermediate result: 0.7872463949595562  (Index 56)
-----------------ETPA RESULT-------------------
Epoch 28: Validation	rmse: 18.14	mae: 14.81	mape: 110.34%	acc@10: 38.39%	acc@20: 72.13%	acc@30: 90.72%	
[2023-12-01 16:47:41] INFO (nni/MainThread) Intermediate result: 18.14060263864293  (Index 57)
*** Epoch: 29 ***
-----------------G2R RESULT-------------------

val result: krc:0.766 | lsd:0.664 | ed:1.017 | hr@1:0.644 | hr@2:0.867 | hr@3:0.909 | acc@1:0.644 | acc@2:0.584 | acc@3:0.54 | Best krc: 0.79 | Best epoch: 26
[2023-12-01 16:48:10] INFO (nni/MainThread) Intermediate result: 0.7660291723693561  (Index 58)
-----------------ETPA RESULT-------------------
Epoch 29: Validation	rmse: 18.02	mae: 14.72	mape: 109.63%	acc@10: 38.67%	acc@20: 72.46%	acc@30: 90.89%	
[2023-12-01 16:48:10] INFO (nni/MainThread) Intermediate result: 18.024984346667082  (Index 59)
*** Epoch: 30 ***
-----------------G2R RESULT-------------------

val result: krc:0.788 | lsd:0.628 | ed:0.939 | hr@1:0.654 | hr@2:0.872 | hr@3:0.918 | acc@1:0.654 | acc@2:0.597 | acc@3:0.566 | Best krc: 0.79 | Best epoch: 26
[2023-12-01 16:48:40] INFO (nni/MainThread) Intermediate result: 0.7882163165503786  (Index 60)
-----------------ETPA RESULT-------------------
Epoch 30: Validation	rmse: 17.92	mae: 14.63	mape: 108.82%	acc@10: 39.04%	acc@20: 72.78%	acc@30: 91.02%	
[2023-12-01 16:48:40] INFO (nni/MainThread) Intermediate result: 17.922105364912312  (Index 61)
*** Epoch: 31 ***
-----------------G2R RESULT-------------------

val result: krc:0.782 | lsd:0.656 | ed:0.953 | hr@1:0.65 | hr@2:0.869 | hr@3:0.916 | acc@1:0.65 | acc@2:0.592 | acc@3:0.557 | Best krc: 0.79 | Best epoch: 26
[2023-12-01 16:49:09] INFO (nni/MainThread) Intermediate result: 0.7816993342047996  (Index 62)
-----------------ETPA RESULT-------------------
Epoch 31: Validation	rmse: 17.84	mae: 14.56	mape: 108.24%	acc@10: 39.25%	acc@20: 73.11%	acc@30: 91.11%	
[2023-12-01 16:49:09] INFO (nni/MainThread) Intermediate result: 17.844248966615957  (Index 63)
*** Epoch: 32 ***
-----------------G2R RESULT-------------------

val result: krc:0.785 | lsd:0.647 | ed:0.947 | hr@1:0.647 | hr@2:0.873 | hr@3:0.917 | acc@1:0.647 | acc@2:0.593 | acc@3:0.562 | Best krc: 0.79 | Best epoch: 26
[2023-12-01 16:49:38] INFO (nni/MainThread) Intermediate result: 0.7853869905378431  (Index 64)
-----------------ETPA RESULT-------------------
Epoch 32: Validation	rmse: 17.73	mae: 14.47	mape: 107.42%	acc@10: 39.57%	acc@20: 73.47%	acc@30: 91.27%	
[2023-12-01 16:49:38] INFO (nni/MainThread) Intermediate result: 17.73352606953377  (Index 65)
*** Epoch: 33 ***
-----------------G2R RESULT-------------------

val result: krc:0.791 | lsd:0.628 | ed:0.927 | hr@1:0.658 | hr@2:0.874 | hr@3:0.919 | acc@1:0.658 | acc@2:0.604 | acc@3:0.573 | Best krc: 0.79 | Best epoch: 26
best model saved
[2023-12-01 16:50:09] INFO (nni/MainThread) Intermediate result: 0.7912049721319507  (Index 66)
-----------------ETPA RESULT-------------------
Epoch 33: Validation	rmse: 17.68	mae: 14.42	mape: 106.97%	acc@10: 39.74%	acc@20: 73.69%	acc@30: 91.34%	
[2023-12-01 16:50:09] INFO (nni/MainThread) Intermediate result: 17.67848573903502  (Index 67)
*** Epoch: 34 ***
-----------------G2R RESULT-------------------

val result: krc:0.791 | lsd:0.625 | ed:0.933 | hr@1:0.66 | hr@2:0.876 | hr@3:0.921 | acc@1:0.66 | acc@2:0.603 | acc@3:0.572 | Best krc: 0.791 | Best epoch: 33
[2023-12-01 16:50:39] INFO (nni/MainThread) Intermediate result: 0.7909873588491865  (Index 68)
-----------------ETPA RESULT-------------------
Epoch 34: Validation	rmse: 17.63	mae: 14.38	mape: 106.63%	acc@10: 39.89%	acc@20: 73.82%	acc@30: 91.44%	
[2023-12-01 16:50:39] INFO (nni/MainThread) Intermediate result: 17.62546013321133  (Index 69)
*** Epoch: 35 ***
-----------------G2R RESULT-------------------

val result: krc:0.795 | lsd:0.635 | ed:0.925 | hr@1:0.658 | hr@2:0.877 | hr@3:0.922 | acc@1:0.658 | acc@2:0.602 | acc@3:0.571 | Best krc: 0.791 | Best epoch: 33
best model saved
[2023-12-01 16:51:08] INFO (nni/MainThread) Intermediate result: 0.795112895978659  (Index 70)
-----------------ETPA RESULT-------------------
Epoch 35: Validation	rmse: 17.54	mae: 14.3	mape: 105.96%	acc@10: 40.21%	acc@20: 74.06%	acc@30: 91.57%	
[2023-12-01 16:51:08] INFO (nni/MainThread) Intermediate result: 17.536397338420873  (Index 71)
*** Epoch: 36 ***
-----------------G2R RESULT-------------------

val result: krc:0.779 | lsd:0.626 | ed:0.98 | hr@1:0.653 | hr@2:0.875 | hr@3:0.918 | acc@1:0.653 | acc@2:0.591 | acc@3:0.55 | Best krc: 0.795 | Best epoch: 35
[2023-12-01 16:51:37] INFO (nni/MainThread) Intermediate result: 0.7794411962230066  (Index 72)
-----------------ETPA RESULT-------------------
Epoch 36: Validation	rmse: 17.49	mae: 14.26	mape: 105.59%	acc@10: 40.29%	acc@20: 74.19%	acc@30: 91.65%	
[2023-12-01 16:51:37] INFO (nni/MainThread) Intermediate result: 17.48854476061548  (Index 73)
*** Epoch: 37 ***
-----------------G2R RESULT-------------------

val result: krc:0.793 | lsd:0.633 | ed:0.925 | hr@1:0.659 | hr@2:0.878 | hr@3:0.923 | acc@1:0.659 | acc@2:0.603 | acc@3:0.571 | Best krc: 0.795 | Best epoch: 35
[2023-12-01 16:52:06] INFO (nni/MainThread) Intermediate result: 0.7925296546721994  (Index 74)
-----------------ETPA RESULT-------------------
Epoch 37: Validation	rmse: 17.41	mae: 14.19	mape: 104.92%	acc@10: 40.68%	acc@20: 74.47%	acc@30: 91.72%	
[2023-12-01 16:52:06] INFO (nni/MainThread) Intermediate result: 17.405577966427877  (Index 75)
*** Epoch: 38 ***
-----------------G2R RESULT-------------------

val result: krc:0.794 | lsd:0.615 | ed:0.927 | hr@1:0.663 | hr@2:0.875 | hr@3:0.922 | acc@1:0.663 | acc@2:0.601 | acc@3:0.571 | Best krc: 0.795 | Best epoch: 35
[2023-12-01 16:52:34] INFO (nni/MainThread) Intermediate result: 0.7939973660568325  (Index 76)
-----------------ETPA RESULT-------------------
Epoch 38: Validation	rmse: 17.39	mae: 14.17	mape: 104.82%	acc@10: 40.64%	acc@20: 74.6%	acc@30: 91.76%	
[2023-12-01 16:52:34] INFO (nni/MainThread) Intermediate result: 17.386168620437193  (Index 77)
*** Epoch: 39 ***
-----------------G2R RESULT-------------------

val result: krc:0.78 | lsd:0.624 | ed:0.979 | hr@1:0.655 | hr@2:0.871 | hr@3:0.915 | acc@1:0.655 | acc@2:0.59 | acc@3:0.553 | Best krc: 0.795 | Best epoch: 35
[2023-12-01 16:53:03] INFO (nni/MainThread) Intermediate result: 0.7797057007026399  (Index 78)
-----------------ETPA RESULT-------------------
Epoch 39: Validation	rmse: 17.34	mae: 14.14	mape: 104.59%	acc@10: 40.69%	acc@20: 74.71%	acc@30: 91.87%	
[2023-12-01 16:53:03] INFO (nni/MainThread) Intermediate result: 17.34296011259231  (Index 79)
*** Epoch: 40 ***
-----------------G2R RESULT-------------------

val result: krc:0.789 | lsd:0.607 | ed:0.944 | hr@1:0.657 | hr@2:0.875 | hr@3:0.917 | acc@1:0.657 | acc@2:0.601 | acc@3:0.563 | Best krc: 0.795 | Best epoch: 35
[2023-12-01 16:53:31] INFO (nni/MainThread) Intermediate result: 0.789135514277622  (Index 80)
-----------------ETPA RESULT-------------------
Epoch 40: Validation	rmse: 17.3	mae: 14.1	mape: 104.21%	acc@10: 40.86%	acc@20: 74.87%	acc@30: 91.92%	
[2023-12-01 16:53:31] INFO (nni/MainThread) Intermediate result: 17.300634284304873  (Index 81)
*** Epoch: 41 ***
-----------------G2R RESULT-------------------

val result: krc:0.796 | lsd:0.605 | ed:0.908 | hr@1:0.671 | hr@2:0.878 | hr@3:0.921 | acc@1:0.671 | acc@2:0.614 | acc@3:0.582 | Best krc: 0.795 | Best epoch: 35
best model saved
[2023-12-01 16:54:05] INFO (nni/MainThread) Intermediate result: 0.7964674623179214  (Index 82)
-----------------ETPA RESULT-------------------
Epoch 41: Validation	rmse: 17.23	mae: 14.05	mape: 103.74%	acc@10: 41.02%	acc@20: 75.04%	acc@30: 92.04%	
[2023-12-01 16:54:05] INFO (nni/MainThread) Intermediate result: 17.233434631254223  (Index 83)
*** Epoch: 42 ***
-----------------G2R RESULT-------------------

val result: krc:0.793 | lsd:0.628 | ed:0.924 | hr@1:0.667 | hr@2:0.876 | hr@3:0.919 | acc@1:0.667 | acc@2:0.608 | acc@3:0.575 | Best krc: 0.796 | Best epoch: 41
[2023-12-01 16:54:49] INFO (nni/MainThread) Intermediate result: 0.7934904331931003  (Index 84)
-----------------ETPA RESULT-------------------
Epoch 42: Validation	rmse: 17.17	mae: 13.99	mape: 103.25%	acc@10: 41.17%	acc@20: 75.23%	acc@30: 92.13%	
[2023-12-01 16:54:49] INFO (nni/MainThread) Intermediate result: 17.1688388208412  (Index 85)
*** Epoch: 43 ***
-----------------G2R RESULT-------------------

val result: krc:0.78 | lsd:0.622 | ed:0.977 | hr@1:0.655 | hr@2:0.873 | hr@3:0.915 | acc@1:0.655 | acc@2:0.591 | acc@3:0.552 | Best krc: 0.796 | Best epoch: 41
[2023-12-01 16:55:24] INFO (nni/MainThread) Intermediate result: 0.779838311294367  (Index 86)
-----------------ETPA RESULT-------------------
Epoch 43: Validation	rmse: 17.13	mae: 13.96	mape: 103.03%	acc@10: 41.2%	acc@20: 75.32%	acc@30: 92.21%	
[2023-12-01 16:55:24] INFO (nni/MainThread) Intermediate result: 17.13176645654592  (Index 87)
*** Epoch: 44 ***
-----------------G2R RESULT-------------------

val result: krc:0.783 | lsd:0.616 | ed:0.959 | hr@1:0.661 | hr@2:0.872 | hr@3:0.915 | acc@1:0.661 | acc@2:0.597 | acc@3:0.56 | Best krc: 0.796 | Best epoch: 41
[2023-12-01 16:55:57] INFO (nni/MainThread) Intermediate result: 0.782835118856107  (Index 88)
-----------------ETPA RESULT-------------------
Epoch 44: Validation	rmse: 17.11	mae: 13.95	mape: 102.95%	acc@10: 41.2%	acc@20: 75.36%	acc@30: 92.26%	
[2023-12-01 16:55:57] INFO (nni/MainThread) Intermediate result: 17.112390847365642  (Index 89)
*** Epoch: 45 ***
-----------------G2R RESULT-------------------

val result: krc:0.801 | lsd:0.62 | ed:0.899 | hr@1:0.675 | hr@2:0.877 | hr@3:0.921 | acc@1:0.675 | acc@2:0.617 | acc@3:0.583 | Best krc: 0.796 | Best epoch: 41
best model saved
[2023-12-01 16:56:27] INFO (nni/MainThread) Intermediate result: 0.8007230554672617  (Index 90)
-----------------ETPA RESULT-------------------
Epoch 45: Validation	rmse: 17.1	mae: 13.95	mape: 102.95%	acc@10: 41.15%	acc@20: 75.39%	acc@30: 92.29%	
[2023-12-01 16:56:27] INFO (nni/MainThread) Intermediate result: 17.101819835331813  (Index 91)
*** Epoch: 46 ***
-----------------G2R RESULT-------------------

val result: krc:0.803 | lsd:0.585 | ed:0.894 | hr@1:0.679 | hr@2:0.878 | hr@3:0.923 | acc@1:0.679 | acc@2:0.621 | acc@3:0.589 | Best krc: 0.801 | Best epoch: 45
best model saved
[2023-12-01 16:56:57] INFO (nni/MainThread) Intermediate result: 0.8025236290212241  (Index 92)
-----------------ETPA RESULT-------------------
Epoch 46: Validation	rmse: 17.05	mae: 13.91	mape: 102.58%	acc@10: 41.28%	acc@20: 75.52%	acc@30: 92.37%	
[2023-12-01 16:56:57] INFO (nni/MainThread) Intermediate result: 17.053349583087492  (Index 93)
*** Epoch: 47 ***
-----------------G2R RESULT-------------------

val result: krc:0.8 | lsd:0.597 | ed:0.894 | hr@1:0.678 | hr@2:0.88 | hr@3:0.924 | acc@1:0.678 | acc@2:0.617 | acc@3:0.585 | Best krc: 0.803 | Best epoch: 46
[2023-12-01 16:57:37] INFO (nni/MainThread) Intermediate result: 0.8004198476870099  (Index 94)
-----------------ETPA RESULT-------------------
Epoch 47: Validation	rmse: 16.97	mae: 13.84	mape: 101.93%	acc@10: 41.47%	acc@20: 75.76%	acc@30: 92.48%	
[2023-12-01 16:57:37] INFO (nni/MainThread) Intermediate result: 16.97454440913905  (Index 95)
*** Epoch: 48 ***
-----------------G2R RESULT-------------------

val result: krc:0.801 | lsd:0.584 | ed:0.897 | hr@1:0.676 | hr@2:0.878 | hr@3:0.92 | acc@1:0.676 | acc@2:0.617 | acc@3:0.582 | Best krc: 0.803 | Best epoch: 46
[2023-12-01 16:58:16] INFO (nni/MainThread) Intermediate result: 0.8014657207923497  (Index 96)
-----------------ETPA RESULT-------------------
Epoch 48: Validation	rmse: 16.93	mae: 13.81	mape: 101.61%	acc@10: 41.59%	acc@20: 75.87%	acc@30: 92.57%	
[2023-12-01 16:58:16] INFO (nni/MainThread) Intermediate result: 16.926043793800524  (Index 97)
*** Epoch: 49 ***
-----------------G2R RESULT-------------------

val result: krc:0.802 | lsd:0.586 | ed:0.9 | hr@1:0.678 | hr@2:0.879 | hr@3:0.923 | acc@1:0.678 | acc@2:0.619 | acc@3:0.585 | Best krc: 0.803 | Best epoch: 46
[2023-12-01 16:58:45] INFO (nni/MainThread) Intermediate result: 0.8020798437501542  (Index 98)
-----------------ETPA RESULT-------------------
Epoch 49: Validation	rmse: 16.89	mae: 13.77	mape: 101.3%	acc@10: 41.67%	acc@20: 75.99%	acc@30: 92.64%	
[2023-12-01 16:58:45] INFO (nni/MainThread) Intermediate result: 16.886136259854368  (Index 99)
*** Epoch: 50 ***
-----------------G2R RESULT-------------------

val result: krc:0.803 | lsd:0.581 | ed:0.899 | hr@1:0.68 | hr@2:0.876 | hr@3:0.921 | acc@1:0.68 | acc@2:0.62 | acc@3:0.587 | Best krc: 0.803 | Best epoch: 46
best model saved
[2023-12-01 16:59:15] INFO (nni/MainThread) Intermediate result: 0.8031975554931392  (Index 100)
-----------------ETPA RESULT-------------------
Epoch 50: Validation	rmse: 16.85	mae: 13.75	mape: 101.06%	acc@10: 41.76%	acc@20: 76.05%	acc@30: 92.71%	
[2023-12-01 16:59:15] INFO (nni/MainThread) Intermediate result: 16.85428931761135  (Index 101)
*** Epoch: 51 ***
-----------------G2R RESULT-------------------

val result: krc:0.795 | lsd:0.583 | ed:0.948 | hr@1:0.679 | hr@2:0.877 | hr@3:0.918 | acc@1:0.679 | acc@2:0.617 | acc@3:0.574 | Best krc: 0.803 | Best epoch: 50
[2023-12-01 16:59:44] INFO (nni/MainThread) Intermediate result: 0.795090299585271  (Index 102)
-----------------ETPA RESULT-------------------
Epoch 51: Validation	rmse: 16.8	mae: 13.7	mape: 100.6%	acc@10: 41.92%	acc@20: 76.2%	acc@30: 92.79%	
[2023-12-01 16:59:44] INFO (nni/MainThread) Intermediate result: 16.79792237412536  (Index 103)
*** Epoch: 52 ***
-----------------G2R RESULT-------------------

val result: krc:0.808 | lsd:0.566 | ed:0.887 | hr@1:0.681 | hr@2:0.877 | hr@3:0.923 | acc@1:0.681 | acc@2:0.617 | acc@3:0.586 | Best krc: 0.803 | Best epoch: 50
best model saved
[2023-12-01 17:00:15] INFO (nni/MainThread) Intermediate result: 0.8081782765648091  (Index 104)
-----------------ETPA RESULT-------------------
Epoch 52: Validation	rmse: 16.78	mae: 13.68	mape: 100.43%	acc@10: 41.98%	acc@20: 76.26%	acc@30: 92.82%	
[2023-12-01 17:00:15] INFO (nni/MainThread) Intermediate result: 16.782382451169426  (Index 105)
*** Epoch: 53 ***
-----------------G2R RESULT-------------------

val result: krc:0.801 | lsd:0.596 | ed:0.927 | hr@1:0.683 | hr@2:0.875 | hr@3:0.915 | acc@1:0.683 | acc@2:0.615 | acc@3:0.575 | Best krc: 0.808 | Best epoch: 52
[2023-12-01 17:00:46] INFO (nni/MainThread) Intermediate result: 0.8012702910298013  (Index 106)
-----------------ETPA RESULT-------------------
Epoch 53: Validation	rmse: 16.74	mae: 13.64	mape: 100.06%	acc@10: 42.17%	acc@20: 76.37%	acc@30: 92.87%	
[2023-12-01 17:00:46] INFO (nni/MainThread) Intermediate result: 16.742887752041455  (Index 107)
*** Epoch: 54 ***
-----------------G2R RESULT-------------------

val result: krc:0.803 | lsd:0.587 | ed:0.896 | hr@1:0.681 | hr@2:0.876 | hr@3:0.922 | acc@1:0.681 | acc@2:0.621 | acc@3:0.589 | Best krc: 0.808 | Best epoch: 52
[2023-12-01 17:01:17] INFO (nni/MainThread) Intermediate result: 0.8025780473878419  (Index 108)
-----------------ETPA RESULT-------------------
Epoch 54: Validation	rmse: 16.71	mae: 13.62	mape: 99.83%	acc@10: 42.24%	acc@20: 76.47%	acc@30: 92.92%	
[2023-12-01 17:01:17] INFO (nni/MainThread) Intermediate result: 16.71135460848083  (Index 109)
*** Epoch: 55 ***
-----------------G2R RESULT-------------------

val result: krc:0.805 | lsd:0.59 | ed:0.892 | hr@1:0.681 | hr@2:0.88 | hr@3:0.923 | acc@1:0.681 | acc@2:0.622 | acc@3:0.591 | Best krc: 0.808 | Best epoch: 52
[2023-12-01 17:01:51] INFO (nni/MainThread) Intermediate result: 0.8050274032434065  (Index 110)
-----------------ETPA RESULT-------------------
Epoch 55: Validation	rmse: 16.65	mae: 13.56	mape: 99.22%	acc@10: 42.51%	acc@20: 76.63%	acc@30: 92.98%	
[2023-12-01 17:01:51] INFO (nni/MainThread) Intermediate result: 16.65397902608042  (Index 111)
*** Epoch: 56 ***
-----------------G2R RESULT-------------------

val result: krc:0.794 | lsd:0.616 | ed:0.935 | hr@1:0.679 | hr@2:0.88 | hr@3:0.923 | acc@1:0.679 | acc@2:0.617 | acc@3:0.578 | Best krc: 0.808 | Best epoch: 52
[2023-12-01 17:02:31] INFO (nni/MainThread) Intermediate result: 0.7937450921359974  (Index 112)
-----------------ETPA RESULT-------------------
Epoch 56: Validation	rmse: 16.61	mae: 13.52	mape: 98.79%	acc@10: 42.69%	acc@20: 76.74%	acc@30: 93.04%	
[2023-12-01 17:02:31] INFO (nni/MainThread) Intermediate result: 16.60598181743148  (Index 113)
*** Epoch: 57 ***
-----------------G2R RESULT-------------------

val result: krc:0.81 | lsd:0.575 | ed:0.871 | hr@1:0.692 | hr@2:0.882 | hr@3:0.926 | acc@1:0.692 | acc@2:0.632 | acc@3:0.599 | Best krc: 0.808 | Best epoch: 52
best model saved
[2023-12-01 17:03:16] INFO (nni/MainThread) Intermediate result: 0.8100397563537047  (Index 114)
-----------------ETPA RESULT-------------------
Epoch 57: Validation	rmse: 16.58	mae: 13.49	mape: 98.52%	acc@10: 42.79%	acc@20: 76.81%	acc@30: 93.06%	
[2023-12-01 17:03:16] INFO (nni/MainThread) Intermediate result: 16.58018461557679  (Index 115)
*** Epoch: 58 ***
-----------------G2R RESULT-------------------

val result: krc:0.805 | lsd:0.591 | ed:0.895 | hr@1:0.686 | hr@2:0.878 | hr@3:0.923 | acc@1:0.686 | acc@2:0.627 | acc@3:0.593 | Best krc: 0.81 | Best epoch: 57
[2023-12-01 17:04:01] INFO (nni/MainThread) Intermediate result: 0.8052900404102852  (Index 116)
-----------------ETPA RESULT-------------------
Epoch 58: Validation	rmse: 16.56	mae: 13.47	mape: 98.31%	acc@10: 42.88%	acc@20: 76.89%	acc@30: 93.09%	
[2023-12-01 17:04:01] INFO (nni/MainThread) Intermediate result: 16.555862709969812  (Index 117)
*** Epoch: 59 ***
-----------------G2R RESULT-------------------

val result: krc:0.808 | lsd:0.578 | ed:0.878 | hr@1:0.686 | hr@2:0.883 | hr@3:0.926 | acc@1:0.686 | acc@2:0.628 | acc@3:0.596 | Best krc: 0.81 | Best epoch: 57
[2023-12-01 17:04:46] INFO (nni/MainThread) Intermediate result: 0.8076176633937892  (Index 118)
-----------------ETPA RESULT-------------------
Epoch 59: Validation	rmse: 16.5	mae: 13.42	mape: 97.81%	acc@10: 43.09%	acc@20: 77.06%	acc@30: 93.15%	
[2023-12-01 17:04:46] INFO (nni/MainThread) Intermediate result: 16.50295589661853  (Index 119)
*** Epoch: 60 ***
-----------------G2R RESULT-------------------

val result: krc:0.813 | lsd:0.561 | ed:0.857 | hr@1:0.695 | hr@2:0.883 | hr@3:0.923 | acc@1:0.695 | acc@2:0.634 | acc@3:0.601 | Best krc: 0.81 | Best epoch: 57
best model saved
[2023-12-01 17:05:16] INFO (nni/MainThread) Intermediate result: 0.8133781226304183  (Index 120)
-----------------ETPA RESULT-------------------
Epoch 60: Validation	rmse: 16.47	mae: 13.38	mape: 97.41%	acc@10: 43.28%	acc@20: 77.17%	acc@30: 93.18%	
[2023-12-01 17:05:16] INFO (nni/MainThread) Intermediate result: 16.466416430113625  (Index 121)
*** Epoch: 61 ***
-----------------G2R RESULT-------------------

val result: krc:0.794 | lsd:0.604 | ed:0.936 | hr@1:0.683 | hr@2:0.875 | hr@3:0.917 | acc@1:0.683 | acc@2:0.618 | acc@3:0.579 | Best krc: 0.813 | Best epoch: 60
[2023-12-01 17:05:47] INFO (nni/MainThread) Intermediate result: 0.7936332788978178  (Index 122)
-----------------ETPA RESULT-------------------
Epoch 61: Validation	rmse: 16.46	mae: 13.37	mape: 97.32%	acc@10: 43.36%	acc@20: 77.2%	acc@30: 93.18%	
[2023-12-01 17:05:47] INFO (nni/MainThread) Intermediate result: 16.45920019319921  (Index 123)
*** Epoch: 62 ***
-----------------G2R RESULT-------------------

val result: krc:0.815 | lsd:0.578 | ed:0.871 | hr@1:0.703 | hr@2:0.879 | hr@3:0.925 | acc@1:0.703 | acc@2:0.637 | acc@3:0.606 | Best krc: 0.813 | Best epoch: 60
best model saved
[2023-12-01 17:06:22] INFO (nni/MainThread) Intermediate result: 0.8148832019492273  (Index 124)
-----------------ETPA RESULT-------------------
Epoch 62: Validation	rmse: 16.45	mae: 13.36	mape: 97.17%	acc@10: 43.43%	acc@20: 77.27%	acc@30: 93.15%	
[2023-12-01 17:06:22] INFO (nni/MainThread) Intermediate result: 16.44748590365582  (Index 125)
*** Epoch: 63 ***
-----------------G2R RESULT-------------------

val result: krc:0.816 | lsd:0.571 | ed:0.865 | hr@1:0.7 | hr@2:0.882 | hr@3:0.926 | acc@1:0.7 | acc@2:0.635 | acc@3:0.603 | Best krc: 0.815 | Best epoch: 62
best model saved
[2023-12-01 17:06:53] INFO (nni/MainThread) Intermediate result: 0.8156274592304324  (Index 126)
-----------------ETPA RESULT-------------------
Epoch 63: Validation	rmse: 16.43	mae: 13.34	mape: 96.95%	acc@10: 43.51%	acc@20: 77.33%	acc@30: 93.16%	
[2023-12-01 17:06:53] INFO (nni/MainThread) Intermediate result: 16.425749835036363  (Index 127)
*** Epoch: 64 ***
-----------------G2R RESULT-------------------

val result: krc:0.806 | lsd:0.572 | ed:0.895 | hr@1:0.697 | hr@2:0.881 | hr@3:0.922 | acc@1:0.697 | acc@2:0.631 | acc@3:0.595 | Best krc: 0.816 | Best epoch: 63
[2023-12-01 17:07:27] INFO (nni/MainThread) Intermediate result: 0.8057365565979473  (Index 128)
-----------------ETPA RESULT-------------------
Epoch 64: Validation	rmse: 16.4	mae: 13.31	mape: 96.69%	acc@10: 43.62%	acc@20: 77.42%	acc@30: 93.16%	
[2023-12-01 17:07:27] INFO (nni/MainThread) Intermediate result: 16.40349975998875  (Index 129)
*** Epoch: 65 ***
-----------------G2R RESULT-------------------

val result: krc:0.796 | lsd:0.623 | ed:0.93 | hr@1:0.698 | hr@2:0.88 | hr@3:0.918 | acc@1:0.698 | acc@2:0.629 | acc@3:0.584 | Best krc: 0.816 | Best epoch: 63
[2023-12-01 17:08:00] INFO (nni/MainThread) Intermediate result: 0.7963979054840445  (Index 130)
-----------------ETPA RESULT-------------------
Epoch 65: Validation	rmse: 16.37	mae: 13.28	mape: 96.37%	acc@10: 43.76%	acc@20: 77.5%	acc@30: 93.22%	
[2023-12-01 17:08:00] INFO (nni/MainThread) Intermediate result: 16.370238712526458  (Index 131)
*** Epoch: 66 ***
-----------------G2R RESULT-------------------

val result: krc:0.803 | lsd:0.599 | ed:0.906 | hr@1:0.7 | hr@2:0.881 | hr@3:0.922 | acc@1:0.7 | acc@2:0.636 | acc@3:0.596 | Best krc: 0.816 | Best epoch: 63
[2023-12-01 17:08:36] INFO (nni/MainThread) Intermediate result: 0.8025115023278557  (Index 132)
-----------------ETPA RESULT-------------------
Epoch 66: Validation	rmse: 16.34	mae: 13.26	mape: 96.11%	acc@10: 43.89%	acc@20: 77.53%	acc@30: 93.27%	
[2023-12-01 17:08:36] INFO (nni/MainThread) Intermediate result: 16.342499930329556  (Index 133)
*** Epoch: 67 ***
-----------------G2R RESULT-------------------

val result: krc:0.814 | lsd:0.571 | ed:0.855 | hr@1:0.706 | hr@2:0.88 | hr@3:0.923 | acc@1:0.706 | acc@2:0.641 | acc@3:0.608 | Best krc: 0.816 | Best epoch: 63
[2023-12-01 17:09:07] INFO (nni/MainThread) Intermediate result: 0.8140923673324196  (Index 134)
-----------------ETPA RESULT-------------------
Epoch 67: Validation	rmse: 16.31	mae: 13.23	mape: 95.77%	acc@10: 44.03%	acc@20: 77.64%	acc@30: 93.31%	
[2023-12-01 17:09:07] INFO (nni/MainThread) Intermediate result: 16.308255002898292  (Index 135)
*** Epoch: 68 ***
-----------------G2R RESULT-------------------

val result: krc:0.817 | lsd:0.557 | ed:0.847 | hr@1:0.705 | hr@2:0.881 | hr@3:0.923 | acc@1:0.705 | acc@2:0.644 | acc@3:0.61 | Best krc: 0.816 | Best epoch: 63
best model saved
[2023-12-01 17:09:37] INFO (nni/MainThread) Intermediate result: 0.8166803896843248  (Index 136)
-----------------ETPA RESULT-------------------
Epoch 68: Validation	rmse: 16.28	mae: 13.2	mape: 95.46%	acc@10: 44.18%	acc@20: 77.72%	acc@30: 93.33%	
[2023-12-01 17:09:37] INFO (nni/MainThread) Intermediate result: 16.278871669291156  (Index 137)
*** Epoch: 69 ***
-----------------G2R RESULT-------------------

val result: krc:0.817 | lsd:0.556 | ed:0.857 | hr@1:0.7 | hr@2:0.888 | hr@3:0.929 | acc@1:0.7 | acc@2:0.646 | acc@3:0.614 | Best krc: 0.817 | Best epoch: 68
best model saved
[2023-12-01 17:10:09] INFO (nni/MainThread) Intermediate result: 0.8172040850046972  (Index 138)
-----------------ETPA RESULT-------------------
Epoch 69: Validation	rmse: 16.25	mae: 13.17	mape: 95.17%	acc@10: 44.29%	acc@20: 77.8%	acc@30: 93.38%	
[2023-12-01 17:10:09] INFO (nni/MainThread) Intermediate result: 16.24825838230491  (Index 139)
*** Epoch: 70 ***
-----------------G2R RESULT-------------------

val result: krc:0.817 | lsd:0.544 | ed:0.851 | hr@1:0.703 | hr@2:0.886 | hr@3:0.926 | acc@1:0.703 | acc@2:0.642 | acc@3:0.611 | Best krc: 0.817 | Best epoch: 69
best model saved
[2023-12-01 17:10:42] INFO (nni/MainThread) Intermediate result: 0.8174329092824939  (Index 140)
-----------------ETPA RESULT-------------------
Epoch 70: Validation	rmse: 16.23	mae: 13.15	mape: 94.95%	acc@10: 44.39%	acc@20: 77.85%	acc@30: 93.37%	
[2023-12-01 17:10:42] INFO (nni/MainThread) Intermediate result: 16.22766291644795  (Index 141)
*** Epoch: 71 ***
-----------------G2R RESULT-------------------

val result: krc:0.821 | lsd:0.539 | ed:0.852 | hr@1:0.706 | hr@2:0.889 | hr@3:0.929 | acc@1:0.706 | acc@2:0.642 | acc@3:0.61 | Best krc: 0.817 | Best epoch: 70
best model saved
[2023-12-01 17:11:16] INFO (nni/MainThread) Intermediate result: 0.8214485574345655  (Index 142)
-----------------ETPA RESULT-------------------
Epoch 71: Validation	rmse: 16.2	mae: 13.13	mape: 94.73%	acc@10: 44.5%	acc@20: 77.9%	acc@30: 93.38%	
[2023-12-01 17:11:16] INFO (nni/MainThread) Intermediate result: 16.20441118752846  (Index 143)
*** Epoch: 72 ***
-----------------G2R RESULT-------------------

val result: krc:0.82 | lsd:0.559 | ed:0.848 | hr@1:0.706 | hr@2:0.89 | hr@3:0.926 | acc@1:0.706 | acc@2:0.649 | acc@3:0.614 | Best krc: 0.821 | Best epoch: 71
[2023-12-01 17:11:48] INFO (nni/MainThread) Intermediate result: 0.8201977672200671  (Index 144)
-----------------ETPA RESULT-------------------
Epoch 72: Validation	rmse: 16.2	mae: 13.12	mape: 94.69%	acc@10: 44.51%	acc@20: 77.91%	acc@30: 93.4%	
[2023-12-01 17:11:48] INFO (nni/MainThread) Intermediate result: 16.197494371301836  (Index 145)
*** Epoch: 73 ***
-----------------G2R RESULT-------------------

val result: krc:0.822 | lsd:0.54 | ed:0.846 | hr@1:0.712 | hr@2:0.886 | hr@3:0.928 | acc@1:0.712 | acc@2:0.648 | acc@3:0.615 | Best krc: 0.821 | Best epoch: 71
best model saved
[2023-12-01 17:12:21] INFO (nni/MainThread) Intermediate result: 0.8224810280166642  (Index 146)
-----------------ETPA RESULT-------------------
Epoch 73: Validation	rmse: 16.18	mae: 13.11	mape: 94.54%	acc@10: 44.56%	acc@20: 77.95%	acc@30: 93.4%	
[2023-12-01 17:12:21] INFO (nni/MainThread) Intermediate result: 16.183737786061954  (Index 147)
*** Epoch: 74 ***
-----------------G2R RESULT-------------------

val result: krc:0.822 | lsd:0.533 | ed:0.852 | hr@1:0.718 | hr@2:0.886 | hr@3:0.926 | acc@1:0.718 | acc@2:0.649 | acc@3:0.613 | Best krc: 0.822 | Best epoch: 73
[2023-12-01 17:12:51] INFO (nni/MainThread) Intermediate result: 0.8219426090436146  (Index 148)
-----------------ETPA RESULT-------------------
Epoch 74: Validation	rmse: 16.19	mae: 13.1	mape: 94.47%	acc@10: 44.6%	acc@20: 77.98%	acc@30: 93.38%	
[2023-12-01 17:12:51] INFO (nni/MainThread) Intermediate result: 16.185224421628337  (Index 149)
*** Epoch: 75 ***
-----------------G2R RESULT-------------------

val result: krc:0.825 | lsd:0.528 | ed:0.838 | hr@1:0.721 | hr@2:0.891 | hr@3:0.932 | acc@1:0.721 | acc@2:0.659 | acc@3:0.627 | Best krc: 0.822 | Best epoch: 73
best model saved
[2023-12-01 17:13:22] INFO (nni/MainThread) Intermediate result: 0.824843979483245  (Index 150)
-----------------ETPA RESULT-------------------
Epoch 75: Validation	rmse: 16.16	mae: 13.08	mape: 94.25%	acc@10: 44.69%	acc@20: 78.05%	acc@30: 93.4%	
[2023-12-01 17:13:22] INFO (nni/MainThread) Intermediate result: 16.161289697832657  (Index 151)
*** Epoch: 76 ***
-----------------G2R RESULT-------------------

val result: krc:0.825 | lsd:0.537 | ed:0.843 | hr@1:0.731 | hr@2:0.892 | hr@3:0.927 | acc@1:0.731 | acc@2:0.668 | acc@3:0.622 | Best krc: 0.825 | Best epoch: 75
best model saved
[2023-12-01 17:13:55] INFO (nni/MainThread) Intermediate result: 0.8248496034241554  (Index 152)
-----------------ETPA RESULT-------------------
Epoch 76: Validation	rmse: 16.14	mae: 13.06	mape: 94.06%	acc@10: 44.77%	acc@20: 78.11%	acc@30: 93.42%	
[2023-12-01 17:13:55] INFO (nni/MainThread) Intermediate result: 16.139807703952606  (Index 153)
*** Epoch: 77 ***
-----------------G2R RESULT-------------------

val result: krc:0.83 | lsd:0.539 | ed:0.818 | hr@1:0.728 | hr@2:0.893 | hr@3:0.931 | acc@1:0.728 | acc@2:0.669 | acc@3:0.635 | Best krc: 0.825 | Best epoch: 76
best model saved
[2023-12-01 17:14:26] INFO (nni/MainThread) Intermediate result: 0.8297509709840274  (Index 154)
-----------------ETPA RESULT-------------------
Epoch 77: Validation	rmse: 16.12	mae: 13.04	mape: 93.87%	acc@10: 44.86%	acc@20: 78.17%	acc@30: 93.45%	
[2023-12-01 17:14:26] INFO (nni/MainThread) Intermediate result: 16.11981598596601  (Index 155)
*** Epoch: 78 ***
-----------------G2R RESULT-------------------

val result: krc:0.831 | lsd:0.517 | ed:0.823 | hr@1:0.725 | hr@2:0.893 | hr@3:0.929 | acc@1:0.725 | acc@2:0.662 | acc@3:0.63 | Best krc: 0.83 | Best epoch: 77
best model saved
[2023-12-01 17:14:57] INFO (nni/MainThread) Intermediate result: 0.8313741918901517  (Index 156)
-----------------ETPA RESULT-------------------
Epoch 78: Validation	rmse: 16.09	mae: 13.02	mape: 93.56%	acc@10: 44.97%	acc@20: 78.27%	acc@30: 93.49%	
[2023-12-01 17:14:57] INFO (nni/MainThread) Intermediate result: 16.08938455156682  (Index 157)
*** Epoch: 79 ***
-----------------G2R RESULT-------------------

val result: krc:0.825 | lsd:0.529 | ed:0.843 | hr@1:0.719 | hr@2:0.889 | hr@3:0.928 | acc@1:0.719 | acc@2:0.658 | acc@3:0.624 | Best krc: 0.831 | Best epoch: 78
[2023-12-01 17:15:26] INFO (nni/MainThread) Intermediate result: 0.825326390074969  (Index 158)
-----------------ETPA RESULT-------------------
Epoch 79: Validation	rmse: 16.06	mae: 12.99	mape: 93.24%	acc@10: 45.11%	acc@20: 78.36%	acc@30: 93.52%	
[2023-12-01 17:15:26] INFO (nni/MainThread) Intermediate result: 16.058656882080804  (Index 159)
*** Epoch: 80 ***
-----------------G2R RESULT-------------------

val result: krc:0.828 | lsd:0.539 | ed:0.833 | hr@1:0.723 | hr@2:0.891 | hr@3:0.931 | acc@1:0.723 | acc@2:0.662 | acc@3:0.628 | Best krc: 0.831 | Best epoch: 78
[2023-12-01 17:15:56] INFO (nni/MainThread) Intermediate result: 0.8276163675026815  (Index 160)
-----------------ETPA RESULT-------------------
Epoch 80: Validation	rmse: 16.04	mae: 12.97	mape: 93.0%	acc@10: 45.2%	acc@20: 78.42%	acc@30: 93.54%	
[2023-12-01 17:15:56] INFO (nni/MainThread) Intermediate result: 16.037733604174228  (Index 161)
*** Epoch: 81 ***
-----------------G2R RESULT-------------------

val result: krc:0.825 | lsd:0.518 | ed:0.853 | hr@1:0.721 | hr@2:0.888 | hr@3:0.929 | acc@1:0.721 | acc@2:0.652 | acc@3:0.613 | Best krc: 0.831 | Best epoch: 78
[2023-12-01 17:16:26] INFO (nni/MainThread) Intermediate result: 0.8246262144469404  (Index 162)
-----------------ETPA RESULT-------------------
Epoch 81: Validation	rmse: 16.01	mae: 12.95	mape: 92.8%	acc@10: 45.28%	acc@20: 78.48%	acc@30: 93.59%	
[2023-12-01 17:16:26] INFO (nni/MainThread) Intermediate result: 16.014160242974132  (Index 163)
*** Epoch: 82 ***
-----------------G2R RESULT-------------------

val result: krc:0.829 | lsd:0.519 | ed:0.829 | hr@1:0.727 | hr@2:0.89 | hr@3:0.929 | acc@1:0.727 | acc@2:0.664 | acc@3:0.627 | Best krc: 0.831 | Best epoch: 78
[2023-12-01 17:16:58] INFO (nni/MainThread) Intermediate result: 0.8290496198323045  (Index 164)
-----------------ETPA RESULT-------------------
Epoch 82: Validation	rmse: 15.99	mae: 12.92	mape: 92.5%	acc@10: 45.38%	acc@20: 78.53%	acc@30: 93.61%	
[2023-12-01 17:16:58] INFO (nni/MainThread) Intermediate result: 15.989334158472499  (Index 165)
*** Epoch: 83 ***
-----------------G2R RESULT-------------------

val result: krc:0.83 | lsd:0.531 | ed:0.835 | hr@1:0.725 | hr@2:0.891 | hr@3:0.929 | acc@1:0.725 | acc@2:0.663 | acc@3:0.627 | Best krc: 0.831 | Best epoch: 78
[2023-12-01 17:17:31] INFO (nni/MainThread) Intermediate result: 0.8298524500973122  (Index 166)
-----------------ETPA RESULT-------------------
Epoch 83: Validation	rmse: 15.98	mae: 12.92	mape: 92.42%	acc@10: 45.4%	acc@20: 78.55%	acc@30: 93.62%	
[2023-12-01 17:17:31] INFO (nni/MainThread) Intermediate result: 15.983883050475901  (Index 167)
*** Epoch: 84 ***
-----------------G2R RESULT-------------------

val result: krc:0.821 | lsd:0.578 | ed:0.867 | hr@1:0.708 | hr@2:0.887 | hr@3:0.924 | acc@1:0.708 | acc@2:0.647 | acc@3:0.612 | Best krc: 0.831 | Best epoch: 78
[2023-12-01 17:18:05] INFO (nni/MainThread) Intermediate result: 0.8214201394000258  (Index 168)
-----------------ETPA RESULT-------------------
Epoch 84: Validation	rmse: 15.97	mae: 12.9	mape: 92.26%	acc@10: 45.47%	acc@20: 78.6%	acc@30: 93.63%	
[2023-12-01 17:18:05] INFO (nni/MainThread) Intermediate result: 15.970141740990861  (Index 169)
*** Epoch: 85 ***
-----------------G2R RESULT-------------------

val result: krc:0.826 | lsd:0.525 | ed:0.838 | hr@1:0.712 | hr@2:0.895 | hr@3:0.931 | acc@1:0.712 | acc@2:0.657 | acc@3:0.624 | Best krc: 0.831 | Best epoch: 78
[2023-12-01 17:18:37] INFO (nni/MainThread) Intermediate result: 0.8259815887362891  (Index 170)
-----------------ETPA RESULT-------------------
Epoch 85: Validation	rmse: 15.94	mae: 12.88	mape: 92.0%	acc@10: 45.58%	acc@20: 78.66%	acc@30: 93.67%	
[2023-12-01 17:18:37] INFO (nni/MainThread) Intermediate result: 15.944564025296986  (Index 171)
*** Epoch: 86 ***
-----------------G2R RESULT-------------------

val result: krc:0.82 | lsd:0.56 | ed:0.84 | hr@1:0.716 | hr@2:0.885 | hr@3:0.925 | acc@1:0.716 | acc@2:0.657 | acc@3:0.623 | Best krc: 0.831 | Best epoch: 78
[2023-12-01 17:19:08] INFO (nni/MainThread) Intermediate result: 0.820063087085387  (Index 172)
-----------------ETPA RESULT-------------------
Epoch 86: Validation	rmse: 15.93	mae: 12.87	mape: 91.88%	acc@10: 45.63%	acc@20: 78.7%	acc@30: 93.67%	
[2023-12-01 17:19:08] INFO (nni/MainThread) Intermediate result: 15.931653285882614  (Index 173)
*** Epoch: 87 ***
-----------------G2R RESULT-------------------

val result: krc:0.828 | lsd:0.527 | ed:0.83 | hr@1:0.72 | hr@2:0.889 | hr@3:0.929 | acc@1:0.72 | acc@2:0.662 | acc@3:0.629 | Best krc: 0.831 | Best epoch: 78
[2023-12-01 17:19:44] INFO (nni/MainThread) Intermediate result: 0.8284583268842122  (Index 174)
-----------------ETPA RESULT-------------------
Epoch 87: Validation	rmse: 15.91	mae: 12.85	mape: 91.69%	acc@10: 45.72%	acc@20: 78.76%	acc@30: 93.7%	
[2023-12-01 17:19:44] INFO (nni/MainThread) Intermediate result: 15.909231045742265  (Index 175)
*** Epoch: 88 ***
-----------------G2R RESULT-------------------

val result: krc:0.826 | lsd:0.522 | ed:0.842 | hr@1:0.725 | hr@2:0.887 | hr@3:0.925 | acc@1:0.725 | acc@2:0.661 | acc@3:0.624 | Best krc: 0.831 | Best epoch: 78
[2023-12-01 17:20:24] INFO (nni/MainThread) Intermediate result: 0.826196350087911  (Index 176)
-----------------ETPA RESULT-------------------
Epoch 88: Validation	rmse: 15.88	mae: 12.82	mape: 91.45%	acc@10: 45.8%	acc@20: 78.86%	acc@30: 93.74%	
[2023-12-01 17:20:24] INFO (nni/MainThread) Intermediate result: 15.880999452027801  (Index 177)
loaded model path: /home/sentanoe/joint_training/data/dataset/food_pd/sort_model/hidden_size-8.gcnru-pd_1701444780.46427851701444780.4642947
best model loaded !!!
krc:0.816 | lsd:0.41 | ed:0.878 | hr@1:0.717 | hr@2:0.915 | hr@3:0.948 | acc@1:0.717 | acc@2:0.66 | acc@3:0.613 |

-------------------------------------------------------------
Best epoch for G2R:  78
Best epoch for ETPA:  88
graph2route_pd Evaluation in test: krc:0.816 | lsd:0.41 | ed:0.878 | hr@1:0.717 | hr@2:0.915 | hr@3:0.948 | acc@1:0.717 | acc@2:0.66 | acc@3:0.613 |
RankPETA Evaluation in test: rmse: 11.78	mae: 9.45	mape: 78.55%	acc@10: 59.07%	acc@20: 93.25%	acc@30: 97.89%	
