Device:  cuda
{'alpha_loss': 0.5,
 'batch_size': 64,
 'dataset': 'food_pd',
 'datatype': 'order',
 'device': device(type='cuda'),
 'early_stop': 10,
 'edge_fea_dim': 5,
 'embedding_dim': 32,
 'eval_end_1': 11,
 'eval_end_2': 25,
 'eval_start': 1,
 'gcn_num_layers': 2,
 'hidden_size': 8,
 'is_eval': False,
 'is_test': False,
 'k_min_nodes': 3,
 'k_nearest_neighbors': 'n-1',
 'lr': 0.001,
 'max_task_num': 25,
 'min_task_num': 0,
 'modelArrivalTime': 'RankPETA',
 'modelRoute': 'graph2route_pd',
 'no_cuda': False,
 'node_fea_dim': 8,
 'node_features_test': '/home/sentanoe/joint_training/data/dataset/food_pd/node_features_test_full.npy',
 'node_features_train': '/home/sentanoe/joint_training/data/dataset/food_pd/node_features_train_full.npy',
 'node_features_val': '/home/sentanoe/joint_training/data/dataset/food_pd/node_features_val_full.npy',
 'num_block': 4,
 'num_epoch': 1000,
 'num_head': 4,
 'num_worker_logistics': 2346,
 'num_worker_pd': 920,
 'pad_value': 26,
 'seed': 2022,
 'sort_mode': 'true_idx',
 'spatial_encoder': 'gatv2',
 'temporal_encoder': 'tft',
 'test_path': '/home/sentanoe/joint_training/data/dataset/food_pd/test_full.npy',
 'train_mode': 'sort',
 'train_path': '/home/sentanoe/joint_training/data/dataset/food_pd/train_full.npy',
 'val_path': '/home/sentanoe/joint_training/data/dataset/food_pd/val_full.npy',
 'wd': 1e-05,
 'worker_emb_dim': 10,
 'workers': 2}
last_x_size:13;unpick_x_size:12;input_size:38
#train:2521 | #val:1257 | #test:1261
****ETPA Loss****
Epoch 0: Train [0/2521 (0%)]	RMSE: 56.674559
****ETPA Loss****
****ETPA Loss****
****ETPA Loss****
****ETPA Loss****
Epoch 0: Train [256/2521 (10%)]	RMSE: 55.310130
****ETPA Loss****
****ETPA Loss****
****ETPA Loss****
****ETPA Loss****
Epoch 0: Train [512/2521 (20%)]	RMSE: 52.369499
****ETPA Loss****
****ETPA Loss****
****ETPA Loss****
****ETPA Loss****
Epoch 0: Train [768/2521 (30%)]	RMSE: 49.949813
****ETPA Loss****
****ETPA Loss****
****ETPA Loss****
****ETPA Loss****
Epoch 0: Train [1024/2521 (40%)]	RMSE: 51.399297
****ETPA Loss****
****ETPA Loss****
****ETPA Loss****
****ETPA Loss****
Epoch 0: Train [1280/2521 (50%)]	RMSE: 51.743526
****ETPA Loss****
****ETPA Loss****
****ETPA Loss****
****ETPA Loss****
Epoch 0: Train [1536/2521 (60%)]	RMSE: 53.275670
****ETPA Loss****
****ETPA Loss****
****ETPA Loss****
****ETPA Loss****
Epoch 0: Train [1792/2521 (70%)]	RMSE: 52.628168
****ETPA Loss****
****ETPA Loss****
****ETPA Loss****
****ETPA Loss****
Epoch 0: Train [2048/2521 (80%)]	RMSE: 51.151442
****ETPA Loss****
****ETPA Loss****
****ETPA Loss****
****ETPA Loss****
Epoch 0: Train [2304/2521 (90%)]	RMSE: 50.717578
****ETPA Loss****
****ETPA Loss****
