Device:  cuda
{'alpha_loss': 0.5,
 'batch_size': 64,
 'dataset': 'food_pd',
 'datatype': 'order',
 'device': device(type='cuda'),
 'early_stop': 10,
 'edge_fea_dim': 5,
 'embedding_dim': 32,
 'eval_end_1': 11,
 'eval_end_2': 25,
 'eval_start': 1,
 'gcn_num_layers': 2,
 'hidden_size': 8,
 'is_eval': False,
 'is_test': False,
 'k_min_nodes': 3,
 'k_nearest_neighbors': 'n-1',
 'lr': 0.001,
 'max_task_num': 25,
 'min_task_num': 0,
 'modelArrivalTime': 'RankPETA',
 'modelRoute': 'graph2route_pd',
 'no_cuda': False,
 'node_fea_dim': 8,
 'node_features_test': '/home/sentanoe/joint_training/data/dataset/food_pd/node_features_test_full.npy',
 'node_features_train': '/home/sentanoe/joint_training/data/dataset/food_pd/node_features_train_full.npy',
 'node_features_val': '/home/sentanoe/joint_training/data/dataset/food_pd/node_features_val_full.npy',
 'num_block': 2,
 'num_epoch': 1000,
 'num_head': 2,
 'num_worker_logistics': 2346,
 'num_worker_pd': 920,
 'pad_value': 26,
 'seed': 2022,
 'sort_mode': 'pnn_idx',
 'spatial_encoder': 'gcn',
 'temporal_encoder': 'gru',
 'test_path': '/home/sentanoe/joint_training/data/dataset/food_pd/test_full.npy',
 'train_mode': 'sort',
 'train_path': '/home/sentanoe/joint_training/data/dataset/food_pd/train_full.npy',
 'val_path': '/home/sentanoe/joint_training/data/dataset/food_pd/val_full.npy',
 'wd': 1e-05,
 'worker_emb_dim': 10,
 'workers': 2}
last_x_size:13;unpick_x_size:12;input_size:53
#train:2521 | #val:1257 | #test:1261
*** Epoch: 0 ***
-----------------G2R RESULT-------------------

val result: krc:0.754 | lsd:0.736 | ed:1.059 | hr@1:0.617 | hr@2:0.856 | hr@3:0.908 | acc@1:0.617 | acc@2:0.554 | acc@3:0.519 | Best krc: -1 | Best epoch: -1
best model saved
[2023-12-18 15:14:13] INFO (nni/MainThread) Intermediate result: 0.7537024173578611  (Index 0)
-----------------ETPA RESULT-------------------
Epoch 0: Validation	rmse: 26.15	mae: 20.53	mape: 65.6%	acc@10: 30.37%	acc@20: 57.78%	acc@30: 76.67%	
[2023-12-18 15:14:13] INFO (nni/MainThread) Intermediate result: 26.153693544797  (Index 1)
*** Epoch: 1 ***
-----------------G2R RESULT-------------------

val result: krc:0.756 | lsd:0.71 | ed:1.028 | hr@1:0.621 | hr@2:0.855 | hr@3:0.903 | acc@1:0.621 | acc@2:0.561 | acc@3:0.516 | Best krc: 0.754 | Best epoch: 0
best model saved
[2023-12-18 15:14:38] INFO (nni/MainThread) Intermediate result: 0.7558771491346918  (Index 2)
-----------------ETPA RESULT-------------------
Epoch 1: Validation	rmse: 25.84	mae: 19.6	mape: 101.32%	acc@10: 34.63%	acc@20: 61.3%	acc@30: 79.81%	
[2023-12-18 15:14:38] INFO (nni/MainThread) Intermediate result: 25.84130510341964  (Index 3)
*** Epoch: 2 ***
-----------------G2R RESULT-------------------

val result: krc:0.769 | lsd:0.674 | ed:0.999 | hr@1:0.638 | hr@2:0.866 | hr@3:0.912 | acc@1:0.638 | acc@2:0.581 | acc@3:0.546 | Best krc: 0.756 | Best epoch: 1
best model saved
[2023-12-18 15:15:03] INFO (nni/MainThread) Intermediate result: 0.768995158754669  (Index 4)
-----------------ETPA RESULT-------------------
Epoch 2: Validation	rmse: 24.79	mae: 19.01	mape: 113.56%	acc@10: 34.2%	acc@20: 62.84%	acc@30: 81.36%	
[2023-12-18 15:15:03] INFO (nni/MainThread) Intermediate result: 24.78936548724523  (Index 5)
*** Epoch: 3 ***
-----------------G2R RESULT-------------------

val result: krc:0.77 | lsd:0.674 | ed:0.999 | hr@1:0.627 | hr@2:0.864 | hr@3:0.911 | acc@1:0.627 | acc@2:0.573 | acc@3:0.54 | Best krc: 0.769 | Best epoch: 2
best model saved
[2023-12-18 15:15:27] INFO (nni/MainThread) Intermediate result: 0.7697183598276732  (Index 6)
-----------------ETPA RESULT-------------------
Epoch 3: Validation	rmse: 23.43	mae: 18.22	mape: 115.65%	acc@10: 34.17%	acc@20: 64.72%	acc@30: 83.15%	
[2023-12-18 15:15:27] INFO (nni/MainThread) Intermediate result: 23.429608988253563  (Index 7)
*** Epoch: 4 ***
-----------------G2R RESULT-------------------

val result: krc:0.771 | lsd:0.665 | ed:0.993 | hr@1:0.64 | hr@2:0.868 | hr@3:0.913 | acc@1:0.64 | acc@2:0.585 | acc@3:0.542 | Best krc: 0.77 | Best epoch: 3
best model saved
[2023-12-18 15:15:52] INFO (nni/MainThread) Intermediate result: 0.7710245096690221  (Index 8)
-----------------ETPA RESULT-------------------
Epoch 4: Validation	rmse: 22.35	mae: 17.63	mape: 115.64%	acc@10: 34.37%	acc@20: 65.63%	acc@30: 84.74%	
[2023-12-18 15:15:52] INFO (nni/MainThread) Intermediate result: 22.35333511047935  (Index 9)
*** Epoch: 5 ***
-----------------G2R RESULT-------------------

val result: krc:0.767 | lsd:0.679 | ed:1.016 | hr@1:0.625 | hr@2:0.864 | hr@3:0.914 | acc@1:0.625 | acc@2:0.568 | acc@3:0.536 | Best krc: 0.771 | Best epoch: 4
[2023-12-18 15:16:17] INFO (nni/MainThread) Intermediate result: 0.7669791000267607  (Index 10)
-----------------ETPA RESULT-------------------
Epoch 5: Validation	rmse: 21.5	mae: 17.07	mape: 114.4%	acc@10: 35.06%	acc@20: 66.79%	acc@30: 85.8%	
[2023-12-18 15:16:17] INFO (nni/MainThread) Intermediate result: 21.501144703081895  (Index 11)
*** Epoch: 6 ***
-----------------G2R RESULT-------------------

val result: krc:0.772 | lsd:0.648 | ed:0.993 | hr@1:0.635 | hr@2:0.868 | hr@3:0.912 | acc@1:0.635 | acc@2:0.577 | acc@3:0.541 | Best krc: 0.771 | Best epoch: 4
best model saved
[2023-12-18 15:16:44] INFO (nni/MainThread) Intermediate result: 0.7722329192289838  (Index 12)
-----------------ETPA RESULT-------------------
Epoch 6: Validation	rmse: 20.82	mae: 16.52	mape: 112.32%	acc@10: 36.61%	acc@20: 68.41%	acc@30: 86.51%	
[2023-12-18 15:16:44] INFO (nni/MainThread) Intermediate result: 20.815938425955206  (Index 13)
*** Epoch: 7 ***
-----------------G2R RESULT-------------------

val result: krc:0.773 | lsd:0.661 | ed:1.0 | hr@1:0.635 | hr@2:0.869 | hr@3:0.914 | acc@1:0.635 | acc@2:0.579 | acc@3:0.543 | Best krc: 0.772 | Best epoch: 6
best model saved
[2023-12-18 15:17:10] INFO (nni/MainThread) Intermediate result: 0.7726176791677446  (Index 14)
-----------------ETPA RESULT-------------------
Epoch 7: Validation	rmse: 20.33	mae: 16.16	mape: 111.42%	acc@10: 37.55%	acc@20: 69.35%	acc@30: 86.85%	
[2023-12-18 15:17:10] INFO (nni/MainThread) Intermediate result: 20.329339194435395  (Index 15)
*** Epoch: 8 ***
-----------------G2R RESULT-------------------

val result: krc:0.777 | lsd:0.638 | ed:0.976 | hr@1:0.638 | hr@2:0.871 | hr@3:0.914 | acc@1:0.638 | acc@2:0.583 | acc@3:0.547 | Best krc: 0.773 | Best epoch: 7
best model saved
[2023-12-18 15:17:37] INFO (nni/MainThread) Intermediate result: 0.776901392021637  (Index 16)
-----------------ETPA RESULT-------------------
Epoch 8: Validation	rmse: 20.06	mae: 15.94	mape: 111.28%	acc@10: 38.11%	acc@20: 69.92%	acc@30: 87.08%	
[2023-12-18 15:17:37] INFO (nni/MainThread) Intermediate result: 20.05880237289221  (Index 17)
*** Epoch: 9 ***
-----------------G2R RESULT-------------------

val result: krc:0.779 | lsd:0.628 | ed:0.969 | hr@1:0.646 | hr@2:0.87 | hr@3:0.913 | acc@1:0.646 | acc@2:0.588 | acc@3:0.548 | Best krc: 0.777 | Best epoch: 8
best model saved
[2023-12-18 15:18:04] INFO (nni/MainThread) Intermediate result: 0.7787420550428859  (Index 18)
-----------------ETPA RESULT-------------------
Epoch 9: Validation	rmse: 19.61	mae: 15.62	mape: 109.79%	acc@10: 38.78%	acc@20: 70.48%	acc@30: 87.96%	
[2023-12-18 15:18:04] INFO (nni/MainThread) Intermediate result: 19.61106175459277  (Index 19)
*** Epoch: 10 ***
-----------------G2R RESULT-------------------

val result: krc:0.783 | lsd:0.638 | ed:0.953 | hr@1:0.642 | hr@2:0.871 | hr@3:0.916 | acc@1:0.642 | acc@2:0.588 | acc@3:0.557 | Best krc: 0.779 | Best epoch: 9
best model saved
[2023-12-18 15:18:31] INFO (nni/MainThread) Intermediate result: 0.7826611038154545  (Index 20)
-----------------ETPA RESULT-------------------
Epoch 10: Validation	rmse: 19.22	mae: 15.3	mape: 107.9%	acc@10: 39.87%	acc@20: 71.52%	acc@30: 88.62%	
[2023-12-18 15:18:31] INFO (nni/MainThread) Intermediate result: 19.21995122461321  (Index 21)
*** Epoch: 11 ***
-----------------G2R RESULT-------------------

val result: krc:0.757 | lsd:0.702 | ed:1.038 | hr@1:0.633 | hr@2:0.862 | hr@3:0.904 | acc@1:0.633 | acc@2:0.575 | acc@3:0.526 | Best krc: 0.783 | Best epoch: 10
[2023-12-18 15:18:56] INFO (nni/MainThread) Intermediate result: 0.757405259722706  (Index 22)
-----------------ETPA RESULT-------------------
Epoch 11: Validation	rmse: 18.84	mae: 14.98	mape: 105.5%	acc@10: 41.17%	acc@20: 72.47%	acc@30: 89.2%	
[2023-12-18 15:18:57] INFO (nni/MainThread) Intermediate result: 18.836684054105383  (Index 23)
*** Epoch: 12 ***
-----------------G2R RESULT-------------------

val result: krc:0.776 | lsd:0.654 | ed:0.977 | hr@1:0.645 | hr@2:0.869 | hr@3:0.915 | acc@1:0.645 | acc@2:0.586 | acc@3:0.549 | Best krc: 0.783 | Best epoch: 10
[2023-12-18 15:19:23] INFO (nni/MainThread) Intermediate result: 0.7758832581045085  (Index 24)
-----------------ETPA RESULT-------------------
Epoch 12: Validation	rmse: 18.49	mae: 14.72	mape: 103.72%	acc@10: 41.68%	acc@20: 73.45%	acc@30: 89.8%	
[2023-12-18 15:19:24] INFO (nni/MainThread) Intermediate result: 18.494507521002998  (Index 25)
*** Epoch: 13 ***
-----------------G2R RESULT-------------------

val result: krc:0.78 | lsd:0.64 | ed:0.954 | hr@1:0.646 | hr@2:0.866 | hr@3:0.914 | acc@1:0.646 | acc@2:0.586 | acc@3:0.551 | Best krc: 0.783 | Best epoch: 10
[2023-12-18 15:19:49] INFO (nni/MainThread) Intermediate result: 0.7801620281287969  (Index 26)
-----------------ETPA RESULT-------------------
Epoch 13: Validation	rmse: 18.18	mae: 14.46	mape: 101.79%	acc@10: 42.43%	acc@20: 74.39%	acc@30: 90.26%	
[2023-12-18 15:19:49] INFO (nni/MainThread) Intermediate result: 18.178303365169768  (Index 27)
*** Epoch: 14 ***
-----------------G2R RESULT-------------------

val result: krc:0.757 | lsd:0.728 | ed:1.03 | hr@1:0.624 | hr@2:0.862 | hr@3:0.903 | acc@1:0.624 | acc@2:0.57 | acc@3:0.523 | Best krc: 0.783 | Best epoch: 10
[2023-12-18 15:20:15] INFO (nni/MainThread) Intermediate result: 0.7567602576697462  (Index 28)
-----------------ETPA RESULT-------------------
Epoch 14: Validation	rmse: 17.95	mae: 14.28	mape: 100.44%	acc@10: 42.86%	acc@20: 74.91%	acc@30: 90.62%	
[2023-12-18 15:20:15] INFO (nni/MainThread) Intermediate result: 17.95341872762634  (Index 29)
*** Epoch: 15 ***
-----------------G2R RESULT-------------------

val result: krc:0.759 | lsd:0.687 | ed:1.035 | hr@1:0.632 | hr@2:0.86 | hr@3:0.905 | acc@1:0.632 | acc@2:0.569 | acc@3:0.523 | Best krc: 0.783 | Best epoch: 10
[2023-12-18 15:20:40] INFO (nni/MainThread) Intermediate result: 0.7594827792816423  (Index 30)
-----------------ETPA RESULT-------------------
Epoch 15: Validation	rmse: 17.7	mae: 14.07	mape: 98.6%	acc@10: 43.5%	acc@20: 75.62%	acc@30: 91.0%	
[2023-12-18 15:20:40] INFO (nni/MainThread) Intermediate result: 17.695059805948713  (Index 31)
*** Epoch: 16 ***
-----------------G2R RESULT-------------------

val result: krc:0.783 | lsd:0.638 | ed:0.955 | hr@1:0.647 | hr@2:0.868 | hr@3:0.918 | acc@1:0.647 | acc@2:0.586 | acc@3:0.557 | Best krc: 0.783 | Best epoch: 10
[2023-12-18 15:21:06] INFO (nni/MainThread) Intermediate result: 0.7826045994038997  (Index 32)
-----------------ETPA RESULT-------------------
Epoch 16: Validation	rmse: 17.48	mae: 13.89	mape: 96.85%	acc@10: 44.16%	acc@20: 76.19%	acc@30: 91.29%	
[2023-12-18 15:21:06] INFO (nni/MainThread) Intermediate result: 17.47932332034223  (Index 33)
*** Epoch: 17 ***
-----------------G2R RESULT-------------------

val result: krc:0.757 | lsd:0.692 | ed:1.038 | hr@1:0.627 | hr@2:0.859 | hr@3:0.905 | acc@1:0.627 | acc@2:0.565 | acc@3:0.523 | Best krc: 0.783 | Best epoch: 10
[2023-12-18 15:21:32] INFO (nni/MainThread) Intermediate result: 0.7569918895498257  (Index 34)
-----------------ETPA RESULT-------------------
Epoch 17: Validation	rmse: 17.3	mae: 13.72	mape: 95.27%	acc@10: 44.71%	acc@20: 76.65%	acc@30: 91.54%	
[2023-12-18 15:21:32] INFO (nni/MainThread) Intermediate result: 17.29727314835312  (Index 35)
*** Epoch: 18 ***
-----------------G2R RESULT-------------------

val result: krc:0.78 | lsd:0.648 | ed:0.971 | hr@1:0.64 | hr@2:0.866 | hr@3:0.913 | acc@1:0.64 | acc@2:0.584 | acc@3:0.549 | Best krc: 0.783 | Best epoch: 10
[2023-12-18 15:21:58] INFO (nni/MainThread) Intermediate result: 0.7802114085367254  (Index 36)
-----------------ETPA RESULT-------------------
Epoch 18: Validation	rmse: 17.11	mae: 13.57	mape: 93.88%	acc@10: 45.22%	acc@20: 77.17%	acc@30: 91.81%	
[2023-12-18 15:21:58] INFO (nni/MainThread) Intermediate result: 17.10670568834075  (Index 37)
*** Epoch: 19 ***
-----------------G2R RESULT-------------------

val result: krc:0.78 | lsd:0.649 | ed:0.972 | hr@1:0.647 | hr@2:0.867 | hr@3:0.915 | acc@1:0.647 | acc@2:0.587 | acc@3:0.553 | Best krc: 0.783 | Best epoch: 10
[2023-12-18 15:22:24] INFO (nni/MainThread) Intermediate result: 0.7802692926435821  (Index 38)
-----------------ETPA RESULT-------------------
Epoch 19: Validation	rmse: 16.97	mae: 13.47	mape: 93.11%	acc@10: 45.54%	acc@20: 77.46%	acc@30: 92.04%	
[2023-12-18 15:22:24] INFO (nni/MainThread) Intermediate result: 16.972347179122455  (Index 39)
*** Epoch: 20 ***
-----------------G2R RESULT-------------------

val result: krc:0.784 | lsd:0.628 | ed:0.951 | hr@1:0.649 | hr@2:0.871 | hr@3:0.918 | acc@1:0.649 | acc@2:0.589 | acc@3:0.558 | Best krc: 0.783 | Best epoch: 10
best model saved
[2023-12-18 15:22:51] INFO (nni/MainThread) Intermediate result: 0.7843754172919017  (Index 40)
-----------------ETPA RESULT-------------------
Epoch 20: Validation	rmse: 16.82	mae: 13.34	mape: 92.0%	acc@10: 45.89%	acc@20: 77.9%	acc@30: 92.22%	
[2023-12-18 15:22:51] INFO (nni/MainThread) Intermediate result: 16.82053857317592  (Index 41)
*** Epoch: 21 ***
-----------------G2R RESULT-------------------

val result: krc:0.784 | lsd:0.617 | ed:0.95 | hr@1:0.65 | hr@2:0.876 | hr@3:0.919 | acc@1:0.65 | acc@2:0.592 | acc@3:0.555 | Best krc: 0.784 | Best epoch: 20
[2023-12-18 15:23:17] INFO (nni/MainThread) Intermediate result: 0.7841617505718949  (Index 42)
-----------------ETPA RESULT-------------------
Epoch 21: Validation	rmse: 16.7	mae: 13.23	mape: 90.65%	acc@10: 46.45%	acc@20: 78.23%	acc@30: 92.37%	
[2023-12-18 15:23:17] INFO (nni/MainThread) Intermediate result: 16.698316398311423  (Index 43)
*** Epoch: 22 ***
-----------------G2R RESULT-------------------

val result: krc:0.782 | lsd:0.642 | ed:0.964 | hr@1:0.644 | hr@2:0.869 | hr@3:0.916 | acc@1:0.644 | acc@2:0.585 | acc@3:0.553 | Best krc: 0.784 | Best epoch: 20
[2023-12-18 15:23:42] INFO (nni/MainThread) Intermediate result: 0.7823091174643426  (Index 44)
-----------------ETPA RESULT-------------------
Epoch 22: Validation	rmse: 16.59	mae: 13.14	mape: 89.63%	acc@10: 46.76%	acc@20: 78.53%	acc@30: 92.54%	
[2023-12-18 15:23:42] INFO (nni/MainThread) Intermediate result: 16.587218328866882  (Index 45)
*** Epoch: 23 ***
-----------------G2R RESULT-------------------

val result: krc:0.784 | lsd:0.626 | ed:0.946 | hr@1:0.642 | hr@2:0.87 | hr@3:0.918 | acc@1:0.642 | acc@2:0.585 | acc@3:0.556 | Best krc: 0.784 | Best epoch: 20
[2023-12-18 15:24:08] INFO (nni/MainThread) Intermediate result: 0.7843423382557619  (Index 46)
-----------------ETPA RESULT-------------------
Epoch 23: Validation	rmse: 16.48	mae: 13.05	mape: 88.66%	acc@10: 47.13%	acc@20: 78.78%	acc@30: 92.7%	
[2023-12-18 15:24:08] INFO (nni/MainThread) Intermediate result: 16.48472941510134  (Index 47)
*** Epoch: 24 ***
-----------------G2R RESULT-------------------

val result: krc:0.785 | lsd:0.63 | ed:0.938 | hr@1:0.646 | hr@2:0.87 | hr@3:0.919 | acc@1:0.646 | acc@2:0.588 | acc@3:0.56 | Best krc: 0.784 | Best epoch: 20
best model saved
[2023-12-18 15:24:34] INFO (nni/MainThread) Intermediate result: 0.7850232586568398  (Index 48)
-----------------ETPA RESULT-------------------
Epoch 24: Validation	rmse: 16.41	mae: 12.98	mape: 87.74%	acc@10: 47.47%	acc@20: 78.92%	acc@30: 92.83%	
[2023-12-18 15:24:34] INFO (nni/MainThread) Intermediate result: 16.413889957284386  (Index 49)
*** Epoch: 25 ***
-----------------G2R RESULT-------------------

val result: krc:0.775 | lsd:0.662 | ed:0.98 | hr@1:0.642 | hr@2:0.87 | hr@3:0.913 | acc@1:0.642 | acc@2:0.586 | acc@3:0.542 | Best krc: 0.785 | Best epoch: 24
[2023-12-18 15:25:00] INFO (nni/MainThread) Intermediate result: 0.7754316476572706  (Index 50)
-----------------ETPA RESULT-------------------
Epoch 25: Validation	rmse: 16.32	mae: 12.9	mape: 86.93%	acc@10: 47.74%	acc@20: 79.19%	acc@30: 92.96%	
[2023-12-18 15:25:00] INFO (nni/MainThread) Intermediate result: 16.322454597556348  (Index 51)
*** Epoch: 26 ***
-----------------G2R RESULT-------------------

val result: krc:0.786 | lsd:0.618 | ed:0.945 | hr@1:0.647 | hr@2:0.873 | hr@3:0.918 | acc@1:0.647 | acc@2:0.59 | acc@3:0.556 | Best krc: 0.785 | Best epoch: 24
best model saved
[2023-12-18 15:25:26] INFO (nni/MainThread) Intermediate result: 0.7860102086774584  (Index 52)
-----------------ETPA RESULT-------------------
Epoch 26: Validation	rmse: 16.22	mae: 12.82	mape: 86.2%	acc@10: 47.89%	acc@20: 79.45%	acc@30: 93.11%	
[2023-12-18 15:25:26] INFO (nni/MainThread) Intermediate result: 16.224278369032234  (Index 53)
*** Epoch: 27 ***
-----------------G2R RESULT-------------------

val result: krc:0.771 | lsd:0.655 | ed:0.993 | hr@1:0.641 | hr@2:0.868 | hr@3:0.911 | acc@1:0.641 | acc@2:0.584 | acc@3:0.542 | Best krc: 0.786 | Best epoch: 26
[2023-12-18 15:25:52] INFO (nni/MainThread) Intermediate result: 0.7707029393868048  (Index 54)
-----------------ETPA RESULT-------------------
Epoch 27: Validation	rmse: 16.14	mae: 12.75	mape: 85.62%	acc@10: 48.13%	acc@20: 79.63%	acc@30: 93.25%	
[2023-12-18 15:25:52] INFO (nni/MainThread) Intermediate result: 16.13775234346344  (Index 55)
*** Epoch: 28 ***
-----------------G2R RESULT-------------------

val result: krc:0.788 | lsd:0.633 | ed:0.94 | hr@1:0.651 | hr@2:0.87 | hr@3:0.916 | acc@1:0.651 | acc@2:0.594 | acc@3:0.563 | Best krc: 0.786 | Best epoch: 26
best model saved
[2023-12-18 15:26:19] INFO (nni/MainThread) Intermediate result: 0.7878840400397026  (Index 56)
-----------------ETPA RESULT-------------------
Epoch 28: Validation	rmse: 16.06	mae: 12.68	mape: 84.99%	acc@10: 48.35%	acc@20: 79.86%	acc@30: 93.38%	
[2023-12-18 15:26:19] INFO (nni/MainThread) Intermediate result: 16.0579102150206  (Index 57)
*** Epoch: 29 ***
-----------------G2R RESULT-------------------

val result: krc:0.789 | lsd:0.618 | ed:0.928 | hr@1:0.651 | hr@2:0.871 | hr@3:0.918 | acc@1:0.651 | acc@2:0.596 | acc@3:0.565 | Best krc: 0.788 | Best epoch: 28
best model saved
[2023-12-18 15:26:46] INFO (nni/MainThread) Intermediate result: 0.7886003889064667  (Index 58)
-----------------ETPA RESULT-------------------
Epoch 29: Validation	rmse: 16.0	mae: 12.63	mape: 84.5%	acc@10: 48.64%	acc@20: 80.04%	acc@30: 93.47%	
[2023-12-18 15:26:46] INFO (nni/MainThread) Intermediate result: 15.997634494621401  (Index 59)
*** Epoch: 30 ***
-----------------G2R RESULT-------------------

val result: krc:0.788 | lsd:0.632 | ed:0.938 | hr@1:0.649 | hr@2:0.872 | hr@3:0.916 | acc@1:0.649 | acc@2:0.593 | acc@3:0.561 | Best krc: 0.789 | Best epoch: 29
[2023-12-18 15:27:12] INFO (nni/MainThread) Intermediate result: 0.787797138649784  (Index 60)
-----------------ETPA RESULT-------------------
Epoch 30: Validation	rmse: 15.92	mae: 12.57	mape: 84.11%	acc@10: 48.85%	acc@20: 80.25%	acc@30: 93.6%	
[2023-12-18 15:27:12] INFO (nni/MainThread) Intermediate result: 15.92173854410471  (Index 61)
*** Epoch: 31 ***
-----------------G2R RESULT-------------------

val result: krc:0.791 | lsd:0.608 | ed:0.921 | hr@1:0.656 | hr@2:0.875 | hr@3:0.919 | acc@1:0.656 | acc@2:0.602 | acc@3:0.568 | Best krc: 0.789 | Best epoch: 29
best model saved
[2023-12-18 15:27:39] INFO (nni/MainThread) Intermediate result: 0.7912448415727822  (Index 62)
-----------------ETPA RESULT-------------------
Epoch 31: Validation	rmse: 15.85	mae: 12.52	mape: 83.54%	acc@10: 48.96%	acc@20: 80.43%	acc@30: 93.69%	
[2023-12-18 15:27:39] INFO (nni/MainThread) Intermediate result: 15.850420343001005  (Index 63)
*** Epoch: 32 ***
-----------------G2R RESULT-------------------

val result: krc:0.793 | lsd:0.63 | ed:0.916 | hr@1:0.659 | hr@2:0.875 | hr@3:0.92 | acc@1:0.659 | acc@2:0.605 | acc@3:0.573 | Best krc: 0.791 | Best epoch: 31
best model saved
[2023-12-18 15:28:05] INFO (nni/MainThread) Intermediate result: 0.7929136477540499  (Index 64)
-----------------ETPA RESULT-------------------
Epoch 32: Validation	rmse: 15.81	mae: 12.48	mape: 83.04%	acc@10: 49.2%	acc@20: 80.53%	acc@30: 93.76%	
[2023-12-18 15:28:05] INFO (nni/MainThread) Intermediate result: 15.807905059777443  (Index 65)
*** Epoch: 33 ***
-----------------G2R RESULT-------------------

val result: krc:0.788 | lsd:0.635 | ed:0.938 | hr@1:0.648 | hr@2:0.87 | hr@3:0.917 | acc@1:0.648 | acc@2:0.593 | acc@3:0.559 | Best krc: 0.793 | Best epoch: 32
[2023-12-18 15:28:32] INFO (nni/MainThread) Intermediate result: 0.7875388007351277  (Index 66)
-----------------ETPA RESULT-------------------
Epoch 33: Validation	rmse: 15.74	mae: 12.42	mape: 82.44%	acc@10: 49.42%	acc@20: 80.66%	acc@30: 93.87%	
[2023-12-18 15:28:32] INFO (nni/MainThread) Intermediate result: 15.743333811048922  (Index 67)
*** Epoch: 34 ***
-----------------G2R RESULT-------------------

val result: krc:0.779 | lsd:0.62 | ed:0.977 | hr@1:0.644 | hr@2:0.871 | hr@3:0.914 | acc@1:0.644 | acc@2:0.585 | acc@3:0.545 | Best krc: 0.793 | Best epoch: 32
[2023-12-18 15:28:58] INFO (nni/MainThread) Intermediate result: 0.7792650310708904  (Index 68)
-----------------ETPA RESULT-------------------
Epoch 34: Validation	rmse: 15.68	mae: 12.38	mape: 82.01%	acc@10: 49.58%	acc@20: 80.84%	acc@30: 93.96%	
[2023-12-18 15:28:58] INFO (nni/MainThread) Intermediate result: 15.68096766226081  (Index 69)
*** Epoch: 35 ***
-----------------G2R RESULT-------------------

val result: krc:0.792 | lsd:0.616 | ed:0.916 | hr@1:0.659 | hr@2:0.874 | hr@3:0.919 | acc@1:0.659 | acc@2:0.603 | acc@3:0.571 | Best krc: 0.793 | Best epoch: 32
[2023-12-18 15:29:23] INFO (nni/MainThread) Intermediate result: 0.7921882347680335  (Index 70)
-----------------ETPA RESULT-------------------
Epoch 35: Validation	rmse: 15.65	mae: 12.35	mape: 81.88%	acc@10: 49.65%	acc@20: 80.92%	acc@30: 93.99%	
[2023-12-18 15:29:23] INFO (nni/MainThread) Intermediate result: 15.649216077889042  (Index 71)
*** Epoch: 36 ***
-----------------G2R RESULT-------------------

val result: krc:0.791 | lsd:0.62 | ed:0.93 | hr@1:0.655 | hr@2:0.873 | hr@3:0.919 | acc@1:0.655 | acc@2:0.599 | acc@3:0.568 | Best krc: 0.793 | Best epoch: 32
[2023-12-18 15:29:49] INFO (nni/MainThread) Intermediate result: 0.7910268526272025  (Index 72)
-----------------ETPA RESULT-------------------
Epoch 36: Validation	rmse: 15.6	mae: 12.31	mape: 81.51%	acc@10: 49.79%	acc@20: 81.07%	acc@30: 94.05%	
[2023-12-18 15:29:49] INFO (nni/MainThread) Intermediate result: 15.599431911071287  (Index 73)
*** Epoch: 37 ***
-----------------G2R RESULT-------------------

val result: krc:0.799 | lsd:0.618 | ed:0.906 | hr@1:0.664 | hr@2:0.876 | hr@3:0.92 | acc@1:0.664 | acc@2:0.606 | acc@3:0.575 | Best krc: 0.793 | Best epoch: 32
best model saved
[2023-12-18 15:30:16] INFO (nni/MainThread) Intermediate result: 0.7985200308768299  (Index 74)
-----------------ETPA RESULT-------------------
Epoch 37: Validation	rmse: 15.56	mae: 12.28	mape: 81.18%	acc@10: 49.94%	acc@20: 81.18%	acc@30: 94.12%	
[2023-12-18 15:30:16] INFO (nni/MainThread) Intermediate result: 15.555311980338956  (Index 75)
*** Epoch: 38 ***
-----------------G2R RESULT-------------------

val result: krc:0.792 | lsd:0.617 | ed:0.93 | hr@1:0.653 | hr@2:0.874 | hr@3:0.919 | acc@1:0.653 | acc@2:0.6 | acc@3:0.566 | Best krc: 0.799 | Best epoch: 37
[2023-12-18 15:30:42] INFO (nni/MainThread) Intermediate result: 0.7919574571083098  (Index 76)
-----------------ETPA RESULT-------------------
Epoch 38: Validation	rmse: 15.51	mae: 12.25	mape: 80.95%	acc@10: 50.06%	acc@20: 81.27%	acc@30: 94.19%	
[2023-12-18 15:30:42] INFO (nni/MainThread) Intermediate result: 15.513647599935696  (Index 77)
*** Epoch: 39 ***
-----------------G2R RESULT-------------------

val result: krc:0.79 | lsd:0.624 | ed:0.93 | hr@1:0.652 | hr@2:0.871 | hr@3:0.92 | acc@1:0.652 | acc@2:0.598 | acc@3:0.568 | Best krc: 0.799 | Best epoch: 37
[2023-12-18 15:31:07] INFO (nni/MainThread) Intermediate result: 0.790203459272108  (Index 78)
-----------------ETPA RESULT-------------------
Epoch 39: Validation	rmse: 15.47	mae: 12.21	mape: 80.45%	acc@10: 50.18%	acc@20: 81.42%	acc@30: 94.24%	
[2023-12-18 15:31:07] INFO (nni/MainThread) Intermediate result: 15.468539669690875  (Index 79)
*** Epoch: 40 ***
-----------------G2R RESULT-------------------

val result: krc:0.791 | lsd:0.607 | ed:0.925 | hr@1:0.664 | hr@2:0.87 | hr@3:0.916 | acc@1:0.664 | acc@2:0.606 | acc@3:0.572 | Best krc: 0.799 | Best epoch: 37
[2023-12-18 15:31:33] INFO (nni/MainThread) Intermediate result: 0.7913552576429709  (Index 80)
-----------------ETPA RESULT-------------------
Epoch 40: Validation	rmse: 15.43	mae: 12.17	mape: 80.13%	acc@10: 50.32%	acc@20: 81.48%	acc@30: 94.29%	
[2023-12-18 15:31:33] INFO (nni/MainThread) Intermediate result: 15.427850378342287  (Index 81)
*** Epoch: 41 ***
-----------------G2R RESULT-------------------

val result: krc:0.791 | lsd:0.631 | ed:0.928 | hr@1:0.664 | hr@2:0.871 | hr@3:0.916 | acc@1:0.664 | acc@2:0.607 | acc@3:0.566 | Best krc: 0.799 | Best epoch: 37
[2023-12-18 15:31:58] INFO (nni/MainThread) Intermediate result: 0.7910977160299416  (Index 82)
-----------------ETPA RESULT-------------------
Epoch 41: Validation	rmse: 15.39	mae: 12.14	mape: 79.69%	acc@10: 50.4%	acc@20: 81.57%	acc@30: 94.32%	
[2023-12-18 15:31:58] INFO (nni/MainThread) Intermediate result: 15.393575987758386  (Index 83)
*** Epoch: 42 ***
-----------------G2R RESULT-------------------

val result: krc:0.797 | lsd:0.623 | ed:0.904 | hr@1:0.667 | hr@2:0.876 | hr@3:0.921 | acc@1:0.667 | acc@2:0.612 | acc@3:0.577 | Best krc: 0.799 | Best epoch: 37
[2023-12-18 15:32:24] INFO (nni/MainThread) Intermediate result: 0.7968058267664739  (Index 84)
-----------------ETPA RESULT-------------------
Epoch 42: Validation	rmse: 15.36	mae: 12.11	mape: 79.28%	acc@10: 50.48%	acc@20: 81.64%	acc@30: 94.36%	
[2023-12-18 15:32:24] INFO (nni/MainThread) Intermediate result: 15.363791596310087  (Index 85)
*** Epoch: 43 ***
-----------------G2R RESULT-------------------

val result: krc:0.788 | lsd:0.606 | ed:0.941 | hr@1:0.656 | hr@2:0.874 | hr@3:0.919 | acc@1:0.656 | acc@2:0.601 | acc@3:0.564 | Best krc: 0.799 | Best epoch: 37
[2023-12-18 15:32:50] INFO (nni/MainThread) Intermediate result: 0.78795857108931  (Index 86)
-----------------ETPA RESULT-------------------
Epoch 43: Validation	rmse: 15.33	mae: 12.08	mape: 78.95%	acc@10: 50.6%	acc@20: 81.7%	acc@30: 94.4%	
[2023-12-18 15:32:50] INFO (nni/MainThread) Intermediate result: 15.330709588210283  (Index 87)
*** Epoch: 44 ***
-----------------G2R RESULT-------------------

val result: krc:0.795 | lsd:0.602 | ed:0.925 | hr@1:0.665 | hr@2:0.875 | hr@3:0.919 | acc@1:0.665 | acc@2:0.606 | acc@3:0.57 | Best krc: 0.799 | Best epoch: 37
[2023-12-18 15:33:15] INFO (nni/MainThread) Intermediate result: 0.7947153583270766  (Index 88)
-----------------ETPA RESULT-------------------
Epoch 44: Validation	rmse: 15.29	mae: 12.04	mape: 78.55%	acc@10: 50.7%	acc@20: 81.86%	acc@30: 94.44%	
[2023-12-18 15:33:15] INFO (nni/MainThread) Intermediate result: 15.285294805077468  (Index 89)
*** Epoch: 45 ***
-----------------G2R RESULT-------------------

val result: krc:0.802 | lsd:0.591 | ed:0.893 | hr@1:0.675 | hr@2:0.878 | hr@3:0.924 | acc@1:0.675 | acc@2:0.618 | acc@3:0.586 | Best krc: 0.799 | Best epoch: 37
best model saved
[2023-12-18 15:33:42] INFO (nni/MainThread) Intermediate result: 0.8023191972645405  (Index 90)
-----------------ETPA RESULT-------------------
Epoch 45: Validation	rmse: 15.25	mae: 12.01	mape: 78.24%	acc@10: 50.76%	acc@20: 81.96%	acc@30: 94.48%	
[2023-12-18 15:33:42] INFO (nni/MainThread) Intermediate result: 15.250563576712997  (Index 91)
*** Epoch: 46 ***
-----------------G2R RESULT-------------------

val result: krc:0.795 | lsd:0.608 | ed:0.924 | hr@1:0.67 | hr@2:0.876 | hr@3:0.917 | acc@1:0.67 | acc@2:0.613 | acc@3:0.575 | Best krc: 0.802 | Best epoch: 45
[2023-12-18 15:34:08] INFO (nni/MainThread) Intermediate result: 0.7949127641213344  (Index 92)
-----------------ETPA RESULT-------------------
Epoch 46: Validation	rmse: 15.22	mae: 11.98	mape: 77.92%	acc@10: 50.81%	acc@20: 82.05%	acc@30: 94.52%	
[2023-12-18 15:34:08] INFO (nni/MainThread) Intermediate result: 15.215732361385772  (Index 93)
*** Epoch: 47 ***
-----------------G2R RESULT-------------------

val result: krc:0.792 | lsd:0.653 | ed:0.936 | hr@1:0.664 | hr@2:0.88 | hr@3:0.919 | acc@1:0.664 | acc@2:0.608 | acc@3:0.57 | Best krc: 0.802 | Best epoch: 45
[2023-12-18 15:34:35] INFO (nni/MainThread) Intermediate result: 0.7923683875760832  (Index 94)
-----------------ETPA RESULT-------------------
Epoch 47: Validation	rmse: 15.18	mae: 11.96	mape: 77.65%	acc@10: 50.93%	acc@20: 82.11%	acc@30: 94.58%	
[2023-12-18 15:34:35] INFO (nni/MainThread) Intermediate result: 15.182951111651757  (Index 95)
*** Epoch: 48 ***
-----------------G2R RESULT-------------------

val result: krc:0.798 | lsd:0.602 | ed:0.907 | hr@1:0.666 | hr@2:0.873 | hr@3:0.92 | acc@1:0.666 | acc@2:0.608 | acc@3:0.579 | Best krc: 0.802 | Best epoch: 45
[2023-12-18 15:35:00] INFO (nni/MainThread) Intermediate result: 0.7975825055929999  (Index 96)
-----------------ETPA RESULT-------------------
Epoch 48: Validation	rmse: 15.15	mae: 11.93	mape: 77.45%	acc@10: 51.02%	acc@20: 82.2%	acc@30: 94.6%	
[2023-12-18 15:35:00] INFO (nni/MainThread) Intermediate result: 15.150676077438549  (Index 97)
*** Epoch: 49 ***
-----------------G2R RESULT-------------------

val result: krc:0.802 | lsd:0.596 | ed:0.895 | hr@1:0.67 | hr@2:0.877 | hr@3:0.923 | acc@1:0.67 | acc@2:0.613 | acc@3:0.58 | Best krc: 0.802 | Best epoch: 45
[2023-12-18 15:35:26] INFO (nni/MainThread) Intermediate result: 0.8020963192016973  (Index 98)
-----------------ETPA RESULT-------------------
Epoch 49: Validation	rmse: 15.13	mae: 11.91	mape: 77.23%	acc@10: 51.13%	acc@20: 82.24%	acc@30: 94.63%	
[2023-12-18 15:35:26] INFO (nni/MainThread) Intermediate result: 15.125887399713443  (Index 99)
*** Epoch: 50 ***
-----------------G2R RESULT-------------------

val result: krc:0.804 | lsd:0.594 | ed:0.892 | hr@1:0.679 | hr@2:0.88 | hr@3:0.923 | acc@1:0.679 | acc@2:0.627 | acc@3:0.592 | Best krc: 0.802 | Best epoch: 45
best model saved
[2023-12-18 15:35:53] INFO (nni/MainThread) Intermediate result: 0.803939513497887  (Index 100)
-----------------ETPA RESULT-------------------
Epoch 50: Validation	rmse: 15.1	mae: 11.89	mape: 76.96%	acc@10: 51.19%	acc@20: 82.32%	acc@30: 94.66%	
[2023-12-18 15:35:53] INFO (nni/MainThread) Intermediate result: 15.099036717181956  (Index 101)
*** Epoch: 51 ***
-----------------G2R RESULT-------------------

val result: krc:0.8 | lsd:0.62 | ed:0.899 | hr@1:0.673 | hr@2:0.878 | hr@3:0.921 | acc@1:0.673 | acc@2:0.617 | acc@3:0.584 | Best krc: 0.804 | Best epoch: 50
[2023-12-18 15:36:19] INFO (nni/MainThread) Intermediate result: 0.8003798268162063  (Index 102)
-----------------ETPA RESULT-------------------
Epoch 51: Validation	rmse: 15.07	mae: 11.87	mape: 76.78%	acc@10: 51.29%	acc@20: 82.4%	acc@30: 94.72%	
[2023-12-18 15:36:19] INFO (nni/MainThread) Intermediate result: 15.069144561167937  (Index 103)
*** Epoch: 52 ***
-----------------G2R RESULT-------------------

val result: krc:0.805 | lsd:0.606 | ed:0.876 | hr@1:0.677 | hr@2:0.88 | hr@3:0.924 | acc@1:0.677 | acc@2:0.622 | acc@3:0.592 | Best krc: 0.804 | Best epoch: 50
best model saved
[2023-12-18 15:36:46] INFO (nni/MainThread) Intermediate result: 0.8046195405268427  (Index 104)
-----------------ETPA RESULT-------------------
Epoch 52: Validation	rmse: 15.03	mae: 11.84	mape: 76.42%	acc@10: 51.4%	acc@20: 82.5%	acc@30: 94.75%	
[2023-12-18 15:36:46] INFO (nni/MainThread) Intermediate result: 15.034633959675995  (Index 105)
*** Epoch: 53 ***
-----------------G2R RESULT-------------------

val result: krc:0.804 | lsd:0.591 | ed:0.887 | hr@1:0.676 | hr@2:0.88 | hr@3:0.921 | acc@1:0.676 | acc@2:0.623 | acc@3:0.588 | Best krc: 0.805 | Best epoch: 52
[2023-12-18 15:37:12] INFO (nni/MainThread) Intermediate result: 0.8044673647297171  (Index 106)
-----------------ETPA RESULT-------------------
Epoch 53: Validation	rmse: 15.01	mae: 11.81	mape: 76.26%	acc@10: 51.48%	acc@20: 82.58%	acc@30: 94.78%	
[2023-12-18 15:37:12] INFO (nni/MainThread) Intermediate result: 15.008899124230503  (Index 107)
*** Epoch: 54 ***
-----------------G2R RESULT-------------------

val result: krc:0.794 | lsd:0.643 | ed:0.923 | hr@1:0.671 | hr@2:0.877 | hr@3:0.92 | acc@1:0.671 | acc@2:0.611 | acc@3:0.573 | Best krc: 0.805 | Best epoch: 52
[2023-12-18 15:37:38] INFO (nni/MainThread) Intermediate result: 0.7943171764509761  (Index 108)
-----------------ETPA RESULT-------------------
Epoch 54: Validation	rmse: 14.98	mae: 11.79	mape: 75.97%	acc@10: 51.58%	acc@20: 82.67%	acc@30: 94.81%	
[2023-12-18 15:37:38] INFO (nni/MainThread) Intermediate result: 14.982554999975235  (Index 109)
*** Epoch: 55 ***
-----------------G2R RESULT-------------------

val result: krc:0.798 | lsd:0.601 | ed:0.901 | hr@1:0.667 | hr@2:0.878 | hr@3:0.921 | acc@1:0.667 | acc@2:0.614 | acc@3:0.583 | Best krc: 0.805 | Best epoch: 52
[2023-12-18 15:38:04] INFO (nni/MainThread) Intermediate result: 0.797885089209969  (Index 110)
-----------------ETPA RESULT-------------------
Epoch 55: Validation	rmse: 14.95	mae: 11.76	mape: 75.71%	acc@10: 51.69%	acc@20: 82.75%	acc@30: 94.84%	
[2023-12-18 15:38:04] INFO (nni/MainThread) Intermediate result: 14.95116267855742  (Index 111)
*** Epoch: 56 ***
-----------------G2R RESULT-------------------

val result: krc:0.802 | lsd:0.584 | ed:0.892 | hr@1:0.673 | hr@2:0.879 | hr@3:0.921 | acc@1:0.673 | acc@2:0.617 | acc@3:0.585 | Best krc: 0.805 | Best epoch: 52
[2023-12-18 15:38:30] INFO (nni/MainThread) Intermediate result: 0.8018609067494069  (Index 112)
-----------------ETPA RESULT-------------------
Epoch 56: Validation	rmse: 14.93	mae: 11.74	mape: 75.5%	acc@10: 51.79%	acc@20: 82.81%	acc@30: 94.87%	
[2023-12-18 15:38:30] INFO (nni/MainThread) Intermediate result: 14.925144745325243  (Index 113)
*** Epoch: 57 ***
-----------------G2R RESULT-------------------

val result: krc:0.808 | lsd:0.571 | ed:0.869 | hr@1:0.685 | hr@2:0.883 | hr@3:0.925 | acc@1:0.685 | acc@2:0.629 | acc@3:0.594 | Best krc: 0.805 | Best epoch: 52
best model saved
[2023-12-18 15:38:58] INFO (nni/MainThread) Intermediate result: 0.8077757083966091  (Index 114)
-----------------ETPA RESULT-------------------
Epoch 57: Validation	rmse: 14.9	mae: 11.72	mape: 75.32%	acc@10: 51.89%	acc@20: 82.86%	acc@30: 94.89%	
[2023-12-18 15:38:58] INFO (nni/MainThread) Intermediate result: 14.902300328013714  (Index 115)
*** Epoch: 58 ***
-----------------G2R RESULT-------------------

val result: krc:0.805 | lsd:0.586 | ed:0.883 | hr@1:0.682 | hr@2:0.88 | hr@3:0.923 | acc@1:0.682 | acc@2:0.627 | acc@3:0.592 | Best krc: 0.808 | Best epoch: 57
[2023-12-18 15:39:25] INFO (nni/MainThread) Intermediate result: 0.8048545417238027  (Index 116)
-----------------ETPA RESULT-------------------
Epoch 58: Validation	rmse: 14.88	mae: 11.7	mape: 75.15%	acc@10: 51.93%	acc@20: 82.94%	acc@30: 94.92%	
[2023-12-18 15:39:25] INFO (nni/MainThread) Intermediate result: 14.877202669662704  (Index 117)
*** Epoch: 59 ***
-----------------G2R RESULT-------------------

val result: krc:0.788 | lsd:0.608 | ed:0.963 | hr@1:0.656 | hr@2:0.873 | hr@3:0.917 | acc@1:0.656 | acc@2:0.596 | acc@3:0.559 | Best krc: 0.808 | Best epoch: 57
[2023-12-18 15:39:52] INFO (nni/MainThread) Intermediate result: 0.7878956140783862  (Index 118)
-----------------ETPA RESULT-------------------
Epoch 59: Validation	rmse: 14.85	mae: 11.68	mape: 74.96%	acc@10: 52.02%	acc@20: 83.02%	acc@30: 94.94%	
[2023-12-18 15:39:52] INFO (nni/MainThread) Intermediate result: 14.853607356254079  (Index 119)
*** Epoch: 60 ***
-----------------G2R RESULT-------------------

val result: krc:0.803 | lsd:0.589 | ed:0.891 | hr@1:0.673 | hr@2:0.878 | hr@3:0.92 | acc@1:0.673 | acc@2:0.619 | acc@3:0.586 | Best krc: 0.808 | Best epoch: 57
[2023-12-18 15:40:19] INFO (nni/MainThread) Intermediate result: 0.8030081149801306  (Index 120)
-----------------ETPA RESULT-------------------
Epoch 60: Validation	rmse: 14.83	mae: 11.66	mape: 74.86%	acc@10: 52.06%	acc@20: 83.09%	acc@30: 94.98%	
[2023-12-18 15:40:20] INFO (nni/MainThread) Intermediate result: 14.828252939408811  (Index 121)
*** Epoch: 61 ***
-----------------G2R RESULT-------------------

val result: krc:0.806 | lsd:0.59 | ed:0.882 | hr@1:0.679 | hr@2:0.882 | hr@3:0.923 | acc@1:0.679 | acc@2:0.624 | acc@3:0.592 | Best krc: 0.808 | Best epoch: 57
[2023-12-18 15:40:47] INFO (nni/MainThread) Intermediate result: 0.8057173000767228  (Index 122)
-----------------ETPA RESULT-------------------
Epoch 61: Validation	rmse: 14.81	mae: 11.65	mape: 74.78%	acc@10: 52.11%	acc@20: 83.12%	acc@30: 95.02%	
[2023-12-18 15:40:47] INFO (nni/MainThread) Intermediate result: 14.811676437338528  (Index 123)
*** Epoch: 62 ***
-----------------G2R RESULT-------------------

val result: krc:0.802 | lsd:0.601 | ed:0.897 | hr@1:0.674 | hr@2:0.879 | hr@3:0.921 | acc@1:0.674 | acc@2:0.618 | acc@3:0.585 | Best krc: 0.808 | Best epoch: 57
[2023-12-18 15:41:15] INFO (nni/MainThread) Intermediate result: 0.8024386027097002  (Index 124)
-----------------ETPA RESULT-------------------
Epoch 62: Validation	rmse: 14.79	mae: 11.64	mape: 74.69%	acc@10: 52.15%	acc@20: 83.15%	acc@30: 95.04%	
[2023-12-18 15:41:15] INFO (nni/MainThread) Intermediate result: 14.790212834506272  (Index 125)
*** Epoch: 63 ***
-----------------G2R RESULT-------------------

val result: krc:0.812 | lsd:0.569 | ed:0.864 | hr@1:0.691 | hr@2:0.883 | hr@3:0.925 | acc@1:0.691 | acc@2:0.636 | acc@3:0.603 | Best krc: 0.808 | Best epoch: 57
best model saved
[2023-12-18 15:41:43] INFO (nni/MainThread) Intermediate result: 0.8121678396099032  (Index 126)
-----------------ETPA RESULT-------------------
Epoch 63: Validation	rmse: 14.77	mae: 11.61	mape: 74.44%	acc@10: 52.22%	acc@20: 83.19%	acc@30: 95.07%	
[2023-12-18 15:41:43] INFO (nni/MainThread) Intermediate result: 14.76744495768389  (Index 127)
*** Epoch: 64 ***
-----------------G2R RESULT-------------------

val result: krc:0.811 | lsd:0.576 | ed:0.863 | hr@1:0.689 | hr@2:0.883 | hr@3:0.924 | acc@1:0.689 | acc@2:0.634 | acc@3:0.603 | Best krc: 0.812 | Best epoch: 63
[2023-12-18 15:42:10] INFO (nni/MainThread) Intermediate result: 0.811424919960119  (Index 128)
-----------------ETPA RESULT-------------------
Epoch 64: Validation	rmse: 14.75	mae: 11.59	mape: 74.14%	acc@10: 52.31%	acc@20: 83.26%	acc@30: 95.08%	
[2023-12-18 15:42:10] INFO (nni/MainThread) Intermediate result: 14.748826348008913  (Index 129)
*** Epoch: 65 ***
-----------------G2R RESULT-------------------

val result: krc:0.803 | lsd:0.633 | ed:0.895 | hr@1:0.679 | hr@2:0.878 | hr@3:0.919 | acc@1:0.679 | acc@2:0.622 | acc@3:0.588 | Best krc: 0.812 | Best epoch: 63
[2023-12-18 15:42:38] INFO (nni/MainThread) Intermediate result: 0.8027800646777472  (Index 130)
-----------------ETPA RESULT-------------------
Epoch 65: Validation	rmse: 14.73	mae: 11.58	mape: 73.99%	acc@10: 52.4%	acc@20: 83.3%	acc@30: 95.1%	
[2023-12-18 15:42:38] INFO (nni/MainThread) Intermediate result: 14.729057497826755  (Index 131)
*** Epoch: 66 ***
-----------------G2R RESULT-------------------

val result: krc:0.807 | lsd:0.568 | ed:0.885 | hr@1:0.684 | hr@2:0.88 | hr@3:0.923 | acc@1:0.684 | acc@2:0.624 | acc@3:0.593 | Best krc: 0.812 | Best epoch: 63
[2023-12-18 15:43:06] INFO (nni/MainThread) Intermediate result: 0.8072383406970202  (Index 132)
-----------------ETPA RESULT-------------------
Epoch 66: Validation	rmse: 14.71	mae: 11.56	mape: 73.88%	acc@10: 52.46%	acc@20: 83.34%	acc@30: 95.13%	
[2023-12-18 15:43:06] INFO (nni/MainThread) Intermediate result: 14.712231097956433  (Index 133)
*** Epoch: 67 ***
-----------------G2R RESULT-------------------

val result: krc:0.805 | lsd:0.573 | ed:0.899 | hr@1:0.683 | hr@2:0.878 | hr@3:0.92 | acc@1:0.683 | acc@2:0.624 | acc@3:0.589 | Best krc: 0.812 | Best epoch: 63
[2023-12-18 15:43:32] INFO (nni/MainThread) Intermediate result: 0.80499761036709  (Index 134)
-----------------ETPA RESULT-------------------
Epoch 67: Validation	rmse: 14.69	mae: 11.55	mape: 73.69%	acc@10: 52.55%	acc@20: 83.41%	acc@30: 95.16%	
[2023-12-18 15:43:32] INFO (nni/MainThread) Intermediate result: 14.691896386379852  (Index 135)
*** Epoch: 68 ***
-----------------G2R RESULT-------------------

val result: krc:0.81 | lsd:0.593 | ed:0.876 | hr@1:0.687 | hr@2:0.885 | hr@3:0.923 | acc@1:0.687 | acc@2:0.634 | acc@3:0.601 | Best krc: 0.812 | Best epoch: 63
[2023-12-18 15:44:00] INFO (nni/MainThread) Intermediate result: 0.8096467493056911  (Index 136)
-----------------ETPA RESULT-------------------
Epoch 68: Validation	rmse: 14.67	mae: 11.53	mape: 73.45%	acc@10: 52.6%	acc@20: 83.46%	acc@30: 95.17%	
[2023-12-18 15:44:00] INFO (nni/MainThread) Intermediate result: 14.673548670556455  (Index 137)
*** Epoch: 69 ***
-----------------G2R RESULT-------------------

val result: krc:0.798 | lsd:0.587 | ed:0.92 | hr@1:0.679 | hr@2:0.878 | hr@3:0.918 | acc@1:0.679 | acc@2:0.621 | acc@3:0.579 | Best krc: 0.812 | Best epoch: 63
[2023-12-18 15:44:26] INFO (nni/MainThread) Intermediate result: 0.7984240226566418  (Index 138)
-----------------ETPA RESULT-------------------
Epoch 69: Validation	rmse: 14.66	mae: 11.51	mape: 73.33%	acc@10: 52.63%	acc@20: 83.51%	acc@30: 95.2%	
[2023-12-18 15:44:26] INFO (nni/MainThread) Intermediate result: 14.65649578592783  (Index 139)
*** Epoch: 70 ***
-----------------G2R RESULT-------------------

val result: krc:0.816 | lsd:0.56 | ed:0.841 | hr@1:0.702 | hr@2:0.886 | hr@3:0.925 | acc@1:0.702 | acc@2:0.648 | acc@3:0.611 | Best krc: 0.812 | Best epoch: 63
best model saved
[2023-12-18 15:44:54] INFO (nni/MainThread) Intermediate result: 0.8160650287541411  (Index 140)
-----------------ETPA RESULT-------------------
Epoch 70: Validation	rmse: 14.64	mae: 11.5	mape: 73.24%	acc@10: 52.68%	acc@20: 83.54%	acc@30: 95.22%	
[2023-12-18 15:44:54] INFO (nni/MainThread) Intermediate result: 14.640112113739333  (Index 141)
*** Epoch: 71 ***
-----------------G2R RESULT-------------------

val result: krc:0.818 | lsd:0.558 | ed:0.844 | hr@1:0.702 | hr@2:0.884 | hr@3:0.928 | acc@1:0.702 | acc@2:0.645 | acc@3:0.612 | Best krc: 0.816 | Best epoch: 70
best model saved
[2023-12-18 15:45:25] INFO (nni/MainThread) Intermediate result: 0.8176912928202827  (Index 142)
-----------------ETPA RESULT-------------------
Epoch 71: Validation	rmse: 14.63	mae: 11.49	mape: 73.1%	acc@10: 52.73%	acc@20: 83.55%	acc@30: 95.25%	
[2023-12-18 15:45:25] INFO (nni/MainThread) Intermediate result: 14.625017790027115  (Index 143)
*** Epoch: 72 ***
-----------------G2R RESULT-------------------

val result: krc:0.816 | lsd:0.565 | ed:0.875 | hr@1:0.7 | hr@2:0.884 | hr@3:0.922 | acc@1:0.7 | acc@2:0.641 | acc@3:0.6 | Best krc: 0.818 | Best epoch: 71
[2023-12-18 15:45:53] INFO (nni/MainThread) Intermediate result: 0.8161327063032353  (Index 144)
-----------------ETPA RESULT-------------------
Epoch 72: Validation	rmse: 14.61	mae: 11.47	mape: 73.0%	acc@10: 52.78%	acc@20: 83.58%	acc@30: 95.27%	
[2023-12-18 15:45:53] INFO (nni/MainThread) Intermediate result: 14.608644476430289  (Index 145)
*** Epoch: 73 ***
-----------------G2R RESULT-------------------

val result: krc:0.816 | lsd:0.554 | ed:0.86 | hr@1:0.699 | hr@2:0.888 | hr@3:0.926 | acc@1:0.699 | acc@2:0.642 | acc@3:0.609 | Best krc: 0.818 | Best epoch: 71
[2023-12-18 15:46:20] INFO (nni/MainThread) Intermediate result: 0.8161288170120702  (Index 146)
-----------------ETPA RESULT-------------------
Epoch 73: Validation	rmse: 14.6	mae: 11.46	mape: 72.9%	acc@10: 52.85%	acc@20: 83.59%	acc@30: 95.29%	
[2023-12-18 15:46:20] INFO (nni/MainThread) Intermediate result: 14.595758025687623  (Index 147)
*** Epoch: 74 ***
-----------------G2R RESULT-------------------

val result: krc:0.814 | lsd:0.588 | ed:0.869 | hr@1:0.695 | hr@2:0.886 | hr@3:0.926 | acc@1:0.695 | acc@2:0.634 | acc@3:0.602 | Best krc: 0.818 | Best epoch: 71
[2023-12-18 15:46:47] INFO (nni/MainThread) Intermediate result: 0.8142542838301474  (Index 148)
-----------------ETPA RESULT-------------------
Epoch 74: Validation	rmse: 14.58	mae: 11.45	mape: 72.81%	acc@10: 52.93%	acc@20: 83.61%	acc@30: 95.31%	
[2023-12-18 15:46:47] INFO (nni/MainThread) Intermediate result: 14.582825634798848  (Index 149)
*** Epoch: 75 ***
-----------------G2R RESULT-------------------

val result: krc:0.809 | lsd:0.598 | ed:0.877 | hr@1:0.699 | hr@2:0.885 | hr@3:0.922 | acc@1:0.699 | acc@2:0.643 | acc@3:0.605 | Best krc: 0.818 | Best epoch: 71
[2023-12-18 15:47:14] INFO (nni/MainThread) Intermediate result: 0.8085989202298777  (Index 150)
-----------------ETPA RESULT-------------------
Epoch 75: Validation	rmse: 14.57	mae: 11.44	mape: 72.65%	acc@10: 53.0%	acc@20: 83.63%	acc@30: 95.33%	
[2023-12-18 15:47:14] INFO (nni/MainThread) Intermediate result: 14.57302771588567  (Index 151)
*** Epoch: 76 ***
-----------------G2R RESULT-------------------

val result: krc:0.819 | lsd:0.563 | ed:0.846 | hr@1:0.701 | hr@2:0.887 | hr@3:0.924 | acc@1:0.701 | acc@2:0.646 | acc@3:0.613 | Best krc: 0.818 | Best epoch: 71
best model saved
[2023-12-18 15:47:43] INFO (nni/MainThread) Intermediate result: 0.8188628615388562  (Index 152)
-----------------ETPA RESULT-------------------
Epoch 76: Validation	rmse: 14.56	mae: 11.43	mape: 72.51%	acc@10: 53.07%	acc@20: 83.66%	acc@30: 95.34%	
[2023-12-18 15:47:43] INFO (nni/MainThread) Intermediate result: 14.559929072478518  (Index 153)
*** Epoch: 77 ***
-----------------G2R RESULT-------------------

val result: krc:0.808 | lsd:0.597 | ed:0.905 | hr@1:0.691 | hr@2:0.882 | hr@3:0.92 | acc@1:0.691 | acc@2:0.635 | acc@3:0.598 | Best krc: 0.819 | Best epoch: 76
[2023-12-18 15:48:10] INFO (nni/MainThread) Intermediate result: 0.8081702776324551  (Index 154)
-----------------ETPA RESULT-------------------
Epoch 77: Validation	rmse: 14.55	mae: 11.42	mape: 72.41%	acc@10: 53.13%	acc@20: 83.69%	acc@30: 95.35%	
[2023-12-18 15:48:10] INFO (nni/MainThread) Intermediate result: 14.547417765636853  (Index 155)
*** Epoch: 78 ***
-----------------G2R RESULT-------------------

val result: krc:0.808 | lsd:0.565 | ed:0.902 | hr@1:0.697 | hr@2:0.88 | hr@3:0.921 | acc@1:0.697 | acc@2:0.633 | acc@3:0.593 | Best krc: 0.819 | Best epoch: 76
[2023-12-18 15:48:38] INFO (nni/MainThread) Intermediate result: 0.8077695605985942  (Index 156)
-----------------ETPA RESULT-------------------
Epoch 78: Validation	rmse: 14.53	mae: 11.41	mape: 72.29%	acc@10: 53.17%	acc@20: 83.73%	acc@30: 95.37%	
[2023-12-18 15:48:38] INFO (nni/MainThread) Intermediate result: 14.533947153429217  (Index 157)
*** Epoch: 79 ***
-----------------G2R RESULT-------------------

val result: krc:0.819 | lsd:0.553 | ed:0.842 | hr@1:0.702 | hr@2:0.884 | hr@3:0.928 | acc@1:0.702 | acc@2:0.643 | acc@3:0.613 | Best krc: 0.819 | Best epoch: 76
[2023-12-18 15:49:05] INFO (nni/MainThread) Intermediate result: 0.8187117942867834  (Index 158)
-----------------ETPA RESULT-------------------
Epoch 79: Validation	rmse: 14.52	mae: 11.39	mape: 72.21%	acc@10: 53.2%	acc@20: 83.73%	acc@30: 95.38%	
[2023-12-18 15:49:05] INFO (nni/MainThread) Intermediate result: 14.52369101774995  (Index 159)
*** Epoch: 80 ***
-----------------G2R RESULT-------------------

val result: krc:0.812 | lsd:0.559 | ed:0.889 | hr@1:0.69 | hr@2:0.882 | hr@3:0.924 | acc@1:0.69 | acc@2:0.63 | acc@3:0.593 | Best krc: 0.819 | Best epoch: 76
[2023-12-18 15:49:32] INFO (nni/MainThread) Intermediate result: 0.8118793412453228  (Index 160)
-----------------ETPA RESULT-------------------
Epoch 80: Validation	rmse: 14.51	mae: 11.39	mape: 72.14%	acc@10: 53.25%	acc@20: 83.74%	acc@30: 95.4%	
[2023-12-18 15:49:32] INFO (nni/MainThread) Intermediate result: 14.51341774085691  (Index 161)
*** Epoch: 81 ***
-----------------G2R RESULT-------------------

val result: krc:0.815 | lsd:0.566 | ed:0.86 | hr@1:0.696 | hr@2:0.884 | hr@3:0.926 | acc@1:0.696 | acc@2:0.641 | acc@3:0.609 | Best krc: 0.819 | Best epoch: 76
[2023-12-18 15:50:00] INFO (nni/MainThread) Intermediate result: 0.8152668944361118  (Index 162)
-----------------ETPA RESULT-------------------
Epoch 81: Validation	rmse: 14.5	mae: 11.38	mape: 72.09%	acc@10: 53.3%	acc@20: 83.78%	acc@30: 95.42%	
[2023-12-18 15:50:00] INFO (nni/MainThread) Intermediate result: 14.498301070421583  (Index 163)
*** Epoch: 82 ***
-----------------G2R RESULT-------------------

val result: krc:0.808 | lsd:0.581 | ed:0.883 | hr@1:0.687 | hr@2:0.882 | hr@3:0.924 | acc@1:0.687 | acc@2:0.632 | acc@3:0.592 | Best krc: 0.819 | Best epoch: 76
[2023-12-18 15:50:28] INFO (nni/MainThread) Intermediate result: 0.8075172863541905  (Index 164)
-----------------ETPA RESULT-------------------
Epoch 82: Validation	rmse: 14.49	mae: 11.37	mape: 72.06%	acc@10: 53.35%	acc@20: 83.79%	acc@30: 95.44%	
[2023-12-18 15:50:28] INFO (nni/MainThread) Intermediate result: 14.489265238007734  (Index 165)
*** Epoch: 83 ***
-----------------G2R RESULT-------------------

val result: krc:0.813 | lsd:0.569 | ed:0.86 | hr@1:0.696 | hr@2:0.881 | hr@3:0.924 | acc@1:0.696 | acc@2:0.634 | acc@3:0.602 | Best krc: 0.819 | Best epoch: 76
[2023-12-18 15:50:56] INFO (nni/MainThread) Intermediate result: 0.8131868358365952  (Index 166)
-----------------ETPA RESULT-------------------
Epoch 83: Validation	rmse: 14.47	mae: 11.36	mape: 71.92%	acc@10: 53.38%	acc@20: 83.84%	acc@30: 95.45%	
[2023-12-18 15:50:56] INFO (nni/MainThread) Intermediate result: 14.474067152071745  (Index 167)
*** Epoch: 84 ***
-----------------G2R RESULT-------------------

val result: krc:0.807 | lsd:0.566 | ed:0.896 | hr@1:0.69 | hr@2:0.884 | hr@3:0.922 | acc@1:0.69 | acc@2:0.634 | acc@3:0.591 | Best krc: 0.819 | Best epoch: 76
[2023-12-18 15:51:23] INFO (nni/MainThread) Intermediate result: 0.8072923986085333  (Index 168)
-----------------ETPA RESULT-------------------
Epoch 84: Validation	rmse: 14.46	mae: 11.34	mape: 71.8%	acc@10: 53.45%	acc@20: 83.87%	acc@30: 95.46%	
[2023-12-18 15:51:23] INFO (nni/MainThread) Intermediate result: 14.463708175280855  (Index 169)
*** Epoch: 85 ***
-----------------G2R RESULT-------------------

val result: krc:0.816 | lsd:0.559 | ed:0.861 | hr@1:0.695 | hr@2:0.883 | hr@3:0.925 | acc@1:0.695 | acc@2:0.634 | acc@3:0.605 | Best krc: 0.819 | Best epoch: 76
[2023-12-18 15:51:54] INFO (nni/MainThread) Intermediate result: 0.8160522539534345  (Index 170)
-----------------ETPA RESULT-------------------
Epoch 85: Validation	rmse: 14.46	mae: 11.34	mape: 71.78%	acc@10: 53.48%	acc@20: 83.85%	acc@30: 95.49%	
[2023-12-18 15:51:54] INFO (nni/MainThread) Intermediate result: 14.455734559768846  (Index 171)
*** Epoch: 86 ***
-----------------G2R RESULT-------------------

val result: krc:0.807 | lsd:0.567 | ed:0.892 | hr@1:0.693 | hr@2:0.887 | hr@3:0.923 | acc@1:0.693 | acc@2:0.639 | acc@3:0.595 | Best krc: 0.819 | Best epoch: 76
[2023-12-18 15:52:22] INFO (nni/MainThread) Intermediate result: 0.8070273482691498  (Index 172)
-----------------ETPA RESULT-------------------
Epoch 86: Validation	rmse: 14.44	mae: 11.32	mape: 71.66%	acc@10: 53.53%	acc@20: 83.9%	acc@30: 95.5%	
[2023-12-18 15:52:22] INFO (nni/MainThread) Intermediate result: 14.442372628450569  (Index 173)
loaded model path: /home/sentanoe/joint_training/data/dataset/food_pd/sort_model/hidden_size-8.gcnru-pd_1702908828.54620981702908828.546225
best model loaded !!!
krc:0.813 | lsd:0.404 | ed:0.872 | hr@1:0.715 | hr@2:0.921 | hr@3:0.95 | acc@1:0.715 | acc@2:0.66 | acc@3:0.614 |

-------------------------------------------------------------
Best epoch for G2R:  76
Best epoch for ETPA:  86
graph2route_pd Evaluation in test: krc:0.813 | lsd:0.404 | ed:0.872 | hr@1:0.715 | hr@2:0.921 | hr@3:0.95 | acc@1:0.715 | acc@2:0.66 | acc@3:0.614 |
RankPETA Evaluation in test: rmse: 11.45	mae: 8.92	mape: 65.42%	acc@10: 63.71%	acc@20: 92.83%	acc@30: 98.31%	
